[2025-02-12T06:24:25.220+0000] {local_task_job_runner.py:123} INFO - ::group::Pre task execution logs
[2025-02-12T06:24:25.259+0000] {taskinstance.py:2613} INFO - Dependencies all met for dep_context=non-requeueable deps ti=<TaskInstance: dag_for_dbt_raw.dbt_curl_command manual__2025-02-12T01:24:14-05:00 [queued]>
[2025-02-12T06:24:25.272+0000] {taskinstance.py:2613} INFO - Dependencies all met for dep_context=requeueable deps ti=<TaskInstance: dag_for_dbt_raw.dbt_curl_command manual__2025-02-12T01:24:14-05:00 [queued]>
[2025-02-12T06:24:25.273+0000] {taskinstance.py:2866} INFO - Starting attempt 1 of 1
[2025-02-12T06:24:25.296+0000] {taskinstance.py:2889} INFO - Executing <Task(BashOperator): dbt_curl_command> on 2025-02-12 06:24:14+00:00
[2025-02-12T06:24:25.315+0000] {warnings.py:112} WARNING - /home/***/.local/lib/python3.12/site-packages/***/task/task_runner/standard_task_runner.py:70: DeprecationWarning: This process (pid=1678) is multi-threaded, use of fork() may lead to deadlocks in the child.
  pid = os.fork()

[2025-02-12T06:24:25.317+0000] {standard_task_runner.py:72} INFO - Started process 1679 to run task
[2025-02-12T06:24:25.318+0000] {standard_task_runner.py:104} INFO - Running: ['***', 'tasks', 'run', 'dag_for_dbt_raw', 'dbt_curl_command', 'manual__2025-02-12T01:24:14-05:00', '--job-id', '176', '--raw', '--subdir', 'DAGS_FOLDER/dbt_raw_dag.py', '--cfg-path', '/tmp/tmp3c24yoz_']
[2025-02-12T06:24:25.320+0000] {standard_task_runner.py:105} INFO - Job 176: Subtask dbt_curl_command
[2025-02-12T06:24:25.376+0000] {task_command.py:467} INFO - Running <TaskInstance: dag_for_dbt_raw.dbt_curl_command manual__2025-02-12T01:24:14-05:00 [running]> on host 91e1ec71f461
[2025-02-12T06:24:25.518+0000] {taskinstance.py:3132} INFO - Exporting env vars: AIRFLOW_CTX_DAG_OWNER='***' AIRFLOW_CTX_DAG_ID='dag_for_dbt_raw' AIRFLOW_CTX_TASK_ID='dbt_curl_command' AIRFLOW_CTX_EXECUTION_DATE='2025-02-12T06:24:14+00:00' AIRFLOW_CTX_TRY_NUMBER='1' AIRFLOW_CTX_DAG_RUN_ID='manual__2025-02-12T01:24:14-05:00'
[2025-02-12T06:24:25.519+0000] {taskinstance.py:731} INFO - ::endgroup::
[2025-02-12T06:24:25.534+0000] {subprocess.py:78} INFO - Tmp dir root location: /tmp
[2025-02-12T06:24:25.537+0000] {subprocess.py:88} INFO - Running command: ['/usr/bin/bash', '-c', '\n  curl -X POST "https://bn544.us1.dbt.com/api/v2/accounts/70471823424708/jobs/70471823425377/run/"     -H "Authorization: Token dbtu_aSKjCT4DBp7NVMX7ZIOj9Meosndn7W8Y2pD3K--X3a-v_pArxA"     -H "Content-Type: application/json"     -d \'{\n        "cause": "Triggered via API",\n        "steps_override": [\n        "dbt run --select raw.sub --vars \\"{\\"year\\": \\"2022\\", \\"qtr\\": \\"1\\"}""\n        ]\n    }\'\n    ']
[2025-02-12T06:24:25.557+0000] {subprocess.py:99} INFO - Output:
[2025-02-12T06:24:25.583+0000] {subprocess.py:106} INFO -   % Total    % Received % Xferd  Average Speed   Time    Time     Time  Current
[2025-02-12T06:24:25.584+0000] {subprocess.py:106} INFO -                                  Dload  Upload   Total   Spent    Left  Speed
[2025-02-12T06:24:26.030+0000] {subprocess.py:106} INFO -   0     0    0     0    0     0      0      0 --:--:-- --:--:-- --:--:--     0100   394  100   229  100   165    510    367 --:--:-- --:--:-- --:--:--   881
[2025-02-12T06:24:26.034+0000] {subprocess.py:106} INFO - {"status":{"code":400,"is_success":false,"user_message":"The request body was not valid JSON.","developer_message":"JSON parse error - Expecting ',' delimiter: line 4 column 81 (char 148)"},"data":{},"extra":{},"error_code":null}
[2025-02-12T06:24:26.035+0000] {subprocess.py:110} INFO - Command exited with return code 0
[2025-02-12T06:24:26.060+0000] {taskinstance.py:340} INFO - ::group::Post task execution logs
[2025-02-12T06:24:26.061+0000] {taskinstance.py:352} INFO - Marking task as SUCCESS. dag_id=dag_for_dbt_raw, task_id=dbt_curl_command, run_id=manual__2025-02-12T01:24:14-05:00, execution_date=20250212T062414, start_date=20250212T062425, end_date=20250212T062426
[2025-02-12T06:24:26.095+0000] {local_task_job_runner.py:266} INFO - Task exited with return code 0
[2025-02-12T06:24:26.110+0000] {taskinstance.py:3895} INFO - 0 downstream tasks scheduled from follow-on schedule check
[2025-02-12T06:24:26.113+0000] {local_task_job_runner.py:245} INFO - ::endgroup::
