[2025-02-08T22:06:08.348+0000] {processor.py:153} INFO - Started process (PID=80) to work on /home/airflow/.local/lib/python3.7/site-packages/airflow/example_dags/example_branch_day_of_week_operator.py
[2025-02-08T22:06:08.364+0000] {processor.py:743} INFO - Processing file /home/airflow/.local/lib/python3.7/site-packages/airflow/example_dags/example_branch_day_of_week_operator.py for tasks to queue
[2025-02-08T22:06:08.367+0000] {logging_mixin.py:137} INFO - [2025-02-08T22:06:08.367+0000] {dagbag.py:538} INFO - Filling up the DagBag from /home/airflow/.local/lib/python3.7/site-packages/airflow/example_dags/example_branch_day_of_week_operator.py
[2025-02-08T22:06:08.498+0000] {processor.py:753} INFO - DAG(s) dict_keys(['example_weekday_branch_operator']) retrieved from /home/airflow/.local/lib/python3.7/site-packages/airflow/example_dags/example_branch_day_of_week_operator.py
[2025-02-08T22:06:08.730+0000] {logging_mixin.py:137} INFO - [2025-02-08T22:06:08.729+0000] {dag.py:2690} INFO - Sync 1 DAGs
[2025-02-08T22:06:08.943+0000] {logging_mixin.py:137} INFO - [2025-02-08T22:06:08.942+0000] {dag.py:3441} INFO - Setting next_dagrun for example_weekday_branch_operator to 2025-02-07T00:00:00+00:00, run_after=2025-02-08T00:00:00+00:00
[2025-02-08T22:06:09.415+0000] {processor.py:175} INFO - Processing /home/airflow/.local/lib/python3.7/site-packages/airflow/example_dags/example_branch_day_of_week_operator.py took 1.099 seconds
[2025-02-08T22:06:40.040+0000] {processor.py:153} INFO - Started process (PID=151) to work on /home/airflow/.local/lib/python3.7/site-packages/airflow/example_dags/example_branch_day_of_week_operator.py
[2025-02-08T22:06:40.041+0000] {processor.py:743} INFO - Processing file /home/airflow/.local/lib/python3.7/site-packages/airflow/example_dags/example_branch_day_of_week_operator.py for tasks to queue
[2025-02-08T22:06:40.042+0000] {logging_mixin.py:137} INFO - [2025-02-08T22:06:40.042+0000] {dagbag.py:538} INFO - Filling up the DagBag from /home/airflow/.local/lib/python3.7/site-packages/airflow/example_dags/example_branch_day_of_week_operator.py
[2025-02-08T22:06:40.057+0000] {processor.py:753} INFO - DAG(s) dict_keys(['example_weekday_branch_operator']) retrieved from /home/airflow/.local/lib/python3.7/site-packages/airflow/example_dags/example_branch_day_of_week_operator.py
[2025-02-08T22:06:40.082+0000] {logging_mixin.py:137} INFO - [2025-02-08T22:06:40.082+0000] {dag.py:2690} INFO - Sync 1 DAGs
[2025-02-08T22:06:40.108+0000] {logging_mixin.py:137} INFO - [2025-02-08T22:06:40.107+0000] {dag.py:3441} INFO - Setting next_dagrun for example_weekday_branch_operator to 2025-02-07T00:00:00+00:00, run_after=2025-02-08T00:00:00+00:00
[2025-02-08T22:06:40.133+0000] {processor.py:175} INFO - Processing /home/airflow/.local/lib/python3.7/site-packages/airflow/example_dags/example_branch_day_of_week_operator.py took 0.096 seconds
[2025-02-08T22:07:10.307+0000] {processor.py:153} INFO - Started process (PID=222) to work on /home/airflow/.local/lib/python3.7/site-packages/airflow/example_dags/example_branch_day_of_week_operator.py
[2025-02-08T22:07:10.308+0000] {processor.py:743} INFO - Processing file /home/airflow/.local/lib/python3.7/site-packages/airflow/example_dags/example_branch_day_of_week_operator.py for tasks to queue
[2025-02-08T22:07:10.309+0000] {logging_mixin.py:137} INFO - [2025-02-08T22:07:10.309+0000] {dagbag.py:538} INFO - Filling up the DagBag from /home/airflow/.local/lib/python3.7/site-packages/airflow/example_dags/example_branch_day_of_week_operator.py
[2025-02-08T22:07:10.329+0000] {processor.py:753} INFO - DAG(s) dict_keys(['example_weekday_branch_operator']) retrieved from /home/airflow/.local/lib/python3.7/site-packages/airflow/example_dags/example_branch_day_of_week_operator.py
[2025-02-08T22:07:10.364+0000] {logging_mixin.py:137} INFO - [2025-02-08T22:07:10.363+0000] {dag.py:2690} INFO - Sync 1 DAGs
[2025-02-08T22:07:10.392+0000] {logging_mixin.py:137} INFO - [2025-02-08T22:07:10.392+0000] {dag.py:3441} INFO - Setting next_dagrun for example_weekday_branch_operator to 2025-02-07T00:00:00+00:00, run_after=2025-02-08T00:00:00+00:00
[2025-02-08T22:07:10.417+0000] {processor.py:175} INFO - Processing /home/airflow/.local/lib/python3.7/site-packages/airflow/example_dags/example_branch_day_of_week_operator.py took 0.114 seconds
[2025-02-08T22:07:41.148+0000] {processor.py:153} INFO - Started process (PID=309) to work on /home/airflow/.local/lib/python3.7/site-packages/airflow/example_dags/example_branch_day_of_week_operator.py
[2025-02-08T22:07:41.149+0000] {processor.py:743} INFO - Processing file /home/airflow/.local/lib/python3.7/site-packages/airflow/example_dags/example_branch_day_of_week_operator.py for tasks to queue
[2025-02-08T22:07:41.149+0000] {logging_mixin.py:137} INFO - [2025-02-08T22:07:41.149+0000] {dagbag.py:538} INFO - Filling up the DagBag from /home/airflow/.local/lib/python3.7/site-packages/airflow/example_dags/example_branch_day_of_week_operator.py
[2025-02-08T22:07:41.163+0000] {processor.py:753} INFO - DAG(s) dict_keys(['example_weekday_branch_operator']) retrieved from /home/airflow/.local/lib/python3.7/site-packages/airflow/example_dags/example_branch_day_of_week_operator.py
[2025-02-08T22:07:41.186+0000] {logging_mixin.py:137} INFO - [2025-02-08T22:07:41.186+0000] {dag.py:2690} INFO - Sync 1 DAGs
[2025-02-08T22:07:41.208+0000] {logging_mixin.py:137} INFO - [2025-02-08T22:07:41.208+0000] {dag.py:3441} INFO - Setting next_dagrun for example_weekday_branch_operator to 2025-02-07T00:00:00+00:00, run_after=2025-02-08T00:00:00+00:00
[2025-02-08T22:07:41.230+0000] {processor.py:175} INFO - Processing /home/airflow/.local/lib/python3.7/site-packages/airflow/example_dags/example_branch_day_of_week_operator.py took 0.085 seconds
[2025-02-08T22:08:11.565+0000] {processor.py:153} INFO - Started process (PID=380) to work on /home/airflow/.local/lib/python3.7/site-packages/airflow/example_dags/example_branch_day_of_week_operator.py
[2025-02-08T22:08:11.566+0000] {processor.py:743} INFO - Processing file /home/airflow/.local/lib/python3.7/site-packages/airflow/example_dags/example_branch_day_of_week_operator.py for tasks to queue
[2025-02-08T22:08:11.567+0000] {logging_mixin.py:137} INFO - [2025-02-08T22:08:11.567+0000] {dagbag.py:538} INFO - Filling up the DagBag from /home/airflow/.local/lib/python3.7/site-packages/airflow/example_dags/example_branch_day_of_week_operator.py
[2025-02-08T22:08:11.582+0000] {processor.py:753} INFO - DAG(s) dict_keys(['example_weekday_branch_operator']) retrieved from /home/airflow/.local/lib/python3.7/site-packages/airflow/example_dags/example_branch_day_of_week_operator.py
[2025-02-08T22:08:11.608+0000] {logging_mixin.py:137} INFO - [2025-02-08T22:08:11.607+0000] {dag.py:2690} INFO - Sync 1 DAGs
[2025-02-08T22:08:11.630+0000] {logging_mixin.py:137} INFO - [2025-02-08T22:08:11.630+0000] {dag.py:3441} INFO - Setting next_dagrun for example_weekday_branch_operator to 2025-02-07T00:00:00+00:00, run_after=2025-02-08T00:00:00+00:00
[2025-02-08T22:08:11.654+0000] {processor.py:175} INFO - Processing /home/airflow/.local/lib/python3.7/site-packages/airflow/example_dags/example_branch_day_of_week_operator.py took 0.093 seconds
[2025-02-08T22:08:41.811+0000] {processor.py:153} INFO - Started process (PID=451) to work on /home/airflow/.local/lib/python3.7/site-packages/airflow/example_dags/example_branch_day_of_week_operator.py
[2025-02-08T22:08:41.813+0000] {processor.py:743} INFO - Processing file /home/airflow/.local/lib/python3.7/site-packages/airflow/example_dags/example_branch_day_of_week_operator.py for tasks to queue
[2025-02-08T22:08:41.814+0000] {logging_mixin.py:137} INFO - [2025-02-08T22:08:41.814+0000] {dagbag.py:538} INFO - Filling up the DagBag from /home/airflow/.local/lib/python3.7/site-packages/airflow/example_dags/example_branch_day_of_week_operator.py
[2025-02-08T22:08:41.844+0000] {processor.py:753} INFO - DAG(s) dict_keys(['example_weekday_branch_operator']) retrieved from /home/airflow/.local/lib/python3.7/site-packages/airflow/example_dags/example_branch_day_of_week_operator.py
[2025-02-08T22:08:41.879+0000] {logging_mixin.py:137} INFO - [2025-02-08T22:08:41.879+0000] {dag.py:2690} INFO - Sync 1 DAGs
[2025-02-08T22:08:41.917+0000] {logging_mixin.py:137} INFO - [2025-02-08T22:08:41.917+0000] {dag.py:3441} INFO - Setting next_dagrun for example_weekday_branch_operator to 2025-02-07T00:00:00+00:00, run_after=2025-02-08T00:00:00+00:00
[2025-02-08T22:08:41.947+0000] {processor.py:175} INFO - Processing /home/airflow/.local/lib/python3.7/site-packages/airflow/example_dags/example_branch_day_of_week_operator.py took 0.141 seconds
[2025-02-08T22:09:12.021+0000] {processor.py:153} INFO - Started process (PID=538) to work on /home/airflow/.local/lib/python3.7/site-packages/airflow/example_dags/example_branch_day_of_week_operator.py
[2025-02-08T22:09:12.021+0000] {processor.py:743} INFO - Processing file /home/airflow/.local/lib/python3.7/site-packages/airflow/example_dags/example_branch_day_of_week_operator.py for tasks to queue
[2025-02-08T22:09:12.022+0000] {logging_mixin.py:137} INFO - [2025-02-08T22:09:12.022+0000] {dagbag.py:538} INFO - Filling up the DagBag from /home/airflow/.local/lib/python3.7/site-packages/airflow/example_dags/example_branch_day_of_week_operator.py
[2025-02-08T22:09:12.038+0000] {processor.py:753} INFO - DAG(s) dict_keys(['example_weekday_branch_operator']) retrieved from /home/airflow/.local/lib/python3.7/site-packages/airflow/example_dags/example_branch_day_of_week_operator.py
[2025-02-08T22:09:12.065+0000] {logging_mixin.py:137} INFO - [2025-02-08T22:09:12.065+0000] {dag.py:2690} INFO - Sync 1 DAGs
[2025-02-08T22:09:12.097+0000] {logging_mixin.py:137} INFO - [2025-02-08T22:09:12.096+0000] {dag.py:3441} INFO - Setting next_dagrun for example_weekday_branch_operator to 2025-02-07T00:00:00+00:00, run_after=2025-02-08T00:00:00+00:00
[2025-02-08T22:09:12.123+0000] {processor.py:175} INFO - Processing /home/airflow/.local/lib/python3.7/site-packages/airflow/example_dags/example_branch_day_of_week_operator.py took 0.105 seconds
[2025-02-08T22:09:43.713+0000] {processor.py:153} INFO - Started process (PID=609) to work on /home/airflow/.local/lib/python3.7/site-packages/airflow/example_dags/example_branch_day_of_week_operator.py
[2025-02-08T22:09:43.715+0000] {processor.py:743} INFO - Processing file /home/airflow/.local/lib/python3.7/site-packages/airflow/example_dags/example_branch_day_of_week_operator.py for tasks to queue
[2025-02-08T22:09:43.716+0000] {logging_mixin.py:137} INFO - [2025-02-08T22:09:43.716+0000] {dagbag.py:538} INFO - Filling up the DagBag from /home/airflow/.local/lib/python3.7/site-packages/airflow/example_dags/example_branch_day_of_week_operator.py
[2025-02-08T22:09:43.735+0000] {processor.py:753} INFO - DAG(s) dict_keys(['example_weekday_branch_operator']) retrieved from /home/airflow/.local/lib/python3.7/site-packages/airflow/example_dags/example_branch_day_of_week_operator.py
[2025-02-08T22:09:43.774+0000] {logging_mixin.py:137} INFO - [2025-02-08T22:09:43.774+0000] {dag.py:2690} INFO - Sync 1 DAGs
[2025-02-08T22:09:43.816+0000] {logging_mixin.py:137} INFO - [2025-02-08T22:09:43.816+0000] {dag.py:3441} INFO - Setting next_dagrun for example_weekday_branch_operator to 2025-02-07T00:00:00+00:00, run_after=2025-02-08T00:00:00+00:00
[2025-02-08T22:09:43.849+0000] {processor.py:175} INFO - Processing /home/airflow/.local/lib/python3.7/site-packages/airflow/example_dags/example_branch_day_of_week_operator.py took 0.140 seconds
[2025-02-08T22:10:15.195+0000] {processor.py:153} INFO - Started process (PID=696) to work on /home/airflow/.local/lib/python3.7/site-packages/airflow/example_dags/example_branch_day_of_week_operator.py
[2025-02-08T22:10:15.197+0000] {processor.py:743} INFO - Processing file /home/airflow/.local/lib/python3.7/site-packages/airflow/example_dags/example_branch_day_of_week_operator.py for tasks to queue
[2025-02-08T22:10:15.200+0000] {logging_mixin.py:137} INFO - [2025-02-08T22:10:15.199+0000] {dagbag.py:538} INFO - Filling up the DagBag from /home/airflow/.local/lib/python3.7/site-packages/airflow/example_dags/example_branch_day_of_week_operator.py
[2025-02-08T22:10:15.242+0000] {processor.py:753} INFO - DAG(s) dict_keys(['example_weekday_branch_operator']) retrieved from /home/airflow/.local/lib/python3.7/site-packages/airflow/example_dags/example_branch_day_of_week_operator.py
[2025-02-08T22:10:15.321+0000] {logging_mixin.py:137} INFO - [2025-02-08T22:10:15.321+0000] {dag.py:2690} INFO - Sync 1 DAGs
[2025-02-08T22:10:15.375+0000] {logging_mixin.py:137} INFO - [2025-02-08T22:10:15.375+0000] {dag.py:3441} INFO - Setting next_dagrun for example_weekday_branch_operator to 2025-02-07T00:00:00+00:00, run_after=2025-02-08T00:00:00+00:00
[2025-02-08T22:10:15.414+0000] {processor.py:175} INFO - Processing /home/airflow/.local/lib/python3.7/site-packages/airflow/example_dags/example_branch_day_of_week_operator.py took 0.228 seconds
[2025-02-08T22:10:45.883+0000] {processor.py:153} INFO - Started process (PID=767) to work on /home/airflow/.local/lib/python3.7/site-packages/airflow/example_dags/example_branch_day_of_week_operator.py
[2025-02-08T22:10:45.885+0000] {processor.py:743} INFO - Processing file /home/airflow/.local/lib/python3.7/site-packages/airflow/example_dags/example_branch_day_of_week_operator.py for tasks to queue
[2025-02-08T22:10:45.885+0000] {logging_mixin.py:137} INFO - [2025-02-08T22:10:45.885+0000] {dagbag.py:538} INFO - Filling up the DagBag from /home/airflow/.local/lib/python3.7/site-packages/airflow/example_dags/example_branch_day_of_week_operator.py
[2025-02-08T22:10:45.901+0000] {processor.py:753} INFO - DAG(s) dict_keys(['example_weekday_branch_operator']) retrieved from /home/airflow/.local/lib/python3.7/site-packages/airflow/example_dags/example_branch_day_of_week_operator.py
[2025-02-08T22:10:45.927+0000] {logging_mixin.py:137} INFO - [2025-02-08T22:10:45.927+0000] {dag.py:2690} INFO - Sync 1 DAGs
[2025-02-08T22:10:45.952+0000] {logging_mixin.py:137} INFO - [2025-02-08T22:10:45.952+0000] {dag.py:3441} INFO - Setting next_dagrun for example_weekday_branch_operator to 2025-02-07T00:00:00+00:00, run_after=2025-02-08T00:00:00+00:00
[2025-02-08T22:10:45.976+0000] {processor.py:175} INFO - Processing /home/airflow/.local/lib/python3.7/site-packages/airflow/example_dags/example_branch_day_of_week_operator.py took 0.097 seconds
[2025-02-08T22:11:22.173+0000] {processor.py:153} INFO - Started process (PID=854) to work on /home/airflow/.local/lib/python3.7/site-packages/airflow/example_dags/example_branch_day_of_week_operator.py
[2025-02-08T22:11:22.175+0000] {processor.py:743} INFO - Processing file /home/airflow/.local/lib/python3.7/site-packages/airflow/example_dags/example_branch_day_of_week_operator.py for tasks to queue
[2025-02-08T22:11:22.177+0000] {logging_mixin.py:137} INFO - [2025-02-08T22:11:22.177+0000] {dagbag.py:538} INFO - Filling up the DagBag from /home/airflow/.local/lib/python3.7/site-packages/airflow/example_dags/example_branch_day_of_week_operator.py
[2025-02-08T22:11:22.227+0000] {processor.py:753} INFO - DAG(s) dict_keys(['example_weekday_branch_operator']) retrieved from /home/airflow/.local/lib/python3.7/site-packages/airflow/example_dags/example_branch_day_of_week_operator.py
[2025-02-08T22:11:22.303+0000] {logging_mixin.py:137} INFO - [2025-02-08T22:11:22.302+0000] {dag.py:2690} INFO - Sync 1 DAGs
[2025-02-08T22:11:22.364+0000] {logging_mixin.py:137} INFO - [2025-02-08T22:11:22.364+0000] {dag.py:3441} INFO - Setting next_dagrun for example_weekday_branch_operator to 2025-02-07T00:00:00+00:00, run_after=2025-02-08T00:00:00+00:00
[2025-02-08T22:11:22.443+0000] {processor.py:175} INFO - Processing /home/airflow/.local/lib/python3.7/site-packages/airflow/example_dags/example_branch_day_of_week_operator.py took 0.279 seconds
[2025-02-08T22:11:52.934+0000] {processor.py:153} INFO - Started process (PID=941) to work on /home/airflow/.local/lib/python3.7/site-packages/airflow/example_dags/example_branch_day_of_week_operator.py
[2025-02-08T22:11:52.936+0000] {processor.py:743} INFO - Processing file /home/airflow/.local/lib/python3.7/site-packages/airflow/example_dags/example_branch_day_of_week_operator.py for tasks to queue
[2025-02-08T22:11:52.937+0000] {logging_mixin.py:137} INFO - [2025-02-08T22:11:52.936+0000] {dagbag.py:538} INFO - Filling up the DagBag from /home/airflow/.local/lib/python3.7/site-packages/airflow/example_dags/example_branch_day_of_week_operator.py
[2025-02-08T22:11:52.957+0000] {processor.py:753} INFO - DAG(s) dict_keys(['example_weekday_branch_operator']) retrieved from /home/airflow/.local/lib/python3.7/site-packages/airflow/example_dags/example_branch_day_of_week_operator.py
[2025-02-08T22:11:53.005+0000] {logging_mixin.py:137} INFO - [2025-02-08T22:11:53.005+0000] {dag.py:2690} INFO - Sync 1 DAGs
[2025-02-08T22:11:53.048+0000] {logging_mixin.py:137} INFO - [2025-02-08T22:11:53.048+0000] {dag.py:3441} INFO - Setting next_dagrun for example_weekday_branch_operator to 2025-02-07T00:00:00+00:00, run_after=2025-02-08T00:00:00+00:00
[2025-02-08T22:11:53.084+0000] {processor.py:175} INFO - Processing /home/airflow/.local/lib/python3.7/site-packages/airflow/example_dags/example_branch_day_of_week_operator.py took 0.155 seconds
[2025-02-08T22:12:23.438+0000] {processor.py:153} INFO - Started process (PID=1013) to work on /home/airflow/.local/lib/python3.7/site-packages/airflow/example_dags/example_branch_day_of_week_operator.py
[2025-02-08T22:12:23.439+0000] {processor.py:743} INFO - Processing file /home/airflow/.local/lib/python3.7/site-packages/airflow/example_dags/example_branch_day_of_week_operator.py for tasks to queue
[2025-02-08T22:12:23.441+0000] {logging_mixin.py:137} INFO - [2025-02-08T22:12:23.441+0000] {dagbag.py:538} INFO - Filling up the DagBag from /home/airflow/.local/lib/python3.7/site-packages/airflow/example_dags/example_branch_day_of_week_operator.py
[2025-02-08T22:12:23.472+0000] {processor.py:753} INFO - DAG(s) dict_keys(['example_weekday_branch_operator']) retrieved from /home/airflow/.local/lib/python3.7/site-packages/airflow/example_dags/example_branch_day_of_week_operator.py
[2025-02-08T22:12:23.512+0000] {logging_mixin.py:137} INFO - [2025-02-08T22:12:23.511+0000] {dag.py:2690} INFO - Sync 1 DAGs
[2025-02-08T22:12:23.548+0000] {logging_mixin.py:137} INFO - [2025-02-08T22:12:23.548+0000] {dag.py:3441} INFO - Setting next_dagrun for example_weekday_branch_operator to 2025-02-07T00:00:00+00:00, run_after=2025-02-08T00:00:00+00:00
[2025-02-08T22:12:23.577+0000] {processor.py:175} INFO - Processing /home/airflow/.local/lib/python3.7/site-packages/airflow/example_dags/example_branch_day_of_week_operator.py took 0.145 seconds
[2025-02-08T22:12:53.961+0000] {processor.py:153} INFO - Started process (PID=1100) to work on /home/airflow/.local/lib/python3.7/site-packages/airflow/example_dags/example_branch_day_of_week_operator.py
[2025-02-08T22:12:53.962+0000] {processor.py:743} INFO - Processing file /home/airflow/.local/lib/python3.7/site-packages/airflow/example_dags/example_branch_day_of_week_operator.py for tasks to queue
[2025-02-08T22:12:53.963+0000] {logging_mixin.py:137} INFO - [2025-02-08T22:12:53.963+0000] {dagbag.py:538} INFO - Filling up the DagBag from /home/airflow/.local/lib/python3.7/site-packages/airflow/example_dags/example_branch_day_of_week_operator.py
[2025-02-08T22:12:53.983+0000] {processor.py:753} INFO - DAG(s) dict_keys(['example_weekday_branch_operator']) retrieved from /home/airflow/.local/lib/python3.7/site-packages/airflow/example_dags/example_branch_day_of_week_operator.py
[2025-02-08T22:12:54.020+0000] {logging_mixin.py:137} INFO - [2025-02-08T22:12:54.020+0000] {dag.py:2690} INFO - Sync 1 DAGs
[2025-02-08T22:12:54.069+0000] {logging_mixin.py:137} INFO - [2025-02-08T22:12:54.068+0000] {dag.py:3441} INFO - Setting next_dagrun for example_weekday_branch_operator to 2025-02-07T00:00:00+00:00, run_after=2025-02-08T00:00:00+00:00
[2025-02-08T22:12:54.098+0000] {processor.py:175} INFO - Processing /home/airflow/.local/lib/python3.7/site-packages/airflow/example_dags/example_branch_day_of_week_operator.py took 0.141 seconds
[2025-02-08T22:13:24.255+0000] {processor.py:153} INFO - Started process (PID=1171) to work on /home/airflow/.local/lib/python3.7/site-packages/airflow/example_dags/example_branch_day_of_week_operator.py
[2025-02-08T22:13:24.256+0000] {processor.py:743} INFO - Processing file /home/airflow/.local/lib/python3.7/site-packages/airflow/example_dags/example_branch_day_of_week_operator.py for tasks to queue
[2025-02-08T22:13:24.258+0000] {logging_mixin.py:137} INFO - [2025-02-08T22:13:24.257+0000] {dagbag.py:538} INFO - Filling up the DagBag from /home/airflow/.local/lib/python3.7/site-packages/airflow/example_dags/example_branch_day_of_week_operator.py
[2025-02-08T22:13:24.279+0000] {processor.py:753} INFO - DAG(s) dict_keys(['example_weekday_branch_operator']) retrieved from /home/airflow/.local/lib/python3.7/site-packages/airflow/example_dags/example_branch_day_of_week_operator.py
[2025-02-08T22:13:24.317+0000] {logging_mixin.py:137} INFO - [2025-02-08T22:13:24.317+0000] {dag.py:2690} INFO - Sync 1 DAGs
[2025-02-08T22:13:24.368+0000] {logging_mixin.py:137} INFO - [2025-02-08T22:13:24.367+0000] {dag.py:3441} INFO - Setting next_dagrun for example_weekday_branch_operator to 2025-02-07T00:00:00+00:00, run_after=2025-02-08T00:00:00+00:00
[2025-02-08T22:13:24.402+0000] {processor.py:175} INFO - Processing /home/airflow/.local/lib/python3.7/site-packages/airflow/example_dags/example_branch_day_of_week_operator.py took 0.151 seconds
[2025-02-08T22:13:55.231+0000] {processor.py:153} INFO - Started process (PID=1258) to work on /home/airflow/.local/lib/python3.7/site-packages/airflow/example_dags/example_branch_day_of_week_operator.py
[2025-02-08T22:13:55.232+0000] {processor.py:743} INFO - Processing file /home/airflow/.local/lib/python3.7/site-packages/airflow/example_dags/example_branch_day_of_week_operator.py for tasks to queue
[2025-02-08T22:13:55.233+0000] {logging_mixin.py:137} INFO - [2025-02-08T22:13:55.233+0000] {dagbag.py:538} INFO - Filling up the DagBag from /home/airflow/.local/lib/python3.7/site-packages/airflow/example_dags/example_branch_day_of_week_operator.py
[2025-02-08T22:13:55.253+0000] {processor.py:753} INFO - DAG(s) dict_keys(['example_weekday_branch_operator']) retrieved from /home/airflow/.local/lib/python3.7/site-packages/airflow/example_dags/example_branch_day_of_week_operator.py
[2025-02-08T22:13:55.286+0000] {logging_mixin.py:137} INFO - [2025-02-08T22:13:55.286+0000] {dag.py:2690} INFO - Sync 1 DAGs
[2025-02-08T22:13:55.321+0000] {logging_mixin.py:137} INFO - [2025-02-08T22:13:55.321+0000] {dag.py:3441} INFO - Setting next_dagrun for example_weekday_branch_operator to 2025-02-07T00:00:00+00:00, run_after=2025-02-08T00:00:00+00:00
[2025-02-08T22:13:55.349+0000] {processor.py:175} INFO - Processing /home/airflow/.local/lib/python3.7/site-packages/airflow/example_dags/example_branch_day_of_week_operator.py took 0.123 seconds
[2025-02-08T22:14:28.386+0000] {processor.py:153} INFO - Started process (PID=1329) to work on /home/airflow/.local/lib/python3.7/site-packages/airflow/example_dags/example_branch_day_of_week_operator.py
[2025-02-08T22:14:28.388+0000] {processor.py:743} INFO - Processing file /home/airflow/.local/lib/python3.7/site-packages/airflow/example_dags/example_branch_day_of_week_operator.py for tasks to queue
[2025-02-08T22:14:28.391+0000] {logging_mixin.py:137} INFO - [2025-02-08T22:14:28.390+0000] {dagbag.py:538} INFO - Filling up the DagBag from /home/airflow/.local/lib/python3.7/site-packages/airflow/example_dags/example_branch_day_of_week_operator.py
[2025-02-08T22:14:28.428+0000] {processor.py:753} INFO - DAG(s) dict_keys(['example_weekday_branch_operator']) retrieved from /home/airflow/.local/lib/python3.7/site-packages/airflow/example_dags/example_branch_day_of_week_operator.py
[2025-02-08T22:14:28.497+0000] {logging_mixin.py:137} INFO - [2025-02-08T22:14:28.497+0000] {dag.py:2690} INFO - Sync 1 DAGs
[2025-02-08T22:14:28.569+0000] {logging_mixin.py:137} INFO - [2025-02-08T22:14:28.568+0000] {dag.py:3441} INFO - Setting next_dagrun for example_weekday_branch_operator to 2025-02-07T00:00:00+00:00, run_after=2025-02-08T00:00:00+00:00
[2025-02-08T22:14:28.612+0000] {processor.py:175} INFO - Processing /home/airflow/.local/lib/python3.7/site-packages/airflow/example_dags/example_branch_day_of_week_operator.py took 0.233 seconds
[2025-02-08T22:14:59.141+0000] {processor.py:153} INFO - Started process (PID=1400) to work on /home/airflow/.local/lib/python3.7/site-packages/airflow/example_dags/example_branch_day_of_week_operator.py
[2025-02-08T22:14:59.143+0000] {processor.py:743} INFO - Processing file /home/airflow/.local/lib/python3.7/site-packages/airflow/example_dags/example_branch_day_of_week_operator.py for tasks to queue
[2025-02-08T22:14:59.143+0000] {logging_mixin.py:137} INFO - [2025-02-08T22:14:59.143+0000] {dagbag.py:538} INFO - Filling up the DagBag from /home/airflow/.local/lib/python3.7/site-packages/airflow/example_dags/example_branch_day_of_week_operator.py
[2025-02-08T22:14:59.161+0000] {processor.py:753} INFO - DAG(s) dict_keys(['example_weekday_branch_operator']) retrieved from /home/airflow/.local/lib/python3.7/site-packages/airflow/example_dags/example_branch_day_of_week_operator.py
[2025-02-08T22:14:59.187+0000] {logging_mixin.py:137} INFO - [2025-02-08T22:14:59.186+0000] {dag.py:2690} INFO - Sync 1 DAGs
[2025-02-08T22:14:59.210+0000] {logging_mixin.py:137} INFO - [2025-02-08T22:14:59.210+0000] {dag.py:3441} INFO - Setting next_dagrun for example_weekday_branch_operator to 2025-02-07T00:00:00+00:00, run_after=2025-02-08T00:00:00+00:00
[2025-02-08T22:14:59.235+0000] {processor.py:175} INFO - Processing /home/airflow/.local/lib/python3.7/site-packages/airflow/example_dags/example_branch_day_of_week_operator.py took 0.097 seconds
[2025-02-08T22:15:29.366+0000] {processor.py:153} INFO - Started process (PID=1487) to work on /home/airflow/.local/lib/python3.7/site-packages/airflow/example_dags/example_branch_day_of_week_operator.py
[2025-02-08T22:15:29.367+0000] {processor.py:743} INFO - Processing file /home/airflow/.local/lib/python3.7/site-packages/airflow/example_dags/example_branch_day_of_week_operator.py for tasks to queue
[2025-02-08T22:15:29.368+0000] {logging_mixin.py:137} INFO - [2025-02-08T22:15:29.368+0000] {dagbag.py:538} INFO - Filling up the DagBag from /home/airflow/.local/lib/python3.7/site-packages/airflow/example_dags/example_branch_day_of_week_operator.py
[2025-02-08T22:15:29.383+0000] {processor.py:753} INFO - DAG(s) dict_keys(['example_weekday_branch_operator']) retrieved from /home/airflow/.local/lib/python3.7/site-packages/airflow/example_dags/example_branch_day_of_week_operator.py
[2025-02-08T22:15:29.415+0000] {logging_mixin.py:137} INFO - [2025-02-08T22:15:29.415+0000] {dag.py:2690} INFO - Sync 1 DAGs
[2025-02-08T22:15:29.445+0000] {logging_mixin.py:137} INFO - [2025-02-08T22:15:29.445+0000] {dag.py:3441} INFO - Setting next_dagrun for example_weekday_branch_operator to 2025-02-07T00:00:00+00:00, run_after=2025-02-08T00:00:00+00:00
[2025-02-08T22:15:29.469+0000] {processor.py:175} INFO - Processing /home/airflow/.local/lib/python3.7/site-packages/airflow/example_dags/example_branch_day_of_week_operator.py took 0.106 seconds
[2025-02-08T22:16:00.118+0000] {processor.py:153} INFO - Started process (PID=1558) to work on /home/airflow/.local/lib/python3.7/site-packages/airflow/example_dags/example_branch_day_of_week_operator.py
[2025-02-08T22:16:00.119+0000] {processor.py:743} INFO - Processing file /home/airflow/.local/lib/python3.7/site-packages/airflow/example_dags/example_branch_day_of_week_operator.py for tasks to queue
[2025-02-08T22:16:00.121+0000] {logging_mixin.py:137} INFO - [2025-02-08T22:16:00.120+0000] {dagbag.py:538} INFO - Filling up the DagBag from /home/airflow/.local/lib/python3.7/site-packages/airflow/example_dags/example_branch_day_of_week_operator.py
[2025-02-08T22:16:00.143+0000] {processor.py:753} INFO - DAG(s) dict_keys(['example_weekday_branch_operator']) retrieved from /home/airflow/.local/lib/python3.7/site-packages/airflow/example_dags/example_branch_day_of_week_operator.py
[2025-02-08T22:16:00.189+0000] {logging_mixin.py:137} INFO - [2025-02-08T22:16:00.188+0000] {dag.py:2690} INFO - Sync 1 DAGs
[2025-02-08T22:16:00.230+0000] {logging_mixin.py:137} INFO - [2025-02-08T22:16:00.229+0000] {dag.py:3441} INFO - Setting next_dagrun for example_weekday_branch_operator to 2025-02-07T00:00:00+00:00, run_after=2025-02-08T00:00:00+00:00
[2025-02-08T22:16:00.258+0000] {processor.py:175} INFO - Processing /home/airflow/.local/lib/python3.7/site-packages/airflow/example_dags/example_branch_day_of_week_operator.py took 0.145 seconds
[2025-02-08T22:16:31.092+0000] {processor.py:153} INFO - Started process (PID=1645) to work on /home/airflow/.local/lib/python3.7/site-packages/airflow/example_dags/example_branch_day_of_week_operator.py
[2025-02-08T22:16:31.098+0000] {processor.py:743} INFO - Processing file /home/airflow/.local/lib/python3.7/site-packages/airflow/example_dags/example_branch_day_of_week_operator.py for tasks to queue
[2025-02-08T22:16:31.100+0000] {logging_mixin.py:137} INFO - [2025-02-08T22:16:31.099+0000] {dagbag.py:538} INFO - Filling up the DagBag from /home/airflow/.local/lib/python3.7/site-packages/airflow/example_dags/example_branch_day_of_week_operator.py
[2025-02-08T22:16:31.123+0000] {processor.py:753} INFO - DAG(s) dict_keys(['example_weekday_branch_operator']) retrieved from /home/airflow/.local/lib/python3.7/site-packages/airflow/example_dags/example_branch_day_of_week_operator.py
[2025-02-08T22:16:31.171+0000] {logging_mixin.py:137} INFO - [2025-02-08T22:16:31.170+0000] {dag.py:2690} INFO - Sync 1 DAGs
[2025-02-08T22:16:31.222+0000] {logging_mixin.py:137} INFO - [2025-02-08T22:16:31.222+0000] {dag.py:3441} INFO - Setting next_dagrun for example_weekday_branch_operator to 2025-02-07T00:00:00+00:00, run_after=2025-02-08T00:00:00+00:00
[2025-02-08T22:16:31.252+0000] {processor.py:175} INFO - Processing /home/airflow/.local/lib/python3.7/site-packages/airflow/example_dags/example_branch_day_of_week_operator.py took 0.164 seconds
[2025-02-08T22:17:01.431+0000] {processor.py:153} INFO - Started process (PID=1716) to work on /home/airflow/.local/lib/python3.7/site-packages/airflow/example_dags/example_branch_day_of_week_operator.py
[2025-02-08T22:17:01.432+0000] {processor.py:743} INFO - Processing file /home/airflow/.local/lib/python3.7/site-packages/airflow/example_dags/example_branch_day_of_week_operator.py for tasks to queue
[2025-02-08T22:17:01.433+0000] {logging_mixin.py:137} INFO - [2025-02-08T22:17:01.433+0000] {dagbag.py:538} INFO - Filling up the DagBag from /home/airflow/.local/lib/python3.7/site-packages/airflow/example_dags/example_branch_day_of_week_operator.py
[2025-02-08T22:17:01.449+0000] {processor.py:753} INFO - DAG(s) dict_keys(['example_weekday_branch_operator']) retrieved from /home/airflow/.local/lib/python3.7/site-packages/airflow/example_dags/example_branch_day_of_week_operator.py
[2025-02-08T22:17:01.476+0000] {logging_mixin.py:137} INFO - [2025-02-08T22:17:01.476+0000] {dag.py:2690} INFO - Sync 1 DAGs
[2025-02-08T22:17:01.506+0000] {logging_mixin.py:137} INFO - [2025-02-08T22:17:01.505+0000] {dag.py:3441} INFO - Setting next_dagrun for example_weekday_branch_operator to 2025-02-07T00:00:00+00:00, run_after=2025-02-08T00:00:00+00:00
[2025-02-08T22:17:01.532+0000] {processor.py:175} INFO - Processing /home/airflow/.local/lib/python3.7/site-packages/airflow/example_dags/example_branch_day_of_week_operator.py took 0.104 seconds
[2025-02-08T22:17:32.225+0000] {processor.py:153} INFO - Started process (PID=1796) to work on /home/airflow/.local/lib/python3.7/site-packages/airflow/example_dags/example_branch_day_of_week_operator.py
[2025-02-08T22:17:32.226+0000] {processor.py:743} INFO - Processing file /home/airflow/.local/lib/python3.7/site-packages/airflow/example_dags/example_branch_day_of_week_operator.py for tasks to queue
[2025-02-08T22:17:32.227+0000] {logging_mixin.py:137} INFO - [2025-02-08T22:17:32.227+0000] {dagbag.py:538} INFO - Filling up the DagBag from /home/airflow/.local/lib/python3.7/site-packages/airflow/example_dags/example_branch_day_of_week_operator.py
[2025-02-08T22:17:32.246+0000] {processor.py:753} INFO - DAG(s) dict_keys(['example_weekday_branch_operator']) retrieved from /home/airflow/.local/lib/python3.7/site-packages/airflow/example_dags/example_branch_day_of_week_operator.py
[2025-02-08T22:17:32.280+0000] {logging_mixin.py:137} INFO - [2025-02-08T22:17:32.279+0000] {dag.py:2690} INFO - Sync 1 DAGs
[2025-02-08T22:17:32.326+0000] {logging_mixin.py:137} INFO - [2025-02-08T22:17:32.326+0000] {dag.py:3441} INFO - Setting next_dagrun for example_weekday_branch_operator to 2025-02-07T00:00:00+00:00, run_after=2025-02-08T00:00:00+00:00
[2025-02-08T22:17:32.368+0000] {processor.py:175} INFO - Processing /home/airflow/.local/lib/python3.7/site-packages/airflow/example_dags/example_branch_day_of_week_operator.py took 0.146 seconds
[2025-02-08T22:18:02.552+0000] {processor.py:153} INFO - Started process (PID=1874) to work on /home/airflow/.local/lib/python3.7/site-packages/airflow/example_dags/example_branch_day_of_week_operator.py
[2025-02-08T22:18:02.553+0000] {processor.py:743} INFO - Processing file /home/airflow/.local/lib/python3.7/site-packages/airflow/example_dags/example_branch_day_of_week_operator.py for tasks to queue
[2025-02-08T22:18:02.553+0000] {logging_mixin.py:137} INFO - [2025-02-08T22:18:02.553+0000] {dagbag.py:538} INFO - Filling up the DagBag from /home/airflow/.local/lib/python3.7/site-packages/airflow/example_dags/example_branch_day_of_week_operator.py
[2025-02-08T22:18:02.568+0000] {processor.py:753} INFO - DAG(s) dict_keys(['example_weekday_branch_operator']) retrieved from /home/airflow/.local/lib/python3.7/site-packages/airflow/example_dags/example_branch_day_of_week_operator.py
[2025-02-08T22:18:02.594+0000] {logging_mixin.py:137} INFO - [2025-02-08T22:18:02.594+0000] {dag.py:2690} INFO - Sync 1 DAGs
[2025-02-08T22:18:02.620+0000] {logging_mixin.py:137} INFO - [2025-02-08T22:18:02.620+0000] {dag.py:3441} INFO - Setting next_dagrun for example_weekday_branch_operator to 2025-02-07T00:00:00+00:00, run_after=2025-02-08T00:00:00+00:00
[2025-02-08T22:18:02.644+0000] {processor.py:175} INFO - Processing /home/airflow/.local/lib/python3.7/site-packages/airflow/example_dags/example_branch_day_of_week_operator.py took 0.095 seconds
[2025-02-08T22:18:33.363+0000] {processor.py:153} INFO - Started process (PID=1945) to work on /home/airflow/.local/lib/python3.7/site-packages/airflow/example_dags/example_branch_day_of_week_operator.py
[2025-02-08T22:18:33.364+0000] {processor.py:743} INFO - Processing file /home/airflow/.local/lib/python3.7/site-packages/airflow/example_dags/example_branch_day_of_week_operator.py for tasks to queue
[2025-02-08T22:18:33.365+0000] {logging_mixin.py:137} INFO - [2025-02-08T22:18:33.365+0000] {dagbag.py:538} INFO - Filling up the DagBag from /home/airflow/.local/lib/python3.7/site-packages/airflow/example_dags/example_branch_day_of_week_operator.py
[2025-02-08T22:18:33.380+0000] {processor.py:753} INFO - DAG(s) dict_keys(['example_weekday_branch_operator']) retrieved from /home/airflow/.local/lib/python3.7/site-packages/airflow/example_dags/example_branch_day_of_week_operator.py
[2025-02-08T22:18:33.406+0000] {logging_mixin.py:137} INFO - [2025-02-08T22:18:33.405+0000] {dag.py:2690} INFO - Sync 1 DAGs
[2025-02-08T22:18:33.429+0000] {logging_mixin.py:137} INFO - [2025-02-08T22:18:33.429+0000] {dag.py:3441} INFO - Setting next_dagrun for example_weekday_branch_operator to 2025-02-07T00:00:00+00:00, run_after=2025-02-08T00:00:00+00:00
[2025-02-08T22:18:33.462+0000] {processor.py:175} INFO - Processing /home/airflow/.local/lib/python3.7/site-packages/airflow/example_dags/example_branch_day_of_week_operator.py took 0.102 seconds
[2025-02-08T22:19:04.056+0000] {processor.py:153} INFO - Started process (PID=2032) to work on /home/airflow/.local/lib/python3.7/site-packages/airflow/example_dags/example_branch_day_of_week_operator.py
[2025-02-08T22:19:04.057+0000] {processor.py:743} INFO - Processing file /home/airflow/.local/lib/python3.7/site-packages/airflow/example_dags/example_branch_day_of_week_operator.py for tasks to queue
[2025-02-08T22:19:04.059+0000] {logging_mixin.py:137} INFO - [2025-02-08T22:19:04.058+0000] {dagbag.py:538} INFO - Filling up the DagBag from /home/airflow/.local/lib/python3.7/site-packages/airflow/example_dags/example_branch_day_of_week_operator.py
[2025-02-08T22:19:04.081+0000] {processor.py:753} INFO - DAG(s) dict_keys(['example_weekday_branch_operator']) retrieved from /home/airflow/.local/lib/python3.7/site-packages/airflow/example_dags/example_branch_day_of_week_operator.py
[2025-02-08T22:19:04.122+0000] {logging_mixin.py:137} INFO - [2025-02-08T22:19:04.121+0000] {dag.py:2690} INFO - Sync 1 DAGs
[2025-02-08T22:19:04.166+0000] {logging_mixin.py:137} INFO - [2025-02-08T22:19:04.166+0000] {dag.py:3441} INFO - Setting next_dagrun for example_weekday_branch_operator to 2025-02-07T00:00:00+00:00, run_after=2025-02-08T00:00:00+00:00
[2025-02-08T22:19:04.201+0000] {processor.py:175} INFO - Processing /home/airflow/.local/lib/python3.7/site-packages/airflow/example_dags/example_branch_day_of_week_operator.py took 0.149 seconds
[2025-02-08T22:19:34.524+0000] {processor.py:153} INFO - Started process (PID=2103) to work on /home/airflow/.local/lib/python3.7/site-packages/airflow/example_dags/example_branch_day_of_week_operator.py
[2025-02-08T22:19:34.526+0000] {processor.py:743} INFO - Processing file /home/airflow/.local/lib/python3.7/site-packages/airflow/example_dags/example_branch_day_of_week_operator.py for tasks to queue
[2025-02-08T22:19:34.527+0000] {logging_mixin.py:137} INFO - [2025-02-08T22:19:34.527+0000] {dagbag.py:538} INFO - Filling up the DagBag from /home/airflow/.local/lib/python3.7/site-packages/airflow/example_dags/example_branch_day_of_week_operator.py
[2025-02-08T22:19:34.547+0000] {processor.py:753} INFO - DAG(s) dict_keys(['example_weekday_branch_operator']) retrieved from /home/airflow/.local/lib/python3.7/site-packages/airflow/example_dags/example_branch_day_of_week_operator.py
[2025-02-08T22:19:34.588+0000] {logging_mixin.py:137} INFO - [2025-02-08T22:19:34.587+0000] {dag.py:2690} INFO - Sync 1 DAGs
[2025-02-08T22:19:34.644+0000] {logging_mixin.py:137} INFO - [2025-02-08T22:19:34.644+0000] {dag.py:3441} INFO - Setting next_dagrun for example_weekday_branch_operator to 2025-02-07T00:00:00+00:00, run_after=2025-02-08T00:00:00+00:00
[2025-02-08T22:19:34.682+0000] {processor.py:175} INFO - Processing /home/airflow/.local/lib/python3.7/site-packages/airflow/example_dags/example_branch_day_of_week_operator.py took 0.164 seconds
[2025-02-08T22:20:04.868+0000] {processor.py:153} INFO - Started process (PID=2189) to work on /home/airflow/.local/lib/python3.7/site-packages/airflow/example_dags/example_branch_day_of_week_operator.py
[2025-02-08T22:20:04.869+0000] {processor.py:743} INFO - Processing file /home/airflow/.local/lib/python3.7/site-packages/airflow/example_dags/example_branch_day_of_week_operator.py for tasks to queue
[2025-02-08T22:20:04.871+0000] {logging_mixin.py:137} INFO - [2025-02-08T22:20:04.871+0000] {dagbag.py:538} INFO - Filling up the DagBag from /home/airflow/.local/lib/python3.7/site-packages/airflow/example_dags/example_branch_day_of_week_operator.py
[2025-02-08T22:20:04.908+0000] {processor.py:753} INFO - DAG(s) dict_keys(['example_weekday_branch_operator']) retrieved from /home/airflow/.local/lib/python3.7/site-packages/airflow/example_dags/example_branch_day_of_week_operator.py
[2025-02-08T22:20:04.957+0000] {logging_mixin.py:137} INFO - [2025-02-08T22:20:04.957+0000] {dag.py:2690} INFO - Sync 1 DAGs
[2025-02-08T22:20:04.995+0000] {logging_mixin.py:137} INFO - [2025-02-08T22:20:04.995+0000] {dag.py:3441} INFO - Setting next_dagrun for example_weekday_branch_operator to 2025-02-07T00:00:00+00:00, run_after=2025-02-08T00:00:00+00:00
[2025-02-08T22:20:05.026+0000] {processor.py:175} INFO - Processing /home/airflow/.local/lib/python3.7/site-packages/airflow/example_dags/example_branch_day_of_week_operator.py took 0.166 seconds
[2025-02-08T22:20:35.182+0000] {processor.py:153} INFO - Started process (PID=2260) to work on /home/airflow/.local/lib/python3.7/site-packages/airflow/example_dags/example_branch_day_of_week_operator.py
[2025-02-08T22:20:35.183+0000] {processor.py:743} INFO - Processing file /home/airflow/.local/lib/python3.7/site-packages/airflow/example_dags/example_branch_day_of_week_operator.py for tasks to queue
[2025-02-08T22:20:35.184+0000] {logging_mixin.py:137} INFO - [2025-02-08T22:20:35.184+0000] {dagbag.py:538} INFO - Filling up the DagBag from /home/airflow/.local/lib/python3.7/site-packages/airflow/example_dags/example_branch_day_of_week_operator.py
[2025-02-08T22:20:35.202+0000] {processor.py:753} INFO - DAG(s) dict_keys(['example_weekday_branch_operator']) retrieved from /home/airflow/.local/lib/python3.7/site-packages/airflow/example_dags/example_branch_day_of_week_operator.py
[2025-02-08T22:20:35.240+0000] {logging_mixin.py:137} INFO - [2025-02-08T22:20:35.239+0000] {dag.py:2690} INFO - Sync 1 DAGs
[2025-02-08T22:20:35.283+0000] {logging_mixin.py:137} INFO - [2025-02-08T22:20:35.283+0000] {dag.py:3441} INFO - Setting next_dagrun for example_weekday_branch_operator to 2025-02-07T00:00:00+00:00, run_after=2025-02-08T00:00:00+00:00
[2025-02-08T22:20:35.315+0000] {processor.py:175} INFO - Processing /home/airflow/.local/lib/python3.7/site-packages/airflow/example_dags/example_branch_day_of_week_operator.py took 0.137 seconds
[2025-02-08T22:21:05.431+0000] {processor.py:153} INFO - Started process (PID=2346) to work on /home/airflow/.local/lib/python3.7/site-packages/airflow/example_dags/example_branch_day_of_week_operator.py
[2025-02-08T22:21:05.433+0000] {processor.py:743} INFO - Processing file /home/airflow/.local/lib/python3.7/site-packages/airflow/example_dags/example_branch_day_of_week_operator.py for tasks to queue
[2025-02-08T22:21:05.435+0000] {logging_mixin.py:137} INFO - [2025-02-08T22:21:05.434+0000] {dagbag.py:538} INFO - Filling up the DagBag from /home/airflow/.local/lib/python3.7/site-packages/airflow/example_dags/example_branch_day_of_week_operator.py
[2025-02-08T22:21:05.485+0000] {processor.py:753} INFO - DAG(s) dict_keys(['example_weekday_branch_operator']) retrieved from /home/airflow/.local/lib/python3.7/site-packages/airflow/example_dags/example_branch_day_of_week_operator.py
[2025-02-08T22:21:05.530+0000] {logging_mixin.py:137} INFO - [2025-02-08T22:21:05.529+0000] {dag.py:2690} INFO - Sync 1 DAGs
[2025-02-08T22:21:05.572+0000] {logging_mixin.py:137} INFO - [2025-02-08T22:21:05.571+0000] {dag.py:3441} INFO - Setting next_dagrun for example_weekday_branch_operator to 2025-02-07T00:00:00+00:00, run_after=2025-02-08T00:00:00+00:00
[2025-02-08T22:21:05.614+0000] {processor.py:175} INFO - Processing /home/airflow/.local/lib/python3.7/site-packages/airflow/example_dags/example_branch_day_of_week_operator.py took 0.191 seconds
[2025-02-08T22:21:36.100+0000] {processor.py:153} INFO - Started process (PID=2417) to work on /home/airflow/.local/lib/python3.7/site-packages/airflow/example_dags/example_branch_day_of_week_operator.py
[2025-02-08T22:21:36.104+0000] {processor.py:743} INFO - Processing file /home/airflow/.local/lib/python3.7/site-packages/airflow/example_dags/example_branch_day_of_week_operator.py for tasks to queue
[2025-02-08T22:21:36.105+0000] {logging_mixin.py:137} INFO - [2025-02-08T22:21:36.105+0000] {dagbag.py:538} INFO - Filling up the DagBag from /home/airflow/.local/lib/python3.7/site-packages/airflow/example_dags/example_branch_day_of_week_operator.py
[2025-02-08T22:21:36.130+0000] {processor.py:753} INFO - DAG(s) dict_keys(['example_weekday_branch_operator']) retrieved from /home/airflow/.local/lib/python3.7/site-packages/airflow/example_dags/example_branch_day_of_week_operator.py
[2025-02-08T22:21:36.165+0000] {logging_mixin.py:137} INFO - [2025-02-08T22:21:36.164+0000] {dag.py:2690} INFO - Sync 1 DAGs
[2025-02-08T22:21:36.216+0000] {logging_mixin.py:137} INFO - [2025-02-08T22:21:36.216+0000] {dag.py:3441} INFO - Setting next_dagrun for example_weekday_branch_operator to 2025-02-07T00:00:00+00:00, run_after=2025-02-08T00:00:00+00:00
[2025-02-08T22:21:36.247+0000] {processor.py:175} INFO - Processing /home/airflow/.local/lib/python3.7/site-packages/airflow/example_dags/example_branch_day_of_week_operator.py took 0.156 seconds
[2025-02-08T22:22:06.380+0000] {processor.py:153} INFO - Started process (PID=2495) to work on /home/airflow/.local/lib/python3.7/site-packages/airflow/example_dags/example_branch_day_of_week_operator.py
[2025-02-08T22:22:06.381+0000] {processor.py:743} INFO - Processing file /home/airflow/.local/lib/python3.7/site-packages/airflow/example_dags/example_branch_day_of_week_operator.py for tasks to queue
[2025-02-08T22:22:06.382+0000] {logging_mixin.py:137} INFO - [2025-02-08T22:22:06.381+0000] {dagbag.py:538} INFO - Filling up the DagBag from /home/airflow/.local/lib/python3.7/site-packages/airflow/example_dags/example_branch_day_of_week_operator.py
[2025-02-08T22:22:06.398+0000] {processor.py:753} INFO - DAG(s) dict_keys(['example_weekday_branch_operator']) retrieved from /home/airflow/.local/lib/python3.7/site-packages/airflow/example_dags/example_branch_day_of_week_operator.py
[2025-02-08T22:22:06.424+0000] {logging_mixin.py:137} INFO - [2025-02-08T22:22:06.424+0000] {dag.py:2690} INFO - Sync 1 DAGs
[2025-02-08T22:22:06.451+0000] {logging_mixin.py:137} INFO - [2025-02-08T22:22:06.451+0000] {dag.py:3441} INFO - Setting next_dagrun for example_weekday_branch_operator to 2025-02-07T00:00:00+00:00, run_after=2025-02-08T00:00:00+00:00
[2025-02-08T22:22:06.475+0000] {processor.py:175} INFO - Processing /home/airflow/.local/lib/python3.7/site-packages/airflow/example_dags/example_branch_day_of_week_operator.py took 0.100 seconds
[2025-02-08T22:22:36.832+0000] {processor.py:153} INFO - Started process (PID=2575) to work on /home/airflow/.local/lib/python3.7/site-packages/airflow/example_dags/example_branch_day_of_week_operator.py
[2025-02-08T22:22:36.833+0000] {processor.py:743} INFO - Processing file /home/airflow/.local/lib/python3.7/site-packages/airflow/example_dags/example_branch_day_of_week_operator.py for tasks to queue
[2025-02-08T22:22:36.834+0000] {logging_mixin.py:137} INFO - [2025-02-08T22:22:36.834+0000] {dagbag.py:538} INFO - Filling up the DagBag from /home/airflow/.local/lib/python3.7/site-packages/airflow/example_dags/example_branch_day_of_week_operator.py
[2025-02-08T22:22:36.851+0000] {processor.py:753} INFO - DAG(s) dict_keys(['example_weekday_branch_operator']) retrieved from /home/airflow/.local/lib/python3.7/site-packages/airflow/example_dags/example_branch_day_of_week_operator.py
[2025-02-08T22:22:36.879+0000] {logging_mixin.py:137} INFO - [2025-02-08T22:22:36.879+0000] {dag.py:2690} INFO - Sync 1 DAGs
[2025-02-08T22:22:36.911+0000] {logging_mixin.py:137} INFO - [2025-02-08T22:22:36.911+0000] {dag.py:3441} INFO - Setting next_dagrun for example_weekday_branch_operator to 2025-02-07T00:00:00+00:00, run_after=2025-02-08T00:00:00+00:00
[2025-02-08T22:22:36.938+0000] {processor.py:175} INFO - Processing /home/airflow/.local/lib/python3.7/site-packages/airflow/example_dags/example_branch_day_of_week_operator.py took 0.110 seconds
[2025-02-08T22:23:07.637+0000] {processor.py:153} INFO - Started process (PID=2646) to work on /home/airflow/.local/lib/python3.7/site-packages/airflow/example_dags/example_branch_day_of_week_operator.py
[2025-02-08T22:23:07.638+0000] {processor.py:743} INFO - Processing file /home/airflow/.local/lib/python3.7/site-packages/airflow/example_dags/example_branch_day_of_week_operator.py for tasks to queue
[2025-02-08T22:23:07.640+0000] {logging_mixin.py:137} INFO - [2025-02-08T22:23:07.640+0000] {dagbag.py:538} INFO - Filling up the DagBag from /home/airflow/.local/lib/python3.7/site-packages/airflow/example_dags/example_branch_day_of_week_operator.py
[2025-02-08T22:23:07.656+0000] {processor.py:753} INFO - DAG(s) dict_keys(['example_weekday_branch_operator']) retrieved from /home/airflow/.local/lib/python3.7/site-packages/airflow/example_dags/example_branch_day_of_week_operator.py
[2025-02-08T22:23:07.686+0000] {logging_mixin.py:137} INFO - [2025-02-08T22:23:07.686+0000] {dag.py:2690} INFO - Sync 1 DAGs
[2025-02-08T22:23:07.716+0000] {logging_mixin.py:137} INFO - [2025-02-08T22:23:07.716+0000] {dag.py:3441} INFO - Setting next_dagrun for example_weekday_branch_operator to 2025-02-07T00:00:00+00:00, run_after=2025-02-08T00:00:00+00:00
[2025-02-08T22:23:07.743+0000] {processor.py:175} INFO - Processing /home/airflow/.local/lib/python3.7/site-packages/airflow/example_dags/example_branch_day_of_week_operator.py took 0.110 seconds
[2025-02-08T22:23:38.258+0000] {processor.py:153} INFO - Started process (PID=2733) to work on /home/airflow/.local/lib/python3.7/site-packages/airflow/example_dags/example_branch_day_of_week_operator.py
[2025-02-08T22:23:38.259+0000] {processor.py:743} INFO - Processing file /home/airflow/.local/lib/python3.7/site-packages/airflow/example_dags/example_branch_day_of_week_operator.py for tasks to queue
[2025-02-08T22:23:38.260+0000] {logging_mixin.py:137} INFO - [2025-02-08T22:23:38.260+0000] {dagbag.py:538} INFO - Filling up the DagBag from /home/airflow/.local/lib/python3.7/site-packages/airflow/example_dags/example_branch_day_of_week_operator.py
[2025-02-08T22:23:38.303+0000] {processor.py:753} INFO - DAG(s) dict_keys(['example_weekday_branch_operator']) retrieved from /home/airflow/.local/lib/python3.7/site-packages/airflow/example_dags/example_branch_day_of_week_operator.py
[2025-02-08T22:23:38.365+0000] {logging_mixin.py:137} INFO - [2025-02-08T22:23:38.365+0000] {dag.py:2690} INFO - Sync 1 DAGs
[2025-02-08T22:23:38.424+0000] {logging_mixin.py:137} INFO - [2025-02-08T22:23:38.424+0000] {dag.py:3441} INFO - Setting next_dagrun for example_weekday_branch_operator to 2025-02-07T00:00:00+00:00, run_after=2025-02-08T00:00:00+00:00
[2025-02-08T22:23:38.479+0000] {processor.py:175} INFO - Processing /home/airflow/.local/lib/python3.7/site-packages/airflow/example_dags/example_branch_day_of_week_operator.py took 0.227 seconds
[2025-02-08T22:24:09.235+0000] {processor.py:153} INFO - Started process (PID=2804) to work on /home/airflow/.local/lib/python3.7/site-packages/airflow/example_dags/example_branch_day_of_week_operator.py
[2025-02-08T22:24:09.237+0000] {processor.py:743} INFO - Processing file /home/airflow/.local/lib/python3.7/site-packages/airflow/example_dags/example_branch_day_of_week_operator.py for tasks to queue
[2025-02-08T22:24:09.238+0000] {logging_mixin.py:137} INFO - [2025-02-08T22:24:09.238+0000] {dagbag.py:538} INFO - Filling up the DagBag from /home/airflow/.local/lib/python3.7/site-packages/airflow/example_dags/example_branch_day_of_week_operator.py
[2025-02-08T22:24:09.262+0000] {processor.py:753} INFO - DAG(s) dict_keys(['example_weekday_branch_operator']) retrieved from /home/airflow/.local/lib/python3.7/site-packages/airflow/example_dags/example_branch_day_of_week_operator.py
[2025-02-08T22:24:09.304+0000] {logging_mixin.py:137} INFO - [2025-02-08T22:24:09.304+0000] {dag.py:2690} INFO - Sync 1 DAGs
[2025-02-08T22:24:09.368+0000] {logging_mixin.py:137} INFO - [2025-02-08T22:24:09.368+0000] {dag.py:3441} INFO - Setting next_dagrun for example_weekday_branch_operator to 2025-02-07T00:00:00+00:00, run_after=2025-02-08T00:00:00+00:00
[2025-02-08T22:24:09.434+0000] {processor.py:175} INFO - Processing /home/airflow/.local/lib/python3.7/site-packages/airflow/example_dags/example_branch_day_of_week_operator.py took 0.204 seconds
[2025-02-08T22:24:40.034+0000] {processor.py:153} INFO - Started process (PID=2875) to work on /home/airflow/.local/lib/python3.7/site-packages/airflow/example_dags/example_branch_day_of_week_operator.py
[2025-02-08T22:24:40.036+0000] {processor.py:743} INFO - Processing file /home/airflow/.local/lib/python3.7/site-packages/airflow/example_dags/example_branch_day_of_week_operator.py for tasks to queue
[2025-02-08T22:24:40.037+0000] {logging_mixin.py:137} INFO - [2025-02-08T22:24:40.037+0000] {dagbag.py:538} INFO - Filling up the DagBag from /home/airflow/.local/lib/python3.7/site-packages/airflow/example_dags/example_branch_day_of_week_operator.py
[2025-02-08T22:24:40.060+0000] {processor.py:753} INFO - DAG(s) dict_keys(['example_weekday_branch_operator']) retrieved from /home/airflow/.local/lib/python3.7/site-packages/airflow/example_dags/example_branch_day_of_week_operator.py
[2025-02-08T22:24:40.103+0000] {logging_mixin.py:137} INFO - [2025-02-08T22:24:40.103+0000] {dag.py:2690} INFO - Sync 1 DAGs
[2025-02-08T22:24:40.159+0000] {logging_mixin.py:137} INFO - [2025-02-08T22:24:40.159+0000] {dag.py:3441} INFO - Setting next_dagrun for example_weekday_branch_operator to 2025-02-07T00:00:00+00:00, run_after=2025-02-08T00:00:00+00:00
[2025-02-08T22:24:40.200+0000] {processor.py:175} INFO - Processing /home/airflow/.local/lib/python3.7/site-packages/airflow/example_dags/example_branch_day_of_week_operator.py took 0.172 seconds
[2025-02-08T22:25:10.568+0000] {processor.py:153} INFO - Started process (PID=2955) to work on /home/airflow/.local/lib/python3.7/site-packages/airflow/example_dags/example_branch_day_of_week_operator.py
[2025-02-08T22:25:10.570+0000] {processor.py:743} INFO - Processing file /home/airflow/.local/lib/python3.7/site-packages/airflow/example_dags/example_branch_day_of_week_operator.py for tasks to queue
[2025-02-08T22:25:10.572+0000] {logging_mixin.py:137} INFO - [2025-02-08T22:25:10.571+0000] {dagbag.py:538} INFO - Filling up the DagBag from /home/airflow/.local/lib/python3.7/site-packages/airflow/example_dags/example_branch_day_of_week_operator.py
[2025-02-08T22:25:10.599+0000] {processor.py:753} INFO - DAG(s) dict_keys(['example_weekday_branch_operator']) retrieved from /home/airflow/.local/lib/python3.7/site-packages/airflow/example_dags/example_branch_day_of_week_operator.py
[2025-02-08T22:25:10.648+0000] {logging_mixin.py:137} INFO - [2025-02-08T22:25:10.648+0000] {dag.py:2690} INFO - Sync 1 DAGs
[2025-02-08T22:25:10.728+0000] {logging_mixin.py:137} INFO - [2025-02-08T22:25:10.728+0000] {dag.py:3441} INFO - Setting next_dagrun for example_weekday_branch_operator to 2025-02-07T00:00:00+00:00, run_after=2025-02-08T00:00:00+00:00
[2025-02-08T22:25:10.777+0000] {processor.py:175} INFO - Processing /home/airflow/.local/lib/python3.7/site-packages/airflow/example_dags/example_branch_day_of_week_operator.py took 0.213 seconds
[2025-02-08T22:25:41.077+0000] {processor.py:153} INFO - Started process (PID=3033) to work on /home/airflow/.local/lib/python3.7/site-packages/airflow/example_dags/example_branch_day_of_week_operator.py
[2025-02-08T22:25:41.079+0000] {processor.py:743} INFO - Processing file /home/airflow/.local/lib/python3.7/site-packages/airflow/example_dags/example_branch_day_of_week_operator.py for tasks to queue
[2025-02-08T22:25:41.081+0000] {logging_mixin.py:137} INFO - [2025-02-08T22:25:41.081+0000] {dagbag.py:538} INFO - Filling up the DagBag from /home/airflow/.local/lib/python3.7/site-packages/airflow/example_dags/example_branch_day_of_week_operator.py
[2025-02-08T22:25:41.137+0000] {processor.py:753} INFO - DAG(s) dict_keys(['example_weekday_branch_operator']) retrieved from /home/airflow/.local/lib/python3.7/site-packages/airflow/example_dags/example_branch_day_of_week_operator.py
[2025-02-08T22:25:41.247+0000] {logging_mixin.py:137} INFO - [2025-02-08T22:25:41.247+0000] {dag.py:2690} INFO - Sync 1 DAGs
[2025-02-08T22:25:41.402+0000] {logging_mixin.py:137} INFO - [2025-02-08T22:25:41.402+0000] {dag.py:3441} INFO - Setting next_dagrun for example_weekday_branch_operator to 2025-02-07T00:00:00+00:00, run_after=2025-02-08T00:00:00+00:00
[2025-02-08T22:25:41.486+0000] {processor.py:175} INFO - Processing /home/airflow/.local/lib/python3.7/site-packages/airflow/example_dags/example_branch_day_of_week_operator.py took 0.425 seconds
[2025-02-08T22:26:11.674+0000] {processor.py:153} INFO - Started process (PID=3105) to work on /home/airflow/.local/lib/python3.7/site-packages/airflow/example_dags/example_branch_day_of_week_operator.py
[2025-02-08T22:26:11.676+0000] {processor.py:743} INFO - Processing file /home/airflow/.local/lib/python3.7/site-packages/airflow/example_dags/example_branch_day_of_week_operator.py for tasks to queue
[2025-02-08T22:26:11.677+0000] {logging_mixin.py:137} INFO - [2025-02-08T22:26:11.677+0000] {dagbag.py:538} INFO - Filling up the DagBag from /home/airflow/.local/lib/python3.7/site-packages/airflow/example_dags/example_branch_day_of_week_operator.py
[2025-02-08T22:26:11.702+0000] {processor.py:753} INFO - DAG(s) dict_keys(['example_weekday_branch_operator']) retrieved from /home/airflow/.local/lib/python3.7/site-packages/airflow/example_dags/example_branch_day_of_week_operator.py
[2025-02-08T22:26:11.738+0000] {logging_mixin.py:137} INFO - [2025-02-08T22:26:11.738+0000] {dag.py:2690} INFO - Sync 1 DAGs
[2025-02-08T22:26:11.774+0000] {logging_mixin.py:137} INFO - [2025-02-08T22:26:11.774+0000] {dag.py:3441} INFO - Setting next_dagrun for example_weekday_branch_operator to 2025-02-07T00:00:00+00:00, run_after=2025-02-08T00:00:00+00:00
[2025-02-08T22:26:11.811+0000] {processor.py:175} INFO - Processing /home/airflow/.local/lib/python3.7/site-packages/airflow/example_dags/example_branch_day_of_week_operator.py took 0.141 seconds
[2025-02-08T22:26:42.441+0000] {processor.py:153} INFO - Started process (PID=3193) to work on /home/airflow/.local/lib/python3.7/site-packages/airflow/example_dags/example_branch_day_of_week_operator.py
[2025-02-08T22:26:42.442+0000] {processor.py:743} INFO - Processing file /home/airflow/.local/lib/python3.7/site-packages/airflow/example_dags/example_branch_day_of_week_operator.py for tasks to queue
[2025-02-08T22:26:42.443+0000] {logging_mixin.py:137} INFO - [2025-02-08T22:26:42.443+0000] {dagbag.py:538} INFO - Filling up the DagBag from /home/airflow/.local/lib/python3.7/site-packages/airflow/example_dags/example_branch_day_of_week_operator.py
[2025-02-08T22:26:42.457+0000] {processor.py:753} INFO - DAG(s) dict_keys(['example_weekday_branch_operator']) retrieved from /home/airflow/.local/lib/python3.7/site-packages/airflow/example_dags/example_branch_day_of_week_operator.py
[2025-02-08T22:26:42.484+0000] {logging_mixin.py:137} INFO - [2025-02-08T22:26:42.483+0000] {dag.py:2690} INFO - Sync 1 DAGs
[2025-02-08T22:26:42.522+0000] {logging_mixin.py:137} INFO - [2025-02-08T22:26:42.522+0000] {dag.py:3441} INFO - Setting next_dagrun for example_weekday_branch_operator to 2025-02-07T00:00:00+00:00, run_after=2025-02-08T00:00:00+00:00
[2025-02-08T22:26:42.550+0000] {processor.py:175} INFO - Processing /home/airflow/.local/lib/python3.7/site-packages/airflow/example_dags/example_branch_day_of_week_operator.py took 0.112 seconds
[2025-02-08T22:27:12.884+0000] {processor.py:153} INFO - Started process (PID=3265) to work on /home/airflow/.local/lib/python3.7/site-packages/airflow/example_dags/example_branch_day_of_week_operator.py
[2025-02-08T22:27:12.886+0000] {processor.py:743} INFO - Processing file /home/airflow/.local/lib/python3.7/site-packages/airflow/example_dags/example_branch_day_of_week_operator.py for tasks to queue
[2025-02-08T22:27:12.887+0000] {logging_mixin.py:137} INFO - [2025-02-08T22:27:12.887+0000] {dagbag.py:538} INFO - Filling up the DagBag from /home/airflow/.local/lib/python3.7/site-packages/airflow/example_dags/example_branch_day_of_week_operator.py
[2025-02-08T22:27:12.908+0000] {processor.py:753} INFO - DAG(s) dict_keys(['example_weekday_branch_operator']) retrieved from /home/airflow/.local/lib/python3.7/site-packages/airflow/example_dags/example_branch_day_of_week_operator.py
[2025-02-08T22:27:12.946+0000] {logging_mixin.py:137} INFO - [2025-02-08T22:27:12.946+0000] {dag.py:2690} INFO - Sync 1 DAGs
[2025-02-08T22:27:12.983+0000] {logging_mixin.py:137} INFO - [2025-02-08T22:27:12.982+0000] {dag.py:3441} INFO - Setting next_dagrun for example_weekday_branch_operator to 2025-02-07T00:00:00+00:00, run_after=2025-02-08T00:00:00+00:00
[2025-02-08T22:27:13.011+0000] {processor.py:175} INFO - Processing /home/airflow/.local/lib/python3.7/site-packages/airflow/example_dags/example_branch_day_of_week_operator.py took 0.131 seconds
[2025-02-08T22:27:43.889+0000] {processor.py:153} INFO - Started process (PID=3346) to work on /home/airflow/.local/lib/python3.7/site-packages/airflow/example_dags/example_branch_day_of_week_operator.py
[2025-02-08T22:27:43.890+0000] {processor.py:743} INFO - Processing file /home/airflow/.local/lib/python3.7/site-packages/airflow/example_dags/example_branch_day_of_week_operator.py for tasks to queue
[2025-02-08T22:27:43.892+0000] {logging_mixin.py:137} INFO - [2025-02-08T22:27:43.891+0000] {dagbag.py:538} INFO - Filling up the DagBag from /home/airflow/.local/lib/python3.7/site-packages/airflow/example_dags/example_branch_day_of_week_operator.py
[2025-02-08T22:27:43.916+0000] {processor.py:753} INFO - DAG(s) dict_keys(['example_weekday_branch_operator']) retrieved from /home/airflow/.local/lib/python3.7/site-packages/airflow/example_dags/example_branch_day_of_week_operator.py
[2025-02-08T22:27:43.952+0000] {logging_mixin.py:137} INFO - [2025-02-08T22:27:43.952+0000] {dag.py:2690} INFO - Sync 1 DAGs
[2025-02-08T22:27:43.996+0000] {logging_mixin.py:137} INFO - [2025-02-08T22:27:43.995+0000] {dag.py:3441} INFO - Setting next_dagrun for example_weekday_branch_operator to 2025-02-07T00:00:00+00:00, run_after=2025-02-08T00:00:00+00:00
[2025-02-08T22:27:44.026+0000] {processor.py:175} INFO - Processing /home/airflow/.local/lib/python3.7/site-packages/airflow/example_dags/example_branch_day_of_week_operator.py took 0.144 seconds
