[2025-02-08T22:06:02.604+0000] {processor.py:153} INFO - Started process (PID=57) to work on /home/airflow/.local/lib/python3.7/site-packages/airflow/example_dags/example_task_group_decorator.py
[2025-02-08T22:06:02.605+0000] {processor.py:743} INFO - Processing file /home/airflow/.local/lib/python3.7/site-packages/airflow/example_dags/example_task_group_decorator.py for tasks to queue
[2025-02-08T22:06:02.606+0000] {logging_mixin.py:137} INFO - [2025-02-08T22:06:02.606+0000] {dagbag.py:538} INFO - Filling up the DagBag from /home/airflow/.local/lib/python3.7/site-packages/airflow/example_dags/example_task_group_decorator.py
[2025-02-08T22:06:02.661+0000] {processor.py:753} INFO - DAG(s) dict_keys(['example_task_group_decorator']) retrieved from /home/airflow/.local/lib/python3.7/site-packages/airflow/example_dags/example_task_group_decorator.py
[2025-02-08T22:06:02.707+0000] {logging_mixin.py:137} INFO - [2025-02-08T22:06:02.707+0000] {dag.py:2690} INFO - Sync 1 DAGs
[2025-02-08T22:06:02.755+0000] {logging_mixin.py:137} INFO - [2025-02-08T22:06:02.754+0000] {dag.py:3441} INFO - Setting next_dagrun for example_task_group_decorator to 2025-02-07T22:06:02.754262+00:00, run_after=2025-02-08T22:06:02.754262+00:00
[2025-02-08T22:06:02.804+0000] {processor.py:175} INFO - Processing /home/airflow/.local/lib/python3.7/site-packages/airflow/example_dags/example_task_group_decorator.py took 0.206 seconds
[2025-02-08T22:06:35.194+0000] {processor.py:153} INFO - Started process (PID=128) to work on /home/airflow/.local/lib/python3.7/site-packages/airflow/example_dags/example_task_group_decorator.py
[2025-02-08T22:06:35.196+0000] {processor.py:743} INFO - Processing file /home/airflow/.local/lib/python3.7/site-packages/airflow/example_dags/example_task_group_decorator.py for tasks to queue
[2025-02-08T22:06:35.198+0000] {logging_mixin.py:137} INFO - [2025-02-08T22:06:35.197+0000] {dagbag.py:538} INFO - Filling up the DagBag from /home/airflow/.local/lib/python3.7/site-packages/airflow/example_dags/example_task_group_decorator.py
[2025-02-08T22:06:35.319+0000] {processor.py:753} INFO - DAG(s) dict_keys(['example_task_group_decorator']) retrieved from /home/airflow/.local/lib/python3.7/site-packages/airflow/example_dags/example_task_group_decorator.py
[2025-02-08T22:06:35.468+0000] {logging_mixin.py:137} INFO - [2025-02-08T22:06:35.468+0000] {dag.py:2690} INFO - Sync 1 DAGs
[2025-02-08T22:06:35.564+0000] {logging_mixin.py:137} INFO - [2025-02-08T22:06:35.564+0000] {dag.py:3441} INFO - Setting next_dagrun for example_task_group_decorator to 2025-02-07T22:06:35.563170+00:00, run_after=2025-02-08T22:06:35.563170+00:00
[2025-02-08T22:06:35.648+0000] {processor.py:175} INFO - Processing /home/airflow/.local/lib/python3.7/site-packages/airflow/example_dags/example_task_group_decorator.py took 0.459 seconds
[2025-02-08T22:07:05.908+0000] {processor.py:153} INFO - Started process (PID=199) to work on /home/airflow/.local/lib/python3.7/site-packages/airflow/example_dags/example_task_group_decorator.py
[2025-02-08T22:07:05.909+0000] {processor.py:743} INFO - Processing file /home/airflow/.local/lib/python3.7/site-packages/airflow/example_dags/example_task_group_decorator.py for tasks to queue
[2025-02-08T22:07:05.910+0000] {logging_mixin.py:137} INFO - [2025-02-08T22:07:05.910+0000] {dagbag.py:538} INFO - Filling up the DagBag from /home/airflow/.local/lib/python3.7/site-packages/airflow/example_dags/example_task_group_decorator.py
[2025-02-08T22:07:05.936+0000] {processor.py:753} INFO - DAG(s) dict_keys(['example_task_group_decorator']) retrieved from /home/airflow/.local/lib/python3.7/site-packages/airflow/example_dags/example_task_group_decorator.py
[2025-02-08T22:07:05.962+0000] {logging_mixin.py:137} INFO - [2025-02-08T22:07:05.962+0000] {dag.py:2690} INFO - Sync 1 DAGs
[2025-02-08T22:07:05.987+0000] {logging_mixin.py:137} INFO - [2025-02-08T22:07:05.986+0000] {dag.py:3441} INFO - Setting next_dagrun for example_task_group_decorator to 2025-02-07T22:07:05.986634+00:00, run_after=2025-02-08T22:07:05.986634+00:00
[2025-02-08T22:07:06.010+0000] {processor.py:175} INFO - Processing /home/airflow/.local/lib/python3.7/site-packages/airflow/example_dags/example_task_group_decorator.py took 0.105 seconds
[2025-02-08T22:07:36.540+0000] {processor.py:153} INFO - Started process (PID=270) to work on /home/airflow/.local/lib/python3.7/site-packages/airflow/example_dags/example_task_group_decorator.py
[2025-02-08T22:07:36.542+0000] {processor.py:743} INFO - Processing file /home/airflow/.local/lib/python3.7/site-packages/airflow/example_dags/example_task_group_decorator.py for tasks to queue
[2025-02-08T22:07:36.542+0000] {logging_mixin.py:137} INFO - [2025-02-08T22:07:36.542+0000] {dagbag.py:538} INFO - Filling up the DagBag from /home/airflow/.local/lib/python3.7/site-packages/airflow/example_dags/example_task_group_decorator.py
[2025-02-08T22:07:36.567+0000] {processor.py:753} INFO - DAG(s) dict_keys(['example_task_group_decorator']) retrieved from /home/airflow/.local/lib/python3.7/site-packages/airflow/example_dags/example_task_group_decorator.py
[2025-02-08T22:07:36.593+0000] {logging_mixin.py:137} INFO - [2025-02-08T22:07:36.593+0000] {dag.py:2690} INFO - Sync 1 DAGs
[2025-02-08T22:07:36.615+0000] {logging_mixin.py:137} INFO - [2025-02-08T22:07:36.615+0000] {dag.py:3441} INFO - Setting next_dagrun for example_task_group_decorator to 2025-02-07T22:07:36.615273+00:00, run_after=2025-02-08T22:07:36.615273+00:00
[2025-02-08T22:07:36.637+0000] {processor.py:175} INFO - Processing /home/airflow/.local/lib/python3.7/site-packages/airflow/example_dags/example_task_group_decorator.py took 0.099 seconds
[2025-02-08T22:08:07.103+0000] {processor.py:153} INFO - Started process (PID=357) to work on /home/airflow/.local/lib/python3.7/site-packages/airflow/example_dags/example_task_group_decorator.py
[2025-02-08T22:08:07.105+0000] {processor.py:743} INFO - Processing file /home/airflow/.local/lib/python3.7/site-packages/airflow/example_dags/example_task_group_decorator.py for tasks to queue
[2025-02-08T22:08:07.106+0000] {logging_mixin.py:137} INFO - [2025-02-08T22:08:07.105+0000] {dagbag.py:538} INFO - Filling up the DagBag from /home/airflow/.local/lib/python3.7/site-packages/airflow/example_dags/example_task_group_decorator.py
[2025-02-08T22:08:07.133+0000] {processor.py:753} INFO - DAG(s) dict_keys(['example_task_group_decorator']) retrieved from /home/airflow/.local/lib/python3.7/site-packages/airflow/example_dags/example_task_group_decorator.py
[2025-02-08T22:08:07.159+0000] {logging_mixin.py:137} INFO - [2025-02-08T22:08:07.159+0000] {dag.py:2690} INFO - Sync 1 DAGs
[2025-02-08T22:08:07.183+0000] {logging_mixin.py:137} INFO - [2025-02-08T22:08:07.183+0000] {dag.py:3441} INFO - Setting next_dagrun for example_task_group_decorator to 2025-02-07T22:08:07.183333+00:00, run_after=2025-02-08T22:08:07.183333+00:00
[2025-02-08T22:08:07.210+0000] {processor.py:175} INFO - Processing /home/airflow/.local/lib/python3.7/site-packages/airflow/example_dags/example_task_group_decorator.py took 0.110 seconds
[2025-02-08T22:08:37.845+0000] {processor.py:153} INFO - Started process (PID=428) to work on /home/airflow/.local/lib/python3.7/site-packages/airflow/example_dags/example_task_group_decorator.py
[2025-02-08T22:08:37.847+0000] {processor.py:743} INFO - Processing file /home/airflow/.local/lib/python3.7/site-packages/airflow/example_dags/example_task_group_decorator.py for tasks to queue
[2025-02-08T22:08:37.849+0000] {logging_mixin.py:137} INFO - [2025-02-08T22:08:37.849+0000] {dagbag.py:538} INFO - Filling up the DagBag from /home/airflow/.local/lib/python3.7/site-packages/airflow/example_dags/example_task_group_decorator.py
[2025-02-08T22:08:37.921+0000] {processor.py:753} INFO - DAG(s) dict_keys(['example_task_group_decorator']) retrieved from /home/airflow/.local/lib/python3.7/site-packages/airflow/example_dags/example_task_group_decorator.py
[2025-02-08T22:08:37.984+0000] {logging_mixin.py:137} INFO - [2025-02-08T22:08:37.984+0000] {dag.py:2690} INFO - Sync 1 DAGs
[2025-02-08T22:08:38.045+0000] {logging_mixin.py:137} INFO - [2025-02-08T22:08:38.045+0000] {dag.py:3441} INFO - Setting next_dagrun for example_task_group_decorator to 2025-02-07T22:08:38.044601+00:00, run_after=2025-02-08T22:08:38.044601+00:00
[2025-02-08T22:08:38.086+0000] {processor.py:175} INFO - Processing /home/airflow/.local/lib/python3.7/site-packages/airflow/example_dags/example_task_group_decorator.py took 0.247 seconds
[2025-02-08T22:09:08.949+0000] {processor.py:153} INFO - Started process (PID=499) to work on /home/airflow/.local/lib/python3.7/site-packages/airflow/example_dags/example_task_group_decorator.py
[2025-02-08T22:09:08.950+0000] {processor.py:743} INFO - Processing file /home/airflow/.local/lib/python3.7/site-packages/airflow/example_dags/example_task_group_decorator.py for tasks to queue
[2025-02-08T22:09:08.951+0000] {logging_mixin.py:137} INFO - [2025-02-08T22:09:08.950+0000] {dagbag.py:538} INFO - Filling up the DagBag from /home/airflow/.local/lib/python3.7/site-packages/airflow/example_dags/example_task_group_decorator.py
[2025-02-08T22:09:08.982+0000] {processor.py:753} INFO - DAG(s) dict_keys(['example_task_group_decorator']) retrieved from /home/airflow/.local/lib/python3.7/site-packages/airflow/example_dags/example_task_group_decorator.py
[2025-02-08T22:09:09.010+0000] {logging_mixin.py:137} INFO - [2025-02-08T22:09:09.010+0000] {dag.py:2690} INFO - Sync 1 DAGs
[2025-02-08T22:09:09.043+0000] {logging_mixin.py:137} INFO - [2025-02-08T22:09:09.043+0000] {dag.py:3441} INFO - Setting next_dagrun for example_task_group_decorator to 2025-02-07T22:09:09.043092+00:00, run_after=2025-02-08T22:09:09.043092+00:00
[2025-02-08T22:09:09.070+0000] {processor.py:175} INFO - Processing /home/airflow/.local/lib/python3.7/site-packages/airflow/example_dags/example_task_group_decorator.py took 0.125 seconds
[2025-02-08T22:09:39.351+0000] {processor.py:153} INFO - Started process (PID=586) to work on /home/airflow/.local/lib/python3.7/site-packages/airflow/example_dags/example_task_group_decorator.py
[2025-02-08T22:09:39.352+0000] {processor.py:743} INFO - Processing file /home/airflow/.local/lib/python3.7/site-packages/airflow/example_dags/example_task_group_decorator.py for tasks to queue
[2025-02-08T22:09:39.354+0000] {logging_mixin.py:137} INFO - [2025-02-08T22:09:39.353+0000] {dagbag.py:538} INFO - Filling up the DagBag from /home/airflow/.local/lib/python3.7/site-packages/airflow/example_dags/example_task_group_decorator.py
[2025-02-08T22:09:39.434+0000] {processor.py:753} INFO - DAG(s) dict_keys(['example_task_group_decorator']) retrieved from /home/airflow/.local/lib/python3.7/site-packages/airflow/example_dags/example_task_group_decorator.py
[2025-02-08T22:09:39.489+0000] {logging_mixin.py:137} INFO - [2025-02-08T22:09:39.488+0000] {dag.py:2690} INFO - Sync 1 DAGs
[2025-02-08T22:09:39.539+0000] {logging_mixin.py:137} INFO - [2025-02-08T22:09:39.539+0000] {dag.py:3441} INFO - Setting next_dagrun for example_task_group_decorator to 2025-02-07T22:09:39.538504+00:00, run_after=2025-02-08T22:09:39.538504+00:00
[2025-02-08T22:09:39.578+0000] {processor.py:175} INFO - Processing /home/airflow/.local/lib/python3.7/site-packages/airflow/example_dags/example_task_group_decorator.py took 0.237 seconds
[2025-02-08T22:10:09.920+0000] {processor.py:153} INFO - Started process (PID=657) to work on /home/airflow/.local/lib/python3.7/site-packages/airflow/example_dags/example_task_group_decorator.py
[2025-02-08T22:10:09.921+0000] {processor.py:743} INFO - Processing file /home/airflow/.local/lib/python3.7/site-packages/airflow/example_dags/example_task_group_decorator.py for tasks to queue
[2025-02-08T22:10:09.923+0000] {logging_mixin.py:137} INFO - [2025-02-08T22:10:09.922+0000] {dagbag.py:538} INFO - Filling up the DagBag from /home/airflow/.local/lib/python3.7/site-packages/airflow/example_dags/example_task_group_decorator.py
[2025-02-08T22:10:09.956+0000] {processor.py:753} INFO - DAG(s) dict_keys(['example_task_group_decorator']) retrieved from /home/airflow/.local/lib/python3.7/site-packages/airflow/example_dags/example_task_group_decorator.py
[2025-02-08T22:10:09.988+0000] {logging_mixin.py:137} INFO - [2025-02-08T22:10:09.988+0000] {dag.py:2690} INFO - Sync 1 DAGs
[2025-02-08T22:10:10.014+0000] {logging_mixin.py:137} INFO - [2025-02-08T22:10:10.014+0000] {dag.py:3441} INFO - Setting next_dagrun for example_task_group_decorator to 2025-02-07T22:10:10.014016+00:00, run_after=2025-02-08T22:10:10.014016+00:00
[2025-02-08T22:10:10.040+0000] {processor.py:175} INFO - Processing /home/airflow/.local/lib/python3.7/site-packages/airflow/example_dags/example_task_group_decorator.py took 0.124 seconds
[2025-02-08T22:10:40.791+0000] {processor.py:153} INFO - Started process (PID=744) to work on /home/airflow/.local/lib/python3.7/site-packages/airflow/example_dags/example_task_group_decorator.py
[2025-02-08T22:10:40.792+0000] {processor.py:743} INFO - Processing file /home/airflow/.local/lib/python3.7/site-packages/airflow/example_dags/example_task_group_decorator.py for tasks to queue
[2025-02-08T22:10:40.793+0000] {logging_mixin.py:137} INFO - [2025-02-08T22:10:40.793+0000] {dagbag.py:538} INFO - Filling up the DagBag from /home/airflow/.local/lib/python3.7/site-packages/airflow/example_dags/example_task_group_decorator.py
[2025-02-08T22:10:40.823+0000] {processor.py:753} INFO - DAG(s) dict_keys(['example_task_group_decorator']) retrieved from /home/airflow/.local/lib/python3.7/site-packages/airflow/example_dags/example_task_group_decorator.py
[2025-02-08T22:10:40.857+0000] {logging_mixin.py:137} INFO - [2025-02-08T22:10:40.857+0000] {dag.py:2690} INFO - Sync 1 DAGs
[2025-02-08T22:10:40.905+0000] {logging_mixin.py:137} INFO - [2025-02-08T22:10:40.904+0000] {dag.py:3441} INFO - Setting next_dagrun for example_task_group_decorator to 2025-02-07T22:10:40.901050+00:00, run_after=2025-02-08T22:10:40.901050+00:00
[2025-02-08T22:10:40.935+0000] {processor.py:175} INFO - Processing /home/airflow/.local/lib/python3.7/site-packages/airflow/example_dags/example_task_group_decorator.py took 0.147 seconds
[2025-02-08T22:11:11.023+0000] {processor.py:153} INFO - Started process (PID=822) to work on /home/airflow/.local/lib/python3.7/site-packages/airflow/example_dags/example_task_group_decorator.py
[2025-02-08T22:11:11.024+0000] {processor.py:743} INFO - Processing file /home/airflow/.local/lib/python3.7/site-packages/airflow/example_dags/example_task_group_decorator.py for tasks to queue
[2025-02-08T22:11:11.025+0000] {logging_mixin.py:137} INFO - [2025-02-08T22:11:11.025+0000] {dagbag.py:538} INFO - Filling up the DagBag from /home/airflow/.local/lib/python3.7/site-packages/airflow/example_dags/example_task_group_decorator.py
[2025-02-08T22:11:11.059+0000] {processor.py:753} INFO - DAG(s) dict_keys(['example_task_group_decorator']) retrieved from /home/airflow/.local/lib/python3.7/site-packages/airflow/example_dags/example_task_group_decorator.py
[2025-02-08T22:11:11.105+0000] {logging_mixin.py:137} INFO - [2025-02-08T22:11:11.105+0000] {dag.py:2690} INFO - Sync 1 DAGs
[2025-02-08T22:11:11.138+0000] {logging_mixin.py:137} INFO - [2025-02-08T22:11:11.138+0000] {dag.py:3441} INFO - Setting next_dagrun for example_task_group_decorator to 2025-02-07T22:11:11.138420+00:00, run_after=2025-02-08T22:11:11.138420+00:00
[2025-02-08T22:11:11.175+0000] {processor.py:175} INFO - Processing /home/airflow/.local/lib/python3.7/site-packages/airflow/example_dags/example_task_group_decorator.py took 0.156 seconds
[2025-02-08T22:11:41.286+0000] {processor.py:153} INFO - Started process (PID=902) to work on /home/airflow/.local/lib/python3.7/site-packages/airflow/example_dags/example_task_group_decorator.py
[2025-02-08T22:11:41.288+0000] {processor.py:743} INFO - Processing file /home/airflow/.local/lib/python3.7/site-packages/airflow/example_dags/example_task_group_decorator.py for tasks to queue
[2025-02-08T22:11:41.289+0000] {logging_mixin.py:137} INFO - [2025-02-08T22:11:41.289+0000] {dagbag.py:538} INFO - Filling up the DagBag from /home/airflow/.local/lib/python3.7/site-packages/airflow/example_dags/example_task_group_decorator.py
[2025-02-08T22:11:41.313+0000] {processor.py:753} INFO - DAG(s) dict_keys(['example_task_group_decorator']) retrieved from /home/airflow/.local/lib/python3.7/site-packages/airflow/example_dags/example_task_group_decorator.py
[2025-02-08T22:11:41.341+0000] {logging_mixin.py:137} INFO - [2025-02-08T22:11:41.341+0000] {dag.py:2690} INFO - Sync 1 DAGs
[2025-02-08T22:11:41.366+0000] {logging_mixin.py:137} INFO - [2025-02-08T22:11:41.366+0000] {dag.py:3441} INFO - Setting next_dagrun for example_task_group_decorator to 2025-02-07T22:11:41.365852+00:00, run_after=2025-02-08T22:11:41.365852+00:00
[2025-02-08T22:11:41.387+0000] {processor.py:175} INFO - Processing /home/airflow/.local/lib/python3.7/site-packages/airflow/example_dags/example_task_group_decorator.py took 0.104 seconds
[2025-02-08T22:12:11.437+0000] {processor.py:153} INFO - Started process (PID=973) to work on /home/airflow/.local/lib/python3.7/site-packages/airflow/example_dags/example_task_group_decorator.py
[2025-02-08T22:12:11.443+0000] {processor.py:743} INFO - Processing file /home/airflow/.local/lib/python3.7/site-packages/airflow/example_dags/example_task_group_decorator.py for tasks to queue
[2025-02-08T22:12:11.446+0000] {logging_mixin.py:137} INFO - [2025-02-08T22:12:11.445+0000] {dagbag.py:538} INFO - Filling up the DagBag from /home/airflow/.local/lib/python3.7/site-packages/airflow/example_dags/example_task_group_decorator.py
[2025-02-08T22:12:11.502+0000] {processor.py:753} INFO - DAG(s) dict_keys(['example_task_group_decorator']) retrieved from /home/airflow/.local/lib/python3.7/site-packages/airflow/example_dags/example_task_group_decorator.py
[2025-02-08T22:12:11.547+0000] {logging_mixin.py:137} INFO - [2025-02-08T22:12:11.547+0000] {dag.py:2690} INFO - Sync 1 DAGs
[2025-02-08T22:12:11.604+0000] {logging_mixin.py:137} INFO - [2025-02-08T22:12:11.604+0000] {dag.py:3441} INFO - Setting next_dagrun for example_task_group_decorator to 2025-02-07T22:12:11.603681+00:00, run_after=2025-02-08T22:12:11.603681+00:00
[2025-02-08T22:12:11.641+0000] {processor.py:175} INFO - Processing /home/airflow/.local/lib/python3.7/site-packages/airflow/example_dags/example_task_group_decorator.py took 0.214 seconds
[2025-02-08T22:12:42.295+0000] {processor.py:153} INFO - Started process (PID=1061) to work on /home/airflow/.local/lib/python3.7/site-packages/airflow/example_dags/example_task_group_decorator.py
[2025-02-08T22:12:42.296+0000] {processor.py:743} INFO - Processing file /home/airflow/.local/lib/python3.7/site-packages/airflow/example_dags/example_task_group_decorator.py for tasks to queue
[2025-02-08T22:12:42.297+0000] {logging_mixin.py:137} INFO - [2025-02-08T22:12:42.297+0000] {dagbag.py:538} INFO - Filling up the DagBag from /home/airflow/.local/lib/python3.7/site-packages/airflow/example_dags/example_task_group_decorator.py
[2025-02-08T22:12:42.335+0000] {processor.py:753} INFO - DAG(s) dict_keys(['example_task_group_decorator']) retrieved from /home/airflow/.local/lib/python3.7/site-packages/airflow/example_dags/example_task_group_decorator.py
[2025-02-08T22:12:42.370+0000] {logging_mixin.py:137} INFO - [2025-02-08T22:12:42.370+0000] {dag.py:2690} INFO - Sync 1 DAGs
[2025-02-08T22:12:42.407+0000] {logging_mixin.py:137} INFO - [2025-02-08T22:12:42.407+0000] {dag.py:3441} INFO - Setting next_dagrun for example_task_group_decorator to 2025-02-07T22:12:42.407230+00:00, run_after=2025-02-08T22:12:42.407230+00:00
[2025-02-08T22:12:42.436+0000] {processor.py:175} INFO - Processing /home/airflow/.local/lib/python3.7/site-packages/airflow/example_dags/example_task_group_decorator.py took 0.152 seconds
[2025-02-08T22:13:12.484+0000] {processor.py:153} INFO - Started process (PID=1132) to work on /home/airflow/.local/lib/python3.7/site-packages/airflow/example_dags/example_task_group_decorator.py
[2025-02-08T22:13:12.486+0000] {processor.py:743} INFO - Processing file /home/airflow/.local/lib/python3.7/site-packages/airflow/example_dags/example_task_group_decorator.py for tasks to queue
[2025-02-08T22:13:12.488+0000] {logging_mixin.py:137} INFO - [2025-02-08T22:13:12.487+0000] {dagbag.py:538} INFO - Filling up the DagBag from /home/airflow/.local/lib/python3.7/site-packages/airflow/example_dags/example_task_group_decorator.py
[2025-02-08T22:13:12.525+0000] {processor.py:753} INFO - DAG(s) dict_keys(['example_task_group_decorator']) retrieved from /home/airflow/.local/lib/python3.7/site-packages/airflow/example_dags/example_task_group_decorator.py
[2025-02-08T22:13:12.570+0000] {logging_mixin.py:137} INFO - [2025-02-08T22:13:12.570+0000] {dag.py:2690} INFO - Sync 1 DAGs
[2025-02-08T22:13:12.601+0000] {logging_mixin.py:137} INFO - [2025-02-08T22:13:12.601+0000] {dag.py:3441} INFO - Setting next_dagrun for example_task_group_decorator to 2025-02-07T22:13:12.601038+00:00, run_after=2025-02-08T22:13:12.601038+00:00
[2025-02-08T22:13:12.630+0000] {processor.py:175} INFO - Processing /home/airflow/.local/lib/python3.7/site-packages/airflow/example_dags/example_task_group_decorator.py took 0.156 seconds
[2025-02-08T22:13:43.386+0000] {processor.py:153} INFO - Started process (PID=1219) to work on /home/airflow/.local/lib/python3.7/site-packages/airflow/example_dags/example_task_group_decorator.py
[2025-02-08T22:13:43.387+0000] {processor.py:743} INFO - Processing file /home/airflow/.local/lib/python3.7/site-packages/airflow/example_dags/example_task_group_decorator.py for tasks to queue
[2025-02-08T22:13:43.388+0000] {logging_mixin.py:137} INFO - [2025-02-08T22:13:43.388+0000] {dagbag.py:538} INFO - Filling up the DagBag from /home/airflow/.local/lib/python3.7/site-packages/airflow/example_dags/example_task_group_decorator.py
[2025-02-08T22:13:43.413+0000] {processor.py:753} INFO - DAG(s) dict_keys(['example_task_group_decorator']) retrieved from /home/airflow/.local/lib/python3.7/site-packages/airflow/example_dags/example_task_group_decorator.py
[2025-02-08T22:13:43.438+0000] {logging_mixin.py:137} INFO - [2025-02-08T22:13:43.438+0000] {dag.py:2690} INFO - Sync 1 DAGs
[2025-02-08T22:13:43.460+0000] {logging_mixin.py:137} INFO - [2025-02-08T22:13:43.460+0000] {dag.py:3441} INFO - Setting next_dagrun for example_task_group_decorator to 2025-02-07T22:13:43.460295+00:00, run_after=2025-02-08T22:13:43.460295+00:00
[2025-02-08T22:13:43.485+0000] {processor.py:175} INFO - Processing /home/airflow/.local/lib/python3.7/site-packages/airflow/example_dags/example_task_group_decorator.py took 0.101 seconds
[2025-02-08T22:14:13.869+0000] {processor.py:153} INFO - Started process (PID=1290) to work on /home/airflow/.local/lib/python3.7/site-packages/airflow/example_dags/example_task_group_decorator.py
[2025-02-08T22:14:13.870+0000] {processor.py:743} INFO - Processing file /home/airflow/.local/lib/python3.7/site-packages/airflow/example_dags/example_task_group_decorator.py for tasks to queue
[2025-02-08T22:14:13.871+0000] {logging_mixin.py:137} INFO - [2025-02-08T22:14:13.871+0000] {dagbag.py:538} INFO - Filling up the DagBag from /home/airflow/.local/lib/python3.7/site-packages/airflow/example_dags/example_task_group_decorator.py
[2025-02-08T22:14:13.897+0000] {processor.py:753} INFO - DAG(s) dict_keys(['example_task_group_decorator']) retrieved from /home/airflow/.local/lib/python3.7/site-packages/airflow/example_dags/example_task_group_decorator.py
[2025-02-08T22:14:13.923+0000] {logging_mixin.py:137} INFO - [2025-02-08T22:14:13.923+0000] {dag.py:2690} INFO - Sync 1 DAGs
[2025-02-08T22:14:13.946+0000] {logging_mixin.py:137} INFO - [2025-02-08T22:14:13.945+0000] {dag.py:3441} INFO - Setting next_dagrun for example_task_group_decorator to 2025-02-07T22:14:13.945652+00:00, run_after=2025-02-08T22:14:13.945652+00:00
[2025-02-08T22:14:13.971+0000] {processor.py:175} INFO - Processing /home/airflow/.local/lib/python3.7/site-packages/airflow/example_dags/example_task_group_decorator.py took 0.104 seconds
[2025-02-08T22:14:44.281+0000] {processor.py:153} INFO - Started process (PID=1361) to work on /home/airflow/.local/lib/python3.7/site-packages/airflow/example_dags/example_task_group_decorator.py
[2025-02-08T22:14:44.284+0000] {processor.py:743} INFO - Processing file /home/airflow/.local/lib/python3.7/site-packages/airflow/example_dags/example_task_group_decorator.py for tasks to queue
[2025-02-08T22:14:44.286+0000] {logging_mixin.py:137} INFO - [2025-02-08T22:14:44.286+0000] {dagbag.py:538} INFO - Filling up the DagBag from /home/airflow/.local/lib/python3.7/site-packages/airflow/example_dags/example_task_group_decorator.py
[2025-02-08T22:14:44.339+0000] {processor.py:753} INFO - DAG(s) dict_keys(['example_task_group_decorator']) retrieved from /home/airflow/.local/lib/python3.7/site-packages/airflow/example_dags/example_task_group_decorator.py
[2025-02-08T22:14:44.389+0000] {logging_mixin.py:137} INFO - [2025-02-08T22:14:44.389+0000] {dag.py:2690} INFO - Sync 1 DAGs
[2025-02-08T22:14:44.439+0000] {logging_mixin.py:137} INFO - [2025-02-08T22:14:44.439+0000] {dag.py:3441} INFO - Setting next_dagrun for example_task_group_decorator to 2025-02-07T22:14:44.439149+00:00, run_after=2025-02-08T22:14:44.439149+00:00
[2025-02-08T22:14:44.496+0000] {processor.py:175} INFO - Processing /home/airflow/.local/lib/python3.7/site-packages/airflow/example_dags/example_task_group_decorator.py took 0.220 seconds
[2025-02-08T22:15:14.577+0000] {processor.py:153} INFO - Started process (PID=1432) to work on /home/airflow/.local/lib/python3.7/site-packages/airflow/example_dags/example_task_group_decorator.py
[2025-02-08T22:15:14.578+0000] {processor.py:743} INFO - Processing file /home/airflow/.local/lib/python3.7/site-packages/airflow/example_dags/example_task_group_decorator.py for tasks to queue
[2025-02-08T22:15:14.580+0000] {logging_mixin.py:137} INFO - [2025-02-08T22:15:14.579+0000] {dagbag.py:538} INFO - Filling up the DagBag from /home/airflow/.local/lib/python3.7/site-packages/airflow/example_dags/example_task_group_decorator.py
[2025-02-08T22:15:14.608+0000] {processor.py:753} INFO - DAG(s) dict_keys(['example_task_group_decorator']) retrieved from /home/airflow/.local/lib/python3.7/site-packages/airflow/example_dags/example_task_group_decorator.py
[2025-02-08T22:15:14.644+0000] {logging_mixin.py:137} INFO - [2025-02-08T22:15:14.644+0000] {dag.py:2690} INFO - Sync 1 DAGs
[2025-02-08T22:15:14.678+0000] {logging_mixin.py:137} INFO - [2025-02-08T22:15:14.678+0000] {dag.py:3441} INFO - Setting next_dagrun for example_task_group_decorator to 2025-02-07T22:15:14.678253+00:00, run_after=2025-02-08T22:15:14.678253+00:00
[2025-02-08T22:15:14.707+0000] {processor.py:175} INFO - Processing /home/airflow/.local/lib/python3.7/site-packages/airflow/example_dags/example_task_group_decorator.py took 0.133 seconds
[2025-02-08T22:15:44.833+0000] {processor.py:153} INFO - Started process (PID=1519) to work on /home/airflow/.local/lib/python3.7/site-packages/airflow/example_dags/example_task_group_decorator.py
[2025-02-08T22:15:44.834+0000] {processor.py:743} INFO - Processing file /home/airflow/.local/lib/python3.7/site-packages/airflow/example_dags/example_task_group_decorator.py for tasks to queue
[2025-02-08T22:15:44.835+0000] {logging_mixin.py:137} INFO - [2025-02-08T22:15:44.835+0000] {dagbag.py:538} INFO - Filling up the DagBag from /home/airflow/.local/lib/python3.7/site-packages/airflow/example_dags/example_task_group_decorator.py
[2025-02-08T22:15:44.866+0000] {processor.py:753} INFO - DAG(s) dict_keys(['example_task_group_decorator']) retrieved from /home/airflow/.local/lib/python3.7/site-packages/airflow/example_dags/example_task_group_decorator.py
[2025-02-08T22:15:44.900+0000] {logging_mixin.py:137} INFO - [2025-02-08T22:15:44.900+0000] {dag.py:2690} INFO - Sync 1 DAGs
[2025-02-08T22:15:44.934+0000] {logging_mixin.py:137} INFO - [2025-02-08T22:15:44.934+0000] {dag.py:3441} INFO - Setting next_dagrun for example_task_group_decorator to 2025-02-07T22:15:44.933922+00:00, run_after=2025-02-08T22:15:44.933922+00:00
[2025-02-08T22:15:44.966+0000] {processor.py:175} INFO - Processing /home/airflow/.local/lib/python3.7/site-packages/airflow/example_dags/example_task_group_decorator.py took 0.137 seconds
[2025-02-08T22:16:15.436+0000] {processor.py:153} INFO - Started process (PID=1590) to work on /home/airflow/.local/lib/python3.7/site-packages/airflow/example_dags/example_task_group_decorator.py
[2025-02-08T22:16:15.437+0000] {processor.py:743} INFO - Processing file /home/airflow/.local/lib/python3.7/site-packages/airflow/example_dags/example_task_group_decorator.py for tasks to queue
[2025-02-08T22:16:15.437+0000] {logging_mixin.py:137} INFO - [2025-02-08T22:16:15.437+0000] {dagbag.py:538} INFO - Filling up the DagBag from /home/airflow/.local/lib/python3.7/site-packages/airflow/example_dags/example_task_group_decorator.py
[2025-02-08T22:16:15.463+0000] {processor.py:753} INFO - DAG(s) dict_keys(['example_task_group_decorator']) retrieved from /home/airflow/.local/lib/python3.7/site-packages/airflow/example_dags/example_task_group_decorator.py
[2025-02-08T22:16:15.488+0000] {logging_mixin.py:137} INFO - [2025-02-08T22:16:15.488+0000] {dag.py:2690} INFO - Sync 1 DAGs
[2025-02-08T22:16:15.514+0000] {logging_mixin.py:137} INFO - [2025-02-08T22:16:15.513+0000] {dag.py:3441} INFO - Setting next_dagrun for example_task_group_decorator to 2025-02-07T22:16:15.513723+00:00, run_after=2025-02-08T22:16:15.513723+00:00
[2025-02-08T22:16:15.538+0000] {processor.py:175} INFO - Processing /home/airflow/.local/lib/python3.7/site-packages/airflow/example_dags/example_task_group_decorator.py took 0.106 seconds
[2025-02-08T22:16:45.707+0000] {processor.py:153} INFO - Started process (PID=1677) to work on /home/airflow/.local/lib/python3.7/site-packages/airflow/example_dags/example_task_group_decorator.py
[2025-02-08T22:16:45.708+0000] {processor.py:743} INFO - Processing file /home/airflow/.local/lib/python3.7/site-packages/airflow/example_dags/example_task_group_decorator.py for tasks to queue
[2025-02-08T22:16:45.709+0000] {logging_mixin.py:137} INFO - [2025-02-08T22:16:45.709+0000] {dagbag.py:538} INFO - Filling up the DagBag from /home/airflow/.local/lib/python3.7/site-packages/airflow/example_dags/example_task_group_decorator.py
[2025-02-08T22:16:45.741+0000] {processor.py:753} INFO - DAG(s) dict_keys(['example_task_group_decorator']) retrieved from /home/airflow/.local/lib/python3.7/site-packages/airflow/example_dags/example_task_group_decorator.py
[2025-02-08T22:16:45.825+0000] {logging_mixin.py:137} INFO - [2025-02-08T22:16:45.824+0000] {dag.py:2690} INFO - Sync 1 DAGs
[2025-02-08T22:16:45.855+0000] {logging_mixin.py:137} INFO - [2025-02-08T22:16:45.855+0000] {dag.py:3441} INFO - Setting next_dagrun for example_task_group_decorator to 2025-02-07T22:16:45.854893+00:00, run_after=2025-02-08T22:16:45.854893+00:00
[2025-02-08T22:16:45.881+0000] {processor.py:175} INFO - Processing /home/airflow/.local/lib/python3.7/site-packages/airflow/example_dags/example_task_group_decorator.py took 0.177 seconds
[2025-02-08T22:17:16.677+0000] {processor.py:153} INFO - Started process (PID=1748) to work on /home/airflow/.local/lib/python3.7/site-packages/airflow/example_dags/example_task_group_decorator.py
[2025-02-08T22:17:16.678+0000] {processor.py:743} INFO - Processing file /home/airflow/.local/lib/python3.7/site-packages/airflow/example_dags/example_task_group_decorator.py for tasks to queue
[2025-02-08T22:17:16.679+0000] {logging_mixin.py:137} INFO - [2025-02-08T22:17:16.679+0000] {dagbag.py:538} INFO - Filling up the DagBag from /home/airflow/.local/lib/python3.7/site-packages/airflow/example_dags/example_task_group_decorator.py
[2025-02-08T22:17:16.705+0000] {processor.py:753} INFO - DAG(s) dict_keys(['example_task_group_decorator']) retrieved from /home/airflow/.local/lib/python3.7/site-packages/airflow/example_dags/example_task_group_decorator.py
[2025-02-08T22:17:16.732+0000] {logging_mixin.py:137} INFO - [2025-02-08T22:17:16.732+0000] {dag.py:2690} INFO - Sync 1 DAGs
[2025-02-08T22:17:16.755+0000] {logging_mixin.py:137} INFO - [2025-02-08T22:17:16.755+0000] {dag.py:3441} INFO - Setting next_dagrun for example_task_group_decorator to 2025-02-07T22:17:16.755260+00:00, run_after=2025-02-08T22:17:16.755260+00:00
[2025-02-08T22:17:16.779+0000] {processor.py:175} INFO - Processing /home/airflow/.local/lib/python3.7/site-packages/airflow/example_dags/example_task_group_decorator.py took 0.105 seconds
[2025-02-08T22:17:46.941+0000] {processor.py:153} INFO - Started process (PID=1835) to work on /home/airflow/.local/lib/python3.7/site-packages/airflow/example_dags/example_task_group_decorator.py
[2025-02-08T22:17:46.942+0000] {processor.py:743} INFO - Processing file /home/airflow/.local/lib/python3.7/site-packages/airflow/example_dags/example_task_group_decorator.py for tasks to queue
[2025-02-08T22:17:46.943+0000] {logging_mixin.py:137} INFO - [2025-02-08T22:17:46.943+0000] {dagbag.py:538} INFO - Filling up the DagBag from /home/airflow/.local/lib/python3.7/site-packages/airflow/example_dags/example_task_group_decorator.py
[2025-02-08T22:17:46.970+0000] {processor.py:753} INFO - DAG(s) dict_keys(['example_task_group_decorator']) retrieved from /home/airflow/.local/lib/python3.7/site-packages/airflow/example_dags/example_task_group_decorator.py
[2025-02-08T22:17:46.999+0000] {logging_mixin.py:137} INFO - [2025-02-08T22:17:46.998+0000] {dag.py:2690} INFO - Sync 1 DAGs
[2025-02-08T22:17:47.030+0000] {logging_mixin.py:137} INFO - [2025-02-08T22:17:47.030+0000] {dag.py:3441} INFO - Setting next_dagrun for example_task_group_decorator to 2025-02-07T22:17:47.029941+00:00, run_after=2025-02-08T22:17:47.029941+00:00
[2025-02-08T22:17:47.058+0000] {processor.py:175} INFO - Processing /home/airflow/.local/lib/python3.7/site-packages/airflow/example_dags/example_task_group_decorator.py took 0.119 seconds
[2025-02-08T22:18:17.494+0000] {processor.py:153} INFO - Started process (PID=1906) to work on /home/airflow/.local/lib/python3.7/site-packages/airflow/example_dags/example_task_group_decorator.py
[2025-02-08T22:18:17.495+0000] {processor.py:743} INFO - Processing file /home/airflow/.local/lib/python3.7/site-packages/airflow/example_dags/example_task_group_decorator.py for tasks to queue
[2025-02-08T22:18:17.496+0000] {logging_mixin.py:137} INFO - [2025-02-08T22:18:17.496+0000] {dagbag.py:538} INFO - Filling up the DagBag from /home/airflow/.local/lib/python3.7/site-packages/airflow/example_dags/example_task_group_decorator.py
[2025-02-08T22:18:17.522+0000] {processor.py:753} INFO - DAG(s) dict_keys(['example_task_group_decorator']) retrieved from /home/airflow/.local/lib/python3.7/site-packages/airflow/example_dags/example_task_group_decorator.py
[2025-02-08T22:18:17.547+0000] {logging_mixin.py:137} INFO - [2025-02-08T22:18:17.547+0000] {dag.py:2690} INFO - Sync 1 DAGs
[2025-02-08T22:18:17.570+0000] {logging_mixin.py:137} INFO - [2025-02-08T22:18:17.570+0000] {dag.py:3441} INFO - Setting next_dagrun for example_task_group_decorator to 2025-02-07T22:18:17.570629+00:00, run_after=2025-02-08T22:18:17.570629+00:00
[2025-02-08T22:18:17.595+0000] {processor.py:175} INFO - Processing /home/airflow/.local/lib/python3.7/site-packages/airflow/example_dags/example_task_group_decorator.py took 0.105 seconds
[2025-02-08T22:18:48.426+0000] {processor.py:153} INFO - Started process (PID=1993) to work on /home/airflow/.local/lib/python3.7/site-packages/airflow/example_dags/example_task_group_decorator.py
[2025-02-08T22:18:48.427+0000] {processor.py:743} INFO - Processing file /home/airflow/.local/lib/python3.7/site-packages/airflow/example_dags/example_task_group_decorator.py for tasks to queue
[2025-02-08T22:18:48.428+0000] {logging_mixin.py:137} INFO - [2025-02-08T22:18:48.428+0000] {dagbag.py:538} INFO - Filling up the DagBag from /home/airflow/.local/lib/python3.7/site-packages/airflow/example_dags/example_task_group_decorator.py
[2025-02-08T22:18:48.455+0000] {processor.py:753} INFO - DAG(s) dict_keys(['example_task_group_decorator']) retrieved from /home/airflow/.local/lib/python3.7/site-packages/airflow/example_dags/example_task_group_decorator.py
[2025-02-08T22:18:48.482+0000] {logging_mixin.py:137} INFO - [2025-02-08T22:18:48.482+0000] {dag.py:2690} INFO - Sync 1 DAGs
[2025-02-08T22:18:48.507+0000] {logging_mixin.py:137} INFO - [2025-02-08T22:18:48.507+0000] {dag.py:3441} INFO - Setting next_dagrun for example_task_group_decorator to 2025-02-07T22:18:48.506940+00:00, run_after=2025-02-08T22:18:48.506940+00:00
[2025-02-08T22:18:48.531+0000] {processor.py:175} INFO - Processing /home/airflow/.local/lib/python3.7/site-packages/airflow/example_dags/example_task_group_decorator.py took 0.107 seconds
[2025-02-08T22:19:18.734+0000] {processor.py:153} INFO - Started process (PID=2064) to work on /home/airflow/.local/lib/python3.7/site-packages/airflow/example_dags/example_task_group_decorator.py
[2025-02-08T22:19:18.735+0000] {processor.py:743} INFO - Processing file /home/airflow/.local/lib/python3.7/site-packages/airflow/example_dags/example_task_group_decorator.py for tasks to queue
[2025-02-08T22:19:18.737+0000] {logging_mixin.py:137} INFO - [2025-02-08T22:19:18.736+0000] {dagbag.py:538} INFO - Filling up the DagBag from /home/airflow/.local/lib/python3.7/site-packages/airflow/example_dags/example_task_group_decorator.py
[2025-02-08T22:19:18.777+0000] {processor.py:753} INFO - DAG(s) dict_keys(['example_task_group_decorator']) retrieved from /home/airflow/.local/lib/python3.7/site-packages/airflow/example_dags/example_task_group_decorator.py
[2025-02-08T22:19:18.819+0000] {logging_mixin.py:137} INFO - [2025-02-08T22:19:18.819+0000] {dag.py:2690} INFO - Sync 1 DAGs
[2025-02-08T22:19:18.858+0000] {logging_mixin.py:137} INFO - [2025-02-08T22:19:18.858+0000] {dag.py:3441} INFO - Setting next_dagrun for example_task_group_decorator to 2025-02-07T22:19:18.857574+00:00, run_after=2025-02-08T22:19:18.857574+00:00
[2025-02-08T22:19:18.894+0000] {processor.py:175} INFO - Processing /home/airflow/.local/lib/python3.7/site-packages/airflow/example_dags/example_task_group_decorator.py took 0.165 seconds
[2025-02-08T22:19:49.320+0000] {processor.py:153} INFO - Started process (PID=2141) to work on /home/airflow/.local/lib/python3.7/site-packages/airflow/example_dags/example_task_group_decorator.py
[2025-02-08T22:19:49.321+0000] {processor.py:743} INFO - Processing file /home/airflow/.local/lib/python3.7/site-packages/airflow/example_dags/example_task_group_decorator.py for tasks to queue
[2025-02-08T22:19:49.322+0000] {logging_mixin.py:137} INFO - [2025-02-08T22:19:49.322+0000] {dagbag.py:538} INFO - Filling up the DagBag from /home/airflow/.local/lib/python3.7/site-packages/airflow/example_dags/example_task_group_decorator.py
[2025-02-08T22:19:49.348+0000] {processor.py:753} INFO - DAG(s) dict_keys(['example_task_group_decorator']) retrieved from /home/airflow/.local/lib/python3.7/site-packages/airflow/example_dags/example_task_group_decorator.py
[2025-02-08T22:19:49.376+0000] {logging_mixin.py:137} INFO - [2025-02-08T22:19:49.376+0000] {dag.py:2690} INFO - Sync 1 DAGs
[2025-02-08T22:19:49.401+0000] {logging_mixin.py:137} INFO - [2025-02-08T22:19:49.400+0000] {dag.py:3441} INFO - Setting next_dagrun for example_task_group_decorator to 2025-02-07T22:19:49.400762+00:00, run_after=2025-02-08T22:19:49.400762+00:00
[2025-02-08T22:19:49.425+0000] {processor.py:175} INFO - Processing /home/airflow/.local/lib/python3.7/site-packages/airflow/example_dags/example_task_group_decorator.py took 0.108 seconds
[2025-02-08T22:20:20.269+0000] {processor.py:153} INFO - Started process (PID=2221) to work on /home/airflow/.local/lib/python3.7/site-packages/airflow/example_dags/example_task_group_decorator.py
[2025-02-08T22:20:20.270+0000] {processor.py:743} INFO - Processing file /home/airflow/.local/lib/python3.7/site-packages/airflow/example_dags/example_task_group_decorator.py for tasks to queue
[2025-02-08T22:20:20.271+0000] {logging_mixin.py:137} INFO - [2025-02-08T22:20:20.270+0000] {dagbag.py:538} INFO - Filling up the DagBag from /home/airflow/.local/lib/python3.7/site-packages/airflow/example_dags/example_task_group_decorator.py
[2025-02-08T22:20:20.299+0000] {processor.py:753} INFO - DAG(s) dict_keys(['example_task_group_decorator']) retrieved from /home/airflow/.local/lib/python3.7/site-packages/airflow/example_dags/example_task_group_decorator.py
[2025-02-08T22:20:20.329+0000] {logging_mixin.py:137} INFO - [2025-02-08T22:20:20.328+0000] {dag.py:2690} INFO - Sync 1 DAGs
[2025-02-08T22:20:20.361+0000] {logging_mixin.py:137} INFO - [2025-02-08T22:20:20.361+0000] {dag.py:3441} INFO - Setting next_dagrun for example_task_group_decorator to 2025-02-07T22:20:20.360906+00:00, run_after=2025-02-08T22:20:20.360906+00:00
[2025-02-08T22:20:20.390+0000] {processor.py:175} INFO - Processing /home/airflow/.local/lib/python3.7/site-packages/airflow/example_dags/example_task_group_decorator.py took 0.125 seconds
[2025-02-08T22:20:50.571+0000] {processor.py:153} INFO - Started process (PID=2297) to work on /home/airflow/.local/lib/python3.7/site-packages/airflow/example_dags/example_task_group_decorator.py
[2025-02-08T22:20:50.572+0000] {processor.py:743} INFO - Processing file /home/airflow/.local/lib/python3.7/site-packages/airflow/example_dags/example_task_group_decorator.py for tasks to queue
[2025-02-08T22:20:50.574+0000] {logging_mixin.py:137} INFO - [2025-02-08T22:20:50.573+0000] {dagbag.py:538} INFO - Filling up the DagBag from /home/airflow/.local/lib/python3.7/site-packages/airflow/example_dags/example_task_group_decorator.py
[2025-02-08T22:20:50.617+0000] {processor.py:753} INFO - DAG(s) dict_keys(['example_task_group_decorator']) retrieved from /home/airflow/.local/lib/python3.7/site-packages/airflow/example_dags/example_task_group_decorator.py
[2025-02-08T22:20:50.653+0000] {logging_mixin.py:137} INFO - [2025-02-08T22:20:50.653+0000] {dag.py:2690} INFO - Sync 1 DAGs
[2025-02-08T22:20:50.687+0000] {logging_mixin.py:137} INFO - [2025-02-08T22:20:50.687+0000] {dag.py:3441} INFO - Setting next_dagrun for example_task_group_decorator to 2025-02-07T22:20:50.686941+00:00, run_after=2025-02-08T22:20:50.686941+00:00
[2025-02-08T22:20:50.719+0000] {processor.py:175} INFO - Processing /home/airflow/.local/lib/python3.7/site-packages/airflow/example_dags/example_task_group_decorator.py took 0.154 seconds
[2025-02-08T22:21:20.919+0000] {processor.py:153} INFO - Started process (PID=2378) to work on /home/airflow/.local/lib/python3.7/site-packages/airflow/example_dags/example_task_group_decorator.py
[2025-02-08T22:21:20.922+0000] {processor.py:743} INFO - Processing file /home/airflow/.local/lib/python3.7/site-packages/airflow/example_dags/example_task_group_decorator.py for tasks to queue
[2025-02-08T22:21:20.924+0000] {logging_mixin.py:137} INFO - [2025-02-08T22:21:20.924+0000] {dagbag.py:538} INFO - Filling up the DagBag from /home/airflow/.local/lib/python3.7/site-packages/airflow/example_dags/example_task_group_decorator.py
[2025-02-08T22:21:20.993+0000] {processor.py:753} INFO - DAG(s) dict_keys(['example_task_group_decorator']) retrieved from /home/airflow/.local/lib/python3.7/site-packages/airflow/example_dags/example_task_group_decorator.py
[2025-02-08T22:21:21.057+0000] {logging_mixin.py:137} INFO - [2025-02-08T22:21:21.057+0000] {dag.py:2690} INFO - Sync 1 DAGs
[2025-02-08T22:21:21.104+0000] {logging_mixin.py:137} INFO - [2025-02-08T22:21:21.104+0000] {dag.py:3441} INFO - Setting next_dagrun for example_task_group_decorator to 2025-02-07T22:21:21.104151+00:00, run_after=2025-02-08T22:21:21.104151+00:00
[2025-02-08T22:21:21.144+0000] {processor.py:175} INFO - Processing /home/airflow/.local/lib/python3.7/site-packages/airflow/example_dags/example_task_group_decorator.py took 0.233 seconds
[2025-02-08T22:21:51.541+0000] {processor.py:153} INFO - Started process (PID=2449) to work on /home/airflow/.local/lib/python3.7/site-packages/airflow/example_dags/example_task_group_decorator.py
[2025-02-08T22:21:51.543+0000] {processor.py:743} INFO - Processing file /home/airflow/.local/lib/python3.7/site-packages/airflow/example_dags/example_task_group_decorator.py for tasks to queue
[2025-02-08T22:21:51.544+0000] {logging_mixin.py:137} INFO - [2025-02-08T22:21:51.544+0000] {dagbag.py:538} INFO - Filling up the DagBag from /home/airflow/.local/lib/python3.7/site-packages/airflow/example_dags/example_task_group_decorator.py
[2025-02-08T22:21:51.634+0000] {processor.py:753} INFO - DAG(s) dict_keys(['example_task_group_decorator']) retrieved from /home/airflow/.local/lib/python3.7/site-packages/airflow/example_dags/example_task_group_decorator.py
[2025-02-08T22:21:51.692+0000] {logging_mixin.py:137} INFO - [2025-02-08T22:21:51.691+0000] {dag.py:2690} INFO - Sync 1 DAGs
[2025-02-08T22:21:51.748+0000] {logging_mixin.py:137} INFO - [2025-02-08T22:21:51.747+0000] {dag.py:3441} INFO - Setting next_dagrun for example_task_group_decorator to 2025-02-07T22:21:51.747314+00:00, run_after=2025-02-08T22:21:51.747314+00:00
[2025-02-08T22:21:51.799+0000] {processor.py:175} INFO - Processing /home/airflow/.local/lib/python3.7/site-packages/airflow/example_dags/example_task_group_decorator.py took 0.264 seconds
[2025-02-08T22:22:22.224+0000] {processor.py:153} INFO - Started process (PID=2536) to work on /home/airflow/.local/lib/python3.7/site-packages/airflow/example_dags/example_task_group_decorator.py
[2025-02-08T22:22:22.226+0000] {processor.py:743} INFO - Processing file /home/airflow/.local/lib/python3.7/site-packages/airflow/example_dags/example_task_group_decorator.py for tasks to queue
[2025-02-08T22:22:22.227+0000] {logging_mixin.py:137} INFO - [2025-02-08T22:22:22.227+0000] {dagbag.py:538} INFO - Filling up the DagBag from /home/airflow/.local/lib/python3.7/site-packages/airflow/example_dags/example_task_group_decorator.py
[2025-02-08T22:22:22.289+0000] {processor.py:753} INFO - DAG(s) dict_keys(['example_task_group_decorator']) retrieved from /home/airflow/.local/lib/python3.7/site-packages/airflow/example_dags/example_task_group_decorator.py
[2025-02-08T22:22:22.335+0000] {logging_mixin.py:137} INFO - [2025-02-08T22:22:22.335+0000] {dag.py:2690} INFO - Sync 1 DAGs
[2025-02-08T22:22:22.381+0000] {logging_mixin.py:137} INFO - [2025-02-08T22:22:22.381+0000] {dag.py:3441} INFO - Setting next_dagrun for example_task_group_decorator to 2025-02-07T22:22:22.380539+00:00, run_after=2025-02-08T22:22:22.380539+00:00
[2025-02-08T22:22:22.425+0000] {processor.py:175} INFO - Processing /home/airflow/.local/lib/python3.7/site-packages/airflow/example_dags/example_task_group_decorator.py took 0.207 seconds
[2025-02-08T22:22:53.031+0000] {processor.py:153} INFO - Started process (PID=2607) to work on /home/airflow/.local/lib/python3.7/site-packages/airflow/example_dags/example_task_group_decorator.py
[2025-02-08T22:22:53.032+0000] {processor.py:743} INFO - Processing file /home/airflow/.local/lib/python3.7/site-packages/airflow/example_dags/example_task_group_decorator.py for tasks to queue
[2025-02-08T22:22:53.033+0000] {logging_mixin.py:137} INFO - [2025-02-08T22:22:53.033+0000] {dagbag.py:538} INFO - Filling up the DagBag from /home/airflow/.local/lib/python3.7/site-packages/airflow/example_dags/example_task_group_decorator.py
[2025-02-08T22:22:53.065+0000] {processor.py:753} INFO - DAG(s) dict_keys(['example_task_group_decorator']) retrieved from /home/airflow/.local/lib/python3.7/site-packages/airflow/example_dags/example_task_group_decorator.py
[2025-02-08T22:22:53.095+0000] {logging_mixin.py:137} INFO - [2025-02-08T22:22:53.095+0000] {dag.py:2690} INFO - Sync 1 DAGs
[2025-02-08T22:22:53.120+0000] {logging_mixin.py:137} INFO - [2025-02-08T22:22:53.120+0000] {dag.py:3441} INFO - Setting next_dagrun for example_task_group_decorator to 2025-02-07T22:22:53.120204+00:00, run_after=2025-02-08T22:22:53.120204+00:00
[2025-02-08T22:22:53.143+0000] {processor.py:175} INFO - Processing /home/airflow/.local/lib/python3.7/site-packages/airflow/example_dags/example_task_group_decorator.py took 0.116 seconds
[2025-02-08T22:23:23.845+0000] {processor.py:153} INFO - Started process (PID=2694) to work on /home/airflow/.local/lib/python3.7/site-packages/airflow/example_dags/example_task_group_decorator.py
[2025-02-08T22:23:23.847+0000] {processor.py:743} INFO - Processing file /home/airflow/.local/lib/python3.7/site-packages/airflow/example_dags/example_task_group_decorator.py for tasks to queue
[2025-02-08T22:23:23.848+0000] {logging_mixin.py:137} INFO - [2025-02-08T22:23:23.848+0000] {dagbag.py:538} INFO - Filling up the DagBag from /home/airflow/.local/lib/python3.7/site-packages/airflow/example_dags/example_task_group_decorator.py
[2025-02-08T22:23:23.877+0000] {processor.py:753} INFO - DAG(s) dict_keys(['example_task_group_decorator']) retrieved from /home/airflow/.local/lib/python3.7/site-packages/airflow/example_dags/example_task_group_decorator.py
[2025-02-08T22:23:23.901+0000] {logging_mixin.py:137} INFO - [2025-02-08T22:23:23.901+0000] {dag.py:2690} INFO - Sync 1 DAGs
[2025-02-08T22:23:23.927+0000] {logging_mixin.py:137} INFO - [2025-02-08T22:23:23.927+0000] {dag.py:3441} INFO - Setting next_dagrun for example_task_group_decorator to 2025-02-07T22:23:23.926803+00:00, run_after=2025-02-08T22:23:23.926803+00:00
[2025-02-08T22:23:23.948+0000] {processor.py:175} INFO - Processing /home/airflow/.local/lib/python3.7/site-packages/airflow/example_dags/example_task_group_decorator.py took 0.106 seconds
[2025-02-08T22:23:55.409+0000] {processor.py:153} INFO - Started process (PID=2765) to work on /home/airflow/.local/lib/python3.7/site-packages/airflow/example_dags/example_task_group_decorator.py
[2025-02-08T22:23:55.413+0000] {processor.py:743} INFO - Processing file /home/airflow/.local/lib/python3.7/site-packages/airflow/example_dags/example_task_group_decorator.py for tasks to queue
[2025-02-08T22:23:55.416+0000] {logging_mixin.py:137} INFO - [2025-02-08T22:23:55.415+0000] {dagbag.py:538} INFO - Filling up the DagBag from /home/airflow/.local/lib/python3.7/site-packages/airflow/example_dags/example_task_group_decorator.py
[2025-02-08T22:23:55.505+0000] {processor.py:753} INFO - DAG(s) dict_keys(['example_task_group_decorator']) retrieved from /home/airflow/.local/lib/python3.7/site-packages/airflow/example_dags/example_task_group_decorator.py
[2025-02-08T22:23:55.562+0000] {logging_mixin.py:137} INFO - [2025-02-08T22:23:55.562+0000] {dag.py:2690} INFO - Sync 1 DAGs
[2025-02-08T22:23:55.613+0000] {logging_mixin.py:137} INFO - [2025-02-08T22:23:55.612+0000] {dag.py:3441} INFO - Setting next_dagrun for example_task_group_decorator to 2025-02-07T22:23:55.612401+00:00, run_after=2025-02-08T22:23:55.612401+00:00
[2025-02-08T22:23:55.646+0000] {processor.py:175} INFO - Processing /home/airflow/.local/lib/python3.7/site-packages/airflow/example_dags/example_task_group_decorator.py took 0.248 seconds
[2025-02-08T22:24:26.202+0000] {processor.py:153} INFO - Started process (PID=2836) to work on /home/airflow/.local/lib/python3.7/site-packages/airflow/example_dags/example_task_group_decorator.py
[2025-02-08T22:24:26.203+0000] {processor.py:743} INFO - Processing file /home/airflow/.local/lib/python3.7/site-packages/airflow/example_dags/example_task_group_decorator.py for tasks to queue
[2025-02-08T22:24:26.205+0000] {logging_mixin.py:137} INFO - [2025-02-08T22:24:26.204+0000] {dagbag.py:538} INFO - Filling up the DagBag from /home/airflow/.local/lib/python3.7/site-packages/airflow/example_dags/example_task_group_decorator.py
[2025-02-08T22:24:26.248+0000] {processor.py:753} INFO - DAG(s) dict_keys(['example_task_group_decorator']) retrieved from /home/airflow/.local/lib/python3.7/site-packages/airflow/example_dags/example_task_group_decorator.py
[2025-02-08T22:24:26.285+0000] {logging_mixin.py:137} INFO - [2025-02-08T22:24:26.285+0000] {dag.py:2690} INFO - Sync 1 DAGs
[2025-02-08T22:24:26.328+0000] {logging_mixin.py:137} INFO - [2025-02-08T22:24:26.327+0000] {dag.py:3441} INFO - Setting next_dagrun for example_task_group_decorator to 2025-02-07T22:24:26.327560+00:00, run_after=2025-02-08T22:24:26.327560+00:00
[2025-02-08T22:24:26.354+0000] {processor.py:175} INFO - Processing /home/airflow/.local/lib/python3.7/site-packages/airflow/example_dags/example_task_group_decorator.py took 0.159 seconds
[2025-02-08T22:24:57.078+0000] {processor.py:153} INFO - Started process (PID=2916) to work on /home/airflow/.local/lib/python3.7/site-packages/airflow/example_dags/example_task_group_decorator.py
[2025-02-08T22:24:57.081+0000] {processor.py:743} INFO - Processing file /home/airflow/.local/lib/python3.7/site-packages/airflow/example_dags/example_task_group_decorator.py for tasks to queue
[2025-02-08T22:24:57.082+0000] {logging_mixin.py:137} INFO - [2025-02-08T22:24:57.082+0000] {dagbag.py:538} INFO - Filling up the DagBag from /home/airflow/.local/lib/python3.7/site-packages/airflow/example_dags/example_task_group_decorator.py
[2025-02-08T22:24:57.136+0000] {processor.py:753} INFO - DAG(s) dict_keys(['example_task_group_decorator']) retrieved from /home/airflow/.local/lib/python3.7/site-packages/airflow/example_dags/example_task_group_decorator.py
[2025-02-08T22:24:57.189+0000] {logging_mixin.py:137} INFO - [2025-02-08T22:24:57.189+0000] {dag.py:2690} INFO - Sync 1 DAGs
[2025-02-08T22:24:57.229+0000] {logging_mixin.py:137} INFO - [2025-02-08T22:24:57.229+0000] {dag.py:3441} INFO - Setting next_dagrun for example_task_group_decorator to 2025-02-07T22:24:57.228816+00:00, run_after=2025-02-08T22:24:57.228816+00:00
[2025-02-08T22:24:57.271+0000] {processor.py:175} INFO - Processing /home/airflow/.local/lib/python3.7/site-packages/airflow/example_dags/example_task_group_decorator.py took 0.198 seconds
[2025-02-08T22:25:27.311+0000] {processor.py:153} INFO - Started process (PID=2994) to work on /home/airflow/.local/lib/python3.7/site-packages/airflow/example_dags/example_task_group_decorator.py
[2025-02-08T22:25:27.312+0000] {processor.py:743} INFO - Processing file /home/airflow/.local/lib/python3.7/site-packages/airflow/example_dags/example_task_group_decorator.py for tasks to queue
[2025-02-08T22:25:27.313+0000] {logging_mixin.py:137} INFO - [2025-02-08T22:25:27.313+0000] {dagbag.py:538} INFO - Filling up the DagBag from /home/airflow/.local/lib/python3.7/site-packages/airflow/example_dags/example_task_group_decorator.py
[2025-02-08T22:25:27.365+0000] {processor.py:753} INFO - DAG(s) dict_keys(['example_task_group_decorator']) retrieved from /home/airflow/.local/lib/python3.7/site-packages/airflow/example_dags/example_task_group_decorator.py
[2025-02-08T22:25:27.414+0000] {logging_mixin.py:137} INFO - [2025-02-08T22:25:27.414+0000] {dag.py:2690} INFO - Sync 1 DAGs
[2025-02-08T22:25:27.459+0000] {logging_mixin.py:137} INFO - [2025-02-08T22:25:27.459+0000] {dag.py:3441} INFO - Setting next_dagrun for example_task_group_decorator to 2025-02-07T22:25:27.459033+00:00, run_after=2025-02-08T22:25:27.459033+00:00
[2025-02-08T22:25:27.491+0000] {processor.py:175} INFO - Processing /home/airflow/.local/lib/python3.7/site-packages/airflow/example_dags/example_task_group_decorator.py took 0.185 seconds
[2025-02-08T22:25:58.113+0000] {processor.py:153} INFO - Started process (PID=3065) to work on /home/airflow/.local/lib/python3.7/site-packages/airflow/example_dags/example_task_group_decorator.py
[2025-02-08T22:25:58.114+0000] {processor.py:743} INFO - Processing file /home/airflow/.local/lib/python3.7/site-packages/airflow/example_dags/example_task_group_decorator.py for tasks to queue
[2025-02-08T22:25:58.115+0000] {logging_mixin.py:137} INFO - [2025-02-08T22:25:58.115+0000] {dagbag.py:538} INFO - Filling up the DagBag from /home/airflow/.local/lib/python3.7/site-packages/airflow/example_dags/example_task_group_decorator.py
[2025-02-08T22:25:58.152+0000] {processor.py:753} INFO - DAG(s) dict_keys(['example_task_group_decorator']) retrieved from /home/airflow/.local/lib/python3.7/site-packages/airflow/example_dags/example_task_group_decorator.py
[2025-02-08T22:25:58.186+0000] {logging_mixin.py:137} INFO - [2025-02-08T22:25:58.186+0000] {dag.py:2690} INFO - Sync 1 DAGs
[2025-02-08T22:25:58.219+0000] {logging_mixin.py:137} INFO - [2025-02-08T22:25:58.219+0000] {dag.py:3441} INFO - Setting next_dagrun for example_task_group_decorator to 2025-02-07T22:25:58.219019+00:00, run_after=2025-02-08T22:25:58.219019+00:00
[2025-02-08T22:25:58.247+0000] {processor.py:175} INFO - Processing /home/airflow/.local/lib/python3.7/site-packages/airflow/example_dags/example_task_group_decorator.py took 0.138 seconds
[2025-02-08T22:26:28.860+0000] {processor.py:153} INFO - Started process (PID=3137) to work on /home/airflow/.local/lib/python3.7/site-packages/airflow/example_dags/example_task_group_decorator.py
[2025-02-08T22:26:28.861+0000] {processor.py:743} INFO - Processing file /home/airflow/.local/lib/python3.7/site-packages/airflow/example_dags/example_task_group_decorator.py for tasks to queue
[2025-02-08T22:26:28.862+0000] {logging_mixin.py:137} INFO - [2025-02-08T22:26:28.862+0000] {dagbag.py:538} INFO - Filling up the DagBag from /home/airflow/.local/lib/python3.7/site-packages/airflow/example_dags/example_task_group_decorator.py
[2025-02-08T22:26:28.890+0000] {processor.py:753} INFO - DAG(s) dict_keys(['example_task_group_decorator']) retrieved from /home/airflow/.local/lib/python3.7/site-packages/airflow/example_dags/example_task_group_decorator.py
[2025-02-08T22:26:28.915+0000] {logging_mixin.py:137} INFO - [2025-02-08T22:26:28.915+0000] {dag.py:2690} INFO - Sync 1 DAGs
[2025-02-08T22:26:28.948+0000] {logging_mixin.py:137} INFO - [2025-02-08T22:26:28.948+0000] {dag.py:3441} INFO - Setting next_dagrun for example_task_group_decorator to 2025-02-07T22:26:28.947697+00:00, run_after=2025-02-08T22:26:28.947697+00:00
[2025-02-08T22:26:28.973+0000] {processor.py:175} INFO - Processing /home/airflow/.local/lib/python3.7/site-packages/airflow/example_dags/example_task_group_decorator.py took 0.116 seconds
[2025-02-08T22:26:59.681+0000] {processor.py:153} INFO - Started process (PID=3225) to work on /home/airflow/.local/lib/python3.7/site-packages/airflow/example_dags/example_task_group_decorator.py
[2025-02-08T22:26:59.682+0000] {processor.py:743} INFO - Processing file /home/airflow/.local/lib/python3.7/site-packages/airflow/example_dags/example_task_group_decorator.py for tasks to queue
[2025-02-08T22:26:59.683+0000] {logging_mixin.py:137} INFO - [2025-02-08T22:26:59.683+0000] {dagbag.py:538} INFO - Filling up the DagBag from /home/airflow/.local/lib/python3.7/site-packages/airflow/example_dags/example_task_group_decorator.py
[2025-02-08T22:26:59.710+0000] {processor.py:753} INFO - DAG(s) dict_keys(['example_task_group_decorator']) retrieved from /home/airflow/.local/lib/python3.7/site-packages/airflow/example_dags/example_task_group_decorator.py
[2025-02-08T22:26:59.740+0000] {logging_mixin.py:137} INFO - [2025-02-08T22:26:59.740+0000] {dag.py:2690} INFO - Sync 1 DAGs
[2025-02-08T22:26:59.765+0000] {logging_mixin.py:137} INFO - [2025-02-08T22:26:59.765+0000] {dag.py:3441} INFO - Setting next_dagrun for example_task_group_decorator to 2025-02-07T22:26:59.764941+00:00, run_after=2025-02-08T22:26:59.764941+00:00
[2025-02-08T22:26:59.789+0000] {processor.py:175} INFO - Processing /home/airflow/.local/lib/python3.7/site-packages/airflow/example_dags/example_task_group_decorator.py took 0.111 seconds
[2025-02-08T22:27:30.610+0000] {processor.py:153} INFO - Started process (PID=3306) to work on /home/airflow/.local/lib/python3.7/site-packages/airflow/example_dags/example_task_group_decorator.py
[2025-02-08T22:27:30.611+0000] {processor.py:743} INFO - Processing file /home/airflow/.local/lib/python3.7/site-packages/airflow/example_dags/example_task_group_decorator.py for tasks to queue
[2025-02-08T22:27:30.613+0000] {logging_mixin.py:137} INFO - [2025-02-08T22:27:30.613+0000] {dagbag.py:538} INFO - Filling up the DagBag from /home/airflow/.local/lib/python3.7/site-packages/airflow/example_dags/example_task_group_decorator.py
[2025-02-08T22:27:30.648+0000] {processor.py:753} INFO - DAG(s) dict_keys(['example_task_group_decorator']) retrieved from /home/airflow/.local/lib/python3.7/site-packages/airflow/example_dags/example_task_group_decorator.py
[2025-02-08T22:27:30.682+0000] {logging_mixin.py:137} INFO - [2025-02-08T22:27:30.682+0000] {dag.py:2690} INFO - Sync 1 DAGs
[2025-02-08T22:27:30.726+0000] {logging_mixin.py:137} INFO - [2025-02-08T22:27:30.726+0000] {dag.py:3441} INFO - Setting next_dagrun for example_task_group_decorator to 2025-02-07T22:27:30.726223+00:00, run_after=2025-02-08T22:27:30.726223+00:00
[2025-02-08T22:27:30.798+0000] {processor.py:175} INFO - Processing /home/airflow/.local/lib/python3.7/site-packages/airflow/example_dags/example_task_group_decorator.py took 0.192 seconds
