[2025-02-08T22:06:05.515+0000] {processor.py:153} INFO - Started process (PID=71) to work on /home/airflow/.local/lib/python3.7/site-packages/airflow/example_dags/example_task_group.py
[2025-02-08T22:06:05.521+0000] {processor.py:743} INFO - Processing file /home/airflow/.local/lib/python3.7/site-packages/airflow/example_dags/example_task_group.py for tasks to queue
[2025-02-08T22:06:05.525+0000] {logging_mixin.py:137} INFO - [2025-02-08T22:06:05.524+0000] {dagbag.py:538} INFO - Filling up the DagBag from /home/airflow/.local/lib/python3.7/site-packages/airflow/example_dags/example_task_group.py
[2025-02-08T22:06:05.607+0000] {processor.py:753} INFO - DAG(s) dict_keys(['example_task_group']) retrieved from /home/airflow/.local/lib/python3.7/site-packages/airflow/example_dags/example_task_group.py
[2025-02-08T22:06:05.709+0000] {logging_mixin.py:137} INFO - [2025-02-08T22:06:05.708+0000] {dag.py:2690} INFO - Sync 1 DAGs
[2025-02-08T22:06:05.813+0000] {logging_mixin.py:137} INFO - [2025-02-08T22:06:05.812+0000] {dag.py:3441} INFO - Setting next_dagrun for example_task_group to 2025-02-07T22:06:05.810856+00:00, run_after=2025-02-08T22:06:05.810856+00:00
[2025-02-08T22:06:05.897+0000] {processor.py:175} INFO - Processing /home/airflow/.local/lib/python3.7/site-packages/airflow/example_dags/example_task_group.py took 0.408 seconds
[2025-02-08T22:06:37.396+0000] {processor.py:153} INFO - Started process (PID=142) to work on /home/airflow/.local/lib/python3.7/site-packages/airflow/example_dags/example_task_group.py
[2025-02-08T22:06:37.398+0000] {processor.py:743} INFO - Processing file /home/airflow/.local/lib/python3.7/site-packages/airflow/example_dags/example_task_group.py for tasks to queue
[2025-02-08T22:06:37.399+0000] {logging_mixin.py:137} INFO - [2025-02-08T22:06:37.399+0000] {dagbag.py:538} INFO - Filling up the DagBag from /home/airflow/.local/lib/python3.7/site-packages/airflow/example_dags/example_task_group.py
[2025-02-08T22:06:37.421+0000] {processor.py:753} INFO - DAG(s) dict_keys(['example_task_group']) retrieved from /home/airflow/.local/lib/python3.7/site-packages/airflow/example_dags/example_task_group.py
[2025-02-08T22:06:37.453+0000] {logging_mixin.py:137} INFO - [2025-02-08T22:06:37.453+0000] {dag.py:2690} INFO - Sync 1 DAGs
[2025-02-08T22:06:37.489+0000] {logging_mixin.py:137} INFO - [2025-02-08T22:06:37.488+0000] {dag.py:3441} INFO - Setting next_dagrun for example_task_group to 2025-02-07T22:06:37.488525+00:00, run_after=2025-02-08T22:06:37.488525+00:00
[2025-02-08T22:06:37.516+0000] {processor.py:175} INFO - Processing /home/airflow/.local/lib/python3.7/site-packages/airflow/example_dags/example_task_group.py took 0.123 seconds
[2025-02-08T22:07:07.811+0000] {processor.py:153} INFO - Started process (PID=213) to work on /home/airflow/.local/lib/python3.7/site-packages/airflow/example_dags/example_task_group.py
[2025-02-08T22:07:07.812+0000] {processor.py:743} INFO - Processing file /home/airflow/.local/lib/python3.7/site-packages/airflow/example_dags/example_task_group.py for tasks to queue
[2025-02-08T22:07:07.813+0000] {logging_mixin.py:137} INFO - [2025-02-08T22:07:07.813+0000] {dagbag.py:538} INFO - Filling up the DagBag from /home/airflow/.local/lib/python3.7/site-packages/airflow/example_dags/example_task_group.py
[2025-02-08T22:07:07.828+0000] {processor.py:753} INFO - DAG(s) dict_keys(['example_task_group']) retrieved from /home/airflow/.local/lib/python3.7/site-packages/airflow/example_dags/example_task_group.py
[2025-02-08T22:07:07.854+0000] {logging_mixin.py:137} INFO - [2025-02-08T22:07:07.853+0000] {dag.py:2690} INFO - Sync 1 DAGs
[2025-02-08T22:07:07.877+0000] {logging_mixin.py:137} INFO - [2025-02-08T22:07:07.877+0000] {dag.py:3441} INFO - Setting next_dagrun for example_task_group to 2025-02-07T22:07:07.877564+00:00, run_after=2025-02-08T22:07:07.877564+00:00
[2025-02-08T22:07:07.899+0000] {processor.py:175} INFO - Processing /home/airflow/.local/lib/python3.7/site-packages/airflow/example_dags/example_task_group.py took 0.091 seconds
[2025-02-08T22:07:38.563+0000] {processor.py:153} INFO - Started process (PID=300) to work on /home/airflow/.local/lib/python3.7/site-packages/airflow/example_dags/example_task_group.py
[2025-02-08T22:07:38.565+0000] {processor.py:743} INFO - Processing file /home/airflow/.local/lib/python3.7/site-packages/airflow/example_dags/example_task_group.py for tasks to queue
[2025-02-08T22:07:38.567+0000] {logging_mixin.py:137} INFO - [2025-02-08T22:07:38.566+0000] {dagbag.py:538} INFO - Filling up the DagBag from /home/airflow/.local/lib/python3.7/site-packages/airflow/example_dags/example_task_group.py
[2025-02-08T22:07:38.582+0000] {processor.py:753} INFO - DAG(s) dict_keys(['example_task_group']) retrieved from /home/airflow/.local/lib/python3.7/site-packages/airflow/example_dags/example_task_group.py
[2025-02-08T22:07:38.608+0000] {logging_mixin.py:137} INFO - [2025-02-08T22:07:38.608+0000] {dag.py:2690} INFO - Sync 1 DAGs
[2025-02-08T22:07:38.635+0000] {logging_mixin.py:137} INFO - [2025-02-08T22:07:38.635+0000] {dag.py:3441} INFO - Setting next_dagrun for example_task_group to 2025-02-07T22:07:38.634920+00:00, run_after=2025-02-08T22:07:38.634920+00:00
[2025-02-08T22:07:38.663+0000] {processor.py:175} INFO - Processing /home/airflow/.local/lib/python3.7/site-packages/airflow/example_dags/example_task_group.py took 0.104 seconds
[2025-02-08T22:08:09.054+0000] {processor.py:153} INFO - Started process (PID=371) to work on /home/airflow/.local/lib/python3.7/site-packages/airflow/example_dags/example_task_group.py
[2025-02-08T22:08:09.055+0000] {processor.py:743} INFO - Processing file /home/airflow/.local/lib/python3.7/site-packages/airflow/example_dags/example_task_group.py for tasks to queue
[2025-02-08T22:08:09.055+0000] {logging_mixin.py:137} INFO - [2025-02-08T22:08:09.055+0000] {dagbag.py:538} INFO - Filling up the DagBag from /home/airflow/.local/lib/python3.7/site-packages/airflow/example_dags/example_task_group.py
[2025-02-08T22:08:09.070+0000] {processor.py:753} INFO - DAG(s) dict_keys(['example_task_group']) retrieved from /home/airflow/.local/lib/python3.7/site-packages/airflow/example_dags/example_task_group.py
[2025-02-08T22:08:09.093+0000] {logging_mixin.py:137} INFO - [2025-02-08T22:08:09.093+0000] {dag.py:2690} INFO - Sync 1 DAGs
[2025-02-08T22:08:09.117+0000] {logging_mixin.py:137} INFO - [2025-02-08T22:08:09.117+0000] {dag.py:3441} INFO - Setting next_dagrun for example_task_group to 2025-02-07T22:08:09.117499+00:00, run_after=2025-02-08T22:08:09.117499+00:00
[2025-02-08T22:08:09.140+0000] {processor.py:175} INFO - Processing /home/airflow/.local/lib/python3.7/site-packages/airflow/example_dags/example_task_group.py took 0.089 seconds
[2025-02-08T22:08:40.851+0000] {processor.py:153} INFO - Started process (PID=442) to work on /home/airflow/.local/lib/python3.7/site-packages/airflow/example_dags/example_task_group.py
[2025-02-08T22:08:40.853+0000] {processor.py:743} INFO - Processing file /home/airflow/.local/lib/python3.7/site-packages/airflow/example_dags/example_task_group.py for tasks to queue
[2025-02-08T22:08:40.855+0000] {logging_mixin.py:137} INFO - [2025-02-08T22:08:40.854+0000] {dagbag.py:538} INFO - Filling up the DagBag from /home/airflow/.local/lib/python3.7/site-packages/airflow/example_dags/example_task_group.py
[2025-02-08T22:08:40.881+0000] {processor.py:753} INFO - DAG(s) dict_keys(['example_task_group']) retrieved from /home/airflow/.local/lib/python3.7/site-packages/airflow/example_dags/example_task_group.py
[2025-02-08T22:08:40.926+0000] {logging_mixin.py:137} INFO - [2025-02-08T22:08:40.925+0000] {dag.py:2690} INFO - Sync 1 DAGs
[2025-02-08T22:08:40.976+0000] {logging_mixin.py:137} INFO - [2025-02-08T22:08:40.975+0000] {dag.py:3441} INFO - Setting next_dagrun for example_task_group to 2025-02-07T22:08:40.975212+00:00, run_after=2025-02-08T22:08:40.975212+00:00
[2025-02-08T22:08:41.037+0000] {processor.py:175} INFO - Processing /home/airflow/.local/lib/python3.7/site-packages/airflow/example_dags/example_task_group.py took 0.192 seconds
[2025-02-08T22:09:11.078+0000] {processor.py:153} INFO - Started process (PID=529) to work on /home/airflow/.local/lib/python3.7/site-packages/airflow/example_dags/example_task_group.py
[2025-02-08T22:09:11.080+0000] {processor.py:743} INFO - Processing file /home/airflow/.local/lib/python3.7/site-packages/airflow/example_dags/example_task_group.py for tasks to queue
[2025-02-08T22:09:11.081+0000] {logging_mixin.py:137} INFO - [2025-02-08T22:09:11.081+0000] {dagbag.py:538} INFO - Filling up the DagBag from /home/airflow/.local/lib/python3.7/site-packages/airflow/example_dags/example_task_group.py
[2025-02-08T22:09:11.101+0000] {processor.py:753} INFO - DAG(s) dict_keys(['example_task_group']) retrieved from /home/airflow/.local/lib/python3.7/site-packages/airflow/example_dags/example_task_group.py
[2025-02-08T22:09:11.135+0000] {logging_mixin.py:137} INFO - [2025-02-08T22:09:11.135+0000] {dag.py:2690} INFO - Sync 1 DAGs
[2025-02-08T22:09:11.169+0000] {logging_mixin.py:137} INFO - [2025-02-08T22:09:11.169+0000] {dag.py:3441} INFO - Setting next_dagrun for example_task_group to 2025-02-07T22:09:11.169036+00:00, run_after=2025-02-08T22:09:11.169036+00:00
[2025-02-08T22:09:11.196+0000] {processor.py:175} INFO - Processing /home/airflow/.local/lib/python3.7/site-packages/airflow/example_dags/example_task_group.py took 0.121 seconds
[2025-02-08T22:09:42.895+0000] {processor.py:153} INFO - Started process (PID=600) to work on /home/airflow/.local/lib/python3.7/site-packages/airflow/example_dags/example_task_group.py
[2025-02-08T22:09:42.897+0000] {processor.py:743} INFO - Processing file /home/airflow/.local/lib/python3.7/site-packages/airflow/example_dags/example_task_group.py for tasks to queue
[2025-02-08T22:09:42.898+0000] {logging_mixin.py:137} INFO - [2025-02-08T22:09:42.898+0000] {dagbag.py:538} INFO - Filling up the DagBag from /home/airflow/.local/lib/python3.7/site-packages/airflow/example_dags/example_task_group.py
[2025-02-08T22:09:42.933+0000] {processor.py:753} INFO - DAG(s) dict_keys(['example_task_group']) retrieved from /home/airflow/.local/lib/python3.7/site-packages/airflow/example_dags/example_task_group.py
[2025-02-08T22:09:42.984+0000] {logging_mixin.py:137} INFO - [2025-02-08T22:09:42.984+0000] {dag.py:2690} INFO - Sync 1 DAGs
[2025-02-08T22:09:43.031+0000] {logging_mixin.py:137} INFO - [2025-02-08T22:09:43.030+0000] {dag.py:3441} INFO - Setting next_dagrun for example_task_group to 2025-02-07T22:09:43.030453+00:00, run_after=2025-02-08T22:09:43.030453+00:00
[2025-02-08T22:09:43.064+0000] {processor.py:175} INFO - Processing /home/airflow/.local/lib/python3.7/site-packages/airflow/example_dags/example_task_group.py took 0.176 seconds
[2025-02-08T22:10:14.242+0000] {processor.py:153} INFO - Started process (PID=687) to work on /home/airflow/.local/lib/python3.7/site-packages/airflow/example_dags/example_task_group.py
[2025-02-08T22:10:14.244+0000] {processor.py:743} INFO - Processing file /home/airflow/.local/lib/python3.7/site-packages/airflow/example_dags/example_task_group.py for tasks to queue
[2025-02-08T22:10:14.245+0000] {logging_mixin.py:137} INFO - [2025-02-08T22:10:14.245+0000] {dagbag.py:538} INFO - Filling up the DagBag from /home/airflow/.local/lib/python3.7/site-packages/airflow/example_dags/example_task_group.py
[2025-02-08T22:10:14.274+0000] {processor.py:753} INFO - DAG(s) dict_keys(['example_task_group']) retrieved from /home/airflow/.local/lib/python3.7/site-packages/airflow/example_dags/example_task_group.py
[2025-02-08T22:10:14.316+0000] {logging_mixin.py:137} INFO - [2025-02-08T22:10:14.315+0000] {dag.py:2690} INFO - Sync 1 DAGs
[2025-02-08T22:10:14.355+0000] {logging_mixin.py:137} INFO - [2025-02-08T22:10:14.354+0000] {dag.py:3441} INFO - Setting next_dagrun for example_task_group to 2025-02-07T22:10:14.354602+00:00, run_after=2025-02-08T22:10:14.354602+00:00
[2025-02-08T22:10:14.398+0000] {processor.py:175} INFO - Processing /home/airflow/.local/lib/python3.7/site-packages/airflow/example_dags/example_task_group.py took 0.161 seconds
[2025-02-08T22:10:45.094+0000] {processor.py:153} INFO - Started process (PID=758) to work on /home/airflow/.local/lib/python3.7/site-packages/airflow/example_dags/example_task_group.py
[2025-02-08T22:10:45.095+0000] {processor.py:743} INFO - Processing file /home/airflow/.local/lib/python3.7/site-packages/airflow/example_dags/example_task_group.py for tasks to queue
[2025-02-08T22:10:45.096+0000] {logging_mixin.py:137} INFO - [2025-02-08T22:10:45.096+0000] {dagbag.py:538} INFO - Filling up the DagBag from /home/airflow/.local/lib/python3.7/site-packages/airflow/example_dags/example_task_group.py
[2025-02-08T22:10:45.110+0000] {processor.py:753} INFO - DAG(s) dict_keys(['example_task_group']) retrieved from /home/airflow/.local/lib/python3.7/site-packages/airflow/example_dags/example_task_group.py
[2025-02-08T22:10:45.136+0000] {logging_mixin.py:137} INFO - [2025-02-08T22:10:45.136+0000] {dag.py:2690} INFO - Sync 1 DAGs
[2025-02-08T22:10:45.162+0000] {logging_mixin.py:137} INFO - [2025-02-08T22:10:45.162+0000] {dag.py:3441} INFO - Setting next_dagrun for example_task_group to 2025-02-07T22:10:45.161816+00:00, run_after=2025-02-08T22:10:45.161816+00:00
[2025-02-08T22:10:45.188+0000] {processor.py:175} INFO - Processing /home/airflow/.local/lib/python3.7/site-packages/airflow/example_dags/example_task_group.py took 0.098 seconds
[2025-02-08T22:11:21.030+0000] {processor.py:153} INFO - Started process (PID=845) to work on /home/airflow/.local/lib/python3.7/site-packages/airflow/example_dags/example_task_group.py
[2025-02-08T22:11:21.032+0000] {processor.py:743} INFO - Processing file /home/airflow/.local/lib/python3.7/site-packages/airflow/example_dags/example_task_group.py for tasks to queue
[2025-02-08T22:11:21.033+0000] {logging_mixin.py:137} INFO - [2025-02-08T22:11:21.033+0000] {dagbag.py:538} INFO - Filling up the DagBag from /home/airflow/.local/lib/python3.7/site-packages/airflow/example_dags/example_task_group.py
[2025-02-08T22:11:21.057+0000] {processor.py:753} INFO - DAG(s) dict_keys(['example_task_group']) retrieved from /home/airflow/.local/lib/python3.7/site-packages/airflow/example_dags/example_task_group.py
[2025-02-08T22:11:21.097+0000] {logging_mixin.py:137} INFO - [2025-02-08T22:11:21.097+0000] {dag.py:2690} INFO - Sync 1 DAGs
[2025-02-08T22:11:21.140+0000] {logging_mixin.py:137} INFO - [2025-02-08T22:11:21.140+0000] {dag.py:3441} INFO - Setting next_dagrun for example_task_group to 2025-02-07T22:11:21.140339+00:00, run_after=2025-02-08T22:11:21.140339+00:00
[2025-02-08T22:11:21.179+0000] {processor.py:175} INFO - Processing /home/airflow/.local/lib/python3.7/site-packages/airflow/example_dags/example_task_group.py took 0.154 seconds
[2025-02-08T22:11:51.279+0000] {processor.py:153} INFO - Started process (PID=925) to work on /home/airflow/.local/lib/python3.7/site-packages/airflow/example_dags/example_task_group.py
[2025-02-08T22:11:51.281+0000] {processor.py:743} INFO - Processing file /home/airflow/.local/lib/python3.7/site-packages/airflow/example_dags/example_task_group.py for tasks to queue
[2025-02-08T22:11:51.281+0000] {logging_mixin.py:137} INFO - [2025-02-08T22:11:51.281+0000] {dagbag.py:538} INFO - Filling up the DagBag from /home/airflow/.local/lib/python3.7/site-packages/airflow/example_dags/example_task_group.py
[2025-02-08T22:11:51.297+0000] {processor.py:753} INFO - DAG(s) dict_keys(['example_task_group']) retrieved from /home/airflow/.local/lib/python3.7/site-packages/airflow/example_dags/example_task_group.py
[2025-02-08T22:11:51.322+0000] {logging_mixin.py:137} INFO - [2025-02-08T22:11:51.322+0000] {dag.py:2690} INFO - Sync 1 DAGs
[2025-02-08T22:11:51.346+0000] {logging_mixin.py:137} INFO - [2025-02-08T22:11:51.346+0000] {dag.py:3441} INFO - Setting next_dagrun for example_task_group to 2025-02-07T22:11:51.345917+00:00, run_after=2025-02-08T22:11:51.345917+00:00
[2025-02-08T22:11:51.371+0000] {processor.py:175} INFO - Processing /home/airflow/.local/lib/python3.7/site-packages/airflow/example_dags/example_task_group.py took 0.097 seconds
[2025-02-08T22:12:21.593+0000] {processor.py:153} INFO - Started process (PID=1004) to work on /home/airflow/.local/lib/python3.7/site-packages/airflow/example_dags/example_task_group.py
[2025-02-08T22:12:21.594+0000] {processor.py:743} INFO - Processing file /home/airflow/.local/lib/python3.7/site-packages/airflow/example_dags/example_task_group.py for tasks to queue
[2025-02-08T22:12:21.596+0000] {logging_mixin.py:137} INFO - [2025-02-08T22:12:21.595+0000] {dagbag.py:538} INFO - Filling up the DagBag from /home/airflow/.local/lib/python3.7/site-packages/airflow/example_dags/example_task_group.py
[2025-02-08T22:12:21.611+0000] {processor.py:753} INFO - DAG(s) dict_keys(['example_task_group']) retrieved from /home/airflow/.local/lib/python3.7/site-packages/airflow/example_dags/example_task_group.py
[2025-02-08T22:12:21.640+0000] {logging_mixin.py:137} INFO - [2025-02-08T22:12:21.639+0000] {dag.py:2690} INFO - Sync 1 DAGs
[2025-02-08T22:12:21.667+0000] {logging_mixin.py:137} INFO - [2025-02-08T22:12:21.667+0000] {dag.py:3441} INFO - Setting next_dagrun for example_task_group to 2025-02-07T22:12:21.666968+00:00, run_after=2025-02-08T22:12:21.666968+00:00
[2025-02-08T22:12:21.692+0000] {processor.py:175} INFO - Processing /home/airflow/.local/lib/python3.7/site-packages/airflow/example_dags/example_task_group.py took 0.102 seconds
[2025-02-08T22:12:52.340+0000] {processor.py:153} INFO - Started process (PID=1083) to work on /home/airflow/.local/lib/python3.7/site-packages/airflow/example_dags/example_task_group.py
[2025-02-08T22:12:52.341+0000] {processor.py:743} INFO - Processing file /home/airflow/.local/lib/python3.7/site-packages/airflow/example_dags/example_task_group.py for tasks to queue
[2025-02-08T22:12:52.343+0000] {logging_mixin.py:137} INFO - [2025-02-08T22:12:52.342+0000] {dagbag.py:538} INFO - Filling up the DagBag from /home/airflow/.local/lib/python3.7/site-packages/airflow/example_dags/example_task_group.py
[2025-02-08T22:12:52.361+0000] {processor.py:753} INFO - DAG(s) dict_keys(['example_task_group']) retrieved from /home/airflow/.local/lib/python3.7/site-packages/airflow/example_dags/example_task_group.py
[2025-02-08T22:12:52.398+0000] {logging_mixin.py:137} INFO - [2025-02-08T22:12:52.398+0000] {dag.py:2690} INFO - Sync 1 DAGs
[2025-02-08T22:12:52.430+0000] {logging_mixin.py:137} INFO - [2025-02-08T22:12:52.429+0000] {dag.py:3441} INFO - Setting next_dagrun for example_task_group to 2025-02-07T22:12:52.429094+00:00, run_after=2025-02-08T22:12:52.429094+00:00
[2025-02-08T22:12:52.460+0000] {processor.py:175} INFO - Processing /home/airflow/.local/lib/python3.7/site-packages/airflow/example_dags/example_task_group.py took 0.125 seconds
[2025-02-08T22:13:22.499+0000] {processor.py:153} INFO - Started process (PID=1162) to work on /home/airflow/.local/lib/python3.7/site-packages/airflow/example_dags/example_task_group.py
[2025-02-08T22:13:22.500+0000] {processor.py:743} INFO - Processing file /home/airflow/.local/lib/python3.7/site-packages/airflow/example_dags/example_task_group.py for tasks to queue
[2025-02-08T22:13:22.501+0000] {logging_mixin.py:137} INFO - [2025-02-08T22:13:22.501+0000] {dagbag.py:538} INFO - Filling up the DagBag from /home/airflow/.local/lib/python3.7/site-packages/airflow/example_dags/example_task_group.py
[2025-02-08T22:13:22.517+0000] {processor.py:753} INFO - DAG(s) dict_keys(['example_task_group']) retrieved from /home/airflow/.local/lib/python3.7/site-packages/airflow/example_dags/example_task_group.py
[2025-02-08T22:13:22.550+0000] {logging_mixin.py:137} INFO - [2025-02-08T22:13:22.550+0000] {dag.py:2690} INFO - Sync 1 DAGs
[2025-02-08T22:13:22.579+0000] {logging_mixin.py:137} INFO - [2025-02-08T22:13:22.579+0000] {dag.py:3441} INFO - Setting next_dagrun for example_task_group to 2025-02-07T22:13:22.578742+00:00, run_after=2025-02-08T22:13:22.578742+00:00
[2025-02-08T22:13:22.604+0000] {processor.py:175} INFO - Processing /home/airflow/.local/lib/python3.7/site-packages/airflow/example_dags/example_task_group.py took 0.108 seconds
[2025-02-08T22:13:53.469+0000] {processor.py:153} INFO - Started process (PID=1240) to work on /home/airflow/.local/lib/python3.7/site-packages/airflow/example_dags/example_task_group.py
[2025-02-08T22:13:53.470+0000] {processor.py:743} INFO - Processing file /home/airflow/.local/lib/python3.7/site-packages/airflow/example_dags/example_task_group.py for tasks to queue
[2025-02-08T22:13:53.471+0000] {logging_mixin.py:137} INFO - [2025-02-08T22:13:53.471+0000] {dagbag.py:538} INFO - Filling up the DagBag from /home/airflow/.local/lib/python3.7/site-packages/airflow/example_dags/example_task_group.py
[2025-02-08T22:13:53.504+0000] {processor.py:753} INFO - DAG(s) dict_keys(['example_task_group']) retrieved from /home/airflow/.local/lib/python3.7/site-packages/airflow/example_dags/example_task_group.py
[2025-02-08T22:13:53.547+0000] {logging_mixin.py:137} INFO - [2025-02-08T22:13:53.546+0000] {dag.py:2690} INFO - Sync 1 DAGs
[2025-02-08T22:13:53.590+0000] {logging_mixin.py:137} INFO - [2025-02-08T22:13:53.590+0000] {dag.py:3441} INFO - Setting next_dagrun for example_task_group to 2025-02-07T22:13:53.590375+00:00, run_after=2025-02-08T22:13:53.590375+00:00
[2025-02-08T22:13:53.623+0000] {processor.py:175} INFO - Processing /home/airflow/.local/lib/python3.7/site-packages/airflow/example_dags/example_task_group.py took 0.160 seconds
[2025-02-08T22:14:25.619+0000] {processor.py:153} INFO - Started process (PID=1320) to work on /home/airflow/.local/lib/python3.7/site-packages/airflow/example_dags/example_task_group.py
[2025-02-08T22:14:25.621+0000] {processor.py:743} INFO - Processing file /home/airflow/.local/lib/python3.7/site-packages/airflow/example_dags/example_task_group.py for tasks to queue
[2025-02-08T22:14:25.624+0000] {logging_mixin.py:137} INFO - [2025-02-08T22:14:25.623+0000] {dagbag.py:538} INFO - Filling up the DagBag from /home/airflow/.local/lib/python3.7/site-packages/airflow/example_dags/example_task_group.py
[2025-02-08T22:14:25.666+0000] {processor.py:753} INFO - DAG(s) dict_keys(['example_task_group']) retrieved from /home/airflow/.local/lib/python3.7/site-packages/airflow/example_dags/example_task_group.py
[2025-02-08T22:14:25.721+0000] {logging_mixin.py:137} INFO - [2025-02-08T22:14:25.720+0000] {dag.py:2690} INFO - Sync 1 DAGs
[2025-02-08T22:14:25.827+0000] {logging_mixin.py:137} INFO - [2025-02-08T22:14:25.826+0000] {dag.py:3441} INFO - Setting next_dagrun for example_task_group to 2025-02-07T22:14:25.824909+00:00, run_after=2025-02-08T22:14:25.824909+00:00
[2025-02-08T22:14:25.889+0000] {processor.py:175} INFO - Processing /home/airflow/.local/lib/python3.7/site-packages/airflow/example_dags/example_task_group.py took 0.286 seconds
[2025-02-08T22:14:56.616+0000] {processor.py:153} INFO - Started process (PID=1391) to work on /home/airflow/.local/lib/python3.7/site-packages/airflow/example_dags/example_task_group.py
[2025-02-08T22:14:56.618+0000] {processor.py:743} INFO - Processing file /home/airflow/.local/lib/python3.7/site-packages/airflow/example_dags/example_task_group.py for tasks to queue
[2025-02-08T22:14:56.620+0000] {logging_mixin.py:137} INFO - [2025-02-08T22:14:56.619+0000] {dagbag.py:538} INFO - Filling up the DagBag from /home/airflow/.local/lib/python3.7/site-packages/airflow/example_dags/example_task_group.py
[2025-02-08T22:14:56.641+0000] {processor.py:753} INFO - DAG(s) dict_keys(['example_task_group']) retrieved from /home/airflow/.local/lib/python3.7/site-packages/airflow/example_dags/example_task_group.py
[2025-02-08T22:14:56.676+0000] {logging_mixin.py:137} INFO - [2025-02-08T22:14:56.675+0000] {dag.py:2690} INFO - Sync 1 DAGs
[2025-02-08T22:14:56.712+0000] {logging_mixin.py:137} INFO - [2025-02-08T22:14:56.712+0000] {dag.py:3441} INFO - Setting next_dagrun for example_task_group to 2025-02-07T22:14:56.712310+00:00, run_after=2025-02-08T22:14:56.712310+00:00
[2025-02-08T22:14:56.741+0000] {processor.py:175} INFO - Processing /home/airflow/.local/lib/python3.7/site-packages/airflow/example_dags/example_task_group.py took 0.129 seconds
[2025-02-08T22:15:26.840+0000] {processor.py:153} INFO - Started process (PID=1462) to work on /home/airflow/.local/lib/python3.7/site-packages/airflow/example_dags/example_task_group.py
[2025-02-08T22:15:26.841+0000] {processor.py:743} INFO - Processing file /home/airflow/.local/lib/python3.7/site-packages/airflow/example_dags/example_task_group.py for tasks to queue
[2025-02-08T22:15:26.842+0000] {logging_mixin.py:137} INFO - [2025-02-08T22:15:26.842+0000] {dagbag.py:538} INFO - Filling up the DagBag from /home/airflow/.local/lib/python3.7/site-packages/airflow/example_dags/example_task_group.py
[2025-02-08T22:15:26.855+0000] {processor.py:753} INFO - DAG(s) dict_keys(['example_task_group']) retrieved from /home/airflow/.local/lib/python3.7/site-packages/airflow/example_dags/example_task_group.py
[2025-02-08T22:15:26.879+0000] {logging_mixin.py:137} INFO - [2025-02-08T22:15:26.879+0000] {dag.py:2690} INFO - Sync 1 DAGs
[2025-02-08T22:15:26.901+0000] {logging_mixin.py:137} INFO - [2025-02-08T22:15:26.901+0000] {dag.py:3441} INFO - Setting next_dagrun for example_task_group to 2025-02-07T22:15:26.901481+00:00, run_after=2025-02-08T22:15:26.901481+00:00
[2025-02-08T22:15:26.923+0000] {processor.py:175} INFO - Processing /home/airflow/.local/lib/python3.7/site-packages/airflow/example_dags/example_task_group.py took 0.085 seconds
[2025-02-08T22:15:57.352+0000] {processor.py:153} INFO - Started process (PID=1549) to work on /home/airflow/.local/lib/python3.7/site-packages/airflow/example_dags/example_task_group.py
[2025-02-08T22:15:57.353+0000] {processor.py:743} INFO - Processing file /home/airflow/.local/lib/python3.7/site-packages/airflow/example_dags/example_task_group.py for tasks to queue
[2025-02-08T22:15:57.353+0000] {logging_mixin.py:137} INFO - [2025-02-08T22:15:57.353+0000] {dagbag.py:538} INFO - Filling up the DagBag from /home/airflow/.local/lib/python3.7/site-packages/airflow/example_dags/example_task_group.py
[2025-02-08T22:15:57.368+0000] {processor.py:753} INFO - DAG(s) dict_keys(['example_task_group']) retrieved from /home/airflow/.local/lib/python3.7/site-packages/airflow/example_dags/example_task_group.py
[2025-02-08T22:15:57.394+0000] {logging_mixin.py:137} INFO - [2025-02-08T22:15:57.394+0000] {dag.py:2690} INFO - Sync 1 DAGs
[2025-02-08T22:15:57.417+0000] {logging_mixin.py:137} INFO - [2025-02-08T22:15:57.417+0000] {dag.py:3441} INFO - Setting next_dagrun for example_task_group to 2025-02-07T22:15:57.417208+00:00, run_after=2025-02-08T22:15:57.417208+00:00
[2025-02-08T22:15:57.442+0000] {processor.py:175} INFO - Processing /home/airflow/.local/lib/python3.7/site-packages/airflow/example_dags/example_task_group.py took 0.093 seconds
[2025-02-08T22:16:27.585+0000] {processor.py:153} INFO - Started process (PID=1620) to work on /home/airflow/.local/lib/python3.7/site-packages/airflow/example_dags/example_task_group.py
[2025-02-08T22:16:27.586+0000] {processor.py:743} INFO - Processing file /home/airflow/.local/lib/python3.7/site-packages/airflow/example_dags/example_task_group.py for tasks to queue
[2025-02-08T22:16:27.586+0000] {logging_mixin.py:137} INFO - [2025-02-08T22:16:27.586+0000] {dagbag.py:538} INFO - Filling up the DagBag from /home/airflow/.local/lib/python3.7/site-packages/airflow/example_dags/example_task_group.py
[2025-02-08T22:16:27.599+0000] {processor.py:753} INFO - DAG(s) dict_keys(['example_task_group']) retrieved from /home/airflow/.local/lib/python3.7/site-packages/airflow/example_dags/example_task_group.py
[2025-02-08T22:16:27.623+0000] {logging_mixin.py:137} INFO - [2025-02-08T22:16:27.623+0000] {dag.py:2690} INFO - Sync 1 DAGs
[2025-02-08T22:16:27.644+0000] {logging_mixin.py:137} INFO - [2025-02-08T22:16:27.644+0000] {dag.py:3441} INFO - Setting next_dagrun for example_task_group to 2025-02-07T22:16:27.644514+00:00, run_after=2025-02-08T22:16:27.644514+00:00
[2025-02-08T22:16:27.667+0000] {processor.py:175} INFO - Processing /home/airflow/.local/lib/python3.7/site-packages/airflow/example_dags/example_task_group.py took 0.086 seconds
[2025-02-08T22:16:58.050+0000] {processor.py:153} INFO - Started process (PID=1707) to work on /home/airflow/.local/lib/python3.7/site-packages/airflow/example_dags/example_task_group.py
[2025-02-08T22:16:58.051+0000] {processor.py:743} INFO - Processing file /home/airflow/.local/lib/python3.7/site-packages/airflow/example_dags/example_task_group.py for tasks to queue
[2025-02-08T22:16:58.052+0000] {logging_mixin.py:137} INFO - [2025-02-08T22:16:58.051+0000] {dagbag.py:538} INFO - Filling up the DagBag from /home/airflow/.local/lib/python3.7/site-packages/airflow/example_dags/example_task_group.py
[2025-02-08T22:16:58.065+0000] {processor.py:753} INFO - DAG(s) dict_keys(['example_task_group']) retrieved from /home/airflow/.local/lib/python3.7/site-packages/airflow/example_dags/example_task_group.py
[2025-02-08T22:16:58.089+0000] {logging_mixin.py:137} INFO - [2025-02-08T22:16:58.089+0000] {dag.py:2690} INFO - Sync 1 DAGs
[2025-02-08T22:16:58.111+0000] {logging_mixin.py:137} INFO - [2025-02-08T22:16:58.111+0000] {dag.py:3441} INFO - Setting next_dagrun for example_task_group to 2025-02-07T22:16:58.111278+00:00, run_after=2025-02-08T22:16:58.111278+00:00
[2025-02-08T22:16:58.132+0000] {processor.py:175} INFO - Processing /home/airflow/.local/lib/python3.7/site-packages/airflow/example_dags/example_task_group.py took 0.085 seconds
[2025-02-08T22:17:28.670+0000] {processor.py:153} INFO - Started process (PID=1778) to work on /home/airflow/.local/lib/python3.7/site-packages/airflow/example_dags/example_task_group.py
[2025-02-08T22:17:28.672+0000] {processor.py:743} INFO - Processing file /home/airflow/.local/lib/python3.7/site-packages/airflow/example_dags/example_task_group.py for tasks to queue
[2025-02-08T22:17:28.673+0000] {logging_mixin.py:137} INFO - [2025-02-08T22:17:28.672+0000] {dagbag.py:538} INFO - Filling up the DagBag from /home/airflow/.local/lib/python3.7/site-packages/airflow/example_dags/example_task_group.py
[2025-02-08T22:17:28.690+0000] {processor.py:753} INFO - DAG(s) dict_keys(['example_task_group']) retrieved from /home/airflow/.local/lib/python3.7/site-packages/airflow/example_dags/example_task_group.py
[2025-02-08T22:17:28.717+0000] {logging_mixin.py:137} INFO - [2025-02-08T22:17:28.717+0000] {dag.py:2690} INFO - Sync 1 DAGs
[2025-02-08T22:17:28.749+0000] {logging_mixin.py:137} INFO - [2025-02-08T22:17:28.749+0000] {dag.py:3441} INFO - Setting next_dagrun for example_task_group to 2025-02-07T22:17:28.748826+00:00, run_after=2025-02-08T22:17:28.748826+00:00
[2025-02-08T22:17:28.787+0000] {processor.py:175} INFO - Processing /home/airflow/.local/lib/python3.7/site-packages/airflow/example_dags/example_task_group.py took 0.121 seconds
[2025-02-08T22:17:58.981+0000] {processor.py:153} INFO - Started process (PID=1865) to work on /home/airflow/.local/lib/python3.7/site-packages/airflow/example_dags/example_task_group.py
[2025-02-08T22:17:58.982+0000] {processor.py:743} INFO - Processing file /home/airflow/.local/lib/python3.7/site-packages/airflow/example_dags/example_task_group.py for tasks to queue
[2025-02-08T22:17:58.983+0000] {logging_mixin.py:137} INFO - [2025-02-08T22:17:58.982+0000] {dagbag.py:538} INFO - Filling up the DagBag from /home/airflow/.local/lib/python3.7/site-packages/airflow/example_dags/example_task_group.py
[2025-02-08T22:17:59.001+0000] {processor.py:753} INFO - DAG(s) dict_keys(['example_task_group']) retrieved from /home/airflow/.local/lib/python3.7/site-packages/airflow/example_dags/example_task_group.py
[2025-02-08T22:17:59.035+0000] {logging_mixin.py:137} INFO - [2025-02-08T22:17:59.035+0000] {dag.py:2690} INFO - Sync 1 DAGs
[2025-02-08T22:17:59.065+0000] {logging_mixin.py:137} INFO - [2025-02-08T22:17:59.065+0000] {dag.py:3441} INFO - Setting next_dagrun for example_task_group to 2025-02-07T22:17:59.064785+00:00, run_after=2025-02-08T22:17:59.064785+00:00
[2025-02-08T22:17:59.086+0000] {processor.py:175} INFO - Processing /home/airflow/.local/lib/python3.7/site-packages/airflow/example_dags/example_task_group.py took 0.109 seconds
[2025-02-08T22:18:29.772+0000] {processor.py:153} INFO - Started process (PID=1936) to work on /home/airflow/.local/lib/python3.7/site-packages/airflow/example_dags/example_task_group.py
[2025-02-08T22:18:29.773+0000] {processor.py:743} INFO - Processing file /home/airflow/.local/lib/python3.7/site-packages/airflow/example_dags/example_task_group.py for tasks to queue
[2025-02-08T22:18:29.774+0000] {logging_mixin.py:137} INFO - [2025-02-08T22:18:29.774+0000] {dagbag.py:538} INFO - Filling up the DagBag from /home/airflow/.local/lib/python3.7/site-packages/airflow/example_dags/example_task_group.py
[2025-02-08T22:18:29.791+0000] {processor.py:753} INFO - DAG(s) dict_keys(['example_task_group']) retrieved from /home/airflow/.local/lib/python3.7/site-packages/airflow/example_dags/example_task_group.py
[2025-02-08T22:18:29.820+0000] {logging_mixin.py:137} INFO - [2025-02-08T22:18:29.820+0000] {dag.py:2690} INFO - Sync 1 DAGs
[2025-02-08T22:18:29.854+0000] {logging_mixin.py:137} INFO - [2025-02-08T22:18:29.853+0000] {dag.py:3441} INFO - Setting next_dagrun for example_task_group to 2025-02-07T22:18:29.853608+00:00, run_after=2025-02-08T22:18:29.853608+00:00
[2025-02-08T22:18:29.879+0000] {processor.py:175} INFO - Processing /home/airflow/.local/lib/python3.7/site-packages/airflow/example_dags/example_task_group.py took 0.111 seconds
[2025-02-08T22:19:00.439+0000] {processor.py:153} INFO - Started process (PID=2023) to work on /home/airflow/.local/lib/python3.7/site-packages/airflow/example_dags/example_task_group.py
[2025-02-08T22:19:00.440+0000] {processor.py:743} INFO - Processing file /home/airflow/.local/lib/python3.7/site-packages/airflow/example_dags/example_task_group.py for tasks to queue
[2025-02-08T22:19:00.441+0000] {logging_mixin.py:137} INFO - [2025-02-08T22:19:00.441+0000] {dagbag.py:538} INFO - Filling up the DagBag from /home/airflow/.local/lib/python3.7/site-packages/airflow/example_dags/example_task_group.py
[2025-02-08T22:19:00.457+0000] {processor.py:753} INFO - DAG(s) dict_keys(['example_task_group']) retrieved from /home/airflow/.local/lib/python3.7/site-packages/airflow/example_dags/example_task_group.py
[2025-02-08T22:19:00.487+0000] {logging_mixin.py:137} INFO - [2025-02-08T22:19:00.486+0000] {dag.py:2690} INFO - Sync 1 DAGs
[2025-02-08T22:19:00.519+0000] {logging_mixin.py:137} INFO - [2025-02-08T22:19:00.518+0000] {dag.py:3441} INFO - Setting next_dagrun for example_task_group to 2025-02-07T22:19:00.518637+00:00, run_after=2025-02-08T22:19:00.518637+00:00
[2025-02-08T22:19:00.543+0000] {processor.py:175} INFO - Processing /home/airflow/.local/lib/python3.7/site-packages/airflow/example_dags/example_task_group.py took 0.107 seconds
[2025-02-08T22:19:31.149+0000] {processor.py:153} INFO - Started process (PID=2094) to work on /home/airflow/.local/lib/python3.7/site-packages/airflow/example_dags/example_task_group.py
[2025-02-08T22:19:31.164+0000] {processor.py:743} INFO - Processing file /home/airflow/.local/lib/python3.7/site-packages/airflow/example_dags/example_task_group.py for tasks to queue
[2025-02-08T22:19:31.168+0000] {logging_mixin.py:137} INFO - [2025-02-08T22:19:31.168+0000] {dagbag.py:538} INFO - Filling up the DagBag from /home/airflow/.local/lib/python3.7/site-packages/airflow/example_dags/example_task_group.py
[2025-02-08T22:19:31.246+0000] {processor.py:753} INFO - DAG(s) dict_keys(['example_task_group']) retrieved from /home/airflow/.local/lib/python3.7/site-packages/airflow/example_dags/example_task_group.py
[2025-02-08T22:19:31.340+0000] {logging_mixin.py:137} INFO - [2025-02-08T22:19:31.339+0000] {dag.py:2690} INFO - Sync 1 DAGs
[2025-02-08T22:19:31.436+0000] {logging_mixin.py:137} INFO - [2025-02-08T22:19:31.436+0000] {dag.py:3441} INFO - Setting next_dagrun for example_task_group to 2025-02-07T22:19:31.435920+00:00, run_after=2025-02-08T22:19:31.435920+00:00
[2025-02-08T22:19:31.533+0000] {processor.py:175} INFO - Processing /home/airflow/.local/lib/python3.7/site-packages/airflow/example_dags/example_task_group.py took 0.393 seconds
[2025-02-08T22:20:01.613+0000] {processor.py:153} INFO - Started process (PID=2173) to work on /home/airflow/.local/lib/python3.7/site-packages/airflow/example_dags/example_task_group.py
[2025-02-08T22:20:01.614+0000] {processor.py:743} INFO - Processing file /home/airflow/.local/lib/python3.7/site-packages/airflow/example_dags/example_task_group.py for tasks to queue
[2025-02-08T22:20:01.616+0000] {logging_mixin.py:137} INFO - [2025-02-08T22:20:01.615+0000] {dagbag.py:538} INFO - Filling up the DagBag from /home/airflow/.local/lib/python3.7/site-packages/airflow/example_dags/example_task_group.py
[2025-02-08T22:20:01.640+0000] {processor.py:753} INFO - DAG(s) dict_keys(['example_task_group']) retrieved from /home/airflow/.local/lib/python3.7/site-packages/airflow/example_dags/example_task_group.py
[2025-02-08T22:20:01.679+0000] {logging_mixin.py:137} INFO - [2025-02-08T22:20:01.679+0000] {dag.py:2690} INFO - Sync 1 DAGs
[2025-02-08T22:20:01.724+0000] {logging_mixin.py:137} INFO - [2025-02-08T22:20:01.724+0000] {dag.py:3441} INFO - Setting next_dagrun for example_task_group to 2025-02-07T22:20:01.723582+00:00, run_after=2025-02-08T22:20:01.723582+00:00
[2025-02-08T22:20:01.756+0000] {processor.py:175} INFO - Processing /home/airflow/.local/lib/python3.7/site-packages/airflow/example_dags/example_task_group.py took 0.149 seconds
[2025-02-08T22:20:32.407+0000] {processor.py:153} INFO - Started process (PID=2251) to work on /home/airflow/.local/lib/python3.7/site-packages/airflow/example_dags/example_task_group.py
[2025-02-08T22:20:32.409+0000] {processor.py:743} INFO - Processing file /home/airflow/.local/lib/python3.7/site-packages/airflow/example_dags/example_task_group.py for tasks to queue
[2025-02-08T22:20:32.410+0000] {logging_mixin.py:137} INFO - [2025-02-08T22:20:32.410+0000] {dagbag.py:538} INFO - Filling up the DagBag from /home/airflow/.local/lib/python3.7/site-packages/airflow/example_dags/example_task_group.py
[2025-02-08T22:20:32.433+0000] {processor.py:753} INFO - DAG(s) dict_keys(['example_task_group']) retrieved from /home/airflow/.local/lib/python3.7/site-packages/airflow/example_dags/example_task_group.py
[2025-02-08T22:20:32.468+0000] {logging_mixin.py:137} INFO - [2025-02-08T22:20:32.468+0000] {dag.py:2690} INFO - Sync 1 DAGs
[2025-02-08T22:20:32.507+0000] {logging_mixin.py:137} INFO - [2025-02-08T22:20:32.507+0000] {dag.py:3441} INFO - Setting next_dagrun for example_task_group to 2025-02-07T22:20:32.506803+00:00, run_after=2025-02-08T22:20:32.506803+00:00
[2025-02-08T22:20:32.536+0000] {processor.py:175} INFO - Processing /home/airflow/.local/lib/python3.7/site-packages/airflow/example_dags/example_task_group.py took 0.134 seconds
[2025-02-08T22:21:02.678+0000] {processor.py:153} INFO - Started process (PID=2321) to work on /home/airflow/.local/lib/python3.7/site-packages/airflow/example_dags/example_task_group.py
[2025-02-08T22:21:02.679+0000] {processor.py:743} INFO - Processing file /home/airflow/.local/lib/python3.7/site-packages/airflow/example_dags/example_task_group.py for tasks to queue
[2025-02-08T22:21:02.680+0000] {logging_mixin.py:137} INFO - [2025-02-08T22:21:02.680+0000] {dagbag.py:538} INFO - Filling up the DagBag from /home/airflow/.local/lib/python3.7/site-packages/airflow/example_dags/example_task_group.py
[2025-02-08T22:21:02.695+0000] {processor.py:753} INFO - DAG(s) dict_keys(['example_task_group']) retrieved from /home/airflow/.local/lib/python3.7/site-packages/airflow/example_dags/example_task_group.py
[2025-02-08T22:21:02.723+0000] {logging_mixin.py:137} INFO - [2025-02-08T22:21:02.723+0000] {dag.py:2690} INFO - Sync 1 DAGs
[2025-02-08T22:21:02.749+0000] {logging_mixin.py:137} INFO - [2025-02-08T22:21:02.749+0000] {dag.py:3441} INFO - Setting next_dagrun for example_task_group to 2025-02-07T22:21:02.749524+00:00, run_after=2025-02-08T22:21:02.749524+00:00
[2025-02-08T22:21:02.775+0000] {processor.py:175} INFO - Processing /home/airflow/.local/lib/python3.7/site-packages/airflow/example_dags/example_task_group.py took 0.101 seconds
[2025-02-08T22:21:33.387+0000] {processor.py:153} INFO - Started process (PID=2408) to work on /home/airflow/.local/lib/python3.7/site-packages/airflow/example_dags/example_task_group.py
[2025-02-08T22:21:33.389+0000] {processor.py:743} INFO - Processing file /home/airflow/.local/lib/python3.7/site-packages/airflow/example_dags/example_task_group.py for tasks to queue
[2025-02-08T22:21:33.390+0000] {logging_mixin.py:137} INFO - [2025-02-08T22:21:33.390+0000] {dagbag.py:538} INFO - Filling up the DagBag from /home/airflow/.local/lib/python3.7/site-packages/airflow/example_dags/example_task_group.py
[2025-02-08T22:21:33.413+0000] {processor.py:753} INFO - DAG(s) dict_keys(['example_task_group']) retrieved from /home/airflow/.local/lib/python3.7/site-packages/airflow/example_dags/example_task_group.py
[2025-02-08T22:21:33.448+0000] {logging_mixin.py:137} INFO - [2025-02-08T22:21:33.448+0000] {dag.py:2690} INFO - Sync 1 DAGs
[2025-02-08T22:21:33.488+0000] {logging_mixin.py:137} INFO - [2025-02-08T22:21:33.487+0000] {dag.py:3441} INFO - Setting next_dagrun for example_task_group to 2025-02-07T22:21:33.487415+00:00, run_after=2025-02-08T22:21:33.487415+00:00
[2025-02-08T22:21:33.522+0000] {processor.py:175} INFO - Processing /home/airflow/.local/lib/python3.7/site-packages/airflow/example_dags/example_task_group.py took 0.140 seconds
[2025-02-08T22:22:03.570+0000] {processor.py:153} INFO - Started process (PID=2479) to work on /home/airflow/.local/lib/python3.7/site-packages/airflow/example_dags/example_task_group.py
[2025-02-08T22:22:03.571+0000] {processor.py:743} INFO - Processing file /home/airflow/.local/lib/python3.7/site-packages/airflow/example_dags/example_task_group.py for tasks to queue
[2025-02-08T22:22:03.573+0000] {logging_mixin.py:137} INFO - [2025-02-08T22:22:03.572+0000] {dagbag.py:538} INFO - Filling up the DagBag from /home/airflow/.local/lib/python3.7/site-packages/airflow/example_dags/example_task_group.py
[2025-02-08T22:22:03.594+0000] {processor.py:753} INFO - DAG(s) dict_keys(['example_task_group']) retrieved from /home/airflow/.local/lib/python3.7/site-packages/airflow/example_dags/example_task_group.py
[2025-02-08T22:22:03.625+0000] {logging_mixin.py:137} INFO - [2025-02-08T22:22:03.625+0000] {dag.py:2690} INFO - Sync 1 DAGs
[2025-02-08T22:22:03.659+0000] {logging_mixin.py:137} INFO - [2025-02-08T22:22:03.658+0000] {dag.py:3441} INFO - Setting next_dagrun for example_task_group to 2025-02-07T22:22:03.658629+00:00, run_after=2025-02-08T22:22:03.658629+00:00
[2025-02-08T22:22:03.684+0000] {processor.py:175} INFO - Processing /home/airflow/.local/lib/python3.7/site-packages/airflow/example_dags/example_task_group.py took 0.117 seconds
[2025-02-08T22:22:34.221+0000] {processor.py:153} INFO - Started process (PID=2559) to work on /home/airflow/.local/lib/python3.7/site-packages/airflow/example_dags/example_task_group.py
[2025-02-08T22:22:34.223+0000] {processor.py:743} INFO - Processing file /home/airflow/.local/lib/python3.7/site-packages/airflow/example_dags/example_task_group.py for tasks to queue
[2025-02-08T22:22:34.224+0000] {logging_mixin.py:137} INFO - [2025-02-08T22:22:34.224+0000] {dagbag.py:538} INFO - Filling up the DagBag from /home/airflow/.local/lib/python3.7/site-packages/airflow/example_dags/example_task_group.py
[2025-02-08T22:22:34.246+0000] {processor.py:753} INFO - DAG(s) dict_keys(['example_task_group']) retrieved from /home/airflow/.local/lib/python3.7/site-packages/airflow/example_dags/example_task_group.py
[2025-02-08T22:22:34.271+0000] {logging_mixin.py:137} INFO - [2025-02-08T22:22:34.271+0000] {dag.py:2690} INFO - Sync 1 DAGs
[2025-02-08T22:22:34.303+0000] {logging_mixin.py:137} INFO - [2025-02-08T22:22:34.303+0000] {dag.py:3441} INFO - Setting next_dagrun for example_task_group to 2025-02-07T22:22:34.302867+00:00, run_after=2025-02-08T22:22:34.302867+00:00
[2025-02-08T22:22:34.328+0000] {processor.py:175} INFO - Processing /home/airflow/.local/lib/python3.7/site-packages/airflow/example_dags/example_task_group.py took 0.111 seconds
[2025-02-08T22:23:05.752+0000] {processor.py:153} INFO - Started process (PID=2637) to work on /home/airflow/.local/lib/python3.7/site-packages/airflow/example_dags/example_task_group.py
[2025-02-08T22:23:05.754+0000] {processor.py:743} INFO - Processing file /home/airflow/.local/lib/python3.7/site-packages/airflow/example_dags/example_task_group.py for tasks to queue
[2025-02-08T22:23:05.755+0000] {logging_mixin.py:137} INFO - [2025-02-08T22:23:05.755+0000] {dagbag.py:538} INFO - Filling up the DagBag from /home/airflow/.local/lib/python3.7/site-packages/airflow/example_dags/example_task_group.py
[2025-02-08T22:23:05.788+0000] {processor.py:753} INFO - DAG(s) dict_keys(['example_task_group']) retrieved from /home/airflow/.local/lib/python3.7/site-packages/airflow/example_dags/example_task_group.py
[2025-02-08T22:23:05.840+0000] {logging_mixin.py:137} INFO - [2025-02-08T22:23:05.840+0000] {dag.py:2690} INFO - Sync 1 DAGs
[2025-02-08T22:23:05.948+0000] {logging_mixin.py:137} INFO - [2025-02-08T22:23:05.948+0000] {dag.py:3441} INFO - Setting next_dagrun for example_task_group to 2025-02-07T22:23:05.948101+00:00, run_after=2025-02-08T22:23:05.948101+00:00
[2025-02-08T22:23:05.985+0000] {processor.py:175} INFO - Processing /home/airflow/.local/lib/python3.7/site-packages/airflow/example_dags/example_task_group.py took 0.240 seconds
[2025-02-08T22:23:36.361+0000] {processor.py:153} INFO - Started process (PID=2724) to work on /home/airflow/.local/lib/python3.7/site-packages/airflow/example_dags/example_task_group.py
[2025-02-08T22:23:36.364+0000] {processor.py:743} INFO - Processing file /home/airflow/.local/lib/python3.7/site-packages/airflow/example_dags/example_task_group.py for tasks to queue
[2025-02-08T22:23:36.365+0000] {logging_mixin.py:137} INFO - [2025-02-08T22:23:36.365+0000] {dagbag.py:538} INFO - Filling up the DagBag from /home/airflow/.local/lib/python3.7/site-packages/airflow/example_dags/example_task_group.py
[2025-02-08T22:23:36.400+0000] {processor.py:753} INFO - DAG(s) dict_keys(['example_task_group']) retrieved from /home/airflow/.local/lib/python3.7/site-packages/airflow/example_dags/example_task_group.py
[2025-02-08T22:23:36.450+0000] {logging_mixin.py:137} INFO - [2025-02-08T22:23:36.450+0000] {dag.py:2690} INFO - Sync 1 DAGs
[2025-02-08T22:23:36.494+0000] {logging_mixin.py:137} INFO - [2025-02-08T22:23:36.493+0000] {dag.py:3441} INFO - Setting next_dagrun for example_task_group to 2025-02-07T22:23:36.493172+00:00, run_after=2025-02-08T22:23:36.493172+00:00
[2025-02-08T22:23:36.533+0000] {processor.py:175} INFO - Processing /home/airflow/.local/lib/python3.7/site-packages/airflow/example_dags/example_task_group.py took 0.177 seconds
[2025-02-08T22:24:07.123+0000] {processor.py:153} INFO - Started process (PID=2795) to work on /home/airflow/.local/lib/python3.7/site-packages/airflow/example_dags/example_task_group.py
[2025-02-08T22:24:07.125+0000] {processor.py:743} INFO - Processing file /home/airflow/.local/lib/python3.7/site-packages/airflow/example_dags/example_task_group.py for tasks to queue
[2025-02-08T22:24:07.127+0000] {logging_mixin.py:137} INFO - [2025-02-08T22:24:07.127+0000] {dagbag.py:538} INFO - Filling up the DagBag from /home/airflow/.local/lib/python3.7/site-packages/airflow/example_dags/example_task_group.py
[2025-02-08T22:24:07.156+0000] {processor.py:753} INFO - DAG(s) dict_keys(['example_task_group']) retrieved from /home/airflow/.local/lib/python3.7/site-packages/airflow/example_dags/example_task_group.py
[2025-02-08T22:24:07.211+0000] {logging_mixin.py:137} INFO - [2025-02-08T22:24:07.211+0000] {dag.py:2690} INFO - Sync 1 DAGs
[2025-02-08T22:24:07.279+0000] {logging_mixin.py:137} INFO - [2025-02-08T22:24:07.279+0000] {dag.py:3441} INFO - Setting next_dagrun for example_task_group to 2025-02-07T22:24:07.279033+00:00, run_after=2025-02-08T22:24:07.279033+00:00
[2025-02-08T22:24:07.322+0000] {processor.py:175} INFO - Processing /home/airflow/.local/lib/python3.7/site-packages/airflow/example_dags/example_task_group.py took 0.208 seconds
[2025-02-08T22:24:38.983+0000] {processor.py:153} INFO - Started process (PID=2866) to work on /home/airflow/.local/lib/python3.7/site-packages/airflow/example_dags/example_task_group.py
[2025-02-08T22:24:38.984+0000] {processor.py:743} INFO - Processing file /home/airflow/.local/lib/python3.7/site-packages/airflow/example_dags/example_task_group.py for tasks to queue
[2025-02-08T22:24:38.986+0000] {logging_mixin.py:137} INFO - [2025-02-08T22:24:38.986+0000] {dagbag.py:538} INFO - Filling up the DagBag from /home/airflow/.local/lib/python3.7/site-packages/airflow/example_dags/example_task_group.py
[2025-02-08T22:24:39.025+0000] {processor.py:753} INFO - DAG(s) dict_keys(['example_task_group']) retrieved from /home/airflow/.local/lib/python3.7/site-packages/airflow/example_dags/example_task_group.py
[2025-02-08T22:24:39.081+0000] {logging_mixin.py:137} INFO - [2025-02-08T22:24:39.081+0000] {dag.py:2690} INFO - Sync 1 DAGs
[2025-02-08T22:24:39.138+0000] {logging_mixin.py:137} INFO - [2025-02-08T22:24:39.138+0000] {dag.py:3441} INFO - Setting next_dagrun for example_task_group to 2025-02-07T22:24:39.137831+00:00, run_after=2025-02-08T22:24:39.137831+00:00
[2025-02-08T22:24:39.184+0000] {processor.py:175} INFO - Processing /home/airflow/.local/lib/python3.7/site-packages/airflow/example_dags/example_task_group.py took 0.207 seconds
[2025-02-08T22:25:09.564+0000] {processor.py:153} INFO - Started process (PID=2944) to work on /home/airflow/.local/lib/python3.7/site-packages/airflow/example_dags/example_task_group.py
[2025-02-08T22:25:09.565+0000] {processor.py:743} INFO - Processing file /home/airflow/.local/lib/python3.7/site-packages/airflow/example_dags/example_task_group.py for tasks to queue
[2025-02-08T22:25:09.567+0000] {logging_mixin.py:137} INFO - [2025-02-08T22:25:09.566+0000] {dagbag.py:538} INFO - Filling up the DagBag from /home/airflow/.local/lib/python3.7/site-packages/airflow/example_dags/example_task_group.py
[2025-02-08T22:25:09.591+0000] {processor.py:753} INFO - DAG(s) dict_keys(['example_task_group']) retrieved from /home/airflow/.local/lib/python3.7/site-packages/airflow/example_dags/example_task_group.py
[2025-02-08T22:25:09.651+0000] {logging_mixin.py:137} INFO - [2025-02-08T22:25:09.651+0000] {dag.py:2690} INFO - Sync 1 DAGs
[2025-02-08T22:25:09.714+0000] {logging_mixin.py:137} INFO - [2025-02-08T22:25:09.714+0000] {dag.py:3441} INFO - Setting next_dagrun for example_task_group to 2025-02-07T22:25:09.713463+00:00, run_after=2025-02-08T22:25:09.713463+00:00
[2025-02-08T22:25:09.754+0000] {processor.py:175} INFO - Processing /home/airflow/.local/lib/python3.7/site-packages/airflow/example_dags/example_task_group.py took 0.195 seconds
[2025-02-08T22:25:39.889+0000] {processor.py:153} INFO - Started process (PID=3024) to work on /home/airflow/.local/lib/python3.7/site-packages/airflow/example_dags/example_task_group.py
[2025-02-08T22:25:39.890+0000] {processor.py:743} INFO - Processing file /home/airflow/.local/lib/python3.7/site-packages/airflow/example_dags/example_task_group.py for tasks to queue
[2025-02-08T22:25:39.892+0000] {logging_mixin.py:137} INFO - [2025-02-08T22:25:39.892+0000] {dagbag.py:538} INFO - Filling up the DagBag from /home/airflow/.local/lib/python3.7/site-packages/airflow/example_dags/example_task_group.py
[2025-02-08T22:25:39.924+0000] {processor.py:753} INFO - DAG(s) dict_keys(['example_task_group']) retrieved from /home/airflow/.local/lib/python3.7/site-packages/airflow/example_dags/example_task_group.py
[2025-02-08T22:25:39.971+0000] {logging_mixin.py:137} INFO - [2025-02-08T22:25:39.971+0000] {dag.py:2690} INFO - Sync 1 DAGs
[2025-02-08T22:25:40.019+0000] {logging_mixin.py:137} INFO - [2025-02-08T22:25:40.019+0000] {dag.py:3441} INFO - Setting next_dagrun for example_task_group to 2025-02-07T22:25:40.018643+00:00, run_after=2025-02-08T22:25:40.018643+00:00
[2025-02-08T22:25:40.054+0000] {processor.py:175} INFO - Processing /home/airflow/.local/lib/python3.7/site-packages/airflow/example_dags/example_task_group.py took 0.171 seconds
[2025-02-08T22:26:10.180+0000] {processor.py:153} INFO - Started process (PID=3096) to work on /home/airflow/.local/lib/python3.7/site-packages/airflow/example_dags/example_task_group.py
[2025-02-08T22:26:10.181+0000] {processor.py:743} INFO - Processing file /home/airflow/.local/lib/python3.7/site-packages/airflow/example_dags/example_task_group.py for tasks to queue
[2025-02-08T22:26:10.182+0000] {logging_mixin.py:137} INFO - [2025-02-08T22:26:10.182+0000] {dagbag.py:538} INFO - Filling up the DagBag from /home/airflow/.local/lib/python3.7/site-packages/airflow/example_dags/example_task_group.py
[2025-02-08T22:26:10.205+0000] {processor.py:753} INFO - DAG(s) dict_keys(['example_task_group']) retrieved from /home/airflow/.local/lib/python3.7/site-packages/airflow/example_dags/example_task_group.py
[2025-02-08T22:26:10.236+0000] {logging_mixin.py:137} INFO - [2025-02-08T22:26:10.236+0000] {dag.py:2690} INFO - Sync 1 DAGs
[2025-02-08T22:26:10.272+0000] {logging_mixin.py:137} INFO - [2025-02-08T22:26:10.272+0000] {dag.py:3441} INFO - Setting next_dagrun for example_task_group to 2025-02-07T22:26:10.271767+00:00, run_after=2025-02-08T22:26:10.271767+00:00
[2025-02-08T22:26:10.299+0000] {processor.py:175} INFO - Processing /home/airflow/.local/lib/python3.7/site-packages/airflow/example_dags/example_task_group.py took 0.123 seconds
[2025-02-08T22:26:40.898+0000] {processor.py:153} INFO - Started process (PID=3175) to work on /home/airflow/.local/lib/python3.7/site-packages/airflow/example_dags/example_task_group.py
[2025-02-08T22:26:40.899+0000] {processor.py:743} INFO - Processing file /home/airflow/.local/lib/python3.7/site-packages/airflow/example_dags/example_task_group.py for tasks to queue
[2025-02-08T22:26:40.900+0000] {logging_mixin.py:137} INFO - [2025-02-08T22:26:40.900+0000] {dagbag.py:538} INFO - Filling up the DagBag from /home/airflow/.local/lib/python3.7/site-packages/airflow/example_dags/example_task_group.py
[2025-02-08T22:26:40.921+0000] {processor.py:753} INFO - DAG(s) dict_keys(['example_task_group']) retrieved from /home/airflow/.local/lib/python3.7/site-packages/airflow/example_dags/example_task_group.py
[2025-02-08T22:26:40.952+0000] {logging_mixin.py:137} INFO - [2025-02-08T22:26:40.952+0000] {dag.py:2690} INFO - Sync 1 DAGs
[2025-02-08T22:26:40.983+0000] {logging_mixin.py:137} INFO - [2025-02-08T22:26:40.983+0000] {dag.py:3441} INFO - Setting next_dagrun for example_task_group to 2025-02-07T22:26:40.983450+00:00, run_after=2025-02-08T22:26:40.983450+00:00
[2025-02-08T22:26:41.007+0000] {processor.py:175} INFO - Processing /home/airflow/.local/lib/python3.7/site-packages/airflow/example_dags/example_task_group.py took 0.112 seconds
[2025-02-08T22:27:11.957+0000] {processor.py:153} INFO - Started process (PID=3256) to work on /home/airflow/.local/lib/python3.7/site-packages/airflow/example_dags/example_task_group.py
[2025-02-08T22:27:11.959+0000] {processor.py:743} INFO - Processing file /home/airflow/.local/lib/python3.7/site-packages/airflow/example_dags/example_task_group.py for tasks to queue
[2025-02-08T22:27:11.960+0000] {logging_mixin.py:137} INFO - [2025-02-08T22:27:11.960+0000] {dagbag.py:538} INFO - Filling up the DagBag from /home/airflow/.local/lib/python3.7/site-packages/airflow/example_dags/example_task_group.py
[2025-02-08T22:27:11.984+0000] {processor.py:753} INFO - DAG(s) dict_keys(['example_task_group']) retrieved from /home/airflow/.local/lib/python3.7/site-packages/airflow/example_dags/example_task_group.py
[2025-02-08T22:27:12.024+0000] {logging_mixin.py:137} INFO - [2025-02-08T22:27:12.024+0000] {dag.py:2690} INFO - Sync 1 DAGs
[2025-02-08T22:27:12.072+0000] {logging_mixin.py:137} INFO - [2025-02-08T22:27:12.072+0000] {dag.py:3441} INFO - Setting next_dagrun for example_task_group to 2025-02-07T22:27:12.071625+00:00, run_after=2025-02-08T22:27:12.071625+00:00
[2025-02-08T22:27:12.139+0000] {processor.py:175} INFO - Processing /home/airflow/.local/lib/python3.7/site-packages/airflow/example_dags/example_task_group.py took 0.187 seconds
[2025-02-08T22:27:42.890+0000] {processor.py:153} INFO - Started process (PID=3337) to work on /home/airflow/.local/lib/python3.7/site-packages/airflow/example_dags/example_task_group.py
[2025-02-08T22:27:42.894+0000] {processor.py:743} INFO - Processing file /home/airflow/.local/lib/python3.7/site-packages/airflow/example_dags/example_task_group.py for tasks to queue
[2025-02-08T22:27:42.899+0000] {logging_mixin.py:137} INFO - [2025-02-08T22:27:42.898+0000] {dagbag.py:538} INFO - Filling up the DagBag from /home/airflow/.local/lib/python3.7/site-packages/airflow/example_dags/example_task_group.py
[2025-02-08T22:27:42.930+0000] {processor.py:753} INFO - DAG(s) dict_keys(['example_task_group']) retrieved from /home/airflow/.local/lib/python3.7/site-packages/airflow/example_dags/example_task_group.py
[2025-02-08T22:27:42.983+0000] {logging_mixin.py:137} INFO - [2025-02-08T22:27:42.983+0000] {dag.py:2690} INFO - Sync 1 DAGs
[2025-02-08T22:27:43.029+0000] {logging_mixin.py:137} INFO - [2025-02-08T22:27:43.029+0000] {dag.py:3441} INFO - Setting next_dagrun for example_task_group to 2025-02-07T22:27:43.028891+00:00, run_after=2025-02-08T22:27:43.028891+00:00
[2025-02-08T22:27:43.065+0000] {processor.py:175} INFO - Processing /home/airflow/.local/lib/python3.7/site-packages/airflow/example_dags/example_task_group.py took 0.185 seconds
