[2025-02-08T22:06:07.090+0000] {processor.py:153} INFO - Started process (PID=76) to work on /home/airflow/.local/lib/python3.7/site-packages/airflow/example_dags/tutorial_taskflow_api.py
[2025-02-08T22:06:07.095+0000] {processor.py:743} INFO - Processing file /home/airflow/.local/lib/python3.7/site-packages/airflow/example_dags/tutorial_taskflow_api.py for tasks to queue
[2025-02-08T22:06:07.100+0000] {logging_mixin.py:137} INFO - [2025-02-08T22:06:07.099+0000] {dagbag.py:538} INFO - Filling up the DagBag from /home/airflow/.local/lib/python3.7/site-packages/airflow/example_dags/tutorial_taskflow_api.py
[2025-02-08T22:06:07.570+0000] {processor.py:753} INFO - DAG(s) dict_keys(['tutorial_taskflow_api']) retrieved from /home/airflow/.local/lib/python3.7/site-packages/airflow/example_dags/tutorial_taskflow_api.py
[2025-02-08T22:06:07.644+0000] {logging_mixin.py:137} INFO - [2025-02-08T22:06:07.643+0000] {dag.py:2690} INFO - Sync 1 DAGs
[2025-02-08T22:06:07.708+0000] {logging_mixin.py:137} INFO - [2025-02-08T22:06:07.708+0000] {dag.py:3441} INFO - Setting next_dagrun for tutorial_taskflow_api to None, run_after=None
[2025-02-08T22:06:07.824+0000] {processor.py:175} INFO - Processing /home/airflow/.local/lib/python3.7/site-packages/airflow/example_dags/tutorial_taskflow_api.py took 0.760 seconds
[2025-02-08T22:06:37.880+0000] {processor.py:153} INFO - Started process (PID=147) to work on /home/airflow/.local/lib/python3.7/site-packages/airflow/example_dags/tutorial_taskflow_api.py
[2025-02-08T22:06:37.881+0000] {processor.py:743} INFO - Processing file /home/airflow/.local/lib/python3.7/site-packages/airflow/example_dags/tutorial_taskflow_api.py for tasks to queue
[2025-02-08T22:06:37.883+0000] {logging_mixin.py:137} INFO - [2025-02-08T22:06:37.882+0000] {dagbag.py:538} INFO - Filling up the DagBag from /home/airflow/.local/lib/python3.7/site-packages/airflow/example_dags/tutorial_taskflow_api.py
[2025-02-08T22:06:37.917+0000] {processor.py:753} INFO - DAG(s) dict_keys(['tutorial_taskflow_api']) retrieved from /home/airflow/.local/lib/python3.7/site-packages/airflow/example_dags/tutorial_taskflow_api.py
[2025-02-08T22:06:37.955+0000] {logging_mixin.py:137} INFO - [2025-02-08T22:06:37.955+0000] {dag.py:2690} INFO - Sync 1 DAGs
[2025-02-08T22:06:37.990+0000] {logging_mixin.py:137} INFO - [2025-02-08T22:06:37.990+0000] {dag.py:3441} INFO - Setting next_dagrun for tutorial_taskflow_api to None, run_after=None
[2025-02-08T22:06:38.035+0000] {processor.py:175} INFO - Processing /home/airflow/.local/lib/python3.7/site-packages/airflow/example_dags/tutorial_taskflow_api.py took 0.160 seconds
[2025-02-08T22:07:08.102+0000] {processor.py:153} INFO - Started process (PID=218) to work on /home/airflow/.local/lib/python3.7/site-packages/airflow/example_dags/tutorial_taskflow_api.py
[2025-02-08T22:07:08.104+0000] {processor.py:743} INFO - Processing file /home/airflow/.local/lib/python3.7/site-packages/airflow/example_dags/tutorial_taskflow_api.py for tasks to queue
[2025-02-08T22:07:08.105+0000] {logging_mixin.py:137} INFO - [2025-02-08T22:07:08.104+0000] {dagbag.py:538} INFO - Filling up the DagBag from /home/airflow/.local/lib/python3.7/site-packages/airflow/example_dags/tutorial_taskflow_api.py
[2025-02-08T22:07:08.124+0000] {processor.py:753} INFO - DAG(s) dict_keys(['tutorial_taskflow_api']) retrieved from /home/airflow/.local/lib/python3.7/site-packages/airflow/example_dags/tutorial_taskflow_api.py
[2025-02-08T22:07:08.150+0000] {logging_mixin.py:137} INFO - [2025-02-08T22:07:08.150+0000] {dag.py:2690} INFO - Sync 1 DAGs
[2025-02-08T22:07:08.172+0000] {logging_mixin.py:137} INFO - [2025-02-08T22:07:08.172+0000] {dag.py:3441} INFO - Setting next_dagrun for tutorial_taskflow_api to None, run_after=None
[2025-02-08T22:07:08.193+0000] {processor.py:175} INFO - Processing /home/airflow/.local/lib/python3.7/site-packages/airflow/example_dags/tutorial_taskflow_api.py took 0.093 seconds
[2025-02-08T22:07:38.942+0000] {processor.py:153} INFO - Started process (PID=305) to work on /home/airflow/.local/lib/python3.7/site-packages/airflow/example_dags/tutorial_taskflow_api.py
[2025-02-08T22:07:38.944+0000] {processor.py:743} INFO - Processing file /home/airflow/.local/lib/python3.7/site-packages/airflow/example_dags/tutorial_taskflow_api.py for tasks to queue
[2025-02-08T22:07:38.945+0000] {logging_mixin.py:137} INFO - [2025-02-08T22:07:38.945+0000] {dagbag.py:538} INFO - Filling up the DagBag from /home/airflow/.local/lib/python3.7/site-packages/airflow/example_dags/tutorial_taskflow_api.py
[2025-02-08T22:07:38.966+0000] {processor.py:753} INFO - DAG(s) dict_keys(['tutorial_taskflow_api']) retrieved from /home/airflow/.local/lib/python3.7/site-packages/airflow/example_dags/tutorial_taskflow_api.py
[2025-02-08T22:07:38.991+0000] {logging_mixin.py:137} INFO - [2025-02-08T22:07:38.990+0000] {dag.py:2690} INFO - Sync 1 DAGs
[2025-02-08T22:07:39.014+0000] {logging_mixin.py:137} INFO - [2025-02-08T22:07:39.014+0000] {dag.py:3441} INFO - Setting next_dagrun for tutorial_taskflow_api to None, run_after=None
[2025-02-08T22:07:39.038+0000] {processor.py:175} INFO - Processing /home/airflow/.local/lib/python3.7/site-packages/airflow/example_dags/tutorial_taskflow_api.py took 0.100 seconds
[2025-02-08T22:08:09.334+0000] {processor.py:153} INFO - Started process (PID=376) to work on /home/airflow/.local/lib/python3.7/site-packages/airflow/example_dags/tutorial_taskflow_api.py
[2025-02-08T22:08:09.334+0000] {processor.py:743} INFO - Processing file /home/airflow/.local/lib/python3.7/site-packages/airflow/example_dags/tutorial_taskflow_api.py for tasks to queue
[2025-02-08T22:08:09.335+0000] {logging_mixin.py:137} INFO - [2025-02-08T22:08:09.335+0000] {dagbag.py:538} INFO - Filling up the DagBag from /home/airflow/.local/lib/python3.7/site-packages/airflow/example_dags/tutorial_taskflow_api.py
[2025-02-08T22:08:09.354+0000] {processor.py:753} INFO - DAG(s) dict_keys(['tutorial_taskflow_api']) retrieved from /home/airflow/.local/lib/python3.7/site-packages/airflow/example_dags/tutorial_taskflow_api.py
[2025-02-08T22:08:09.379+0000] {logging_mixin.py:137} INFO - [2025-02-08T22:08:09.379+0000] {dag.py:2690} INFO - Sync 1 DAGs
[2025-02-08T22:08:09.402+0000] {logging_mixin.py:137} INFO - [2025-02-08T22:08:09.402+0000] {dag.py:3441} INFO - Setting next_dagrun for tutorial_taskflow_api to None, run_after=None
[2025-02-08T22:08:09.423+0000] {processor.py:175} INFO - Processing /home/airflow/.local/lib/python3.7/site-packages/airflow/example_dags/tutorial_taskflow_api.py took 0.093 seconds
[2025-02-08T22:08:41.418+0000] {processor.py:153} INFO - Started process (PID=447) to work on /home/airflow/.local/lib/python3.7/site-packages/airflow/example_dags/tutorial_taskflow_api.py
[2025-02-08T22:08:41.420+0000] {processor.py:743} INFO - Processing file /home/airflow/.local/lib/python3.7/site-packages/airflow/example_dags/tutorial_taskflow_api.py for tasks to queue
[2025-02-08T22:08:41.422+0000] {logging_mixin.py:137} INFO - [2025-02-08T22:08:41.421+0000] {dagbag.py:538} INFO - Filling up the DagBag from /home/airflow/.local/lib/python3.7/site-packages/airflow/example_dags/tutorial_taskflow_api.py
[2025-02-08T22:08:41.456+0000] {processor.py:753} INFO - DAG(s) dict_keys(['tutorial_taskflow_api']) retrieved from /home/airflow/.local/lib/python3.7/site-packages/airflow/example_dags/tutorial_taskflow_api.py
[2025-02-08T22:08:41.490+0000] {logging_mixin.py:137} INFO - [2025-02-08T22:08:41.490+0000] {dag.py:2690} INFO - Sync 1 DAGs
[2025-02-08T22:08:41.523+0000] {logging_mixin.py:137} INFO - [2025-02-08T22:08:41.523+0000] {dag.py:3441} INFO - Setting next_dagrun for tutorial_taskflow_api to None, run_after=None
[2025-02-08T22:08:41.554+0000] {processor.py:175} INFO - Processing /home/airflow/.local/lib/python3.7/site-packages/airflow/example_dags/tutorial_taskflow_api.py took 0.141 seconds
[2025-02-08T22:09:11.650+0000] {processor.py:153} INFO - Started process (PID=534) to work on /home/airflow/.local/lib/python3.7/site-packages/airflow/example_dags/tutorial_taskflow_api.py
[2025-02-08T22:09:11.651+0000] {processor.py:743} INFO - Processing file /home/airflow/.local/lib/python3.7/site-packages/airflow/example_dags/tutorial_taskflow_api.py for tasks to queue
[2025-02-08T22:09:11.652+0000] {logging_mixin.py:137} INFO - [2025-02-08T22:09:11.652+0000] {dagbag.py:538} INFO - Filling up the DagBag from /home/airflow/.local/lib/python3.7/site-packages/airflow/example_dags/tutorial_taskflow_api.py
[2025-02-08T22:09:11.672+0000] {processor.py:753} INFO - DAG(s) dict_keys(['tutorial_taskflow_api']) retrieved from /home/airflow/.local/lib/python3.7/site-packages/airflow/example_dags/tutorial_taskflow_api.py
[2025-02-08T22:09:11.696+0000] {logging_mixin.py:137} INFO - [2025-02-08T22:09:11.695+0000] {dag.py:2690} INFO - Sync 1 DAGs
[2025-02-08T22:09:11.719+0000] {logging_mixin.py:137} INFO - [2025-02-08T22:09:11.719+0000] {dag.py:3441} INFO - Setting next_dagrun for tutorial_taskflow_api to None, run_after=None
[2025-02-08T22:09:11.742+0000] {processor.py:175} INFO - Processing /home/airflow/.local/lib/python3.7/site-packages/airflow/example_dags/tutorial_taskflow_api.py took 0.095 seconds
[2025-02-08T22:09:43.366+0000] {processor.py:153} INFO - Started process (PID=605) to work on /home/airflow/.local/lib/python3.7/site-packages/airflow/example_dags/tutorial_taskflow_api.py
[2025-02-08T22:09:43.368+0000] {processor.py:743} INFO - Processing file /home/airflow/.local/lib/python3.7/site-packages/airflow/example_dags/tutorial_taskflow_api.py for tasks to queue
[2025-02-08T22:09:43.369+0000] {logging_mixin.py:137} INFO - [2025-02-08T22:09:43.369+0000] {dagbag.py:538} INFO - Filling up the DagBag from /home/airflow/.local/lib/python3.7/site-packages/airflow/example_dags/tutorial_taskflow_api.py
[2025-02-08T22:09:43.400+0000] {processor.py:753} INFO - DAG(s) dict_keys(['tutorial_taskflow_api']) retrieved from /home/airflow/.local/lib/python3.7/site-packages/airflow/example_dags/tutorial_taskflow_api.py
[2025-02-08T22:09:43.436+0000] {logging_mixin.py:137} INFO - [2025-02-08T22:09:43.436+0000] {dag.py:2690} INFO - Sync 1 DAGs
[2025-02-08T22:09:43.474+0000] {logging_mixin.py:137} INFO - [2025-02-08T22:09:43.473+0000] {dag.py:3441} INFO - Setting next_dagrun for tutorial_taskflow_api to None, run_after=None
[2025-02-08T22:09:43.514+0000] {processor.py:175} INFO - Processing /home/airflow/.local/lib/python3.7/site-packages/airflow/example_dags/tutorial_taskflow_api.py took 0.152 seconds
[2025-02-08T22:10:14.766+0000] {processor.py:153} INFO - Started process (PID=692) to work on /home/airflow/.local/lib/python3.7/site-packages/airflow/example_dags/tutorial_taskflow_api.py
[2025-02-08T22:10:14.767+0000] {processor.py:743} INFO - Processing file /home/airflow/.local/lib/python3.7/site-packages/airflow/example_dags/tutorial_taskflow_api.py for tasks to queue
[2025-02-08T22:10:14.768+0000] {logging_mixin.py:137} INFO - [2025-02-08T22:10:14.768+0000] {dagbag.py:538} INFO - Filling up the DagBag from /home/airflow/.local/lib/python3.7/site-packages/airflow/example_dags/tutorial_taskflow_api.py
[2025-02-08T22:10:14.806+0000] {processor.py:753} INFO - DAG(s) dict_keys(['tutorial_taskflow_api']) retrieved from /home/airflow/.local/lib/python3.7/site-packages/airflow/example_dags/tutorial_taskflow_api.py
[2025-02-08T22:10:14.848+0000] {logging_mixin.py:137} INFO - [2025-02-08T22:10:14.848+0000] {dag.py:2690} INFO - Sync 1 DAGs
[2025-02-08T22:10:14.894+0000] {logging_mixin.py:137} INFO - [2025-02-08T22:10:14.894+0000] {dag.py:3441} INFO - Setting next_dagrun for tutorial_taskflow_api to None, run_after=None
[2025-02-08T22:10:14.926+0000] {processor.py:175} INFO - Processing /home/airflow/.local/lib/python3.7/site-packages/airflow/example_dags/tutorial_taskflow_api.py took 0.167 seconds
[2025-02-08T22:10:45.617+0000] {processor.py:153} INFO - Started process (PID=763) to work on /home/airflow/.local/lib/python3.7/site-packages/airflow/example_dags/tutorial_taskflow_api.py
[2025-02-08T22:10:45.618+0000] {processor.py:743} INFO - Processing file /home/airflow/.local/lib/python3.7/site-packages/airflow/example_dags/tutorial_taskflow_api.py for tasks to queue
[2025-02-08T22:10:45.619+0000] {logging_mixin.py:137} INFO - [2025-02-08T22:10:45.619+0000] {dagbag.py:538} INFO - Filling up the DagBag from /home/airflow/.local/lib/python3.7/site-packages/airflow/example_dags/tutorial_taskflow_api.py
[2025-02-08T22:10:45.644+0000] {processor.py:753} INFO - DAG(s) dict_keys(['tutorial_taskflow_api']) retrieved from /home/airflow/.local/lib/python3.7/site-packages/airflow/example_dags/tutorial_taskflow_api.py
[2025-02-08T22:10:45.671+0000] {logging_mixin.py:137} INFO - [2025-02-08T22:10:45.671+0000] {dag.py:2690} INFO - Sync 1 DAGs
[2025-02-08T22:10:45.698+0000] {logging_mixin.py:137} INFO - [2025-02-08T22:10:45.698+0000] {dag.py:3441} INFO - Setting next_dagrun for tutorial_taskflow_api to None, run_after=None
[2025-02-08T22:10:45.722+0000] {processor.py:175} INFO - Processing /home/airflow/.local/lib/python3.7/site-packages/airflow/example_dags/tutorial_taskflow_api.py took 0.108 seconds
[2025-02-08T22:11:21.626+0000] {processor.py:153} INFO - Started process (PID=850) to work on /home/airflow/.local/lib/python3.7/site-packages/airflow/example_dags/tutorial_taskflow_api.py
[2025-02-08T22:11:21.628+0000] {processor.py:743} INFO - Processing file /home/airflow/.local/lib/python3.7/site-packages/airflow/example_dags/tutorial_taskflow_api.py for tasks to queue
[2025-02-08T22:11:21.629+0000] {logging_mixin.py:137} INFO - [2025-02-08T22:11:21.629+0000] {dagbag.py:538} INFO - Filling up the DagBag from /home/airflow/.local/lib/python3.7/site-packages/airflow/example_dags/tutorial_taskflow_api.py
[2025-02-08T22:11:21.679+0000] {processor.py:753} INFO - DAG(s) dict_keys(['tutorial_taskflow_api']) retrieved from /home/airflow/.local/lib/python3.7/site-packages/airflow/example_dags/tutorial_taskflow_api.py
[2025-02-08T22:11:21.748+0000] {logging_mixin.py:137} INFO - [2025-02-08T22:11:21.747+0000] {dag.py:2690} INFO - Sync 1 DAGs
[2025-02-08T22:11:21.835+0000] {logging_mixin.py:137} INFO - [2025-02-08T22:11:21.835+0000] {dag.py:3441} INFO - Setting next_dagrun for tutorial_taskflow_api to None, run_after=None
[2025-02-08T22:11:21.876+0000] {processor.py:175} INFO - Processing /home/airflow/.local/lib/python3.7/site-packages/airflow/example_dags/tutorial_taskflow_api.py took 0.256 seconds
[2025-02-08T22:11:52.573+0000] {processor.py:153} INFO - Started process (PID=937) to work on /home/airflow/.local/lib/python3.7/site-packages/airflow/example_dags/tutorial_taskflow_api.py
[2025-02-08T22:11:52.575+0000] {processor.py:743} INFO - Processing file /home/airflow/.local/lib/python3.7/site-packages/airflow/example_dags/tutorial_taskflow_api.py for tasks to queue
[2025-02-08T22:11:52.576+0000] {logging_mixin.py:137} INFO - [2025-02-08T22:11:52.576+0000] {dagbag.py:538} INFO - Filling up the DagBag from /home/airflow/.local/lib/python3.7/site-packages/airflow/example_dags/tutorial_taskflow_api.py
[2025-02-08T22:11:52.601+0000] {processor.py:753} INFO - DAG(s) dict_keys(['tutorial_taskflow_api']) retrieved from /home/airflow/.local/lib/python3.7/site-packages/airflow/example_dags/tutorial_taskflow_api.py
[2025-02-08T22:11:52.634+0000] {logging_mixin.py:137} INFO - [2025-02-08T22:11:52.633+0000] {dag.py:2690} INFO - Sync 1 DAGs
[2025-02-08T22:11:52.668+0000] {logging_mixin.py:137} INFO - [2025-02-08T22:11:52.667+0000] {dag.py:3441} INFO - Setting next_dagrun for tutorial_taskflow_api to None, run_after=None
[2025-02-08T22:11:52.692+0000] {processor.py:175} INFO - Processing /home/airflow/.local/lib/python3.7/site-packages/airflow/example_dags/tutorial_taskflow_api.py took 0.126 seconds
[2025-02-08T22:12:23.057+0000] {processor.py:153} INFO - Started process (PID=1009) to work on /home/airflow/.local/lib/python3.7/site-packages/airflow/example_dags/tutorial_taskflow_api.py
[2025-02-08T22:12:23.059+0000] {processor.py:743} INFO - Processing file /home/airflow/.local/lib/python3.7/site-packages/airflow/example_dags/tutorial_taskflow_api.py for tasks to queue
[2025-02-08T22:12:23.061+0000] {logging_mixin.py:137} INFO - [2025-02-08T22:12:23.061+0000] {dagbag.py:538} INFO - Filling up the DagBag from /home/airflow/.local/lib/python3.7/site-packages/airflow/example_dags/tutorial_taskflow_api.py
[2025-02-08T22:12:23.097+0000] {processor.py:753} INFO - DAG(s) dict_keys(['tutorial_taskflow_api']) retrieved from /home/airflow/.local/lib/python3.7/site-packages/airflow/example_dags/tutorial_taskflow_api.py
[2025-02-08T22:12:23.144+0000] {logging_mixin.py:137} INFO - [2025-02-08T22:12:23.144+0000] {dag.py:2690} INFO - Sync 1 DAGs
[2025-02-08T22:12:23.183+0000] {logging_mixin.py:137} INFO - [2025-02-08T22:12:23.183+0000] {dag.py:3441} INFO - Setting next_dagrun for tutorial_taskflow_api to None, run_after=None
[2025-02-08T22:12:23.215+0000] {processor.py:175} INFO - Processing /home/airflow/.local/lib/python3.7/site-packages/airflow/example_dags/tutorial_taskflow_api.py took 0.169 seconds
[2025-02-08T22:12:53.661+0000] {processor.py:153} INFO - Started process (PID=1096) to work on /home/airflow/.local/lib/python3.7/site-packages/airflow/example_dags/tutorial_taskflow_api.py
[2025-02-08T22:12:53.662+0000] {processor.py:743} INFO - Processing file /home/airflow/.local/lib/python3.7/site-packages/airflow/example_dags/tutorial_taskflow_api.py for tasks to queue
[2025-02-08T22:12:53.663+0000] {logging_mixin.py:137} INFO - [2025-02-08T22:12:53.663+0000] {dagbag.py:538} INFO - Filling up the DagBag from /home/airflow/.local/lib/python3.7/site-packages/airflow/example_dags/tutorial_taskflow_api.py
[2025-02-08T22:12:53.684+0000] {processor.py:753} INFO - DAG(s) dict_keys(['tutorial_taskflow_api']) retrieved from /home/airflow/.local/lib/python3.7/site-packages/airflow/example_dags/tutorial_taskflow_api.py
[2025-02-08T22:12:53.712+0000] {logging_mixin.py:137} INFO - [2025-02-08T22:12:53.712+0000] {dag.py:2690} INFO - Sync 1 DAGs
[2025-02-08T22:12:53.740+0000] {logging_mixin.py:137} INFO - [2025-02-08T22:12:53.740+0000] {dag.py:3441} INFO - Setting next_dagrun for tutorial_taskflow_api to None, run_after=None
[2025-02-08T22:12:53.763+0000] {processor.py:175} INFO - Processing /home/airflow/.local/lib/python3.7/site-packages/airflow/example_dags/tutorial_taskflow_api.py took 0.105 seconds
[2025-02-08T22:13:23.855+0000] {processor.py:153} INFO - Started process (PID=1167) to work on /home/airflow/.local/lib/python3.7/site-packages/airflow/example_dags/tutorial_taskflow_api.py
[2025-02-08T22:13:23.856+0000] {processor.py:743} INFO - Processing file /home/airflow/.local/lib/python3.7/site-packages/airflow/example_dags/tutorial_taskflow_api.py for tasks to queue
[2025-02-08T22:13:23.858+0000] {logging_mixin.py:137} INFO - [2025-02-08T22:13:23.857+0000] {dagbag.py:538} INFO - Filling up the DagBag from /home/airflow/.local/lib/python3.7/site-packages/airflow/example_dags/tutorial_taskflow_api.py
[2025-02-08T22:13:23.884+0000] {processor.py:753} INFO - DAG(s) dict_keys(['tutorial_taskflow_api']) retrieved from /home/airflow/.local/lib/python3.7/site-packages/airflow/example_dags/tutorial_taskflow_api.py
[2025-02-08T22:13:23.918+0000] {logging_mixin.py:137} INFO - [2025-02-08T22:13:23.918+0000] {dag.py:2690} INFO - Sync 1 DAGs
[2025-02-08T22:13:23.952+0000] {logging_mixin.py:137} INFO - [2025-02-08T22:13:23.952+0000] {dag.py:3441} INFO - Setting next_dagrun for tutorial_taskflow_api to None, run_after=None
[2025-02-08T22:13:23.988+0000] {processor.py:175} INFO - Processing /home/airflow/.local/lib/python3.7/site-packages/airflow/example_dags/tutorial_taskflow_api.py took 0.137 seconds
[2025-02-08T22:13:54.892+0000] {processor.py:153} INFO - Started process (PID=1254) to work on /home/airflow/.local/lib/python3.7/site-packages/airflow/example_dags/tutorial_taskflow_api.py
[2025-02-08T22:13:54.893+0000] {processor.py:743} INFO - Processing file /home/airflow/.local/lib/python3.7/site-packages/airflow/example_dags/tutorial_taskflow_api.py for tasks to queue
[2025-02-08T22:13:54.895+0000] {logging_mixin.py:137} INFO - [2025-02-08T22:13:54.895+0000] {dagbag.py:538} INFO - Filling up the DagBag from /home/airflow/.local/lib/python3.7/site-packages/airflow/example_dags/tutorial_taskflow_api.py
[2025-02-08T22:13:54.921+0000] {processor.py:753} INFO - DAG(s) dict_keys(['tutorial_taskflow_api']) retrieved from /home/airflow/.local/lib/python3.7/site-packages/airflow/example_dags/tutorial_taskflow_api.py
[2025-02-08T22:13:54.954+0000] {logging_mixin.py:137} INFO - [2025-02-08T22:13:54.954+0000] {dag.py:2690} INFO - Sync 1 DAGs
[2025-02-08T22:13:54.985+0000] {logging_mixin.py:137} INFO - [2025-02-08T22:13:54.985+0000] {dag.py:3441} INFO - Setting next_dagrun for tutorial_taskflow_api to None, run_after=None
[2025-02-08T22:13:55.014+0000] {processor.py:175} INFO - Processing /home/airflow/.local/lib/python3.7/site-packages/airflow/example_dags/tutorial_taskflow_api.py took 0.126 seconds
[2025-02-08T22:14:26.633+0000] {processor.py:153} INFO - Started process (PID=1325) to work on /home/airflow/.local/lib/python3.7/site-packages/airflow/example_dags/tutorial_taskflow_api.py
[2025-02-08T22:14:26.635+0000] {processor.py:743} INFO - Processing file /home/airflow/.local/lib/python3.7/site-packages/airflow/example_dags/tutorial_taskflow_api.py for tasks to queue
[2025-02-08T22:14:26.638+0000] {logging_mixin.py:137} INFO - [2025-02-08T22:14:26.637+0000] {dagbag.py:538} INFO - Filling up the DagBag from /home/airflow/.local/lib/python3.7/site-packages/airflow/example_dags/tutorial_taskflow_api.py
[2025-02-08T22:14:26.728+0000] {processor.py:753} INFO - DAG(s) dict_keys(['tutorial_taskflow_api']) retrieved from /home/airflow/.local/lib/python3.7/site-packages/airflow/example_dags/tutorial_taskflow_api.py
[2025-02-08T22:14:26.997+0000] {logging_mixin.py:137} INFO - [2025-02-08T22:14:26.997+0000] {dag.py:2690} INFO - Sync 1 DAGs
[2025-02-08T22:14:27.238+0000] {logging_mixin.py:137} INFO - [2025-02-08T22:14:27.237+0000] {dag.py:3441} INFO - Setting next_dagrun for tutorial_taskflow_api to None, run_after=None
[2025-02-08T22:14:27.673+0000] {processor.py:175} INFO - Processing /home/airflow/.local/lib/python3.7/site-packages/airflow/example_dags/tutorial_taskflow_api.py took 1.056 seconds
[2025-02-08T22:14:57.945+0000] {processor.py:153} INFO - Started process (PID=1396) to work on /home/airflow/.local/lib/python3.7/site-packages/airflow/example_dags/tutorial_taskflow_api.py
[2025-02-08T22:14:57.946+0000] {processor.py:743} INFO - Processing file /home/airflow/.local/lib/python3.7/site-packages/airflow/example_dags/tutorial_taskflow_api.py for tasks to queue
[2025-02-08T22:14:57.947+0000] {logging_mixin.py:137} INFO - [2025-02-08T22:14:57.947+0000] {dagbag.py:538} INFO - Filling up the DagBag from /home/airflow/.local/lib/python3.7/site-packages/airflow/example_dags/tutorial_taskflow_api.py
[2025-02-08T22:14:57.968+0000] {processor.py:753} INFO - DAG(s) dict_keys(['tutorial_taskflow_api']) retrieved from /home/airflow/.local/lib/python3.7/site-packages/airflow/example_dags/tutorial_taskflow_api.py
[2025-02-08T22:14:57.994+0000] {logging_mixin.py:137} INFO - [2025-02-08T22:14:57.993+0000] {dag.py:2690} INFO - Sync 1 DAGs
[2025-02-08T22:14:58.029+0000] {logging_mixin.py:137} INFO - [2025-02-08T22:14:58.029+0000] {dag.py:3441} INFO - Setting next_dagrun for tutorial_taskflow_api to None, run_after=None
[2025-02-08T22:14:58.061+0000] {processor.py:175} INFO - Processing /home/airflow/.local/lib/python3.7/site-packages/airflow/example_dags/tutorial_taskflow_api.py took 0.118 seconds
[2025-02-08T22:15:28.195+0000] {processor.py:153} INFO - Started process (PID=1474) to work on /home/airflow/.local/lib/python3.7/site-packages/airflow/example_dags/tutorial_taskflow_api.py
[2025-02-08T22:15:28.195+0000] {processor.py:743} INFO - Processing file /home/airflow/.local/lib/python3.7/site-packages/airflow/example_dags/tutorial_taskflow_api.py for tasks to queue
[2025-02-08T22:15:28.196+0000] {logging_mixin.py:137} INFO - [2025-02-08T22:15:28.196+0000] {dagbag.py:538} INFO - Filling up the DagBag from /home/airflow/.local/lib/python3.7/site-packages/airflow/example_dags/tutorial_taskflow_api.py
[2025-02-08T22:15:28.216+0000] {processor.py:753} INFO - DAG(s) dict_keys(['tutorial_taskflow_api']) retrieved from /home/airflow/.local/lib/python3.7/site-packages/airflow/example_dags/tutorial_taskflow_api.py
[2025-02-08T22:15:28.241+0000] {logging_mixin.py:137} INFO - [2025-02-08T22:15:28.241+0000] {dag.py:2690} INFO - Sync 1 DAGs
[2025-02-08T22:15:28.264+0000] {logging_mixin.py:137} INFO - [2025-02-08T22:15:28.264+0000] {dag.py:3441} INFO - Setting next_dagrun for tutorial_taskflow_api to None, run_after=None
[2025-02-08T22:15:28.288+0000] {processor.py:175} INFO - Processing /home/airflow/.local/lib/python3.7/site-packages/airflow/example_dags/tutorial_taskflow_api.py took 0.096 seconds
[2025-02-08T22:15:58.606+0000] {processor.py:153} INFO - Started process (PID=1554) to work on /home/airflow/.local/lib/python3.7/site-packages/airflow/example_dags/tutorial_taskflow_api.py
[2025-02-08T22:15:58.607+0000] {processor.py:743} INFO - Processing file /home/airflow/.local/lib/python3.7/site-packages/airflow/example_dags/tutorial_taskflow_api.py for tasks to queue
[2025-02-08T22:15:58.608+0000] {logging_mixin.py:137} INFO - [2025-02-08T22:15:58.608+0000] {dagbag.py:538} INFO - Filling up the DagBag from /home/airflow/.local/lib/python3.7/site-packages/airflow/example_dags/tutorial_taskflow_api.py
[2025-02-08T22:15:58.628+0000] {processor.py:753} INFO - DAG(s) dict_keys(['tutorial_taskflow_api']) retrieved from /home/airflow/.local/lib/python3.7/site-packages/airflow/example_dags/tutorial_taskflow_api.py
[2025-02-08T22:15:58.657+0000] {logging_mixin.py:137} INFO - [2025-02-08T22:15:58.657+0000] {dag.py:2690} INFO - Sync 1 DAGs
[2025-02-08T22:15:58.689+0000] {logging_mixin.py:137} INFO - [2025-02-08T22:15:58.689+0000] {dag.py:3441} INFO - Setting next_dagrun for tutorial_taskflow_api to None, run_after=None
[2025-02-08T22:15:58.714+0000] {processor.py:175} INFO - Processing /home/airflow/.local/lib/python3.7/site-packages/airflow/example_dags/tutorial_taskflow_api.py took 0.111 seconds
[2025-02-08T22:16:28.826+0000] {processor.py:153} INFO - Started process (PID=1625) to work on /home/airflow/.local/lib/python3.7/site-packages/airflow/example_dags/tutorial_taskflow_api.py
[2025-02-08T22:16:28.827+0000] {processor.py:743} INFO - Processing file /home/airflow/.local/lib/python3.7/site-packages/airflow/example_dags/tutorial_taskflow_api.py for tasks to queue
[2025-02-08T22:16:28.828+0000] {logging_mixin.py:137} INFO - [2025-02-08T22:16:28.828+0000] {dagbag.py:538} INFO - Filling up the DagBag from /home/airflow/.local/lib/python3.7/site-packages/airflow/example_dags/tutorial_taskflow_api.py
[2025-02-08T22:16:28.846+0000] {processor.py:753} INFO - DAG(s) dict_keys(['tutorial_taskflow_api']) retrieved from /home/airflow/.local/lib/python3.7/site-packages/airflow/example_dags/tutorial_taskflow_api.py
[2025-02-08T22:16:28.870+0000] {logging_mixin.py:137} INFO - [2025-02-08T22:16:28.870+0000] {dag.py:2690} INFO - Sync 1 DAGs
[2025-02-08T22:16:28.893+0000] {logging_mixin.py:137} INFO - [2025-02-08T22:16:28.893+0000] {dag.py:3441} INFO - Setting next_dagrun for tutorial_taskflow_api to None, run_after=None
[2025-02-08T22:16:28.917+0000] {processor.py:175} INFO - Processing /home/airflow/.local/lib/python3.7/site-packages/airflow/example_dags/tutorial_taskflow_api.py took 0.094 seconds
[2025-02-08T22:16:59.284+0000] {processor.py:153} INFO - Started process (PID=1712) to work on /home/airflow/.local/lib/python3.7/site-packages/airflow/example_dags/tutorial_taskflow_api.py
[2025-02-08T22:16:59.286+0000] {processor.py:743} INFO - Processing file /home/airflow/.local/lib/python3.7/site-packages/airflow/example_dags/tutorial_taskflow_api.py for tasks to queue
[2025-02-08T22:16:59.286+0000] {logging_mixin.py:137} INFO - [2025-02-08T22:16:59.286+0000] {dagbag.py:538} INFO - Filling up the DagBag from /home/airflow/.local/lib/python3.7/site-packages/airflow/example_dags/tutorial_taskflow_api.py
[2025-02-08T22:16:59.304+0000] {processor.py:753} INFO - DAG(s) dict_keys(['tutorial_taskflow_api']) retrieved from /home/airflow/.local/lib/python3.7/site-packages/airflow/example_dags/tutorial_taskflow_api.py
[2025-02-08T22:16:59.328+0000] {logging_mixin.py:137} INFO - [2025-02-08T22:16:59.328+0000] {dag.py:2690} INFO - Sync 1 DAGs
[2025-02-08T22:16:59.351+0000] {logging_mixin.py:137} INFO - [2025-02-08T22:16:59.350+0000] {dag.py:3441} INFO - Setting next_dagrun for tutorial_taskflow_api to None, run_after=None
[2025-02-08T22:16:59.373+0000] {processor.py:175} INFO - Processing /home/airflow/.local/lib/python3.7/site-packages/airflow/example_dags/tutorial_taskflow_api.py took 0.092 seconds
[2025-02-08T22:17:29.941+0000] {processor.py:153} INFO - Started process (PID=1783) to work on /home/airflow/.local/lib/python3.7/site-packages/airflow/example_dags/tutorial_taskflow_api.py
[2025-02-08T22:17:29.942+0000] {processor.py:743} INFO - Processing file /home/airflow/.local/lib/python3.7/site-packages/airflow/example_dags/tutorial_taskflow_api.py for tasks to queue
[2025-02-08T22:17:29.944+0000] {logging_mixin.py:137} INFO - [2025-02-08T22:17:29.943+0000] {dagbag.py:538} INFO - Filling up the DagBag from /home/airflow/.local/lib/python3.7/site-packages/airflow/example_dags/tutorial_taskflow_api.py
[2025-02-08T22:17:29.966+0000] {processor.py:753} INFO - DAG(s) dict_keys(['tutorial_taskflow_api']) retrieved from /home/airflow/.local/lib/python3.7/site-packages/airflow/example_dags/tutorial_taskflow_api.py
[2025-02-08T22:17:29.990+0000] {logging_mixin.py:137} INFO - [2025-02-08T22:17:29.990+0000] {dag.py:2690} INFO - Sync 1 DAGs
[2025-02-08T22:17:30.014+0000] {logging_mixin.py:137} INFO - [2025-02-08T22:17:30.014+0000] {dag.py:3441} INFO - Setting next_dagrun for tutorial_taskflow_api to None, run_after=None
[2025-02-08T22:17:30.037+0000] {processor.py:175} INFO - Processing /home/airflow/.local/lib/python3.7/site-packages/airflow/example_dags/tutorial_taskflow_api.py took 0.100 seconds
[2025-02-08T22:18:00.255+0000] {processor.py:153} INFO - Started process (PID=1870) to work on /home/airflow/.local/lib/python3.7/site-packages/airflow/example_dags/tutorial_taskflow_api.py
[2025-02-08T22:18:00.256+0000] {processor.py:743} INFO - Processing file /home/airflow/.local/lib/python3.7/site-packages/airflow/example_dags/tutorial_taskflow_api.py for tasks to queue
[2025-02-08T22:18:00.257+0000] {logging_mixin.py:137} INFO - [2025-02-08T22:18:00.257+0000] {dagbag.py:538} INFO - Filling up the DagBag from /home/airflow/.local/lib/python3.7/site-packages/airflow/example_dags/tutorial_taskflow_api.py
[2025-02-08T22:18:00.282+0000] {processor.py:753} INFO - DAG(s) dict_keys(['tutorial_taskflow_api']) retrieved from /home/airflow/.local/lib/python3.7/site-packages/airflow/example_dags/tutorial_taskflow_api.py
[2025-02-08T22:18:00.314+0000] {logging_mixin.py:137} INFO - [2025-02-08T22:18:00.314+0000] {dag.py:2690} INFO - Sync 1 DAGs
[2025-02-08T22:18:00.339+0000] {logging_mixin.py:137} INFO - [2025-02-08T22:18:00.339+0000] {dag.py:3441} INFO - Setting next_dagrun for tutorial_taskflow_api to None, run_after=None
[2025-02-08T22:18:00.363+0000] {processor.py:175} INFO - Processing /home/airflow/.local/lib/python3.7/site-packages/airflow/example_dags/tutorial_taskflow_api.py took 0.113 seconds
[2025-02-08T22:18:31.086+0000] {processor.py:153} INFO - Started process (PID=1941) to work on /home/airflow/.local/lib/python3.7/site-packages/airflow/example_dags/tutorial_taskflow_api.py
[2025-02-08T22:18:31.087+0000] {processor.py:743} INFO - Processing file /home/airflow/.local/lib/python3.7/site-packages/airflow/example_dags/tutorial_taskflow_api.py for tasks to queue
[2025-02-08T22:18:31.088+0000] {logging_mixin.py:137} INFO - [2025-02-08T22:18:31.087+0000] {dagbag.py:538} INFO - Filling up the DagBag from /home/airflow/.local/lib/python3.7/site-packages/airflow/example_dags/tutorial_taskflow_api.py
[2025-02-08T22:18:31.109+0000] {processor.py:753} INFO - DAG(s) dict_keys(['tutorial_taskflow_api']) retrieved from /home/airflow/.local/lib/python3.7/site-packages/airflow/example_dags/tutorial_taskflow_api.py
[2025-02-08T22:18:31.135+0000] {logging_mixin.py:137} INFO - [2025-02-08T22:18:31.135+0000] {dag.py:2690} INFO - Sync 1 DAGs
[2025-02-08T22:18:31.163+0000] {logging_mixin.py:137} INFO - [2025-02-08T22:18:31.163+0000] {dag.py:3441} INFO - Setting next_dagrun for tutorial_taskflow_api to None, run_after=None
[2025-02-08T22:18:31.189+0000] {processor.py:175} INFO - Processing /home/airflow/.local/lib/python3.7/site-packages/airflow/example_dags/tutorial_taskflow_api.py took 0.107 seconds
[2025-02-08T22:19:01.815+0000] {processor.py:153} INFO - Started process (PID=2028) to work on /home/airflow/.local/lib/python3.7/site-packages/airflow/example_dags/tutorial_taskflow_api.py
[2025-02-08T22:19:01.817+0000] {processor.py:743} INFO - Processing file /home/airflow/.local/lib/python3.7/site-packages/airflow/example_dags/tutorial_taskflow_api.py for tasks to queue
[2025-02-08T22:19:01.819+0000] {logging_mixin.py:137} INFO - [2025-02-08T22:19:01.818+0000] {dagbag.py:538} INFO - Filling up the DagBag from /home/airflow/.local/lib/python3.7/site-packages/airflow/example_dags/tutorial_taskflow_api.py
[2025-02-08T22:19:01.861+0000] {processor.py:753} INFO - DAG(s) dict_keys(['tutorial_taskflow_api']) retrieved from /home/airflow/.local/lib/python3.7/site-packages/airflow/example_dags/tutorial_taskflow_api.py
[2025-02-08T22:19:01.915+0000] {logging_mixin.py:137} INFO - [2025-02-08T22:19:01.914+0000] {dag.py:2690} INFO - Sync 1 DAGs
[2025-02-08T22:19:01.965+0000] {logging_mixin.py:137} INFO - [2025-02-08T22:19:01.965+0000] {dag.py:3441} INFO - Setting next_dagrun for tutorial_taskflow_api to None, run_after=None
[2025-02-08T22:19:02.012+0000] {processor.py:175} INFO - Processing /home/airflow/.local/lib/python3.7/site-packages/airflow/example_dags/tutorial_taskflow_api.py took 0.207 seconds
[2025-02-08T22:19:32.949+0000] {processor.py:153} INFO - Started process (PID=2099) to work on /home/airflow/.local/lib/python3.7/site-packages/airflow/example_dags/tutorial_taskflow_api.py
[2025-02-08T22:19:32.956+0000] {processor.py:743} INFO - Processing file /home/airflow/.local/lib/python3.7/site-packages/airflow/example_dags/tutorial_taskflow_api.py for tasks to queue
[2025-02-08T22:19:32.959+0000] {logging_mixin.py:137} INFO - [2025-02-08T22:19:32.958+0000] {dagbag.py:538} INFO - Filling up the DagBag from /home/airflow/.local/lib/python3.7/site-packages/airflow/example_dags/tutorial_taskflow_api.py
[2025-02-08T22:19:33.048+0000] {processor.py:753} INFO - DAG(s) dict_keys(['tutorial_taskflow_api']) retrieved from /home/airflow/.local/lib/python3.7/site-packages/airflow/example_dags/tutorial_taskflow_api.py
[2025-02-08T22:19:33.100+0000] {logging_mixin.py:137} INFO - [2025-02-08T22:19:33.099+0000] {dag.py:2690} INFO - Sync 1 DAGs
[2025-02-08T22:19:33.179+0000] {logging_mixin.py:137} INFO - [2025-02-08T22:19:33.178+0000] {dag.py:3441} INFO - Setting next_dagrun for tutorial_taskflow_api to None, run_after=None
[2025-02-08T22:19:33.242+0000] {processor.py:175} INFO - Processing /home/airflow/.local/lib/python3.7/site-packages/airflow/example_dags/tutorial_taskflow_api.py took 0.305 seconds
[2025-02-08T22:20:03.363+0000] {processor.py:153} INFO - Started process (PID=2185) to work on /home/airflow/.local/lib/python3.7/site-packages/airflow/example_dags/tutorial_taskflow_api.py
[2025-02-08T22:20:03.364+0000] {processor.py:743} INFO - Processing file /home/airflow/.local/lib/python3.7/site-packages/airflow/example_dags/tutorial_taskflow_api.py for tasks to queue
[2025-02-08T22:20:03.366+0000] {logging_mixin.py:137} INFO - [2025-02-08T22:20:03.365+0000] {dagbag.py:538} INFO - Filling up the DagBag from /home/airflow/.local/lib/python3.7/site-packages/airflow/example_dags/tutorial_taskflow_api.py
[2025-02-08T22:20:03.404+0000] {processor.py:753} INFO - DAG(s) dict_keys(['tutorial_taskflow_api']) retrieved from /home/airflow/.local/lib/python3.7/site-packages/airflow/example_dags/tutorial_taskflow_api.py
[2025-02-08T22:20:03.462+0000] {logging_mixin.py:137} INFO - [2025-02-08T22:20:03.461+0000] {dag.py:2690} INFO - Sync 1 DAGs
[2025-02-08T22:20:03.508+0000] {logging_mixin.py:137} INFO - [2025-02-08T22:20:03.508+0000] {dag.py:3441} INFO - Setting next_dagrun for tutorial_taskflow_api to None, run_after=None
[2025-02-08T22:20:03.562+0000] {processor.py:175} INFO - Processing /home/airflow/.local/lib/python3.7/site-packages/airflow/example_dags/tutorial_taskflow_api.py took 0.205 seconds
[2025-02-08T22:20:33.715+0000] {processor.py:153} INFO - Started process (PID=2256) to work on /home/airflow/.local/lib/python3.7/site-packages/airflow/example_dags/tutorial_taskflow_api.py
[2025-02-08T22:20:33.716+0000] {processor.py:743} INFO - Processing file /home/airflow/.local/lib/python3.7/site-packages/airflow/example_dags/tutorial_taskflow_api.py for tasks to queue
[2025-02-08T22:20:33.717+0000] {logging_mixin.py:137} INFO - [2025-02-08T22:20:33.717+0000] {dagbag.py:538} INFO - Filling up the DagBag from /home/airflow/.local/lib/python3.7/site-packages/airflow/example_dags/tutorial_taskflow_api.py
[2025-02-08T22:20:33.739+0000] {processor.py:753} INFO - DAG(s) dict_keys(['tutorial_taskflow_api']) retrieved from /home/airflow/.local/lib/python3.7/site-packages/airflow/example_dags/tutorial_taskflow_api.py
[2025-02-08T22:20:33.780+0000] {logging_mixin.py:137} INFO - [2025-02-08T22:20:33.780+0000] {dag.py:2690} INFO - Sync 1 DAGs
[2025-02-08T22:20:33.808+0000] {logging_mixin.py:137} INFO - [2025-02-08T22:20:33.808+0000] {dag.py:3441} INFO - Setting next_dagrun for tutorial_taskflow_api to None, run_after=None
[2025-02-08T22:20:33.835+0000] {processor.py:175} INFO - Processing /home/airflow/.local/lib/python3.7/site-packages/airflow/example_dags/tutorial_taskflow_api.py took 0.123 seconds
[2025-02-08T22:21:03.996+0000] {processor.py:153} INFO - Started process (PID=2335) to work on /home/airflow/.local/lib/python3.7/site-packages/airflow/example_dags/tutorial_taskflow_api.py
[2025-02-08T22:21:03.997+0000] {processor.py:743} INFO - Processing file /home/airflow/.local/lib/python3.7/site-packages/airflow/example_dags/tutorial_taskflow_api.py for tasks to queue
[2025-02-08T22:21:03.998+0000] {logging_mixin.py:137} INFO - [2025-02-08T22:21:03.998+0000] {dagbag.py:538} INFO - Filling up the DagBag from /home/airflow/.local/lib/python3.7/site-packages/airflow/example_dags/tutorial_taskflow_api.py
[2025-02-08T22:21:04.021+0000] {processor.py:753} INFO - DAG(s) dict_keys(['tutorial_taskflow_api']) retrieved from /home/airflow/.local/lib/python3.7/site-packages/airflow/example_dags/tutorial_taskflow_api.py
[2025-02-08T22:21:04.050+0000] {logging_mixin.py:137} INFO - [2025-02-08T22:21:04.050+0000] {dag.py:2690} INFO - Sync 1 DAGs
[2025-02-08T22:21:04.074+0000] {logging_mixin.py:137} INFO - [2025-02-08T22:21:04.074+0000] {dag.py:3441} INFO - Setting next_dagrun for tutorial_taskflow_api to None, run_after=None
[2025-02-08T22:21:04.099+0000] {processor.py:175} INFO - Processing /home/airflow/.local/lib/python3.7/site-packages/airflow/example_dags/tutorial_taskflow_api.py took 0.105 seconds
[2025-02-08T22:21:34.778+0000] {processor.py:153} INFO - Started process (PID=2413) to work on /home/airflow/.local/lib/python3.7/site-packages/airflow/example_dags/tutorial_taskflow_api.py
[2025-02-08T22:21:34.779+0000] {processor.py:743} INFO - Processing file /home/airflow/.local/lib/python3.7/site-packages/airflow/example_dags/tutorial_taskflow_api.py for tasks to queue
[2025-02-08T22:21:34.780+0000] {logging_mixin.py:137} INFO - [2025-02-08T22:21:34.780+0000] {dagbag.py:538} INFO - Filling up the DagBag from /home/airflow/.local/lib/python3.7/site-packages/airflow/example_dags/tutorial_taskflow_api.py
[2025-02-08T22:21:34.802+0000] {processor.py:753} INFO - DAG(s) dict_keys(['tutorial_taskflow_api']) retrieved from /home/airflow/.local/lib/python3.7/site-packages/airflow/example_dags/tutorial_taskflow_api.py
[2025-02-08T22:21:34.830+0000] {logging_mixin.py:137} INFO - [2025-02-08T22:21:34.829+0000] {dag.py:2690} INFO - Sync 1 DAGs
[2025-02-08T22:21:34.862+0000] {logging_mixin.py:137} INFO - [2025-02-08T22:21:34.862+0000] {dag.py:3441} INFO - Setting next_dagrun for tutorial_taskflow_api to None, run_after=None
[2025-02-08T22:21:34.886+0000] {processor.py:175} INFO - Processing /home/airflow/.local/lib/python3.7/site-packages/airflow/example_dags/tutorial_taskflow_api.py took 0.111 seconds
[2025-02-08T22:22:05.013+0000] {processor.py:153} INFO - Started process (PID=2484) to work on /home/airflow/.local/lib/python3.7/site-packages/airflow/example_dags/tutorial_taskflow_api.py
[2025-02-08T22:22:05.014+0000] {processor.py:743} INFO - Processing file /home/airflow/.local/lib/python3.7/site-packages/airflow/example_dags/tutorial_taskflow_api.py for tasks to queue
[2025-02-08T22:22:05.015+0000] {logging_mixin.py:137} INFO - [2025-02-08T22:22:05.014+0000] {dagbag.py:538} INFO - Filling up the DagBag from /home/airflow/.local/lib/python3.7/site-packages/airflow/example_dags/tutorial_taskflow_api.py
[2025-02-08T22:22:05.035+0000] {processor.py:753} INFO - DAG(s) dict_keys(['tutorial_taskflow_api']) retrieved from /home/airflow/.local/lib/python3.7/site-packages/airflow/example_dags/tutorial_taskflow_api.py
[2025-02-08T22:22:05.060+0000] {logging_mixin.py:137} INFO - [2025-02-08T22:22:05.060+0000] {dag.py:2690} INFO - Sync 1 DAGs
[2025-02-08T22:22:05.084+0000] {logging_mixin.py:137} INFO - [2025-02-08T22:22:05.084+0000] {dag.py:3441} INFO - Setting next_dagrun for tutorial_taskflow_api to None, run_after=None
[2025-02-08T22:22:05.112+0000] {processor.py:175} INFO - Processing /home/airflow/.local/lib/python3.7/site-packages/airflow/example_dags/tutorial_taskflow_api.py took 0.103 seconds
[2025-02-08T22:22:35.510+0000] {processor.py:153} INFO - Started process (PID=2571) to work on /home/airflow/.local/lib/python3.7/site-packages/airflow/example_dags/tutorial_taskflow_api.py
[2025-02-08T22:22:35.511+0000] {processor.py:743} INFO - Processing file /home/airflow/.local/lib/python3.7/site-packages/airflow/example_dags/tutorial_taskflow_api.py for tasks to queue
[2025-02-08T22:22:35.513+0000] {logging_mixin.py:137} INFO - [2025-02-08T22:22:35.512+0000] {dagbag.py:538} INFO - Filling up the DagBag from /home/airflow/.local/lib/python3.7/site-packages/airflow/example_dags/tutorial_taskflow_api.py
[2025-02-08T22:22:35.541+0000] {processor.py:753} INFO - DAG(s) dict_keys(['tutorial_taskflow_api']) retrieved from /home/airflow/.local/lib/python3.7/site-packages/airflow/example_dags/tutorial_taskflow_api.py
[2025-02-08T22:22:35.570+0000] {logging_mixin.py:137} INFO - [2025-02-08T22:22:35.570+0000] {dag.py:2690} INFO - Sync 1 DAGs
[2025-02-08T22:22:35.593+0000] {logging_mixin.py:137} INFO - [2025-02-08T22:22:35.593+0000] {dag.py:3441} INFO - Setting next_dagrun for tutorial_taskflow_api to None, run_after=None
[2025-02-08T22:22:35.618+0000] {processor.py:175} INFO - Processing /home/airflow/.local/lib/python3.7/site-packages/airflow/example_dags/tutorial_taskflow_api.py took 0.112 seconds
[2025-02-08T22:23:06.365+0000] {processor.py:153} INFO - Started process (PID=2642) to work on /home/airflow/.local/lib/python3.7/site-packages/airflow/example_dags/tutorial_taskflow_api.py
[2025-02-08T22:23:06.367+0000] {processor.py:743} INFO - Processing file /home/airflow/.local/lib/python3.7/site-packages/airflow/example_dags/tutorial_taskflow_api.py for tasks to queue
[2025-02-08T22:23:06.368+0000] {logging_mixin.py:137} INFO - [2025-02-08T22:23:06.368+0000] {dagbag.py:538} INFO - Filling up the DagBag from /home/airflow/.local/lib/python3.7/site-packages/airflow/example_dags/tutorial_taskflow_api.py
[2025-02-08T22:23:06.411+0000] {processor.py:753} INFO - DAG(s) dict_keys(['tutorial_taskflow_api']) retrieved from /home/airflow/.local/lib/python3.7/site-packages/airflow/example_dags/tutorial_taskflow_api.py
[2025-02-08T22:23:06.457+0000] {logging_mixin.py:137} INFO - [2025-02-08T22:23:06.456+0000] {dag.py:2690} INFO - Sync 1 DAGs
[2025-02-08T22:23:06.496+0000] {logging_mixin.py:137} INFO - [2025-02-08T22:23:06.495+0000] {dag.py:3441} INFO - Setting next_dagrun for tutorial_taskflow_api to None, run_after=None
[2025-02-08T22:23:06.528+0000] {processor.py:175} INFO - Processing /home/airflow/.local/lib/python3.7/site-packages/airflow/example_dags/tutorial_taskflow_api.py took 0.169 seconds
[2025-02-08T22:23:36.900+0000] {processor.py:153} INFO - Started process (PID=2729) to work on /home/airflow/.local/lib/python3.7/site-packages/airflow/example_dags/tutorial_taskflow_api.py
[2025-02-08T22:23:36.902+0000] {processor.py:743} INFO - Processing file /home/airflow/.local/lib/python3.7/site-packages/airflow/example_dags/tutorial_taskflow_api.py for tasks to queue
[2025-02-08T22:23:36.904+0000] {logging_mixin.py:137} INFO - [2025-02-08T22:23:36.903+0000] {dagbag.py:538} INFO - Filling up the DagBag from /home/airflow/.local/lib/python3.7/site-packages/airflow/example_dags/tutorial_taskflow_api.py
[2025-02-08T22:23:36.950+0000] {processor.py:753} INFO - DAG(s) dict_keys(['tutorial_taskflow_api']) retrieved from /home/airflow/.local/lib/python3.7/site-packages/airflow/example_dags/tutorial_taskflow_api.py
[2025-02-08T22:23:37.006+0000] {logging_mixin.py:137} INFO - [2025-02-08T22:23:37.006+0000] {dag.py:2690} INFO - Sync 1 DAGs
[2025-02-08T22:23:37.064+0000] {logging_mixin.py:137} INFO - [2025-02-08T22:23:37.064+0000] {dag.py:3441} INFO - Setting next_dagrun for tutorial_taskflow_api to None, run_after=None
[2025-02-08T22:23:37.107+0000] {processor.py:175} INFO - Processing /home/airflow/.local/lib/python3.7/site-packages/airflow/example_dags/tutorial_taskflow_api.py took 0.213 seconds
[2025-02-08T22:24:07.795+0000] {processor.py:153} INFO - Started process (PID=2800) to work on /home/airflow/.local/lib/python3.7/site-packages/airflow/example_dags/tutorial_taskflow_api.py
[2025-02-08T22:24:07.797+0000] {processor.py:743} INFO - Processing file /home/airflow/.local/lib/python3.7/site-packages/airflow/example_dags/tutorial_taskflow_api.py for tasks to queue
[2025-02-08T22:24:07.800+0000] {logging_mixin.py:137} INFO - [2025-02-08T22:24:07.799+0000] {dagbag.py:538} INFO - Filling up the DagBag from /home/airflow/.local/lib/python3.7/site-packages/airflow/example_dags/tutorial_taskflow_api.py
[2025-02-08T22:24:07.850+0000] {processor.py:753} INFO - DAG(s) dict_keys(['tutorial_taskflow_api']) retrieved from /home/airflow/.local/lib/python3.7/site-packages/airflow/example_dags/tutorial_taskflow_api.py
[2025-02-08T22:24:07.937+0000] {logging_mixin.py:137} INFO - [2025-02-08T22:24:07.936+0000] {dag.py:2690} INFO - Sync 1 DAGs
[2025-02-08T22:24:08.023+0000] {logging_mixin.py:137} INFO - [2025-02-08T22:24:08.023+0000] {dag.py:3441} INFO - Setting next_dagrun for tutorial_taskflow_api to None, run_after=None
[2025-02-08T22:24:08.068+0000] {processor.py:175} INFO - Processing /home/airflow/.local/lib/python3.7/site-packages/airflow/example_dags/tutorial_taskflow_api.py took 0.280 seconds
[2025-02-08T22:24:39.664+0000] {processor.py:153} INFO - Started process (PID=2871) to work on /home/airflow/.local/lib/python3.7/site-packages/airflow/example_dags/tutorial_taskflow_api.py
[2025-02-08T22:24:39.667+0000] {processor.py:743} INFO - Processing file /home/airflow/.local/lib/python3.7/site-packages/airflow/example_dags/tutorial_taskflow_api.py for tasks to queue
[2025-02-08T22:24:39.669+0000] {logging_mixin.py:137} INFO - [2025-02-08T22:24:39.668+0000] {dagbag.py:538} INFO - Filling up the DagBag from /home/airflow/.local/lib/python3.7/site-packages/airflow/example_dags/tutorial_taskflow_api.py
[2025-02-08T22:24:39.712+0000] {processor.py:753} INFO - DAG(s) dict_keys(['tutorial_taskflow_api']) retrieved from /home/airflow/.local/lib/python3.7/site-packages/airflow/example_dags/tutorial_taskflow_api.py
[2025-02-08T22:24:39.752+0000] {logging_mixin.py:137} INFO - [2025-02-08T22:24:39.751+0000] {dag.py:2690} INFO - Sync 1 DAGs
[2025-02-08T22:24:39.796+0000] {logging_mixin.py:137} INFO - [2025-02-08T22:24:39.796+0000] {dag.py:3441} INFO - Setting next_dagrun for tutorial_taskflow_api to None, run_after=None
[2025-02-08T22:24:39.826+0000] {processor.py:175} INFO - Processing /home/airflow/.local/lib/python3.7/site-packages/airflow/example_dags/tutorial_taskflow_api.py took 0.169 seconds
[2025-02-08T22:25:10.180+0000] {processor.py:153} INFO - Started process (PID=2951) to work on /home/airflow/.local/lib/python3.7/site-packages/airflow/example_dags/tutorial_taskflow_api.py
[2025-02-08T22:25:10.182+0000] {processor.py:743} INFO - Processing file /home/airflow/.local/lib/python3.7/site-packages/airflow/example_dags/tutorial_taskflow_api.py for tasks to queue
[2025-02-08T22:25:10.184+0000] {logging_mixin.py:137} INFO - [2025-02-08T22:25:10.184+0000] {dagbag.py:538} INFO - Filling up the DagBag from /home/airflow/.local/lib/python3.7/site-packages/airflow/example_dags/tutorial_taskflow_api.py
[2025-02-08T22:25:10.228+0000] {processor.py:753} INFO - DAG(s) dict_keys(['tutorial_taskflow_api']) retrieved from /home/airflow/.local/lib/python3.7/site-packages/airflow/example_dags/tutorial_taskflow_api.py
[2025-02-08T22:25:10.277+0000] {logging_mixin.py:137} INFO - [2025-02-08T22:25:10.277+0000] {dag.py:2690} INFO - Sync 1 DAGs
[2025-02-08T22:25:10.319+0000] {logging_mixin.py:137} INFO - [2025-02-08T22:25:10.318+0000] {dag.py:3441} INFO - Setting next_dagrun for tutorial_taskflow_api to None, run_after=None
[2025-02-08T22:25:10.349+0000] {processor.py:175} INFO - Processing /home/airflow/.local/lib/python3.7/site-packages/airflow/example_dags/tutorial_taskflow_api.py took 0.174 seconds
[2025-02-08T22:25:40.475+0000] {processor.py:153} INFO - Started process (PID=3029) to work on /home/airflow/.local/lib/python3.7/site-packages/airflow/example_dags/tutorial_taskflow_api.py
[2025-02-08T22:25:40.476+0000] {processor.py:743} INFO - Processing file /home/airflow/.local/lib/python3.7/site-packages/airflow/example_dags/tutorial_taskflow_api.py for tasks to queue
[2025-02-08T22:25:40.478+0000] {logging_mixin.py:137} INFO - [2025-02-08T22:25:40.478+0000] {dagbag.py:538} INFO - Filling up the DagBag from /home/airflow/.local/lib/python3.7/site-packages/airflow/example_dags/tutorial_taskflow_api.py
[2025-02-08T22:25:40.531+0000] {processor.py:753} INFO - DAG(s) dict_keys(['tutorial_taskflow_api']) retrieved from /home/airflow/.local/lib/python3.7/site-packages/airflow/example_dags/tutorial_taskflow_api.py
[2025-02-08T22:25:40.581+0000] {logging_mixin.py:137} INFO - [2025-02-08T22:25:40.581+0000] {dag.py:2690} INFO - Sync 1 DAGs
[2025-02-08T22:25:40.636+0000] {logging_mixin.py:137} INFO - [2025-02-08T22:25:40.636+0000] {dag.py:3441} INFO - Setting next_dagrun for tutorial_taskflow_api to None, run_after=None
[2025-02-08T22:25:40.681+0000] {processor.py:175} INFO - Processing /home/airflow/.local/lib/python3.7/site-packages/airflow/example_dags/tutorial_taskflow_api.py took 0.215 seconds
[2025-02-08T22:26:10.922+0000] {processor.py:153} INFO - Started process (PID=3101) to work on /home/airflow/.local/lib/python3.7/site-packages/airflow/example_dags/tutorial_taskflow_api.py
[2025-02-08T22:26:10.923+0000] {processor.py:743} INFO - Processing file /home/airflow/.local/lib/python3.7/site-packages/airflow/example_dags/tutorial_taskflow_api.py for tasks to queue
[2025-02-08T22:26:10.924+0000] {logging_mixin.py:137} INFO - [2025-02-08T22:26:10.924+0000] {dagbag.py:538} INFO - Filling up the DagBag from /home/airflow/.local/lib/python3.7/site-packages/airflow/example_dags/tutorial_taskflow_api.py
[2025-02-08T22:26:10.953+0000] {processor.py:753} INFO - DAG(s) dict_keys(['tutorial_taskflow_api']) retrieved from /home/airflow/.local/lib/python3.7/site-packages/airflow/example_dags/tutorial_taskflow_api.py
[2025-02-08T22:26:10.994+0000] {logging_mixin.py:137} INFO - [2025-02-08T22:26:10.994+0000] {dag.py:2690} INFO - Sync 1 DAGs
[2025-02-08T22:26:11.042+0000] {logging_mixin.py:137} INFO - [2025-02-08T22:26:11.042+0000] {dag.py:3441} INFO - Setting next_dagrun for tutorial_taskflow_api to None, run_after=None
[2025-02-08T22:26:11.083+0000] {processor.py:175} INFO - Processing /home/airflow/.local/lib/python3.7/site-packages/airflow/example_dags/tutorial_taskflow_api.py took 0.165 seconds
[2025-02-08T22:26:41.223+0000] {processor.py:153} INFO - Started process (PID=3182) to work on /home/airflow/.local/lib/python3.7/site-packages/airflow/example_dags/tutorial_taskflow_api.py
[2025-02-08T22:26:41.224+0000] {processor.py:743} INFO - Processing file /home/airflow/.local/lib/python3.7/site-packages/airflow/example_dags/tutorial_taskflow_api.py for tasks to queue
[2025-02-08T22:26:41.225+0000] {logging_mixin.py:137} INFO - [2025-02-08T22:26:41.225+0000] {dagbag.py:538} INFO - Filling up the DagBag from /home/airflow/.local/lib/python3.7/site-packages/airflow/example_dags/tutorial_taskflow_api.py
[2025-02-08T22:26:41.248+0000] {processor.py:753} INFO - DAG(s) dict_keys(['tutorial_taskflow_api']) retrieved from /home/airflow/.local/lib/python3.7/site-packages/airflow/example_dags/tutorial_taskflow_api.py
[2025-02-08T22:26:41.281+0000] {logging_mixin.py:137} INFO - [2025-02-08T22:26:41.281+0000] {dag.py:2690} INFO - Sync 1 DAGs
[2025-02-08T22:26:41.313+0000] {logging_mixin.py:137} INFO - [2025-02-08T22:26:41.313+0000] {dag.py:3441} INFO - Setting next_dagrun for tutorial_taskflow_api to None, run_after=None
[2025-02-08T22:26:41.339+0000] {processor.py:175} INFO - Processing /home/airflow/.local/lib/python3.7/site-packages/airflow/example_dags/tutorial_taskflow_api.py took 0.119 seconds
[2025-02-08T22:27:12.507+0000] {processor.py:153} INFO - Started process (PID=3261) to work on /home/airflow/.local/lib/python3.7/site-packages/airflow/example_dags/tutorial_taskflow_api.py
[2025-02-08T22:27:12.508+0000] {processor.py:743} INFO - Processing file /home/airflow/.local/lib/python3.7/site-packages/airflow/example_dags/tutorial_taskflow_api.py for tasks to queue
[2025-02-08T22:27:12.509+0000] {logging_mixin.py:137} INFO - [2025-02-08T22:27:12.509+0000] {dagbag.py:538} INFO - Filling up the DagBag from /home/airflow/.local/lib/python3.7/site-packages/airflow/example_dags/tutorial_taskflow_api.py
[2025-02-08T22:27:12.549+0000] {processor.py:753} INFO - DAG(s) dict_keys(['tutorial_taskflow_api']) retrieved from /home/airflow/.local/lib/python3.7/site-packages/airflow/example_dags/tutorial_taskflow_api.py
[2025-02-08T22:27:12.586+0000] {logging_mixin.py:137} INFO - [2025-02-08T22:27:12.586+0000] {dag.py:2690} INFO - Sync 1 DAGs
[2025-02-08T22:27:12.632+0000] {logging_mixin.py:137} INFO - [2025-02-08T22:27:12.631+0000] {dag.py:3441} INFO - Setting next_dagrun for tutorial_taskflow_api to None, run_after=None
[2025-02-08T22:27:12.675+0000] {processor.py:175} INFO - Processing /home/airflow/.local/lib/python3.7/site-packages/airflow/example_dags/tutorial_taskflow_api.py took 0.173 seconds
[2025-02-08T22:27:43.394+0000] {processor.py:153} INFO - Started process (PID=3342) to work on /home/airflow/.local/lib/python3.7/site-packages/airflow/example_dags/tutorial_taskflow_api.py
[2025-02-08T22:27:43.396+0000] {processor.py:743} INFO - Processing file /home/airflow/.local/lib/python3.7/site-packages/airflow/example_dags/tutorial_taskflow_api.py for tasks to queue
[2025-02-08T22:27:43.397+0000] {logging_mixin.py:137} INFO - [2025-02-08T22:27:43.397+0000] {dagbag.py:538} INFO - Filling up the DagBag from /home/airflow/.local/lib/python3.7/site-packages/airflow/example_dags/tutorial_taskflow_api.py
[2025-02-08T22:27:43.431+0000] {processor.py:753} INFO - DAG(s) dict_keys(['tutorial_taskflow_api']) retrieved from /home/airflow/.local/lib/python3.7/site-packages/airflow/example_dags/tutorial_taskflow_api.py
[2025-02-08T22:27:43.488+0000] {logging_mixin.py:137} INFO - [2025-02-08T22:27:43.487+0000] {dag.py:2690} INFO - Sync 1 DAGs
[2025-02-08T22:27:43.551+0000] {logging_mixin.py:137} INFO - [2025-02-08T22:27:43.551+0000] {dag.py:3441} INFO - Setting next_dagrun for tutorial_taskflow_api to None, run_after=None
[2025-02-08T22:27:43.627+0000] {processor.py:175} INFO - Processing /home/airflow/.local/lib/python3.7/site-packages/airflow/example_dags/tutorial_taskflow_api.py took 0.238 seconds
