[2025-02-08T22:06:03.818+0000] {processor.py:153} INFO - Started process (PID=65) to work on /home/airflow/.local/lib/python3.7/site-packages/airflow/example_dags/tutorial_dag.py
[2025-02-08T22:06:03.829+0000] {processor.py:743} INFO - Processing file /home/airflow/.local/lib/python3.7/site-packages/airflow/example_dags/tutorial_dag.py for tasks to queue
[2025-02-08T22:06:03.833+0000] {logging_mixin.py:137} INFO - [2025-02-08T22:06:03.833+0000] {dagbag.py:538} INFO - Filling up the DagBag from /home/airflow/.local/lib/python3.7/site-packages/airflow/example_dags/tutorial_dag.py
[2025-02-08T22:06:03.878+0000] {processor.py:753} INFO - DAG(s) dict_keys(['tutorial_dag']) retrieved from /home/airflow/.local/lib/python3.7/site-packages/airflow/example_dags/tutorial_dag.py
[2025-02-08T22:06:04.157+0000] {logging_mixin.py:137} INFO - [2025-02-08T22:06:04.156+0000] {dag.py:2690} INFO - Sync 1 DAGs
[2025-02-08T22:06:04.336+0000] {logging_mixin.py:137} INFO - [2025-02-08T22:06:04.335+0000] {dag.py:3441} INFO - Setting next_dagrun for tutorial_dag to None, run_after=None
[2025-02-08T22:06:04.429+0000] {processor.py:175} INFO - Processing /home/airflow/.local/lib/python3.7/site-packages/airflow/example_dags/tutorial_dag.py took 0.635 seconds
[2025-02-08T22:06:36.871+0000] {processor.py:153} INFO - Started process (PID=136) to work on /home/airflow/.local/lib/python3.7/site-packages/airflow/example_dags/tutorial_dag.py
[2025-02-08T22:06:36.873+0000] {processor.py:743} INFO - Processing file /home/airflow/.local/lib/python3.7/site-packages/airflow/example_dags/tutorial_dag.py for tasks to queue
[2025-02-08T22:06:36.874+0000] {logging_mixin.py:137} INFO - [2025-02-08T22:06:36.874+0000] {dagbag.py:538} INFO - Filling up the DagBag from /home/airflow/.local/lib/python3.7/site-packages/airflow/example_dags/tutorial_dag.py
[2025-02-08T22:06:36.896+0000] {processor.py:753} INFO - DAG(s) dict_keys(['tutorial_dag']) retrieved from /home/airflow/.local/lib/python3.7/site-packages/airflow/example_dags/tutorial_dag.py
[2025-02-08T22:06:36.930+0000] {logging_mixin.py:137} INFO - [2025-02-08T22:06:36.930+0000] {dag.py:2690} INFO - Sync 1 DAGs
[2025-02-08T22:06:36.968+0000] {logging_mixin.py:137} INFO - [2025-02-08T22:06:36.968+0000] {dag.py:3441} INFO - Setting next_dagrun for tutorial_dag to None, run_after=None
[2025-02-08T22:06:37.000+0000] {processor.py:175} INFO - Processing /home/airflow/.local/lib/python3.7/site-packages/airflow/example_dags/tutorial_dag.py took 0.133 seconds
[2025-02-08T22:07:07.451+0000] {processor.py:153} INFO - Started process (PID=207) to work on /home/airflow/.local/lib/python3.7/site-packages/airflow/example_dags/tutorial_dag.py
[2025-02-08T22:07:07.452+0000] {processor.py:743} INFO - Processing file /home/airflow/.local/lib/python3.7/site-packages/airflow/example_dags/tutorial_dag.py for tasks to queue
[2025-02-08T22:07:07.453+0000] {logging_mixin.py:137} INFO - [2025-02-08T22:07:07.453+0000] {dagbag.py:538} INFO - Filling up the DagBag from /home/airflow/.local/lib/python3.7/site-packages/airflow/example_dags/tutorial_dag.py
[2025-02-08T22:07:07.467+0000] {processor.py:753} INFO - DAG(s) dict_keys(['tutorial_dag']) retrieved from /home/airflow/.local/lib/python3.7/site-packages/airflow/example_dags/tutorial_dag.py
[2025-02-08T22:07:07.498+0000] {logging_mixin.py:137} INFO - [2025-02-08T22:07:07.498+0000] {dag.py:2690} INFO - Sync 1 DAGs
[2025-02-08T22:07:07.526+0000] {logging_mixin.py:137} INFO - [2025-02-08T22:07:07.526+0000] {dag.py:3441} INFO - Setting next_dagrun for tutorial_dag to None, run_after=None
[2025-02-08T22:07:07.547+0000] {processor.py:175} INFO - Processing /home/airflow/.local/lib/python3.7/site-packages/airflow/example_dags/tutorial_dag.py took 0.099 seconds
[2025-02-08T22:07:38.127+0000] {processor.py:153} INFO - Started process (PID=294) to work on /home/airflow/.local/lib/python3.7/site-packages/airflow/example_dags/tutorial_dag.py
[2025-02-08T22:07:38.129+0000] {processor.py:743} INFO - Processing file /home/airflow/.local/lib/python3.7/site-packages/airflow/example_dags/tutorial_dag.py for tasks to queue
[2025-02-08T22:07:38.130+0000] {logging_mixin.py:137} INFO - [2025-02-08T22:07:38.129+0000] {dagbag.py:538} INFO - Filling up the DagBag from /home/airflow/.local/lib/python3.7/site-packages/airflow/example_dags/tutorial_dag.py
[2025-02-08T22:07:38.143+0000] {processor.py:753} INFO - DAG(s) dict_keys(['tutorial_dag']) retrieved from /home/airflow/.local/lib/python3.7/site-packages/airflow/example_dags/tutorial_dag.py
[2025-02-08T22:07:38.173+0000] {logging_mixin.py:137} INFO - [2025-02-08T22:07:38.173+0000] {dag.py:2690} INFO - Sync 1 DAGs
[2025-02-08T22:07:38.208+0000] {logging_mixin.py:137} INFO - [2025-02-08T22:07:38.208+0000] {dag.py:3441} INFO - Setting next_dagrun for tutorial_dag to None, run_after=None
[2025-02-08T22:07:38.233+0000] {processor.py:175} INFO - Processing /home/airflow/.local/lib/python3.7/site-packages/airflow/example_dags/tutorial_dag.py took 0.110 seconds
[2025-02-08T22:08:08.670+0000] {processor.py:153} INFO - Started process (PID=365) to work on /home/airflow/.local/lib/python3.7/site-packages/airflow/example_dags/tutorial_dag.py
[2025-02-08T22:08:08.671+0000] {processor.py:743} INFO - Processing file /home/airflow/.local/lib/python3.7/site-packages/airflow/example_dags/tutorial_dag.py for tasks to queue
[2025-02-08T22:08:08.672+0000] {logging_mixin.py:137} INFO - [2025-02-08T22:08:08.672+0000] {dagbag.py:538} INFO - Filling up the DagBag from /home/airflow/.local/lib/python3.7/site-packages/airflow/example_dags/tutorial_dag.py
[2025-02-08T22:08:08.684+0000] {processor.py:753} INFO - DAG(s) dict_keys(['tutorial_dag']) retrieved from /home/airflow/.local/lib/python3.7/site-packages/airflow/example_dags/tutorial_dag.py
[2025-02-08T22:08:08.711+0000] {logging_mixin.py:137} INFO - [2025-02-08T22:08:08.711+0000] {dag.py:2690} INFO - Sync 1 DAGs
[2025-02-08T22:08:08.735+0000] {logging_mixin.py:137} INFO - [2025-02-08T22:08:08.735+0000] {dag.py:3441} INFO - Setting next_dagrun for tutorial_dag to None, run_after=None
[2025-02-08T22:08:08.759+0000] {processor.py:175} INFO - Processing /home/airflow/.local/lib/python3.7/site-packages/airflow/example_dags/tutorial_dag.py took 0.092 seconds
[2025-02-08T22:08:40.065+0000] {processor.py:153} INFO - Started process (PID=436) to work on /home/airflow/.local/lib/python3.7/site-packages/airflow/example_dags/tutorial_dag.py
[2025-02-08T22:08:40.067+0000] {processor.py:743} INFO - Processing file /home/airflow/.local/lib/python3.7/site-packages/airflow/example_dags/tutorial_dag.py for tasks to queue
[2025-02-08T22:08:40.068+0000] {logging_mixin.py:137} INFO - [2025-02-08T22:08:40.068+0000] {dagbag.py:538} INFO - Filling up the DagBag from /home/airflow/.local/lib/python3.7/site-packages/airflow/example_dags/tutorial_dag.py
[2025-02-08T22:08:40.091+0000] {processor.py:753} INFO - DAG(s) dict_keys(['tutorial_dag']) retrieved from /home/airflow/.local/lib/python3.7/site-packages/airflow/example_dags/tutorial_dag.py
[2025-02-08T22:08:40.132+0000] {logging_mixin.py:137} INFO - [2025-02-08T22:08:40.131+0000] {dag.py:2690} INFO - Sync 1 DAGs
[2025-02-08T22:08:40.180+0000] {logging_mixin.py:137} INFO - [2025-02-08T22:08:40.180+0000] {dag.py:3441} INFO - Setting next_dagrun for tutorial_dag to None, run_after=None
[2025-02-08T22:08:40.214+0000] {processor.py:175} INFO - Processing /home/airflow/.local/lib/python3.7/site-packages/airflow/example_dags/tutorial_dag.py took 0.158 seconds
[2025-02-08T22:09:10.656+0000] {processor.py:153} INFO - Started process (PID=523) to work on /home/airflow/.local/lib/python3.7/site-packages/airflow/example_dags/tutorial_dag.py
[2025-02-08T22:09:10.658+0000] {processor.py:743} INFO - Processing file /home/airflow/.local/lib/python3.7/site-packages/airflow/example_dags/tutorial_dag.py for tasks to queue
[2025-02-08T22:09:10.659+0000] {logging_mixin.py:137} INFO - [2025-02-08T22:09:10.659+0000] {dagbag.py:538} INFO - Filling up the DagBag from /home/airflow/.local/lib/python3.7/site-packages/airflow/example_dags/tutorial_dag.py
[2025-02-08T22:09:10.672+0000] {processor.py:753} INFO - DAG(s) dict_keys(['tutorial_dag']) retrieved from /home/airflow/.local/lib/python3.7/site-packages/airflow/example_dags/tutorial_dag.py
[2025-02-08T22:09:10.701+0000] {logging_mixin.py:137} INFO - [2025-02-08T22:09:10.701+0000] {dag.py:2690} INFO - Sync 1 DAGs
[2025-02-08T22:09:10.727+0000] {logging_mixin.py:137} INFO - [2025-02-08T22:09:10.727+0000] {dag.py:3441} INFO - Setting next_dagrun for tutorial_dag to None, run_after=None
[2025-02-08T22:09:10.750+0000] {processor.py:175} INFO - Processing /home/airflow/.local/lib/python3.7/site-packages/airflow/example_dags/tutorial_dag.py took 0.099 seconds
[2025-02-08T22:09:41.892+0000] {processor.py:153} INFO - Started process (PID=594) to work on /home/airflow/.local/lib/python3.7/site-packages/airflow/example_dags/tutorial_dag.py
[2025-02-08T22:09:41.895+0000] {processor.py:743} INFO - Processing file /home/airflow/.local/lib/python3.7/site-packages/airflow/example_dags/tutorial_dag.py for tasks to queue
[2025-02-08T22:09:41.897+0000] {logging_mixin.py:137} INFO - [2025-02-08T22:09:41.897+0000] {dagbag.py:538} INFO - Filling up the DagBag from /home/airflow/.local/lib/python3.7/site-packages/airflow/example_dags/tutorial_dag.py
[2025-02-08T22:09:41.945+0000] {processor.py:753} INFO - DAG(s) dict_keys(['tutorial_dag']) retrieved from /home/airflow/.local/lib/python3.7/site-packages/airflow/example_dags/tutorial_dag.py
[2025-02-08T22:09:42.018+0000] {logging_mixin.py:137} INFO - [2025-02-08T22:09:42.017+0000] {dag.py:2690} INFO - Sync 1 DAGs
[2025-02-08T22:09:42.109+0000] {logging_mixin.py:137} INFO - [2025-02-08T22:09:42.108+0000] {dag.py:3441} INFO - Setting next_dagrun for tutorial_dag to None, run_after=None
[2025-02-08T22:09:42.164+0000] {processor.py:175} INFO - Processing /home/airflow/.local/lib/python3.7/site-packages/airflow/example_dags/tutorial_dag.py took 0.283 seconds
[2025-02-08T22:10:13.463+0000] {processor.py:153} INFO - Started process (PID=681) to work on /home/airflow/.local/lib/python3.7/site-packages/airflow/example_dags/tutorial_dag.py
[2025-02-08T22:10:13.465+0000] {processor.py:743} INFO - Processing file /home/airflow/.local/lib/python3.7/site-packages/airflow/example_dags/tutorial_dag.py for tasks to queue
[2025-02-08T22:10:13.466+0000] {logging_mixin.py:137} INFO - [2025-02-08T22:10:13.466+0000] {dagbag.py:538} INFO - Filling up the DagBag from /home/airflow/.local/lib/python3.7/site-packages/airflow/example_dags/tutorial_dag.py
[2025-02-08T22:10:13.482+0000] {processor.py:753} INFO - DAG(s) dict_keys(['tutorial_dag']) retrieved from /home/airflow/.local/lib/python3.7/site-packages/airflow/example_dags/tutorial_dag.py
[2025-02-08T22:10:13.519+0000] {logging_mixin.py:137} INFO - [2025-02-08T22:10:13.519+0000] {dag.py:2690} INFO - Sync 1 DAGs
[2025-02-08T22:10:13.563+0000] {logging_mixin.py:137} INFO - [2025-02-08T22:10:13.563+0000] {dag.py:3441} INFO - Setting next_dagrun for tutorial_dag to None, run_after=None
[2025-02-08T22:10:13.601+0000] {processor.py:175} INFO - Processing /home/airflow/.local/lib/python3.7/site-packages/airflow/example_dags/tutorial_dag.py took 0.142 seconds
[2025-02-08T22:10:43.639+0000] {processor.py:153} INFO - Started process (PID=752) to work on /home/airflow/.local/lib/python3.7/site-packages/airflow/example_dags/tutorial_dag.py
[2025-02-08T22:10:43.640+0000] {processor.py:743} INFO - Processing file /home/airflow/.local/lib/python3.7/site-packages/airflow/example_dags/tutorial_dag.py for tasks to queue
[2025-02-08T22:10:43.641+0000] {logging_mixin.py:137} INFO - [2025-02-08T22:10:43.641+0000] {dagbag.py:538} INFO - Filling up the DagBag from /home/airflow/.local/lib/python3.7/site-packages/airflow/example_dags/tutorial_dag.py
[2025-02-08T22:10:43.654+0000] {processor.py:753} INFO - DAG(s) dict_keys(['tutorial_dag']) retrieved from /home/airflow/.local/lib/python3.7/site-packages/airflow/example_dags/tutorial_dag.py
[2025-02-08T22:10:43.683+0000] {logging_mixin.py:137} INFO - [2025-02-08T22:10:43.683+0000] {dag.py:2690} INFO - Sync 1 DAGs
[2025-02-08T22:10:43.708+0000] {logging_mixin.py:137} INFO - [2025-02-08T22:10:43.707+0000] {dag.py:3441} INFO - Setting next_dagrun for tutorial_dag to None, run_after=None
[2025-02-08T22:10:43.732+0000] {processor.py:175} INFO - Processing /home/airflow/.local/lib/python3.7/site-packages/airflow/example_dags/tutorial_dag.py took 0.096 seconds
[2025-02-08T22:11:20.093+0000] {processor.py:153} INFO - Started process (PID=838) to work on /home/airflow/.local/lib/python3.7/site-packages/airflow/example_dags/tutorial_dag.py
[2025-02-08T22:11:20.094+0000] {processor.py:743} INFO - Processing file /home/airflow/.local/lib/python3.7/site-packages/airflow/example_dags/tutorial_dag.py for tasks to queue
[2025-02-08T22:11:20.095+0000] {logging_mixin.py:137} INFO - [2025-02-08T22:11:20.095+0000] {dagbag.py:538} INFO - Filling up the DagBag from /home/airflow/.local/lib/python3.7/site-packages/airflow/example_dags/tutorial_dag.py
[2025-02-08T22:11:20.115+0000] {processor.py:753} INFO - DAG(s) dict_keys(['tutorial_dag']) retrieved from /home/airflow/.local/lib/python3.7/site-packages/airflow/example_dags/tutorial_dag.py
[2025-02-08T22:11:20.163+0000] {logging_mixin.py:137} INFO - [2025-02-08T22:11:20.163+0000] {dag.py:2690} INFO - Sync 1 DAGs
[2025-02-08T22:11:20.207+0000] {logging_mixin.py:137} INFO - [2025-02-08T22:11:20.207+0000] {dag.py:3441} INFO - Setting next_dagrun for tutorial_dag to None, run_after=None
[2025-02-08T22:11:20.307+0000] {processor.py:175} INFO - Processing /home/airflow/.local/lib/python3.7/site-packages/airflow/example_dags/tutorial_dag.py took 0.218 seconds
[2025-02-08T22:11:50.747+0000] {processor.py:153} INFO - Started process (PID=916) to work on /home/airflow/.local/lib/python3.7/site-packages/airflow/example_dags/tutorial_dag.py
[2025-02-08T22:11:50.748+0000] {processor.py:743} INFO - Processing file /home/airflow/.local/lib/python3.7/site-packages/airflow/example_dags/tutorial_dag.py for tasks to queue
[2025-02-08T22:11:50.749+0000] {logging_mixin.py:137} INFO - [2025-02-08T22:11:50.749+0000] {dagbag.py:538} INFO - Filling up the DagBag from /home/airflow/.local/lib/python3.7/site-packages/airflow/example_dags/tutorial_dag.py
[2025-02-08T22:11:50.762+0000] {processor.py:753} INFO - DAG(s) dict_keys(['tutorial_dag']) retrieved from /home/airflow/.local/lib/python3.7/site-packages/airflow/example_dags/tutorial_dag.py
[2025-02-08T22:11:50.788+0000] {logging_mixin.py:137} INFO - [2025-02-08T22:11:50.787+0000] {dag.py:2690} INFO - Sync 1 DAGs
[2025-02-08T22:11:50.812+0000] {logging_mixin.py:137} INFO - [2025-02-08T22:11:50.812+0000] {dag.py:3441} INFO - Setting next_dagrun for tutorial_dag to None, run_after=None
[2025-02-08T22:11:50.837+0000] {processor.py:175} INFO - Processing /home/airflow/.local/lib/python3.7/site-packages/airflow/example_dags/tutorial_dag.py took 0.093 seconds
[2025-02-08T22:12:21.047+0000] {processor.py:153} INFO - Started process (PID=997) to work on /home/airflow/.local/lib/python3.7/site-packages/airflow/example_dags/tutorial_dag.py
[2025-02-08T22:12:21.048+0000] {processor.py:743} INFO - Processing file /home/airflow/.local/lib/python3.7/site-packages/airflow/example_dags/tutorial_dag.py for tasks to queue
[2025-02-08T22:12:21.048+0000] {logging_mixin.py:137} INFO - [2025-02-08T22:12:21.048+0000] {dagbag.py:538} INFO - Filling up the DagBag from /home/airflow/.local/lib/python3.7/site-packages/airflow/example_dags/tutorial_dag.py
[2025-02-08T22:12:21.061+0000] {processor.py:753} INFO - DAG(s) dict_keys(['tutorial_dag']) retrieved from /home/airflow/.local/lib/python3.7/site-packages/airflow/example_dags/tutorial_dag.py
[2025-02-08T22:12:21.088+0000] {logging_mixin.py:137} INFO - [2025-02-08T22:12:21.087+0000] {dag.py:2690} INFO - Sync 1 DAGs
[2025-02-08T22:12:21.113+0000] {logging_mixin.py:137} INFO - [2025-02-08T22:12:21.113+0000] {dag.py:3441} INFO - Setting next_dagrun for tutorial_dag to None, run_after=None
[2025-02-08T22:12:21.140+0000] {processor.py:175} INFO - Processing /home/airflow/.local/lib/python3.7/site-packages/airflow/example_dags/tutorial_dag.py took 0.097 seconds
[2025-02-08T22:12:51.920+0000] {processor.py:153} INFO - Started process (PID=1069) to work on /home/airflow/.local/lib/python3.7/site-packages/airflow/example_dags/tutorial_dag.py
[2025-02-08T22:12:51.921+0000] {processor.py:743} INFO - Processing file /home/airflow/.local/lib/python3.7/site-packages/airflow/example_dags/tutorial_dag.py for tasks to queue
[2025-02-08T22:12:51.922+0000] {logging_mixin.py:137} INFO - [2025-02-08T22:12:51.922+0000] {dagbag.py:538} INFO - Filling up the DagBag from /home/airflow/.local/lib/python3.7/site-packages/airflow/example_dags/tutorial_dag.py
[2025-02-08T22:12:51.937+0000] {processor.py:753} INFO - DAG(s) dict_keys(['tutorial_dag']) retrieved from /home/airflow/.local/lib/python3.7/site-packages/airflow/example_dags/tutorial_dag.py
[2025-02-08T22:12:51.965+0000] {logging_mixin.py:137} INFO - [2025-02-08T22:12:51.965+0000] {dag.py:2690} INFO - Sync 1 DAGs
[2025-02-08T22:12:51.993+0000] {logging_mixin.py:137} INFO - [2025-02-08T22:12:51.992+0000] {dag.py:3441} INFO - Setting next_dagrun for tutorial_dag to None, run_after=None
[2025-02-08T22:12:52.018+0000] {processor.py:175} INFO - Processing /home/airflow/.local/lib/python3.7/site-packages/airflow/example_dags/tutorial_dag.py took 0.101 seconds
[2025-02-08T22:13:22.138+0000] {processor.py:153} INFO - Started process (PID=1156) to work on /home/airflow/.local/lib/python3.7/site-packages/airflow/example_dags/tutorial_dag.py
[2025-02-08T22:13:22.139+0000] {processor.py:743} INFO - Processing file /home/airflow/.local/lib/python3.7/site-packages/airflow/example_dags/tutorial_dag.py for tasks to queue
[2025-02-08T22:13:22.140+0000] {logging_mixin.py:137} INFO - [2025-02-08T22:13:22.139+0000] {dagbag.py:538} INFO - Filling up the DagBag from /home/airflow/.local/lib/python3.7/site-packages/airflow/example_dags/tutorial_dag.py
[2025-02-08T22:13:22.153+0000] {processor.py:753} INFO - DAG(s) dict_keys(['tutorial_dag']) retrieved from /home/airflow/.local/lib/python3.7/site-packages/airflow/example_dags/tutorial_dag.py
[2025-02-08T22:13:22.180+0000] {logging_mixin.py:137} INFO - [2025-02-08T22:13:22.180+0000] {dag.py:2690} INFO - Sync 1 DAGs
[2025-02-08T22:13:22.203+0000] {logging_mixin.py:137} INFO - [2025-02-08T22:13:22.203+0000] {dag.py:3441} INFO - Setting next_dagrun for tutorial_dag to None, run_after=None
[2025-02-08T22:13:22.224+0000] {processor.py:175} INFO - Processing /home/airflow/.local/lib/python3.7/site-packages/airflow/example_dags/tutorial_dag.py took 0.090 seconds
[2025-02-08T22:13:52.983+0000] {processor.py:153} INFO - Started process (PID=1227) to work on /home/airflow/.local/lib/python3.7/site-packages/airflow/example_dags/tutorial_dag.py
[2025-02-08T22:13:52.985+0000] {processor.py:743} INFO - Processing file /home/airflow/.local/lib/python3.7/site-packages/airflow/example_dags/tutorial_dag.py for tasks to queue
[2025-02-08T22:13:52.986+0000] {logging_mixin.py:137} INFO - [2025-02-08T22:13:52.986+0000] {dagbag.py:538} INFO - Filling up the DagBag from /home/airflow/.local/lib/python3.7/site-packages/airflow/example_dags/tutorial_dag.py
[2025-02-08T22:13:53.002+0000] {processor.py:753} INFO - DAG(s) dict_keys(['tutorial_dag']) retrieved from /home/airflow/.local/lib/python3.7/site-packages/airflow/example_dags/tutorial_dag.py
[2025-02-08T22:13:53.031+0000] {logging_mixin.py:137} INFO - [2025-02-08T22:13:53.031+0000] {dag.py:2690} INFO - Sync 1 DAGs
[2025-02-08T22:13:53.061+0000] {logging_mixin.py:137} INFO - [2025-02-08T22:13:53.061+0000] {dag.py:3441} INFO - Setting next_dagrun for tutorial_dag to None, run_after=None
[2025-02-08T22:13:53.090+0000] {processor.py:175} INFO - Processing /home/airflow/.local/lib/python3.7/site-packages/airflow/example_dags/tutorial_dag.py took 0.111 seconds
[2025-02-08T22:14:24.066+0000] {processor.py:153} INFO - Started process (PID=1314) to work on /home/airflow/.local/lib/python3.7/site-packages/airflow/example_dags/tutorial_dag.py
[2025-02-08T22:14:24.068+0000] {processor.py:743} INFO - Processing file /home/airflow/.local/lib/python3.7/site-packages/airflow/example_dags/tutorial_dag.py for tasks to queue
[2025-02-08T22:14:24.071+0000] {logging_mixin.py:137} INFO - [2025-02-08T22:14:24.070+0000] {dagbag.py:538} INFO - Filling up the DagBag from /home/airflow/.local/lib/python3.7/site-packages/airflow/example_dags/tutorial_dag.py
[2025-02-08T22:14:24.109+0000] {processor.py:753} INFO - DAG(s) dict_keys(['tutorial_dag']) retrieved from /home/airflow/.local/lib/python3.7/site-packages/airflow/example_dags/tutorial_dag.py
[2025-02-08T22:14:24.198+0000] {logging_mixin.py:137} INFO - [2025-02-08T22:14:24.197+0000] {dag.py:2690} INFO - Sync 1 DAGs
[2025-02-08T22:14:24.285+0000] {logging_mixin.py:137} INFO - [2025-02-08T22:14:24.284+0000] {dag.py:3441} INFO - Setting next_dagrun for tutorial_dag to None, run_after=None
[2025-02-08T22:14:24.487+0000] {processor.py:175} INFO - Processing /home/airflow/.local/lib/python3.7/site-packages/airflow/example_dags/tutorial_dag.py took 0.431 seconds
[2025-02-08T22:14:55.094+0000] {processor.py:153} INFO - Started process (PID=1385) to work on /home/airflow/.local/lib/python3.7/site-packages/airflow/example_dags/tutorial_dag.py
[2025-02-08T22:14:55.095+0000] {processor.py:743} INFO - Processing file /home/airflow/.local/lib/python3.7/site-packages/airflow/example_dags/tutorial_dag.py for tasks to queue
[2025-02-08T22:14:55.097+0000] {logging_mixin.py:137} INFO - [2025-02-08T22:14:55.096+0000] {dagbag.py:538} INFO - Filling up the DagBag from /home/airflow/.local/lib/python3.7/site-packages/airflow/example_dags/tutorial_dag.py
[2025-02-08T22:14:55.114+0000] {processor.py:753} INFO - DAG(s) dict_keys(['tutorial_dag']) retrieved from /home/airflow/.local/lib/python3.7/site-packages/airflow/example_dags/tutorial_dag.py
[2025-02-08T22:14:55.151+0000] {logging_mixin.py:137} INFO - [2025-02-08T22:14:55.150+0000] {dag.py:2690} INFO - Sync 1 DAGs
[2025-02-08T22:14:55.183+0000] {logging_mixin.py:137} INFO - [2025-02-08T22:14:55.182+0000] {dag.py:3441} INFO - Setting next_dagrun for tutorial_dag to None, run_after=None
[2025-02-08T22:14:55.212+0000] {processor.py:175} INFO - Processing /home/airflow/.local/lib/python3.7/site-packages/airflow/example_dags/tutorial_dag.py took 0.123 seconds
[2025-02-08T22:15:25.252+0000] {processor.py:153} INFO - Started process (PID=1456) to work on /home/airflow/.local/lib/python3.7/site-packages/airflow/example_dags/tutorial_dag.py
[2025-02-08T22:15:25.253+0000] {processor.py:743} INFO - Processing file /home/airflow/.local/lib/python3.7/site-packages/airflow/example_dags/tutorial_dag.py for tasks to queue
[2025-02-08T22:15:25.254+0000] {logging_mixin.py:137} INFO - [2025-02-08T22:15:25.254+0000] {dagbag.py:538} INFO - Filling up the DagBag from /home/airflow/.local/lib/python3.7/site-packages/airflow/example_dags/tutorial_dag.py
[2025-02-08T22:15:25.265+0000] {processor.py:753} INFO - DAG(s) dict_keys(['tutorial_dag']) retrieved from /home/airflow/.local/lib/python3.7/site-packages/airflow/example_dags/tutorial_dag.py
[2025-02-08T22:15:25.291+0000] {logging_mixin.py:137} INFO - [2025-02-08T22:15:25.290+0000] {dag.py:2690} INFO - Sync 1 DAGs
[2025-02-08T22:15:25.318+0000] {logging_mixin.py:137} INFO - [2025-02-08T22:15:25.318+0000] {dag.py:3441} INFO - Setting next_dagrun for tutorial_dag to None, run_after=None
[2025-02-08T22:15:25.339+0000] {processor.py:175} INFO - Processing /home/airflow/.local/lib/python3.7/site-packages/airflow/example_dags/tutorial_dag.py took 0.090 seconds
[2025-02-08T22:15:55.764+0000] {processor.py:153} INFO - Started process (PID=1543) to work on /home/airflow/.local/lib/python3.7/site-packages/airflow/example_dags/tutorial_dag.py
[2025-02-08T22:15:55.765+0000] {processor.py:743} INFO - Processing file /home/airflow/.local/lib/python3.7/site-packages/airflow/example_dags/tutorial_dag.py for tasks to queue
[2025-02-08T22:15:55.767+0000] {logging_mixin.py:137} INFO - [2025-02-08T22:15:55.767+0000] {dagbag.py:538} INFO - Filling up the DagBag from /home/airflow/.local/lib/python3.7/site-packages/airflow/example_dags/tutorial_dag.py
[2025-02-08T22:15:55.783+0000] {processor.py:753} INFO - DAG(s) dict_keys(['tutorial_dag']) retrieved from /home/airflow/.local/lib/python3.7/site-packages/airflow/example_dags/tutorial_dag.py
[2025-02-08T22:15:55.834+0000] {logging_mixin.py:137} INFO - [2025-02-08T22:15:55.834+0000] {dag.py:2690} INFO - Sync 1 DAGs
[2025-02-08T22:15:55.904+0000] {logging_mixin.py:137} INFO - [2025-02-08T22:15:55.904+0000] {dag.py:3441} INFO - Setting next_dagrun for tutorial_dag to None, run_after=None
[2025-02-08T22:15:55.954+0000] {processor.py:175} INFO - Processing /home/airflow/.local/lib/python3.7/site-packages/airflow/example_dags/tutorial_dag.py took 0.202 seconds
[2025-02-08T22:16:26.048+0000] {processor.py:153} INFO - Started process (PID=1614) to work on /home/airflow/.local/lib/python3.7/site-packages/airflow/example_dags/tutorial_dag.py
[2025-02-08T22:16:26.050+0000] {processor.py:743} INFO - Processing file /home/airflow/.local/lib/python3.7/site-packages/airflow/example_dags/tutorial_dag.py for tasks to queue
[2025-02-08T22:16:26.051+0000] {logging_mixin.py:137} INFO - [2025-02-08T22:16:26.051+0000] {dagbag.py:538} INFO - Filling up the DagBag from /home/airflow/.local/lib/python3.7/site-packages/airflow/example_dags/tutorial_dag.py
[2025-02-08T22:16:26.063+0000] {processor.py:753} INFO - DAG(s) dict_keys(['tutorial_dag']) retrieved from /home/airflow/.local/lib/python3.7/site-packages/airflow/example_dags/tutorial_dag.py
[2025-02-08T22:16:26.092+0000] {logging_mixin.py:137} INFO - [2025-02-08T22:16:26.092+0000] {dag.py:2690} INFO - Sync 1 DAGs
[2025-02-08T22:16:26.115+0000] {logging_mixin.py:137} INFO - [2025-02-08T22:16:26.115+0000] {dag.py:3441} INFO - Setting next_dagrun for tutorial_dag to None, run_after=None
[2025-02-08T22:16:26.139+0000] {processor.py:175} INFO - Processing /home/airflow/.local/lib/python3.7/site-packages/airflow/example_dags/tutorial_dag.py took 0.094 seconds
[2025-02-08T22:16:56.626+0000] {processor.py:153} INFO - Started process (PID=1701) to work on /home/airflow/.local/lib/python3.7/site-packages/airflow/example_dags/tutorial_dag.py
[2025-02-08T22:16:56.627+0000] {processor.py:743} INFO - Processing file /home/airflow/.local/lib/python3.7/site-packages/airflow/example_dags/tutorial_dag.py for tasks to queue
[2025-02-08T22:16:56.628+0000] {logging_mixin.py:137} INFO - [2025-02-08T22:16:56.628+0000] {dagbag.py:538} INFO - Filling up the DagBag from /home/airflow/.local/lib/python3.7/site-packages/airflow/example_dags/tutorial_dag.py
[2025-02-08T22:16:56.642+0000] {processor.py:753} INFO - DAG(s) dict_keys(['tutorial_dag']) retrieved from /home/airflow/.local/lib/python3.7/site-packages/airflow/example_dags/tutorial_dag.py
[2025-02-08T22:16:56.674+0000] {logging_mixin.py:137} INFO - [2025-02-08T22:16:56.674+0000] {dag.py:2690} INFO - Sync 1 DAGs
[2025-02-08T22:16:56.707+0000] {logging_mixin.py:137} INFO - [2025-02-08T22:16:56.707+0000] {dag.py:3441} INFO - Setting next_dagrun for tutorial_dag to None, run_after=None
[2025-02-08T22:16:56.731+0000] {processor.py:175} INFO - Processing /home/airflow/.local/lib/python3.7/site-packages/airflow/example_dags/tutorial_dag.py took 0.109 seconds
[2025-02-08T22:17:27.269+0000] {processor.py:153} INFO - Started process (PID=1772) to work on /home/airflow/.local/lib/python3.7/site-packages/airflow/example_dags/tutorial_dag.py
[2025-02-08T22:17:27.270+0000] {processor.py:743} INFO - Processing file /home/airflow/.local/lib/python3.7/site-packages/airflow/example_dags/tutorial_dag.py for tasks to queue
[2025-02-08T22:17:27.271+0000] {logging_mixin.py:137} INFO - [2025-02-08T22:17:27.271+0000] {dagbag.py:538} INFO - Filling up the DagBag from /home/airflow/.local/lib/python3.7/site-packages/airflow/example_dags/tutorial_dag.py
[2025-02-08T22:17:27.284+0000] {processor.py:753} INFO - DAG(s) dict_keys(['tutorial_dag']) retrieved from /home/airflow/.local/lib/python3.7/site-packages/airflow/example_dags/tutorial_dag.py
[2025-02-08T22:17:27.311+0000] {logging_mixin.py:137} INFO - [2025-02-08T22:17:27.310+0000] {dag.py:2690} INFO - Sync 1 DAGs
[2025-02-08T22:17:27.335+0000] {logging_mixin.py:137} INFO - [2025-02-08T22:17:27.335+0000] {dag.py:3441} INFO - Setting next_dagrun for tutorial_dag to None, run_after=None
[2025-02-08T22:17:27.358+0000] {processor.py:175} INFO - Processing /home/airflow/.local/lib/python3.7/site-packages/airflow/example_dags/tutorial_dag.py took 0.092 seconds
[2025-02-08T22:17:57.579+0000] {processor.py:153} INFO - Started process (PID=1843) to work on /home/airflow/.local/lib/python3.7/site-packages/airflow/example_dags/tutorial_dag.py
[2025-02-08T22:17:57.580+0000] {processor.py:743} INFO - Processing file /home/airflow/.local/lib/python3.7/site-packages/airflow/example_dags/tutorial_dag.py for tasks to queue
[2025-02-08T22:17:57.582+0000] {logging_mixin.py:137} INFO - [2025-02-08T22:17:57.582+0000] {dagbag.py:538} INFO - Filling up the DagBag from /home/airflow/.local/lib/python3.7/site-packages/airflow/example_dags/tutorial_dag.py
[2025-02-08T22:17:57.594+0000] {processor.py:753} INFO - DAG(s) dict_keys(['tutorial_dag']) retrieved from /home/airflow/.local/lib/python3.7/site-packages/airflow/example_dags/tutorial_dag.py
[2025-02-08T22:17:57.621+0000] {logging_mixin.py:137} INFO - [2025-02-08T22:17:57.621+0000] {dag.py:2690} INFO - Sync 1 DAGs
[2025-02-08T22:17:57.644+0000] {logging_mixin.py:137} INFO - [2025-02-08T22:17:57.644+0000] {dag.py:3441} INFO - Setting next_dagrun for tutorial_dag to None, run_after=None
[2025-02-08T22:17:57.667+0000] {processor.py:175} INFO - Processing /home/airflow/.local/lib/python3.7/site-packages/airflow/example_dags/tutorial_dag.py took 0.091 seconds
[2025-02-08T22:18:28.174+0000] {processor.py:153} INFO - Started process (PID=1930) to work on /home/airflow/.local/lib/python3.7/site-packages/airflow/example_dags/tutorial_dag.py
[2025-02-08T22:18:28.175+0000] {processor.py:743} INFO - Processing file /home/airflow/.local/lib/python3.7/site-packages/airflow/example_dags/tutorial_dag.py for tasks to queue
[2025-02-08T22:18:28.177+0000] {logging_mixin.py:137} INFO - [2025-02-08T22:18:28.177+0000] {dagbag.py:538} INFO - Filling up the DagBag from /home/airflow/.local/lib/python3.7/site-packages/airflow/example_dags/tutorial_dag.py
[2025-02-08T22:18:28.198+0000] {processor.py:753} INFO - DAG(s) dict_keys(['tutorial_dag']) retrieved from /home/airflow/.local/lib/python3.7/site-packages/airflow/example_dags/tutorial_dag.py
[2025-02-08T22:18:28.255+0000] {logging_mixin.py:137} INFO - [2025-02-08T22:18:28.255+0000] {dag.py:2690} INFO - Sync 1 DAGs
[2025-02-08T22:18:28.301+0000] {logging_mixin.py:137} INFO - [2025-02-08T22:18:28.301+0000] {dag.py:3441} INFO - Setting next_dagrun for tutorial_dag to None, run_after=None
[2025-02-08T22:18:28.342+0000] {processor.py:175} INFO - Processing /home/airflow/.local/lib/python3.7/site-packages/airflow/example_dags/tutorial_dag.py took 0.175 seconds
[2025-02-08T22:18:59.028+0000] {processor.py:153} INFO - Started process (PID=2017) to work on /home/airflow/.local/lib/python3.7/site-packages/airflow/example_dags/tutorial_dag.py
[2025-02-08T22:18:59.029+0000] {processor.py:743} INFO - Processing file /home/airflow/.local/lib/python3.7/site-packages/airflow/example_dags/tutorial_dag.py for tasks to queue
[2025-02-08T22:18:59.029+0000] {logging_mixin.py:137} INFO - [2025-02-08T22:18:59.029+0000] {dagbag.py:538} INFO - Filling up the DagBag from /home/airflow/.local/lib/python3.7/site-packages/airflow/example_dags/tutorial_dag.py
[2025-02-08T22:18:59.041+0000] {processor.py:753} INFO - DAG(s) dict_keys(['tutorial_dag']) retrieved from /home/airflow/.local/lib/python3.7/site-packages/airflow/example_dags/tutorial_dag.py
[2025-02-08T22:18:59.067+0000] {logging_mixin.py:137} INFO - [2025-02-08T22:18:59.067+0000] {dag.py:2690} INFO - Sync 1 DAGs
[2025-02-08T22:18:59.092+0000] {logging_mixin.py:137} INFO - [2025-02-08T22:18:59.091+0000] {dag.py:3441} INFO - Setting next_dagrun for tutorial_dag to None, run_after=None
[2025-02-08T22:18:59.113+0000] {processor.py:175} INFO - Processing /home/airflow/.local/lib/python3.7/site-packages/airflow/example_dags/tutorial_dag.py took 0.088 seconds
[2025-02-08T22:19:29.907+0000] {processor.py:153} INFO - Started process (PID=2088) to work on /home/airflow/.local/lib/python3.7/site-packages/airflow/example_dags/tutorial_dag.py
[2025-02-08T22:19:29.909+0000] {processor.py:743} INFO - Processing file /home/airflow/.local/lib/python3.7/site-packages/airflow/example_dags/tutorial_dag.py for tasks to queue
[2025-02-08T22:19:29.911+0000] {logging_mixin.py:137} INFO - [2025-02-08T22:19:29.911+0000] {dagbag.py:538} INFO - Filling up the DagBag from /home/airflow/.local/lib/python3.7/site-packages/airflow/example_dags/tutorial_dag.py
[2025-02-08T22:19:29.947+0000] {processor.py:753} INFO - DAG(s) dict_keys(['tutorial_dag']) retrieved from /home/airflow/.local/lib/python3.7/site-packages/airflow/example_dags/tutorial_dag.py
[2025-02-08T22:19:30.021+0000] {logging_mixin.py:137} INFO - [2025-02-08T22:19:30.020+0000] {dag.py:2690} INFO - Sync 1 DAGs
[2025-02-08T22:19:30.107+0000] {logging_mixin.py:137} INFO - [2025-02-08T22:19:30.106+0000] {dag.py:3441} INFO - Setting next_dagrun for tutorial_dag to None, run_after=None
[2025-02-08T22:19:30.216+0000] {processor.py:175} INFO - Processing /home/airflow/.local/lib/python3.7/site-packages/airflow/example_dags/tutorial_dag.py took 0.314 seconds
[2025-02-08T22:20:01.030+0000] {processor.py:153} INFO - Started process (PID=2158) to work on /home/airflow/.local/lib/python3.7/site-packages/airflow/example_dags/tutorial_dag.py
[2025-02-08T22:20:01.032+0000] {processor.py:743} INFO - Processing file /home/airflow/.local/lib/python3.7/site-packages/airflow/example_dags/tutorial_dag.py for tasks to queue
[2025-02-08T22:20:01.033+0000] {logging_mixin.py:137} INFO - [2025-02-08T22:20:01.033+0000] {dagbag.py:538} INFO - Filling up the DagBag from /home/airflow/.local/lib/python3.7/site-packages/airflow/example_dags/tutorial_dag.py
[2025-02-08T22:20:01.053+0000] {processor.py:753} INFO - DAG(s) dict_keys(['tutorial_dag']) retrieved from /home/airflow/.local/lib/python3.7/site-packages/airflow/example_dags/tutorial_dag.py
[2025-02-08T22:20:01.104+0000] {logging_mixin.py:137} INFO - [2025-02-08T22:20:01.103+0000] {dag.py:2690} INFO - Sync 1 DAGs
[2025-02-08T22:20:01.153+0000] {logging_mixin.py:137} INFO - [2025-02-08T22:20:01.153+0000] {dag.py:3441} INFO - Setting next_dagrun for tutorial_dag to None, run_after=None
[2025-02-08T22:20:01.207+0000] {processor.py:175} INFO - Processing /home/airflow/.local/lib/python3.7/site-packages/airflow/example_dags/tutorial_dag.py took 0.182 seconds
[2025-02-08T22:20:31.944+0000] {processor.py:153} INFO - Started process (PID=2245) to work on /home/airflow/.local/lib/python3.7/site-packages/airflow/example_dags/tutorial_dag.py
[2025-02-08T22:20:31.945+0000] {processor.py:743} INFO - Processing file /home/airflow/.local/lib/python3.7/site-packages/airflow/example_dags/tutorial_dag.py for tasks to queue
[2025-02-08T22:20:31.946+0000] {logging_mixin.py:137} INFO - [2025-02-08T22:20:31.946+0000] {dagbag.py:538} INFO - Filling up the DagBag from /home/airflow/.local/lib/python3.7/site-packages/airflow/example_dags/tutorial_dag.py
[2025-02-08T22:20:31.959+0000] {processor.py:753} INFO - DAG(s) dict_keys(['tutorial_dag']) retrieved from /home/airflow/.local/lib/python3.7/site-packages/airflow/example_dags/tutorial_dag.py
[2025-02-08T22:20:31.985+0000] {logging_mixin.py:137} INFO - [2025-02-08T22:20:31.985+0000] {dag.py:2690} INFO - Sync 1 DAGs
[2025-02-08T22:20:32.011+0000] {logging_mixin.py:137} INFO - [2025-02-08T22:20:32.011+0000] {dag.py:3441} INFO - Setting next_dagrun for tutorial_dag to None, run_after=None
[2025-02-08T22:20:32.041+0000] {processor.py:175} INFO - Processing /home/airflow/.local/lib/python3.7/site-packages/airflow/example_dags/tutorial_dag.py took 0.101 seconds
[2025-02-08T22:21:02.308+0000] {processor.py:153} INFO - Started process (PID=2315) to work on /home/airflow/.local/lib/python3.7/site-packages/airflow/example_dags/tutorial_dag.py
[2025-02-08T22:21:02.309+0000] {processor.py:743} INFO - Processing file /home/airflow/.local/lib/python3.7/site-packages/airflow/example_dags/tutorial_dag.py for tasks to queue
[2025-02-08T22:21:02.310+0000] {logging_mixin.py:137} INFO - [2025-02-08T22:21:02.310+0000] {dagbag.py:538} INFO - Filling up the DagBag from /home/airflow/.local/lib/python3.7/site-packages/airflow/example_dags/tutorial_dag.py
[2025-02-08T22:21:02.323+0000] {processor.py:753} INFO - DAG(s) dict_keys(['tutorial_dag']) retrieved from /home/airflow/.local/lib/python3.7/site-packages/airflow/example_dags/tutorial_dag.py
[2025-02-08T22:21:02.351+0000] {logging_mixin.py:137} INFO - [2025-02-08T22:21:02.351+0000] {dag.py:2690} INFO - Sync 1 DAGs
[2025-02-08T22:21:02.374+0000] {logging_mixin.py:137} INFO - [2025-02-08T22:21:02.374+0000] {dag.py:3441} INFO - Setting next_dagrun for tutorial_dag to None, run_after=None
[2025-02-08T22:21:02.396+0000] {processor.py:175} INFO - Processing /home/airflow/.local/lib/python3.7/site-packages/airflow/example_dags/tutorial_dag.py took 0.092 seconds
[2025-02-08T22:21:32.789+0000] {processor.py:153} INFO - Started process (PID=2402) to work on /home/airflow/.local/lib/python3.7/site-packages/airflow/example_dags/tutorial_dag.py
[2025-02-08T22:21:32.791+0000] {processor.py:743} INFO - Processing file /home/airflow/.local/lib/python3.7/site-packages/airflow/example_dags/tutorial_dag.py for tasks to queue
[2025-02-08T22:21:32.792+0000] {logging_mixin.py:137} INFO - [2025-02-08T22:21:32.792+0000] {dagbag.py:538} INFO - Filling up the DagBag from /home/airflow/.local/lib/python3.7/site-packages/airflow/example_dags/tutorial_dag.py
[2025-02-08T22:21:32.806+0000] {processor.py:753} INFO - DAG(s) dict_keys(['tutorial_dag']) retrieved from /home/airflow/.local/lib/python3.7/site-packages/airflow/example_dags/tutorial_dag.py
[2025-02-08T22:21:32.842+0000] {logging_mixin.py:137} INFO - [2025-02-08T22:21:32.842+0000] {dag.py:2690} INFO - Sync 1 DAGs
[2025-02-08T22:21:32.882+0000] {logging_mixin.py:137} INFO - [2025-02-08T22:21:32.882+0000] {dag.py:3441} INFO - Setting next_dagrun for tutorial_dag to None, run_after=None
[2025-02-08T22:21:32.915+0000] {processor.py:175} INFO - Processing /home/airflow/.local/lib/python3.7/site-packages/airflow/example_dags/tutorial_dag.py took 0.130 seconds
[2025-02-08T22:22:03.197+0000] {processor.py:153} INFO - Started process (PID=2473) to work on /home/airflow/.local/lib/python3.7/site-packages/airflow/example_dags/tutorial_dag.py
[2025-02-08T22:22:03.198+0000] {processor.py:743} INFO - Processing file /home/airflow/.local/lib/python3.7/site-packages/airflow/example_dags/tutorial_dag.py for tasks to queue
[2025-02-08T22:22:03.199+0000] {logging_mixin.py:137} INFO - [2025-02-08T22:22:03.198+0000] {dagbag.py:538} INFO - Filling up the DagBag from /home/airflow/.local/lib/python3.7/site-packages/airflow/example_dags/tutorial_dag.py
[2025-02-08T22:22:03.211+0000] {processor.py:753} INFO - DAG(s) dict_keys(['tutorial_dag']) retrieved from /home/airflow/.local/lib/python3.7/site-packages/airflow/example_dags/tutorial_dag.py
[2025-02-08T22:22:03.237+0000] {logging_mixin.py:137} INFO - [2025-02-08T22:22:03.237+0000] {dag.py:2690} INFO - Sync 1 DAGs
[2025-02-08T22:22:03.262+0000] {logging_mixin.py:137} INFO - [2025-02-08T22:22:03.262+0000] {dag.py:3441} INFO - Setting next_dagrun for tutorial_dag to None, run_after=None
[2025-02-08T22:22:03.284+0000] {processor.py:175} INFO - Processing /home/airflow/.local/lib/python3.7/site-packages/airflow/example_dags/tutorial_dag.py took 0.091 seconds
[2025-02-08T22:22:33.823+0000] {processor.py:153} INFO - Started process (PID=2551) to work on /home/airflow/.local/lib/python3.7/site-packages/airflow/example_dags/tutorial_dag.py
[2025-02-08T22:22:33.825+0000] {processor.py:743} INFO - Processing file /home/airflow/.local/lib/python3.7/site-packages/airflow/example_dags/tutorial_dag.py for tasks to queue
[2025-02-08T22:22:33.826+0000] {logging_mixin.py:137} INFO - [2025-02-08T22:22:33.825+0000] {dagbag.py:538} INFO - Filling up the DagBag from /home/airflow/.local/lib/python3.7/site-packages/airflow/example_dags/tutorial_dag.py
[2025-02-08T22:22:33.838+0000] {processor.py:753} INFO - DAG(s) dict_keys(['tutorial_dag']) retrieved from /home/airflow/.local/lib/python3.7/site-packages/airflow/example_dags/tutorial_dag.py
[2025-02-08T22:22:33.864+0000] {logging_mixin.py:137} INFO - [2025-02-08T22:22:33.864+0000] {dag.py:2690} INFO - Sync 1 DAGs
[2025-02-08T22:22:33.893+0000] {logging_mixin.py:137} INFO - [2025-02-08T22:22:33.893+0000] {dag.py:3441} INFO - Setting next_dagrun for tutorial_dag to None, run_after=None
[2025-02-08T22:22:33.918+0000] {processor.py:175} INFO - Processing /home/airflow/.local/lib/python3.7/site-packages/airflow/example_dags/tutorial_dag.py took 0.098 seconds
[2025-02-08T22:23:04.927+0000] {processor.py:153} INFO - Started process (PID=2631) to work on /home/airflow/.local/lib/python3.7/site-packages/airflow/example_dags/tutorial_dag.py
[2025-02-08T22:23:04.929+0000] {processor.py:743} INFO - Processing file /home/airflow/.local/lib/python3.7/site-packages/airflow/example_dags/tutorial_dag.py for tasks to queue
[2025-02-08T22:23:04.930+0000] {logging_mixin.py:137} INFO - [2025-02-08T22:23:04.930+0000] {dagbag.py:538} INFO - Filling up the DagBag from /home/airflow/.local/lib/python3.7/site-packages/airflow/example_dags/tutorial_dag.py
[2025-02-08T22:23:04.957+0000] {processor.py:753} INFO - DAG(s) dict_keys(['tutorial_dag']) retrieved from /home/airflow/.local/lib/python3.7/site-packages/airflow/example_dags/tutorial_dag.py
[2025-02-08T22:23:05.028+0000] {logging_mixin.py:137} INFO - [2025-02-08T22:23:05.027+0000] {dag.py:2690} INFO - Sync 1 DAGs
[2025-02-08T22:23:05.108+0000] {logging_mixin.py:137} INFO - [2025-02-08T22:23:05.107+0000] {dag.py:3441} INFO - Setting next_dagrun for tutorial_dag to None, run_after=None
[2025-02-08T22:23:05.154+0000] {processor.py:175} INFO - Processing /home/airflow/.local/lib/python3.7/site-packages/airflow/example_dags/tutorial_dag.py took 0.232 seconds
[2025-02-08T22:23:35.627+0000] {processor.py:153} INFO - Started process (PID=2711) to work on /home/airflow/.local/lib/python3.7/site-packages/airflow/example_dags/tutorial_dag.py
[2025-02-08T22:23:35.629+0000] {processor.py:743} INFO - Processing file /home/airflow/.local/lib/python3.7/site-packages/airflow/example_dags/tutorial_dag.py for tasks to queue
[2025-02-08T22:23:35.630+0000] {logging_mixin.py:137} INFO - [2025-02-08T22:23:35.630+0000] {dagbag.py:538} INFO - Filling up the DagBag from /home/airflow/.local/lib/python3.7/site-packages/airflow/example_dags/tutorial_dag.py
[2025-02-08T22:23:35.652+0000] {processor.py:753} INFO - DAG(s) dict_keys(['tutorial_dag']) retrieved from /home/airflow/.local/lib/python3.7/site-packages/airflow/example_dags/tutorial_dag.py
[2025-02-08T22:23:35.703+0000] {logging_mixin.py:137} INFO - [2025-02-08T22:23:35.702+0000] {dag.py:2690} INFO - Sync 1 DAGs
[2025-02-08T22:23:35.765+0000] {logging_mixin.py:137} INFO - [2025-02-08T22:23:35.765+0000] {dag.py:3441} INFO - Setting next_dagrun for tutorial_dag to None, run_after=None
[2025-02-08T22:23:35.852+0000] {processor.py:175} INFO - Processing /home/airflow/.local/lib/python3.7/site-packages/airflow/example_dags/tutorial_dag.py took 0.230 seconds
[2025-02-08T22:24:06.498+0000] {processor.py:153} INFO - Started process (PID=2789) to work on /home/airflow/.local/lib/python3.7/site-packages/airflow/example_dags/tutorial_dag.py
[2025-02-08T22:24:06.499+0000] {processor.py:743} INFO - Processing file /home/airflow/.local/lib/python3.7/site-packages/airflow/example_dags/tutorial_dag.py for tasks to queue
[2025-02-08T22:24:06.501+0000] {logging_mixin.py:137} INFO - [2025-02-08T22:24:06.500+0000] {dagbag.py:538} INFO - Filling up the DagBag from /home/airflow/.local/lib/python3.7/site-packages/airflow/example_dags/tutorial_dag.py
[2025-02-08T22:24:06.520+0000] {processor.py:753} INFO - DAG(s) dict_keys(['tutorial_dag']) retrieved from /home/airflow/.local/lib/python3.7/site-packages/airflow/example_dags/tutorial_dag.py
[2025-02-08T22:24:06.560+0000] {logging_mixin.py:137} INFO - [2025-02-08T22:24:06.560+0000] {dag.py:2690} INFO - Sync 1 DAGs
[2025-02-08T22:24:06.596+0000] {logging_mixin.py:137} INFO - [2025-02-08T22:24:06.595+0000] {dag.py:3441} INFO - Setting next_dagrun for tutorial_dag to None, run_after=None
[2025-02-08T22:24:06.625+0000] {processor.py:175} INFO - Processing /home/airflow/.local/lib/python3.7/site-packages/airflow/example_dags/tutorial_dag.py took 0.132 seconds
[2025-02-08T22:24:38.252+0000] {processor.py:153} INFO - Started process (PID=2860) to work on /home/airflow/.local/lib/python3.7/site-packages/airflow/example_dags/tutorial_dag.py
[2025-02-08T22:24:38.253+0000] {processor.py:743} INFO - Processing file /home/airflow/.local/lib/python3.7/site-packages/airflow/example_dags/tutorial_dag.py for tasks to queue
[2025-02-08T22:24:38.255+0000] {logging_mixin.py:137} INFO - [2025-02-08T22:24:38.254+0000] {dagbag.py:538} INFO - Filling up the DagBag from /home/airflow/.local/lib/python3.7/site-packages/airflow/example_dags/tutorial_dag.py
[2025-02-08T22:24:38.272+0000] {processor.py:753} INFO - DAG(s) dict_keys(['tutorial_dag']) retrieved from /home/airflow/.local/lib/python3.7/site-packages/airflow/example_dags/tutorial_dag.py
[2025-02-08T22:24:38.315+0000] {logging_mixin.py:137} INFO - [2025-02-08T22:24:38.315+0000] {dag.py:2690} INFO - Sync 1 DAGs
[2025-02-08T22:24:38.364+0000] {logging_mixin.py:137} INFO - [2025-02-08T22:24:38.364+0000] {dag.py:3441} INFO - Setting next_dagrun for tutorial_dag to None, run_after=None
[2025-02-08T22:24:38.400+0000] {processor.py:175} INFO - Processing /home/airflow/.local/lib/python3.7/site-packages/airflow/example_dags/tutorial_dag.py took 0.155 seconds
[2025-02-08T22:25:08.862+0000] {processor.py:153} INFO - Started process (PID=2931) to work on /home/airflow/.local/lib/python3.7/site-packages/airflow/example_dags/tutorial_dag.py
[2025-02-08T22:25:08.864+0000] {processor.py:743} INFO - Processing file /home/airflow/.local/lib/python3.7/site-packages/airflow/example_dags/tutorial_dag.py for tasks to queue
[2025-02-08T22:25:08.866+0000] {logging_mixin.py:137} INFO - [2025-02-08T22:25:08.865+0000] {dagbag.py:538} INFO - Filling up the DagBag from /home/airflow/.local/lib/python3.7/site-packages/airflow/example_dags/tutorial_dag.py
[2025-02-08T22:25:08.891+0000] {processor.py:753} INFO - DAG(s) dict_keys(['tutorial_dag']) retrieved from /home/airflow/.local/lib/python3.7/site-packages/airflow/example_dags/tutorial_dag.py
[2025-02-08T22:25:08.937+0000] {logging_mixin.py:137} INFO - [2025-02-08T22:25:08.936+0000] {dag.py:2690} INFO - Sync 1 DAGs
[2025-02-08T22:25:08.989+0000] {logging_mixin.py:137} INFO - [2025-02-08T22:25:08.989+0000] {dag.py:3441} INFO - Setting next_dagrun for tutorial_dag to None, run_after=None
[2025-02-08T22:25:09.026+0000] {processor.py:175} INFO - Processing /home/airflow/.local/lib/python3.7/site-packages/airflow/example_dags/tutorial_dag.py took 0.169 seconds
[2025-02-08T22:25:39.229+0000] {processor.py:153} INFO - Started process (PID=3018) to work on /home/airflow/.local/lib/python3.7/site-packages/airflow/example_dags/tutorial_dag.py
[2025-02-08T22:25:39.231+0000] {processor.py:743} INFO - Processing file /home/airflow/.local/lib/python3.7/site-packages/airflow/example_dags/tutorial_dag.py for tasks to queue
[2025-02-08T22:25:39.232+0000] {logging_mixin.py:137} INFO - [2025-02-08T22:25:39.232+0000] {dagbag.py:538} INFO - Filling up the DagBag from /home/airflow/.local/lib/python3.7/site-packages/airflow/example_dags/tutorial_dag.py
[2025-02-08T22:25:39.254+0000] {processor.py:753} INFO - DAG(s) dict_keys(['tutorial_dag']) retrieved from /home/airflow/.local/lib/python3.7/site-packages/airflow/example_dags/tutorial_dag.py
[2025-02-08T22:25:39.295+0000] {logging_mixin.py:137} INFO - [2025-02-08T22:25:39.295+0000] {dag.py:2690} INFO - Sync 1 DAGs
[2025-02-08T22:25:39.349+0000] {logging_mixin.py:137} INFO - [2025-02-08T22:25:39.349+0000] {dag.py:3441} INFO - Setting next_dagrun for tutorial_dag to None, run_after=None
[2025-02-08T22:25:39.387+0000] {processor.py:175} INFO - Processing /home/airflow/.local/lib/python3.7/site-packages/airflow/example_dags/tutorial_dag.py took 0.163 seconds
[2025-02-08T22:26:09.748+0000] {processor.py:153} INFO - Started process (PID=3090) to work on /home/airflow/.local/lib/python3.7/site-packages/airflow/example_dags/tutorial_dag.py
[2025-02-08T22:26:09.749+0000] {processor.py:743} INFO - Processing file /home/airflow/.local/lib/python3.7/site-packages/airflow/example_dags/tutorial_dag.py for tasks to queue
[2025-02-08T22:26:09.750+0000] {logging_mixin.py:137} INFO - [2025-02-08T22:26:09.750+0000] {dagbag.py:538} INFO - Filling up the DagBag from /home/airflow/.local/lib/python3.7/site-packages/airflow/example_dags/tutorial_dag.py
[2025-02-08T22:26:09.769+0000] {processor.py:753} INFO - DAG(s) dict_keys(['tutorial_dag']) retrieved from /home/airflow/.local/lib/python3.7/site-packages/airflow/example_dags/tutorial_dag.py
[2025-02-08T22:26:09.803+0000] {logging_mixin.py:137} INFO - [2025-02-08T22:26:09.802+0000] {dag.py:2690} INFO - Sync 1 DAGs
[2025-02-08T22:26:09.843+0000] {logging_mixin.py:137} INFO - [2025-02-08T22:26:09.843+0000] {dag.py:3441} INFO - Setting next_dagrun for tutorial_dag to None, run_after=None
[2025-02-08T22:26:09.870+0000] {processor.py:175} INFO - Processing /home/airflow/.local/lib/python3.7/site-packages/airflow/example_dags/tutorial_dag.py took 0.127 seconds
[2025-02-08T22:26:40.511+0000] {processor.py:153} INFO - Started process (PID=3162) to work on /home/airflow/.local/lib/python3.7/site-packages/airflow/example_dags/tutorial_dag.py
[2025-02-08T22:26:40.513+0000] {processor.py:743} INFO - Processing file /home/airflow/.local/lib/python3.7/site-packages/airflow/example_dags/tutorial_dag.py for tasks to queue
[2025-02-08T22:26:40.515+0000] {logging_mixin.py:137} INFO - [2025-02-08T22:26:40.515+0000] {dagbag.py:538} INFO - Filling up the DagBag from /home/airflow/.local/lib/python3.7/site-packages/airflow/example_dags/tutorial_dag.py
[2025-02-08T22:26:40.526+0000] {processor.py:753} INFO - DAG(s) dict_keys(['tutorial_dag']) retrieved from /home/airflow/.local/lib/python3.7/site-packages/airflow/example_dags/tutorial_dag.py
[2025-02-08T22:26:40.554+0000] {logging_mixin.py:137} INFO - [2025-02-08T22:26:40.554+0000] {dag.py:2690} INFO - Sync 1 DAGs
[2025-02-08T22:26:40.579+0000] {logging_mixin.py:137} INFO - [2025-02-08T22:26:40.578+0000] {dag.py:3441} INFO - Setting next_dagrun for tutorial_dag to None, run_after=None
[2025-02-08T22:26:40.602+0000] {processor.py:175} INFO - Processing /home/airflow/.local/lib/python3.7/site-packages/airflow/example_dags/tutorial_dag.py took 0.095 seconds
[2025-02-08T22:27:11.444+0000] {processor.py:153} INFO - Started process (PID=3250) to work on /home/airflow/.local/lib/python3.7/site-packages/airflow/example_dags/tutorial_dag.py
[2025-02-08T22:27:11.446+0000] {processor.py:743} INFO - Processing file /home/airflow/.local/lib/python3.7/site-packages/airflow/example_dags/tutorial_dag.py for tasks to queue
[2025-02-08T22:27:11.447+0000] {logging_mixin.py:137} INFO - [2025-02-08T22:27:11.447+0000] {dagbag.py:538} INFO - Filling up the DagBag from /home/airflow/.local/lib/python3.7/site-packages/airflow/example_dags/tutorial_dag.py
[2025-02-08T22:27:11.481+0000] {processor.py:753} INFO - DAG(s) dict_keys(['tutorial_dag']) retrieved from /home/airflow/.local/lib/python3.7/site-packages/airflow/example_dags/tutorial_dag.py
[2025-02-08T22:27:11.526+0000] {logging_mixin.py:137} INFO - [2025-02-08T22:27:11.526+0000] {dag.py:2690} INFO - Sync 1 DAGs
[2025-02-08T22:27:11.562+0000] {logging_mixin.py:137} INFO - [2025-02-08T22:27:11.562+0000] {dag.py:3441} INFO - Setting next_dagrun for tutorial_dag to None, run_after=None
[2025-02-08T22:27:11.588+0000] {processor.py:175} INFO - Processing /home/airflow/.local/lib/python3.7/site-packages/airflow/example_dags/tutorial_dag.py took 0.150 seconds
[2025-02-08T22:27:42.341+0000] {processor.py:153} INFO - Started process (PID=3322) to work on /home/airflow/.local/lib/python3.7/site-packages/airflow/example_dags/tutorial_dag.py
[2025-02-08T22:27:42.342+0000] {processor.py:743} INFO - Processing file /home/airflow/.local/lib/python3.7/site-packages/airflow/example_dags/tutorial_dag.py for tasks to queue
[2025-02-08T22:27:42.343+0000] {logging_mixin.py:137} INFO - [2025-02-08T22:27:42.343+0000] {dagbag.py:538} INFO - Filling up the DagBag from /home/airflow/.local/lib/python3.7/site-packages/airflow/example_dags/tutorial_dag.py
[2025-02-08T22:27:42.358+0000] {processor.py:753} INFO - DAG(s) dict_keys(['tutorial_dag']) retrieved from /home/airflow/.local/lib/python3.7/site-packages/airflow/example_dags/tutorial_dag.py
[2025-02-08T22:27:42.389+0000] {logging_mixin.py:137} INFO - [2025-02-08T22:27:42.389+0000] {dag.py:2690} INFO - Sync 1 DAGs
[2025-02-08T22:27:42.427+0000] {logging_mixin.py:137} INFO - [2025-02-08T22:27:42.427+0000] {dag.py:3441} INFO - Setting next_dagrun for tutorial_dag to None, run_after=None
[2025-02-08T22:27:42.452+0000] {processor.py:175} INFO - Processing /home/airflow/.local/lib/python3.7/site-packages/airflow/example_dags/tutorial_dag.py took 0.115 seconds
