[2025-02-08T23:05:23.960+0000] {taskinstance.py:1083} INFO - Dependencies all met for <TaskInstance: dag_with_pythonv2.greet manual__2025-02-08T23:05:19.399407+00:00 [queued]>
[2025-02-08T23:05:23.983+0000] {taskinstance.py:1083} INFO - Dependencies all met for <TaskInstance: dag_with_pythonv2.greet manual__2025-02-08T23:05:19.399407+00:00 [queued]>
[2025-02-08T23:05:23.984+0000] {taskinstance.py:1279} INFO - 
--------------------------------------------------------------------------------
[2025-02-08T23:05:23.984+0000] {taskinstance.py:1280} INFO - Starting attempt 1 of 1
[2025-02-08T23:05:23.984+0000] {taskinstance.py:1281} INFO - 
--------------------------------------------------------------------------------
[2025-02-08T23:05:24.018+0000] {taskinstance.py:1300} INFO - Executing <Task(PythonOperator): greet> on 2025-02-08 23:05:19.399407+00:00
[2025-02-08T23:05:24.031+0000] {standard_task_runner.py:55} INFO - Started process 318 to run task
[2025-02-08T23:05:24.036+0000] {standard_task_runner.py:82} INFO - Running: ['***', 'tasks', 'run', 'dag_with_pythonv2', 'greet', 'manual__2025-02-08T23:05:19.399407+00:00', '--job-id', '22', '--raw', '--subdir', 'DAGS_FOLDER/test.py', '--cfg-path', '/tmp/tmp_e05xdsy']
[2025-02-08T23:05:24.037+0000] {standard_task_runner.py:83} INFO - Job 22: Subtask greet
[2025-02-08T23:05:24.182+0000] {task_command.py:388} INFO - Running <TaskInstance: dag_with_pythonv2.greet manual__2025-02-08T23:05:19.399407+00:00 [running]> on host 1694b062ea20
[2025-02-08T23:05:24.406+0000] {taskinstance.py:1509} INFO - Exporting the following env vars:
AIRFLOW_CTX_DAG_OWNER=***
AIRFLOW_CTX_DAG_ID=dag_with_pythonv2
AIRFLOW_CTX_TASK_ID=greet
AIRFLOW_CTX_EXECUTION_DATE=2025-02-08T23:05:19.399407+00:00
AIRFLOW_CTX_TRY_NUMBER=1
AIRFLOW_CTX_DAG_RUN_ID=manual__2025-02-08T23:05:19.399407+00:00
[2025-02-08T23:05:24.412+0000] {logging_mixin.py:137} INFO - Extracting links
[2025-02-08T23:05:24.413+0000] {python.py:177} INFO - Done. Returned value was: None
[2025-02-08T23:05:24.453+0000] {taskinstance.py:1323} INFO - Marking task as SUCCESS. dag_id=dag_with_pythonv2, task_id=greet, execution_date=20250208T230519, start_date=20250208T230523, end_date=20250208T230524
[2025-02-08T23:05:24.539+0000] {local_task_job.py:208} INFO - Task exited with return code 0
[2025-02-08T23:05:24.599+0000] {taskinstance.py:2578} INFO - 1 downstream tasks scheduled from follow-on schedule check
