[2025-02-14T02:26:12.195+0000] {local_task_job_runner.py:123} INFO - ::group::Pre task execution logs
[2025-02-14T02:26:12.216+0000] {taskinstance.py:2613} INFO - Dependencies all met for dep_context=non-requeueable deps ti=<TaskInstance: dag_for_dbt_denormalize.Upload_data_to_s3 manual__2025-02-13T21:25:59-05:00 [queued]>
[2025-02-14T02:26:12.226+0000] {taskinstance.py:2613} INFO - Dependencies all met for dep_context=requeueable deps ti=<TaskInstance: dag_for_dbt_denormalize.Upload_data_to_s3 manual__2025-02-13T21:25:59-05:00 [queued]>
[2025-02-14T02:26:12.227+0000] {taskinstance.py:2866} INFO - Starting attempt 1 of 1
[2025-02-14T02:26:12.241+0000] {taskinstance.py:2889} INFO - Executing <Task(PythonOperator): Upload_data_to_s3> on 2025-02-14 02:25:59+00:00
[2025-02-14T02:26:12.246+0000] {warnings.py:112} WARNING - /home/***/.local/lib/python3.12/site-packages/***/task/task_runner/standard_task_runner.py:70: DeprecationWarning: This process (pid=219) is multi-threaded, use of fork() may lead to deadlocks in the child.
  pid = os.fork()

[2025-02-14T02:26:12.248+0000] {standard_task_runner.py:72} INFO - Started process 220 to run task
[2025-02-14T02:26:12.248+0000] {standard_task_runner.py:104} INFO - Running: ['***', 'tasks', 'run', 'dag_for_dbt_denormalize', 'Upload_data_to_s3', 'manual__2025-02-13T21:25:59-05:00', '--job-id', '326', '--raw', '--subdir', 'DAGS_FOLDER/denormalize_data_gad.py', '--cfg-path', '/tmp/tmpyud3qpnj']
[2025-02-14T02:26:12.249+0000] {standard_task_runner.py:105} INFO - Job 326: Subtask Upload_data_to_s3
[2025-02-14T02:26:12.296+0000] {task_command.py:467} INFO - Running <TaskInstance: dag_for_dbt_denormalize.Upload_data_to_s3 manual__2025-02-13T21:25:59-05:00 [running]> on host 520ef09c550f
[2025-02-14T02:26:12.380+0000] {taskinstance.py:3132} INFO - Exporting env vars: AIRFLOW_CTX_DAG_OWNER='***' AIRFLOW_CTX_DAG_ID='dag_for_dbt_denormalize' AIRFLOW_CTX_TASK_ID='Upload_data_to_s3' AIRFLOW_CTX_EXECUTION_DATE='2025-02-14T02:25:59+00:00' AIRFLOW_CTX_TRY_NUMBER='1' AIRFLOW_CTX_DAG_RUN_ID='manual__2025-02-13T21:25:59-05:00'
[2025-02-14T02:26:12.381+0000] {taskinstance.py:731} INFO - ::endgroup::
[2025-02-14T02:26:35.041+0000] {logging_mixin.py:190} INFO - uploaded file sub.txt
[2025-02-14T02:26:51.018+0000] {logging_mixin.py:190} INFO - uploaded file pre.txt
[2025-02-14T02:28:03.391+0000] {local_task_job_runner.py:346} WARNING - State of this instance has been externally set to failed. Terminating instance.
[2025-02-14T02:28:03.650+0000] {local_task_job_runner.py:245} INFO - ::endgroup::
[2025-02-14T02:28:03.726+0000] {process_utils.py:132} INFO - Sending 15 to group 220. PIDs of all processes in the group: [220]
[2025-02-14T02:28:03.733+0000] {process_utils.py:87} INFO - Sending the signal 15 to group 220
[2025-02-14T02:28:03.747+0000] {taskinstance.py:3093} ERROR - Received SIGTERM. Terminating subprocesses.
[2025-02-14T02:28:04.597+0000] {taskinstance.py:340} INFO - ::group::Post task execution logs
[2025-02-14T02:28:04.782+0000] {process_utils.py:80} INFO - Process psutil.Process(pid=220, status='terminated', exitcode=0, started='02:26:11') (220) terminated with exit code 0
