[2025-02-14T00:53:22.369+0000] {processor.py:186} INFO - Started process (PID=93) to work on /opt/airflow/dags/dbt_raw_dag.py
[2025-02-14T00:53:22.376+0000] {processor.py:914} INFO - Processing file /opt/airflow/dags/dbt_raw_dag.py for tasks to queue
[2025-02-14T00:53:22.388+0000] {logging_mixin.py:190} INFO - [2025-02-14T00:53:22.387+0000] {dagbag.py:588} INFO - Filling up the DagBag from /opt/airflow/dags/dbt_raw_dag.py
[2025-02-14T00:53:26.281+0000] {processor.py:925} INFO - DAG(s) 'dag_for_dbt_raw' retrieved from /opt/airflow/dags/dbt_raw_dag.py
[2025-02-14T00:53:29.817+0000] {logging_mixin.py:190} INFO - [2025-02-14T00:53:29.817+0000] {dag.py:3239} INFO - Sync 1 DAGs
[2025-02-14T00:53:29.872+0000] {logging_mixin.py:190} INFO - [2025-02-14T00:53:29.872+0000] {dag.py:4180} INFO - Setting next_dagrun for dag_for_dbt_raw to 2025-03-01 00:00:00+00:00, run_after=2025-04-01 00:00:00+00:00
[2025-02-14T00:53:29.947+0000] {processor.py:208} INFO - Processing /opt/airflow/dags/dbt_raw_dag.py took 7.609 seconds
[2025-02-14T00:54:00.525+0000] {processor.py:186} INFO - Started process (PID=120) to work on /opt/airflow/dags/dbt_raw_dag.py
[2025-02-14T00:54:00.529+0000] {processor.py:914} INFO - Processing file /opt/airflow/dags/dbt_raw_dag.py for tasks to queue
[2025-02-14T00:54:00.538+0000] {logging_mixin.py:190} INFO - [2025-02-14T00:54:00.537+0000] {dagbag.py:588} INFO - Filling up the DagBag from /opt/airflow/dags/dbt_raw_dag.py
[2025-02-14T00:54:01.296+0000] {processor.py:925} INFO - DAG(s) 'dag_for_dbt_raw' retrieved from /opt/airflow/dags/dbt_raw_dag.py
[2025-02-14T00:54:01.367+0000] {logging_mixin.py:190} INFO - [2025-02-14T00:54:01.366+0000] {dag.py:3239} INFO - Sync 1 DAGs
[2025-02-14T00:54:01.409+0000] {logging_mixin.py:190} INFO - [2025-02-14T00:54:01.409+0000] {dag.py:4180} INFO - Setting next_dagrun for dag_for_dbt_raw to 2025-03-01 00:00:00+00:00, run_after=2025-04-01 00:00:00+00:00
[2025-02-14T00:54:01.448+0000] {processor.py:208} INFO - Processing /opt/airflow/dags/dbt_raw_dag.py took 0.934 seconds
[2025-02-14T00:54:31.663+0000] {processor.py:186} INFO - Started process (PID=133) to work on /opt/airflow/dags/dbt_raw_dag.py
[2025-02-14T00:54:31.669+0000] {processor.py:914} INFO - Processing file /opt/airflow/dags/dbt_raw_dag.py for tasks to queue
[2025-02-14T00:54:31.675+0000] {logging_mixin.py:190} INFO - [2025-02-14T00:54:31.674+0000] {dagbag.py:588} INFO - Filling up the DagBag from /opt/airflow/dags/dbt_raw_dag.py
[2025-02-14T00:54:32.882+0000] {processor.py:925} INFO - DAG(s) 'dag_for_dbt_raw' retrieved from /opt/airflow/dags/dbt_raw_dag.py
[2025-02-14T00:54:33.151+0000] {logging_mixin.py:190} INFO - [2025-02-14T00:54:33.137+0000] {dag.py:3239} INFO - Sync 1 DAGs
[2025-02-14T00:54:33.396+0000] {logging_mixin.py:190} INFO - [2025-02-14T00:54:33.396+0000] {dag.py:4180} INFO - Setting next_dagrun for dag_for_dbt_raw to 2025-03-01 00:00:00+00:00, run_after=2025-04-01 00:00:00+00:00
[2025-02-14T00:54:33.653+0000] {processor.py:208} INFO - Processing /opt/airflow/dags/dbt_raw_dag.py took 2.017 seconds
[2025-02-14T00:55:03.989+0000] {processor.py:186} INFO - Started process (PID=147) to work on /opt/airflow/dags/dbt_raw_dag.py
[2025-02-14T00:55:03.990+0000] {processor.py:914} INFO - Processing file /opt/airflow/dags/dbt_raw_dag.py for tasks to queue
[2025-02-14T00:55:03.997+0000] {logging_mixin.py:190} INFO - [2025-02-14T00:55:03.996+0000] {dagbag.py:588} INFO - Filling up the DagBag from /opt/airflow/dags/dbt_raw_dag.py
[2025-02-14T00:55:04.586+0000] {processor.py:925} INFO - DAG(s) 'dag_for_dbt_raw' retrieved from /opt/airflow/dags/dbt_raw_dag.py
[2025-02-14T00:55:04.640+0000] {logging_mixin.py:190} INFO - [2025-02-14T00:55:04.639+0000] {dag.py:3239} INFO - Sync 1 DAGs
[2025-02-14T00:55:04.685+0000] {logging_mixin.py:190} INFO - [2025-02-14T00:55:04.685+0000] {dag.py:4180} INFO - Setting next_dagrun for dag_for_dbt_raw to 2025-03-01 00:00:00+00:00, run_after=2025-04-01 00:00:00+00:00
[2025-02-14T00:55:04.727+0000] {processor.py:208} INFO - Processing /opt/airflow/dags/dbt_raw_dag.py took 0.748 seconds
[2025-02-14T00:55:35.091+0000] {processor.py:186} INFO - Started process (PID=161) to work on /opt/airflow/dags/dbt_raw_dag.py
[2025-02-14T00:55:35.093+0000] {processor.py:914} INFO - Processing file /opt/airflow/dags/dbt_raw_dag.py for tasks to queue
[2025-02-14T00:55:35.100+0000] {logging_mixin.py:190} INFO - [2025-02-14T00:55:35.100+0000] {dagbag.py:588} INFO - Filling up the DagBag from /opt/airflow/dags/dbt_raw_dag.py
[2025-02-14T00:55:35.710+0000] {processor.py:925} INFO - DAG(s) 'dag_for_dbt_raw' retrieved from /opt/airflow/dags/dbt_raw_dag.py
[2025-02-14T00:55:35.749+0000] {logging_mixin.py:190} INFO - [2025-02-14T00:55:35.748+0000] {dag.py:3239} INFO - Sync 1 DAGs
[2025-02-14T00:55:35.789+0000] {logging_mixin.py:190} INFO - [2025-02-14T00:55:35.789+0000] {dag.py:4180} INFO - Setting next_dagrun for dag_for_dbt_raw to 2025-03-01 00:00:00+00:00, run_after=2025-04-01 00:00:00+00:00
[2025-02-14T00:55:35.828+0000] {processor.py:208} INFO - Processing /opt/airflow/dags/dbt_raw_dag.py took 0.746 seconds
[2025-02-14T00:56:06.591+0000] {processor.py:186} INFO - Started process (PID=174) to work on /opt/airflow/dags/dbt_raw_dag.py
[2025-02-14T00:56:06.596+0000] {processor.py:914} INFO - Processing file /opt/airflow/dags/dbt_raw_dag.py for tasks to queue
[2025-02-14T00:56:06.600+0000] {logging_mixin.py:190} INFO - [2025-02-14T00:56:06.599+0000] {dagbag.py:588} INFO - Filling up the DagBag from /opt/airflow/dags/dbt_raw_dag.py
[2025-02-14T00:56:07.651+0000] {processor.py:925} INFO - DAG(s) 'dag_for_dbt_raw' retrieved from /opt/airflow/dags/dbt_raw_dag.py
[2025-02-14T00:56:07.768+0000] {logging_mixin.py:190} INFO - [2025-02-14T00:56:07.756+0000] {dag.py:3239} INFO - Sync 1 DAGs
[2025-02-14T00:56:07.849+0000] {logging_mixin.py:190} INFO - [2025-02-14T00:56:07.849+0000] {dag.py:4180} INFO - Setting next_dagrun for dag_for_dbt_raw to 2025-03-01 00:00:00+00:00, run_after=2025-04-01 00:00:00+00:00
[2025-02-14T00:56:07.912+0000] {processor.py:208} INFO - Processing /opt/airflow/dags/dbt_raw_dag.py took 1.330 seconds
[2025-02-14T00:56:38.310+0000] {processor.py:186} INFO - Started process (PID=194) to work on /opt/airflow/dags/dbt_raw_dag.py
[2025-02-14T00:56:38.311+0000] {processor.py:914} INFO - Processing file /opt/airflow/dags/dbt_raw_dag.py for tasks to queue
[2025-02-14T00:56:38.329+0000] {logging_mixin.py:190} INFO - [2025-02-14T00:56:38.324+0000] {dagbag.py:588} INFO - Filling up the DagBag from /opt/airflow/dags/dbt_raw_dag.py
[2025-02-14T00:56:39.070+0000] {processor.py:925} INFO - DAG(s) 'dag_for_dbt_raw' retrieved from /opt/airflow/dags/dbt_raw_dag.py
[2025-02-14T00:56:39.113+0000] {logging_mixin.py:190} INFO - [2025-02-14T00:56:39.112+0000] {dag.py:3239} INFO - Sync 1 DAGs
[2025-02-14T00:56:39.151+0000] {logging_mixin.py:190} INFO - [2025-02-14T00:56:39.151+0000] {dag.py:4180} INFO - Setting next_dagrun for dag_for_dbt_raw to 2025-03-01 00:00:00+00:00, run_after=2025-04-01 00:00:00+00:00
[2025-02-14T00:56:39.210+0000] {processor.py:208} INFO - Processing /opt/airflow/dags/dbt_raw_dag.py took 0.917 seconds
[2025-02-14T00:57:09.317+0000] {processor.py:186} INFO - Started process (PID=208) to work on /opt/airflow/dags/dbt_raw_dag.py
[2025-02-14T00:57:09.319+0000] {processor.py:914} INFO - Processing file /opt/airflow/dags/dbt_raw_dag.py for tasks to queue
[2025-02-14T00:57:09.329+0000] {logging_mixin.py:190} INFO - [2025-02-14T00:57:09.328+0000] {dagbag.py:588} INFO - Filling up the DagBag from /opt/airflow/dags/dbt_raw_dag.py
[2025-02-14T00:57:09.934+0000] {processor.py:925} INFO - DAG(s) 'dag_for_dbt_raw' retrieved from /opt/airflow/dags/dbt_raw_dag.py
[2025-02-14T00:57:09.986+0000] {logging_mixin.py:190} INFO - [2025-02-14T00:57:09.986+0000] {dag.py:3239} INFO - Sync 1 DAGs
[2025-02-14T00:57:10.037+0000] {logging_mixin.py:190} INFO - [2025-02-14T00:57:10.037+0000] {dag.py:4180} INFO - Setting next_dagrun for dag_for_dbt_raw to 2025-03-01 00:00:00+00:00, run_after=2025-04-01 00:00:00+00:00
[2025-02-14T00:57:10.083+0000] {processor.py:208} INFO - Processing /opt/airflow/dags/dbt_raw_dag.py took 0.775 seconds
[2025-02-14T00:57:40.498+0000] {processor.py:186} INFO - Started process (PID=222) to work on /opt/airflow/dags/dbt_raw_dag.py
[2025-02-14T00:57:40.502+0000] {processor.py:914} INFO - Processing file /opt/airflow/dags/dbt_raw_dag.py for tasks to queue
[2025-02-14T00:57:40.506+0000] {logging_mixin.py:190} INFO - [2025-02-14T00:57:40.506+0000] {dagbag.py:588} INFO - Filling up the DagBag from /opt/airflow/dags/dbt_raw_dag.py
[2025-02-14T00:57:41.147+0000] {processor.py:925} INFO - DAG(s) 'dag_for_dbt_raw' retrieved from /opt/airflow/dags/dbt_raw_dag.py
[2025-02-14T00:57:41.203+0000] {logging_mixin.py:190} INFO - [2025-02-14T00:57:41.203+0000] {dag.py:3239} INFO - Sync 1 DAGs
[2025-02-14T00:57:41.243+0000] {logging_mixin.py:190} INFO - [2025-02-14T00:57:41.242+0000] {dag.py:4180} INFO - Setting next_dagrun for dag_for_dbt_raw to 2025-03-01 00:00:00+00:00, run_after=2025-04-01 00:00:00+00:00
[2025-02-14T00:57:41.314+0000] {processor.py:208} INFO - Processing /opt/airflow/dags/dbt_raw_dag.py took 0.827 seconds
[2025-02-14T00:58:12.055+0000] {processor.py:186} INFO - Started process (PID=236) to work on /opt/airflow/dags/dbt_raw_dag.py
[2025-02-14T00:58:12.058+0000] {processor.py:914} INFO - Processing file /opt/airflow/dags/dbt_raw_dag.py for tasks to queue
[2025-02-14T00:58:12.071+0000] {logging_mixin.py:190} INFO - [2025-02-14T00:58:12.070+0000] {dagbag.py:588} INFO - Filling up the DagBag from /opt/airflow/dags/dbt_raw_dag.py
[2025-02-14T00:58:13.135+0000] {processor.py:925} INFO - DAG(s) 'dag_for_dbt_raw' retrieved from /opt/airflow/dags/dbt_raw_dag.py
[2025-02-14T00:58:13.207+0000] {logging_mixin.py:190} INFO - [2025-02-14T00:58:13.207+0000] {dag.py:3239} INFO - Sync 1 DAGs
[2025-02-14T00:58:13.260+0000] {logging_mixin.py:190} INFO - [2025-02-14T00:58:13.259+0000] {dag.py:4180} INFO - Setting next_dagrun for dag_for_dbt_raw to 2025-03-01 00:00:00+00:00, run_after=2025-04-01 00:00:00+00:00
[2025-02-14T00:58:13.306+0000] {processor.py:208} INFO - Processing /opt/airflow/dags/dbt_raw_dag.py took 1.277 seconds
[2025-02-14T00:58:43.432+0000] {processor.py:186} INFO - Started process (PID=251) to work on /opt/airflow/dags/dbt_raw_dag.py
[2025-02-14T00:58:43.434+0000] {processor.py:914} INFO - Processing file /opt/airflow/dags/dbt_raw_dag.py for tasks to queue
[2025-02-14T00:58:43.441+0000] {logging_mixin.py:190} INFO - [2025-02-14T00:58:43.440+0000] {dagbag.py:588} INFO - Filling up the DagBag from /opt/airflow/dags/dbt_raw_dag.py
[2025-02-14T00:58:44.122+0000] {processor.py:925} INFO - DAG(s) 'dag_for_dbt_raw' retrieved from /opt/airflow/dags/dbt_raw_dag.py
[2025-02-14T00:58:44.191+0000] {logging_mixin.py:190} INFO - [2025-02-14T00:58:44.191+0000] {dag.py:3239} INFO - Sync 1 DAGs
[2025-02-14T00:58:44.234+0000] {logging_mixin.py:190} INFO - [2025-02-14T00:58:44.234+0000] {dag.py:4180} INFO - Setting next_dagrun for dag_for_dbt_raw to 2025-03-01 00:00:00+00:00, run_after=2025-04-01 00:00:00+00:00
[2025-02-14T00:58:44.284+0000] {processor.py:208} INFO - Processing /opt/airflow/dags/dbt_raw_dag.py took 0.864 seconds
[2025-02-14T00:59:14.431+0000] {processor.py:186} INFO - Started process (PID=264) to work on /opt/airflow/dags/dbt_raw_dag.py
[2025-02-14T00:59:14.433+0000] {processor.py:914} INFO - Processing file /opt/airflow/dags/dbt_raw_dag.py for tasks to queue
[2025-02-14T00:59:14.439+0000] {logging_mixin.py:190} INFO - [2025-02-14T00:59:14.439+0000] {dagbag.py:588} INFO - Filling up the DagBag from /opt/airflow/dags/dbt_raw_dag.py
[2025-02-14T00:59:15.111+0000] {processor.py:925} INFO - DAG(s) 'dag_for_dbt_raw' retrieved from /opt/airflow/dags/dbt_raw_dag.py
[2025-02-14T00:59:15.178+0000] {logging_mixin.py:190} INFO - [2025-02-14T00:59:15.178+0000] {dag.py:3239} INFO - Sync 1 DAGs
[2025-02-14T00:59:15.219+0000] {logging_mixin.py:190} INFO - [2025-02-14T00:59:15.218+0000] {dag.py:4180} INFO - Setting next_dagrun for dag_for_dbt_raw to 2025-03-01 00:00:00+00:00, run_after=2025-04-01 00:00:00+00:00
[2025-02-14T00:59:15.251+0000] {processor.py:208} INFO - Processing /opt/airflow/dags/dbt_raw_dag.py took 0.834 seconds
[2025-02-14T00:59:45.401+0000] {processor.py:186} INFO - Started process (PID=276) to work on /opt/airflow/dags/dbt_raw_dag.py
[2025-02-14T00:59:45.403+0000] {processor.py:914} INFO - Processing file /opt/airflow/dags/dbt_raw_dag.py for tasks to queue
[2025-02-14T00:59:45.410+0000] {logging_mixin.py:190} INFO - [2025-02-14T00:59:45.410+0000] {dagbag.py:588} INFO - Filling up the DagBag from /opt/airflow/dags/dbt_raw_dag.py
[2025-02-14T00:59:46.113+0000] {processor.py:925} INFO - DAG(s) 'dag_for_dbt_raw' retrieved from /opt/airflow/dags/dbt_raw_dag.py
[2025-02-14T00:59:46.172+0000] {logging_mixin.py:190} INFO - [2025-02-14T00:59:46.172+0000] {dag.py:3239} INFO - Sync 1 DAGs
[2025-02-14T00:59:46.211+0000] {logging_mixin.py:190} INFO - [2025-02-14T00:59:46.210+0000] {dag.py:4180} INFO - Setting next_dagrun for dag_for_dbt_raw to 2025-03-01 00:00:00+00:00, run_after=2025-04-01 00:00:00+00:00
[2025-02-14T00:59:46.259+0000] {processor.py:208} INFO - Processing /opt/airflow/dags/dbt_raw_dag.py took 0.869 seconds
[2025-02-14T01:00:16.406+0000] {processor.py:186} INFO - Started process (PID=291) to work on /opt/airflow/dags/dbt_raw_dag.py
[2025-02-14T01:00:16.408+0000] {processor.py:914} INFO - Processing file /opt/airflow/dags/dbt_raw_dag.py for tasks to queue
[2025-02-14T01:00:16.414+0000] {logging_mixin.py:190} INFO - [2025-02-14T01:00:16.413+0000] {dagbag.py:588} INFO - Filling up the DagBag from /opt/airflow/dags/dbt_raw_dag.py
[2025-02-14T01:00:17.002+0000] {processor.py:925} INFO - DAG(s) 'dag_for_dbt_raw' retrieved from /opt/airflow/dags/dbt_raw_dag.py
[2025-02-14T01:00:17.057+0000] {logging_mixin.py:190} INFO - [2025-02-14T01:00:17.057+0000] {dag.py:3239} INFO - Sync 1 DAGs
[2025-02-14T01:00:17.095+0000] {logging_mixin.py:190} INFO - [2025-02-14T01:00:17.095+0000] {dag.py:4180} INFO - Setting next_dagrun for dag_for_dbt_raw to 2025-03-01 00:00:00+00:00, run_after=2025-04-01 00:00:00+00:00
[2025-02-14T01:00:17.133+0000] {processor.py:208} INFO - Processing /opt/airflow/dags/dbt_raw_dag.py took 0.737 seconds
[2025-02-14T01:00:47.645+0000] {processor.py:186} INFO - Started process (PID=306) to work on /opt/airflow/dags/dbt_raw_dag.py
[2025-02-14T01:00:47.647+0000] {processor.py:914} INFO - Processing file /opt/airflow/dags/dbt_raw_dag.py for tasks to queue
[2025-02-14T01:00:47.654+0000] {logging_mixin.py:190} INFO - [2025-02-14T01:00:47.654+0000] {dagbag.py:588} INFO - Filling up the DagBag from /opt/airflow/dags/dbt_raw_dag.py
[2025-02-14T01:00:48.302+0000] {processor.py:925} INFO - DAG(s) 'dag_for_dbt_raw' retrieved from /opt/airflow/dags/dbt_raw_dag.py
[2025-02-14T01:00:48.358+0000] {logging_mixin.py:190} INFO - [2025-02-14T01:00:48.358+0000] {dag.py:3239} INFO - Sync 1 DAGs
[2025-02-14T01:00:48.404+0000] {logging_mixin.py:190} INFO - [2025-02-14T01:00:48.404+0000] {dag.py:4180} INFO - Setting next_dagrun for dag_for_dbt_raw to 2025-03-01 00:00:00+00:00, run_after=2025-04-01 00:00:00+00:00
[2025-02-14T01:00:48.448+0000] {processor.py:208} INFO - Processing /opt/airflow/dags/dbt_raw_dag.py took 0.823 seconds
[2025-02-14T01:01:18.746+0000] {processor.py:186} INFO - Started process (PID=321) to work on /opt/airflow/dags/dbt_raw_dag.py
[2025-02-14T01:01:18.747+0000] {processor.py:914} INFO - Processing file /opt/airflow/dags/dbt_raw_dag.py for tasks to queue
[2025-02-14T01:01:18.755+0000] {logging_mixin.py:190} INFO - [2025-02-14T01:01:18.755+0000] {dagbag.py:588} INFO - Filling up the DagBag from /opt/airflow/dags/dbt_raw_dag.py
[2025-02-14T01:01:19.345+0000] {processor.py:925} INFO - DAG(s) 'dag_for_dbt_raw' retrieved from /opt/airflow/dags/dbt_raw_dag.py
[2025-02-14T01:01:19.400+0000] {logging_mixin.py:190} INFO - [2025-02-14T01:01:19.399+0000] {dag.py:3239} INFO - Sync 1 DAGs
[2025-02-14T01:01:19.454+0000] {logging_mixin.py:190} INFO - [2025-02-14T01:01:19.454+0000] {dag.py:4180} INFO - Setting next_dagrun for dag_for_dbt_raw to 2025-03-01 00:00:00+00:00, run_after=2025-04-01 00:00:00+00:00
[2025-02-14T01:01:19.496+0000] {processor.py:208} INFO - Processing /opt/airflow/dags/dbt_raw_dag.py took 0.761 seconds
[2025-02-14T01:01:49.623+0000] {processor.py:186} INFO - Started process (PID=335) to work on /opt/airflow/dags/dbt_raw_dag.py
[2025-02-14T01:01:49.629+0000] {processor.py:914} INFO - Processing file /opt/airflow/dags/dbt_raw_dag.py for tasks to queue
[2025-02-14T01:01:49.633+0000] {logging_mixin.py:190} INFO - [2025-02-14T01:01:49.632+0000] {dagbag.py:588} INFO - Filling up the DagBag from /opt/airflow/dags/dbt_raw_dag.py
[2025-02-14T01:01:50.303+0000] {processor.py:925} INFO - DAG(s) 'dag_for_dbt_raw' retrieved from /opt/airflow/dags/dbt_raw_dag.py
[2025-02-14T01:01:50.350+0000] {logging_mixin.py:190} INFO - [2025-02-14T01:01:50.349+0000] {dag.py:3239} INFO - Sync 1 DAGs
[2025-02-14T01:01:50.398+0000] {logging_mixin.py:190} INFO - [2025-02-14T01:01:50.398+0000] {dag.py:4180} INFO - Setting next_dagrun for dag_for_dbt_raw to 2025-03-01 00:00:00+00:00, run_after=2025-04-01 00:00:00+00:00
[2025-02-14T01:01:50.430+0000] {processor.py:208} INFO - Processing /opt/airflow/dags/dbt_raw_dag.py took 0.819 seconds
[2025-02-14T01:02:21.073+0000] {processor.py:186} INFO - Started process (PID=348) to work on /opt/airflow/dags/dbt_raw_dag.py
[2025-02-14T01:02:21.076+0000] {processor.py:914} INFO - Processing file /opt/airflow/dags/dbt_raw_dag.py for tasks to queue
[2025-02-14T01:02:21.091+0000] {logging_mixin.py:190} INFO - [2025-02-14T01:02:21.091+0000] {dagbag.py:588} INFO - Filling up the DagBag from /opt/airflow/dags/dbt_raw_dag.py
[2025-02-14T01:02:22.524+0000] {processor.py:925} INFO - DAG(s) 'dag_for_dbt_raw' retrieved from /opt/airflow/dags/dbt_raw_dag.py
[2025-02-14T01:02:22.591+0000] {logging_mixin.py:190} INFO - [2025-02-14T01:02:22.591+0000] {dag.py:3239} INFO - Sync 1 DAGs
[2025-02-14T01:02:22.642+0000] {logging_mixin.py:190} INFO - [2025-02-14T01:02:22.641+0000] {dag.py:4180} INFO - Setting next_dagrun for dag_for_dbt_raw to 2025-03-01 00:00:00+00:00, run_after=2025-04-01 00:00:00+00:00
[2025-02-14T01:02:22.694+0000] {processor.py:208} INFO - Processing /opt/airflow/dags/dbt_raw_dag.py took 1.670 seconds
[2025-02-14T01:02:52.995+0000] {processor.py:186} INFO - Started process (PID=362) to work on /opt/airflow/dags/dbt_raw_dag.py
[2025-02-14T01:02:52.996+0000] {processor.py:914} INFO - Processing file /opt/airflow/dags/dbt_raw_dag.py for tasks to queue
[2025-02-14T01:02:52.999+0000] {logging_mixin.py:190} INFO - [2025-02-14T01:02:52.999+0000] {dagbag.py:588} INFO - Filling up the DagBag from /opt/airflow/dags/dbt_raw_dag.py
[2025-02-14T01:02:53.669+0000] {processor.py:925} INFO - DAG(s) 'dag_for_dbt_raw' retrieved from /opt/airflow/dags/dbt_raw_dag.py
[2025-02-14T01:02:53.718+0000] {logging_mixin.py:190} INFO - [2025-02-14T01:02:53.718+0000] {dag.py:3239} INFO - Sync 1 DAGs
[2025-02-14T01:02:53.766+0000] {logging_mixin.py:190} INFO - [2025-02-14T01:02:53.765+0000] {dag.py:4180} INFO - Setting next_dagrun for dag_for_dbt_raw to 2025-03-01 00:00:00+00:00, run_after=2025-04-01 00:00:00+00:00
[2025-02-14T01:02:53.808+0000] {processor.py:208} INFO - Processing /opt/airflow/dags/dbt_raw_dag.py took 0.833 seconds
[2025-02-14T01:03:23.997+0000] {processor.py:186} INFO - Started process (PID=375) to work on /opt/airflow/dags/dbt_raw_dag.py
[2025-02-14T01:03:23.999+0000] {processor.py:914} INFO - Processing file /opt/airflow/dags/dbt_raw_dag.py for tasks to queue
[2025-02-14T01:03:24.003+0000] {logging_mixin.py:190} INFO - [2025-02-14T01:03:24.002+0000] {dagbag.py:588} INFO - Filling up the DagBag from /opt/airflow/dags/dbt_raw_dag.py
[2025-02-14T01:03:24.758+0000] {processor.py:925} INFO - DAG(s) 'dag_for_dbt_raw' retrieved from /opt/airflow/dags/dbt_raw_dag.py
[2025-02-14T01:03:24.819+0000] {logging_mixin.py:190} INFO - [2025-02-14T01:03:24.819+0000] {dag.py:3239} INFO - Sync 1 DAGs
[2025-02-14T01:03:24.879+0000] {logging_mixin.py:190} INFO - [2025-02-14T01:03:24.879+0000] {dag.py:4180} INFO - Setting next_dagrun for dag_for_dbt_raw to 2025-03-01 00:00:00+00:00, run_after=2025-04-01 00:00:00+00:00
[2025-02-14T01:03:24.930+0000] {processor.py:208} INFO - Processing /opt/airflow/dags/dbt_raw_dag.py took 0.953 seconds
[2025-02-14T01:03:55.747+0000] {processor.py:186} INFO - Started process (PID=389) to work on /opt/airflow/dags/dbt_raw_dag.py
[2025-02-14T01:03:55.754+0000] {processor.py:914} INFO - Processing file /opt/airflow/dags/dbt_raw_dag.py for tasks to queue
[2025-02-14T01:03:55.763+0000] {logging_mixin.py:190} INFO - [2025-02-14T01:03:55.763+0000] {dagbag.py:588} INFO - Filling up the DagBag from /opt/airflow/dags/dbt_raw_dag.py
[2025-02-14T01:03:56.843+0000] {processor.py:925} INFO - DAG(s) 'dag_for_dbt_raw' retrieved from /opt/airflow/dags/dbt_raw_dag.py
[2025-02-14T01:03:56.906+0000] {logging_mixin.py:190} INFO - [2025-02-14T01:03:56.905+0000] {dag.py:3239} INFO - Sync 1 DAGs
[2025-02-14T01:03:56.956+0000] {logging_mixin.py:190} INFO - [2025-02-14T01:03:56.956+0000] {dag.py:4180} INFO - Setting next_dagrun for dag_for_dbt_raw to 2025-03-01 00:00:00+00:00, run_after=2025-04-01 00:00:00+00:00
[2025-02-14T01:03:57.005+0000] {processor.py:208} INFO - Processing /opt/airflow/dags/dbt_raw_dag.py took 1.278 seconds
[2025-02-14T01:04:27.362+0000] {processor.py:186} INFO - Started process (PID=403) to work on /opt/airflow/dags/dbt_raw_dag.py
[2025-02-14T01:04:27.364+0000] {processor.py:914} INFO - Processing file /opt/airflow/dags/dbt_raw_dag.py for tasks to queue
[2025-02-14T01:04:27.370+0000] {logging_mixin.py:190} INFO - [2025-02-14T01:04:27.370+0000] {dagbag.py:588} INFO - Filling up the DagBag from /opt/airflow/dags/dbt_raw_dag.py
[2025-02-14T01:04:28.032+0000] {processor.py:925} INFO - DAG(s) 'dag_for_dbt_raw' retrieved from /opt/airflow/dags/dbt_raw_dag.py
[2025-02-14T01:04:28.130+0000] {logging_mixin.py:190} INFO - [2025-02-14T01:04:28.126+0000] {dag.py:3239} INFO - Sync 1 DAGs
[2025-02-14T01:04:28.175+0000] {logging_mixin.py:190} INFO - [2025-02-14T01:04:28.175+0000] {dag.py:4180} INFO - Setting next_dagrun for dag_for_dbt_raw to 2025-03-01 00:00:00+00:00, run_after=2025-04-01 00:00:00+00:00
[2025-02-14T01:04:28.235+0000] {processor.py:208} INFO - Processing /opt/airflow/dags/dbt_raw_dag.py took 0.883 seconds
[2025-02-14T01:04:58.544+0000] {processor.py:186} INFO - Started process (PID=417) to work on /opt/airflow/dags/dbt_raw_dag.py
[2025-02-14T01:04:58.546+0000] {processor.py:914} INFO - Processing file /opt/airflow/dags/dbt_raw_dag.py for tasks to queue
[2025-02-14T01:04:58.554+0000] {logging_mixin.py:190} INFO - [2025-02-14T01:04:58.553+0000] {dagbag.py:588} INFO - Filling up the DagBag from /opt/airflow/dags/dbt_raw_dag.py
[2025-02-14T01:04:59.276+0000] {processor.py:925} INFO - DAG(s) 'dag_for_dbt_raw' retrieved from /opt/airflow/dags/dbt_raw_dag.py
[2025-02-14T01:04:59.333+0000] {logging_mixin.py:190} INFO - [2025-02-14T01:04:59.332+0000] {dag.py:3239} INFO - Sync 1 DAGs
[2025-02-14T01:04:59.375+0000] {logging_mixin.py:190} INFO - [2025-02-14T01:04:59.374+0000] {dag.py:4180} INFO - Setting next_dagrun for dag_for_dbt_raw to 2025-03-01 00:00:00+00:00, run_after=2025-04-01 00:00:00+00:00
[2025-02-14T01:04:59.434+0000] {processor.py:208} INFO - Processing /opt/airflow/dags/dbt_raw_dag.py took 0.907 seconds
[2025-02-14T01:11:05.821+0000] {processor.py:186} INFO - Started process (PID=101) to work on /opt/airflow/dags/dbt_raw_dag.py
[2025-02-14T01:11:05.868+0000] {processor.py:914} INFO - Processing file /opt/airflow/dags/dbt_raw_dag.py for tasks to queue
[2025-02-14T01:11:06.009+0000] {logging_mixin.py:190} INFO - [2025-02-14T01:11:06.005+0000] {dagbag.py:588} INFO - Filling up the DagBag from /opt/airflow/dags/dbt_raw_dag.py
[2025-02-14T01:11:16.800+0000] {processor.py:925} INFO - DAG(s) 'dag_for_dbt_raw' retrieved from /opt/airflow/dags/dbt_raw_dag.py
[2025-02-14T01:11:17.186+0000] {logging_mixin.py:190} INFO - [2025-02-14T01:11:17.186+0000] {dag.py:3239} INFO - Sync 1 DAGs
[2025-02-14T01:11:19.531+0000] {logging_mixin.py:190} INFO - [2025-02-14T01:11:19.530+0000] {dag.py:4180} INFO - Setting next_dagrun for dag_for_dbt_raw to 2025-03-01 00:00:00+00:00, run_after=2025-04-01 00:00:00+00:00
[2025-02-14T01:11:19.661+0000] {processor.py:208} INFO - Processing /opt/airflow/dags/dbt_raw_dag.py took 14.291 seconds
[2025-02-14T01:11:50.913+0000] {processor.py:186} INFO - Started process (PID=122) to work on /opt/airflow/dags/dbt_raw_dag.py
[2025-02-14T01:11:50.933+0000] {processor.py:914} INFO - Processing file /opt/airflow/dags/dbt_raw_dag.py for tasks to queue
[2025-02-14T01:11:51.099+0000] {logging_mixin.py:190} INFO - [2025-02-14T01:11:51.095+0000] {dagbag.py:588} INFO - Filling up the DagBag from /opt/airflow/dags/dbt_raw_dag.py
[2025-02-14T01:12:00.695+0000] {processor.py:925} INFO - DAG(s) 'dag_for_dbt_raw' retrieved from /opt/airflow/dags/dbt_raw_dag.py
[2025-02-14T01:12:01.316+0000] {logging_mixin.py:190} INFO - [2025-02-14T01:12:01.315+0000] {dag.py:3239} INFO - Sync 1 DAGs
[2025-02-14T01:12:02.045+0000] {logging_mixin.py:190} INFO - [2025-02-14T01:12:02.044+0000] {dag.py:4180} INFO - Setting next_dagrun for dag_for_dbt_raw to 2025-03-01 00:00:00+00:00, run_after=2025-04-01 00:00:00+00:00
[2025-02-14T01:12:02.798+0000] {processor.py:208} INFO - Processing /opt/airflow/dags/dbt_raw_dag.py took 12.295 seconds
[2025-02-14T01:12:33.906+0000] {processor.py:186} INFO - Started process (PID=136) to work on /opt/airflow/dags/dbt_raw_dag.py
[2025-02-14T01:12:33.922+0000] {processor.py:914} INFO - Processing file /opt/airflow/dags/dbt_raw_dag.py for tasks to queue
[2025-02-14T01:12:33.944+0000] {logging_mixin.py:190} INFO - [2025-02-14T01:12:33.935+0000] {dagbag.py:588} INFO - Filling up the DagBag from /opt/airflow/dags/dbt_raw_dag.py
[2025-02-14T01:12:36.984+0000] {processor.py:925} INFO - DAG(s) 'dag_for_dbt_raw' retrieved from /opt/airflow/dags/dbt_raw_dag.py
[2025-02-14T01:12:37.188+0000] {logging_mixin.py:190} INFO - [2025-02-14T01:12:37.187+0000] {dag.py:3239} INFO - Sync 1 DAGs
[2025-02-14T01:12:37.296+0000] {logging_mixin.py:190} INFO - [2025-02-14T01:12:37.295+0000] {dag.py:4180} INFO - Setting next_dagrun for dag_for_dbt_raw to 2025-03-01 00:00:00+00:00, run_after=2025-04-01 00:00:00+00:00
[2025-02-14T01:12:37.462+0000] {processor.py:208} INFO - Processing /opt/airflow/dags/dbt_raw_dag.py took 3.899 seconds
[2025-02-14T01:13:08.562+0000] {processor.py:186} INFO - Started process (PID=150) to work on /opt/airflow/dags/dbt_raw_dag.py
[2025-02-14T01:13:08.592+0000] {processor.py:914} INFO - Processing file /opt/airflow/dags/dbt_raw_dag.py for tasks to queue
[2025-02-14T01:13:08.670+0000] {logging_mixin.py:190} INFO - [2025-02-14T01:13:08.643+0000] {dagbag.py:588} INFO - Filling up the DagBag from /opt/airflow/dags/dbt_raw_dag.py
[2025-02-14T01:13:11.172+0000] {processor.py:925} INFO - DAG(s) 'dag_for_dbt_raw' retrieved from /opt/airflow/dags/dbt_raw_dag.py
[2025-02-14T01:13:11.573+0000] {logging_mixin.py:190} INFO - [2025-02-14T01:13:11.572+0000] {dag.py:3239} INFO - Sync 1 DAGs
[2025-02-14T01:13:12.124+0000] {logging_mixin.py:190} INFO - [2025-02-14T01:13:12.124+0000] {dag.py:4180} INFO - Setting next_dagrun for dag_for_dbt_raw to 2025-03-01 00:00:00+00:00, run_after=2025-04-01 00:00:00+00:00
[2025-02-14T01:13:12.411+0000] {processor.py:208} INFO - Processing /opt/airflow/dags/dbt_raw_dag.py took 3.918 seconds
[2025-02-14T01:18:27.729+0000] {processor.py:186} INFO - Started process (PID=100) to work on /opt/airflow/dags/dbt_raw_dag.py
[2025-02-14T01:18:27.759+0000] {processor.py:914} INFO - Processing file /opt/airflow/dags/dbt_raw_dag.py for tasks to queue
[2025-02-14T01:18:27.767+0000] {logging_mixin.py:190} INFO - [2025-02-14T01:18:27.766+0000] {dagbag.py:588} INFO - Filling up the DagBag from /opt/airflow/dags/dbt_raw_dag.py
[2025-02-14T01:18:37.070+0000] {processor.py:925} INFO - DAG(s) 'dag_for_dbt_raw' retrieved from /opt/airflow/dags/dbt_raw_dag.py
[2025-02-14T01:18:38.210+0000] {logging_mixin.py:190} INFO - [2025-02-14T01:18:38.209+0000] {dag.py:3239} INFO - Sync 1 DAGs
[2025-02-14T01:18:41.548+0000] {logging_mixin.py:190} INFO - [2025-02-14T01:18:41.547+0000] {dag.py:4180} INFO - Setting next_dagrun for dag_for_dbt_raw to 2025-03-01 00:00:00+00:00, run_after=2025-04-01 00:00:00+00:00
[2025-02-14T01:18:41.661+0000] {processor.py:208} INFO - Processing /opt/airflow/dags/dbt_raw_dag.py took 13.982 seconds
[2025-02-14T01:19:12.162+0000] {processor.py:186} INFO - Started process (PID=115) to work on /opt/airflow/dags/dbt_raw_dag.py
[2025-02-14T01:19:12.168+0000] {processor.py:914} INFO - Processing file /opt/airflow/dags/dbt_raw_dag.py for tasks to queue
[2025-02-14T01:19:12.179+0000] {logging_mixin.py:190} INFO - [2025-02-14T01:19:12.179+0000] {dagbag.py:588} INFO - Filling up the DagBag from /opt/airflow/dags/dbt_raw_dag.py
[2025-02-14T01:19:14.719+0000] {processor.py:925} INFO - DAG(s) 'dag_for_dbt_raw' retrieved from /opt/airflow/dags/dbt_raw_dag.py
[2025-02-14T01:19:15.128+0000] {logging_mixin.py:190} INFO - [2025-02-14T01:19:15.127+0000] {dag.py:3239} INFO - Sync 1 DAGs
[2025-02-14T01:19:15.561+0000] {logging_mixin.py:190} INFO - [2025-02-14T01:19:15.560+0000] {dag.py:4180} INFO - Setting next_dagrun for dag_for_dbt_raw to 2025-03-01 00:00:00+00:00, run_after=2025-04-01 00:00:00+00:00
[2025-02-14T01:19:15.752+0000] {processor.py:208} INFO - Processing /opt/airflow/dags/dbt_raw_dag.py took 3.613 seconds
[2025-02-14T01:19:47.255+0000] {processor.py:186} INFO - Started process (PID=127) to work on /opt/airflow/dags/dbt_raw_dag.py
[2025-02-14T01:19:47.295+0000] {processor.py:914} INFO - Processing file /opt/airflow/dags/dbt_raw_dag.py for tasks to queue
[2025-02-14T01:19:47.483+0000] {logging_mixin.py:190} INFO - [2025-02-14T01:19:47.481+0000] {dagbag.py:588} INFO - Filling up the DagBag from /opt/airflow/dags/dbt_raw_dag.py
[2025-02-14T01:20:00.725+0000] {processor.py:925} INFO - DAG(s) 'dag_for_dbt_raw' retrieved from /opt/airflow/dags/dbt_raw_dag.py
[2025-02-14T01:20:01.445+0000] {logging_mixin.py:190} INFO - [2025-02-14T01:20:01.444+0000] {dag.py:3239} INFO - Sync 1 DAGs
[2025-02-14T01:20:02.200+0000] {logging_mixin.py:190} INFO - [2025-02-14T01:20:02.200+0000] {dag.py:4180} INFO - Setting next_dagrun for dag_for_dbt_raw to 2025-03-01 00:00:00+00:00, run_after=2025-04-01 00:00:00+00:00
[2025-02-14T01:20:02.594+0000] {processor.py:208} INFO - Processing /opt/airflow/dags/dbt_raw_dag.py took 15.670 seconds
[2025-02-14T01:20:33.608+0000] {processor.py:186} INFO - Started process (PID=146) to work on /opt/airflow/dags/dbt_raw_dag.py
[2025-02-14T01:20:33.610+0000] {processor.py:914} INFO - Processing file /opt/airflow/dags/dbt_raw_dag.py for tasks to queue
[2025-02-14T01:20:33.617+0000] {logging_mixin.py:190} INFO - [2025-02-14T01:20:33.616+0000] {dagbag.py:588} INFO - Filling up the DagBag from /opt/airflow/dags/dbt_raw_dag.py
[2025-02-14T01:20:34.499+0000] {processor.py:925} INFO - DAG(s) 'dag_for_dbt_raw' retrieved from /opt/airflow/dags/dbt_raw_dag.py
[2025-02-14T01:20:34.604+0000] {logging_mixin.py:190} INFO - [2025-02-14T01:20:34.604+0000] {dag.py:3239} INFO - Sync 1 DAGs
[2025-02-14T01:20:34.659+0000] {logging_mixin.py:190} INFO - [2025-02-14T01:20:34.659+0000] {dag.py:4180} INFO - Setting next_dagrun for dag_for_dbt_raw to 2025-03-01 00:00:00+00:00, run_after=2025-04-01 00:00:00+00:00
[2025-02-14T01:20:34.719+0000] {processor.py:208} INFO - Processing /opt/airflow/dags/dbt_raw_dag.py took 1.121 seconds
[2025-02-14T01:21:05.072+0000] {processor.py:186} INFO - Started process (PID=160) to work on /opt/airflow/dags/dbt_raw_dag.py
[2025-02-14T01:21:05.074+0000] {processor.py:914} INFO - Processing file /opt/airflow/dags/dbt_raw_dag.py for tasks to queue
[2025-02-14T01:21:05.078+0000] {logging_mixin.py:190} INFO - [2025-02-14T01:21:05.077+0000] {dagbag.py:588} INFO - Filling up the DagBag from /opt/airflow/dags/dbt_raw_dag.py
[2025-02-14T01:21:06.147+0000] {processor.py:925} INFO - DAG(s) 'dag_for_dbt_raw' retrieved from /opt/airflow/dags/dbt_raw_dag.py
[2025-02-14T01:21:06.265+0000] {logging_mixin.py:190} INFO - [2025-02-14T01:21:06.264+0000] {dag.py:3239} INFO - Sync 1 DAGs
[2025-02-14T01:21:06.386+0000] {logging_mixin.py:190} INFO - [2025-02-14T01:21:06.385+0000] {dag.py:4180} INFO - Setting next_dagrun for dag_for_dbt_raw to 2025-03-01 00:00:00+00:00, run_after=2025-04-01 00:00:00+00:00
[2025-02-14T01:21:06.438+0000] {processor.py:208} INFO - Processing /opt/airflow/dags/dbt_raw_dag.py took 1.381 seconds
[2025-02-14T01:21:37.248+0000] {processor.py:186} INFO - Started process (PID=174) to work on /opt/airflow/dags/dbt_raw_dag.py
[2025-02-14T01:21:37.250+0000] {processor.py:914} INFO - Processing file /opt/airflow/dags/dbt_raw_dag.py for tasks to queue
[2025-02-14T01:21:37.258+0000] {logging_mixin.py:190} INFO - [2025-02-14T01:21:37.257+0000] {dagbag.py:588} INFO - Filling up the DagBag from /opt/airflow/dags/dbt_raw_dag.py
[2025-02-14T01:21:38.716+0000] {processor.py:925} INFO - DAG(s) 'dag_for_dbt_raw' retrieved from /opt/airflow/dags/dbt_raw_dag.py
[2025-02-14T01:21:39.017+0000] {logging_mixin.py:190} INFO - [2025-02-14T01:21:39.017+0000] {dag.py:3239} INFO - Sync 1 DAGs
[2025-02-14T01:21:39.167+0000] {logging_mixin.py:190} INFO - [2025-02-14T01:21:39.166+0000] {dag.py:4180} INFO - Setting next_dagrun for dag_for_dbt_raw to 2025-03-01 00:00:00+00:00, run_after=2025-04-01 00:00:00+00:00
[2025-02-14T01:21:39.316+0000] {processor.py:208} INFO - Processing /opt/airflow/dags/dbt_raw_dag.py took 2.086 seconds
[2025-02-14T01:22:09.676+0000] {processor.py:186} INFO - Started process (PID=188) to work on /opt/airflow/dags/dbt_raw_dag.py
[2025-02-14T01:22:09.682+0000] {processor.py:914} INFO - Processing file /opt/airflow/dags/dbt_raw_dag.py for tasks to queue
[2025-02-14T01:22:09.687+0000] {logging_mixin.py:190} INFO - [2025-02-14T01:22:09.686+0000] {dagbag.py:588} INFO - Filling up the DagBag from /opt/airflow/dags/dbt_raw_dag.py
[2025-02-14T01:22:11.157+0000] {processor.py:925} INFO - DAG(s) 'dag_for_dbt_raw' retrieved from /opt/airflow/dags/dbt_raw_dag.py
[2025-02-14T01:22:11.255+0000] {logging_mixin.py:190} INFO - [2025-02-14T01:22:11.254+0000] {dag.py:3239} INFO - Sync 1 DAGs
[2025-02-14T01:22:11.476+0000] {logging_mixin.py:190} INFO - [2025-02-14T01:22:11.475+0000] {dag.py:4180} INFO - Setting next_dagrun for dag_for_dbt_raw to 2025-03-01 00:00:00+00:00, run_after=2025-04-01 00:00:00+00:00
[2025-02-14T01:22:11.553+0000] {processor.py:208} INFO - Processing /opt/airflow/dags/dbt_raw_dag.py took 1.889 seconds
[2025-02-14T01:22:41.718+0000] {processor.py:186} INFO - Started process (PID=202) to work on /opt/airflow/dags/dbt_raw_dag.py
[2025-02-14T01:22:41.724+0000] {processor.py:914} INFO - Processing file /opt/airflow/dags/dbt_raw_dag.py for tasks to queue
[2025-02-14T01:22:41.729+0000] {logging_mixin.py:190} INFO - [2025-02-14T01:22:41.729+0000] {dagbag.py:588} INFO - Filling up the DagBag from /opt/airflow/dags/dbt_raw_dag.py
[2025-02-14T01:22:42.378+0000] {processor.py:925} INFO - DAG(s) 'dag_for_dbt_raw' retrieved from /opt/airflow/dags/dbt_raw_dag.py
[2025-02-14T01:22:42.447+0000] {logging_mixin.py:190} INFO - [2025-02-14T01:22:42.447+0000] {dag.py:3239} INFO - Sync 1 DAGs
[2025-02-14T01:22:42.497+0000] {logging_mixin.py:190} INFO - [2025-02-14T01:22:42.497+0000] {dag.py:4180} INFO - Setting next_dagrun for dag_for_dbt_raw to 2025-03-01 00:00:00+00:00, run_after=2025-04-01 00:00:00+00:00
[2025-02-14T01:22:42.535+0000] {processor.py:208} INFO - Processing /opt/airflow/dags/dbt_raw_dag.py took 0.829 seconds
[2025-02-14T01:23:12.919+0000] {processor.py:186} INFO - Started process (PID=216) to work on /opt/airflow/dags/dbt_raw_dag.py
[2025-02-14T01:23:12.920+0000] {processor.py:914} INFO - Processing file /opt/airflow/dags/dbt_raw_dag.py for tasks to queue
[2025-02-14T01:23:12.927+0000] {logging_mixin.py:190} INFO - [2025-02-14T01:23:12.927+0000] {dagbag.py:588} INFO - Filling up the DagBag from /opt/airflow/dags/dbt_raw_dag.py
[2025-02-14T01:23:13.632+0000] {processor.py:925} INFO - DAG(s) 'dag_for_dbt_raw' retrieved from /opt/airflow/dags/dbt_raw_dag.py
[2025-02-14T01:23:13.687+0000] {logging_mixin.py:190} INFO - [2025-02-14T01:23:13.687+0000] {dag.py:3239} INFO - Sync 1 DAGs
[2025-02-14T01:23:13.722+0000] {logging_mixin.py:190} INFO - [2025-02-14T01:23:13.722+0000] {dag.py:4180} INFO - Setting next_dagrun for dag_for_dbt_raw to 2025-03-01 00:00:00+00:00, run_after=2025-04-01 00:00:00+00:00
[2025-02-14T01:23:13.758+0000] {processor.py:208} INFO - Processing /opt/airflow/dags/dbt_raw_dag.py took 0.850 seconds
[2025-02-14T02:18:32.716+0000] {processor.py:186} INFO - Started process (PID=83) to work on /opt/airflow/dags/dbt_raw_dag.py
[2025-02-14T02:18:32.722+0000] {processor.py:914} INFO - Processing file /opt/airflow/dags/dbt_raw_dag.py for tasks to queue
[2025-02-14T02:18:32.734+0000] {logging_mixin.py:190} INFO - [2025-02-14T02:18:32.734+0000] {dagbag.py:588} INFO - Filling up the DagBag from /opt/airflow/dags/dbt_raw_dag.py
[2025-02-14T02:18:34.512+0000] {processor.py:925} INFO - DAG(s) 'dag_for_dbt_raw' retrieved from /opt/airflow/dags/dbt_raw_dag.py
[2025-02-14T02:18:34.678+0000] {logging_mixin.py:190} INFO - [2025-02-14T02:18:34.677+0000] {dag.py:3239} INFO - Sync 1 DAGs
[2025-02-14T02:18:37.202+0000] {logging_mixin.py:190} INFO - [2025-02-14T02:18:37.202+0000] {dag.py:4180} INFO - Setting next_dagrun for dag_for_dbt_raw to 2025-03-01 00:00:00+00:00, run_after=2025-04-01 00:00:00+00:00
[2025-02-14T02:18:37.282+0000] {processor.py:208} INFO - Processing /opt/airflow/dags/dbt_raw_dag.py took 4.596 seconds
[2025-02-14T02:19:07.413+0000] {processor.py:186} INFO - Started process (PID=97) to work on /opt/airflow/dags/dbt_raw_dag.py
[2025-02-14T02:19:07.415+0000] {processor.py:914} INFO - Processing file /opt/airflow/dags/dbt_raw_dag.py for tasks to queue
[2025-02-14T02:19:07.422+0000] {logging_mixin.py:190} INFO - [2025-02-14T02:19:07.421+0000] {dagbag.py:588} INFO - Filling up the DagBag from /opt/airflow/dags/dbt_raw_dag.py
[2025-02-14T02:19:07.824+0000] {processor.py:925} INFO - DAG(s) 'dag_for_dbt_raw' retrieved from /opt/airflow/dags/dbt_raw_dag.py
[2025-02-14T02:19:07.855+0000] {logging_mixin.py:190} INFO - [2025-02-14T02:19:07.855+0000] {dag.py:3239} INFO - Sync 1 DAGs
[2025-02-14T02:19:07.880+0000] {logging_mixin.py:190} INFO - [2025-02-14T02:19:07.880+0000] {dag.py:4180} INFO - Setting next_dagrun for dag_for_dbt_raw to 2025-03-01 00:00:00+00:00, run_after=2025-04-01 00:00:00+00:00
[2025-02-14T02:19:07.903+0000] {processor.py:208} INFO - Processing /opt/airflow/dags/dbt_raw_dag.py took 0.501 seconds
[2025-02-14T02:19:38.225+0000] {processor.py:186} INFO - Started process (PID=111) to work on /opt/airflow/dags/dbt_raw_dag.py
[2025-02-14T02:19:38.226+0000] {processor.py:914} INFO - Processing file /opt/airflow/dags/dbt_raw_dag.py for tasks to queue
[2025-02-14T02:19:38.229+0000] {logging_mixin.py:190} INFO - [2025-02-14T02:19:38.228+0000] {dagbag.py:588} INFO - Filling up the DagBag from /opt/airflow/dags/dbt_raw_dag.py
[2025-02-14T02:19:38.525+0000] {processor.py:925} INFO - DAG(s) 'dag_for_dbt_raw' retrieved from /opt/airflow/dags/dbt_raw_dag.py
[2025-02-14T02:19:38.552+0000] {logging_mixin.py:190} INFO - [2025-02-14T02:19:38.551+0000] {dag.py:3239} INFO - Sync 1 DAGs
[2025-02-14T02:19:38.572+0000] {logging_mixin.py:190} INFO - [2025-02-14T02:19:38.572+0000] {dag.py:4180} INFO - Setting next_dagrun for dag_for_dbt_raw to 2025-03-01 00:00:00+00:00, run_after=2025-04-01 00:00:00+00:00
[2025-02-14T02:19:38.596+0000] {processor.py:208} INFO - Processing /opt/airflow/dags/dbt_raw_dag.py took 0.377 seconds
[2025-02-14T02:20:08.740+0000] {processor.py:186} INFO - Started process (PID=125) to work on /opt/airflow/dags/dbt_raw_dag.py
[2025-02-14T02:20:08.741+0000] {processor.py:914} INFO - Processing file /opt/airflow/dags/dbt_raw_dag.py for tasks to queue
[2025-02-14T02:20:08.744+0000] {logging_mixin.py:190} INFO - [2025-02-14T02:20:08.743+0000] {dagbag.py:588} INFO - Filling up the DagBag from /opt/airflow/dags/dbt_raw_dag.py
[2025-02-14T02:20:09.014+0000] {processor.py:925} INFO - DAG(s) 'dag_for_dbt_raw' retrieved from /opt/airflow/dags/dbt_raw_dag.py
[2025-02-14T02:20:09.042+0000] {logging_mixin.py:190} INFO - [2025-02-14T02:20:09.042+0000] {dag.py:3239} INFO - Sync 1 DAGs
[2025-02-14T02:20:09.061+0000] {logging_mixin.py:190} INFO - [2025-02-14T02:20:09.061+0000] {dag.py:4180} INFO - Setting next_dagrun for dag_for_dbt_raw to 2025-03-01 00:00:00+00:00, run_after=2025-04-01 00:00:00+00:00
[2025-02-14T02:20:09.082+0000] {processor.py:208} INFO - Processing /opt/airflow/dags/dbt_raw_dag.py took 0.347 seconds
[2025-02-14T02:20:39.343+0000] {processor.py:186} INFO - Started process (PID=139) to work on /opt/airflow/dags/dbt_raw_dag.py
[2025-02-14T02:20:39.343+0000] {processor.py:914} INFO - Processing file /opt/airflow/dags/dbt_raw_dag.py for tasks to queue
[2025-02-14T02:20:39.346+0000] {logging_mixin.py:190} INFO - [2025-02-14T02:20:39.346+0000] {dagbag.py:588} INFO - Filling up the DagBag from /opt/airflow/dags/dbt_raw_dag.py
[2025-02-14T02:20:39.634+0000] {processor.py:925} INFO - DAG(s) 'dag_for_dbt_raw' retrieved from /opt/airflow/dags/dbt_raw_dag.py
[2025-02-14T02:20:39.658+0000] {logging_mixin.py:190} INFO - [2025-02-14T02:20:39.657+0000] {dag.py:3239} INFO - Sync 1 DAGs
[2025-02-14T02:20:39.680+0000] {logging_mixin.py:190} INFO - [2025-02-14T02:20:39.680+0000] {dag.py:4180} INFO - Setting next_dagrun for dag_for_dbt_raw to 2025-03-01 00:00:00+00:00, run_after=2025-04-01 00:00:00+00:00
[2025-02-14T02:20:39.701+0000] {processor.py:208} INFO - Processing /opt/airflow/dags/dbt_raw_dag.py took 0.364 seconds
[2025-02-14T02:21:10.128+0000] {processor.py:186} INFO - Started process (PID=159) to work on /opt/airflow/dags/dbt_raw_dag.py
[2025-02-14T02:21:10.129+0000] {processor.py:914} INFO - Processing file /opt/airflow/dags/dbt_raw_dag.py for tasks to queue
[2025-02-14T02:21:10.133+0000] {logging_mixin.py:190} INFO - [2025-02-14T02:21:10.132+0000] {dagbag.py:588} INFO - Filling up the DagBag from /opt/airflow/dags/dbt_raw_dag.py
[2025-02-14T02:21:10.745+0000] {processor.py:925} INFO - DAG(s) 'dag_for_dbt_raw' retrieved from /opt/airflow/dags/dbt_raw_dag.py
[2025-02-14T02:21:10.798+0000] {logging_mixin.py:190} INFO - [2025-02-14T02:21:10.797+0000] {dag.py:3239} INFO - Sync 1 DAGs
[2025-02-14T02:21:10.840+0000] {logging_mixin.py:190} INFO - [2025-02-14T02:21:10.839+0000] {dag.py:4180} INFO - Setting next_dagrun for dag_for_dbt_raw to 2025-03-01 00:00:00+00:00, run_after=2025-04-01 00:00:00+00:00
[2025-02-14T02:21:10.865+0000] {processor.py:208} INFO - Processing /opt/airflow/dags/dbt_raw_dag.py took 0.747 seconds
[2025-02-14T02:21:41.336+0000] {processor.py:186} INFO - Started process (PID=177) to work on /opt/airflow/dags/dbt_raw_dag.py
[2025-02-14T02:21:41.338+0000] {processor.py:914} INFO - Processing file /opt/airflow/dags/dbt_raw_dag.py for tasks to queue
[2025-02-14T02:21:41.340+0000] {logging_mixin.py:190} INFO - [2025-02-14T02:21:41.340+0000] {dagbag.py:588} INFO - Filling up the DagBag from /opt/airflow/dags/dbt_raw_dag.py
[2025-02-14T02:21:41.922+0000] {processor.py:925} INFO - DAG(s) 'dag_for_dbt_raw' retrieved from /opt/airflow/dags/dbt_raw_dag.py
[2025-02-14T02:21:41.979+0000] {logging_mixin.py:190} INFO - [2025-02-14T02:21:41.978+0000] {dag.py:3239} INFO - Sync 1 DAGs
[2025-02-14T02:21:42.058+0000] {logging_mixin.py:190} INFO - [2025-02-14T02:21:42.058+0000] {dag.py:4180} INFO - Setting next_dagrun for dag_for_dbt_raw to 2025-03-01 00:00:00+00:00, run_after=2025-04-01 00:00:00+00:00
[2025-02-14T02:21:42.112+0000] {processor.py:208} INFO - Processing /opt/airflow/dags/dbt_raw_dag.py took 0.785 seconds
[2025-02-14T02:22:13.170+0000] {processor.py:186} INFO - Started process (PID=192) to work on /opt/airflow/dags/dbt_raw_dag.py
[2025-02-14T02:22:13.179+0000] {processor.py:914} INFO - Processing file /opt/airflow/dags/dbt_raw_dag.py for tasks to queue
[2025-02-14T02:22:13.202+0000] {logging_mixin.py:190} INFO - [2025-02-14T02:22:13.201+0000] {dagbag.py:588} INFO - Filling up the DagBag from /opt/airflow/dags/dbt_raw_dag.py
[2025-02-14T02:22:17.211+0000] {processor.py:925} INFO - DAG(s) 'dag_for_dbt_raw' retrieved from /opt/airflow/dags/dbt_raw_dag.py
[2025-02-14T02:22:17.364+0000] {logging_mixin.py:190} INFO - [2025-02-14T02:22:17.363+0000] {dag.py:3239} INFO - Sync 1 DAGs
[2025-02-14T02:22:17.451+0000] {logging_mixin.py:190} INFO - [2025-02-14T02:22:17.450+0000] {dag.py:4180} INFO - Setting next_dagrun for dag_for_dbt_raw to 2025-03-01 00:00:00+00:00, run_after=2025-04-01 00:00:00+00:00
[2025-02-14T02:22:17.526+0000] {processor.py:208} INFO - Processing /opt/airflow/dags/dbt_raw_dag.py took 4.377 seconds
[2025-02-14T02:22:47.650+0000] {processor.py:186} INFO - Started process (PID=207) to work on /opt/airflow/dags/dbt_raw_dag.py
[2025-02-14T02:22:47.651+0000] {processor.py:914} INFO - Processing file /opt/airflow/dags/dbt_raw_dag.py for tasks to queue
[2025-02-14T02:22:47.653+0000] {logging_mixin.py:190} INFO - [2025-02-14T02:22:47.653+0000] {dagbag.py:588} INFO - Filling up the DagBag from /opt/airflow/dags/dbt_raw_dag.py
[2025-02-14T02:22:47.934+0000] {processor.py:925} INFO - DAG(s) 'dag_for_dbt_raw' retrieved from /opt/airflow/dags/dbt_raw_dag.py
[2025-02-14T02:22:47.958+0000] {logging_mixin.py:190} INFO - [2025-02-14T02:22:47.958+0000] {dag.py:3239} INFO - Sync 1 DAGs
[2025-02-14T02:22:47.980+0000] {logging_mixin.py:190} INFO - [2025-02-14T02:22:47.979+0000] {dag.py:4180} INFO - Setting next_dagrun for dag_for_dbt_raw to 2025-03-01 00:00:00+00:00, run_after=2025-04-01 00:00:00+00:00
[2025-02-14T02:22:48.002+0000] {processor.py:208} INFO - Processing /opt/airflow/dags/dbt_raw_dag.py took 0.358 seconds
[2025-02-14T02:23:18.439+0000] {processor.py:186} INFO - Started process (PID=221) to work on /opt/airflow/dags/dbt_raw_dag.py
[2025-02-14T02:23:18.440+0000] {processor.py:914} INFO - Processing file /opt/airflow/dags/dbt_raw_dag.py for tasks to queue
[2025-02-14T02:23:18.444+0000] {logging_mixin.py:190} INFO - [2025-02-14T02:23:18.443+0000] {dagbag.py:588} INFO - Filling up the DagBag from /opt/airflow/dags/dbt_raw_dag.py
[2025-02-14T02:23:18.736+0000] {processor.py:925} INFO - DAG(s) 'dag_for_dbt_raw' retrieved from /opt/airflow/dags/dbt_raw_dag.py
[2025-02-14T02:23:18.763+0000] {logging_mixin.py:190} INFO - [2025-02-14T02:23:18.763+0000] {dag.py:3239} INFO - Sync 1 DAGs
[2025-02-14T02:23:18.783+0000] {logging_mixin.py:190} INFO - [2025-02-14T02:23:18.783+0000] {dag.py:4180} INFO - Setting next_dagrun for dag_for_dbt_raw to 2025-03-01 00:00:00+00:00, run_after=2025-04-01 00:00:00+00:00
[2025-02-14T02:23:18.805+0000] {processor.py:208} INFO - Processing /opt/airflow/dags/dbt_raw_dag.py took 0.373 seconds
[2025-02-14T02:23:49.227+0000] {processor.py:186} INFO - Started process (PID=236) to work on /opt/airflow/dags/dbt_raw_dag.py
[2025-02-14T02:23:49.228+0000] {processor.py:914} INFO - Processing file /opt/airflow/dags/dbt_raw_dag.py for tasks to queue
[2025-02-14T02:23:49.230+0000] {logging_mixin.py:190} INFO - [2025-02-14T02:23:49.230+0000] {dagbag.py:588} INFO - Filling up the DagBag from /opt/airflow/dags/dbt_raw_dag.py
[2025-02-14T02:23:49.560+0000] {processor.py:925} INFO - DAG(s) 'dag_for_dbt_raw' retrieved from /opt/airflow/dags/dbt_raw_dag.py
[2025-02-14T02:23:49.592+0000] {logging_mixin.py:190} INFO - [2025-02-14T02:23:49.592+0000] {dag.py:3239} INFO - Sync 1 DAGs
[2025-02-14T02:23:49.613+0000] {logging_mixin.py:190} INFO - [2025-02-14T02:23:49.613+0000] {dag.py:4180} INFO - Setting next_dagrun for dag_for_dbt_raw to 2025-03-01 00:00:00+00:00, run_after=2025-04-01 00:00:00+00:00
[2025-02-14T02:23:49.633+0000] {processor.py:208} INFO - Processing /opt/airflow/dags/dbt_raw_dag.py took 0.413 seconds
[2025-02-14T02:24:19.911+0000] {processor.py:186} INFO - Started process (PID=250) to work on /opt/airflow/dags/dbt_raw_dag.py
[2025-02-14T02:24:19.912+0000] {processor.py:914} INFO - Processing file /opt/airflow/dags/dbt_raw_dag.py for tasks to queue
[2025-02-14T02:24:19.915+0000] {logging_mixin.py:190} INFO - [2025-02-14T02:24:19.915+0000] {dagbag.py:588} INFO - Filling up the DagBag from /opt/airflow/dags/dbt_raw_dag.py
[2025-02-14T02:24:20.315+0000] {processor.py:925} INFO - DAG(s) 'dag_for_dbt_raw' retrieved from /opt/airflow/dags/dbt_raw_dag.py
[2025-02-14T02:24:20.349+0000] {logging_mixin.py:190} INFO - [2025-02-14T02:24:20.348+0000] {dag.py:3239} INFO - Sync 1 DAGs
[2025-02-14T02:24:20.375+0000] {logging_mixin.py:190} INFO - [2025-02-14T02:24:20.375+0000] {dag.py:4180} INFO - Setting next_dagrun for dag_for_dbt_raw to 2025-03-01 00:00:00+00:00, run_after=2025-04-01 00:00:00+00:00
[2025-02-14T02:24:20.402+0000] {processor.py:208} INFO - Processing /opt/airflow/dags/dbt_raw_dag.py took 0.498 seconds
[2025-02-14T02:24:50.819+0000] {processor.py:186} INFO - Started process (PID=264) to work on /opt/airflow/dags/dbt_raw_dag.py
[2025-02-14T02:24:50.821+0000] {processor.py:914} INFO - Processing file /opt/airflow/dags/dbt_raw_dag.py for tasks to queue
[2025-02-14T02:24:50.825+0000] {logging_mixin.py:190} INFO - [2025-02-14T02:24:50.824+0000] {dagbag.py:588} INFO - Filling up the DagBag from /opt/airflow/dags/dbt_raw_dag.py
[2025-02-14T02:24:51.100+0000] {processor.py:925} INFO - DAG(s) 'dag_for_dbt_raw' retrieved from /opt/airflow/dags/dbt_raw_dag.py
[2025-02-14T02:24:51.127+0000] {logging_mixin.py:190} INFO - [2025-02-14T02:24:51.127+0000] {dag.py:3239} INFO - Sync 1 DAGs
[2025-02-14T02:24:51.150+0000] {logging_mixin.py:190} INFO - [2025-02-14T02:24:51.150+0000] {dag.py:4180} INFO - Setting next_dagrun for dag_for_dbt_raw to 2025-03-01 00:00:00+00:00, run_after=2025-04-01 00:00:00+00:00
[2025-02-14T02:24:51.181+0000] {processor.py:208} INFO - Processing /opt/airflow/dags/dbt_raw_dag.py took 0.367 seconds
[2025-02-14T02:25:21.228+0000] {processor.py:186} INFO - Started process (PID=275) to work on /opt/airflow/dags/dbt_raw_dag.py
[2025-02-14T02:25:21.231+0000] {processor.py:914} INFO - Processing file /opt/airflow/dags/dbt_raw_dag.py for tasks to queue
[2025-02-14T02:25:21.236+0000] {logging_mixin.py:190} INFO - [2025-02-14T02:25:21.235+0000] {dagbag.py:588} INFO - Filling up the DagBag from /opt/airflow/dags/dbt_raw_dag.py
[2025-02-14T02:25:21.666+0000] {processor.py:925} INFO - DAG(s) 'dag_for_dbt_raw' retrieved from /opt/airflow/dags/dbt_raw_dag.py
[2025-02-14T02:25:21.700+0000] {logging_mixin.py:190} INFO - [2025-02-14T02:25:21.700+0000] {dag.py:3239} INFO - Sync 1 DAGs
[2025-02-14T02:25:21.751+0000] {logging_mixin.py:190} INFO - [2025-02-14T02:25:21.750+0000] {dag.py:4180} INFO - Setting next_dagrun for dag_for_dbt_raw to 2025-03-01 00:00:00+00:00, run_after=2025-04-01 00:00:00+00:00
[2025-02-14T02:25:21.775+0000] {processor.py:208} INFO - Processing /opt/airflow/dags/dbt_raw_dag.py took 0.555 seconds
[2025-02-14T02:25:52.277+0000] {processor.py:186} INFO - Started process (PID=289) to work on /opt/airflow/dags/dbt_raw_dag.py
[2025-02-14T02:25:52.279+0000] {processor.py:914} INFO - Processing file /opt/airflow/dags/dbt_raw_dag.py for tasks to queue
[2025-02-14T02:25:52.283+0000] {logging_mixin.py:190} INFO - [2025-02-14T02:25:52.282+0000] {dagbag.py:588} INFO - Filling up the DagBag from /opt/airflow/dags/dbt_raw_dag.py
[2025-02-14T02:25:52.650+0000] {processor.py:925} INFO - DAG(s) 'dag_for_dbt_raw' retrieved from /opt/airflow/dags/dbt_raw_dag.py
[2025-02-14T02:25:52.674+0000] {logging_mixin.py:190} INFO - [2025-02-14T02:25:52.674+0000] {dag.py:3239} INFO - Sync 1 DAGs
[2025-02-14T02:25:52.695+0000] {logging_mixin.py:190} INFO - [2025-02-14T02:25:52.695+0000] {dag.py:4180} INFO - Setting next_dagrun for dag_for_dbt_raw to 2025-03-01 00:00:00+00:00, run_after=2025-04-01 00:00:00+00:00
[2025-02-14T02:25:52.718+0000] {processor.py:208} INFO - Processing /opt/airflow/dags/dbt_raw_dag.py took 0.449 seconds
[2025-02-14T02:26:23.344+0000] {processor.py:186} INFO - Started process (PID=302) to work on /opt/airflow/dags/dbt_raw_dag.py
[2025-02-14T02:26:23.345+0000] {processor.py:914} INFO - Processing file /opt/airflow/dags/dbt_raw_dag.py for tasks to queue
[2025-02-14T02:26:23.349+0000] {logging_mixin.py:190} INFO - [2025-02-14T02:26:23.349+0000] {dagbag.py:588} INFO - Filling up the DagBag from /opt/airflow/dags/dbt_raw_dag.py
[2025-02-14T02:26:23.747+0000] {processor.py:925} INFO - DAG(s) 'dag_for_dbt_raw' retrieved from /opt/airflow/dags/dbt_raw_dag.py
[2025-02-14T02:26:23.780+0000] {logging_mixin.py:190} INFO - [2025-02-14T02:26:23.780+0000] {dag.py:3239} INFO - Sync 1 DAGs
[2025-02-14T02:26:23.807+0000] {logging_mixin.py:190} INFO - [2025-02-14T02:26:23.807+0000] {dag.py:4180} INFO - Setting next_dagrun for dag_for_dbt_raw to 2025-03-01 00:00:00+00:00, run_after=2025-04-01 00:00:00+00:00
[2025-02-14T02:26:23.832+0000] {processor.py:208} INFO - Processing /opt/airflow/dags/dbt_raw_dag.py took 0.497 seconds
[2025-02-14T02:26:54.540+0000] {processor.py:186} INFO - Started process (PID=316) to work on /opt/airflow/dags/dbt_raw_dag.py
[2025-02-14T02:26:54.546+0000] {processor.py:914} INFO - Processing file /opt/airflow/dags/dbt_raw_dag.py for tasks to queue
[2025-02-14T02:26:54.549+0000] {logging_mixin.py:190} INFO - [2025-02-14T02:26:54.548+0000] {dagbag.py:588} INFO - Filling up the DagBag from /opt/airflow/dags/dbt_raw_dag.py
[2025-02-14T02:26:54.879+0000] {processor.py:925} INFO - DAG(s) 'dag_for_dbt_raw' retrieved from /opt/airflow/dags/dbt_raw_dag.py
[2025-02-14T02:26:54.904+0000] {logging_mixin.py:190} INFO - [2025-02-14T02:26:54.903+0000] {dag.py:3239} INFO - Sync 1 DAGs
[2025-02-14T02:26:54.924+0000] {logging_mixin.py:190} INFO - [2025-02-14T02:26:54.923+0000] {dag.py:4180} INFO - Setting next_dagrun for dag_for_dbt_raw to 2025-03-01 00:00:00+00:00, run_after=2025-04-01 00:00:00+00:00
[2025-02-14T02:26:54.942+0000] {processor.py:208} INFO - Processing /opt/airflow/dags/dbt_raw_dag.py took 0.415 seconds
[2025-02-14T02:27:25.044+0000] {processor.py:186} INFO - Started process (PID=330) to work on /opt/airflow/dags/dbt_raw_dag.py
[2025-02-14T02:27:25.045+0000] {processor.py:914} INFO - Processing file /opt/airflow/dags/dbt_raw_dag.py for tasks to queue
[2025-02-14T02:27:25.048+0000] {logging_mixin.py:190} INFO - [2025-02-14T02:27:25.048+0000] {dagbag.py:588} INFO - Filling up the DagBag from /opt/airflow/dags/dbt_raw_dag.py
[2025-02-14T02:27:25.322+0000] {processor.py:925} INFO - DAG(s) 'dag_for_dbt_raw' retrieved from /opt/airflow/dags/dbt_raw_dag.py
[2025-02-14T02:27:25.344+0000] {logging_mixin.py:190} INFO - [2025-02-14T02:27:25.344+0000] {dag.py:3239} INFO - Sync 1 DAGs
[2025-02-14T02:27:25.364+0000] {logging_mixin.py:190} INFO - [2025-02-14T02:27:25.363+0000] {dag.py:4180} INFO - Setting next_dagrun for dag_for_dbt_raw to 2025-03-01 00:00:00+00:00, run_after=2025-04-01 00:00:00+00:00
[2025-02-14T02:27:25.387+0000] {processor.py:208} INFO - Processing /opt/airflow/dags/dbt_raw_dag.py took 0.350 seconds
[2025-02-14T02:27:56.196+0000] {processor.py:186} INFO - Started process (PID=345) to work on /opt/airflow/dags/dbt_raw_dag.py
[2025-02-14T02:27:56.198+0000] {processor.py:914} INFO - Processing file /opt/airflow/dags/dbt_raw_dag.py for tasks to queue
[2025-02-14T02:27:56.206+0000] {logging_mixin.py:190} INFO - [2025-02-14T02:27:56.206+0000] {dagbag.py:588} INFO - Filling up the DagBag from /opt/airflow/dags/dbt_raw_dag.py
[2025-02-14T02:27:56.695+0000] {processor.py:925} INFO - DAG(s) 'dag_for_dbt_raw' retrieved from /opt/airflow/dags/dbt_raw_dag.py
[2025-02-14T02:27:56.753+0000] {logging_mixin.py:190} INFO - [2025-02-14T02:27:56.751+0000] {dag.py:3239} INFO - Sync 1 DAGs
[2025-02-14T02:27:56.789+0000] {logging_mixin.py:190} INFO - [2025-02-14T02:27:56.789+0000] {dag.py:4180} INFO - Setting next_dagrun for dag_for_dbt_raw to 2025-03-01 00:00:00+00:00, run_after=2025-04-01 00:00:00+00:00
[2025-02-14T02:27:56.834+0000] {processor.py:208} INFO - Processing /opt/airflow/dags/dbt_raw_dag.py took 0.650 seconds
[2025-02-14T02:28:27.659+0000] {processor.py:186} INFO - Started process (PID=359) to work on /opt/airflow/dags/dbt_raw_dag.py
[2025-02-14T02:28:27.665+0000] {processor.py:914} INFO - Processing file /opt/airflow/dags/dbt_raw_dag.py for tasks to queue
[2025-02-14T02:28:27.680+0000] {logging_mixin.py:190} INFO - [2025-02-14T02:28:27.679+0000] {dagbag.py:588} INFO - Filling up the DagBag from /opt/airflow/dags/dbt_raw_dag.py
[2025-02-14T02:28:28.266+0000] {processor.py:925} INFO - DAG(s) 'dag_for_dbt_raw' retrieved from /opt/airflow/dags/dbt_raw_dag.py
[2025-02-14T02:28:28.307+0000] {logging_mixin.py:190} INFO - [2025-02-14T02:28:28.307+0000] {dag.py:3239} INFO - Sync 1 DAGs
[2025-02-14T02:28:28.345+0000] {logging_mixin.py:190} INFO - [2025-02-14T02:28:28.345+0000] {dag.py:4180} INFO - Setting next_dagrun for dag_for_dbt_raw to 2025-03-01 00:00:00+00:00, run_after=2025-04-01 00:00:00+00:00
[2025-02-14T02:28:28.375+0000] {processor.py:208} INFO - Processing /opt/airflow/dags/dbt_raw_dag.py took 0.760 seconds
[2025-02-14T02:28:58.422+0000] {processor.py:186} INFO - Started process (PID=371) to work on /opt/airflow/dags/dbt_raw_dag.py
[2025-02-14T02:28:58.423+0000] {processor.py:914} INFO - Processing file /opt/airflow/dags/dbt_raw_dag.py for tasks to queue
[2025-02-14T02:28:58.425+0000] {logging_mixin.py:190} INFO - [2025-02-14T02:28:58.425+0000] {dagbag.py:588} INFO - Filling up the DagBag from /opt/airflow/dags/dbt_raw_dag.py
[2025-02-14T02:28:58.788+0000] {processor.py:925} INFO - DAG(s) 'dag_for_dbt_raw' retrieved from /opt/airflow/dags/dbt_raw_dag.py
[2025-02-14T02:28:58.815+0000] {logging_mixin.py:190} INFO - [2025-02-14T02:28:58.815+0000] {dag.py:3239} INFO - Sync 1 DAGs
[2025-02-14T02:28:58.840+0000] {logging_mixin.py:190} INFO - [2025-02-14T02:28:58.839+0000] {dag.py:4180} INFO - Setting next_dagrun for dag_for_dbt_raw to 2025-03-01 00:00:00+00:00, run_after=2025-04-01 00:00:00+00:00
[2025-02-14T02:28:58.860+0000] {processor.py:208} INFO - Processing /opt/airflow/dags/dbt_raw_dag.py took 0.445 seconds
[2025-02-14T02:29:28.993+0000] {processor.py:186} INFO - Started process (PID=385) to work on /opt/airflow/dags/dbt_raw_dag.py
[2025-02-14T02:29:28.996+0000] {processor.py:914} INFO - Processing file /opt/airflow/dags/dbt_raw_dag.py for tasks to queue
[2025-02-14T02:29:29.000+0000] {logging_mixin.py:190} INFO - [2025-02-14T02:29:29.000+0000] {dagbag.py:588} INFO - Filling up the DagBag from /opt/airflow/dags/dbt_raw_dag.py
[2025-02-14T02:29:29.337+0000] {processor.py:925} INFO - DAG(s) 'dag_for_dbt_raw' retrieved from /opt/airflow/dags/dbt_raw_dag.py
[2025-02-14T02:29:29.367+0000] {logging_mixin.py:190} INFO - [2025-02-14T02:29:29.367+0000] {dag.py:3239} INFO - Sync 1 DAGs
[2025-02-14T02:29:29.393+0000] {logging_mixin.py:190} INFO - [2025-02-14T02:29:29.392+0000] {dag.py:4180} INFO - Setting next_dagrun for dag_for_dbt_raw to 2025-03-01 00:00:00+00:00, run_after=2025-04-01 00:00:00+00:00
[2025-02-14T02:29:29.434+0000] {processor.py:208} INFO - Processing /opt/airflow/dags/dbt_raw_dag.py took 0.455 seconds
[2025-02-14T02:30:00.145+0000] {processor.py:186} INFO - Started process (PID=398) to work on /opt/airflow/dags/dbt_raw_dag.py
[2025-02-14T02:30:00.146+0000] {processor.py:914} INFO - Processing file /opt/airflow/dags/dbt_raw_dag.py for tasks to queue
[2025-02-14T02:30:00.149+0000] {logging_mixin.py:190} INFO - [2025-02-14T02:30:00.148+0000] {dagbag.py:588} INFO - Filling up the DagBag from /opt/airflow/dags/dbt_raw_dag.py
[2025-02-14T02:30:00.454+0000] {processor.py:925} INFO - DAG(s) 'dag_for_dbt_raw' retrieved from /opt/airflow/dags/dbt_raw_dag.py
[2025-02-14T02:30:00.478+0000] {logging_mixin.py:190} INFO - [2025-02-14T02:30:00.477+0000] {dag.py:3239} INFO - Sync 1 DAGs
[2025-02-14T02:30:00.498+0000] {logging_mixin.py:190} INFO - [2025-02-14T02:30:00.498+0000] {dag.py:4180} INFO - Setting next_dagrun for dag_for_dbt_raw to 2025-03-01 00:00:00+00:00, run_after=2025-04-01 00:00:00+00:00
[2025-02-14T02:30:00.519+0000] {processor.py:208} INFO - Processing /opt/airflow/dags/dbt_raw_dag.py took 0.379 seconds
