[2025-02-14T00:53:22.390+0000] {processor.py:186} INFO - Started process (PID=94) to work on /opt/airflow/dags/denormalize_data_gad.py
[2025-02-14T00:53:22.401+0000] {processor.py:914} INFO - Processing file /opt/airflow/dags/denormalize_data_gad.py for tasks to queue
[2025-02-14T00:53:22.437+0000] {logging_mixin.py:190} INFO - [2025-02-14T00:53:22.436+0000] {dagbag.py:588} INFO - Filling up the DagBag from /opt/airflow/dags/denormalize_data_gad.py
[2025-02-14T00:53:26.281+0000] {processor.py:925} INFO - DAG(s) 'dag_for_dbt_denormalize' retrieved from /opt/airflow/dags/denormalize_data_gad.py
[2025-02-14T00:53:26.706+0000] {logging_mixin.py:190} INFO - [2025-02-14T00:53:26.668+0000] {dag.py:3239} INFO - Sync 1 DAGs
[2025-02-14T00:53:28.958+0000] {logging_mixin.py:190} INFO - [2025-02-14T00:53:28.958+0000] {dag.py:4180} INFO - Setting next_dagrun for dag_for_dbt_denormalize to 2025-03-01 00:00:00+00:00, run_after=2025-04-01 00:00:00+00:00
[2025-02-14T00:53:29.039+0000] {processor.py:208} INFO - Processing /opt/airflow/dags/denormalize_data_gad.py took 6.679 seconds
[2025-02-14T00:53:59.567+0000] {processor.py:186} INFO - Started process (PID=119) to work on /opt/airflow/dags/denormalize_data_gad.py
[2025-02-14T00:53:59.568+0000] {processor.py:914} INFO - Processing file /opt/airflow/dags/denormalize_data_gad.py for tasks to queue
[2025-02-14T00:53:59.575+0000] {logging_mixin.py:190} INFO - [2025-02-14T00:53:59.575+0000] {dagbag.py:588} INFO - Filling up the DagBag from /opt/airflow/dags/denormalize_data_gad.py
[2025-02-14T00:54:00.247+0000] {processor.py:925} INFO - DAG(s) 'dag_for_dbt_denormalize' retrieved from /opt/airflow/dags/denormalize_data_gad.py
[2025-02-14T00:54:00.304+0000] {logging_mixin.py:190} INFO - [2025-02-14T00:54:00.300+0000] {dag.py:3239} INFO - Sync 1 DAGs
[2025-02-14T00:54:00.357+0000] {logging_mixin.py:190} INFO - [2025-02-14T00:54:00.356+0000] {dag.py:4180} INFO - Setting next_dagrun for dag_for_dbt_denormalize to 2025-03-01 00:00:00+00:00, run_after=2025-04-01 00:00:00+00:00
[2025-02-14T00:54:00.414+0000] {processor.py:208} INFO - Processing /opt/airflow/dags/denormalize_data_gad.py took 0.867 seconds
[2025-02-14T00:54:30.631+0000] {processor.py:186} INFO - Started process (PID=132) to work on /opt/airflow/dags/denormalize_data_gad.py
[2025-02-14T00:54:30.659+0000] {processor.py:914} INFO - Processing file /opt/airflow/dags/denormalize_data_gad.py for tasks to queue
[2025-02-14T00:54:30.665+0000] {logging_mixin.py:190} INFO - [2025-02-14T00:54:30.664+0000] {dagbag.py:588} INFO - Filling up the DagBag from /opt/airflow/dags/denormalize_data_gad.py
[2025-02-14T00:54:31.886+0000] {processor.py:925} INFO - DAG(s) 'dag_for_dbt_denormalize' retrieved from /opt/airflow/dags/denormalize_data_gad.py
[2025-02-14T00:54:31.952+0000] {logging_mixin.py:190} INFO - [2025-02-14T00:54:31.952+0000] {dag.py:3239} INFO - Sync 1 DAGs
[2025-02-14T00:54:32.032+0000] {logging_mixin.py:190} INFO - [2025-02-14T00:54:32.032+0000] {dag.py:4180} INFO - Setting next_dagrun for dag_for_dbt_denormalize to 2025-03-01 00:00:00+00:00, run_after=2025-04-01 00:00:00+00:00
[2025-02-14T00:54:32.104+0000] {processor.py:208} INFO - Processing /opt/airflow/dags/denormalize_data_gad.py took 1.503 seconds
[2025-02-14T00:55:02.379+0000] {processor.py:186} INFO - Started process (PID=146) to work on /opt/airflow/dags/denormalize_data_gad.py
[2025-02-14T00:55:02.384+0000] {processor.py:914} INFO - Processing file /opt/airflow/dags/denormalize_data_gad.py for tasks to queue
[2025-02-14T00:55:02.388+0000] {logging_mixin.py:190} INFO - [2025-02-14T00:55:02.388+0000] {dagbag.py:588} INFO - Filling up the DagBag from /opt/airflow/dags/denormalize_data_gad.py
[2025-02-14T00:55:03.010+0000] {processor.py:925} INFO - DAG(s) 'dag_for_dbt_denormalize' retrieved from /opt/airflow/dags/denormalize_data_gad.py
[2025-02-14T00:55:03.069+0000] {logging_mixin.py:190} INFO - [2025-02-14T00:55:03.069+0000] {dag.py:3239} INFO - Sync 1 DAGs
[2025-02-14T00:55:03.120+0000] {logging_mixin.py:190} INFO - [2025-02-14T00:55:03.120+0000] {dag.py:4180} INFO - Setting next_dagrun for dag_for_dbt_denormalize to 2025-03-01 00:00:00+00:00, run_after=2025-04-01 00:00:00+00:00
[2025-02-14T00:55:03.174+0000] {processor.py:208} INFO - Processing /opt/airflow/dags/denormalize_data_gad.py took 0.806 seconds
[2025-02-14T00:55:33.814+0000] {processor.py:186} INFO - Started process (PID=160) to work on /opt/airflow/dags/denormalize_data_gad.py
[2025-02-14T00:55:33.818+0000] {processor.py:914} INFO - Processing file /opt/airflow/dags/denormalize_data_gad.py for tasks to queue
[2025-02-14T00:55:33.821+0000] {logging_mixin.py:190} INFO - [2025-02-14T00:55:33.821+0000] {dagbag.py:588} INFO - Filling up the DagBag from /opt/airflow/dags/denormalize_data_gad.py
[2025-02-14T00:55:34.461+0000] {processor.py:925} INFO - DAG(s) 'dag_for_dbt_denormalize' retrieved from /opt/airflow/dags/denormalize_data_gad.py
[2025-02-14T00:55:34.509+0000] {logging_mixin.py:190} INFO - [2025-02-14T00:55:34.509+0000] {dag.py:3239} INFO - Sync 1 DAGs
[2025-02-14T00:55:34.543+0000] {logging_mixin.py:190} INFO - [2025-02-14T00:55:34.543+0000] {dag.py:4180} INFO - Setting next_dagrun for dag_for_dbt_denormalize to 2025-03-01 00:00:00+00:00, run_after=2025-04-01 00:00:00+00:00
[2025-02-14T00:55:34.580+0000] {processor.py:208} INFO - Processing /opt/airflow/dags/denormalize_data_gad.py took 0.773 seconds
[2025-02-14T00:56:04.842+0000] {processor.py:186} INFO - Started process (PID=173) to work on /opt/airflow/dags/denormalize_data_gad.py
[2025-02-14T00:56:04.846+0000] {processor.py:914} INFO - Processing file /opt/airflow/dags/denormalize_data_gad.py for tasks to queue
[2025-02-14T00:56:04.849+0000] {logging_mixin.py:190} INFO - [2025-02-14T00:56:04.849+0000] {dagbag.py:588} INFO - Filling up the DagBag from /opt/airflow/dags/denormalize_data_gad.py
[2025-02-14T00:56:05.428+0000] {processor.py:925} INFO - DAG(s) 'dag_for_dbt_denormalize' retrieved from /opt/airflow/dags/denormalize_data_gad.py
[2025-02-14T00:56:05.480+0000] {logging_mixin.py:190} INFO - [2025-02-14T00:56:05.480+0000] {dag.py:3239} INFO - Sync 1 DAGs
[2025-02-14T00:56:05.522+0000] {logging_mixin.py:190} INFO - [2025-02-14T00:56:05.521+0000] {dag.py:4180} INFO - Setting next_dagrun for dag_for_dbt_denormalize to 2025-03-01 00:00:00+00:00, run_after=2025-04-01 00:00:00+00:00
[2025-02-14T00:56:05.562+0000] {processor.py:208} INFO - Processing /opt/airflow/dags/denormalize_data_gad.py took 0.730 seconds
[2025-02-14T00:56:36.499+0000] {processor.py:186} INFO - Started process (PID=187) to work on /opt/airflow/dags/denormalize_data_gad.py
[2025-02-14T00:56:36.502+0000] {processor.py:914} INFO - Processing file /opt/airflow/dags/denormalize_data_gad.py for tasks to queue
[2025-02-14T00:56:36.508+0000] {logging_mixin.py:190} INFO - [2025-02-14T00:56:36.504+0000] {dagbag.py:588} INFO - Filling up the DagBag from /opt/airflow/dags/denormalize_data_gad.py
[2025-02-14T00:56:37.059+0000] {processor.py:925} INFO - DAG(s) 'dag_for_dbt_denormalize' retrieved from /opt/airflow/dags/denormalize_data_gad.py
[2025-02-14T00:56:37.103+0000] {logging_mixin.py:190} INFO - [2025-02-14T00:56:37.102+0000] {dag.py:3239} INFO - Sync 1 DAGs
[2025-02-14T00:56:37.139+0000] {logging_mixin.py:190} INFO - [2025-02-14T00:56:37.139+0000] {dag.py:4180} INFO - Setting next_dagrun for dag_for_dbt_denormalize to 2025-03-01 00:00:00+00:00, run_after=2025-04-01 00:00:00+00:00
[2025-02-14T00:56:37.181+0000] {processor.py:208} INFO - Processing /opt/airflow/dags/denormalize_data_gad.py took 0.697 seconds
[2025-02-14T00:57:07.546+0000] {processor.py:186} INFO - Started process (PID=207) to work on /opt/airflow/dags/denormalize_data_gad.py
[2025-02-14T00:57:07.547+0000] {processor.py:914} INFO - Processing file /opt/airflow/dags/denormalize_data_gad.py for tasks to queue
[2025-02-14T00:57:07.553+0000] {logging_mixin.py:190} INFO - [2025-02-14T00:57:07.549+0000] {dagbag.py:588} INFO - Filling up the DagBag from /opt/airflow/dags/denormalize_data_gad.py
[2025-02-14T00:57:08.084+0000] {processor.py:925} INFO - DAG(s) 'dag_for_dbt_denormalize' retrieved from /opt/airflow/dags/denormalize_data_gad.py
[2025-02-14T00:57:08.136+0000] {logging_mixin.py:190} INFO - [2025-02-14T00:57:08.136+0000] {dag.py:3239} INFO - Sync 1 DAGs
[2025-02-14T00:57:08.174+0000] {logging_mixin.py:190} INFO - [2025-02-14T00:57:08.174+0000] {dag.py:4180} INFO - Setting next_dagrun for dag_for_dbt_denormalize to 2025-03-01 00:00:00+00:00, run_after=2025-04-01 00:00:00+00:00
[2025-02-14T00:57:08.205+0000] {processor.py:208} INFO - Processing /opt/airflow/dags/denormalize_data_gad.py took 0.671 seconds
[2025-02-14T00:57:38.633+0000] {processor.py:186} INFO - Started process (PID=221) to work on /opt/airflow/dags/denormalize_data_gad.py
[2025-02-14T00:57:38.634+0000] {processor.py:914} INFO - Processing file /opt/airflow/dags/denormalize_data_gad.py for tasks to queue
[2025-02-14T00:57:38.637+0000] {logging_mixin.py:190} INFO - [2025-02-14T00:57:38.636+0000] {dagbag.py:588} INFO - Filling up the DagBag from /opt/airflow/dags/denormalize_data_gad.py
[2025-02-14T00:57:39.256+0000] {processor.py:925} INFO - DAG(s) 'dag_for_dbt_denormalize' retrieved from /opt/airflow/dags/denormalize_data_gad.py
[2025-02-14T00:57:39.315+0000] {logging_mixin.py:190} INFO - [2025-02-14T00:57:39.314+0000] {dag.py:3239} INFO - Sync 1 DAGs
[2025-02-14T00:57:39.347+0000] {logging_mixin.py:190} INFO - [2025-02-14T00:57:39.347+0000] {dag.py:4180} INFO - Setting next_dagrun for dag_for_dbt_denormalize to 2025-03-01 00:00:00+00:00, run_after=2025-04-01 00:00:00+00:00
[2025-02-14T00:57:39.387+0000] {processor.py:208} INFO - Processing /opt/airflow/dags/denormalize_data_gad.py took 0.764 seconds
[2025-02-14T00:58:09.895+0000] {processor.py:186} INFO - Started process (PID=235) to work on /opt/airflow/dags/denormalize_data_gad.py
[2025-02-14T00:58:09.896+0000] {processor.py:914} INFO - Processing file /opt/airflow/dags/denormalize_data_gad.py for tasks to queue
[2025-02-14T00:58:09.905+0000] {logging_mixin.py:190} INFO - [2025-02-14T00:58:09.905+0000] {dagbag.py:588} INFO - Filling up the DagBag from /opt/airflow/dags/denormalize_data_gad.py
[2025-02-14T00:58:10.607+0000] {processor.py:925} INFO - DAG(s) 'dag_for_dbt_denormalize' retrieved from /opt/airflow/dags/denormalize_data_gad.py
[2025-02-14T00:58:10.685+0000] {logging_mixin.py:190} INFO - [2025-02-14T00:58:10.685+0000] {dag.py:3239} INFO - Sync 1 DAGs
[2025-02-14T00:58:10.747+0000] {logging_mixin.py:190} INFO - [2025-02-14T00:58:10.746+0000] {dag.py:4180} INFO - Setting next_dagrun for dag_for_dbt_denormalize to 2025-03-01 00:00:00+00:00, run_after=2025-04-01 00:00:00+00:00
[2025-02-14T00:58:10.805+0000] {processor.py:208} INFO - Processing /opt/airflow/dags/denormalize_data_gad.py took 0.921 seconds
[2025-02-14T00:58:41.682+0000] {processor.py:186} INFO - Started process (PID=249) to work on /opt/airflow/dags/denormalize_data_gad.py
[2025-02-14T00:58:41.683+0000] {processor.py:914} INFO - Processing file /opt/airflow/dags/denormalize_data_gad.py for tasks to queue
[2025-02-14T00:58:41.690+0000] {logging_mixin.py:190} INFO - [2025-02-14T00:58:41.690+0000] {dagbag.py:588} INFO - Filling up the DagBag from /opt/airflow/dags/denormalize_data_gad.py
[2025-02-14T00:58:42.654+0000] {processor.py:925} INFO - DAG(s) 'dag_for_dbt_denormalize' retrieved from /opt/airflow/dags/denormalize_data_gad.py
[2025-02-14T00:58:42.716+0000] {logging_mixin.py:190} INFO - [2025-02-14T00:58:42.715+0000] {dag.py:3239} INFO - Sync 1 DAGs
[2025-02-14T00:58:42.780+0000] {logging_mixin.py:190} INFO - [2025-02-14T00:58:42.779+0000] {dag.py:4180} INFO - Setting next_dagrun for dag_for_dbt_denormalize to 2025-03-01 00:00:00+00:00, run_after=2025-04-01 00:00:00+00:00
[2025-02-14T00:58:42.824+0000] {processor.py:208} INFO - Processing /opt/airflow/dags/denormalize_data_gad.py took 1.179 seconds
[2025-02-14T00:59:13.471+0000] {processor.py:186} INFO - Started process (PID=261) to work on /opt/airflow/dags/denormalize_data_gad.py
[2025-02-14T00:59:13.472+0000] {processor.py:914} INFO - Processing file /opt/airflow/dags/denormalize_data_gad.py for tasks to queue
[2025-02-14T00:59:13.478+0000] {logging_mixin.py:190} INFO - [2025-02-14T00:59:13.478+0000] {dagbag.py:588} INFO - Filling up the DagBag from /opt/airflow/dags/denormalize_data_gad.py
[2025-02-14T00:59:14.191+0000] {processor.py:925} INFO - DAG(s) 'dag_for_dbt_denormalize' retrieved from /opt/airflow/dags/denormalize_data_gad.py
[2025-02-14T00:59:14.241+0000] {logging_mixin.py:190} INFO - [2025-02-14T00:59:14.240+0000] {dag.py:3239} INFO - Sync 1 DAGs
[2025-02-14T00:59:14.292+0000] {logging_mixin.py:190} INFO - [2025-02-14T00:59:14.291+0000] {dag.py:4180} INFO - Setting next_dagrun for dag_for_dbt_denormalize to 2025-03-01 00:00:00+00:00, run_after=2025-04-01 00:00:00+00:00
[2025-02-14T00:59:14.337+0000] {processor.py:208} INFO - Processing /opt/airflow/dags/denormalize_data_gad.py took 0.878 seconds
[2025-02-14T00:59:44.643+0000] {processor.py:186} INFO - Started process (PID=275) to work on /opt/airflow/dags/denormalize_data_gad.py
[2025-02-14T00:59:44.649+0000] {processor.py:914} INFO - Processing file /opt/airflow/dags/denormalize_data_gad.py for tasks to queue
[2025-02-14T00:59:44.652+0000] {logging_mixin.py:190} INFO - [2025-02-14T00:59:44.652+0000] {dagbag.py:588} INFO - Filling up the DagBag from /opt/airflow/dags/denormalize_data_gad.py
[2025-02-14T00:59:45.302+0000] {processor.py:925} INFO - DAG(s) 'dag_for_dbt_denormalize' retrieved from /opt/airflow/dags/denormalize_data_gad.py
[2025-02-14T00:59:45.361+0000] {logging_mixin.py:190} INFO - [2025-02-14T00:59:45.360+0000] {dag.py:3239} INFO - Sync 1 DAGs
[2025-02-14T00:59:45.403+0000] {logging_mixin.py:190} INFO - [2025-02-14T00:59:45.403+0000] {dag.py:4180} INFO - Setting next_dagrun for dag_for_dbt_denormalize to 2025-03-01 00:00:00+00:00, run_after=2025-04-01 00:00:00+00:00
[2025-02-14T00:59:45.463+0000] {processor.py:208} INFO - Processing /opt/airflow/dags/denormalize_data_gad.py took 0.832 seconds
[2025-02-14T01:00:15.593+0000] {processor.py:186} INFO - Started process (PID=290) to work on /opt/airflow/dags/denormalize_data_gad.py
[2025-02-14T01:00:15.596+0000] {processor.py:914} INFO - Processing file /opt/airflow/dags/denormalize_data_gad.py for tasks to queue
[2025-02-14T01:00:15.602+0000] {logging_mixin.py:190} INFO - [2025-02-14T01:00:15.598+0000] {dagbag.py:588} INFO - Filling up the DagBag from /opt/airflow/dags/denormalize_data_gad.py
[2025-02-14T01:00:16.198+0000] {processor.py:925} INFO - DAG(s) 'dag_for_dbt_denormalize' retrieved from /opt/airflow/dags/denormalize_data_gad.py
[2025-02-14T01:00:16.256+0000] {logging_mixin.py:190} INFO - [2025-02-14T01:00:16.255+0000] {dag.py:3239} INFO - Sync 1 DAGs
[2025-02-14T01:00:16.293+0000] {logging_mixin.py:190} INFO - [2025-02-14T01:00:16.292+0000] {dag.py:4180} INFO - Setting next_dagrun for dag_for_dbt_denormalize to 2025-03-01 00:00:00+00:00, run_after=2025-04-01 00:00:00+00:00
[2025-02-14T01:00:16.324+0000] {processor.py:208} INFO - Processing /opt/airflow/dags/denormalize_data_gad.py took 0.740 seconds
[2025-02-14T01:00:46.607+0000] {processor.py:186} INFO - Started process (PID=305) to work on /opt/airflow/dags/denormalize_data_gad.py
[2025-02-14T01:00:46.614+0000] {processor.py:914} INFO - Processing file /opt/airflow/dags/denormalize_data_gad.py for tasks to queue
[2025-02-14T01:00:46.624+0000] {logging_mixin.py:190} INFO - [2025-02-14T01:00:46.624+0000] {dagbag.py:588} INFO - Filling up the DagBag from /opt/airflow/dags/denormalize_data_gad.py
[2025-02-14T01:00:47.456+0000] {processor.py:925} INFO - DAG(s) 'dag_for_dbt_denormalize' retrieved from /opt/airflow/dags/denormalize_data_gad.py
[2025-02-14T01:00:47.516+0000] {logging_mixin.py:190} INFO - [2025-02-14T01:00:47.516+0000] {dag.py:3239} INFO - Sync 1 DAGs
[2025-02-14T01:00:47.578+0000] {logging_mixin.py:190} INFO - [2025-02-14T01:00:47.577+0000] {dag.py:4180} INFO - Setting next_dagrun for dag_for_dbt_denormalize to 2025-03-01 00:00:00+00:00, run_after=2025-04-01 00:00:00+00:00
[2025-02-14T01:00:47.627+0000] {processor.py:208} INFO - Processing /opt/airflow/dags/denormalize_data_gad.py took 1.034 seconds
[2025-02-14T01:01:17.889+0000] {processor.py:186} INFO - Started process (PID=320) to work on /opt/airflow/dags/denormalize_data_gad.py
[2025-02-14T01:01:17.894+0000] {processor.py:914} INFO - Processing file /opt/airflow/dags/denormalize_data_gad.py for tasks to queue
[2025-02-14T01:01:17.897+0000] {logging_mixin.py:190} INFO - [2025-02-14T01:01:17.897+0000] {dagbag.py:588} INFO - Filling up the DagBag from /opt/airflow/dags/denormalize_data_gad.py
[2025-02-14T01:01:18.494+0000] {processor.py:925} INFO - DAG(s) 'dag_for_dbt_denormalize' retrieved from /opt/airflow/dags/denormalize_data_gad.py
[2025-02-14T01:01:18.546+0000] {logging_mixin.py:190} INFO - [2025-02-14T01:01:18.545+0000] {dag.py:3239} INFO - Sync 1 DAGs
[2025-02-14T01:01:18.595+0000] {logging_mixin.py:190} INFO - [2025-02-14T01:01:18.595+0000] {dag.py:4180} INFO - Setting next_dagrun for dag_for_dbt_denormalize to 2025-03-01 00:00:00+00:00, run_after=2025-04-01 00:00:00+00:00
[2025-02-14T01:01:18.638+0000] {processor.py:208} INFO - Processing /opt/airflow/dags/denormalize_data_gad.py took 0.758 seconds
[2025-02-14T01:01:49.241+0000] {processor.py:186} INFO - Started process (PID=334) to work on /opt/airflow/dags/denormalize_data_gad.py
[2025-02-14T01:01:49.247+0000] {processor.py:914} INFO - Processing file /opt/airflow/dags/denormalize_data_gad.py for tasks to queue
[2025-02-14T01:01:49.250+0000] {logging_mixin.py:190} INFO - [2025-02-14T01:01:49.250+0000] {dagbag.py:588} INFO - Filling up the DagBag from /opt/airflow/dags/denormalize_data_gad.py
[2025-02-14T01:01:49.900+0000] {processor.py:925} INFO - DAG(s) 'dag_for_dbt_denormalize' retrieved from /opt/airflow/dags/denormalize_data_gad.py
[2025-02-14T01:01:49.998+0000] {logging_mixin.py:190} INFO - [2025-02-14T01:01:49.998+0000] {dag.py:3239} INFO - Sync 1 DAGs
[2025-02-14T01:01:50.070+0000] {logging_mixin.py:190} INFO - [2025-02-14T01:01:50.069+0000] {dag.py:4180} INFO - Setting next_dagrun for dag_for_dbt_denormalize to 2025-03-01 00:00:00+00:00, run_after=2025-04-01 00:00:00+00:00
[2025-02-14T01:01:50.111+0000] {processor.py:208} INFO - Processing /opt/airflow/dags/denormalize_data_gad.py took 0.881 seconds
[2025-02-14T01:02:20.511+0000] {processor.py:186} INFO - Started process (PID=347) to work on /opt/airflow/dags/denormalize_data_gad.py
[2025-02-14T01:02:20.513+0000] {processor.py:914} INFO - Processing file /opt/airflow/dags/denormalize_data_gad.py for tasks to queue
[2025-02-14T01:02:20.520+0000] {logging_mixin.py:190} INFO - [2025-02-14T01:02:20.520+0000] {dagbag.py:588} INFO - Filling up the DagBag from /opt/airflow/dags/denormalize_data_gad.py
[2025-02-14T01:02:21.556+0000] {processor.py:925} INFO - DAG(s) 'dag_for_dbt_denormalize' retrieved from /opt/airflow/dags/denormalize_data_gad.py
[2025-02-14T01:02:21.655+0000] {logging_mixin.py:190} INFO - [2025-02-14T01:02:21.654+0000] {dag.py:3239} INFO - Sync 1 DAGs
[2025-02-14T01:02:21.745+0000] {logging_mixin.py:190} INFO - [2025-02-14T01:02:21.745+0000] {dag.py:4180} INFO - Setting next_dagrun for dag_for_dbt_denormalize to 2025-03-01 00:00:00+00:00, run_after=2025-04-01 00:00:00+00:00
[2025-02-14T01:02:21.872+0000] {processor.py:208} INFO - Processing /opt/airflow/dags/denormalize_data_gad.py took 1.377 seconds
[2025-02-14T01:02:52.775+0000] {processor.py:186} INFO - Started process (PID=361) to work on /opt/airflow/dags/denormalize_data_gad.py
[2025-02-14T01:02:52.776+0000] {processor.py:914} INFO - Processing file /opt/airflow/dags/denormalize_data_gad.py for tasks to queue
[2025-02-14T01:02:52.788+0000] {logging_mixin.py:190} INFO - [2025-02-14T01:02:52.788+0000] {dagbag.py:588} INFO - Filling up the DagBag from /opt/airflow/dags/denormalize_data_gad.py
[2025-02-14T01:02:53.529+0000] {processor.py:925} INFO - DAG(s) 'dag_for_dbt_denormalize' retrieved from /opt/airflow/dags/denormalize_data_gad.py
[2025-02-14T01:02:53.587+0000] {logging_mixin.py:190} INFO - [2025-02-14T01:02:53.587+0000] {dag.py:3239} INFO - Sync 1 DAGs
[2025-02-14T01:02:53.635+0000] {logging_mixin.py:190} INFO - [2025-02-14T01:02:53.635+0000] {dag.py:4180} INFO - Setting next_dagrun for dag_for_dbt_denormalize to 2025-03-01 00:00:00+00:00, run_after=2025-04-01 00:00:00+00:00
[2025-02-14T01:02:53.695+0000] {processor.py:208} INFO - Processing /opt/airflow/dags/denormalize_data_gad.py took 0.938 seconds
[2025-02-14T01:03:24.010+0000] {processor.py:186} INFO - Started process (PID=376) to work on /opt/airflow/dags/denormalize_data_gad.py
[2025-02-14T01:03:24.012+0000] {processor.py:914} INFO - Processing file /opt/airflow/dags/denormalize_data_gad.py for tasks to queue
[2025-02-14T01:03:24.019+0000] {logging_mixin.py:190} INFO - [2025-02-14T01:03:24.019+0000] {dagbag.py:588} INFO - Filling up the DagBag from /opt/airflow/dags/denormalize_data_gad.py
[2025-02-14T01:03:24.741+0000] {processor.py:925} INFO - DAG(s) 'dag_for_dbt_denormalize' retrieved from /opt/airflow/dags/denormalize_data_gad.py
[2025-02-14T01:03:24.799+0000] {logging_mixin.py:190} INFO - [2025-02-14T01:03:24.799+0000] {dag.py:3239} INFO - Sync 1 DAGs
[2025-02-14T01:03:24.840+0000] {logging_mixin.py:190} INFO - [2025-02-14T01:03:24.839+0000] {dag.py:4180} INFO - Setting next_dagrun for dag_for_dbt_denormalize to 2025-03-01 00:00:00+00:00, run_after=2025-04-01 00:00:00+00:00
[2025-02-14T01:03:24.910+0000] {processor.py:208} INFO - Processing /opt/airflow/dags/denormalize_data_gad.py took 0.921 seconds
[2025-02-14T01:03:55.783+0000] {processor.py:186} INFO - Started process (PID=390) to work on /opt/airflow/dags/denormalize_data_gad.py
[2025-02-14T01:03:55.787+0000] {processor.py:914} INFO - Processing file /opt/airflow/dags/denormalize_data_gad.py for tasks to queue
[2025-02-14T01:03:55.795+0000] {logging_mixin.py:190} INFO - [2025-02-14T01:03:55.795+0000] {dagbag.py:588} INFO - Filling up the DagBag from /opt/airflow/dags/denormalize_data_gad.py
[2025-02-14T01:03:56.773+0000] {processor.py:925} INFO - DAG(s) 'dag_for_dbt_denormalize' retrieved from /opt/airflow/dags/denormalize_data_gad.py
[2025-02-14T01:03:56.855+0000] {logging_mixin.py:190} INFO - [2025-02-14T01:03:56.855+0000] {dag.py:3239} INFO - Sync 1 DAGs
[2025-02-14T01:03:56.914+0000] {logging_mixin.py:190} INFO - [2025-02-14T01:03:56.914+0000] {dag.py:4180} INFO - Setting next_dagrun for dag_for_dbt_denormalize to 2025-03-01 00:00:00+00:00, run_after=2025-04-01 00:00:00+00:00
[2025-02-14T01:03:56.955+0000] {processor.py:208} INFO - Processing /opt/airflow/dags/denormalize_data_gad.py took 1.208 seconds
[2025-02-14T01:04:27.382+0000] {processor.py:186} INFO - Started process (PID=404) to work on /opt/airflow/dags/denormalize_data_gad.py
[2025-02-14T01:04:27.383+0000] {processor.py:914} INFO - Processing file /opt/airflow/dags/denormalize_data_gad.py for tasks to queue
[2025-02-14T01:04:27.385+0000] {logging_mixin.py:190} INFO - [2025-02-14T01:04:27.385+0000] {dagbag.py:588} INFO - Filling up the DagBag from /opt/airflow/dags/denormalize_data_gad.py
[2025-02-14T01:04:28.051+0000] {processor.py:925} INFO - DAG(s) 'dag_for_dbt_denormalize' retrieved from /opt/airflow/dags/denormalize_data_gad.py
[2025-02-14T01:04:28.111+0000] {logging_mixin.py:190} INFO - [2025-02-14T01:04:28.111+0000] {dag.py:3239} INFO - Sync 1 DAGs
[2025-02-14T01:04:28.151+0000] {logging_mixin.py:190} INFO - [2025-02-14T01:04:28.151+0000] {dag.py:4180} INFO - Setting next_dagrun for dag_for_dbt_denormalize to 2025-03-01 00:00:00+00:00, run_after=2025-04-01 00:00:00+00:00
[2025-02-14T01:04:28.212+0000] {processor.py:208} INFO - Processing /opt/airflow/dags/denormalize_data_gad.py took 0.847 seconds
[2025-02-14T01:04:58.585+0000] {processor.py:186} INFO - Started process (PID=418) to work on /opt/airflow/dags/denormalize_data_gad.py
[2025-02-14T01:04:58.586+0000] {processor.py:914} INFO - Processing file /opt/airflow/dags/denormalize_data_gad.py for tasks to queue
[2025-02-14T01:04:58.593+0000] {logging_mixin.py:190} INFO - [2025-02-14T01:04:58.592+0000] {dagbag.py:588} INFO - Filling up the DagBag from /opt/airflow/dags/denormalize_data_gad.py
[2025-02-14T01:04:59.284+0000] {processor.py:925} INFO - DAG(s) 'dag_for_dbt_denormalize' retrieved from /opt/airflow/dags/denormalize_data_gad.py
[2025-02-14T01:04:59.336+0000] {logging_mixin.py:190} INFO - [2025-02-14T01:04:59.335+0000] {dag.py:3239} INFO - Sync 1 DAGs
[2025-02-14T01:04:59.392+0000] {logging_mixin.py:190} INFO - [2025-02-14T01:04:59.392+0000] {dag.py:4180} INFO - Setting next_dagrun for dag_for_dbt_denormalize to 2025-03-01 00:00:00+00:00, run_after=2025-04-01 00:00:00+00:00
[2025-02-14T01:04:59.435+0000] {processor.py:208} INFO - Processing /opt/airflow/dags/denormalize_data_gad.py took 0.871 seconds
[2025-02-14T01:11:06.061+0000] {processor.py:186} INFO - Started process (PID=102) to work on /opt/airflow/dags/denormalize_data_gad.py
[2025-02-14T01:11:06.097+0000] {processor.py:914} INFO - Processing file /opt/airflow/dags/denormalize_data_gad.py for tasks to queue
[2025-02-14T01:11:06.266+0000] {logging_mixin.py:190} INFO - [2025-02-14T01:11:06.209+0000] {dagbag.py:588} INFO - Filling up the DagBag from /opt/airflow/dags/denormalize_data_gad.py
[2025-02-14T01:11:16.808+0000] {processor.py:925} INFO - DAG(s) 'dag_for_dbt_denormalize' retrieved from /opt/airflow/dags/denormalize_data_gad.py
[2025-02-14T01:11:17.181+0000] {logging_mixin.py:190} INFO - [2025-02-14T01:11:17.179+0000] {dag.py:3239} INFO - Sync 1 DAGs
[2025-02-14T01:11:19.567+0000] {logging_mixin.py:190} INFO - [2025-02-14T01:11:19.567+0000] {dag.py:4180} INFO - Setting next_dagrun for dag_for_dbt_denormalize to 2025-03-01 00:00:00+00:00, run_after=2025-04-01 00:00:00+00:00
[2025-02-14T01:11:19.651+0000] {processor.py:208} INFO - Processing /opt/airflow/dags/denormalize_data_gad.py took 14.021 seconds
[2025-02-14T01:11:51.265+0000] {processor.py:186} INFO - Started process (PID=123) to work on /opt/airflow/dags/denormalize_data_gad.py
[2025-02-14T01:11:51.318+0000] {processor.py:914} INFO - Processing file /opt/airflow/dags/denormalize_data_gad.py for tasks to queue
[2025-02-14T01:11:51.487+0000] {logging_mixin.py:190} INFO - [2025-02-14T01:11:51.469+0000] {dagbag.py:588} INFO - Filling up the DagBag from /opt/airflow/dags/denormalize_data_gad.py
[2025-02-14T01:12:00.777+0000] {processor.py:925} INFO - DAG(s) 'dag_for_dbt_denormalize' retrieved from /opt/airflow/dags/denormalize_data_gad.py
[2025-02-14T01:12:01.327+0000] {logging_mixin.py:190} INFO - [2025-02-14T01:12:01.326+0000] {dag.py:3239} INFO - Sync 1 DAGs
[2025-02-14T01:12:01.857+0000] {logging_mixin.py:190} INFO - [2025-02-14T01:12:01.856+0000] {dag.py:4180} INFO - Setting next_dagrun for dag_for_dbt_denormalize to 2025-03-01 00:00:00+00:00, run_after=2025-04-01 00:00:00+00:00
[2025-02-14T01:12:02.386+0000] {processor.py:208} INFO - Processing /opt/airflow/dags/denormalize_data_gad.py took 11.426 seconds
[2025-02-14T01:12:33.967+0000] {processor.py:186} INFO - Started process (PID=137) to work on /opt/airflow/dags/denormalize_data_gad.py
[2025-02-14T01:12:33.973+0000] {processor.py:914} INFO - Processing file /opt/airflow/dags/denormalize_data_gad.py for tasks to queue
[2025-02-14T01:12:33.982+0000] {logging_mixin.py:190} INFO - [2025-02-14T01:12:33.982+0000] {dagbag.py:588} INFO - Filling up the DagBag from /opt/airflow/dags/denormalize_data_gad.py
[2025-02-14T01:12:37.213+0000] {processor.py:925} INFO - DAG(s) 'dag_for_dbt_denormalize' retrieved from /opt/airflow/dags/denormalize_data_gad.py
[2025-02-14T01:12:37.484+0000] {logging_mixin.py:190} INFO - [2025-02-14T01:12:37.484+0000] {dag.py:3239} INFO - Sync 1 DAGs
[2025-02-14T01:12:37.587+0000] {logging_mixin.py:190} INFO - [2025-02-14T01:12:37.586+0000] {dag.py:4180} INFO - Setting next_dagrun for dag_for_dbt_denormalize to 2025-03-01 00:00:00+00:00, run_after=2025-04-01 00:00:00+00:00
[2025-02-14T01:12:37.732+0000] {processor.py:208} INFO - Processing /opt/airflow/dags/denormalize_data_gad.py took 3.780 seconds
[2025-02-14T01:13:09.495+0000] {processor.py:186} INFO - Started process (PID=151) to work on /opt/airflow/dags/denormalize_data_gad.py
[2025-02-14T01:13:09.510+0000] {processor.py:914} INFO - Processing file /opt/airflow/dags/denormalize_data_gad.py for tasks to queue
[2025-02-14T01:13:09.521+0000] {logging_mixin.py:190} INFO - [2025-02-14T01:13:09.521+0000] {dagbag.py:588} INFO - Filling up the DagBag from /opt/airflow/dags/denormalize_data_gad.py
[2025-02-14T01:13:12.781+0000] {processor.py:925} INFO - DAG(s) 'dag_for_dbt_denormalize' retrieved from /opt/airflow/dags/denormalize_data_gad.py
[2025-02-14T01:13:12.875+0000] {logging_mixin.py:190} INFO - [2025-02-14T01:13:12.874+0000] {dag.py:3239} INFO - Sync 1 DAGs
[2025-02-14T01:13:13.154+0000] {logging_mixin.py:190} INFO - [2025-02-14T01:13:13.153+0000] {dag.py:4180} INFO - Setting next_dagrun for dag_for_dbt_denormalize to 2025-03-01 00:00:00+00:00, run_after=2025-04-01 00:00:00+00:00
[2025-02-14T01:13:13.575+0000] {processor.py:208} INFO - Processing /opt/airflow/dags/denormalize_data_gad.py took 4.099 seconds
[2025-02-14T01:18:27.840+0000] {processor.py:186} INFO - Started process (PID=101) to work on /opt/airflow/dags/denormalize_data_gad.py
[2025-02-14T01:18:27.936+0000] {processor.py:914} INFO - Processing file /opt/airflow/dags/denormalize_data_gad.py for tasks to queue
[2025-02-14T01:18:27.939+0000] {logging_mixin.py:190} INFO - [2025-02-14T01:18:27.938+0000] {dagbag.py:588} INFO - Filling up the DagBag from /opt/airflow/dags/denormalize_data_gad.py
[2025-02-14T01:18:37.060+0000] {processor.py:925} INFO - DAG(s) 'dag_for_dbt_denormalize' retrieved from /opt/airflow/dags/denormalize_data_gad.py
[2025-02-14T01:18:38.206+0000] {logging_mixin.py:190} INFO - [2025-02-14T01:18:38.205+0000] {dag.py:3239} INFO - Sync 1 DAGs
[2025-02-14T01:18:41.258+0000] {logging_mixin.py:190} INFO - [2025-02-14T01:18:41.257+0000] {dag.py:4180} INFO - Setting next_dagrun for dag_for_dbt_denormalize to 2025-03-01 00:00:00+00:00, run_after=2025-04-01 00:00:00+00:00
[2025-02-14T01:18:41.396+0000] {processor.py:208} INFO - Processing /opt/airflow/dags/denormalize_data_gad.py took 13.666 seconds
[2025-02-14T01:19:12.178+0000] {processor.py:186} INFO - Started process (PID=116) to work on /opt/airflow/dags/denormalize_data_gad.py
[2025-02-14T01:19:12.180+0000] {processor.py:914} INFO - Processing file /opt/airflow/dags/denormalize_data_gad.py for tasks to queue
[2025-02-14T01:19:12.189+0000] {logging_mixin.py:190} INFO - [2025-02-14T01:19:12.189+0000] {dagbag.py:588} INFO - Filling up the DagBag from /opt/airflow/dags/denormalize_data_gad.py
[2025-02-14T01:19:14.788+0000] {processor.py:925} INFO - DAG(s) 'dag_for_dbt_denormalize' retrieved from /opt/airflow/dags/denormalize_data_gad.py
[2025-02-14T01:19:15.092+0000] {logging_mixin.py:190} INFO - [2025-02-14T01:19:15.091+0000] {dag.py:3239} INFO - Sync 1 DAGs
[2025-02-14T01:19:15.312+0000] {logging_mixin.py:190} INFO - [2025-02-14T01:19:15.312+0000] {dag.py:4180} INFO - Setting next_dagrun for dag_for_dbt_denormalize to 2025-03-01 00:00:00+00:00, run_after=2025-04-01 00:00:00+00:00
[2025-02-14T01:19:15.630+0000] {processor.py:208} INFO - Processing /opt/airflow/dags/denormalize_data_gad.py took 3.478 seconds
[2025-02-14T01:20:03.458+0000] {processor.py:186} INFO - Started process (PID=136) to work on /opt/airflow/dags/denormalize_data_gad.py
[2025-02-14T01:20:03.495+0000] {processor.py:914} INFO - Processing file /opt/airflow/dags/denormalize_data_gad.py for tasks to queue
[2025-02-14T01:20:03.499+0000] {logging_mixin.py:190} INFO - [2025-02-14T01:20:03.498+0000] {dagbag.py:588} INFO - Filling up the DagBag from /opt/airflow/dags/denormalize_data_gad.py
[2025-02-14T01:20:09.677+0000] {processor.py:925} INFO - DAG(s) 'dag_for_dbt_denormalize' retrieved from /opt/airflow/dags/denormalize_data_gad.py
[2025-02-14T01:20:10.230+0000] {logging_mixin.py:190} INFO - [2025-02-14T01:20:10.226+0000] {dag.py:3239} INFO - Sync 1 DAGs
[2025-02-14T01:20:10.517+0000] {logging_mixin.py:190} INFO - [2025-02-14T01:20:10.517+0000] {dag.py:4180} INFO - Setting next_dagrun for dag_for_dbt_denormalize to 2025-03-01 00:00:00+00:00, run_after=2025-04-01 00:00:00+00:00
[2025-02-14T01:20:10.760+0000] {processor.py:208} INFO - Processing /opt/airflow/dags/denormalize_data_gad.py took 7.450 seconds
[2025-02-14T01:20:41.516+0000] {processor.py:186} INFO - Started process (PID=151) to work on /opt/airflow/dags/denormalize_data_gad.py
[2025-02-14T01:20:41.518+0000] {processor.py:914} INFO - Processing file /opt/airflow/dags/denormalize_data_gad.py for tasks to queue
[2025-02-14T01:20:41.536+0000] {logging_mixin.py:190} INFO - [2025-02-14T01:20:41.535+0000] {dagbag.py:588} INFO - Filling up the DagBag from /opt/airflow/dags/denormalize_data_gad.py
[2025-02-14T01:20:42.446+0000] {processor.py:925} INFO - DAG(s) 'dag_for_dbt_denormalize' retrieved from /opt/airflow/dags/denormalize_data_gad.py
[2025-02-14T01:20:42.524+0000] {logging_mixin.py:190} INFO - [2025-02-14T01:20:42.524+0000] {dag.py:3239} INFO - Sync 1 DAGs
[2025-02-14T01:20:42.574+0000] {logging_mixin.py:190} INFO - [2025-02-14T01:20:42.574+0000] {dag.py:4180} INFO - Setting next_dagrun for dag_for_dbt_denormalize to 2025-03-01 00:00:00+00:00, run_after=2025-04-01 00:00:00+00:00
[2025-02-14T01:20:42.617+0000] {processor.py:208} INFO - Processing /opt/airflow/dags/denormalize_data_gad.py took 1.119 seconds
[2025-02-14T01:21:13.983+0000] {processor.py:186} INFO - Started process (PID=165) to work on /opt/airflow/dags/denormalize_data_gad.py
[2025-02-14T01:21:13.993+0000] {processor.py:914} INFO - Processing file /opt/airflow/dags/denormalize_data_gad.py for tasks to queue
[2025-02-14T01:21:14.003+0000] {logging_mixin.py:190} INFO - [2025-02-14T01:21:13.998+0000] {dagbag.py:588} INFO - Filling up the DagBag from /opt/airflow/dags/denormalize_data_gad.py
[2025-02-14T01:21:15.094+0000] {processor.py:925} INFO - DAG(s) 'dag_for_dbt_denormalize' retrieved from /opt/airflow/dags/denormalize_data_gad.py
[2025-02-14T01:21:15.205+0000] {logging_mixin.py:190} INFO - [2025-02-14T01:21:15.205+0000] {dag.py:3239} INFO - Sync 1 DAGs
[2025-02-14T01:21:15.258+0000] {logging_mixin.py:190} INFO - [2025-02-14T01:21:15.258+0000] {dag.py:4180} INFO - Setting next_dagrun for dag_for_dbt_denormalize to 2025-03-01 00:00:00+00:00, run_after=2025-04-01 00:00:00+00:00
[2025-02-14T01:21:15.314+0000] {processor.py:208} INFO - Processing /opt/airflow/dags/denormalize_data_gad.py took 1.348 seconds
[2025-02-14T01:21:45.557+0000] {processor.py:186} INFO - Started process (PID=177) to work on /opt/airflow/dags/denormalize_data_gad.py
[2025-02-14T01:21:45.558+0000] {processor.py:914} INFO - Processing file /opt/airflow/dags/denormalize_data_gad.py for tasks to queue
[2025-02-14T01:21:45.561+0000] {logging_mixin.py:190} INFO - [2025-02-14T01:21:45.561+0000] {dagbag.py:588} INFO - Filling up the DagBag from /opt/airflow/dags/denormalize_data_gad.py
[2025-02-14T01:21:46.358+0000] {processor.py:925} INFO - DAG(s) 'dag_for_dbt_denormalize' retrieved from /opt/airflow/dags/denormalize_data_gad.py
[2025-02-14T01:21:46.447+0000] {logging_mixin.py:190} INFO - [2025-02-14T01:21:46.447+0000] {dag.py:3239} INFO - Sync 1 DAGs
[2025-02-14T01:21:46.510+0000] {logging_mixin.py:190} INFO - [2025-02-14T01:21:46.509+0000] {dag.py:4180} INFO - Setting next_dagrun for dag_for_dbt_denormalize to 2025-03-01 00:00:00+00:00, run_after=2025-04-01 00:00:00+00:00
[2025-02-14T01:21:46.588+0000] {processor.py:208} INFO - Processing /opt/airflow/dags/denormalize_data_gad.py took 1.043 seconds
[2025-02-14T01:22:17.292+0000] {processor.py:186} INFO - Started process (PID=190) to work on /opt/airflow/dags/denormalize_data_gad.py
[2025-02-14T01:22:17.297+0000] {processor.py:914} INFO - Processing file /opt/airflow/dags/denormalize_data_gad.py for tasks to queue
[2025-02-14T01:22:17.326+0000] {logging_mixin.py:190} INFO - [2025-02-14T01:22:17.325+0000] {dagbag.py:588} INFO - Filling up the DagBag from /opt/airflow/dags/denormalize_data_gad.py
[2025-02-14T01:22:20.232+0000] {processor.py:925} INFO - DAG(s) 'dag_for_dbt_denormalize' retrieved from /opt/airflow/dags/denormalize_data_gad.py
[2025-02-14T01:22:20.402+0000] {logging_mixin.py:190} INFO - [2025-02-14T01:22:20.402+0000] {dag.py:3239} INFO - Sync 1 DAGs
[2025-02-14T01:22:20.517+0000] {logging_mixin.py:190} INFO - [2025-02-14T01:22:20.517+0000] {dag.py:4180} INFO - Setting next_dagrun for dag_for_dbt_denormalize to 2025-03-01 00:00:00+00:00, run_after=2025-04-01 00:00:00+00:00
[2025-02-14T01:22:20.703+0000] {processor.py:208} INFO - Processing /opt/airflow/dags/denormalize_data_gad.py took 3.519 seconds
[2025-02-14T01:22:51.525+0000] {processor.py:186} INFO - Started process (PID=204) to work on /opt/airflow/dags/denormalize_data_gad.py
[2025-02-14T01:22:51.527+0000] {processor.py:914} INFO - Processing file /opt/airflow/dags/denormalize_data_gad.py for tasks to queue
[2025-02-14T01:22:51.557+0000] {logging_mixin.py:190} INFO - [2025-02-14T01:22:51.556+0000] {dagbag.py:588} INFO - Filling up the DagBag from /opt/airflow/dags/denormalize_data_gad.py
[2025-02-14T01:22:53.366+0000] {processor.py:925} INFO - DAG(s) 'dag_for_dbt_denormalize' retrieved from /opt/airflow/dags/denormalize_data_gad.py
[2025-02-14T01:22:53.466+0000] {logging_mixin.py:190} INFO - [2025-02-14T01:22:53.466+0000] {dag.py:3239} INFO - Sync 1 DAGs
[2025-02-14T01:22:53.533+0000] {logging_mixin.py:190} INFO - [2025-02-14T01:22:53.529+0000] {dag.py:4180} INFO - Setting next_dagrun for dag_for_dbt_denormalize to 2025-03-01 00:00:00+00:00, run_after=2025-04-01 00:00:00+00:00
[2025-02-14T01:22:53.628+0000] {processor.py:208} INFO - Processing /opt/airflow/dags/denormalize_data_gad.py took 2.222 seconds
[2025-02-14T02:18:32.748+0000] {processor.py:186} INFO - Started process (PID=84) to work on /opt/airflow/dags/denormalize_data_gad.py
[2025-02-14T02:18:32.756+0000] {processor.py:914} INFO - Processing file /opt/airflow/dags/denormalize_data_gad.py for tasks to queue
[2025-02-14T02:18:32.766+0000] {logging_mixin.py:190} INFO - [2025-02-14T02:18:32.765+0000] {dagbag.py:588} INFO - Filling up the DagBag from /opt/airflow/dags/denormalize_data_gad.py
[2025-02-14T02:18:34.513+0000] {processor.py:925} INFO - DAG(s) 'dag_for_dbt_denormalize' retrieved from /opt/airflow/dags/denormalize_data_gad.py
[2025-02-14T02:18:34.678+0000] {logging_mixin.py:190} INFO - [2025-02-14T02:18:34.677+0000] {dag.py:3239} INFO - Sync 1 DAGs
[2025-02-14T02:18:37.316+0000] {logging_mixin.py:190} INFO - [2025-02-14T02:18:37.316+0000] {dag.py:4180} INFO - Setting next_dagrun for dag_for_dbt_denormalize to 2025-03-01 00:00:00+00:00, run_after=2025-04-01 00:00:00+00:00
[2025-02-14T02:18:37.394+0000] {processor.py:208} INFO - Processing /opt/airflow/dags/denormalize_data_gad.py took 4.657 seconds
[2025-02-14T02:19:07.957+0000] {processor.py:186} INFO - Started process (PID=98) to work on /opt/airflow/dags/denormalize_data_gad.py
[2025-02-14T02:19:07.959+0000] {processor.py:914} INFO - Processing file /opt/airflow/dags/denormalize_data_gad.py for tasks to queue
[2025-02-14T02:19:07.962+0000] {logging_mixin.py:190} INFO - [2025-02-14T02:19:07.962+0000] {dagbag.py:588} INFO - Filling up the DagBag from /opt/airflow/dags/denormalize_data_gad.py
[2025-02-14T02:19:08.276+0000] {processor.py:925} INFO - DAG(s) 'dag_for_dbt_denormalize' retrieved from /opt/airflow/dags/denormalize_data_gad.py
[2025-02-14T02:19:08.306+0000] {logging_mixin.py:190} INFO - [2025-02-14T02:19:08.306+0000] {dag.py:3239} INFO - Sync 1 DAGs
[2025-02-14T02:19:08.331+0000] {logging_mixin.py:190} INFO - [2025-02-14T02:19:08.330+0000] {dag.py:4180} INFO - Setting next_dagrun for dag_for_dbt_denormalize to 2025-03-01 00:00:00+00:00, run_after=2025-04-01 00:00:00+00:00
[2025-02-14T02:19:08.359+0000] {processor.py:208} INFO - Processing /opt/airflow/dags/denormalize_data_gad.py took 0.409 seconds
[2025-02-14T02:19:38.633+0000] {processor.py:186} INFO - Started process (PID=112) to work on /opt/airflow/dags/denormalize_data_gad.py
[2025-02-14T02:19:38.634+0000] {processor.py:914} INFO - Processing file /opt/airflow/dags/denormalize_data_gad.py for tasks to queue
[2025-02-14T02:19:38.636+0000] {logging_mixin.py:190} INFO - [2025-02-14T02:19:38.636+0000] {dagbag.py:588} INFO - Filling up the DagBag from /opt/airflow/dags/denormalize_data_gad.py
[2025-02-14T02:19:38.907+0000] {processor.py:925} INFO - DAG(s) 'dag_for_dbt_denormalize' retrieved from /opt/airflow/dags/denormalize_data_gad.py
[2025-02-14T02:19:38.930+0000] {logging_mixin.py:190} INFO - [2025-02-14T02:19:38.930+0000] {dag.py:3239} INFO - Sync 1 DAGs
[2025-02-14T02:19:38.951+0000] {logging_mixin.py:190} INFO - [2025-02-14T02:19:38.951+0000] {dag.py:4180} INFO - Setting next_dagrun for dag_for_dbt_denormalize to 2025-03-01 00:00:00+00:00, run_after=2025-04-01 00:00:00+00:00
[2025-02-14T02:19:38.971+0000] {processor.py:208} INFO - Processing /opt/airflow/dags/denormalize_data_gad.py took 0.344 seconds
[2025-02-14T02:20:09.120+0000] {processor.py:186} INFO - Started process (PID=126) to work on /opt/airflow/dags/denormalize_data_gad.py
[2025-02-14T02:20:09.121+0000] {processor.py:914} INFO - Processing file /opt/airflow/dags/denormalize_data_gad.py for tasks to queue
[2025-02-14T02:20:09.124+0000] {logging_mixin.py:190} INFO - [2025-02-14T02:20:09.123+0000] {dagbag.py:588} INFO - Filling up the DagBag from /opt/airflow/dags/denormalize_data_gad.py
[2025-02-14T02:20:09.393+0000] {processor.py:925} INFO - DAG(s) 'dag_for_dbt_denormalize' retrieved from /opt/airflow/dags/denormalize_data_gad.py
[2025-02-14T02:20:09.416+0000] {logging_mixin.py:190} INFO - [2025-02-14T02:20:09.416+0000] {dag.py:3239} INFO - Sync 1 DAGs
[2025-02-14T02:20:09.442+0000] {logging_mixin.py:190} INFO - [2025-02-14T02:20:09.442+0000] {dag.py:4180} INFO - Setting next_dagrun for dag_for_dbt_denormalize to 2025-03-01 00:00:00+00:00, run_after=2025-04-01 00:00:00+00:00
[2025-02-14T02:20:09.461+0000] {processor.py:208} INFO - Processing /opt/airflow/dags/denormalize_data_gad.py took 0.347 seconds
[2025-02-14T02:20:39.556+0000] {processor.py:186} INFO - Started process (PID=140) to work on /opt/airflow/dags/denormalize_data_gad.py
[2025-02-14T02:20:39.557+0000] {processor.py:914} INFO - Processing file /opt/airflow/dags/denormalize_data_gad.py for tasks to queue
[2025-02-14T02:20:39.559+0000] {logging_mixin.py:190} INFO - [2025-02-14T02:20:39.559+0000] {dagbag.py:588} INFO - Filling up the DagBag from /opt/airflow/dags/denormalize_data_gad.py
[2025-02-14T02:20:39.854+0000] {processor.py:925} INFO - DAG(s) 'dag_for_dbt_denormalize' retrieved from /opt/airflow/dags/denormalize_data_gad.py
[2025-02-14T02:20:39.877+0000] {logging_mixin.py:190} INFO - [2025-02-14T02:20:39.877+0000] {dag.py:3239} INFO - Sync 1 DAGs
[2025-02-14T02:20:39.897+0000] {logging_mixin.py:190} INFO - [2025-02-14T02:20:39.896+0000] {dag.py:4180} INFO - Setting next_dagrun for dag_for_dbt_denormalize to 2025-03-01 00:00:00+00:00, run_after=2025-04-01 00:00:00+00:00
[2025-02-14T02:20:39.916+0000] {processor.py:208} INFO - Processing /opt/airflow/dags/denormalize_data_gad.py took 0.366 seconds
[2025-02-14T02:21:10.150+0000] {processor.py:186} INFO - Started process (PID=160) to work on /opt/airflow/dags/denormalize_data_gad.py
[2025-02-14T02:21:10.151+0000] {processor.py:914} INFO - Processing file /opt/airflow/dags/denormalize_data_gad.py for tasks to queue
[2025-02-14T02:21:10.155+0000] {logging_mixin.py:190} INFO - [2025-02-14T02:21:10.154+0000] {dagbag.py:588} INFO - Filling up the DagBag from /opt/airflow/dags/denormalize_data_gad.py
[2025-02-14T02:21:10.767+0000] {processor.py:925} INFO - DAG(s) 'dag_for_dbt_denormalize' retrieved from /opt/airflow/dags/denormalize_data_gad.py
[2025-02-14T02:21:10.831+0000] {logging_mixin.py:190} INFO - [2025-02-14T02:21:10.830+0000] {dag.py:3239} INFO - Sync 1 DAGs
[2025-02-14T02:21:10.862+0000] {logging_mixin.py:190} INFO - [2025-02-14T02:21:10.862+0000] {dag.py:4180} INFO - Setting next_dagrun for dag_for_dbt_denormalize to 2025-03-01 00:00:00+00:00, run_after=2025-04-01 00:00:00+00:00
[2025-02-14T02:21:10.883+0000] {processor.py:208} INFO - Processing /opt/airflow/dags/denormalize_data_gad.py took 0.740 seconds
[2025-02-14T02:21:41.349+0000] {processor.py:186} INFO - Started process (PID=178) to work on /opt/airflow/dags/denormalize_data_gad.py
[2025-02-14T02:21:41.351+0000] {processor.py:914} INFO - Processing file /opt/airflow/dags/denormalize_data_gad.py for tasks to queue
[2025-02-14T02:21:41.355+0000] {logging_mixin.py:190} INFO - [2025-02-14T02:21:41.355+0000] {dagbag.py:588} INFO - Filling up the DagBag from /opt/airflow/dags/denormalize_data_gad.py
[2025-02-14T02:21:41.923+0000] {processor.py:925} INFO - DAG(s) 'dag_for_dbt_denormalize' retrieved from /opt/airflow/dags/denormalize_data_gad.py
[2025-02-14T02:21:41.979+0000] {logging_mixin.py:190} INFO - [2025-02-14T02:21:41.978+0000] {dag.py:3239} INFO - Sync 1 DAGs
[2025-02-14T02:21:42.058+0000] {logging_mixin.py:190} INFO - [2025-02-14T02:21:42.057+0000] {dag.py:4180} INFO - Setting next_dagrun for dag_for_dbt_denormalize to 2025-03-01 00:00:00+00:00, run_after=2025-04-01 00:00:00+00:00
[2025-02-14T02:21:42.112+0000] {processor.py:208} INFO - Processing /opt/airflow/dags/denormalize_data_gad.py took 0.771 seconds
[2025-02-14T02:22:13.218+0000] {processor.py:186} INFO - Started process (PID=193) to work on /opt/airflow/dags/denormalize_data_gad.py
[2025-02-14T02:22:13.227+0000] {processor.py:914} INFO - Processing file /opt/airflow/dags/denormalize_data_gad.py for tasks to queue
[2025-02-14T02:22:13.242+0000] {logging_mixin.py:190} INFO - [2025-02-14T02:22:13.242+0000] {dagbag.py:588} INFO - Filling up the DagBag from /opt/airflow/dags/denormalize_data_gad.py
[2025-02-14T02:22:16.775+0000] {processor.py:925} INFO - DAG(s) 'dag_for_dbt_denormalize' retrieved from /opt/airflow/dags/denormalize_data_gad.py
[2025-02-14T02:22:17.072+0000] {logging_mixin.py:190} INFO - [2025-02-14T02:22:17.072+0000] {dag.py:3239} INFO - Sync 1 DAGs
[2025-02-14T02:22:17.207+0000] {logging_mixin.py:190} INFO - [2025-02-14T02:22:17.207+0000] {dag.py:4180} INFO - Setting next_dagrun for dag_for_dbt_denormalize to 2025-03-01 00:00:00+00:00, run_after=2025-04-01 00:00:00+00:00
[2025-02-14T02:22:17.284+0000] {processor.py:208} INFO - Processing /opt/airflow/dags/denormalize_data_gad.py took 4.084 seconds
[2025-02-14T02:22:29.377+0000] {processor.py:186} INFO - Started process (PID=197) to work on /opt/airflow/dags/denormalize_data_gad.py
[2025-02-14T02:22:29.378+0000] {processor.py:914} INFO - Processing file /opt/airflow/dags/denormalize_data_gad.py for tasks to queue
[2025-02-14T02:22:29.381+0000] {logging_mixin.py:190} INFO - [2025-02-14T02:22:29.380+0000] {dagbag.py:588} INFO - Filling up the DagBag from /opt/airflow/dags/denormalize_data_gad.py
[2025-02-14T02:22:29.782+0000] {processor.py:925} INFO - DAG(s) 'dag_for_dbt_denormalize' retrieved from /opt/airflow/dags/denormalize_data_gad.py
[2025-02-14T02:22:30.330+0000] {logging_mixin.py:190} INFO - [2025-02-14T02:22:30.329+0000] {dag.py:3239} INFO - Sync 1 DAGs
[2025-02-14T02:22:30.354+0000] {logging_mixin.py:190} INFO - [2025-02-14T02:22:30.353+0000] {dag.py:4180} INFO - Setting next_dagrun for dag_for_dbt_denormalize to 2025-03-01 00:00:00+00:00, run_after=2025-04-01 00:00:00+00:00
[2025-02-14T02:22:30.389+0000] {processor.py:208} INFO - Processing /opt/airflow/dags/denormalize_data_gad.py took 1.026 seconds
[2025-02-14T02:23:00.769+0000] {processor.py:186} INFO - Started process (PID=211) to work on /opt/airflow/dags/denormalize_data_gad.py
[2025-02-14T02:23:00.770+0000] {processor.py:914} INFO - Processing file /opt/airflow/dags/denormalize_data_gad.py for tasks to queue
[2025-02-14T02:23:00.773+0000] {logging_mixin.py:190} INFO - [2025-02-14T02:23:00.772+0000] {dagbag.py:588} INFO - Filling up the DagBag from /opt/airflow/dags/denormalize_data_gad.py
[2025-02-14T02:23:01.070+0000] {processor.py:925} INFO - DAG(s) 'dag_for_dbt_denormalize' retrieved from /opt/airflow/dags/denormalize_data_gad.py
[2025-02-14T02:23:01.094+0000] {logging_mixin.py:190} INFO - [2025-02-14T02:23:01.093+0000] {dag.py:3239} INFO - Sync 1 DAGs
[2025-02-14T02:23:01.116+0000] {logging_mixin.py:190} INFO - [2025-02-14T02:23:01.116+0000] {dag.py:4180} INFO - Setting next_dagrun for dag_for_dbt_denormalize to 2025-03-01 00:00:00+00:00, run_after=2025-04-01 00:00:00+00:00
[2025-02-14T02:23:01.138+0000] {processor.py:208} INFO - Processing /opt/airflow/dags/denormalize_data_gad.py took 0.375 seconds
[2025-02-14T02:23:31.478+0000] {processor.py:186} INFO - Started process (PID=225) to work on /opt/airflow/dags/denormalize_data_gad.py
[2025-02-14T02:23:31.479+0000] {processor.py:914} INFO - Processing file /opt/airflow/dags/denormalize_data_gad.py for tasks to queue
[2025-02-14T02:23:31.482+0000] {logging_mixin.py:190} INFO - [2025-02-14T02:23:31.481+0000] {dagbag.py:588} INFO - Filling up the DagBag from /opt/airflow/dags/denormalize_data_gad.py
[2025-02-14T02:23:31.788+0000] {processor.py:925} INFO - DAG(s) 'dag_for_dbt_denormalize' retrieved from /opt/airflow/dags/denormalize_data_gad.py
[2025-02-14T02:23:31.817+0000] {logging_mixin.py:190} INFO - [2025-02-14T02:23:31.816+0000] {dag.py:3239} INFO - Sync 1 DAGs
[2025-02-14T02:23:31.837+0000] {logging_mixin.py:190} INFO - [2025-02-14T02:23:31.836+0000] {dag.py:4180} INFO - Setting next_dagrun for dag_for_dbt_denormalize to 2025-03-01 00:00:00+00:00, run_after=2025-04-01 00:00:00+00:00
[2025-02-14T02:23:31.855+0000] {processor.py:208} INFO - Processing /opt/airflow/dags/denormalize_data_gad.py took 0.385 seconds
[2025-02-14T02:23:33.026+0000] {processor.py:186} INFO - Started process (PID=226) to work on /opt/airflow/dags/denormalize_data_gad.py
[2025-02-14T02:23:33.028+0000] {processor.py:914} INFO - Processing file /opt/airflow/dags/denormalize_data_gad.py for tasks to queue
[2025-02-14T02:23:33.030+0000] {logging_mixin.py:190} INFO - [2025-02-14T02:23:33.030+0000] {dagbag.py:588} INFO - Filling up the DagBag from /opt/airflow/dags/denormalize_data_gad.py
[2025-02-14T02:23:33.344+0000] {processor.py:925} INFO - DAG(s) 'dag_for_dbt_denormalize' retrieved from /opt/airflow/dags/denormalize_data_gad.py
[2025-02-14T02:23:33.371+0000] {logging_mixin.py:190} INFO - [2025-02-14T02:23:33.370+0000] {dag.py:3239} INFO - Sync 1 DAGs
[2025-02-14T02:23:33.393+0000] {logging_mixin.py:190} INFO - [2025-02-14T02:23:33.393+0000] {dag.py:4180} INFO - Setting next_dagrun for dag_for_dbt_denormalize to 2025-03-01 00:00:00+00:00, run_after=2025-04-01 00:00:00+00:00
[2025-02-14T02:23:33.413+0000] {processor.py:208} INFO - Processing /opt/airflow/dags/denormalize_data_gad.py took 0.393 seconds
[2025-02-14T02:24:03.701+0000] {processor.py:186} INFO - Started process (PID=240) to work on /opt/airflow/dags/denormalize_data_gad.py
[2025-02-14T02:24:03.702+0000] {processor.py:914} INFO - Processing file /opt/airflow/dags/denormalize_data_gad.py for tasks to queue
[2025-02-14T02:24:03.707+0000] {logging_mixin.py:190} INFO - [2025-02-14T02:24:03.706+0000] {dagbag.py:588} INFO - Filling up the DagBag from /opt/airflow/dags/denormalize_data_gad.py
[2025-02-14T02:24:04.021+0000] {processor.py:925} INFO - DAG(s) 'dag_for_dbt_denormalize' retrieved from /opt/airflow/dags/denormalize_data_gad.py
[2025-02-14T02:24:04.047+0000] {logging_mixin.py:190} INFO - [2025-02-14T02:24:04.047+0000] {dag.py:3239} INFO - Sync 1 DAGs
[2025-02-14T02:24:04.075+0000] {logging_mixin.py:190} INFO - [2025-02-14T02:24:04.075+0000] {dag.py:4180} INFO - Setting next_dagrun for dag_for_dbt_denormalize to 2025-03-01 00:00:00+00:00, run_after=2025-04-01 00:00:00+00:00
[2025-02-14T02:24:04.096+0000] {processor.py:208} INFO - Processing /opt/airflow/dags/denormalize_data_gad.py took 0.402 seconds
[2025-02-14T02:24:34.760+0000] {processor.py:186} INFO - Started process (PID=254) to work on /opt/airflow/dags/denormalize_data_gad.py
[2025-02-14T02:24:34.761+0000] {processor.py:914} INFO - Processing file /opt/airflow/dags/denormalize_data_gad.py for tasks to queue
[2025-02-14T02:24:34.766+0000] {logging_mixin.py:190} INFO - [2025-02-14T02:24:34.765+0000] {dagbag.py:588} INFO - Filling up the DagBag from /opt/airflow/dags/denormalize_data_gad.py
[2025-02-14T02:24:35.508+0000] {processor.py:925} INFO - DAG(s) 'dag_for_dbt_denormalize' retrieved from /opt/airflow/dags/denormalize_data_gad.py
[2025-02-14T02:24:35.570+0000] {logging_mixin.py:190} INFO - [2025-02-14T02:24:35.568+0000] {dag.py:3239} INFO - Sync 1 DAGs
[2025-02-14T02:24:35.631+0000] {logging_mixin.py:190} INFO - [2025-02-14T02:24:35.630+0000] {dag.py:4180} INFO - Setting next_dagrun for dag_for_dbt_denormalize to 2025-03-01 00:00:00+00:00, run_after=2025-04-01 00:00:00+00:00
[2025-02-14T02:24:35.697+0000] {processor.py:208} INFO - Processing /opt/airflow/dags/denormalize_data_gad.py took 0.946 seconds
[2025-02-14T02:25:05.961+0000] {processor.py:186} INFO - Started process (PID=268) to work on /opt/airflow/dags/denormalize_data_gad.py
[2025-02-14T02:25:05.963+0000] {processor.py:914} INFO - Processing file /opt/airflow/dags/denormalize_data_gad.py for tasks to queue
[2025-02-14T02:25:05.968+0000] {logging_mixin.py:190} INFO - [2025-02-14T02:25:05.967+0000] {dagbag.py:588} INFO - Filling up the DagBag from /opt/airflow/dags/denormalize_data_gad.py
[2025-02-14T02:25:06.339+0000] {processor.py:925} INFO - DAG(s) 'dag_for_dbt_denormalize' retrieved from /opt/airflow/dags/denormalize_data_gad.py
[2025-02-14T02:25:06.380+0000] {logging_mixin.py:190} INFO - [2025-02-14T02:25:06.379+0000] {dag.py:3239} INFO - Sync 1 DAGs
[2025-02-14T02:25:06.412+0000] {logging_mixin.py:190} INFO - [2025-02-14T02:25:06.411+0000] {dag.py:4180} INFO - Setting next_dagrun for dag_for_dbt_denormalize to 2025-03-01 00:00:00+00:00, run_after=2025-04-01 00:00:00+00:00
[2025-02-14T02:25:06.438+0000] {processor.py:208} INFO - Processing /opt/airflow/dags/denormalize_data_gad.py took 0.487 seconds
[2025-02-14T02:25:36.850+0000] {processor.py:186} INFO - Started process (PID=282) to work on /opt/airflow/dags/denormalize_data_gad.py
[2025-02-14T02:25:36.851+0000] {processor.py:914} INFO - Processing file /opt/airflow/dags/denormalize_data_gad.py for tasks to queue
[2025-02-14T02:25:36.854+0000] {logging_mixin.py:190} INFO - [2025-02-14T02:25:36.854+0000] {dagbag.py:588} INFO - Filling up the DagBag from /opt/airflow/dags/denormalize_data_gad.py
[2025-02-14T02:25:37.197+0000] {processor.py:925} INFO - DAG(s) 'dag_for_dbt_denormalize' retrieved from /opt/airflow/dags/denormalize_data_gad.py
[2025-02-14T02:25:37.232+0000] {logging_mixin.py:190} INFO - [2025-02-14T02:25:37.231+0000] {dag.py:3239} INFO - Sync 1 DAGs
[2025-02-14T02:25:37.254+0000] {logging_mixin.py:190} INFO - [2025-02-14T02:25:37.254+0000] {dag.py:4180} INFO - Setting next_dagrun for dag_for_dbt_denormalize to 2025-03-01 00:00:00+00:00, run_after=2025-04-01 00:00:00+00:00
[2025-02-14T02:25:37.286+0000] {processor.py:208} INFO - Processing /opt/airflow/dags/denormalize_data_gad.py took 0.442 seconds
[2025-02-14T02:26:08.075+0000] {processor.py:186} INFO - Started process (PID=296) to work on /opt/airflow/dags/denormalize_data_gad.py
[2025-02-14T02:26:08.077+0000] {processor.py:914} INFO - Processing file /opt/airflow/dags/denormalize_data_gad.py for tasks to queue
[2025-02-14T02:26:08.082+0000] {logging_mixin.py:190} INFO - [2025-02-14T02:26:08.081+0000] {dagbag.py:588} INFO - Filling up the DagBag from /opt/airflow/dags/denormalize_data_gad.py
[2025-02-14T02:26:08.454+0000] {processor.py:925} INFO - DAG(s) 'dag_for_dbt_denormalize' retrieved from /opt/airflow/dags/denormalize_data_gad.py
[2025-02-14T02:26:08.497+0000] {logging_mixin.py:190} INFO - [2025-02-14T02:26:08.497+0000] {dag.py:3239} INFO - Sync 1 DAGs
[2025-02-14T02:26:08.527+0000] {logging_mixin.py:190} INFO - [2025-02-14T02:26:08.527+0000] {dag.py:4180} INFO - Setting next_dagrun for dag_for_dbt_denormalize to 2025-03-01 00:00:00+00:00, run_after=2025-04-01 00:00:00+00:00
[2025-02-14T02:26:08.554+0000] {processor.py:208} INFO - Processing /opt/airflow/dags/denormalize_data_gad.py took 0.489 seconds
[2025-02-14T02:26:39.159+0000] {processor.py:186} INFO - Started process (PID=309) to work on /opt/airflow/dags/denormalize_data_gad.py
[2025-02-14T02:26:39.161+0000] {processor.py:914} INFO - Processing file /opt/airflow/dags/denormalize_data_gad.py for tasks to queue
[2025-02-14T02:26:39.163+0000] {logging_mixin.py:190} INFO - [2025-02-14T02:26:39.163+0000] {dagbag.py:588} INFO - Filling up the DagBag from /opt/airflow/dags/denormalize_data_gad.py
[2025-02-14T02:26:39.508+0000] {processor.py:925} INFO - DAG(s) 'dag_for_dbt_denormalize' retrieved from /opt/airflow/dags/denormalize_data_gad.py
[2025-02-14T02:26:39.533+0000] {logging_mixin.py:190} INFO - [2025-02-14T02:26:39.533+0000] {dag.py:3239} INFO - Sync 1 DAGs
[2025-02-14T02:26:39.558+0000] {logging_mixin.py:190} INFO - [2025-02-14T02:26:39.557+0000] {dag.py:4180} INFO - Setting next_dagrun for dag_for_dbt_denormalize to 2025-03-01 00:00:00+00:00, run_after=2025-04-01 00:00:00+00:00
[2025-02-14T02:26:39.590+0000] {processor.py:208} INFO - Processing /opt/airflow/dags/denormalize_data_gad.py took 0.437 seconds
[2025-02-14T02:27:09.854+0000] {processor.py:186} INFO - Started process (PID=323) to work on /opt/airflow/dags/denormalize_data_gad.py
[2025-02-14T02:27:09.856+0000] {processor.py:914} INFO - Processing file /opt/airflow/dags/denormalize_data_gad.py for tasks to queue
[2025-02-14T02:27:09.859+0000] {logging_mixin.py:190} INFO - [2025-02-14T02:27:09.859+0000] {dagbag.py:588} INFO - Filling up the DagBag from /opt/airflow/dags/denormalize_data_gad.py
[2025-02-14T02:27:10.162+0000] {processor.py:925} INFO - DAG(s) 'dag_for_dbt_denormalize' retrieved from /opt/airflow/dags/denormalize_data_gad.py
[2025-02-14T02:27:10.188+0000] {logging_mixin.py:190} INFO - [2025-02-14T02:27:10.188+0000] {dag.py:3239} INFO - Sync 1 DAGs
[2025-02-14T02:27:10.207+0000] {logging_mixin.py:190} INFO - [2025-02-14T02:27:10.207+0000] {dag.py:4180} INFO - Setting next_dagrun for dag_for_dbt_denormalize to 2025-03-01 00:00:00+00:00, run_after=2025-04-01 00:00:00+00:00
[2025-02-14T02:27:10.228+0000] {processor.py:208} INFO - Processing /opt/airflow/dags/denormalize_data_gad.py took 0.380 seconds
[2025-02-14T02:27:40.568+0000] {processor.py:186} INFO - Started process (PID=337) to work on /opt/airflow/dags/denormalize_data_gad.py
[2025-02-14T02:27:40.570+0000] {processor.py:914} INFO - Processing file /opt/airflow/dags/denormalize_data_gad.py for tasks to queue
[2025-02-14T02:27:40.573+0000] {logging_mixin.py:190} INFO - [2025-02-14T02:27:40.572+0000] {dagbag.py:588} INFO - Filling up the DagBag from /opt/airflow/dags/denormalize_data_gad.py
[2025-02-14T02:27:41.016+0000] {processor.py:925} INFO - DAG(s) 'dag_for_dbt_denormalize' retrieved from /opt/airflow/dags/denormalize_data_gad.py
[2025-02-14T02:27:41.059+0000] {logging_mixin.py:190} INFO - [2025-02-14T02:27:41.059+0000] {dag.py:3239} INFO - Sync 1 DAGs
[2025-02-14T02:27:41.095+0000] {logging_mixin.py:190} INFO - [2025-02-14T02:27:41.094+0000] {dag.py:4180} INFO - Setting next_dagrun for dag_for_dbt_denormalize to 2025-03-01 00:00:00+00:00, run_after=2025-04-01 00:00:00+00:00
[2025-02-14T02:27:41.128+0000] {processor.py:208} INFO - Processing /opt/airflow/dags/denormalize_data_gad.py took 0.569 seconds
[2025-02-14T02:28:11.430+0000] {processor.py:186} INFO - Started process (PID=356) to work on /opt/airflow/dags/denormalize_data_gad.py
[2025-02-14T02:28:11.442+0000] {processor.py:914} INFO - Processing file /opt/airflow/dags/denormalize_data_gad.py for tasks to queue
[2025-02-14T02:28:11.480+0000] {logging_mixin.py:190} INFO - [2025-02-14T02:28:11.478+0000] {dagbag.py:588} INFO - Filling up the DagBag from /opt/airflow/dags/denormalize_data_gad.py
[2025-02-14T02:28:12.500+0000] {processor.py:925} INFO - DAG(s) 'dag_for_dbt_denormalize' retrieved from /opt/airflow/dags/denormalize_data_gad.py
[2025-02-14T02:28:12.540+0000] {logging_mixin.py:190} INFO - [2025-02-14T02:28:12.540+0000] {dag.py:3239} INFO - Sync 1 DAGs
[2025-02-14T02:28:12.576+0000] {logging_mixin.py:190} INFO - [2025-02-14T02:28:12.575+0000] {dag.py:4180} INFO - Setting next_dagrun for dag_for_dbt_denormalize to 2025-03-01 00:00:00+00:00, run_after=2025-04-01 00:00:00+00:00
[2025-02-14T02:28:12.607+0000] {processor.py:208} INFO - Processing /opt/airflow/dags/denormalize_data_gad.py took 1.216 seconds
[2025-02-14T02:28:42.779+0000] {processor.py:186} INFO - Started process (PID=370) to work on /opt/airflow/dags/denormalize_data_gad.py
[2025-02-14T02:28:42.780+0000] {processor.py:914} INFO - Processing file /opt/airflow/dags/denormalize_data_gad.py for tasks to queue
[2025-02-14T02:28:42.783+0000] {logging_mixin.py:190} INFO - [2025-02-14T02:28:42.782+0000] {dagbag.py:588} INFO - Filling up the DagBag from /opt/airflow/dags/denormalize_data_gad.py
[2025-02-14T02:28:43.133+0000] {processor.py:925} INFO - DAG(s) 'dag_for_dbt_denormalize' retrieved from /opt/airflow/dags/denormalize_data_gad.py
[2025-02-14T02:28:43.156+0000] {logging_mixin.py:190} INFO - [2025-02-14T02:28:43.156+0000] {dag.py:3239} INFO - Sync 1 DAGs
[2025-02-14T02:28:43.180+0000] {logging_mixin.py:190} INFO - [2025-02-14T02:28:43.180+0000] {dag.py:4180} INFO - Setting next_dagrun for dag_for_dbt_denormalize to 2025-03-01 00:00:00+00:00, run_after=2025-04-01 00:00:00+00:00
[2025-02-14T02:28:43.201+0000] {processor.py:208} INFO - Processing /opt/airflow/dags/denormalize_data_gad.py took 0.428 seconds
[2025-02-14T02:29:13.591+0000] {processor.py:186} INFO - Started process (PID=384) to work on /opt/airflow/dags/denormalize_data_gad.py
[2025-02-14T02:29:13.592+0000] {processor.py:914} INFO - Processing file /opt/airflow/dags/denormalize_data_gad.py for tasks to queue
[2025-02-14T02:29:13.594+0000] {logging_mixin.py:190} INFO - [2025-02-14T02:29:13.594+0000] {dagbag.py:588} INFO - Filling up the DagBag from /opt/airflow/dags/denormalize_data_gad.py
[2025-02-14T02:29:13.861+0000] {processor.py:925} INFO - DAG(s) 'dag_for_dbt_denormalize' retrieved from /opt/airflow/dags/denormalize_data_gad.py
[2025-02-14T02:29:13.886+0000] {logging_mixin.py:190} INFO - [2025-02-14T02:29:13.885+0000] {dag.py:3239} INFO - Sync 1 DAGs
[2025-02-14T02:29:13.905+0000] {logging_mixin.py:190} INFO - [2025-02-14T02:29:13.905+0000] {dag.py:4180} INFO - Setting next_dagrun for dag_for_dbt_denormalize to 2025-03-01 00:00:00+00:00, run_after=2025-04-01 00:00:00+00:00
[2025-02-14T02:29:13.925+0000] {processor.py:208} INFO - Processing /opt/airflow/dags/denormalize_data_gad.py took 0.340 seconds
[2025-02-14T02:29:44.350+0000] {processor.py:186} INFO - Started process (PID=397) to work on /opt/airflow/dags/denormalize_data_gad.py
[2025-02-14T02:29:44.352+0000] {processor.py:914} INFO - Processing file /opt/airflow/dags/denormalize_data_gad.py for tasks to queue
[2025-02-14T02:29:44.355+0000] {logging_mixin.py:190} INFO - [2025-02-14T02:29:44.355+0000] {dagbag.py:588} INFO - Filling up the DagBag from /opt/airflow/dags/denormalize_data_gad.py
[2025-02-14T02:29:44.783+0000] {processor.py:925} INFO - DAG(s) 'dag_for_dbt_denormalize' retrieved from /opt/airflow/dags/denormalize_data_gad.py
[2025-02-14T02:29:44.814+0000] {logging_mixin.py:190} INFO - [2025-02-14T02:29:44.814+0000] {dag.py:3239} INFO - Sync 1 DAGs
[2025-02-14T02:29:44.838+0000] {logging_mixin.py:190} INFO - [2025-02-14T02:29:44.837+0000] {dag.py:4180} INFO - Setting next_dagrun for dag_for_dbt_denormalize to 2025-03-01 00:00:00+00:00, run_after=2025-04-01 00:00:00+00:00
[2025-02-14T02:29:44.864+0000] {processor.py:208} INFO - Processing /opt/airflow/dags/denormalize_data_gad.py took 0.519 seconds
[2025-02-14T02:30:15.605+0000] {processor.py:186} INFO - Started process (PID=411) to work on /opt/airflow/dags/denormalize_data_gad.py
[2025-02-14T02:30:15.607+0000] {processor.py:914} INFO - Processing file /opt/airflow/dags/denormalize_data_gad.py for tasks to queue
[2025-02-14T02:30:15.614+0000] {logging_mixin.py:190} INFO - [2025-02-14T02:30:15.614+0000] {dagbag.py:588} INFO - Filling up the DagBag from /opt/airflow/dags/denormalize_data_gad.py
[2025-02-14T02:30:15.907+0000] {processor.py:925} INFO - DAG(s) 'dag_for_dbt_denormalize' retrieved from /opt/airflow/dags/denormalize_data_gad.py
[2025-02-14T02:30:15.932+0000] {logging_mixin.py:190} INFO - [2025-02-14T02:30:15.932+0000] {dag.py:3239} INFO - Sync 1 DAGs
[2025-02-14T02:30:15.958+0000] {logging_mixin.py:190} INFO - [2025-02-14T02:30:15.958+0000] {dag.py:4180} INFO - Setting next_dagrun for dag_for_dbt_denormalize to 2025-03-01 00:00:00+00:00, run_after=2025-04-01 00:00:00+00:00
[2025-02-14T02:30:15.981+0000] {processor.py:208} INFO - Processing /opt/airflow/dags/denormalize_data_gad.py took 0.389 seconds
