[2025-02-14T00:53:30.149+0000] {processor.py:186} INFO - Started process (PID=104) to work on /opt/airflow/dags/get_datalinks.py
[2025-02-14T00:53:30.152+0000] {processor.py:914} INFO - Processing file /opt/airflow/dags/get_datalinks.py for tasks to queue
[2025-02-14T00:53:30.189+0000] {logging_mixin.py:190} INFO - [2025-02-14T00:53:30.188+0000] {dagbag.py:588} INFO - Filling up the DagBag from /opt/airflow/dags/get_datalinks.py
[2025-02-14T00:53:31.287+0000] {processor.py:925} INFO - DAG(s) 'dag_to_scrape_metadata' retrieved from /opt/airflow/dags/get_datalinks.py
[2025-02-14T00:53:32.306+0000] {logging_mixin.py:190} INFO - [2025-02-14T00:53:32.305+0000] {dag.py:3239} INFO - Sync 1 DAGs
[2025-02-14T00:53:32.515+0000] {logging_mixin.py:190} INFO - [2025-02-14T00:53:32.514+0000] {dag.py:4180} INFO - Setting next_dagrun for dag_to_scrape_metadata to 2025-02-14 00:00:00+00:00, run_after=2025-02-15 00:00:00+00:00
[2025-02-14T00:53:32.638+0000] {processor.py:208} INFO - Processing /opt/airflow/dags/get_datalinks.py took 2.532 seconds
[2025-02-14T00:54:02.924+0000] {processor.py:186} INFO - Started process (PID=122) to work on /opt/airflow/dags/get_datalinks.py
[2025-02-14T00:54:02.929+0000] {processor.py:914} INFO - Processing file /opt/airflow/dags/get_datalinks.py for tasks to queue
[2025-02-14T00:54:02.934+0000] {logging_mixin.py:190} INFO - [2025-02-14T00:54:02.934+0000] {dagbag.py:588} INFO - Filling up the DagBag from /opt/airflow/dags/get_datalinks.py
[2025-02-14T00:54:03.810+0000] {processor.py:925} INFO - DAG(s) 'dag_to_scrape_metadata' retrieved from /opt/airflow/dags/get_datalinks.py
[2025-02-14T00:54:03.891+0000] {logging_mixin.py:190} INFO - [2025-02-14T00:54:03.891+0000] {dag.py:3239} INFO - Sync 1 DAGs
[2025-02-14T00:54:03.995+0000] {logging_mixin.py:190} INFO - [2025-02-14T00:54:03.995+0000] {dag.py:4180} INFO - Setting next_dagrun for dag_to_scrape_metadata to 2025-02-14 00:00:00+00:00, run_after=2025-02-15 00:00:00+00:00
[2025-02-14T00:54:04.059+0000] {processor.py:208} INFO - Processing /opt/airflow/dags/get_datalinks.py took 1.149 seconds
[2025-02-14T00:54:34.481+0000] {processor.py:186} INFO - Started process (PID=135) to work on /opt/airflow/dags/get_datalinks.py
[2025-02-14T00:54:34.484+0000] {processor.py:914} INFO - Processing file /opt/airflow/dags/get_datalinks.py for tasks to queue
[2025-02-14T00:54:34.497+0000] {logging_mixin.py:190} INFO - [2025-02-14T00:54:34.494+0000] {dagbag.py:588} INFO - Filling up the DagBag from /opt/airflow/dags/get_datalinks.py
[2025-02-14T00:54:35.353+0000] {processor.py:925} INFO - DAG(s) 'dag_to_scrape_metadata' retrieved from /opt/airflow/dags/get_datalinks.py
[2025-02-14T00:54:35.395+0000] {logging_mixin.py:190} INFO - [2025-02-14T00:54:35.395+0000] {dag.py:3239} INFO - Sync 1 DAGs
[2025-02-14T00:54:35.465+0000] {logging_mixin.py:190} INFO - [2025-02-14T00:54:35.465+0000] {dag.py:4180} INFO - Setting next_dagrun for dag_to_scrape_metadata to 2025-02-14 00:00:00+00:00, run_after=2025-02-15 00:00:00+00:00
[2025-02-14T00:54:35.515+0000] {processor.py:208} INFO - Processing /opt/airflow/dags/get_datalinks.py took 1.052 seconds
[2025-02-14T00:55:05.699+0000] {processor.py:186} INFO - Started process (PID=149) to work on /opt/airflow/dags/get_datalinks.py
[2025-02-14T00:55:05.704+0000] {processor.py:914} INFO - Processing file /opt/airflow/dags/get_datalinks.py for tasks to queue
[2025-02-14T00:55:05.708+0000] {logging_mixin.py:190} INFO - [2025-02-14T00:55:05.707+0000] {dagbag.py:588} INFO - Filling up the DagBag from /opt/airflow/dags/get_datalinks.py
[2025-02-14T00:55:06.258+0000] {processor.py:925} INFO - DAG(s) 'dag_to_scrape_metadata' retrieved from /opt/airflow/dags/get_datalinks.py
[2025-02-14T00:55:06.320+0000] {logging_mixin.py:190} INFO - [2025-02-14T00:55:06.320+0000] {dag.py:3239} INFO - Sync 1 DAGs
[2025-02-14T00:55:06.386+0000] {logging_mixin.py:190} INFO - [2025-02-14T00:55:06.385+0000] {dag.py:4180} INFO - Setting next_dagrun for dag_to_scrape_metadata to 2025-02-14 00:00:00+00:00, run_after=2025-02-15 00:00:00+00:00
[2025-02-14T00:55:06.429+0000] {processor.py:208} INFO - Processing /opt/airflow/dags/get_datalinks.py took 0.741 seconds
[2025-02-14T00:55:36.643+0000] {processor.py:186} INFO - Started process (PID=163) to work on /opt/airflow/dags/get_datalinks.py
[2025-02-14T00:55:36.648+0000] {processor.py:914} INFO - Processing file /opt/airflow/dags/get_datalinks.py for tasks to queue
[2025-02-14T00:55:36.650+0000] {logging_mixin.py:190} INFO - [2025-02-14T00:55:36.650+0000] {dagbag.py:588} INFO - Filling up the DagBag from /opt/airflow/dags/get_datalinks.py
[2025-02-14T00:55:37.281+0000] {processor.py:925} INFO - DAG(s) 'dag_to_scrape_metadata' retrieved from /opt/airflow/dags/get_datalinks.py
[2025-02-14T00:55:37.312+0000] {logging_mixin.py:190} INFO - [2025-02-14T00:55:37.312+0000] {dag.py:3239} INFO - Sync 1 DAGs
[2025-02-14T00:55:37.359+0000] {logging_mixin.py:190} INFO - [2025-02-14T00:55:37.359+0000] {dag.py:4180} INFO - Setting next_dagrun for dag_to_scrape_metadata to 2025-02-14 00:00:00+00:00, run_after=2025-02-15 00:00:00+00:00
[2025-02-14T00:55:37.400+0000] {processor.py:208} INFO - Processing /opt/airflow/dags/get_datalinks.py took 0.767 seconds
[2025-02-14T00:56:08.090+0000] {processor.py:186} INFO - Started process (PID=182) to work on /opt/airflow/dags/get_datalinks.py
[2025-02-14T00:56:08.097+0000] {processor.py:914} INFO - Processing file /opt/airflow/dags/get_datalinks.py for tasks to queue
[2025-02-14T00:56:08.100+0000] {logging_mixin.py:190} INFO - [2025-02-14T00:56:08.100+0000] {dagbag.py:588} INFO - Filling up the DagBag from /opt/airflow/dags/get_datalinks.py
[2025-02-14T00:56:08.749+0000] {processor.py:925} INFO - DAG(s) 'dag_to_scrape_metadata' retrieved from /opt/airflow/dags/get_datalinks.py
[2025-02-14T00:56:08.800+0000] {logging_mixin.py:190} INFO - [2025-02-14T00:56:08.800+0000] {dag.py:3239} INFO - Sync 1 DAGs
[2025-02-14T00:56:08.841+0000] {logging_mixin.py:190} INFO - [2025-02-14T00:56:08.840+0000] {dag.py:4180} INFO - Setting next_dagrun for dag_to_scrape_metadata to 2025-02-14 00:00:00+00:00, run_after=2025-02-15 00:00:00+00:00
[2025-02-14T00:56:08.881+0000] {processor.py:208} INFO - Processing /opt/airflow/dags/get_datalinks.py took 0.811 seconds
[2025-02-14T00:56:39.308+0000] {processor.py:186} INFO - Started process (PID=196) to work on /opt/airflow/dags/get_datalinks.py
[2025-02-14T00:56:39.309+0000] {processor.py:914} INFO - Processing file /opt/airflow/dags/get_datalinks.py for tasks to queue
[2025-02-14T00:56:39.312+0000] {logging_mixin.py:190} INFO - [2025-02-14T00:56:39.311+0000] {dagbag.py:588} INFO - Filling up the DagBag from /opt/airflow/dags/get_datalinks.py
[2025-02-14T00:56:39.879+0000] {processor.py:925} INFO - DAG(s) 'dag_to_scrape_metadata' retrieved from /opt/airflow/dags/get_datalinks.py
[2025-02-14T00:56:39.911+0000] {logging_mixin.py:190} INFO - [2025-02-14T00:56:39.911+0000] {dag.py:3239} INFO - Sync 1 DAGs
[2025-02-14T00:56:39.950+0000] {logging_mixin.py:190} INFO - [2025-02-14T00:56:39.950+0000] {dag.py:4180} INFO - Setting next_dagrun for dag_to_scrape_metadata to 2025-02-14 00:00:00+00:00, run_after=2025-02-15 00:00:00+00:00
[2025-02-14T00:56:39.990+0000] {processor.py:208} INFO - Processing /opt/airflow/dags/get_datalinks.py took 0.696 seconds
[2025-02-14T00:57:10.194+0000] {processor.py:186} INFO - Started process (PID=210) to work on /opt/airflow/dags/get_datalinks.py
[2025-02-14T00:57:10.196+0000] {processor.py:914} INFO - Processing file /opt/airflow/dags/get_datalinks.py for tasks to queue
[2025-02-14T00:57:10.199+0000] {logging_mixin.py:190} INFO - [2025-02-14T00:57:10.199+0000] {dagbag.py:588} INFO - Filling up the DagBag from /opt/airflow/dags/get_datalinks.py
[2025-02-14T00:57:10.836+0000] {processor.py:925} INFO - DAG(s) 'dag_to_scrape_metadata' retrieved from /opt/airflow/dags/get_datalinks.py
[2025-02-14T00:57:10.876+0000] {logging_mixin.py:190} INFO - [2025-02-14T00:57:10.876+0000] {dag.py:3239} INFO - Sync 1 DAGs
[2025-02-14T00:57:10.917+0000] {logging_mixin.py:190} INFO - [2025-02-14T00:57:10.917+0000] {dag.py:4180} INFO - Setting next_dagrun for dag_to_scrape_metadata to 2025-02-14 00:00:00+00:00, run_after=2025-02-15 00:00:00+00:00
[2025-02-14T00:57:10.956+0000] {processor.py:208} INFO - Processing /opt/airflow/dags/get_datalinks.py took 0.777 seconds
[2025-02-14T00:57:41.452+0000] {processor.py:186} INFO - Started process (PID=224) to work on /opt/airflow/dags/get_datalinks.py
[2025-02-14T00:57:41.453+0000] {processor.py:914} INFO - Processing file /opt/airflow/dags/get_datalinks.py for tasks to queue
[2025-02-14T00:57:41.462+0000] {logging_mixin.py:190} INFO - [2025-02-14T00:57:41.458+0000] {dagbag.py:588} INFO - Filling up the DagBag from /opt/airflow/dags/get_datalinks.py
[2025-02-14T00:57:42.174+0000] {processor.py:925} INFO - DAG(s) 'dag_to_scrape_metadata' retrieved from /opt/airflow/dags/get_datalinks.py
[2025-02-14T00:57:42.207+0000] {logging_mixin.py:190} INFO - [2025-02-14T00:57:42.206+0000] {dag.py:3239} INFO - Sync 1 DAGs
[2025-02-14T00:57:42.253+0000] {logging_mixin.py:190} INFO - [2025-02-14T00:57:42.253+0000] {dag.py:4180} INFO - Setting next_dagrun for dag_to_scrape_metadata to 2025-02-14 00:00:00+00:00, run_after=2025-02-15 00:00:00+00:00
[2025-02-14T00:57:42.293+0000] {processor.py:208} INFO - Processing /opt/airflow/dags/get_datalinks.py took 0.858 seconds
[2025-02-14T00:58:13.390+0000] {processor.py:186} INFO - Started process (PID=238) to work on /opt/airflow/dags/get_datalinks.py
[2025-02-14T00:58:13.395+0000] {processor.py:914} INFO - Processing file /opt/airflow/dags/get_datalinks.py for tasks to queue
[2025-02-14T00:58:13.398+0000] {logging_mixin.py:190} INFO - [2025-02-14T00:58:13.398+0000] {dagbag.py:588} INFO - Filling up the DagBag from /opt/airflow/dags/get_datalinks.py
[2025-02-14T00:58:14.136+0000] {processor.py:925} INFO - DAG(s) 'dag_to_scrape_metadata' retrieved from /opt/airflow/dags/get_datalinks.py
[2025-02-14T00:58:14.196+0000] {logging_mixin.py:190} INFO - [2025-02-14T00:58:14.195+0000] {dag.py:3239} INFO - Sync 1 DAGs
[2025-02-14T00:58:14.249+0000] {logging_mixin.py:190} INFO - [2025-02-14T00:58:14.248+0000] {dag.py:4180} INFO - Setting next_dagrun for dag_to_scrape_metadata to 2025-02-14 00:00:00+00:00, run_after=2025-02-15 00:00:00+00:00
[2025-02-14T00:58:14.296+0000] {processor.py:208} INFO - Processing /opt/airflow/dags/get_datalinks.py took 0.918 seconds
[2025-02-14T00:58:44.980+0000] {processor.py:186} INFO - Started process (PID=253) to work on /opt/airflow/dags/get_datalinks.py
[2025-02-14T00:58:44.981+0000] {processor.py:914} INFO - Processing file /opt/airflow/dags/get_datalinks.py for tasks to queue
[2025-02-14T00:58:44.985+0000] {logging_mixin.py:190} INFO - [2025-02-14T00:58:44.984+0000] {dagbag.py:588} INFO - Filling up the DagBag from /opt/airflow/dags/get_datalinks.py
[2025-02-14T00:58:45.652+0000] {processor.py:925} INFO - DAG(s) 'dag_to_scrape_metadata' retrieved from /opt/airflow/dags/get_datalinks.py
[2025-02-14T00:58:45.721+0000] {logging_mixin.py:190} INFO - [2025-02-14T00:58:45.720+0000] {dag.py:3239} INFO - Sync 1 DAGs
[2025-02-14T00:58:45.763+0000] {logging_mixin.py:190} INFO - [2025-02-14T00:58:45.762+0000] {dag.py:4180} INFO - Setting next_dagrun for dag_to_scrape_metadata to 2025-02-14 00:00:00+00:00, run_after=2025-02-15 00:00:00+00:00
[2025-02-14T00:58:45.803+0000] {processor.py:208} INFO - Processing /opt/airflow/dags/get_datalinks.py took 0.840 seconds
[2025-02-14T00:59:16.151+0000] {processor.py:186} INFO - Started process (PID=267) to work on /opt/airflow/dags/get_datalinks.py
[2025-02-14T00:59:16.157+0000] {processor.py:914} INFO - Processing file /opt/airflow/dags/get_datalinks.py for tasks to queue
[2025-02-14T00:59:16.168+0000] {logging_mixin.py:190} INFO - [2025-02-14T00:59:16.167+0000] {dagbag.py:588} INFO - Filling up the DagBag from /opt/airflow/dags/get_datalinks.py
[2025-02-14T00:59:16.857+0000] {processor.py:925} INFO - DAG(s) 'dag_to_scrape_metadata' retrieved from /opt/airflow/dags/get_datalinks.py
[2025-02-14T00:59:16.901+0000] {logging_mixin.py:190} INFO - [2025-02-14T00:59:16.901+0000] {dag.py:3239} INFO - Sync 1 DAGs
[2025-02-14T00:59:16.951+0000] {logging_mixin.py:190} INFO - [2025-02-14T00:59:16.950+0000] {dag.py:4180} INFO - Setting next_dagrun for dag_to_scrape_metadata to 2025-02-14 00:00:00+00:00, run_after=2025-02-15 00:00:00+00:00
[2025-02-14T00:59:16.997+0000] {processor.py:208} INFO - Processing /opt/airflow/dags/get_datalinks.py took 0.857 seconds
[2025-02-14T00:59:47.391+0000] {processor.py:186} INFO - Started process (PID=280) to work on /opt/airflow/dags/get_datalinks.py
[2025-02-14T00:59:47.392+0000] {processor.py:914} INFO - Processing file /opt/airflow/dags/get_datalinks.py for tasks to queue
[2025-02-14T00:59:47.399+0000] {logging_mixin.py:190} INFO - [2025-02-14T00:59:47.399+0000] {dagbag.py:588} INFO - Filling up the DagBag from /opt/airflow/dags/get_datalinks.py
[2025-02-14T00:59:48.183+0000] {processor.py:925} INFO - DAG(s) 'dag_to_scrape_metadata' retrieved from /opt/airflow/dags/get_datalinks.py
[2025-02-14T00:59:48.223+0000] {logging_mixin.py:190} INFO - [2025-02-14T00:59:48.223+0000] {dag.py:3239} INFO - Sync 1 DAGs
[2025-02-14T00:59:48.290+0000] {logging_mixin.py:190} INFO - [2025-02-14T00:59:48.289+0000] {dag.py:4180} INFO - Setting next_dagrun for dag_to_scrape_metadata to 2025-02-14 00:00:00+00:00, run_after=2025-02-15 00:00:00+00:00
[2025-02-14T00:59:48.351+0000] {processor.py:208} INFO - Processing /opt/airflow/dags/get_datalinks.py took 0.978 seconds
[2025-02-14T01:00:19.253+0000] {processor.py:186} INFO - Started process (PID=293) to work on /opt/airflow/dags/get_datalinks.py
[2025-02-14T01:00:19.254+0000] {processor.py:914} INFO - Processing file /opt/airflow/dags/get_datalinks.py for tasks to queue
[2025-02-14T01:00:19.258+0000] {logging_mixin.py:190} INFO - [2025-02-14T01:00:19.257+0000] {dagbag.py:588} INFO - Filling up the DagBag from /opt/airflow/dags/get_datalinks.py
[2025-02-14T01:00:19.985+0000] {processor.py:925} INFO - DAG(s) 'dag_to_scrape_metadata' retrieved from /opt/airflow/dags/get_datalinks.py
[2025-02-14T01:00:20.023+0000] {logging_mixin.py:190} INFO - [2025-02-14T01:00:20.023+0000] {dag.py:3239} INFO - Sync 1 DAGs
[2025-02-14T01:00:20.073+0000] {logging_mixin.py:190} INFO - [2025-02-14T01:00:20.073+0000] {dag.py:4180} INFO - Setting next_dagrun for dag_to_scrape_metadata to 2025-02-14 00:00:00+00:00, run_after=2025-02-15 00:00:00+00:00
[2025-02-14T01:00:20.107+0000] {processor.py:208} INFO - Processing /opt/airflow/dags/get_datalinks.py took 0.872 seconds
[2025-02-14T01:00:50.378+0000] {processor.py:186} INFO - Started process (PID=308) to work on /opt/airflow/dags/get_datalinks.py
[2025-02-14T01:00:50.383+0000] {processor.py:914} INFO - Processing file /opt/airflow/dags/get_datalinks.py for tasks to queue
[2025-02-14T01:00:50.387+0000] {logging_mixin.py:190} INFO - [2025-02-14T01:00:50.386+0000] {dagbag.py:588} INFO - Filling up the DagBag from /opt/airflow/dags/get_datalinks.py
[2025-02-14T01:00:51.006+0000] {processor.py:925} INFO - DAG(s) 'dag_to_scrape_metadata' retrieved from /opt/airflow/dags/get_datalinks.py
[2025-02-14T01:00:51.055+0000] {logging_mixin.py:190} INFO - [2025-02-14T01:00:51.055+0000] {dag.py:3239} INFO - Sync 1 DAGs
[2025-02-14T01:00:51.124+0000] {logging_mixin.py:190} INFO - [2025-02-14T01:00:51.123+0000] {dag.py:4180} INFO - Setting next_dagrun for dag_to_scrape_metadata to 2025-02-14 00:00:00+00:00, run_after=2025-02-15 00:00:00+00:00
[2025-02-14T01:00:51.188+0000] {processor.py:208} INFO - Processing /opt/airflow/dags/get_datalinks.py took 0.831 seconds
[2025-02-14T01:01:21.397+0000] {processor.py:186} INFO - Started process (PID=323) to work on /opt/airflow/dags/get_datalinks.py
[2025-02-14T01:01:21.398+0000] {processor.py:914} INFO - Processing file /opt/airflow/dags/get_datalinks.py for tasks to queue
[2025-02-14T01:01:21.405+0000] {logging_mixin.py:190} INFO - [2025-02-14T01:01:21.404+0000] {dagbag.py:588} INFO - Filling up the DagBag from /opt/airflow/dags/get_datalinks.py
[2025-02-14T01:01:22.256+0000] {processor.py:925} INFO - DAG(s) 'dag_to_scrape_metadata' retrieved from /opt/airflow/dags/get_datalinks.py
[2025-02-14T01:01:22.306+0000] {logging_mixin.py:190} INFO - [2025-02-14T01:01:22.305+0000] {dag.py:3239} INFO - Sync 1 DAGs
[2025-02-14T01:01:22.366+0000] {logging_mixin.py:190} INFO - [2025-02-14T01:01:22.365+0000] {dag.py:4180} INFO - Setting next_dagrun for dag_to_scrape_metadata to 2025-02-14 00:00:00+00:00, run_after=2025-02-15 00:00:00+00:00
[2025-02-14T01:01:22.414+0000] {processor.py:208} INFO - Processing /opt/airflow/dags/get_datalinks.py took 1.030 seconds
[2025-02-14T01:01:52.512+0000] {processor.py:186} INFO - Started process (PID=337) to work on /opt/airflow/dags/get_datalinks.py
[2025-02-14T01:01:52.513+0000] {processor.py:914} INFO - Processing file /opt/airflow/dags/get_datalinks.py for tasks to queue
[2025-02-14T01:01:52.519+0000] {logging_mixin.py:190} INFO - [2025-02-14T01:01:52.519+0000] {dagbag.py:588} INFO - Filling up the DagBag from /opt/airflow/dags/get_datalinks.py
[2025-02-14T01:01:53.137+0000] {processor.py:925} INFO - DAG(s) 'dag_to_scrape_metadata' retrieved from /opt/airflow/dags/get_datalinks.py
[2025-02-14T01:01:53.183+0000] {logging_mixin.py:190} INFO - [2025-02-14T01:01:53.183+0000] {dag.py:3239} INFO - Sync 1 DAGs
[2025-02-14T01:01:53.239+0000] {logging_mixin.py:190} INFO - [2025-02-14T01:01:53.239+0000] {dag.py:4180} INFO - Setting next_dagrun for dag_to_scrape_metadata to 2025-02-14 00:00:00+00:00, run_after=2025-02-15 00:00:00+00:00
[2025-02-14T01:01:53.281+0000] {processor.py:208} INFO - Processing /opt/airflow/dags/get_datalinks.py took 0.780 seconds
[2025-02-14T01:02:23.812+0000] {processor.py:186} INFO - Started process (PID=350) to work on /opt/airflow/dags/get_datalinks.py
[2025-02-14T01:02:23.814+0000] {processor.py:914} INFO - Processing file /opt/airflow/dags/get_datalinks.py for tasks to queue
[2025-02-14T01:02:23.816+0000] {logging_mixin.py:190} INFO - [2025-02-14T01:02:23.816+0000] {dagbag.py:588} INFO - Filling up the DagBag from /opt/airflow/dags/get_datalinks.py
[2025-02-14T01:02:24.412+0000] {processor.py:925} INFO - DAG(s) 'dag_to_scrape_metadata' retrieved from /opt/airflow/dags/get_datalinks.py
[2025-02-14T01:02:24.453+0000] {logging_mixin.py:190} INFO - [2025-02-14T01:02:24.452+0000] {dag.py:3239} INFO - Sync 1 DAGs
[2025-02-14T01:02:24.493+0000] {logging_mixin.py:190} INFO - [2025-02-14T01:02:24.493+0000] {dag.py:4180} INFO - Setting next_dagrun for dag_to_scrape_metadata to 2025-02-14 00:00:00+00:00, run_after=2025-02-15 00:00:00+00:00
[2025-02-14T01:02:24.531+0000] {processor.py:208} INFO - Processing /opt/airflow/dags/get_datalinks.py took 0.738 seconds
[2025-02-14T01:02:54.650+0000] {processor.py:186} INFO - Started process (PID=364) to work on /opt/airflow/dags/get_datalinks.py
[2025-02-14T01:02:54.655+0000] {processor.py:914} INFO - Processing file /opt/airflow/dags/get_datalinks.py for tasks to queue
[2025-02-14T01:02:54.658+0000] {logging_mixin.py:190} INFO - [2025-02-14T01:02:54.658+0000] {dagbag.py:588} INFO - Filling up the DagBag from /opt/airflow/dags/get_datalinks.py
[2025-02-14T01:02:55.236+0000] {processor.py:925} INFO - DAG(s) 'dag_to_scrape_metadata' retrieved from /opt/airflow/dags/get_datalinks.py
[2025-02-14T01:02:55.275+0000] {logging_mixin.py:190} INFO - [2025-02-14T01:02:55.275+0000] {dag.py:3239} INFO - Sync 1 DAGs
[2025-02-14T01:02:55.318+0000] {logging_mixin.py:190} INFO - [2025-02-14T01:02:55.317+0000] {dag.py:4180} INFO - Setting next_dagrun for dag_to_scrape_metadata to 2025-02-14 00:00:00+00:00, run_after=2025-02-15 00:00:00+00:00
[2025-02-14T01:02:55.357+0000] {processor.py:208} INFO - Processing /opt/airflow/dags/get_datalinks.py took 0.721 seconds
[2025-02-14T01:03:25.900+0000] {processor.py:186} INFO - Started process (PID=378) to work on /opt/airflow/dags/get_datalinks.py
[2025-02-14T01:03:25.901+0000] {processor.py:914} INFO - Processing file /opt/airflow/dags/get_datalinks.py for tasks to queue
[2025-02-14T01:03:25.910+0000] {logging_mixin.py:190} INFO - [2025-02-14T01:03:25.910+0000] {dagbag.py:588} INFO - Filling up the DagBag from /opt/airflow/dags/get_datalinks.py
[2025-02-14T01:03:26.511+0000] {processor.py:925} INFO - DAG(s) 'dag_to_scrape_metadata' retrieved from /opt/airflow/dags/get_datalinks.py
[2025-02-14T01:03:26.551+0000] {logging_mixin.py:190} INFO - [2025-02-14T01:03:26.551+0000] {dag.py:3239} INFO - Sync 1 DAGs
[2025-02-14T01:03:26.598+0000] {logging_mixin.py:190} INFO - [2025-02-14T01:03:26.598+0000] {dag.py:4180} INFO - Setting next_dagrun for dag_to_scrape_metadata to 2025-02-14 00:00:00+00:00, run_after=2025-02-15 00:00:00+00:00
[2025-02-14T01:03:26.632+0000] {processor.py:208} INFO - Processing /opt/airflow/dags/get_datalinks.py took 0.749 seconds
[2025-02-14T01:03:57.085+0000] {processor.py:186} INFO - Started process (PID=392) to work on /opt/airflow/dags/get_datalinks.py
[2025-02-14T01:03:57.086+0000] {processor.py:914} INFO - Processing file /opt/airflow/dags/get_datalinks.py for tasks to queue
[2025-02-14T01:03:57.092+0000] {logging_mixin.py:190} INFO - [2025-02-14T01:03:57.092+0000] {dagbag.py:588} INFO - Filling up the DagBag from /opt/airflow/dags/get_datalinks.py
[2025-02-14T01:03:57.764+0000] {processor.py:925} INFO - DAG(s) 'dag_to_scrape_metadata' retrieved from /opt/airflow/dags/get_datalinks.py
[2025-02-14T01:03:57.804+0000] {logging_mixin.py:190} INFO - [2025-02-14T01:03:57.804+0000] {dag.py:3239} INFO - Sync 1 DAGs
[2025-02-14T01:03:57.856+0000] {logging_mixin.py:190} INFO - [2025-02-14T01:03:57.856+0000] {dag.py:4180} INFO - Setting next_dagrun for dag_to_scrape_metadata to 2025-02-14 00:00:00+00:00, run_after=2025-02-15 00:00:00+00:00
[2025-02-14T01:03:57.895+0000] {processor.py:208} INFO - Processing /opt/airflow/dags/get_datalinks.py took 0.823 seconds
[2025-02-14T01:04:28.704+0000] {processor.py:186} INFO - Started process (PID=406) to work on /opt/airflow/dags/get_datalinks.py
[2025-02-14T01:04:28.710+0000] {processor.py:914} INFO - Processing file /opt/airflow/dags/get_datalinks.py for tasks to queue
[2025-02-14T01:04:28.714+0000] {logging_mixin.py:190} INFO - [2025-02-14T01:04:28.713+0000] {dagbag.py:588} INFO - Filling up the DagBag from /opt/airflow/dags/get_datalinks.py
[2025-02-14T01:04:29.560+0000] {processor.py:925} INFO - DAG(s) 'dag_to_scrape_metadata' retrieved from /opt/airflow/dags/get_datalinks.py
[2025-02-14T01:04:29.602+0000] {logging_mixin.py:190} INFO - [2025-02-14T01:04:29.602+0000] {dag.py:3239} INFO - Sync 1 DAGs
[2025-02-14T01:04:29.650+0000] {logging_mixin.py:190} INFO - [2025-02-14T01:04:29.650+0000] {dag.py:4180} INFO - Setting next_dagrun for dag_to_scrape_metadata to 2025-02-14 00:00:00+00:00, run_after=2025-02-15 00:00:00+00:00
[2025-02-14T01:04:29.694+0000] {processor.py:208} INFO - Processing /opt/airflow/dags/get_datalinks.py took 1.018 seconds
[2025-02-14T01:05:00.582+0000] {processor.py:186} INFO - Started process (PID=420) to work on /opt/airflow/dags/get_datalinks.py
[2025-02-14T01:05:00.592+0000] {processor.py:914} INFO - Processing file /opt/airflow/dags/get_datalinks.py for tasks to queue
[2025-02-14T01:05:00.597+0000] {logging_mixin.py:190} INFO - [2025-02-14T01:05:00.597+0000] {dagbag.py:588} INFO - Filling up the DagBag from /opt/airflow/dags/get_datalinks.py
[2025-02-14T01:05:01.415+0000] {processor.py:925} INFO - DAG(s) 'dag_to_scrape_metadata' retrieved from /opt/airflow/dags/get_datalinks.py
[2025-02-14T01:05:01.458+0000] {logging_mixin.py:190} INFO - [2025-02-14T01:05:01.457+0000] {dag.py:3239} INFO - Sync 1 DAGs
[2025-02-14T01:05:01.507+0000] {logging_mixin.py:190} INFO - [2025-02-14T01:05:01.507+0000] {dag.py:4180} INFO - Setting next_dagrun for dag_to_scrape_metadata to 2025-02-14 00:00:00+00:00, run_after=2025-02-15 00:00:00+00:00
[2025-02-14T01:05:01.556+0000] {processor.py:208} INFO - Processing /opt/airflow/dags/get_datalinks.py took 0.992 seconds
[2025-02-14T01:11:20.298+0000] {processor.py:186} INFO - Started process (PID=111) to work on /opt/airflow/dags/get_datalinks.py
[2025-02-14T01:11:20.316+0000] {processor.py:914} INFO - Processing file /opt/airflow/dags/get_datalinks.py for tasks to queue
[2025-02-14T01:11:20.321+0000] {logging_mixin.py:190} INFO - [2025-02-14T01:11:20.321+0000] {dagbag.py:588} INFO - Filling up the DagBag from /opt/airflow/dags/get_datalinks.py
[2025-02-14T01:11:21.409+0000] {processor.py:925} INFO - DAG(s) 'dag_to_scrape_metadata' retrieved from /opt/airflow/dags/get_datalinks.py
[2025-02-14T01:11:22.698+0000] {logging_mixin.py:190} INFO - [2025-02-14T01:11:22.697+0000] {dag.py:3239} INFO - Sync 1 DAGs
[2025-02-14T01:11:22.951+0000] {logging_mixin.py:190} INFO - [2025-02-14T01:11:22.951+0000] {dag.py:4180} INFO - Setting next_dagrun for dag_to_scrape_metadata to 2025-02-14 00:00:00+00:00, run_after=2025-02-15 00:00:00+00:00
[2025-02-14T01:11:23.126+0000] {processor.py:208} INFO - Processing /opt/airflow/dags/get_datalinks.py took 2.888 seconds
[2025-02-14T01:12:03.605+0000] {processor.py:186} INFO - Started process (PID=125) to work on /opt/airflow/dags/get_datalinks.py
[2025-02-14T01:12:03.609+0000] {processor.py:914} INFO - Processing file /opt/airflow/dags/get_datalinks.py for tasks to queue
[2025-02-14T01:12:03.639+0000] {logging_mixin.py:190} INFO - [2025-02-14T01:12:03.638+0000] {dagbag.py:588} INFO - Filling up the DagBag from /opt/airflow/dags/get_datalinks.py
[2025-02-14T01:12:10.879+0000] {processor.py:925} INFO - DAG(s) 'dag_to_scrape_metadata' retrieved from /opt/airflow/dags/get_datalinks.py
[2025-02-14T01:12:11.049+0000] {logging_mixin.py:190} INFO - [2025-02-14T01:12:11.049+0000] {dag.py:3239} INFO - Sync 1 DAGs
[2025-02-14T01:12:11.214+0000] {logging_mixin.py:190} INFO - [2025-02-14T01:12:11.209+0000] {dag.py:4180} INFO - Setting next_dagrun for dag_to_scrape_metadata to 2025-02-14 00:00:00+00:00, run_after=2025-02-15 00:00:00+00:00
[2025-02-14T01:12:11.336+0000] {processor.py:208} INFO - Processing /opt/airflow/dags/get_datalinks.py took 7.748 seconds
[2025-02-14T01:12:42.246+0000] {processor.py:186} INFO - Started process (PID=139) to work on /opt/airflow/dags/get_datalinks.py
[2025-02-14T01:12:42.282+0000] {processor.py:914} INFO - Processing file /opt/airflow/dags/get_datalinks.py for tasks to queue
[2025-02-14T01:12:42.286+0000] {logging_mixin.py:190} INFO - [2025-02-14T01:12:42.286+0000] {dagbag.py:588} INFO - Filling up the DagBag from /opt/airflow/dags/get_datalinks.py
[2025-02-14T01:12:44.712+0000] {processor.py:925} INFO - DAG(s) 'dag_to_scrape_metadata' retrieved from /opt/airflow/dags/get_datalinks.py
[2025-02-14T01:12:44.784+0000] {logging_mixin.py:190} INFO - [2025-02-14T01:12:44.783+0000] {dag.py:3239} INFO - Sync 1 DAGs
[2025-02-14T01:12:44.892+0000] {logging_mixin.py:190} INFO - [2025-02-14T01:12:44.892+0000] {dag.py:4180} INFO - Setting next_dagrun for dag_to_scrape_metadata to 2025-02-14 00:00:00+00:00, run_after=2025-02-15 00:00:00+00:00
[2025-02-14T01:12:44.977+0000] {processor.py:208} INFO - Processing /opt/airflow/dags/get_datalinks.py took 2.779 seconds
[2025-02-14T01:13:15.854+0000] {processor.py:186} INFO - Started process (PID=160) to work on /opt/airflow/dags/get_datalinks.py
[2025-02-14T01:13:15.856+0000] {processor.py:914} INFO - Processing file /opt/airflow/dags/get_datalinks.py for tasks to queue
[2025-02-14T01:13:15.892+0000] {logging_mixin.py:190} INFO - [2025-02-14T01:13:15.891+0000] {dagbag.py:588} INFO - Filling up the DagBag from /opt/airflow/dags/get_datalinks.py
[2025-02-14T01:13:17.004+0000] {processor.py:925} INFO - DAG(s) 'dag_to_scrape_metadata' retrieved from /opt/airflow/dags/get_datalinks.py
[2025-02-14T01:13:17.056+0000] {logging_mixin.py:190} INFO - [2025-02-14T01:13:17.055+0000] {dag.py:3239} INFO - Sync 1 DAGs
[2025-02-14T01:13:17.123+0000] {logging_mixin.py:190} INFO - [2025-02-14T01:13:17.122+0000] {dag.py:4180} INFO - Setting next_dagrun for dag_to_scrape_metadata to 2025-02-14 00:00:00+00:00, run_after=2025-02-15 00:00:00+00:00
[2025-02-14T01:13:17.180+0000] {processor.py:208} INFO - Processing /opt/airflow/dags/get_datalinks.py took 1.346 seconds
[2025-02-14T01:18:41.891+0000] {processor.py:186} INFO - Started process (PID=103) to work on /opt/airflow/dags/get_datalinks.py
[2025-02-14T01:18:41.917+0000] {processor.py:914} INFO - Processing file /opt/airflow/dags/get_datalinks.py for tasks to queue
[2025-02-14T01:18:41.928+0000] {logging_mixin.py:190} INFO - [2025-02-14T01:18:41.927+0000] {dagbag.py:588} INFO - Filling up the DagBag from /opt/airflow/dags/get_datalinks.py
[2025-02-14T01:18:42.807+0000] {processor.py:925} INFO - DAG(s) 'dag_to_scrape_metadata' retrieved from /opt/airflow/dags/get_datalinks.py
[2025-02-14T01:18:43.487+0000] {logging_mixin.py:190} INFO - [2025-02-14T01:18:43.487+0000] {dag.py:3239} INFO - Sync 1 DAGs
[2025-02-14T01:18:43.599+0000] {logging_mixin.py:190} INFO - [2025-02-14T01:18:43.598+0000] {dag.py:4180} INFO - Setting next_dagrun for dag_to_scrape_metadata to 2025-02-14 00:00:00+00:00, run_after=2025-02-15 00:00:00+00:00
[2025-02-14T01:18:43.717+0000] {processor.py:208} INFO - Processing /opt/airflow/dags/get_datalinks.py took 1.866 seconds
[2025-02-14T01:19:16.010+0000] {processor.py:186} INFO - Started process (PID=118) to work on /opt/airflow/dags/get_datalinks.py
[2025-02-14T01:19:16.012+0000] {processor.py:914} INFO - Processing file /opt/airflow/dags/get_datalinks.py for tasks to queue
[2025-02-14T01:19:16.021+0000] {logging_mixin.py:190} INFO - [2025-02-14T01:19:16.020+0000] {dagbag.py:588} INFO - Filling up the DagBag from /opt/airflow/dags/get_datalinks.py
[2025-02-14T01:19:18.328+0000] {processor.py:925} INFO - DAG(s) 'dag_to_scrape_metadata' retrieved from /opt/airflow/dags/get_datalinks.py
[2025-02-14T01:19:18.427+0000] {logging_mixin.py:190} INFO - [2025-02-14T01:19:18.427+0000] {dag.py:3239} INFO - Sync 1 DAGs
[2025-02-14T01:19:18.542+0000] {logging_mixin.py:190} INFO - [2025-02-14T01:19:18.542+0000] {dag.py:4180} INFO - Setting next_dagrun for dag_to_scrape_metadata to 2025-02-14 00:00:00+00:00, run_after=2025-02-15 00:00:00+00:00
[2025-02-14T01:19:18.702+0000] {processor.py:208} INFO - Processing /opt/airflow/dags/get_datalinks.py took 2.721 seconds
[2025-02-14T01:20:11.180+0000] {processor.py:186} INFO - Started process (PID=138) to work on /opt/airflow/dags/get_datalinks.py
[2025-02-14T01:20:11.206+0000] {processor.py:914} INFO - Processing file /opt/airflow/dags/get_datalinks.py for tasks to queue
[2025-02-14T01:20:11.250+0000] {logging_mixin.py:190} INFO - [2025-02-14T01:20:11.246+0000] {dagbag.py:588} INFO - Filling up the DagBag from /opt/airflow/dags/get_datalinks.py
[2025-02-14T01:20:16.085+0000] {processor.py:925} INFO - DAG(s) 'dag_to_scrape_metadata' retrieved from /opt/airflow/dags/get_datalinks.py
[2025-02-14T01:20:16.327+0000] {logging_mixin.py:190} INFO - [2025-02-14T01:20:16.327+0000] {dag.py:3239} INFO - Sync 1 DAGs
[2025-02-14T01:20:16.547+0000] {logging_mixin.py:190} INFO - [2025-02-14T01:20:16.546+0000] {dag.py:4180} INFO - Setting next_dagrun for dag_to_scrape_metadata to 2025-02-14 00:00:00+00:00, run_after=2025-02-15 00:00:00+00:00
[2025-02-14T01:20:16.835+0000] {processor.py:208} INFO - Processing /opt/airflow/dags/get_datalinks.py took 5.705 seconds
[2025-02-14T01:20:47.188+0000] {processor.py:186} INFO - Started process (PID=152) to work on /opt/airflow/dags/get_datalinks.py
[2025-02-14T01:20:47.195+0000] {processor.py:914} INFO - Processing file /opt/airflow/dags/get_datalinks.py for tasks to queue
[2025-02-14T01:20:47.220+0000] {logging_mixin.py:190} INFO - [2025-02-14T01:20:47.217+0000] {dagbag.py:588} INFO - Filling up the DagBag from /opt/airflow/dags/get_datalinks.py
[2025-02-14T01:20:49.219+0000] {processor.py:925} INFO - DAG(s) 'dag_to_scrape_metadata' retrieved from /opt/airflow/dags/get_datalinks.py
[2025-02-14T01:20:49.319+0000] {logging_mixin.py:190} INFO - [2025-02-14T01:20:49.318+0000] {dag.py:3239} INFO - Sync 1 DAGs
[2025-02-14T01:20:49.429+0000] {logging_mixin.py:190} INFO - [2025-02-14T01:20:49.428+0000] {dag.py:4180} INFO - Setting next_dagrun for dag_to_scrape_metadata to 2025-02-14 00:00:00+00:00, run_after=2025-02-15 00:00:00+00:00
[2025-02-14T01:20:49.489+0000] {processor.py:208} INFO - Processing /opt/airflow/dags/get_datalinks.py took 2.340 seconds
[2025-02-14T01:21:20.034+0000] {processor.py:186} INFO - Started process (PID=166) to work on /opt/airflow/dags/get_datalinks.py
[2025-02-14T01:21:20.037+0000] {processor.py:914} INFO - Processing file /opt/airflow/dags/get_datalinks.py for tasks to queue
[2025-02-14T01:21:20.046+0000] {logging_mixin.py:190} INFO - [2025-02-14T01:21:20.044+0000] {dagbag.py:588} INFO - Filling up the DagBag from /opt/airflow/dags/get_datalinks.py
[2025-02-14T01:21:21.145+0000] {processor.py:925} INFO - DAG(s) 'dag_to_scrape_metadata' retrieved from /opt/airflow/dags/get_datalinks.py
[2025-02-14T01:21:21.257+0000] {logging_mixin.py:190} INFO - [2025-02-14T01:21:21.257+0000] {dag.py:3239} INFO - Sync 1 DAGs
[2025-02-14T01:21:21.353+0000] {logging_mixin.py:190} INFO - [2025-02-14T01:21:21.353+0000] {dag.py:4180} INFO - Setting next_dagrun for dag_to_scrape_metadata to 2025-02-14 00:00:00+00:00, run_after=2025-02-15 00:00:00+00:00
[2025-02-14T01:21:21.428+0000] {processor.py:208} INFO - Processing /opt/airflow/dags/get_datalinks.py took 1.411 seconds
[2025-02-14T01:21:51.771+0000] {processor.py:186} INFO - Started process (PID=180) to work on /opt/airflow/dags/get_datalinks.py
[2025-02-14T01:21:51.778+0000] {processor.py:914} INFO - Processing file /opt/airflow/dags/get_datalinks.py for tasks to queue
[2025-02-14T01:21:51.787+0000] {logging_mixin.py:190} INFO - [2025-02-14T01:21:51.787+0000] {dagbag.py:588} INFO - Filling up the DagBag from /opt/airflow/dags/get_datalinks.py
[2025-02-14T01:21:52.720+0000] {processor.py:925} INFO - DAG(s) 'dag_to_scrape_metadata' retrieved from /opt/airflow/dags/get_datalinks.py
[2025-02-14T01:21:52.895+0000] {logging_mixin.py:190} INFO - [2025-02-14T01:21:52.891+0000] {dag.py:3239} INFO - Sync 1 DAGs
[2025-02-14T01:21:52.998+0000] {logging_mixin.py:190} INFO - [2025-02-14T01:21:52.997+0000] {dag.py:4180} INFO - Setting next_dagrun for dag_to_scrape_metadata to 2025-02-14 00:00:00+00:00, run_after=2025-02-15 00:00:00+00:00
[2025-02-14T01:21:53.100+0000] {processor.py:208} INFO - Processing /opt/airflow/dags/get_datalinks.py took 1.390 seconds
[2025-02-14T01:22:23.672+0000] {processor.py:186} INFO - Started process (PID=194) to work on /opt/airflow/dags/get_datalinks.py
[2025-02-14T01:22:23.674+0000] {processor.py:914} INFO - Processing file /opt/airflow/dags/get_datalinks.py for tasks to queue
[2025-02-14T01:22:23.683+0000] {logging_mixin.py:190} INFO - [2025-02-14T01:22:23.683+0000] {dagbag.py:588} INFO - Filling up the DagBag from /opt/airflow/dags/get_datalinks.py
[2025-02-14T01:22:24.803+0000] {processor.py:925} INFO - DAG(s) 'dag_to_scrape_metadata' retrieved from /opt/airflow/dags/get_datalinks.py
[2025-02-14T01:22:24.875+0000] {logging_mixin.py:190} INFO - [2025-02-14T01:22:24.874+0000] {dag.py:3239} INFO - Sync 1 DAGs
[2025-02-14T01:22:24.952+0000] {logging_mixin.py:190} INFO - [2025-02-14T01:22:24.952+0000] {dag.py:4180} INFO - Setting next_dagrun for dag_to_scrape_metadata to 2025-02-14 00:00:00+00:00, run_after=2025-02-15 00:00:00+00:00
[2025-02-14T01:22:25.007+0000] {processor.py:208} INFO - Processing /opt/airflow/dags/get_datalinks.py took 1.362 seconds
[2025-02-14T01:22:56.043+0000] {processor.py:186} INFO - Started process (PID=212) to work on /opt/airflow/dags/get_datalinks.py
[2025-02-14T01:22:56.058+0000] {processor.py:914} INFO - Processing file /opt/airflow/dags/get_datalinks.py for tasks to queue
[2025-02-14T01:22:56.177+0000] {logging_mixin.py:190} INFO - [2025-02-14T01:22:56.095+0000] {dagbag.py:588} INFO - Filling up the DagBag from /opt/airflow/dags/get_datalinks.py
[2025-02-14T01:22:59.494+0000] {processor.py:925} INFO - DAG(s) 'dag_to_scrape_metadata' retrieved from /opt/airflow/dags/get_datalinks.py
[2025-02-14T01:22:59.953+0000] {logging_mixin.py:190} INFO - [2025-02-14T01:22:59.948+0000] {dag.py:3239} INFO - Sync 1 DAGs
[2025-02-14T01:23:00.995+0000] {logging_mixin.py:190} INFO - [2025-02-14T01:23:00.994+0000] {dag.py:4180} INFO - Setting next_dagrun for dag_to_scrape_metadata to 2025-02-14 00:00:00+00:00, run_after=2025-02-15 00:00:00+00:00
[2025-02-14T01:23:01.308+0000] {processor.py:208} INFO - Processing /opt/airflow/dags/get_datalinks.py took 5.290 seconds
[2025-02-14T02:18:37.506+0000] {processor.py:186} INFO - Started process (PID=86) to work on /opt/airflow/dags/get_datalinks.py
[2025-02-14T02:18:37.518+0000] {processor.py:914} INFO - Processing file /opt/airflow/dags/get_datalinks.py for tasks to queue
[2025-02-14T02:18:37.521+0000] {logging_mixin.py:190} INFO - [2025-02-14T02:18:37.521+0000] {dagbag.py:588} INFO - Filling up the DagBag from /opt/airflow/dags/get_datalinks.py
[2025-02-14T02:18:38.883+0000] {processor.py:925} INFO - DAG(s) 'dag_to_scrape_metadata' retrieved from /opt/airflow/dags/get_datalinks.py
[2025-02-14T02:18:43.655+0000] {logging_mixin.py:190} INFO - [2025-02-14T02:18:43.654+0000] {dag.py:3239} INFO - Sync 1 DAGs
[2025-02-14T02:18:43.902+0000] {logging_mixin.py:190} INFO - [2025-02-14T02:18:43.901+0000] {dag.py:4180} INFO - Setting next_dagrun for dag_to_scrape_metadata to 2025-02-14 00:00:00+00:00, run_after=2025-02-15 00:00:00+00:00
[2025-02-14T02:18:44.249+0000] {processor.py:208} INFO - Processing /opt/airflow/dags/get_datalinks.py took 6.767 seconds
[2025-02-14T02:19:14.510+0000] {processor.py:186} INFO - Started process (PID=106) to work on /opt/airflow/dags/get_datalinks.py
[2025-02-14T02:19:14.511+0000] {processor.py:914} INFO - Processing file /opt/airflow/dags/get_datalinks.py for tasks to queue
[2025-02-14T02:19:14.515+0000] {logging_mixin.py:190} INFO - [2025-02-14T02:19:14.515+0000] {dagbag.py:588} INFO - Filling up the DagBag from /opt/airflow/dags/get_datalinks.py
[2025-02-14T02:19:14.867+0000] {processor.py:925} INFO - DAG(s) 'dag_to_scrape_metadata' retrieved from /opt/airflow/dags/get_datalinks.py
[2025-02-14T02:19:14.892+0000] {logging_mixin.py:190} INFO - [2025-02-14T02:19:14.892+0000] {dag.py:3239} INFO - Sync 1 DAGs
[2025-02-14T02:19:14.913+0000] {logging_mixin.py:190} INFO - [2025-02-14T02:19:14.913+0000] {dag.py:4180} INFO - Setting next_dagrun for dag_to_scrape_metadata to 2025-02-14 00:00:00+00:00, run_after=2025-02-15 00:00:00+00:00
[2025-02-14T02:19:14.937+0000] {processor.py:208} INFO - Processing /opt/airflow/dags/get_datalinks.py took 0.436 seconds
[2025-02-14T02:19:45.073+0000] {processor.py:186} INFO - Started process (PID=120) to work on /opt/airflow/dags/get_datalinks.py
[2025-02-14T02:19:45.074+0000] {processor.py:914} INFO - Processing file /opt/airflow/dags/get_datalinks.py for tasks to queue
[2025-02-14T02:19:45.078+0000] {logging_mixin.py:190} INFO - [2025-02-14T02:19:45.077+0000] {dagbag.py:588} INFO - Filling up the DagBag from /opt/airflow/dags/get_datalinks.py
[2025-02-14T02:19:45.444+0000] {processor.py:925} INFO - DAG(s) 'dag_to_scrape_metadata' retrieved from /opt/airflow/dags/get_datalinks.py
[2025-02-14T02:19:45.476+0000] {logging_mixin.py:190} INFO - [2025-02-14T02:19:45.476+0000] {dag.py:3239} INFO - Sync 1 DAGs
[2025-02-14T02:19:45.501+0000] {logging_mixin.py:190} INFO - [2025-02-14T02:19:45.501+0000] {dag.py:4180} INFO - Setting next_dagrun for dag_to_scrape_metadata to 2025-02-14 00:00:00+00:00, run_after=2025-02-15 00:00:00+00:00
[2025-02-14T02:19:45.531+0000] {processor.py:208} INFO - Processing /opt/airflow/dags/get_datalinks.py took 0.463 seconds
[2025-02-14T02:20:15.578+0000] {processor.py:186} INFO - Started process (PID=133) to work on /opt/airflow/dags/get_datalinks.py
[2025-02-14T02:20:15.579+0000] {processor.py:914} INFO - Processing file /opt/airflow/dags/get_datalinks.py for tasks to queue
[2025-02-14T02:20:15.582+0000] {logging_mixin.py:190} INFO - [2025-02-14T02:20:15.581+0000] {dagbag.py:588} INFO - Filling up the DagBag from /opt/airflow/dags/get_datalinks.py
[2025-02-14T02:20:15.878+0000] {processor.py:925} INFO - DAG(s) 'dag_to_scrape_metadata' retrieved from /opt/airflow/dags/get_datalinks.py
[2025-02-14T02:20:15.895+0000] {logging_mixin.py:190} INFO - [2025-02-14T02:20:15.895+0000] {dag.py:3239} INFO - Sync 1 DAGs
[2025-02-14T02:20:15.915+0000] {logging_mixin.py:190} INFO - [2025-02-14T02:20:15.915+0000] {dag.py:4180} INFO - Setting next_dagrun for dag_to_scrape_metadata to 2025-02-14 00:00:00+00:00, run_after=2025-02-15 00:00:00+00:00
[2025-02-14T02:20:15.937+0000] {processor.py:208} INFO - Processing /opt/airflow/dags/get_datalinks.py took 0.366 seconds
[2025-02-14T02:20:46.047+0000] {processor.py:186} INFO - Started process (PID=147) to work on /opt/airflow/dags/get_datalinks.py
[2025-02-14T02:20:46.048+0000] {processor.py:914} INFO - Processing file /opt/airflow/dags/get_datalinks.py for tasks to queue
[2025-02-14T02:20:46.051+0000] {logging_mixin.py:190} INFO - [2025-02-14T02:20:46.050+0000] {dagbag.py:588} INFO - Filling up the DagBag from /opt/airflow/dags/get_datalinks.py
[2025-02-14T02:20:46.325+0000] {processor.py:925} INFO - DAG(s) 'dag_to_scrape_metadata' retrieved from /opt/airflow/dags/get_datalinks.py
[2025-02-14T02:20:46.342+0000] {logging_mixin.py:190} INFO - [2025-02-14T02:20:46.342+0000] {dag.py:3239} INFO - Sync 1 DAGs
[2025-02-14T02:20:46.362+0000] {logging_mixin.py:190} INFO - [2025-02-14T02:20:46.362+0000] {dag.py:4180} INFO - Setting next_dagrun for dag_to_scrape_metadata to 2025-02-14 00:00:00+00:00, run_after=2025-02-15 00:00:00+00:00
[2025-02-14T02:20:46.384+0000] {processor.py:208} INFO - Processing /opt/airflow/dags/get_datalinks.py took 0.342 seconds
[2025-02-14T02:21:17.022+0000] {processor.py:186} INFO - Started process (PID=162) to work on /opt/airflow/dags/get_datalinks.py
[2025-02-14T02:21:17.023+0000] {processor.py:914} INFO - Processing file /opt/airflow/dags/get_datalinks.py for tasks to queue
[2025-02-14T02:21:17.029+0000] {logging_mixin.py:190} INFO - [2025-02-14T02:21:17.027+0000] {dagbag.py:588} INFO - Filling up the DagBag from /opt/airflow/dags/get_datalinks.py
[2025-02-14T02:21:17.472+0000] {processor.py:925} INFO - DAG(s) 'dag_to_scrape_metadata' retrieved from /opt/airflow/dags/get_datalinks.py
[2025-02-14T02:21:17.507+0000] {logging_mixin.py:190} INFO - [2025-02-14T02:21:17.506+0000] {dag.py:3239} INFO - Sync 1 DAGs
[2025-02-14T02:21:17.532+0000] {logging_mixin.py:190} INFO - [2025-02-14T02:21:17.532+0000] {dag.py:4180} INFO - Setting next_dagrun for dag_to_scrape_metadata to 2025-02-14 00:00:00+00:00, run_after=2025-02-15 00:00:00+00:00
[2025-02-14T02:21:17.552+0000] {processor.py:208} INFO - Processing /opt/airflow/dags/get_datalinks.py took 0.538 seconds
[2025-02-14T02:21:47.735+0000] {processor.py:186} INFO - Started process (PID=180) to work on /opt/airflow/dags/get_datalinks.py
[2025-02-14T02:21:47.736+0000] {processor.py:914} INFO - Processing file /opt/airflow/dags/get_datalinks.py for tasks to queue
[2025-02-14T02:21:47.741+0000] {logging_mixin.py:190} INFO - [2025-02-14T02:21:47.740+0000] {dagbag.py:588} INFO - Filling up the DagBag from /opt/airflow/dags/get_datalinks.py
[2025-02-14T02:21:48.082+0000] {processor.py:925} INFO - DAG(s) 'dag_to_scrape_metadata' retrieved from /opt/airflow/dags/get_datalinks.py
[2025-02-14T02:21:48.104+0000] {logging_mixin.py:190} INFO - [2025-02-14T02:21:48.103+0000] {dag.py:3239} INFO - Sync 1 DAGs
[2025-02-14T02:21:48.133+0000] {logging_mixin.py:190} INFO - [2025-02-14T02:21:48.133+0000] {dag.py:4180} INFO - Setting next_dagrun for dag_to_scrape_metadata to 2025-02-14 00:00:00+00:00, run_after=2025-02-15 00:00:00+00:00
[2025-02-14T02:21:48.160+0000] {processor.py:208} INFO - Processing /opt/airflow/dags/get_datalinks.py took 0.431 seconds
[2025-02-14T02:22:18.419+0000] {processor.py:186} INFO - Started process (PID=195) to work on /opt/airflow/dags/get_datalinks.py
[2025-02-14T02:22:18.426+0000] {processor.py:914} INFO - Processing file /opt/airflow/dags/get_datalinks.py for tasks to queue
[2025-02-14T02:22:18.431+0000] {logging_mixin.py:190} INFO - [2025-02-14T02:22:18.429+0000] {dagbag.py:588} INFO - Filling up the DagBag from /opt/airflow/dags/get_datalinks.py
[2025-02-14T02:22:19.042+0000] {processor.py:925} INFO - DAG(s) 'dag_to_scrape_metadata' retrieved from /opt/airflow/dags/get_datalinks.py
[2025-02-14T02:22:19.079+0000] {logging_mixin.py:190} INFO - [2025-02-14T02:22:19.079+0000] {dag.py:3239} INFO - Sync 1 DAGs
[2025-02-14T02:22:19.119+0000] {logging_mixin.py:190} INFO - [2025-02-14T02:22:19.118+0000] {dag.py:4180} INFO - Setting next_dagrun for dag_to_scrape_metadata to 2025-02-14 00:00:00+00:00, run_after=2025-02-15 00:00:00+00:00
[2025-02-14T02:22:19.145+0000] {processor.py:208} INFO - Processing /opt/airflow/dags/get_datalinks.py took 0.748 seconds
[2025-02-14T02:22:50.044+0000] {processor.py:186} INFO - Started process (PID=209) to work on /opt/airflow/dags/get_datalinks.py
[2025-02-14T02:22:50.045+0000] {processor.py:914} INFO - Processing file /opt/airflow/dags/get_datalinks.py for tasks to queue
[2025-02-14T02:22:50.048+0000] {logging_mixin.py:190} INFO - [2025-02-14T02:22:50.047+0000] {dagbag.py:588} INFO - Filling up the DagBag from /opt/airflow/dags/get_datalinks.py
[2025-02-14T02:22:50.539+0000] {processor.py:925} INFO - DAG(s) 'dag_to_scrape_metadata' retrieved from /opt/airflow/dags/get_datalinks.py
[2025-02-14T02:22:50.559+0000] {logging_mixin.py:190} INFO - [2025-02-14T02:22:50.559+0000] {dag.py:3239} INFO - Sync 1 DAGs
[2025-02-14T02:22:50.581+0000] {logging_mixin.py:190} INFO - [2025-02-14T02:22:50.581+0000] {dag.py:4180} INFO - Setting next_dagrun for dag_to_scrape_metadata to 2025-02-14 00:00:00+00:00, run_after=2025-02-15 00:00:00+00:00
[2025-02-14T02:22:50.604+0000] {processor.py:208} INFO - Processing /opt/airflow/dags/get_datalinks.py took 0.566 seconds
[2025-02-14T02:23:20.873+0000] {processor.py:186} INFO - Started process (PID=223) to work on /opt/airflow/dags/get_datalinks.py
[2025-02-14T02:23:20.875+0000] {processor.py:914} INFO - Processing file /opt/airflow/dags/get_datalinks.py for tasks to queue
[2025-02-14T02:23:20.878+0000] {logging_mixin.py:190} INFO - [2025-02-14T02:23:20.877+0000] {dagbag.py:588} INFO - Filling up the DagBag from /opt/airflow/dags/get_datalinks.py
[2025-02-14T02:23:21.247+0000] {processor.py:925} INFO - DAG(s) 'dag_to_scrape_metadata' retrieved from /opt/airflow/dags/get_datalinks.py
[2025-02-14T02:23:21.266+0000] {logging_mixin.py:190} INFO - [2025-02-14T02:23:21.266+0000] {dag.py:3239} INFO - Sync 1 DAGs
[2025-02-14T02:23:21.296+0000] {logging_mixin.py:190} INFO - [2025-02-14T02:23:21.294+0000] {dag.py:4180} INFO - Setting next_dagrun for dag_to_scrape_metadata to 2025-02-14 00:00:00+00:00, run_after=2025-02-15 00:00:00+00:00
[2025-02-14T02:23:21.314+0000] {processor.py:208} INFO - Processing /opt/airflow/dags/get_datalinks.py took 0.447 seconds
[2025-02-14T02:23:51.627+0000] {processor.py:186} INFO - Started process (PID=238) to work on /opt/airflow/dags/get_datalinks.py
[2025-02-14T02:23:51.628+0000] {processor.py:914} INFO - Processing file /opt/airflow/dags/get_datalinks.py for tasks to queue
[2025-02-14T02:23:51.630+0000] {logging_mixin.py:190} INFO - [2025-02-14T02:23:51.630+0000] {dagbag.py:588} INFO - Filling up the DagBag from /opt/airflow/dags/get_datalinks.py
[2025-02-14T02:23:51.947+0000] {processor.py:925} INFO - DAG(s) 'dag_to_scrape_metadata' retrieved from /opt/airflow/dags/get_datalinks.py
[2025-02-14T02:23:51.973+0000] {logging_mixin.py:190} INFO - [2025-02-14T02:23:51.973+0000] {dag.py:3239} INFO - Sync 1 DAGs
[2025-02-14T02:23:51.996+0000] {logging_mixin.py:190} INFO - [2025-02-14T02:23:51.995+0000] {dag.py:4180} INFO - Setting next_dagrun for dag_to_scrape_metadata to 2025-02-14 00:00:00+00:00, run_after=2025-02-15 00:00:00+00:00
[2025-02-14T02:23:52.020+0000] {processor.py:208} INFO - Processing /opt/airflow/dags/get_datalinks.py took 0.399 seconds
[2025-02-14T02:24:22.125+0000] {processor.py:186} INFO - Started process (PID=252) to work on /opt/airflow/dags/get_datalinks.py
[2025-02-14T02:24:22.126+0000] {processor.py:914} INFO - Processing file /opt/airflow/dags/get_datalinks.py for tasks to queue
[2025-02-14T02:24:22.128+0000] {logging_mixin.py:190} INFO - [2025-02-14T02:24:22.128+0000] {dagbag.py:588} INFO - Filling up the DagBag from /opt/airflow/dags/get_datalinks.py
[2025-02-14T02:24:22.456+0000] {processor.py:925} INFO - DAG(s) 'dag_to_scrape_metadata' retrieved from /opt/airflow/dags/get_datalinks.py
[2025-02-14T02:24:22.481+0000] {logging_mixin.py:190} INFO - [2025-02-14T02:24:22.481+0000] {dag.py:3239} INFO - Sync 1 DAGs
[2025-02-14T02:24:22.509+0000] {logging_mixin.py:190} INFO - [2025-02-14T02:24:22.509+0000] {dag.py:4180} INFO - Setting next_dagrun for dag_to_scrape_metadata to 2025-02-14 00:00:00+00:00, run_after=2025-02-15 00:00:00+00:00
[2025-02-14T02:24:22.534+0000] {processor.py:208} INFO - Processing /opt/airflow/dags/get_datalinks.py took 0.415 seconds
[2025-02-14T02:24:52.865+0000] {processor.py:186} INFO - Started process (PID=266) to work on /opt/airflow/dags/get_datalinks.py
[2025-02-14T02:24:52.866+0000] {processor.py:914} INFO - Processing file /opt/airflow/dags/get_datalinks.py for tasks to queue
[2025-02-14T02:24:52.869+0000] {logging_mixin.py:190} INFO - [2025-02-14T02:24:52.869+0000] {dagbag.py:588} INFO - Filling up the DagBag from /opt/airflow/dags/get_datalinks.py
[2025-02-14T02:24:53.264+0000] {processor.py:925} INFO - DAG(s) 'dag_to_scrape_metadata' retrieved from /opt/airflow/dags/get_datalinks.py
[2025-02-14T02:24:53.295+0000] {logging_mixin.py:190} INFO - [2025-02-14T02:24:53.295+0000] {dag.py:3239} INFO - Sync 1 DAGs
[2025-02-14T02:24:53.327+0000] {logging_mixin.py:190} INFO - [2025-02-14T02:24:53.326+0000] {dag.py:4180} INFO - Setting next_dagrun for dag_to_scrape_metadata to 2025-02-14 00:00:00+00:00, run_after=2025-02-15 00:00:00+00:00
[2025-02-14T02:24:53.361+0000] {processor.py:208} INFO - Processing /opt/airflow/dags/get_datalinks.py took 0.503 seconds
[2025-02-14T02:25:23.884+0000] {processor.py:186} INFO - Started process (PID=280) to work on /opt/airflow/dags/get_datalinks.py
[2025-02-14T02:25:23.886+0000] {processor.py:914} INFO - Processing file /opt/airflow/dags/get_datalinks.py for tasks to queue
[2025-02-14T02:25:23.895+0000] {logging_mixin.py:190} INFO - [2025-02-14T02:25:23.894+0000] {dagbag.py:588} INFO - Filling up the DagBag from /opt/airflow/dags/get_datalinks.py
[2025-02-14T02:25:24.452+0000] {processor.py:925} INFO - DAG(s) 'dag_to_scrape_metadata' retrieved from /opt/airflow/dags/get_datalinks.py
[2025-02-14T02:25:24.483+0000] {logging_mixin.py:190} INFO - [2025-02-14T02:25:24.483+0000] {dag.py:3239} INFO - Sync 1 DAGs
[2025-02-14T02:25:24.516+0000] {logging_mixin.py:190} INFO - [2025-02-14T02:25:24.516+0000] {dag.py:4180} INFO - Setting next_dagrun for dag_to_scrape_metadata to 2025-02-14 00:00:00+00:00, run_after=2025-02-15 00:00:00+00:00
[2025-02-14T02:25:24.566+0000] {processor.py:208} INFO - Processing /opt/airflow/dags/get_datalinks.py took 0.704 seconds
[2025-02-14T02:25:55.321+0000] {processor.py:186} INFO - Started process (PID=294) to work on /opt/airflow/dags/get_datalinks.py
[2025-02-14T02:25:55.322+0000] {processor.py:914} INFO - Processing file /opt/airflow/dags/get_datalinks.py for tasks to queue
[2025-02-14T02:25:55.325+0000] {logging_mixin.py:190} INFO - [2025-02-14T02:25:55.324+0000] {dagbag.py:588} INFO - Filling up the DagBag from /opt/airflow/dags/get_datalinks.py
[2025-02-14T02:25:55.754+0000] {processor.py:925} INFO - DAG(s) 'dag_to_scrape_metadata' retrieved from /opt/airflow/dags/get_datalinks.py
[2025-02-14T02:25:55.782+0000] {logging_mixin.py:190} INFO - [2025-02-14T02:25:55.781+0000] {dag.py:3239} INFO - Sync 1 DAGs
[2025-02-14T02:25:55.817+0000] {logging_mixin.py:190} INFO - [2025-02-14T02:25:55.817+0000] {dag.py:4180} INFO - Setting next_dagrun for dag_to_scrape_metadata to 2025-02-14 00:00:00+00:00, run_after=2025-02-15 00:00:00+00:00
[2025-02-14T02:25:55.843+0000] {processor.py:208} INFO - Processing /opt/airflow/dags/get_datalinks.py took 0.529 seconds
[2025-02-14T02:26:26.783+0000] {processor.py:186} INFO - Started process (PID=306) to work on /opt/airflow/dags/get_datalinks.py
[2025-02-14T02:26:26.785+0000] {processor.py:914} INFO - Processing file /opt/airflow/dags/get_datalinks.py for tasks to queue
[2025-02-14T02:26:26.789+0000] {logging_mixin.py:190} INFO - [2025-02-14T02:26:26.789+0000] {dagbag.py:588} INFO - Filling up the DagBag from /opt/airflow/dags/get_datalinks.py
[2025-02-14T02:26:27.667+0000] {processor.py:925} INFO - DAG(s) 'dag_to_scrape_metadata' retrieved from /opt/airflow/dags/get_datalinks.py
[2025-02-14T02:26:27.719+0000] {logging_mixin.py:190} INFO - [2025-02-14T02:26:27.719+0000] {dag.py:3239} INFO - Sync 1 DAGs
[2025-02-14T02:26:27.814+0000] {logging_mixin.py:190} INFO - [2025-02-14T02:26:27.813+0000] {dag.py:4180} INFO - Setting next_dagrun for dag_to_scrape_metadata to 2025-02-14 00:00:00+00:00, run_after=2025-02-15 00:00:00+00:00
[2025-02-14T02:26:27.878+0000] {processor.py:208} INFO - Processing /opt/airflow/dags/get_datalinks.py took 1.104 seconds
[2025-02-14T02:26:58.012+0000] {processor.py:186} INFO - Started process (PID=318) to work on /opt/airflow/dags/get_datalinks.py
[2025-02-14T02:26:58.013+0000] {processor.py:914} INFO - Processing file /opt/airflow/dags/get_datalinks.py for tasks to queue
[2025-02-14T02:26:58.017+0000] {logging_mixin.py:190} INFO - [2025-02-14T02:26:58.016+0000] {dagbag.py:588} INFO - Filling up the DagBag from /opt/airflow/dags/get_datalinks.py
[2025-02-14T02:26:58.307+0000] {processor.py:925} INFO - DAG(s) 'dag_to_scrape_metadata' retrieved from /opt/airflow/dags/get_datalinks.py
[2025-02-14T02:26:58.327+0000] {logging_mixin.py:190} INFO - [2025-02-14T02:26:58.326+0000] {dag.py:3239} INFO - Sync 1 DAGs
[2025-02-14T02:26:58.347+0000] {logging_mixin.py:190} INFO - [2025-02-14T02:26:58.347+0000] {dag.py:4180} INFO - Setting next_dagrun for dag_to_scrape_metadata to 2025-02-14 00:00:00+00:00, run_after=2025-02-15 00:00:00+00:00
[2025-02-14T02:26:58.368+0000] {processor.py:208} INFO - Processing /opt/airflow/dags/get_datalinks.py took 0.363 seconds
[2025-02-14T02:27:28.471+0000] {processor.py:186} INFO - Started process (PID=332) to work on /opt/airflow/dags/get_datalinks.py
[2025-02-14T02:27:28.473+0000] {processor.py:914} INFO - Processing file /opt/airflow/dags/get_datalinks.py for tasks to queue
[2025-02-14T02:27:28.479+0000] {logging_mixin.py:190} INFO - [2025-02-14T02:27:28.479+0000] {dagbag.py:588} INFO - Filling up the DagBag from /opt/airflow/dags/get_datalinks.py
[2025-02-14T02:27:28.813+0000] {processor.py:925} INFO - DAG(s) 'dag_to_scrape_metadata' retrieved from /opt/airflow/dags/get_datalinks.py
[2025-02-14T02:27:28.830+0000] {logging_mixin.py:190} INFO - [2025-02-14T02:27:28.830+0000] {dag.py:3239} INFO - Sync 1 DAGs
[2025-02-14T02:27:28.851+0000] {logging_mixin.py:190} INFO - [2025-02-14T02:27:28.851+0000] {dag.py:4180} INFO - Setting next_dagrun for dag_to_scrape_metadata to 2025-02-14 00:00:00+00:00, run_after=2025-02-15 00:00:00+00:00
[2025-02-14T02:27:28.870+0000] {processor.py:208} INFO - Processing /opt/airflow/dags/get_datalinks.py took 0.406 seconds
[2025-02-14T02:27:58.972+0000] {processor.py:186} INFO - Started process (PID=347) to work on /opt/airflow/dags/get_datalinks.py
[2025-02-14T02:27:58.973+0000] {processor.py:914} INFO - Processing file /opt/airflow/dags/get_datalinks.py for tasks to queue
[2025-02-14T02:27:58.977+0000] {logging_mixin.py:190} INFO - [2025-02-14T02:27:58.976+0000] {dagbag.py:588} INFO - Filling up the DagBag from /opt/airflow/dags/get_datalinks.py
[2025-02-14T02:27:59.347+0000] {processor.py:925} INFO - DAG(s) 'dag_to_scrape_metadata' retrieved from /opt/airflow/dags/get_datalinks.py
[2025-02-14T02:27:59.369+0000] {logging_mixin.py:190} INFO - [2025-02-14T02:27:59.369+0000] {dag.py:3239} INFO - Sync 1 DAGs
[2025-02-14T02:27:59.395+0000] {logging_mixin.py:190} INFO - [2025-02-14T02:27:59.394+0000] {dag.py:4180} INFO - Setting next_dagrun for dag_to_scrape_metadata to 2025-02-14 00:00:00+00:00, run_after=2025-02-15 00:00:00+00:00
[2025-02-14T02:27:59.420+0000] {processor.py:208} INFO - Processing /opt/airflow/dags/get_datalinks.py took 0.456 seconds
[2025-02-14T02:28:29.998+0000] {processor.py:186} INFO - Started process (PID=362) to work on /opt/airflow/dags/get_datalinks.py
[2025-02-14T02:28:30.000+0000] {processor.py:914} INFO - Processing file /opt/airflow/dags/get_datalinks.py for tasks to queue
[2025-02-14T02:28:30.002+0000] {logging_mixin.py:190} INFO - [2025-02-14T02:28:30.002+0000] {dagbag.py:588} INFO - Filling up the DagBag from /opt/airflow/dags/get_datalinks.py
[2025-02-14T02:28:30.356+0000] {processor.py:925} INFO - DAG(s) 'dag_to_scrape_metadata' retrieved from /opt/airflow/dags/get_datalinks.py
[2025-02-14T02:28:30.377+0000] {logging_mixin.py:190} INFO - [2025-02-14T02:28:30.376+0000] {dag.py:3239} INFO - Sync 1 DAGs
[2025-02-14T02:28:30.399+0000] {logging_mixin.py:190} INFO - [2025-02-14T02:28:30.399+0000] {dag.py:4180} INFO - Setting next_dagrun for dag_to_scrape_metadata to 2025-02-14 00:00:00+00:00, run_after=2025-02-15 00:00:00+00:00
[2025-02-14T02:28:30.426+0000] {processor.py:208} INFO - Processing /opt/airflow/dags/get_datalinks.py took 0.435 seconds
[2025-02-14T02:29:00.922+0000] {processor.py:186} INFO - Started process (PID=376) to work on /opt/airflow/dags/get_datalinks.py
[2025-02-14T02:29:00.924+0000] {processor.py:914} INFO - Processing file /opt/airflow/dags/get_datalinks.py for tasks to queue
[2025-02-14T02:29:00.926+0000] {logging_mixin.py:190} INFO - [2025-02-14T02:29:00.926+0000] {dagbag.py:588} INFO - Filling up the DagBag from /opt/airflow/dags/get_datalinks.py
[2025-02-14T02:29:01.305+0000] {processor.py:925} INFO - DAG(s) 'dag_to_scrape_metadata' retrieved from /opt/airflow/dags/get_datalinks.py
[2025-02-14T02:29:01.335+0000] {logging_mixin.py:190} INFO - [2025-02-14T02:29:01.335+0000] {dag.py:3239} INFO - Sync 1 DAGs
[2025-02-14T02:29:01.365+0000] {logging_mixin.py:190} INFO - [2025-02-14T02:29:01.364+0000] {dag.py:4180} INFO - Setting next_dagrun for dag_to_scrape_metadata to 2025-02-14 00:00:00+00:00, run_after=2025-02-15 00:00:00+00:00
[2025-02-14T02:29:01.390+0000] {processor.py:208} INFO - Processing /opt/airflow/dags/get_datalinks.py took 0.475 seconds
[2025-02-14T02:29:31.528+0000] {processor.py:186} INFO - Started process (PID=387) to work on /opt/airflow/dags/get_datalinks.py
[2025-02-14T02:29:31.531+0000] {processor.py:914} INFO - Processing file /opt/airflow/dags/get_datalinks.py for tasks to queue
[2025-02-14T02:29:31.541+0000] {logging_mixin.py:190} INFO - [2025-02-14T02:29:31.541+0000] {dagbag.py:588} INFO - Filling up the DagBag from /opt/airflow/dags/get_datalinks.py
[2025-02-14T02:29:31.945+0000] {processor.py:925} INFO - DAG(s) 'dag_to_scrape_metadata' retrieved from /opt/airflow/dags/get_datalinks.py
[2025-02-14T02:29:31.965+0000] {logging_mixin.py:190} INFO - [2025-02-14T02:29:31.964+0000] {dag.py:3239} INFO - Sync 1 DAGs
[2025-02-14T02:29:31.986+0000] {logging_mixin.py:190} INFO - [2025-02-14T02:29:31.986+0000] {dag.py:4180} INFO - Setting next_dagrun for dag_to_scrape_metadata to 2025-02-14 00:00:00+00:00, run_after=2025-02-15 00:00:00+00:00
[2025-02-14T02:29:32.012+0000] {processor.py:208} INFO - Processing /opt/airflow/dags/get_datalinks.py took 0.492 seconds
[2025-02-14T02:30:02.585+0000] {processor.py:186} INFO - Started process (PID=400) to work on /opt/airflow/dags/get_datalinks.py
[2025-02-14T02:30:02.586+0000] {processor.py:914} INFO - Processing file /opt/airflow/dags/get_datalinks.py for tasks to queue
[2025-02-14T02:30:02.589+0000] {logging_mixin.py:190} INFO - [2025-02-14T02:30:02.589+0000] {dagbag.py:588} INFO - Filling up the DagBag from /opt/airflow/dags/get_datalinks.py
[2025-02-14T02:30:02.939+0000] {processor.py:925} INFO - DAG(s) 'dag_to_scrape_metadata' retrieved from /opt/airflow/dags/get_datalinks.py
[2025-02-14T02:30:02.961+0000] {logging_mixin.py:190} INFO - [2025-02-14T02:30:02.961+0000] {dag.py:3239} INFO - Sync 1 DAGs
[2025-02-14T02:30:02.982+0000] {logging_mixin.py:190} INFO - [2025-02-14T02:30:02.982+0000] {dag.py:4180} INFO - Setting next_dagrun for dag_to_scrape_metadata to 2025-02-14 00:00:00+00:00, run_after=2025-02-15 00:00:00+00:00
[2025-02-14T02:30:03.000+0000] {processor.py:208} INFO - Processing /opt/airflow/dags/get_datalinks.py took 0.422 seconds
