[2025-02-14T00:53:32.776+0000] {processor.py:186} INFO - Started process (PID=110) to work on /opt/airflow/dags/scrape_upload_dag.py
[2025-02-14T00:53:32.777+0000] {processor.py:914} INFO - Processing file /opt/airflow/dags/scrape_upload_dag.py for tasks to queue
[2025-02-14T00:53:32.785+0000] {logging_mixin.py:190} INFO - [2025-02-14T00:53:32.784+0000] {dagbag.py:588} INFO - Filling up the DagBag from /opt/airflow/dags/scrape_upload_dag.py
[2025-02-14T00:53:33.297+0000] {processor.py:925} INFO - DAG(s) 'dag_to_scrape_and_upload' retrieved from /opt/airflow/dags/scrape_upload_dag.py
[2025-02-14T00:53:33.636+0000] {logging_mixin.py:190} INFO - [2025-02-14T00:53:33.636+0000] {dag.py:3239} INFO - Sync 1 DAGs
[2025-02-14T00:53:33.687+0000] {logging_mixin.py:190} INFO - [2025-02-14T00:53:33.687+0000] {dag.py:4180} INFO - Setting next_dagrun for dag_to_scrape_and_upload to 2025-02-14 00:00:00+00:00, run_after=2025-02-15 00:00:00+00:00
[2025-02-14T00:53:33.727+0000] {processor.py:208} INFO - Processing /opt/airflow/dags/scrape_upload_dag.py took 0.969 seconds
[2025-02-14T00:54:03.992+0000] {processor.py:186} INFO - Started process (PID=123) to work on /opt/airflow/dags/scrape_upload_dag.py
[2025-02-14T00:54:03.994+0000] {processor.py:914} INFO - Processing file /opt/airflow/dags/scrape_upload_dag.py for tasks to queue
[2025-02-14T00:54:04.003+0000] {logging_mixin.py:190} INFO - [2025-02-14T00:54:04.002+0000] {dagbag.py:588} INFO - Filling up the DagBag from /opt/airflow/dags/scrape_upload_dag.py
[2025-02-14T00:54:04.994+0000] {processor.py:925} INFO - DAG(s) 'dag_to_scrape_and_upload' retrieved from /opt/airflow/dags/scrape_upload_dag.py
[2025-02-14T00:54:05.063+0000] {logging_mixin.py:190} INFO - [2025-02-14T00:54:05.062+0000] {dag.py:3239} INFO - Sync 1 DAGs
[2025-02-14T00:54:05.123+0000] {logging_mixin.py:190} INFO - [2025-02-14T00:54:05.123+0000] {dag.py:4180} INFO - Setting next_dagrun for dag_to_scrape_and_upload to 2025-02-14 00:00:00+00:00, run_after=2025-02-15 00:00:00+00:00
[2025-02-14T00:54:05.193+0000] {processor.py:208} INFO - Processing /opt/airflow/dags/scrape_upload_dag.py took 1.218 seconds
[2025-02-14T00:54:35.524+0000] {processor.py:186} INFO - Started process (PID=136) to work on /opt/airflow/dags/scrape_upload_dag.py
[2025-02-14T00:54:35.533+0000] {processor.py:914} INFO - Processing file /opt/airflow/dags/scrape_upload_dag.py for tasks to queue
[2025-02-14T00:54:35.541+0000] {logging_mixin.py:190} INFO - [2025-02-14T00:54:35.537+0000] {dagbag.py:588} INFO - Filling up the DagBag from /opt/airflow/dags/scrape_upload_dag.py
[2025-02-14T00:54:36.532+0000] {processor.py:925} INFO - DAG(s) 'dag_to_scrape_and_upload' retrieved from /opt/airflow/dags/scrape_upload_dag.py
[2025-02-14T00:54:36.651+0000] {logging_mixin.py:190} INFO - [2025-02-14T00:54:36.646+0000] {dag.py:3239} INFO - Sync 1 DAGs
[2025-02-14T00:54:36.764+0000] {logging_mixin.py:190} INFO - [2025-02-14T00:54:36.764+0000] {dag.py:4180} INFO - Setting next_dagrun for dag_to_scrape_and_upload to 2025-02-14 00:00:00+00:00, run_after=2025-02-15 00:00:00+00:00
[2025-02-14T00:54:36.866+0000] {processor.py:208} INFO - Processing /opt/airflow/dags/scrape_upload_dag.py took 1.363 seconds
[2025-02-14T00:55:07.400+0000] {processor.py:186} INFO - Started process (PID=156) to work on /opt/airflow/dags/scrape_upload_dag.py
[2025-02-14T00:55:07.405+0000] {processor.py:914} INFO - Processing file /opt/airflow/dags/scrape_upload_dag.py for tasks to queue
[2025-02-14T00:55:07.414+0000] {logging_mixin.py:190} INFO - [2025-02-14T00:55:07.409+0000] {dagbag.py:588} INFO - Filling up the DagBag from /opt/airflow/dags/scrape_upload_dag.py
[2025-02-14T00:55:08.046+0000] {processor.py:925} INFO - DAG(s) 'dag_to_scrape_and_upload' retrieved from /opt/airflow/dags/scrape_upload_dag.py
[2025-02-14T00:55:08.094+0000] {logging_mixin.py:190} INFO - [2025-02-14T00:55:08.090+0000] {dag.py:3239} INFO - Sync 1 DAGs
[2025-02-14T00:55:08.139+0000] {logging_mixin.py:190} INFO - [2025-02-14T00:55:08.138+0000] {dag.py:4180} INFO - Setting next_dagrun for dag_to_scrape_and_upload to 2025-02-14 00:00:00+00:00, run_after=2025-02-15 00:00:00+00:00
[2025-02-14T00:55:08.176+0000] {processor.py:208} INFO - Processing /opt/airflow/dags/scrape_upload_dag.py took 0.791 seconds
[2025-02-14T00:55:38.528+0000] {processor.py:186} INFO - Started process (PID=169) to work on /opt/airflow/dags/scrape_upload_dag.py
[2025-02-14T00:55:38.529+0000] {processor.py:914} INFO - Processing file /opt/airflow/dags/scrape_upload_dag.py for tasks to queue
[2025-02-14T00:55:38.532+0000] {logging_mixin.py:190} INFO - [2025-02-14T00:55:38.532+0000] {dagbag.py:588} INFO - Filling up the DagBag from /opt/airflow/dags/scrape_upload_dag.py
[2025-02-14T00:55:39.157+0000] {processor.py:925} INFO - DAG(s) 'dag_to_scrape_and_upload' retrieved from /opt/airflow/dags/scrape_upload_dag.py
[2025-02-14T00:55:39.218+0000] {logging_mixin.py:190} INFO - [2025-02-14T00:55:39.218+0000] {dag.py:3239} INFO - Sync 1 DAGs
[2025-02-14T00:55:39.262+0000] {logging_mixin.py:190} INFO - [2025-02-14T00:55:39.262+0000] {dag.py:4180} INFO - Setting next_dagrun for dag_to_scrape_and_upload to 2025-02-14 00:00:00+00:00, run_after=2025-02-15 00:00:00+00:00
[2025-02-14T00:55:39.309+0000] {processor.py:208} INFO - Processing /opt/airflow/dags/scrape_upload_dag.py took 0.791 seconds
[2025-02-14T00:56:09.918+0000] {processor.py:186} INFO - Started process (PID=183) to work on /opt/airflow/dags/scrape_upload_dag.py
[2025-02-14T00:56:09.930+0000] {processor.py:914} INFO - Processing file /opt/airflow/dags/scrape_upload_dag.py for tasks to queue
[2025-02-14T00:56:09.949+0000] {logging_mixin.py:190} INFO - [2025-02-14T00:56:09.948+0000] {dagbag.py:588} INFO - Filling up the DagBag from /opt/airflow/dags/scrape_upload_dag.py
[2025-02-14T00:56:10.778+0000] {processor.py:925} INFO - DAG(s) 'dag_to_scrape_and_upload' retrieved from /opt/airflow/dags/scrape_upload_dag.py
[2025-02-14T00:56:10.832+0000] {logging_mixin.py:190} INFO - [2025-02-14T00:56:10.832+0000] {dag.py:3239} INFO - Sync 1 DAGs
[2025-02-14T00:56:10.887+0000] {logging_mixin.py:190} INFO - [2025-02-14T00:56:10.886+0000] {dag.py:4180} INFO - Setting next_dagrun for dag_to_scrape_and_upload to 2025-02-14 00:00:00+00:00, run_after=2025-02-15 00:00:00+00:00
[2025-02-14T00:56:10.936+0000] {processor.py:208} INFO - Processing /opt/airflow/dags/scrape_upload_dag.py took 1.040 seconds
[2025-02-14T00:56:41.100+0000] {processor.py:186} INFO - Started process (PID=197) to work on /opt/airflow/dags/scrape_upload_dag.py
[2025-02-14T00:56:41.104+0000] {processor.py:914} INFO - Processing file /opt/airflow/dags/scrape_upload_dag.py for tasks to queue
[2025-02-14T00:56:41.111+0000] {logging_mixin.py:190} INFO - [2025-02-14T00:56:41.110+0000] {dagbag.py:588} INFO - Filling up the DagBag from /opt/airflow/dags/scrape_upload_dag.py
[2025-02-14T00:56:41.801+0000] {processor.py:925} INFO - DAG(s) 'dag_to_scrape_and_upload' retrieved from /opt/airflow/dags/scrape_upload_dag.py
[2025-02-14T00:56:41.861+0000] {logging_mixin.py:190} INFO - [2025-02-14T00:56:41.861+0000] {dag.py:3239} INFO - Sync 1 DAGs
[2025-02-14T00:56:41.904+0000] {logging_mixin.py:190} INFO - [2025-02-14T00:56:41.904+0000] {dag.py:4180} INFO - Setting next_dagrun for dag_to_scrape_and_upload to 2025-02-14 00:00:00+00:00, run_after=2025-02-15 00:00:00+00:00
[2025-02-14T00:56:41.943+0000] {processor.py:208} INFO - Processing /opt/airflow/dags/scrape_upload_dag.py took 0.854 seconds
[2025-02-14T00:57:12.067+0000] {processor.py:186} INFO - Started process (PID=211) to work on /opt/airflow/dags/scrape_upload_dag.py
[2025-02-14T00:57:12.068+0000] {processor.py:914} INFO - Processing file /opt/airflow/dags/scrape_upload_dag.py for tasks to queue
[2025-02-14T00:57:12.075+0000] {logging_mixin.py:190} INFO - [2025-02-14T00:57:12.074+0000] {dagbag.py:588} INFO - Filling up the DagBag from /opt/airflow/dags/scrape_upload_dag.py
[2025-02-14T00:57:12.679+0000] {processor.py:925} INFO - DAG(s) 'dag_to_scrape_and_upload' retrieved from /opt/airflow/dags/scrape_upload_dag.py
[2025-02-14T00:57:12.728+0000] {logging_mixin.py:190} INFO - [2025-02-14T00:57:12.728+0000] {dag.py:3239} INFO - Sync 1 DAGs
[2025-02-14T00:57:12.765+0000] {logging_mixin.py:190} INFO - [2025-02-14T00:57:12.765+0000] {dag.py:4180} INFO - Setting next_dagrun for dag_to_scrape_and_upload to 2025-02-14 00:00:00+00:00, run_after=2025-02-15 00:00:00+00:00
[2025-02-14T00:57:12.803+0000] {processor.py:208} INFO - Processing /opt/airflow/dags/scrape_upload_dag.py took 0.749 seconds
[2025-02-14T00:57:43.266+0000] {processor.py:186} INFO - Started process (PID=225) to work on /opt/airflow/dags/scrape_upload_dag.py
[2025-02-14T00:57:43.268+0000] {processor.py:914} INFO - Processing file /opt/airflow/dags/scrape_upload_dag.py for tasks to queue
[2025-02-14T00:57:43.275+0000] {logging_mixin.py:190} INFO - [2025-02-14T00:57:43.274+0000] {dagbag.py:588} INFO - Filling up the DagBag from /opt/airflow/dags/scrape_upload_dag.py
[2025-02-14T00:57:43.883+0000] {processor.py:925} INFO - DAG(s) 'dag_to_scrape_and_upload' retrieved from /opt/airflow/dags/scrape_upload_dag.py
[2025-02-14T00:57:43.923+0000] {logging_mixin.py:190} INFO - [2025-02-14T00:57:43.922+0000] {dag.py:3239} INFO - Sync 1 DAGs
[2025-02-14T00:57:43.963+0000] {logging_mixin.py:190} INFO - [2025-02-14T00:57:43.963+0000] {dag.py:4180} INFO - Setting next_dagrun for dag_to_scrape_and_upload to 2025-02-14 00:00:00+00:00, run_after=2025-02-15 00:00:00+00:00
[2025-02-14T00:57:43.996+0000] {processor.py:208} INFO - Processing /opt/airflow/dags/scrape_upload_dag.py took 0.748 seconds
[2025-02-14T00:58:14.157+0000] {processor.py:186} INFO - Started process (PID=239) to work on /opt/airflow/dags/scrape_upload_dag.py
[2025-02-14T00:58:14.159+0000] {processor.py:914} INFO - Processing file /opt/airflow/dags/scrape_upload_dag.py for tasks to queue
[2025-02-14T00:58:14.167+0000] {logging_mixin.py:190} INFO - [2025-02-14T00:58:14.166+0000] {dagbag.py:588} INFO - Filling up the DagBag from /opt/airflow/dags/scrape_upload_dag.py
[2025-02-14T00:58:14.839+0000] {processor.py:925} INFO - DAG(s) 'dag_to_scrape_and_upload' retrieved from /opt/airflow/dags/scrape_upload_dag.py
[2025-02-14T00:58:14.885+0000] {logging_mixin.py:190} INFO - [2025-02-14T00:58:14.885+0000] {dag.py:3239} INFO - Sync 1 DAGs
[2025-02-14T00:58:14.926+0000] {logging_mixin.py:190} INFO - [2025-02-14T00:58:14.926+0000] {dag.py:4180} INFO - Setting next_dagrun for dag_to_scrape_and_upload to 2025-02-14 00:00:00+00:00, run_after=2025-02-15 00:00:00+00:00
[2025-02-14T00:58:14.966+0000] {processor.py:208} INFO - Processing /opt/airflow/dags/scrape_upload_dag.py took 0.826 seconds
[2025-02-14T00:58:45.301+0000] {processor.py:186} INFO - Started process (PID=254) to work on /opt/airflow/dags/scrape_upload_dag.py
[2025-02-14T00:58:45.302+0000] {processor.py:914} INFO - Processing file /opt/airflow/dags/scrape_upload_dag.py for tasks to queue
[2025-02-14T00:58:45.312+0000] {logging_mixin.py:190} INFO - [2025-02-14T00:58:45.311+0000] {dagbag.py:588} INFO - Filling up the DagBag from /opt/airflow/dags/scrape_upload_dag.py
[2025-02-14T00:58:46.030+0000] {processor.py:925} INFO - DAG(s) 'dag_to_scrape_and_upload' retrieved from /opt/airflow/dags/scrape_upload_dag.py
[2025-02-14T00:58:46.082+0000] {logging_mixin.py:190} INFO - [2025-02-14T00:58:46.082+0000] {dag.py:3239} INFO - Sync 1 DAGs
[2025-02-14T00:58:46.132+0000] {logging_mixin.py:190} INFO - [2025-02-14T00:58:46.132+0000] {dag.py:4180} INFO - Setting next_dagrun for dag_to_scrape_and_upload to 2025-02-14 00:00:00+00:00, run_after=2025-02-15 00:00:00+00:00
[2025-02-14T00:58:46.174+0000] {processor.py:208} INFO - Processing /opt/airflow/dags/scrape_upload_dag.py took 0.883 seconds
[2025-02-14T00:59:16.951+0000] {processor.py:186} INFO - Started process (PID=268) to work on /opt/airflow/dags/scrape_upload_dag.py
[2025-02-14T00:59:16.952+0000] {processor.py:914} INFO - Processing file /opt/airflow/dags/scrape_upload_dag.py for tasks to queue
[2025-02-14T00:59:16.959+0000] {logging_mixin.py:190} INFO - [2025-02-14T00:59:16.958+0000] {dagbag.py:588} INFO - Filling up the DagBag from /opt/airflow/dags/scrape_upload_dag.py
[2025-02-14T00:59:17.581+0000] {processor.py:925} INFO - DAG(s) 'dag_to_scrape_and_upload' retrieved from /opt/airflow/dags/scrape_upload_dag.py
[2025-02-14T00:59:17.632+0000] {logging_mixin.py:190} INFO - [2025-02-14T00:59:17.632+0000] {dag.py:3239} INFO - Sync 1 DAGs
[2025-02-14T00:59:17.680+0000] {logging_mixin.py:190} INFO - [2025-02-14T00:59:17.679+0000] {dag.py:4180} INFO - Setting next_dagrun for dag_to_scrape_and_upload to 2025-02-14 00:00:00+00:00, run_after=2025-02-15 00:00:00+00:00
[2025-02-14T00:59:17.713+0000] {processor.py:208} INFO - Processing /opt/airflow/dags/scrape_upload_dag.py took 0.774 seconds
[2025-02-14T00:59:48.611+0000] {processor.py:186} INFO - Started process (PID=282) to work on /opt/airflow/dags/scrape_upload_dag.py
[2025-02-14T00:59:48.613+0000] {processor.py:914} INFO - Processing file /opt/airflow/dags/scrape_upload_dag.py for tasks to queue
[2025-02-14T00:59:48.620+0000] {logging_mixin.py:190} INFO - [2025-02-14T00:59:48.620+0000] {dagbag.py:588} INFO - Filling up the DagBag from /opt/airflow/dags/scrape_upload_dag.py
[2025-02-14T00:59:49.404+0000] {processor.py:925} INFO - DAG(s) 'dag_to_scrape_and_upload' retrieved from /opt/airflow/dags/scrape_upload_dag.py
[2025-02-14T00:59:49.459+0000] {logging_mixin.py:190} INFO - [2025-02-14T00:59:49.458+0000] {dag.py:3239} INFO - Sync 1 DAGs
[2025-02-14T00:59:49.504+0000] {logging_mixin.py:190} INFO - [2025-02-14T00:59:49.504+0000] {dag.py:4180} INFO - Setting next_dagrun for dag_to_scrape_and_upload to 2025-02-14 00:00:00+00:00, run_after=2025-02-15 00:00:00+00:00
[2025-02-14T00:59:49.542+0000] {processor.py:208} INFO - Processing /opt/airflow/dags/scrape_upload_dag.py took 0.943 seconds
[2025-02-14T01:00:20.202+0000] {processor.py:186} INFO - Started process (PID=296) to work on /opt/airflow/dags/scrape_upload_dag.py
[2025-02-14T01:00:20.204+0000] {processor.py:914} INFO - Processing file /opt/airflow/dags/scrape_upload_dag.py for tasks to queue
[2025-02-14T01:00:20.208+0000] {logging_mixin.py:190} INFO - [2025-02-14T01:00:20.207+0000] {dagbag.py:588} INFO - Filling up the DagBag from /opt/airflow/dags/scrape_upload_dag.py
[2025-02-14T01:00:20.952+0000] {processor.py:925} INFO - DAG(s) 'dag_to_scrape_and_upload' retrieved from /opt/airflow/dags/scrape_upload_dag.py
[2025-02-14T01:00:21.007+0000] {logging_mixin.py:190} INFO - [2025-02-14T01:00:21.006+0000] {dag.py:3239} INFO - Sync 1 DAGs
[2025-02-14T01:00:21.062+0000] {logging_mixin.py:190} INFO - [2025-02-14T01:00:21.058+0000] {dag.py:4180} INFO - Setting next_dagrun for dag_to_scrape_and_upload to 2025-02-14 00:00:00+00:00, run_after=2025-02-15 00:00:00+00:00
[2025-02-14T01:00:21.126+0000] {processor.py:208} INFO - Processing /opt/airflow/dags/scrape_upload_dag.py took 0.943 seconds
[2025-02-14T01:00:51.307+0000] {processor.py:186} INFO - Started process (PID=309) to work on /opt/airflow/dags/scrape_upload_dag.py
[2025-02-14T01:00:51.312+0000] {processor.py:914} INFO - Processing file /opt/airflow/dags/scrape_upload_dag.py for tasks to queue
[2025-02-14T01:00:51.317+0000] {logging_mixin.py:190} INFO - [2025-02-14T01:00:51.317+0000] {dagbag.py:588} INFO - Filling up the DagBag from /opt/airflow/dags/scrape_upload_dag.py
[2025-02-14T01:00:52.156+0000] {processor.py:925} INFO - DAG(s) 'dag_to_scrape_and_upload' retrieved from /opt/airflow/dags/scrape_upload_dag.py
[2025-02-14T01:00:52.227+0000] {logging_mixin.py:190} INFO - [2025-02-14T01:00:52.227+0000] {dag.py:3239} INFO - Sync 1 DAGs
[2025-02-14T01:00:52.283+0000] {logging_mixin.py:190} INFO - [2025-02-14T01:00:52.283+0000] {dag.py:4180} INFO - Setting next_dagrun for dag_to_scrape_and_upload to 2025-02-14 00:00:00+00:00, run_after=2025-02-15 00:00:00+00:00
[2025-02-14T01:00:52.324+0000] {processor.py:208} INFO - Processing /opt/airflow/dags/scrape_upload_dag.py took 1.037 seconds
[2025-02-14T01:01:22.426+0000] {processor.py:186} INFO - Started process (PID=324) to work on /opt/airflow/dags/scrape_upload_dag.py
[2025-02-14T01:01:22.427+0000] {processor.py:914} INFO - Processing file /opt/airflow/dags/scrape_upload_dag.py for tasks to queue
[2025-02-14T01:01:22.436+0000] {logging_mixin.py:190} INFO - [2025-02-14T01:01:22.435+0000] {dagbag.py:588} INFO - Filling up the DagBag from /opt/airflow/dags/scrape_upload_dag.py
[2025-02-14T01:01:23.108+0000] {processor.py:925} INFO - DAG(s) 'dag_to_scrape_and_upload' retrieved from /opt/airflow/dags/scrape_upload_dag.py
[2025-02-14T01:01:23.329+0000] {logging_mixin.py:190} INFO - [2025-02-14T01:01:23.328+0000] {dag.py:3239} INFO - Sync 1 DAGs
[2025-02-14T01:01:23.416+0000] {logging_mixin.py:190} INFO - [2025-02-14T01:01:23.415+0000] {dag.py:4180} INFO - Setting next_dagrun for dag_to_scrape_and_upload to 2025-02-14 00:00:00+00:00, run_after=2025-02-15 00:00:00+00:00
[2025-02-14T01:01:23.466+0000] {processor.py:208} INFO - Processing /opt/airflow/dags/scrape_upload_dag.py took 1.052 seconds
[2025-02-14T01:01:54.307+0000] {processor.py:186} INFO - Started process (PID=338) to work on /opt/airflow/dags/scrape_upload_dag.py
[2025-02-14T01:01:54.308+0000] {processor.py:914} INFO - Processing file /opt/airflow/dags/scrape_upload_dag.py for tasks to queue
[2025-02-14T01:01:54.311+0000] {logging_mixin.py:190} INFO - [2025-02-14T01:01:54.311+0000] {dagbag.py:588} INFO - Filling up the DagBag from /opt/airflow/dags/scrape_upload_dag.py
[2025-02-14T01:01:54.929+0000] {processor.py:925} INFO - DAG(s) 'dag_to_scrape_and_upload' retrieved from /opt/airflow/dags/scrape_upload_dag.py
[2025-02-14T01:01:54.978+0000] {logging_mixin.py:190} INFO - [2025-02-14T01:01:54.977+0000] {dag.py:3239} INFO - Sync 1 DAGs
[2025-02-14T01:01:55.020+0000] {logging_mixin.py:190} INFO - [2025-02-14T01:01:55.020+0000] {dag.py:4180} INFO - Setting next_dagrun for dag_to_scrape_and_upload to 2025-02-14 00:00:00+00:00, run_after=2025-02-15 00:00:00+00:00
[2025-02-14T01:01:55.063+0000] {processor.py:208} INFO - Processing /opt/airflow/dags/scrape_upload_dag.py took 0.770 seconds
[2025-02-14T01:02:25.666+0000] {processor.py:186} INFO - Started process (PID=351) to work on /opt/airflow/dags/scrape_upload_dag.py
[2025-02-14T01:02:25.672+0000] {processor.py:914} INFO - Processing file /opt/airflow/dags/scrape_upload_dag.py for tasks to queue
[2025-02-14T01:02:25.675+0000] {logging_mixin.py:190} INFO - [2025-02-14T01:02:25.674+0000] {dagbag.py:588} INFO - Filling up the DagBag from /opt/airflow/dags/scrape_upload_dag.py
[2025-02-14T01:02:26.330+0000] {processor.py:925} INFO - DAG(s) 'dag_to_scrape_and_upload' retrieved from /opt/airflow/dags/scrape_upload_dag.py
[2025-02-14T01:02:26.366+0000] {logging_mixin.py:190} INFO - [2025-02-14T01:02:26.366+0000] {dag.py:3239} INFO - Sync 1 DAGs
[2025-02-14T01:02:26.423+0000] {logging_mixin.py:190} INFO - [2025-02-14T01:02:26.422+0000] {dag.py:4180} INFO - Setting next_dagrun for dag_to_scrape_and_upload to 2025-02-14 00:00:00+00:00, run_after=2025-02-15 00:00:00+00:00
[2025-02-14T01:02:26.462+0000] {processor.py:208} INFO - Processing /opt/airflow/dags/scrape_upload_dag.py took 0.811 seconds
[2025-02-14T01:02:56.955+0000] {processor.py:186} INFO - Started process (PID=365) to work on /opt/airflow/dags/scrape_upload_dag.py
[2025-02-14T01:02:56.956+0000] {processor.py:914} INFO - Processing file /opt/airflow/dags/scrape_upload_dag.py for tasks to queue
[2025-02-14T01:02:56.960+0000] {logging_mixin.py:190} INFO - [2025-02-14T01:02:56.960+0000] {dagbag.py:588} INFO - Filling up the DagBag from /opt/airflow/dags/scrape_upload_dag.py
[2025-02-14T01:02:57.577+0000] {processor.py:925} INFO - DAG(s) 'dag_to_scrape_and_upload' retrieved from /opt/airflow/dags/scrape_upload_dag.py
[2025-02-14T01:02:57.620+0000] {logging_mixin.py:190} INFO - [2025-02-14T01:02:57.620+0000] {dag.py:3239} INFO - Sync 1 DAGs
[2025-02-14T01:02:57.670+0000] {logging_mixin.py:190} INFO - [2025-02-14T01:02:57.670+0000] {dag.py:4180} INFO - Setting next_dagrun for dag_to_scrape_and_upload to 2025-02-14 00:00:00+00:00, run_after=2025-02-15 00:00:00+00:00
[2025-02-14T01:02:57.727+0000] {processor.py:208} INFO - Processing /opt/airflow/dags/scrape_upload_dag.py took 0.788 seconds
[2025-02-14T01:03:28.141+0000] {processor.py:186} INFO - Started process (PID=379) to work on /opt/airflow/dags/scrape_upload_dag.py
[2025-02-14T01:03:28.142+0000] {processor.py:914} INFO - Processing file /opt/airflow/dags/scrape_upload_dag.py for tasks to queue
[2025-02-14T01:03:28.149+0000] {logging_mixin.py:190} INFO - [2025-02-14T01:03:28.149+0000] {dagbag.py:588} INFO - Filling up the DagBag from /opt/airflow/dags/scrape_upload_dag.py
[2025-02-14T01:03:28.770+0000] {processor.py:925} INFO - DAG(s) 'dag_to_scrape_and_upload' retrieved from /opt/airflow/dags/scrape_upload_dag.py
[2025-02-14T01:03:28.818+0000] {logging_mixin.py:190} INFO - [2025-02-14T01:03:28.818+0000] {dag.py:3239} INFO - Sync 1 DAGs
[2025-02-14T01:03:28.912+0000] {logging_mixin.py:190} INFO - [2025-02-14T01:03:28.912+0000] {dag.py:4180} INFO - Setting next_dagrun for dag_to_scrape_and_upload to 2025-02-14 00:00:00+00:00, run_after=2025-02-15 00:00:00+00:00
[2025-02-14T01:03:28.981+0000] {processor.py:208} INFO - Processing /opt/airflow/dags/scrape_upload_dag.py took 0.850 seconds
[2025-02-14T01:03:59.173+0000] {processor.py:186} INFO - Started process (PID=393) to work on /opt/airflow/dags/scrape_upload_dag.py
[2025-02-14T01:03:59.176+0000] {processor.py:914} INFO - Processing file /opt/airflow/dags/scrape_upload_dag.py for tasks to queue
[2025-02-14T01:03:59.187+0000] {logging_mixin.py:190} INFO - [2025-02-14T01:03:59.183+0000] {dagbag.py:588} INFO - Filling up the DagBag from /opt/airflow/dags/scrape_upload_dag.py
[2025-02-14T01:03:59.884+0000] {processor.py:925} INFO - DAG(s) 'dag_to_scrape_and_upload' retrieved from /opt/airflow/dags/scrape_upload_dag.py
[2025-02-14T01:03:59.932+0000] {logging_mixin.py:190} INFO - [2025-02-14T01:03:59.928+0000] {dag.py:3239} INFO - Sync 1 DAGs
[2025-02-14T01:03:59.992+0000] {logging_mixin.py:190} INFO - [2025-02-14T01:03:59.992+0000] {dag.py:4180} INFO - Setting next_dagrun for dag_to_scrape_and_upload to 2025-02-14 00:00:00+00:00, run_after=2025-02-15 00:00:00+00:00
[2025-02-14T01:04:00.036+0000] {processor.py:208} INFO - Processing /opt/airflow/dags/scrape_upload_dag.py took 0.882 seconds
[2025-02-14T01:04:30.742+0000] {processor.py:186} INFO - Started process (PID=407) to work on /opt/airflow/dags/scrape_upload_dag.py
[2025-02-14T01:04:30.744+0000] {processor.py:914} INFO - Processing file /opt/airflow/dags/scrape_upload_dag.py for tasks to queue
[2025-02-14T01:04:30.751+0000] {logging_mixin.py:190} INFO - [2025-02-14T01:04:30.750+0000] {dagbag.py:588} INFO - Filling up the DagBag from /opt/airflow/dags/scrape_upload_dag.py
[2025-02-14T01:04:31.654+0000] {processor.py:925} INFO - DAG(s) 'dag_to_scrape_and_upload' retrieved from /opt/airflow/dags/scrape_upload_dag.py
[2025-02-14T01:04:31.705+0000] {logging_mixin.py:190} INFO - [2025-02-14T01:04:31.705+0000] {dag.py:3239} INFO - Sync 1 DAGs
[2025-02-14T01:04:31.761+0000] {logging_mixin.py:190} INFO - [2025-02-14T01:04:31.761+0000] {dag.py:4180} INFO - Setting next_dagrun for dag_to_scrape_and_upload to 2025-02-14 00:00:00+00:00, run_after=2025-02-15 00:00:00+00:00
[2025-02-14T01:04:31.794+0000] {processor.py:208} INFO - Processing /opt/airflow/dags/scrape_upload_dag.py took 1.068 seconds
[2025-02-14T01:05:02.628+0000] {processor.py:186} INFO - Started process (PID=421) to work on /opt/airflow/dags/scrape_upload_dag.py
[2025-02-14T01:05:02.630+0000] {processor.py:914} INFO - Processing file /opt/airflow/dags/scrape_upload_dag.py for tasks to queue
[2025-02-14T01:05:02.636+0000] {logging_mixin.py:190} INFO - [2025-02-14T01:05:02.636+0000] {dagbag.py:588} INFO - Filling up the DagBag from /opt/airflow/dags/scrape_upload_dag.py
[2025-02-14T01:05:03.421+0000] {processor.py:925} INFO - DAG(s) 'dag_to_scrape_and_upload' retrieved from /opt/airflow/dags/scrape_upload_dag.py
[2025-02-14T01:05:03.486+0000] {logging_mixin.py:190} INFO - [2025-02-14T01:05:03.486+0000] {dag.py:3239} INFO - Sync 1 DAGs
[2025-02-14T01:05:03.537+0000] {logging_mixin.py:190} INFO - [2025-02-14T01:05:03.537+0000] {dag.py:4180} INFO - Setting next_dagrun for dag_to_scrape_and_upload to 2025-02-14 00:00:00+00:00, run_after=2025-02-15 00:00:00+00:00
[2025-02-14T01:05:03.579+0000] {processor.py:208} INFO - Processing /opt/airflow/dags/scrape_upload_dag.py took 0.962 seconds
[2025-02-14T01:11:23.617+0000] {processor.py:186} INFO - Started process (PID=113) to work on /opt/airflow/dags/scrape_upload_dag.py
[2025-02-14T01:11:23.636+0000] {processor.py:914} INFO - Processing file /opt/airflow/dags/scrape_upload_dag.py for tasks to queue
[2025-02-14T01:11:23.650+0000] {logging_mixin.py:190} INFO - [2025-02-14T01:11:23.649+0000] {dagbag.py:588} INFO - Filling up the DagBag from /opt/airflow/dags/scrape_upload_dag.py
[2025-02-14T01:11:25.048+0000] {processor.py:925} INFO - DAG(s) 'dag_to_scrape_and_upload' retrieved from /opt/airflow/dags/scrape_upload_dag.py
[2025-02-14T01:11:27.391+0000] {logging_mixin.py:190} INFO - [2025-02-14T01:11:27.390+0000] {dag.py:3239} INFO - Sync 1 DAGs
[2025-02-14T01:11:27.611+0000] {logging_mixin.py:190} INFO - [2025-02-14T01:11:27.610+0000] {dag.py:4180} INFO - Setting next_dagrun for dag_to_scrape_and_upload to 2025-02-14 00:00:00+00:00, run_after=2025-02-15 00:00:00+00:00
[2025-02-14T01:11:27.750+0000] {processor.py:208} INFO - Processing /opt/airflow/dags/scrape_upload_dag.py took 4.175 seconds
[2025-02-14T01:12:11.695+0000] {processor.py:186} INFO - Started process (PID=126) to work on /opt/airflow/dags/scrape_upload_dag.py
[2025-02-14T01:12:11.705+0000] {processor.py:914} INFO - Processing file /opt/airflow/dags/scrape_upload_dag.py for tasks to queue
[2025-02-14T01:12:11.725+0000] {logging_mixin.py:190} INFO - [2025-02-14T01:12:11.725+0000] {dagbag.py:588} INFO - Filling up the DagBag from /opt/airflow/dags/scrape_upload_dag.py
[2025-02-14T01:12:18.765+0000] {processor.py:925} INFO - DAG(s) 'dag_to_scrape_and_upload' retrieved from /opt/airflow/dags/scrape_upload_dag.py
[2025-02-14T01:12:19.127+0000] {logging_mixin.py:190} INFO - [2025-02-14T01:12:19.127+0000] {dag.py:3239} INFO - Sync 1 DAGs
[2025-02-14T01:12:19.436+0000] {logging_mixin.py:190} INFO - [2025-02-14T01:12:19.435+0000] {dag.py:4180} INFO - Setting next_dagrun for dag_to_scrape_and_upload to 2025-02-14 00:00:00+00:00, run_after=2025-02-15 00:00:00+00:00
[2025-02-14T01:12:19.655+0000] {processor.py:208} INFO - Processing /opt/airflow/dags/scrape_upload_dag.py took 7.997 seconds
[2025-02-14T01:12:50.567+0000] {processor.py:186} INFO - Started process (PID=146) to work on /opt/airflow/dags/scrape_upload_dag.py
[2025-02-14T01:12:50.578+0000] {processor.py:914} INFO - Processing file /opt/airflow/dags/scrape_upload_dag.py for tasks to queue
[2025-02-14T01:12:50.587+0000] {logging_mixin.py:190} INFO - [2025-02-14T01:12:50.586+0000] {dagbag.py:588} INFO - Filling up the DagBag from /opt/airflow/dags/scrape_upload_dag.py
[2025-02-14T01:12:51.543+0000] {processor.py:925} INFO - DAG(s) 'dag_to_scrape_and_upload' retrieved from /opt/airflow/dags/scrape_upload_dag.py
[2025-02-14T01:12:51.598+0000] {logging_mixin.py:190} INFO - [2025-02-14T01:12:51.597+0000] {dag.py:3239} INFO - Sync 1 DAGs
[2025-02-14T01:12:51.665+0000] {logging_mixin.py:190} INFO - [2025-02-14T01:12:51.664+0000] {dag.py:4180} INFO - Setting next_dagrun for dag_to_scrape_and_upload to 2025-02-14 00:00:00+00:00, run_after=2025-02-15 00:00:00+00:00
[2025-02-14T01:12:51.722+0000] {processor.py:208} INFO - Processing /opt/airflow/dags/scrape_upload_dag.py took 1.200 seconds
[2025-02-14T01:13:22.525+0000] {processor.py:186} INFO - Started process (PID=161) to work on /opt/airflow/dags/scrape_upload_dag.py
[2025-02-14T01:13:22.541+0000] {processor.py:914} INFO - Processing file /opt/airflow/dags/scrape_upload_dag.py for tasks to queue
[2025-02-14T01:13:22.562+0000] {logging_mixin.py:190} INFO - [2025-02-14T01:13:22.561+0000] {dagbag.py:588} INFO - Filling up the DagBag from /opt/airflow/dags/scrape_upload_dag.py
[2025-02-14T01:13:24.202+0000] {processor.py:925} INFO - DAG(s) 'dag_to_scrape_and_upload' retrieved from /opt/airflow/dags/scrape_upload_dag.py
[2025-02-14T01:13:24.395+0000] {logging_mixin.py:190} INFO - [2025-02-14T01:13:24.391+0000] {dag.py:3239} INFO - Sync 1 DAGs
[2025-02-14T01:13:24.675+0000] {logging_mixin.py:190} INFO - [2025-02-14T01:13:24.675+0000] {dag.py:4180} INFO - Setting next_dagrun for dag_to_scrape_and_upload to 2025-02-14 00:00:00+00:00, run_after=2025-02-15 00:00:00+00:00
[2025-02-14T01:13:24.932+0000] {processor.py:208} INFO - Processing /opt/airflow/dags/scrape_upload_dag.py took 2.446 seconds
[2025-02-14T01:18:44.011+0000] {processor.py:186} INFO - Started process (PID=105) to work on /opt/airflow/dags/scrape_upload_dag.py
[2025-02-14T01:18:44.019+0000] {processor.py:914} INFO - Processing file /opt/airflow/dags/scrape_upload_dag.py for tasks to queue
[2025-02-14T01:18:44.036+0000] {logging_mixin.py:190} INFO - [2025-02-14T01:18:44.028+0000] {dagbag.py:588} INFO - Filling up the DagBag from /opt/airflow/dags/scrape_upload_dag.py
[2025-02-14T01:18:44.898+0000] {processor.py:925} INFO - DAG(s) 'dag_to_scrape_and_upload' retrieved from /opt/airflow/dags/scrape_upload_dag.py
[2025-02-14T01:18:45.847+0000] {logging_mixin.py:190} INFO - [2025-02-14T01:18:45.847+0000] {dag.py:3239} INFO - Sync 1 DAGs
[2025-02-14T01:18:45.949+0000] {logging_mixin.py:190} INFO - [2025-02-14T01:18:45.949+0000] {dag.py:4180} INFO - Setting next_dagrun for dag_to_scrape_and_upload to 2025-02-14 00:00:00+00:00, run_after=2025-02-15 00:00:00+00:00
[2025-02-14T01:18:46.028+0000] {processor.py:208} INFO - Processing /opt/airflow/dags/scrape_upload_dag.py took 2.031 seconds
[2025-02-14T01:19:18.449+0000] {processor.py:186} INFO - Started process (PID=119) to work on /opt/airflow/dags/scrape_upload_dag.py
[2025-02-14T01:19:18.457+0000] {processor.py:914} INFO - Processing file /opt/airflow/dags/scrape_upload_dag.py for tasks to queue
[2025-02-14T01:19:18.468+0000] {logging_mixin.py:190} INFO - [2025-02-14T01:19:18.468+0000] {dagbag.py:588} INFO - Filling up the DagBag from /opt/airflow/dags/scrape_upload_dag.py
[2025-02-14T01:19:22.858+0000] {processor.py:925} INFO - DAG(s) 'dag_to_scrape_and_upload' retrieved from /opt/airflow/dags/scrape_upload_dag.py
[2025-02-14T01:19:22.938+0000] {logging_mixin.py:190} INFO - [2025-02-14T01:19:22.938+0000] {dag.py:3239} INFO - Sync 1 DAGs
[2025-02-14T01:19:22.998+0000] {logging_mixin.py:190} INFO - [2025-02-14T01:19:22.998+0000] {dag.py:4180} INFO - Setting next_dagrun for dag_to_scrape_and_upload to 2025-02-14 00:00:00+00:00, run_after=2025-02-15 00:00:00+00:00
[2025-02-14T01:19:23.069+0000] {processor.py:208} INFO - Processing /opt/airflow/dags/scrape_upload_dag.py took 4.670 seconds
[2025-02-14T01:20:11.519+0000] {processor.py:186} INFO - Started process (PID=139) to work on /opt/airflow/dags/scrape_upload_dag.py
[2025-02-14T01:20:11.525+0000] {processor.py:914} INFO - Processing file /opt/airflow/dags/scrape_upload_dag.py for tasks to queue
[2025-02-14T01:20:11.564+0000] {logging_mixin.py:190} INFO - [2025-02-14T01:20:11.530+0000] {dagbag.py:588} INFO - Filling up the DagBag from /opt/airflow/dags/scrape_upload_dag.py
[2025-02-14T01:20:16.404+0000] {processor.py:925} INFO - DAG(s) 'dag_to_scrape_and_upload' retrieved from /opt/airflow/dags/scrape_upload_dag.py
[2025-02-14T01:20:16.597+0000] {logging_mixin.py:190} INFO - [2025-02-14T01:20:16.596+0000] {dag.py:3239} INFO - Sync 1 DAGs
[2025-02-14T01:20:16.977+0000] {logging_mixin.py:190} INFO - [2025-02-14T01:20:16.977+0000] {dag.py:4180} INFO - Setting next_dagrun for dag_to_scrape_and_upload to 2025-02-14 00:00:00+00:00, run_after=2025-02-15 00:00:00+00:00
[2025-02-14T01:20:17.065+0000] {processor.py:208} INFO - Processing /opt/airflow/dags/scrape_upload_dag.py took 5.588 seconds
[2025-02-14T01:20:47.734+0000] {processor.py:186} INFO - Started process (PID=153) to work on /opt/airflow/dags/scrape_upload_dag.py
[2025-02-14T01:20:47.744+0000] {processor.py:914} INFO - Processing file /opt/airflow/dags/scrape_upload_dag.py for tasks to queue
[2025-02-14T01:20:47.758+0000] {logging_mixin.py:190} INFO - [2025-02-14T01:20:47.756+0000] {dagbag.py:588} INFO - Filling up the DagBag from /opt/airflow/dags/scrape_upload_dag.py
[2025-02-14T01:20:49.545+0000] {processor.py:925} INFO - DAG(s) 'dag_to_scrape_and_upload' retrieved from /opt/airflow/dags/scrape_upload_dag.py
[2025-02-14T01:20:49.625+0000] {logging_mixin.py:190} INFO - [2025-02-14T01:20:49.624+0000] {dag.py:3239} INFO - Sync 1 DAGs
[2025-02-14T01:20:49.709+0000] {logging_mixin.py:190} INFO - [2025-02-14T01:20:49.708+0000] {dag.py:4180} INFO - Setting next_dagrun for dag_to_scrape_and_upload to 2025-02-14 00:00:00+00:00, run_after=2025-02-15 00:00:00+00:00
[2025-02-14T01:20:49.786+0000] {processor.py:208} INFO - Processing /opt/airflow/dags/scrape_upload_dag.py took 2.108 seconds
[2025-02-14T01:21:20.115+0000] {processor.py:186} INFO - Started process (PID=167) to work on /opt/airflow/dags/scrape_upload_dag.py
[2025-02-14T01:21:20.117+0000] {processor.py:914} INFO - Processing file /opt/airflow/dags/scrape_upload_dag.py for tasks to queue
[2025-02-14T01:21:20.125+0000] {logging_mixin.py:190} INFO - [2025-02-14T01:21:20.125+0000] {dagbag.py:588} INFO - Filling up the DagBag from /opt/airflow/dags/scrape_upload_dag.py
[2025-02-14T01:21:21.258+0000] {processor.py:925} INFO - DAG(s) 'dag_to_scrape_and_upload' retrieved from /opt/airflow/dags/scrape_upload_dag.py
[2025-02-14T01:21:21.367+0000] {logging_mixin.py:190} INFO - [2025-02-14T01:21:21.366+0000] {dag.py:3239} INFO - Sync 1 DAGs
[2025-02-14T01:21:21.443+0000] {logging_mixin.py:190} INFO - [2025-02-14T01:21:21.438+0000] {dag.py:4180} INFO - Setting next_dagrun for dag_to_scrape_and_upload to 2025-02-14 00:00:00+00:00, run_after=2025-02-15 00:00:00+00:00
[2025-02-14T01:21:21.498+0000] {processor.py:208} INFO - Processing /opt/airflow/dags/scrape_upload_dag.py took 1.423 seconds
[2025-02-14T01:21:51.778+0000] {processor.py:186} INFO - Started process (PID=181) to work on /opt/airflow/dags/scrape_upload_dag.py
[2025-02-14T01:21:51.780+0000] {processor.py:914} INFO - Processing file /opt/airflow/dags/scrape_upload_dag.py for tasks to queue
[2025-02-14T01:21:51.788+0000] {logging_mixin.py:190} INFO - [2025-02-14T01:21:51.787+0000] {dagbag.py:588} INFO - Filling up the DagBag from /opt/airflow/dags/scrape_upload_dag.py
[2025-02-14T01:21:52.701+0000] {processor.py:925} INFO - DAG(s) 'dag_to_scrape_and_upload' retrieved from /opt/airflow/dags/scrape_upload_dag.py
[2025-02-14T01:21:52.777+0000] {logging_mixin.py:190} INFO - [2025-02-14T01:21:52.776+0000] {dag.py:3239} INFO - Sync 1 DAGs
[2025-02-14T01:21:52.899+0000] {logging_mixin.py:190} INFO - [2025-02-14T01:21:52.898+0000] {dag.py:4180} INFO - Setting next_dagrun for dag_to_scrape_and_upload to 2025-02-14 00:00:00+00:00, run_after=2025-02-15 00:00:00+00:00
[2025-02-14T01:21:52.976+0000] {processor.py:208} INFO - Processing /opt/airflow/dags/scrape_upload_dag.py took 1.210 seconds
[2025-02-14T01:22:24.643+0000] {processor.py:186} INFO - Started process (PID=195) to work on /opt/airflow/dags/scrape_upload_dag.py
[2025-02-14T01:22:24.646+0000] {processor.py:914} INFO - Processing file /opt/airflow/dags/scrape_upload_dag.py for tasks to queue
[2025-02-14T01:22:24.656+0000] {logging_mixin.py:190} INFO - [2025-02-14T01:22:24.655+0000] {dagbag.py:588} INFO - Filling up the DagBag from /opt/airflow/dags/scrape_upload_dag.py
[2025-02-14T01:22:25.576+0000] {processor.py:925} INFO - DAG(s) 'dag_to_scrape_and_upload' retrieved from /opt/airflow/dags/scrape_upload_dag.py
[2025-02-14T01:22:25.636+0000] {logging_mixin.py:190} INFO - [2025-02-14T01:22:25.635+0000] {dag.py:3239} INFO - Sync 1 DAGs
[2025-02-14T01:22:25.697+0000] {logging_mixin.py:190} INFO - [2025-02-14T01:22:25.697+0000] {dag.py:4180} INFO - Setting next_dagrun for dag_to_scrape_and_upload to 2025-02-14 00:00:00+00:00, run_after=2025-02-15 00:00:00+00:00
[2025-02-14T01:22:25.752+0000] {processor.py:208} INFO - Processing /opt/airflow/dags/scrape_upload_dag.py took 1.220 seconds
[2025-02-14T01:23:01.604+0000] {processor.py:186} INFO - Started process (PID=214) to work on /opt/airflow/dags/scrape_upload_dag.py
[2025-02-14T01:23:01.629+0000] {processor.py:914} INFO - Processing file /opt/airflow/dags/scrape_upload_dag.py for tasks to queue
[2025-02-14T01:23:01.654+0000] {logging_mixin.py:190} INFO - [2025-02-14T01:23:01.654+0000] {dagbag.py:588} INFO - Filling up the DagBag from /opt/airflow/dags/scrape_upload_dag.py
[2025-02-14T01:23:03.691+0000] {processor.py:925} INFO - DAG(s) 'dag_to_scrape_and_upload' retrieved from /opt/airflow/dags/scrape_upload_dag.py
[2025-02-14T01:23:03.747+0000] {logging_mixin.py:190} INFO - [2025-02-14T01:23:03.747+0000] {dag.py:3239} INFO - Sync 1 DAGs
[2025-02-14T01:23:03.799+0000] {logging_mixin.py:190} INFO - [2025-02-14T01:23:03.799+0000] {dag.py:4180} INFO - Setting next_dagrun for dag_to_scrape_and_upload to 2025-02-14 00:00:00+00:00, run_after=2025-02-15 00:00:00+00:00
[2025-02-14T01:23:03.850+0000] {processor.py:208} INFO - Processing /opt/airflow/dags/scrape_upload_dag.py took 2.287 seconds
[2025-02-14T02:18:45.522+0000] {processor.py:186} INFO - Started process (PID=94) to work on /opt/airflow/dags/scrape_upload_dag.py
[2025-02-14T02:18:45.583+0000] {processor.py:914} INFO - Processing file /opt/airflow/dags/scrape_upload_dag.py for tasks to queue
[2025-02-14T02:18:45.673+0000] {logging_mixin.py:190} INFO - [2025-02-14T02:18:45.661+0000] {dagbag.py:588} INFO - Filling up the DagBag from /opt/airflow/dags/scrape_upload_dag.py
[2025-02-14T02:18:46.595+0000] {processor.py:925} INFO - DAG(s) 'dag_to_scrape_and_upload' retrieved from /opt/airflow/dags/scrape_upload_dag.py
[2025-02-14T02:18:47.933+0000] {logging_mixin.py:190} INFO - [2025-02-14T02:18:47.932+0000] {dag.py:3239} INFO - Sync 1 DAGs
[2025-02-14T02:18:48.005+0000] {logging_mixin.py:190} INFO - [2025-02-14T02:18:48.005+0000] {dag.py:4180} INFO - Setting next_dagrun for dag_to_scrape_and_upload to 2025-02-14 00:00:00+00:00, run_after=2025-02-15 00:00:00+00:00
[2025-02-14T02:18:48.043+0000] {processor.py:208} INFO - Processing /opt/airflow/dags/scrape_upload_dag.py took 2.891 seconds
[2025-02-14T02:19:18.555+0000] {processor.py:186} INFO - Started process (PID=107) to work on /opt/airflow/dags/scrape_upload_dag.py
[2025-02-14T02:19:18.557+0000] {processor.py:914} INFO - Processing file /opt/airflow/dags/scrape_upload_dag.py for tasks to queue
[2025-02-14T02:19:18.559+0000] {logging_mixin.py:190} INFO - [2025-02-14T02:19:18.559+0000] {dagbag.py:588} INFO - Filling up the DagBag from /opt/airflow/dags/scrape_upload_dag.py
[2025-02-14T02:19:18.925+0000] {processor.py:925} INFO - DAG(s) 'dag_to_scrape_and_upload' retrieved from /opt/airflow/dags/scrape_upload_dag.py
[2025-02-14T02:19:18.957+0000] {logging_mixin.py:190} INFO - [2025-02-14T02:19:18.956+0000] {dag.py:3239} INFO - Sync 1 DAGs
[2025-02-14T02:19:18.985+0000] {logging_mixin.py:190} INFO - [2025-02-14T02:19:18.984+0000] {dag.py:4180} INFO - Setting next_dagrun for dag_to_scrape_and_upload to 2025-02-14 00:00:00+00:00, run_after=2025-02-15 00:00:00+00:00
[2025-02-14T02:19:19.010+0000] {processor.py:208} INFO - Processing /opt/airflow/dags/scrape_upload_dag.py took 0.461 seconds
[2025-02-14T02:19:49.118+0000] {processor.py:186} INFO - Started process (PID=121) to work on /opt/airflow/dags/scrape_upload_dag.py
[2025-02-14T02:19:49.120+0000] {processor.py:914} INFO - Processing file /opt/airflow/dags/scrape_upload_dag.py for tasks to queue
[2025-02-14T02:19:49.122+0000] {logging_mixin.py:190} INFO - [2025-02-14T02:19:49.121+0000] {dagbag.py:588} INFO - Filling up the DagBag from /opt/airflow/dags/scrape_upload_dag.py
[2025-02-14T02:19:49.389+0000] {processor.py:925} INFO - DAG(s) 'dag_to_scrape_and_upload' retrieved from /opt/airflow/dags/scrape_upload_dag.py
[2025-02-14T02:19:49.409+0000] {logging_mixin.py:190} INFO - [2025-02-14T02:19:49.408+0000] {dag.py:3239} INFO - Sync 1 DAGs
[2025-02-14T02:19:49.427+0000] {logging_mixin.py:190} INFO - [2025-02-14T02:19:49.427+0000] {dag.py:4180} INFO - Setting next_dagrun for dag_to_scrape_and_upload to 2025-02-14 00:00:00+00:00, run_after=2025-02-15 00:00:00+00:00
[2025-02-14T02:19:49.447+0000] {processor.py:208} INFO - Processing /opt/airflow/dags/scrape_upload_dag.py took 0.334 seconds
[2025-02-14T02:20:20.041+0000] {processor.py:186} INFO - Started process (PID=135) to work on /opt/airflow/dags/scrape_upload_dag.py
[2025-02-14T02:20:20.042+0000] {processor.py:914} INFO - Processing file /opt/airflow/dags/scrape_upload_dag.py for tasks to queue
[2025-02-14T02:20:20.044+0000] {logging_mixin.py:190} INFO - [2025-02-14T02:20:20.044+0000] {dagbag.py:588} INFO - Filling up the DagBag from /opt/airflow/dags/scrape_upload_dag.py
[2025-02-14T02:20:20.315+0000] {processor.py:925} INFO - DAG(s) 'dag_to_scrape_and_upload' retrieved from /opt/airflow/dags/scrape_upload_dag.py
[2025-02-14T02:20:20.334+0000] {logging_mixin.py:190} INFO - [2025-02-14T02:20:20.333+0000] {dag.py:3239} INFO - Sync 1 DAGs
[2025-02-14T02:20:20.353+0000] {logging_mixin.py:190} INFO - [2025-02-14T02:20:20.353+0000] {dag.py:4180} INFO - Setting next_dagrun for dag_to_scrape_and_upload to 2025-02-14 00:00:00+00:00, run_after=2025-02-15 00:00:00+00:00
[2025-02-14T02:20:20.372+0000] {processor.py:208} INFO - Processing /opt/airflow/dags/scrape_upload_dag.py took 0.336 seconds
[2025-02-14T02:20:50.494+0000] {processor.py:186} INFO - Started process (PID=149) to work on /opt/airflow/dags/scrape_upload_dag.py
[2025-02-14T02:20:50.495+0000] {processor.py:914} INFO - Processing file /opt/airflow/dags/scrape_upload_dag.py for tasks to queue
[2025-02-14T02:20:50.498+0000] {logging_mixin.py:190} INFO - [2025-02-14T02:20:50.497+0000] {dagbag.py:588} INFO - Filling up the DagBag from /opt/airflow/dags/scrape_upload_dag.py
[2025-02-14T02:20:50.771+0000] {processor.py:925} INFO - DAG(s) 'dag_to_scrape_and_upload' retrieved from /opt/airflow/dags/scrape_upload_dag.py
[2025-02-14T02:20:50.790+0000] {logging_mixin.py:190} INFO - [2025-02-14T02:20:50.790+0000] {dag.py:3239} INFO - Sync 1 DAGs
[2025-02-14T02:20:50.810+0000] {logging_mixin.py:190} INFO - [2025-02-14T02:20:50.810+0000] {dag.py:4180} INFO - Setting next_dagrun for dag_to_scrape_and_upload to 2025-02-14 00:00:00+00:00, run_after=2025-02-15 00:00:00+00:00
[2025-02-14T02:20:50.831+0000] {processor.py:208} INFO - Processing /opt/airflow/dags/scrape_upload_dag.py took 0.343 seconds
[2025-02-14T02:21:21.645+0000] {processor.py:186} INFO - Started process (PID=163) to work on /opt/airflow/dags/scrape_upload_dag.py
[2025-02-14T02:21:21.646+0000] {processor.py:914} INFO - Processing file /opt/airflow/dags/scrape_upload_dag.py for tasks to queue
[2025-02-14T02:21:21.648+0000] {logging_mixin.py:190} INFO - [2025-02-14T02:21:21.648+0000] {dagbag.py:588} INFO - Filling up the DagBag from /opt/airflow/dags/scrape_upload_dag.py
[2025-02-14T02:21:21.927+0000] {processor.py:925} INFO - DAG(s) 'dag_to_scrape_and_upload' retrieved from /opt/airflow/dags/scrape_upload_dag.py
[2025-02-14T02:21:21.948+0000] {logging_mixin.py:190} INFO - [2025-02-14T02:21:21.948+0000] {dag.py:3239} INFO - Sync 1 DAGs
[2025-02-14T02:21:21.967+0000] {logging_mixin.py:190} INFO - [2025-02-14T02:21:21.967+0000] {dag.py:4180} INFO - Setting next_dagrun for dag_to_scrape_and_upload to 2025-02-14 00:00:00+00:00, run_after=2025-02-15 00:00:00+00:00
[2025-02-14T02:21:21.989+0000] {processor.py:208} INFO - Processing /opt/airflow/dags/scrape_upload_dag.py took 0.349 seconds
[2025-02-14T02:21:52.251+0000] {processor.py:186} INFO - Started process (PID=181) to work on /opt/airflow/dags/scrape_upload_dag.py
[2025-02-14T02:21:52.252+0000] {processor.py:914} INFO - Processing file /opt/airflow/dags/scrape_upload_dag.py for tasks to queue
[2025-02-14T02:21:52.255+0000] {logging_mixin.py:190} INFO - [2025-02-14T02:21:52.255+0000] {dagbag.py:588} INFO - Filling up the DagBag from /opt/airflow/dags/scrape_upload_dag.py
[2025-02-14T02:21:52.581+0000] {processor.py:925} INFO - DAG(s) 'dag_to_scrape_and_upload' retrieved from /opt/airflow/dags/scrape_upload_dag.py
[2025-02-14T02:21:52.604+0000] {logging_mixin.py:190} INFO - [2025-02-14T02:21:52.604+0000] {dag.py:3239} INFO - Sync 1 DAGs
[2025-02-14T02:21:52.627+0000] {logging_mixin.py:190} INFO - [2025-02-14T02:21:52.626+0000] {dag.py:4180} INFO - Setting next_dagrun for dag_to_scrape_and_upload to 2025-02-14 00:00:00+00:00, run_after=2025-02-15 00:00:00+00:00
[2025-02-14T02:21:52.662+0000] {processor.py:208} INFO - Processing /opt/airflow/dags/scrape_upload_dag.py took 0.416 seconds
[2025-02-14T02:22:23.207+0000] {processor.py:186} INFO - Started process (PID=196) to work on /opt/airflow/dags/scrape_upload_dag.py
[2025-02-14T02:22:23.209+0000] {processor.py:914} INFO - Processing file /opt/airflow/dags/scrape_upload_dag.py for tasks to queue
[2025-02-14T02:22:23.211+0000] {logging_mixin.py:190} INFO - [2025-02-14T02:22:23.211+0000] {dagbag.py:588} INFO - Filling up the DagBag from /opt/airflow/dags/scrape_upload_dag.py
[2025-02-14T02:22:23.535+0000] {processor.py:925} INFO - DAG(s) 'dag_to_scrape_and_upload' retrieved from /opt/airflow/dags/scrape_upload_dag.py
[2025-02-14T02:22:23.555+0000] {logging_mixin.py:190} INFO - [2025-02-14T02:22:23.555+0000] {dag.py:3239} INFO - Sync 1 DAGs
[2025-02-14T02:22:23.575+0000] {logging_mixin.py:190} INFO - [2025-02-14T02:22:23.575+0000] {dag.py:4180} INFO - Setting next_dagrun for dag_to_scrape_and_upload to 2025-02-14 00:00:00+00:00, run_after=2025-02-15 00:00:00+00:00
[2025-02-14T02:22:23.596+0000] {processor.py:208} INFO - Processing /opt/airflow/dags/scrape_upload_dag.py took 0.394 seconds
[2025-02-14T02:22:53.685+0000] {processor.py:186} INFO - Started process (PID=210) to work on /opt/airflow/dags/scrape_upload_dag.py
[2025-02-14T02:22:53.686+0000] {processor.py:914} INFO - Processing file /opt/airflow/dags/scrape_upload_dag.py for tasks to queue
[2025-02-14T02:22:53.688+0000] {logging_mixin.py:190} INFO - [2025-02-14T02:22:53.688+0000] {dagbag.py:588} INFO - Filling up the DagBag from /opt/airflow/dags/scrape_upload_dag.py
[2025-02-14T02:22:54.009+0000] {processor.py:925} INFO - DAG(s) 'dag_to_scrape_and_upload' retrieved from /opt/airflow/dags/scrape_upload_dag.py
[2025-02-14T02:22:54.029+0000] {logging_mixin.py:190} INFO - [2025-02-14T02:22:54.029+0000] {dag.py:3239} INFO - Sync 1 DAGs
[2025-02-14T02:22:54.054+0000] {logging_mixin.py:190} INFO - [2025-02-14T02:22:54.053+0000] {dag.py:4180} INFO - Setting next_dagrun for dag_to_scrape_and_upload to 2025-02-14 00:00:00+00:00, run_after=2025-02-15 00:00:00+00:00
[2025-02-14T02:22:54.079+0000] {processor.py:208} INFO - Processing /opt/airflow/dags/scrape_upload_dag.py took 0.400 seconds
[2025-02-14T02:23:24.395+0000] {processor.py:186} INFO - Started process (PID=224) to work on /opt/airflow/dags/scrape_upload_dag.py
[2025-02-14T02:23:24.396+0000] {processor.py:914} INFO - Processing file /opt/airflow/dags/scrape_upload_dag.py for tasks to queue
[2025-02-14T02:23:24.398+0000] {logging_mixin.py:190} INFO - [2025-02-14T02:23:24.398+0000] {dagbag.py:588} INFO - Filling up the DagBag from /opt/airflow/dags/scrape_upload_dag.py
[2025-02-14T02:23:24.657+0000] {processor.py:925} INFO - DAG(s) 'dag_to_scrape_and_upload' retrieved from /opt/airflow/dags/scrape_upload_dag.py
[2025-02-14T02:23:24.676+0000] {logging_mixin.py:190} INFO - [2025-02-14T02:23:24.676+0000] {dag.py:3239} INFO - Sync 1 DAGs
[2025-02-14T02:23:24.695+0000] {logging_mixin.py:190} INFO - [2025-02-14T02:23:24.695+0000] {dag.py:4180} INFO - Setting next_dagrun for dag_to_scrape_and_upload to 2025-02-14 00:00:00+00:00, run_after=2025-02-15 00:00:00+00:00
[2025-02-14T02:23:24.717+0000] {processor.py:208} INFO - Processing /opt/airflow/dags/scrape_upload_dag.py took 0.327 seconds
[2025-02-14T02:23:55.079+0000] {processor.py:186} INFO - Started process (PID=239) to work on /opt/airflow/dags/scrape_upload_dag.py
[2025-02-14T02:23:55.080+0000] {processor.py:914} INFO - Processing file /opt/airflow/dags/scrape_upload_dag.py for tasks to queue
[2025-02-14T02:23:55.084+0000] {logging_mixin.py:190} INFO - [2025-02-14T02:23:55.084+0000] {dagbag.py:588} INFO - Filling up the DagBag from /opt/airflow/dags/scrape_upload_dag.py
[2025-02-14T02:23:55.481+0000] {processor.py:925} INFO - DAG(s) 'dag_to_scrape_and_upload' retrieved from /opt/airflow/dags/scrape_upload_dag.py
[2025-02-14T02:23:55.524+0000] {logging_mixin.py:190} INFO - [2025-02-14T02:23:55.524+0000] {dag.py:3239} INFO - Sync 1 DAGs
[2025-02-14T02:23:55.555+0000] {logging_mixin.py:190} INFO - [2025-02-14T02:23:55.555+0000] {dag.py:4180} INFO - Setting next_dagrun for dag_to_scrape_and_upload to 2025-02-14 00:00:00+00:00, run_after=2025-02-15 00:00:00+00:00
[2025-02-14T02:23:55.575+0000] {processor.py:208} INFO - Processing /opt/airflow/dags/scrape_upload_dag.py took 0.502 seconds
[2025-02-14T02:24:26.616+0000] {processor.py:186} INFO - Started process (PID=253) to work on /opt/airflow/dags/scrape_upload_dag.py
[2025-02-14T02:24:26.617+0000] {processor.py:914} INFO - Processing file /opt/airflow/dags/scrape_upload_dag.py for tasks to queue
[2025-02-14T02:24:26.620+0000] {logging_mixin.py:190} INFO - [2025-02-14T02:24:26.619+0000] {dagbag.py:588} INFO - Filling up the DagBag from /opt/airflow/dags/scrape_upload_dag.py
[2025-02-14T02:24:26.928+0000] {processor.py:925} INFO - DAG(s) 'dag_to_scrape_and_upload' retrieved from /opt/airflow/dags/scrape_upload_dag.py
[2025-02-14T02:24:26.952+0000] {logging_mixin.py:190} INFO - [2025-02-14T02:24:26.951+0000] {dag.py:3239} INFO - Sync 1 DAGs
[2025-02-14T02:24:26.974+0000] {logging_mixin.py:190} INFO - [2025-02-14T02:24:26.973+0000] {dag.py:4180} INFO - Setting next_dagrun for dag_to_scrape_and_upload to 2025-02-14 00:00:00+00:00, run_after=2025-02-15 00:00:00+00:00
[2025-02-14T02:24:26.994+0000] {processor.py:208} INFO - Processing /opt/airflow/dags/scrape_upload_dag.py took 0.385 seconds
[2025-02-14T02:24:57.428+0000] {processor.py:186} INFO - Started process (PID=267) to work on /opt/airflow/dags/scrape_upload_dag.py
[2025-02-14T02:24:57.429+0000] {processor.py:914} INFO - Processing file /opt/airflow/dags/scrape_upload_dag.py for tasks to queue
[2025-02-14T02:24:57.431+0000] {logging_mixin.py:190} INFO - [2025-02-14T02:24:57.430+0000] {dagbag.py:588} INFO - Filling up the DagBag from /opt/airflow/dags/scrape_upload_dag.py
[2025-02-14T02:24:57.769+0000] {processor.py:925} INFO - DAG(s) 'dag_to_scrape_and_upload' retrieved from /opt/airflow/dags/scrape_upload_dag.py
[2025-02-14T02:24:57.789+0000] {logging_mixin.py:190} INFO - [2025-02-14T02:24:57.788+0000] {dag.py:3239} INFO - Sync 1 DAGs
[2025-02-14T02:24:57.813+0000] {logging_mixin.py:190} INFO - [2025-02-14T02:24:57.812+0000] {dag.py:4180} INFO - Setting next_dagrun for dag_to_scrape_and_upload to 2025-02-14 00:00:00+00:00, run_after=2025-02-15 00:00:00+00:00
[2025-02-14T02:24:57.834+0000] {processor.py:208} INFO - Processing /opt/airflow/dags/scrape_upload_dag.py took 0.411 seconds
[2025-02-14T02:25:28.316+0000] {processor.py:186} INFO - Started process (PID=281) to work on /opt/airflow/dags/scrape_upload_dag.py
[2025-02-14T02:25:28.317+0000] {processor.py:914} INFO - Processing file /opt/airflow/dags/scrape_upload_dag.py for tasks to queue
[2025-02-14T02:25:28.322+0000] {logging_mixin.py:190} INFO - [2025-02-14T02:25:28.321+0000] {dagbag.py:588} INFO - Filling up the DagBag from /opt/airflow/dags/scrape_upload_dag.py
[2025-02-14T02:25:28.825+0000] {processor.py:925} INFO - DAG(s) 'dag_to_scrape_and_upload' retrieved from /opt/airflow/dags/scrape_upload_dag.py
[2025-02-14T02:25:28.861+0000] {logging_mixin.py:190} INFO - [2025-02-14T02:25:28.861+0000] {dag.py:3239} INFO - Sync 1 DAGs
[2025-02-14T02:25:28.904+0000] {logging_mixin.py:190} INFO - [2025-02-14T02:25:28.903+0000] {dag.py:4180} INFO - Setting next_dagrun for dag_to_scrape_and_upload to 2025-02-14 00:00:00+00:00, run_after=2025-02-15 00:00:00+00:00
[2025-02-14T02:25:28.930+0000] {processor.py:208} INFO - Processing /opt/airflow/dags/scrape_upload_dag.py took 0.621 seconds
[2025-02-14T02:25:59.590+0000] {processor.py:186} INFO - Started process (PID=295) to work on /opt/airflow/dags/scrape_upload_dag.py
[2025-02-14T02:25:59.591+0000] {processor.py:914} INFO - Processing file /opt/airflow/dags/scrape_upload_dag.py for tasks to queue
[2025-02-14T02:25:59.594+0000] {logging_mixin.py:190} INFO - [2025-02-14T02:25:59.593+0000] {dagbag.py:588} INFO - Filling up the DagBag from /opt/airflow/dags/scrape_upload_dag.py
[2025-02-14T02:25:59.942+0000] {processor.py:925} INFO - DAG(s) 'dag_to_scrape_and_upload' retrieved from /opt/airflow/dags/scrape_upload_dag.py
[2025-02-14T02:25:59.965+0000] {logging_mixin.py:190} INFO - [2025-02-14T02:25:59.965+0000] {dag.py:3239} INFO - Sync 1 DAGs
[2025-02-14T02:25:59.996+0000] {logging_mixin.py:190} INFO - [2025-02-14T02:25:59.995+0000] {dag.py:4180} INFO - Setting next_dagrun for dag_to_scrape_and_upload to 2025-02-14 00:00:00+00:00, run_after=2025-02-15 00:00:00+00:00
[2025-02-14T02:26:00.029+0000] {processor.py:208} INFO - Processing /opt/airflow/dags/scrape_upload_dag.py took 0.445 seconds
[2025-02-14T02:26:30.850+0000] {processor.py:186} INFO - Started process (PID=308) to work on /opt/airflow/dags/scrape_upload_dag.py
[2025-02-14T02:26:30.859+0000] {processor.py:914} INFO - Processing file /opt/airflow/dags/scrape_upload_dag.py for tasks to queue
[2025-02-14T02:26:30.867+0000] {logging_mixin.py:190} INFO - [2025-02-14T02:26:30.866+0000] {dagbag.py:588} INFO - Filling up the DagBag from /opt/airflow/dags/scrape_upload_dag.py
[2025-02-14T02:26:32.062+0000] {processor.py:925} INFO - DAG(s) 'dag_to_scrape_and_upload' retrieved from /opt/airflow/dags/scrape_upload_dag.py
[2025-02-14T02:26:32.119+0000] {logging_mixin.py:190} INFO - [2025-02-14T02:26:32.119+0000] {dag.py:3239} INFO - Sync 1 DAGs
[2025-02-14T02:26:32.178+0000] {logging_mixin.py:190} INFO - [2025-02-14T02:26:32.177+0000] {dag.py:4180} INFO - Setting next_dagrun for dag_to_scrape_and_upload to 2025-02-14 00:00:00+00:00, run_after=2025-02-15 00:00:00+00:00
[2025-02-14T02:26:32.226+0000] {processor.py:208} INFO - Processing /opt/airflow/dags/scrape_upload_dag.py took 1.394 seconds
[2025-02-14T02:27:02.327+0000] {processor.py:186} INFO - Started process (PID=322) to work on /opt/airflow/dags/scrape_upload_dag.py
[2025-02-14T02:27:02.329+0000] {processor.py:914} INFO - Processing file /opt/airflow/dags/scrape_upload_dag.py for tasks to queue
[2025-02-14T02:27:02.332+0000] {logging_mixin.py:190} INFO - [2025-02-14T02:27:02.332+0000] {dagbag.py:588} INFO - Filling up the DagBag from /opt/airflow/dags/scrape_upload_dag.py
[2025-02-14T02:27:02.686+0000] {processor.py:925} INFO - DAG(s) 'dag_to_scrape_and_upload' retrieved from /opt/airflow/dags/scrape_upload_dag.py
[2025-02-14T02:27:02.714+0000] {logging_mixin.py:190} INFO - [2025-02-14T02:27:02.713+0000] {dag.py:3239} INFO - Sync 1 DAGs
[2025-02-14T02:27:02.739+0000] {logging_mixin.py:190} INFO - [2025-02-14T02:27:02.738+0000] {dag.py:4180} INFO - Setting next_dagrun for dag_to_scrape_and_upload to 2025-02-14 00:00:00+00:00, run_after=2025-02-15 00:00:00+00:00
[2025-02-14T02:27:02.758+0000] {processor.py:208} INFO - Processing /opt/airflow/dags/scrape_upload_dag.py took 0.439 seconds
[2025-02-14T02:27:32.913+0000] {processor.py:186} INFO - Started process (PID=336) to work on /opt/airflow/dags/scrape_upload_dag.py
[2025-02-14T02:27:32.915+0000] {processor.py:914} INFO - Processing file /opt/airflow/dags/scrape_upload_dag.py for tasks to queue
[2025-02-14T02:27:32.924+0000] {logging_mixin.py:190} INFO - [2025-02-14T02:27:32.922+0000] {dagbag.py:588} INFO - Filling up the DagBag from /opt/airflow/dags/scrape_upload_dag.py
[2025-02-14T02:27:33.377+0000] {processor.py:925} INFO - DAG(s) 'dag_to_scrape_and_upload' retrieved from /opt/airflow/dags/scrape_upload_dag.py
[2025-02-14T02:27:33.397+0000] {logging_mixin.py:190} INFO - [2025-02-14T02:27:33.397+0000] {dag.py:3239} INFO - Sync 1 DAGs
[2025-02-14T02:27:33.419+0000] {logging_mixin.py:190} INFO - [2025-02-14T02:27:33.419+0000] {dag.py:4180} INFO - Setting next_dagrun for dag_to_scrape_and_upload to 2025-02-14 00:00:00+00:00, run_after=2025-02-15 00:00:00+00:00
[2025-02-14T02:27:33.438+0000] {processor.py:208} INFO - Processing /opt/airflow/dags/scrape_upload_dag.py took 0.534 seconds
[2025-02-14T02:28:03.584+0000] {processor.py:186} INFO - Started process (PID=348) to work on /opt/airflow/dags/scrape_upload_dag.py
[2025-02-14T02:28:03.586+0000] {processor.py:914} INFO - Processing file /opt/airflow/dags/scrape_upload_dag.py for tasks to queue
[2025-02-14T02:28:03.599+0000] {logging_mixin.py:190} INFO - [2025-02-14T02:28:03.598+0000] {dagbag.py:588} INFO - Filling up the DagBag from /opt/airflow/dags/scrape_upload_dag.py
[2025-02-14T02:28:04.152+0000] {processor.py:925} INFO - DAG(s) 'dag_to_scrape_and_upload' retrieved from /opt/airflow/dags/scrape_upload_dag.py
[2025-02-14T02:28:04.188+0000] {logging_mixin.py:190} INFO - [2025-02-14T02:28:04.187+0000] {dag.py:3239} INFO - Sync 1 DAGs
[2025-02-14T02:28:04.224+0000] {logging_mixin.py:190} INFO - [2025-02-14T02:28:04.223+0000] {dag.py:4180} INFO - Setting next_dagrun for dag_to_scrape_and_upload to 2025-02-14 00:00:00+00:00, run_after=2025-02-15 00:00:00+00:00
[2025-02-14T02:28:04.249+0000] {processor.py:208} INFO - Processing /opt/airflow/dags/scrape_upload_dag.py took 0.682 seconds
[2025-02-14T02:28:34.306+0000] {processor.py:186} INFO - Started process (PID=363) to work on /opt/airflow/dags/scrape_upload_dag.py
[2025-02-14T02:28:34.307+0000] {processor.py:914} INFO - Processing file /opt/airflow/dags/scrape_upload_dag.py for tasks to queue
[2025-02-14T02:28:34.310+0000] {logging_mixin.py:190} INFO - [2025-02-14T02:28:34.310+0000] {dagbag.py:588} INFO - Filling up the DagBag from /opt/airflow/dags/scrape_upload_dag.py
[2025-02-14T02:28:34.585+0000] {processor.py:925} INFO - DAG(s) 'dag_to_scrape_and_upload' retrieved from /opt/airflow/dags/scrape_upload_dag.py
[2025-02-14T02:28:34.607+0000] {logging_mixin.py:190} INFO - [2025-02-14T02:28:34.606+0000] {dag.py:3239} INFO - Sync 1 DAGs
[2025-02-14T02:28:34.627+0000] {logging_mixin.py:190} INFO - [2025-02-14T02:28:34.627+0000] {dag.py:4180} INFO - Setting next_dagrun for dag_to_scrape_and_upload to 2025-02-14 00:00:00+00:00, run_after=2025-02-15 00:00:00+00:00
[2025-02-14T02:28:34.648+0000] {processor.py:208} INFO - Processing /opt/airflow/dags/scrape_upload_dag.py took 0.348 seconds
[2025-02-14T02:29:05.261+0000] {processor.py:186} INFO - Started process (PID=377) to work on /opt/airflow/dags/scrape_upload_dag.py
[2025-02-14T02:29:05.262+0000] {processor.py:914} INFO - Processing file /opt/airflow/dags/scrape_upload_dag.py for tasks to queue
[2025-02-14T02:29:05.265+0000] {logging_mixin.py:190} INFO - [2025-02-14T02:29:05.264+0000] {dagbag.py:588} INFO - Filling up the DagBag from /opt/airflow/dags/scrape_upload_dag.py
[2025-02-14T02:29:05.567+0000] {processor.py:925} INFO - DAG(s) 'dag_to_scrape_and_upload' retrieved from /opt/airflow/dags/scrape_upload_dag.py
[2025-02-14T02:29:05.590+0000] {logging_mixin.py:190} INFO - [2025-02-14T02:29:05.590+0000] {dag.py:3239} INFO - Sync 1 DAGs
[2025-02-14T02:29:05.616+0000] {logging_mixin.py:190} INFO - [2025-02-14T02:29:05.616+0000] {dag.py:4180} INFO - Setting next_dagrun for dag_to_scrape_and_upload to 2025-02-14 00:00:00+00:00, run_after=2025-02-15 00:00:00+00:00
[2025-02-14T02:29:05.639+0000] {processor.py:208} INFO - Processing /opt/airflow/dags/scrape_upload_dag.py took 0.385 seconds
[2025-02-14T02:29:36.138+0000] {processor.py:186} INFO - Started process (PID=391) to work on /opt/airflow/dags/scrape_upload_dag.py
[2025-02-14T02:29:36.139+0000] {processor.py:914} INFO - Processing file /opt/airflow/dags/scrape_upload_dag.py for tasks to queue
[2025-02-14T02:29:36.141+0000] {logging_mixin.py:190} INFO - [2025-02-14T02:29:36.141+0000] {dagbag.py:588} INFO - Filling up the DagBag from /opt/airflow/dags/scrape_upload_dag.py
[2025-02-14T02:29:36.564+0000] {processor.py:925} INFO - DAG(s) 'dag_to_scrape_and_upload' retrieved from /opt/airflow/dags/scrape_upload_dag.py
[2025-02-14T02:29:36.595+0000] {logging_mixin.py:190} INFO - [2025-02-14T02:29:36.594+0000] {dag.py:3239} INFO - Sync 1 DAGs
[2025-02-14T02:29:36.630+0000] {logging_mixin.py:190} INFO - [2025-02-14T02:29:36.630+0000] {dag.py:4180} INFO - Setting next_dagrun for dag_to_scrape_and_upload to 2025-02-14 00:00:00+00:00, run_after=2025-02-15 00:00:00+00:00
[2025-02-14T02:29:36.663+0000] {processor.py:208} INFO - Processing /opt/airflow/dags/scrape_upload_dag.py took 0.533 seconds
[2025-02-14T02:30:07.184+0000] {processor.py:186} INFO - Started process (PID=404) to work on /opt/airflow/dags/scrape_upload_dag.py
[2025-02-14T02:30:07.220+0000] {processor.py:914} INFO - Processing file /opt/airflow/dags/scrape_upload_dag.py for tasks to queue
[2025-02-14T02:30:07.249+0000] {logging_mixin.py:190} INFO - [2025-02-14T02:30:07.248+0000] {dagbag.py:588} INFO - Filling up the DagBag from /opt/airflow/dags/scrape_upload_dag.py
[2025-02-14T02:30:07.634+0000] {processor.py:925} INFO - DAG(s) 'dag_to_scrape_and_upload' retrieved from /opt/airflow/dags/scrape_upload_dag.py
[2025-02-14T02:30:07.656+0000] {logging_mixin.py:190} INFO - [2025-02-14T02:30:07.656+0000] {dag.py:3239} INFO - Sync 1 DAGs
[2025-02-14T02:30:07.676+0000] {logging_mixin.py:190} INFO - [2025-02-14T02:30:07.676+0000] {dag.py:4180} INFO - Setting next_dagrun for dag_to_scrape_and_upload to 2025-02-14 00:00:00+00:00, run_after=2025-02-15 00:00:00+00:00
[2025-02-14T02:30:07.699+0000] {processor.py:208} INFO - Processing /opt/airflow/dags/scrape_upload_dag.py took 0.549 seconds
