[2025-02-14T00:53:30.869+0000] {processor.py:186} INFO - Started process (PID=109) to work on /opt/airflow/dags/t.py
[2025-02-14T00:53:30.871+0000] {processor.py:914} INFO - Processing file /opt/airflow/dags/t.py for tasks to queue
[2025-02-14T00:53:30.900+0000] {logging_mixin.py:190} INFO - [2025-02-14T00:53:30.898+0000] {dagbag.py:588} INFO - Filling up the DagBag from /opt/airflow/dags/t.py
[2025-02-14T00:53:41.084+0000] {logging_mixin.py:190} INFO - [2025-02-14T00:53:41.080+0000] {connection.py:414} INFO - Snowflake Connector for Python Version: 3.12.4, Python Version: 3.12.8, Platform: Linux-5.15.167.4-microsoft-standard-WSL2-x86_64-with-glibc2.36
[2025-02-14T00:53:41.086+0000] {logging_mixin.py:190} INFO - [2025-02-14T00:53:41.086+0000] {connection.py:1197} INFO - Connecting to GLOBAL Snowflake domain
[2025-02-14T00:53:41.094+0000] {logging_mixin.py:190} INFO - [2025-02-14T00:53:41.094+0000] {connection.py:1278} INFO - This connection is in OCSP Fail Open Mode. TLS Certificates would be checked for validity and revocation status. Any other Certificate Revocation related exceptions or OCSP Responder failures would be disregarded in favor of connectivity.
[2025-02-14T00:53:43.967+0000] {processor.py:927} WARNING - No viable dags retrieved from /opt/airflow/dags/t.py
[2025-02-14T00:53:44.000+0000] {processor.py:208} INFO - Processing /opt/airflow/dags/t.py took 13.191 seconds
[2025-02-14T00:54:14.610+0000] {processor.py:186} INFO - Started process (PID=129) to work on /opt/airflow/dags/t.py
[2025-02-14T00:54:14.611+0000] {processor.py:914} INFO - Processing file /opt/airflow/dags/t.py for tasks to queue
[2025-02-14T00:54:14.614+0000] {logging_mixin.py:190} INFO - [2025-02-14T00:54:14.613+0000] {dagbag.py:588} INFO - Filling up the DagBag from /opt/airflow/dags/t.py
[2025-02-14T00:54:16.213+0000] {logging_mixin.py:190} INFO - [2025-02-14T00:54:16.213+0000] {connection.py:414} INFO - Snowflake Connector for Python Version: 3.12.4, Python Version: 3.12.8, Platform: Linux-5.15.167.4-microsoft-standard-WSL2-x86_64-with-glibc2.36
[2025-02-14T00:54:16.214+0000] {logging_mixin.py:190} INFO - [2025-02-14T00:54:16.213+0000] {connection.py:1197} INFO - Connecting to GLOBAL Snowflake domain
[2025-02-14T00:54:16.214+0000] {logging_mixin.py:190} INFO - [2025-02-14T00:54:16.214+0000] {connection.py:1278} INFO - This connection is in OCSP Fail Open Mode. TLS Certificates would be checked for validity and revocation status. Any other Certificate Revocation related exceptions or OCSP Responder failures would be disregarded in favor of connectivity.
[2025-02-14T00:54:17.162+0000] {processor.py:927} WARNING - No viable dags retrieved from /opt/airflow/dags/t.py
[2025-02-14T00:54:17.189+0000] {processor.py:208} INFO - Processing /opt/airflow/dags/t.py took 2.596 seconds
[2025-02-14T00:54:47.416+0000] {processor.py:186} INFO - Started process (PID=143) to work on /opt/airflow/dags/t.py
[2025-02-14T00:54:47.424+0000] {processor.py:914} INFO - Processing file /opt/airflow/dags/t.py for tasks to queue
[2025-02-14T00:54:47.442+0000] {logging_mixin.py:190} INFO - [2025-02-14T00:54:47.441+0000] {dagbag.py:588} INFO - Filling up the DagBag from /opt/airflow/dags/t.py
[2025-02-14T00:54:50.976+0000] {logging_mixin.py:190} INFO - [2025-02-14T00:54:50.976+0000] {connection.py:414} INFO - Snowflake Connector for Python Version: 3.12.4, Python Version: 3.12.8, Platform: Linux-5.15.167.4-microsoft-standard-WSL2-x86_64-with-glibc2.36
[2025-02-14T00:54:50.981+0000] {logging_mixin.py:190} INFO - [2025-02-14T00:54:50.980+0000] {connection.py:1197} INFO - Connecting to GLOBAL Snowflake domain
[2025-02-14T00:54:50.984+0000] {logging_mixin.py:190} INFO - [2025-02-14T00:54:50.983+0000] {connection.py:1278} INFO - This connection is in OCSP Fail Open Mode. TLS Certificates would be checked for validity and revocation status. Any other Certificate Revocation related exceptions or OCSP Responder failures would be disregarded in favor of connectivity.
[2025-02-14T00:54:52.021+0000] {processor.py:927} WARNING - No viable dags retrieved from /opt/airflow/dags/t.py
[2025-02-14T00:54:52.036+0000] {processor.py:208} INFO - Processing /opt/airflow/dags/t.py took 4.654 seconds
[2025-02-14T00:55:22.568+0000] {processor.py:186} INFO - Started process (PID=157) to work on /opt/airflow/dags/t.py
[2025-02-14T00:55:22.569+0000] {processor.py:914} INFO - Processing file /opt/airflow/dags/t.py for tasks to queue
[2025-02-14T00:55:22.576+0000] {logging_mixin.py:190} INFO - [2025-02-14T00:55:22.576+0000] {dagbag.py:588} INFO - Filling up the DagBag from /opt/airflow/dags/t.py
[2025-02-14T00:55:24.016+0000] {logging_mixin.py:190} INFO - [2025-02-14T00:55:24.016+0000] {connection.py:414} INFO - Snowflake Connector for Python Version: 3.12.4, Python Version: 3.12.8, Platform: Linux-5.15.167.4-microsoft-standard-WSL2-x86_64-with-glibc2.36
[2025-02-14T00:55:24.017+0000] {logging_mixin.py:190} INFO - [2025-02-14T00:55:24.017+0000] {connection.py:1197} INFO - Connecting to GLOBAL Snowflake domain
[2025-02-14T00:55:24.018+0000] {logging_mixin.py:190} INFO - [2025-02-14T00:55:24.017+0000] {connection.py:1278} INFO - This connection is in OCSP Fail Open Mode. TLS Certificates would be checked for validity and revocation status. Any other Certificate Revocation related exceptions or OCSP Responder failures would be disregarded in favor of connectivity.
[2025-02-14T00:55:24.750+0000] {processor.py:927} WARNING - No viable dags retrieved from /opt/airflow/dags/t.py
[2025-02-14T00:55:24.774+0000] {processor.py:208} INFO - Processing /opt/airflow/dags/t.py took 2.216 seconds
[2025-02-14T00:55:55.347+0000] {processor.py:186} INFO - Started process (PID=170) to work on /opt/airflow/dags/t.py
[2025-02-14T00:55:55.349+0000] {processor.py:914} INFO - Processing file /opt/airflow/dags/t.py for tasks to queue
[2025-02-14T00:55:55.351+0000] {logging_mixin.py:190} INFO - [2025-02-14T00:55:55.351+0000] {dagbag.py:588} INFO - Filling up the DagBag from /opt/airflow/dags/t.py
[2025-02-14T00:55:56.749+0000] {logging_mixin.py:190} INFO - [2025-02-14T00:55:56.749+0000] {connection.py:414} INFO - Snowflake Connector for Python Version: 3.12.4, Python Version: 3.12.8, Platform: Linux-5.15.167.4-microsoft-standard-WSL2-x86_64-with-glibc2.36
[2025-02-14T00:55:56.750+0000] {logging_mixin.py:190} INFO - [2025-02-14T00:55:56.750+0000] {connection.py:1197} INFO - Connecting to GLOBAL Snowflake domain
[2025-02-14T00:55:56.751+0000] {logging_mixin.py:190} INFO - [2025-02-14T00:55:56.751+0000] {connection.py:1278} INFO - This connection is in OCSP Fail Open Mode. TLS Certificates would be checked for validity and revocation status. Any other Certificate Revocation related exceptions or OCSP Responder failures would be disregarded in favor of connectivity.
[2025-02-14T00:55:57.490+0000] {processor.py:927} WARNING - No viable dags retrieved from /opt/airflow/dags/t.py
[2025-02-14T00:55:57.511+0000] {processor.py:208} INFO - Processing /opt/airflow/dags/t.py took 2.173 seconds
[2025-02-14T00:56:28.327+0000] {processor.py:186} INFO - Started process (PID=184) to work on /opt/airflow/dags/t.py
[2025-02-14T00:56:28.336+0000] {processor.py:914} INFO - Processing file /opt/airflow/dags/t.py for tasks to queue
[2025-02-14T00:56:28.339+0000] {logging_mixin.py:190} INFO - [2025-02-14T00:56:28.339+0000] {dagbag.py:588} INFO - Filling up the DagBag from /opt/airflow/dags/t.py
[2025-02-14T00:56:29.602+0000] {logging_mixin.py:190} INFO - [2025-02-14T00:56:29.602+0000] {connection.py:414} INFO - Snowflake Connector for Python Version: 3.12.4, Python Version: 3.12.8, Platform: Linux-5.15.167.4-microsoft-standard-WSL2-x86_64-with-glibc2.36
[2025-02-14T00:56:29.607+0000] {logging_mixin.py:190} INFO - [2025-02-14T00:56:29.607+0000] {connection.py:1197} INFO - Connecting to GLOBAL Snowflake domain
[2025-02-14T00:56:29.608+0000] {logging_mixin.py:190} INFO - [2025-02-14T00:56:29.608+0000] {connection.py:1278} INFO - This connection is in OCSP Fail Open Mode. TLS Certificates would be checked for validity and revocation status. Any other Certificate Revocation related exceptions or OCSP Responder failures would be disregarded in favor of connectivity.
[2025-02-14T00:56:30.249+0000] {processor.py:927} WARNING - No viable dags retrieved from /opt/airflow/dags/t.py
[2025-02-14T00:56:30.271+0000] {processor.py:208} INFO - Processing /opt/airflow/dags/t.py took 1.954 seconds
[2025-02-14T00:57:00.409+0000] {processor.py:186} INFO - Started process (PID=198) to work on /opt/airflow/dags/t.py
[2025-02-14T00:57:00.412+0000] {processor.py:914} INFO - Processing file /opt/airflow/dags/t.py for tasks to queue
[2025-02-14T00:57:00.419+0000] {logging_mixin.py:190} INFO - [2025-02-14T00:57:00.418+0000] {dagbag.py:588} INFO - Filling up the DagBag from /opt/airflow/dags/t.py
[2025-02-14T00:57:01.954+0000] {logging_mixin.py:190} INFO - [2025-02-14T00:57:01.953+0000] {connection.py:414} INFO - Snowflake Connector for Python Version: 3.12.4, Python Version: 3.12.8, Platform: Linux-5.15.167.4-microsoft-standard-WSL2-x86_64-with-glibc2.36
[2025-02-14T00:57:01.955+0000] {logging_mixin.py:190} INFO - [2025-02-14T00:57:01.955+0000] {connection.py:1197} INFO - Connecting to GLOBAL Snowflake domain
[2025-02-14T00:57:01.955+0000] {logging_mixin.py:190} INFO - [2025-02-14T00:57:01.955+0000] {connection.py:1278} INFO - This connection is in OCSP Fail Open Mode. TLS Certificates would be checked for validity and revocation status. Any other Certificate Revocation related exceptions or OCSP Responder failures would be disregarded in favor of connectivity.
[2025-02-14T00:57:02.757+0000] {processor.py:927} WARNING - No viable dags retrieved from /opt/airflow/dags/t.py
[2025-02-14T00:57:02.778+0000] {processor.py:208} INFO - Processing /opt/airflow/dags/t.py took 2.390 seconds
[2025-02-14T00:57:33.267+0000] {processor.py:186} INFO - Started process (PID=212) to work on /opt/airflow/dags/t.py
[2025-02-14T00:57:33.274+0000] {processor.py:914} INFO - Processing file /opt/airflow/dags/t.py for tasks to queue
[2025-02-14T00:57:33.282+0000] {logging_mixin.py:190} INFO - [2025-02-14T00:57:33.282+0000] {dagbag.py:588} INFO - Filling up the DagBag from /opt/airflow/dags/t.py
[2025-02-14T00:57:35.056+0000] {logging_mixin.py:190} INFO - [2025-02-14T00:57:35.055+0000] {connection.py:414} INFO - Snowflake Connector for Python Version: 3.12.4, Python Version: 3.12.8, Platform: Linux-5.15.167.4-microsoft-standard-WSL2-x86_64-with-glibc2.36
[2025-02-14T00:57:35.058+0000] {logging_mixin.py:190} INFO - [2025-02-14T00:57:35.057+0000] {connection.py:1197} INFO - Connecting to GLOBAL Snowflake domain
[2025-02-14T00:57:35.067+0000] {logging_mixin.py:190} INFO - [2025-02-14T00:57:35.066+0000] {connection.py:1278} INFO - This connection is in OCSP Fail Open Mode. TLS Certificates would be checked for validity and revocation status. Any other Certificate Revocation related exceptions or OCSP Responder failures would be disregarded in favor of connectivity.
[2025-02-14T00:57:35.923+0000] {processor.py:927} WARNING - No viable dags retrieved from /opt/airflow/dags/t.py
[2025-02-14T00:57:35.947+0000] {processor.py:208} INFO - Processing /opt/airflow/dags/t.py took 2.693 seconds
[2025-02-14T00:58:06.700+0000] {processor.py:186} INFO - Started process (PID=226) to work on /opt/airflow/dags/t.py
[2025-02-14T00:58:06.716+0000] {processor.py:914} INFO - Processing file /opt/airflow/dags/t.py for tasks to queue
[2025-02-14T00:58:06.720+0000] {logging_mixin.py:190} INFO - [2025-02-14T00:58:06.719+0000] {dagbag.py:588} INFO - Filling up the DagBag from /opt/airflow/dags/t.py
[2025-02-14T00:58:08.906+0000] {logging_mixin.py:190} INFO - [2025-02-14T00:58:08.906+0000] {connection.py:414} INFO - Snowflake Connector for Python Version: 3.12.4, Python Version: 3.12.8, Platform: Linux-5.15.167.4-microsoft-standard-WSL2-x86_64-with-glibc2.36
[2025-02-14T00:58:08.916+0000] {logging_mixin.py:190} INFO - [2025-02-14T00:58:08.911+0000] {connection.py:1197} INFO - Connecting to GLOBAL Snowflake domain
[2025-02-14T00:58:08.916+0000] {logging_mixin.py:190} INFO - [2025-02-14T00:58:08.916+0000] {connection.py:1278} INFO - This connection is in OCSP Fail Open Mode. TLS Certificates would be checked for validity and revocation status. Any other Certificate Revocation related exceptions or OCSP Responder failures would be disregarded in favor of connectivity.
[2025-02-14T00:58:09.906+0000] {processor.py:927} WARNING - No viable dags retrieved from /opt/airflow/dags/t.py
[2025-02-14T00:58:09.929+0000] {processor.py:208} INFO - Processing /opt/airflow/dags/t.py took 3.243 seconds
[2025-02-14T00:58:40.553+0000] {processor.py:186} INFO - Started process (PID=247) to work on /opt/airflow/dags/t.py
[2025-02-14T00:58:40.555+0000] {processor.py:914} INFO - Processing file /opt/airflow/dags/t.py for tasks to queue
[2025-02-14T00:58:40.571+0000] {logging_mixin.py:190} INFO - [2025-02-14T00:58:40.570+0000] {dagbag.py:588} INFO - Filling up the DagBag from /opt/airflow/dags/t.py
[2025-02-14T00:58:42.453+0000] {logging_mixin.py:190} INFO - [2025-02-14T00:58:42.452+0000] {connection.py:414} INFO - Snowflake Connector for Python Version: 3.12.4, Python Version: 3.12.8, Platform: Linux-5.15.167.4-microsoft-standard-WSL2-x86_64-with-glibc2.36
[2025-02-14T00:58:42.454+0000] {logging_mixin.py:190} INFO - [2025-02-14T00:58:42.454+0000] {connection.py:1197} INFO - Connecting to GLOBAL Snowflake domain
[2025-02-14T00:58:42.455+0000] {logging_mixin.py:190} INFO - [2025-02-14T00:58:42.455+0000] {connection.py:1278} INFO - This connection is in OCSP Fail Open Mode. TLS Certificates would be checked for validity and revocation status. Any other Certificate Revocation related exceptions or OCSP Responder failures would be disregarded in favor of connectivity.
[2025-02-14T00:58:43.292+0000] {processor.py:927} WARNING - No viable dags retrieved from /opt/airflow/dags/t.py
[2025-02-14T00:58:43.313+0000] {processor.py:208} INFO - Processing /opt/airflow/dags/t.py took 2.773 seconds
[2025-02-14T00:59:13.493+0000] {processor.py:186} INFO - Started process (PID=262) to work on /opt/airflow/dags/t.py
[2025-02-14T00:59:13.500+0000] {processor.py:914} INFO - Processing file /opt/airflow/dags/t.py for tasks to queue
[2025-02-14T00:59:13.503+0000] {logging_mixin.py:190} INFO - [2025-02-14T00:59:13.502+0000] {dagbag.py:588} INFO - Filling up the DagBag from /opt/airflow/dags/t.py
[2025-02-14T00:59:15.132+0000] {logging_mixin.py:190} INFO - [2025-02-14T00:59:15.132+0000] {connection.py:414} INFO - Snowflake Connector for Python Version: 3.12.4, Python Version: 3.12.8, Platform: Linux-5.15.167.4-microsoft-standard-WSL2-x86_64-with-glibc2.36
[2025-02-14T00:59:15.138+0000] {logging_mixin.py:190} INFO - [2025-02-14T00:59:15.137+0000] {connection.py:1197} INFO - Connecting to GLOBAL Snowflake domain
[2025-02-14T00:59:15.139+0000] {logging_mixin.py:190} INFO - [2025-02-14T00:59:15.139+0000] {connection.py:1278} INFO - This connection is in OCSP Fail Open Mode. TLS Certificates would be checked for validity and revocation status. Any other Certificate Revocation related exceptions or OCSP Responder failures would be disregarded in favor of connectivity.
[2025-02-14T00:59:16.059+0000] {processor.py:927} WARNING - No viable dags retrieved from /opt/airflow/dags/t.py
[2025-02-14T00:59:16.081+0000] {processor.py:208} INFO - Processing /opt/airflow/dags/t.py took 2.608 seconds
[2025-02-14T00:59:46.359+0000] {processor.py:186} INFO - Started process (PID=278) to work on /opt/airflow/dags/t.py
[2025-02-14T00:59:46.360+0000] {processor.py:914} INFO - Processing file /opt/airflow/dags/t.py for tasks to queue
[2025-02-14T00:59:46.363+0000] {logging_mixin.py:190} INFO - [2025-02-14T00:59:46.362+0000] {dagbag.py:588} INFO - Filling up the DagBag from /opt/airflow/dags/t.py
[2025-02-14T00:59:48.092+0000] {logging_mixin.py:190} INFO - [2025-02-14T00:59:48.092+0000] {connection.py:414} INFO - Snowflake Connector for Python Version: 3.12.4, Python Version: 3.12.8, Platform: Linux-5.15.167.4-microsoft-standard-WSL2-x86_64-with-glibc2.36
[2025-02-14T00:59:48.094+0000] {logging_mixin.py:190} INFO - [2025-02-14T00:59:48.093+0000] {connection.py:1197} INFO - Connecting to GLOBAL Snowflake domain
[2025-02-14T00:59:48.094+0000] {logging_mixin.py:190} INFO - [2025-02-14T00:59:48.094+0000] {connection.py:1278} INFO - This connection is in OCSP Fail Open Mode. TLS Certificates would be checked for validity and revocation status. Any other Certificate Revocation related exceptions or OCSP Responder failures would be disregarded in favor of connectivity.
[2025-02-14T00:59:48.958+0000] {processor.py:927} WARNING - No viable dags retrieved from /opt/airflow/dags/t.py
[2025-02-14T00:59:48.989+0000] {processor.py:208} INFO - Processing /opt/airflow/dags/t.py took 2.640 seconds
[2025-02-14T01:00:19.287+0000] {processor.py:186} INFO - Started process (PID=294) to work on /opt/airflow/dags/t.py
[2025-02-14T01:00:19.288+0000] {processor.py:914} INFO - Processing file /opt/airflow/dags/t.py for tasks to queue
[2025-02-14T01:00:19.295+0000] {logging_mixin.py:190} INFO - [2025-02-14T01:00:19.295+0000] {dagbag.py:588} INFO - Filling up the DagBag from /opt/airflow/dags/t.py
[2025-02-14T01:00:21.148+0000] {logging_mixin.py:190} INFO - [2025-02-14T01:00:21.148+0000] {connection.py:414} INFO - Snowflake Connector for Python Version: 3.12.4, Python Version: 3.12.8, Platform: Linux-5.15.167.4-microsoft-standard-WSL2-x86_64-with-glibc2.36
[2025-02-14T01:00:21.153+0000] {logging_mixin.py:190} INFO - [2025-02-14T01:00:21.152+0000] {connection.py:1197} INFO - Connecting to GLOBAL Snowflake domain
[2025-02-14T01:00:21.154+0000] {logging_mixin.py:190} INFO - [2025-02-14T01:00:21.153+0000] {connection.py:1278} INFO - This connection is in OCSP Fail Open Mode. TLS Certificates would be checked for validity and revocation status. Any other Certificate Revocation related exceptions or OCSP Responder failures would be disregarded in favor of connectivity.
[2025-02-14T01:00:22.855+0000] {processor.py:927} WARNING - No viable dags retrieved from /opt/airflow/dags/t.py
[2025-02-14T01:00:22.878+0000] {processor.py:208} INFO - Processing /opt/airflow/dags/t.py took 3.604 seconds
[2025-02-14T01:00:53.372+0000] {processor.py:186} INFO - Started process (PID=310) to work on /opt/airflow/dags/t.py
[2025-02-14T01:00:53.373+0000] {processor.py:914} INFO - Processing file /opt/airflow/dags/t.py for tasks to queue
[2025-02-14T01:00:53.377+0000] {logging_mixin.py:190} INFO - [2025-02-14T01:00:53.376+0000] {dagbag.py:588} INFO - Filling up the DagBag from /opt/airflow/dags/t.py
[2025-02-14T01:00:55.096+0000] {logging_mixin.py:190} INFO - [2025-02-14T01:00:55.095+0000] {connection.py:414} INFO - Snowflake Connector for Python Version: 3.12.4, Python Version: 3.12.8, Platform: Linux-5.15.167.4-microsoft-standard-WSL2-x86_64-with-glibc2.36
[2025-02-14T01:00:55.097+0000] {logging_mixin.py:190} INFO - [2025-02-14T01:00:55.096+0000] {connection.py:1197} INFO - Connecting to GLOBAL Snowflake domain
[2025-02-14T01:00:55.098+0000] {logging_mixin.py:190} INFO - [2025-02-14T01:00:55.097+0000] {connection.py:1278} INFO - This connection is in OCSP Fail Open Mode. TLS Certificates would be checked for validity and revocation status. Any other Certificate Revocation related exceptions or OCSP Responder failures would be disregarded in favor of connectivity.
[2025-02-14T01:00:56.054+0000] {processor.py:927} WARNING - No viable dags retrieved from /opt/airflow/dags/t.py
[2025-02-14T01:00:56.076+0000] {processor.py:208} INFO - Processing /opt/airflow/dags/t.py took 2.719 seconds
[2025-02-14T01:01:26.598+0000] {processor.py:186} INFO - Started process (PID=325) to work on /opt/airflow/dags/t.py
[2025-02-14T01:01:26.599+0000] {processor.py:914} INFO - Processing file /opt/airflow/dags/t.py for tasks to queue
[2025-02-14T01:01:26.609+0000] {logging_mixin.py:190} INFO - [2025-02-14T01:01:26.609+0000] {dagbag.py:588} INFO - Filling up the DagBag from /opt/airflow/dags/t.py
[2025-02-14T01:01:28.398+0000] {logging_mixin.py:190} INFO - [2025-02-14T01:01:28.397+0000] {connection.py:414} INFO - Snowflake Connector for Python Version: 3.12.4, Python Version: 3.12.8, Platform: Linux-5.15.167.4-microsoft-standard-WSL2-x86_64-with-glibc2.36
[2025-02-14T01:01:28.399+0000] {logging_mixin.py:190} INFO - [2025-02-14T01:01:28.399+0000] {connection.py:1197} INFO - Connecting to GLOBAL Snowflake domain
[2025-02-14T01:01:28.399+0000] {logging_mixin.py:190} INFO - [2025-02-14T01:01:28.399+0000] {connection.py:1278} INFO - This connection is in OCSP Fail Open Mode. TLS Certificates would be checked for validity and revocation status. Any other Certificate Revocation related exceptions or OCSP Responder failures would be disregarded in favor of connectivity.
[2025-02-14T01:01:30.049+0000] {processor.py:927} WARNING - No viable dags retrieved from /opt/airflow/dags/t.py
[2025-02-14T01:01:30.074+0000] {processor.py:208} INFO - Processing /opt/airflow/dags/t.py took 3.504 seconds
[2025-02-14T01:02:00.377+0000] {processor.py:186} INFO - Started process (PID=339) to work on /opt/airflow/dags/t.py
[2025-02-14T01:02:00.378+0000] {processor.py:914} INFO - Processing file /opt/airflow/dags/t.py for tasks to queue
[2025-02-14T01:02:00.383+0000] {logging_mixin.py:190} INFO - [2025-02-14T01:02:00.382+0000] {dagbag.py:588} INFO - Filling up the DagBag from /opt/airflow/dags/t.py
[2025-02-14T01:02:02.082+0000] {logging_mixin.py:190} INFO - [2025-02-14T01:02:02.081+0000] {connection.py:414} INFO - Snowflake Connector for Python Version: 3.12.4, Python Version: 3.12.8, Platform: Linux-5.15.167.4-microsoft-standard-WSL2-x86_64-with-glibc2.36
[2025-02-14T01:02:02.083+0000] {logging_mixin.py:190} INFO - [2025-02-14T01:02:02.083+0000] {connection.py:1197} INFO - Connecting to GLOBAL Snowflake domain
[2025-02-14T01:02:02.084+0000] {logging_mixin.py:190} INFO - [2025-02-14T01:02:02.084+0000] {connection.py:1278} INFO - This connection is in OCSP Fail Open Mode. TLS Certificates would be checked for validity and revocation status. Any other Certificate Revocation related exceptions or OCSP Responder failures would be disregarded in favor of connectivity.
[2025-02-14T01:02:03.062+0000] {processor.py:927} WARNING - No viable dags retrieved from /opt/airflow/dags/t.py
[2025-02-14T01:02:03.082+0000] {processor.py:208} INFO - Processing /opt/airflow/dags/t.py took 2.717 seconds
[2025-02-14T01:02:33.336+0000] {processor.py:186} INFO - Started process (PID=352) to work on /opt/airflow/dags/t.py
[2025-02-14T01:02:33.338+0000] {processor.py:914} INFO - Processing file /opt/airflow/dags/t.py for tasks to queue
[2025-02-14T01:02:33.340+0000] {logging_mixin.py:190} INFO - [2025-02-14T01:02:33.340+0000] {dagbag.py:588} INFO - Filling up the DagBag from /opt/airflow/dags/t.py
[2025-02-14T01:02:34.707+0000] {logging_mixin.py:190} INFO - [2025-02-14T01:02:34.707+0000] {connection.py:414} INFO - Snowflake Connector for Python Version: 3.12.4, Python Version: 3.12.8, Platform: Linux-5.15.167.4-microsoft-standard-WSL2-x86_64-with-glibc2.36
[2025-02-14T01:02:34.708+0000] {logging_mixin.py:190} INFO - [2025-02-14T01:02:34.708+0000] {connection.py:1197} INFO - Connecting to GLOBAL Snowflake domain
[2025-02-14T01:02:34.709+0000] {logging_mixin.py:190} INFO - [2025-02-14T01:02:34.709+0000] {connection.py:1278} INFO - This connection is in OCSP Fail Open Mode. TLS Certificates would be checked for validity and revocation status. Any other Certificate Revocation related exceptions or OCSP Responder failures would be disregarded in favor of connectivity.
[2025-02-14T01:02:35.536+0000] {processor.py:927} WARNING - No viable dags retrieved from /opt/airflow/dags/t.py
[2025-02-14T01:02:35.554+0000] {processor.py:208} INFO - Processing /opt/airflow/dags/t.py took 2.228 seconds
[2025-02-14T01:03:05.713+0000] {processor.py:186} INFO - Started process (PID=366) to work on /opt/airflow/dags/t.py
[2025-02-14T01:03:05.719+0000] {processor.py:914} INFO - Processing file /opt/airflow/dags/t.py for tasks to queue
[2025-02-14T01:03:05.723+0000] {logging_mixin.py:190} INFO - [2025-02-14T01:03:05.722+0000] {dagbag.py:588} INFO - Filling up the DagBag from /opt/airflow/dags/t.py
[2025-02-14T01:03:07.283+0000] {logging_mixin.py:190} INFO - [2025-02-14T01:03:07.283+0000] {connection.py:414} INFO - Snowflake Connector for Python Version: 3.12.4, Python Version: 3.12.8, Platform: Linux-5.15.167.4-microsoft-standard-WSL2-x86_64-with-glibc2.36
[2025-02-14T01:03:07.289+0000] {logging_mixin.py:190} INFO - [2025-02-14T01:03:07.288+0000] {connection.py:1197} INFO - Connecting to GLOBAL Snowflake domain
[2025-02-14T01:03:07.289+0000] {logging_mixin.py:190} INFO - [2025-02-14T01:03:07.289+0000] {connection.py:1278} INFO - This connection is in OCSP Fail Open Mode. TLS Certificates would be checked for validity and revocation status. Any other Certificate Revocation related exceptions or OCSP Responder failures would be disregarded in favor of connectivity.
[2025-02-14T01:03:08.063+0000] {processor.py:927} WARNING - No viable dags retrieved from /opt/airflow/dags/t.py
[2025-02-14T01:03:08.090+0000] {processor.py:208} INFO - Processing /opt/airflow/dags/t.py took 2.390 seconds
[2025-02-14T01:03:38.324+0000] {processor.py:186} INFO - Started process (PID=380) to work on /opt/airflow/dags/t.py
[2025-02-14T01:03:38.325+0000] {processor.py:914} INFO - Processing file /opt/airflow/dags/t.py for tasks to queue
[2025-02-14T01:03:38.332+0000] {logging_mixin.py:190} INFO - [2025-02-14T01:03:38.332+0000] {dagbag.py:588} INFO - Filling up the DagBag from /opt/airflow/dags/t.py
[2025-02-14T01:03:39.843+0000] {logging_mixin.py:190} INFO - [2025-02-14T01:03:39.843+0000] {connection.py:414} INFO - Snowflake Connector for Python Version: 3.12.4, Python Version: 3.12.8, Platform: Linux-5.15.167.4-microsoft-standard-WSL2-x86_64-with-glibc2.36
[2025-02-14T01:03:39.844+0000] {logging_mixin.py:190} INFO - [2025-02-14T01:03:39.844+0000] {connection.py:1197} INFO - Connecting to GLOBAL Snowflake domain
[2025-02-14T01:03:39.845+0000] {logging_mixin.py:190} INFO - [2025-02-14T01:03:39.844+0000] {connection.py:1278} INFO - This connection is in OCSP Fail Open Mode. TLS Certificates would be checked for validity and revocation status. Any other Certificate Revocation related exceptions or OCSP Responder failures would be disregarded in favor of connectivity.
[2025-02-14T01:03:41.377+0000] {processor.py:927} WARNING - No viable dags retrieved from /opt/airflow/dags/t.py
[2025-02-14T01:03:41.404+0000] {processor.py:208} INFO - Processing /opt/airflow/dags/t.py took 3.091 seconds
[2025-02-14T01:04:12.284+0000] {processor.py:186} INFO - Started process (PID=400) to work on /opt/airflow/dags/t.py
[2025-02-14T01:04:12.285+0000] {processor.py:914} INFO - Processing file /opt/airflow/dags/t.py for tasks to queue
[2025-02-14T01:04:12.291+0000] {logging_mixin.py:190} INFO - [2025-02-14T01:04:12.291+0000] {dagbag.py:588} INFO - Filling up the DagBag from /opt/airflow/dags/t.py
[2025-02-14T01:04:14.206+0000] {logging_mixin.py:190} INFO - [2025-02-14T01:04:14.206+0000] {connection.py:414} INFO - Snowflake Connector for Python Version: 3.12.4, Python Version: 3.12.8, Platform: Linux-5.15.167.4-microsoft-standard-WSL2-x86_64-with-glibc2.36
[2025-02-14T01:04:14.211+0000] {logging_mixin.py:190} INFO - [2025-02-14T01:04:14.210+0000] {connection.py:1197} INFO - Connecting to GLOBAL Snowflake domain
[2025-02-14T01:04:14.211+0000] {logging_mixin.py:190} INFO - [2025-02-14T01:04:14.211+0000] {connection.py:1278} INFO - This connection is in OCSP Fail Open Mode. TLS Certificates would be checked for validity and revocation status. Any other Certificate Revocation related exceptions or OCSP Responder failures would be disregarded in favor of connectivity.
[2025-02-14T01:04:15.052+0000] {processor.py:927} WARNING - No viable dags retrieved from /opt/airflow/dags/t.py
[2025-02-14T01:04:15.070+0000] {processor.py:208} INFO - Processing /opt/airflow/dags/t.py took 2.798 seconds
[2025-02-14T01:04:45.215+0000] {processor.py:186} INFO - Started process (PID=414) to work on /opt/airflow/dags/t.py
[2025-02-14T01:04:45.217+0000] {processor.py:914} INFO - Processing file /opt/airflow/dags/t.py for tasks to queue
[2025-02-14T01:04:45.226+0000] {logging_mixin.py:190} INFO - [2025-02-14T01:04:45.226+0000] {dagbag.py:588} INFO - Filling up the DagBag from /opt/airflow/dags/t.py
[2025-02-14T01:04:47.194+0000] {logging_mixin.py:190} INFO - [2025-02-14T01:04:47.193+0000] {connection.py:414} INFO - Snowflake Connector for Python Version: 3.12.4, Python Version: 3.12.8, Platform: Linux-5.15.167.4-microsoft-standard-WSL2-x86_64-with-glibc2.36
[2025-02-14T01:04:47.196+0000] {logging_mixin.py:190} INFO - [2025-02-14T01:04:47.196+0000] {connection.py:1197} INFO - Connecting to GLOBAL Snowflake domain
[2025-02-14T01:04:47.197+0000] {logging_mixin.py:190} INFO - [2025-02-14T01:04:47.197+0000] {connection.py:1278} INFO - This connection is in OCSP Fail Open Mode. TLS Certificates would be checked for validity and revocation status. Any other Certificate Revocation related exceptions or OCSP Responder failures would be disregarded in favor of connectivity.
[2025-02-14T01:04:48.265+0000] {processor.py:927} WARNING - No viable dags retrieved from /opt/airflow/dags/t.py
[2025-02-14T01:04:48.293+0000] {processor.py:208} INFO - Processing /opt/airflow/dags/t.py took 3.095 seconds
[2025-02-14T01:11:22.911+0000] {processor.py:186} INFO - Started process (PID=112) to work on /opt/airflow/dags/t.py
[2025-02-14T01:11:22.956+0000] {processor.py:914} INFO - Processing file /opt/airflow/dags/t.py for tasks to queue
[2025-02-14T01:11:22.961+0000] {logging_mixin.py:190} INFO - [2025-02-14T01:11:22.960+0000] {dagbag.py:588} INFO - Filling up the DagBag from /opt/airflow/dags/t.py
[2025-02-14T01:11:36.596+0000] {logging_mixin.py:190} INFO - [2025-02-14T01:11:36.596+0000] {connection.py:414} INFO - Snowflake Connector for Python Version: 3.12.4, Python Version: 3.12.8, Platform: Linux-5.15.167.4-microsoft-standard-WSL2-x86_64-with-glibc2.36
[2025-02-14T01:11:36.598+0000] {logging_mixin.py:190} INFO - [2025-02-14T01:11:36.597+0000] {connection.py:1197} INFO - Connecting to GLOBAL Snowflake domain
[2025-02-14T01:11:36.599+0000] {logging_mixin.py:190} INFO - [2025-02-14T01:11:36.598+0000] {connection.py:1278} INFO - This connection is in OCSP Fail Open Mode. TLS Certificates would be checked for validity and revocation status. Any other Certificate Revocation related exceptions or OCSP Responder failures would be disregarded in favor of connectivity.
[2025-02-14T01:11:40.087+0000] {processor.py:927} WARNING - No viable dags retrieved from /opt/airflow/dags/t.py
[2025-02-14T01:11:40.145+0000] {processor.py:208} INFO - Processing /opt/airflow/dags/t.py took 17.340 seconds
[2025-02-14T01:12:14.068+0000] {processor.py:186} INFO - Started process (PID=127) to work on /opt/airflow/dags/t.py
[2025-02-14T01:12:14.108+0000] {processor.py:914} INFO - Processing file /opt/airflow/dags/t.py for tasks to queue
[2025-02-14T01:12:14.216+0000] {logging_mixin.py:190} INFO - [2025-02-14T01:12:14.215+0000] {dagbag.py:588} INFO - Filling up the DagBag from /opt/airflow/dags/t.py
[2025-02-14T01:12:27.907+0000] {logging_mixin.py:190} INFO - [2025-02-14T01:12:27.906+0000] {connection.py:414} INFO - Snowflake Connector for Python Version: 3.12.4, Python Version: 3.12.8, Platform: Linux-5.15.167.4-microsoft-standard-WSL2-x86_64-with-glibc2.36
[2025-02-14T01:12:27.909+0000] {logging_mixin.py:190} INFO - [2025-02-14T01:12:27.908+0000] {connection.py:1197} INFO - Connecting to GLOBAL Snowflake domain
[2025-02-14T01:12:27.910+0000] {logging_mixin.py:190} INFO - [2025-02-14T01:12:27.909+0000] {connection.py:1278} INFO - This connection is in OCSP Fail Open Mode. TLS Certificates would be checked for validity and revocation status. Any other Certificate Revocation related exceptions or OCSP Responder failures would be disregarded in favor of connectivity.
[2025-02-14T01:12:29.904+0000] {processor.py:927} WARNING - No viable dags retrieved from /opt/airflow/dags/t.py
[2025-02-14T01:12:30.065+0000] {processor.py:208} INFO - Processing /opt/airflow/dags/t.py took 17.726 seconds
[2025-02-14T01:13:01.172+0000] {processor.py:186} INFO - Started process (PID=147) to work on /opt/airflow/dags/t.py
[2025-02-14T01:13:01.186+0000] {processor.py:914} INFO - Processing file /opt/airflow/dags/t.py for tasks to queue
[2025-02-14T01:13:01.218+0000] {logging_mixin.py:190} INFO - [2025-02-14T01:13:01.217+0000] {dagbag.py:588} INFO - Filling up the DagBag from /opt/airflow/dags/t.py
[2025-02-14T01:13:07.471+0000] {logging_mixin.py:190} INFO - [2025-02-14T01:13:07.442+0000] {connection.py:414} INFO - Snowflake Connector for Python Version: 3.12.4, Python Version: 3.12.8, Platform: Linux-5.15.167.4-microsoft-standard-WSL2-x86_64-with-glibc2.36
[2025-02-14T01:13:07.491+0000] {logging_mixin.py:190} INFO - [2025-02-14T01:13:07.490+0000] {connection.py:1197} INFO - Connecting to GLOBAL Snowflake domain
[2025-02-14T01:13:07.492+0000] {logging_mixin.py:190} INFO - [2025-02-14T01:13:07.492+0000] {connection.py:1278} INFO - This connection is in OCSP Fail Open Mode. TLS Certificates would be checked for validity and revocation status. Any other Certificate Revocation related exceptions or OCSP Responder failures would be disregarded in favor of connectivity.
[2025-02-14T01:13:09.061+0000] {processor.py:927} WARNING - No viable dags retrieved from /opt/airflow/dags/t.py
[2025-02-14T01:13:09.226+0000] {processor.py:208} INFO - Processing /opt/airflow/dags/t.py took 8.154 seconds
[2025-02-14T01:18:43.957+0000] {processor.py:186} INFO - Started process (PID=104) to work on /opt/airflow/dags/t.py
[2025-02-14T01:18:43.960+0000] {processor.py:914} INFO - Processing file /opt/airflow/dags/t.py for tasks to queue
[2025-02-14T01:18:43.985+0000] {logging_mixin.py:190} INFO - [2025-02-14T01:18:43.981+0000] {dagbag.py:588} INFO - Filling up the DagBag from /opt/airflow/dags/t.py
[2025-02-14T01:18:58.065+0000] {logging_mixin.py:190} INFO - [2025-02-14T01:18:58.061+0000] {connection.py:414} INFO - Snowflake Connector for Python Version: 3.12.4, Python Version: 3.12.8, Platform: Linux-5.15.167.4-microsoft-standard-WSL2-x86_64-with-glibc2.36
[2025-02-14T01:18:58.067+0000] {logging_mixin.py:190} INFO - [2025-02-14T01:18:58.067+0000] {connection.py:1197} INFO - Connecting to GLOBAL Snowflake domain
[2025-02-14T01:18:58.069+0000] {logging_mixin.py:190} INFO - [2025-02-14T01:18:58.069+0000] {connection.py:1278} INFO - This connection is in OCSP Fail Open Mode. TLS Certificates would be checked for validity and revocation status. Any other Certificate Revocation related exceptions or OCSP Responder failures would be disregarded in favor of connectivity.
[2025-02-14T01:19:01.185+0000] {processor.py:927} WARNING - No viable dags retrieved from /opt/airflow/dags/t.py
[2025-02-14T01:19:01.390+0000] {processor.py:208} INFO - Processing /opt/airflow/dags/t.py took 17.454 seconds
[2025-02-14T01:19:32.847+0000] {processor.py:186} INFO - Started process (PID=126) to work on /opt/airflow/dags/t.py
[2025-02-14T01:19:32.857+0000] {processor.py:914} INFO - Processing file /opt/airflow/dags/t.py for tasks to queue
[2025-02-14T01:19:32.898+0000] {logging_mixin.py:190} INFO - [2025-02-14T01:19:32.898+0000] {dagbag.py:588} INFO - Filling up the DagBag from /opt/airflow/dags/t.py
[2025-02-14T01:20:03.173+0000] {logging_mixin.py:190} INFO - [2025-02-14T01:20:03.171+0000] {timeout.py:68} ERROR - Process timed out, PID: 126
[2025-02-14T01:20:03.499+0000] {logging_mixin.py:190} INFO - [2025-02-14T01:20:03.276+0000] {dagbag.py:387} ERROR - Failed to import: /opt/airflow/dags/t.py
Traceback (most recent call last):
  File "/home/airflow/.local/lib/python3.12/site-packages/airflow/models/dagbag.py", line 383, in parse
    loader.exec_module(new_module)
  File "<frozen importlib._bootstrap_external>", line 999, in exec_module
  File "<frozen importlib._bootstrap>", line 488, in _call_with_frames_removed
  File "/opt/airflow/dags/t.py", line 5, in <module>
    from utils.snowflake.snowflake_connector import conn
  File "/opt/airflow/dags/utils/snowflake/snowflake_connector.py", line 1, in <module>
    import snowflake.connector
  File "/home/airflow/.local/lib/python3.12/site-packages/snowflake/connector/__init__.py", line 19, in <module>
    from .connection import SnowflakeConnection
  File "/home/airflow/.local/lib/python3.12/site-packages/snowflake/connector/connection.py", line 35, in <module>
    from . import errors, proxy
  File "/home/airflow/.local/lib/python3.12/site-packages/snowflake/connector/errors.py", line 15, in <module>
    from .compat import BASE_EXCEPTION_CLASS
  File "/home/airflow/.local/lib/python3.12/site-packages/snowflake/connector/compat.py", line 19, in <module>
    from . import constants
  File "/home/airflow/.local/lib/python3.12/site-packages/snowflake/connector/constants.py", line 12, in <module>
    from .options import pyarrow as pa
  File "/home/airflow/.local/lib/python3.12/site-packages/snowflake/connector/options.py", line 135, in <module>
    pandas, pyarrow, installed_pandas = _import_or_missing_pandas_option()
                                        ^^^^^^^^^^^^^^^^^^^^^^^^^^^^^^^^^^
  File "/home/airflow/.local/lib/python3.12/site-packages/snowflake/connector/options.py", line 77, in _import_or_missing_pandas_option
    pandas = importlib.import_module("pandas")
             ^^^^^^^^^^^^^^^^^^^^^^^^^^^^^^^^^
  File "/usr/local/lib/python3.12/importlib/__init__.py", line 90, in import_module
    return _bootstrap._gcd_import(name[level:], package, level)
           ^^^^^^^^^^^^^^^^^^^^^^^^^^^^^^^^^^^^^^^^^^^^^^^^^^^^
  File "/home/airflow/.local/lib/python3.12/site-packages/pandas/__init__.py", line 136, in <module>
    from pandas import testing
  File "/home/airflow/.local/lib/python3.12/site-packages/pandas/testing.py", line 6, in <module>
    from pandas._testing import (
  File "/home/airflow/.local/lib/python3.12/site-packages/pandas/_testing/__init__.py", line 192, in <module>
    NULL_OBJECTS = [None, np.nan, pd.NaT, float("nan"), pd.NA, Decimal("NaN")]
                                                               ^^^^^^^^^^^^^^
  File "/home/airflow/.local/lib/python3.12/site-packages/airflow/utils/timeout.py", line 69, in handle_timeout
    raise AirflowTaskTimeout(self.error_message)
airflow.exceptions.AirflowTaskTimeout: DagBag import timeout for /opt/airflow/dags/t.py after 30.0s.
Please take a look at these docs to improve your DAG import time:
* https://airflow.apache.org/docs/apache-airflow/2.10.4/best-practices.html#top-level-python-code
* https://airflow.apache.org/docs/apache-airflow/2.10.4/best-practices.html#reducing-dag-complexity, PID: 126
[2025-02-14T01:20:03.515+0000] {processor.py:927} WARNING - No viable dags retrieved from /opt/airflow/dags/t.py
[2025-02-14T01:20:03.655+0000] {processor.py:208} INFO - Processing /opt/airflow/dags/t.py took 31.046 seconds
[2025-02-14T01:20:33.869+0000] {processor.py:186} INFO - Started process (PID=147) to work on /opt/airflow/dags/t.py
[2025-02-14T01:20:33.874+0000] {processor.py:914} INFO - Processing file /opt/airflow/dags/t.py for tasks to queue
[2025-02-14T01:20:33.878+0000] {logging_mixin.py:190} INFO - [2025-02-14T01:20:33.878+0000] {dagbag.py:588} INFO - Filling up the DagBag from /opt/airflow/dags/t.py
[2025-02-14T01:20:39.777+0000] {logging_mixin.py:190} INFO - [2025-02-14T01:20:39.776+0000] {connection.py:414} INFO - Snowflake Connector for Python Version: 3.12.4, Python Version: 3.12.8, Platform: Linux-5.15.167.4-microsoft-standard-WSL2-x86_64-with-glibc2.36
[2025-02-14T01:20:39.778+0000] {logging_mixin.py:190} INFO - [2025-02-14T01:20:39.777+0000] {connection.py:1197} INFO - Connecting to GLOBAL Snowflake domain
[2025-02-14T01:20:39.778+0000] {logging_mixin.py:190} INFO - [2025-02-14T01:20:39.778+0000] {connection.py:1278} INFO - This connection is in OCSP Fail Open Mode. TLS Certificates would be checked for validity and revocation status. Any other Certificate Revocation related exceptions or OCSP Responder failures would be disregarded in favor of connectivity.
[2025-02-14T01:20:40.790+0000] {processor.py:927} WARNING - No viable dags retrieved from /opt/airflow/dags/t.py
[2025-02-14T01:20:40.827+0000] {processor.py:208} INFO - Processing /opt/airflow/dags/t.py took 6.971 seconds
[2025-02-14T01:21:11.565+0000] {processor.py:186} INFO - Started process (PID=161) to work on /opt/airflow/dags/t.py
[2025-02-14T01:21:11.567+0000] {processor.py:914} INFO - Processing file /opt/airflow/dags/t.py for tasks to queue
[2025-02-14T01:21:11.574+0000] {logging_mixin.py:190} INFO - [2025-02-14T01:21:11.574+0000] {dagbag.py:588} INFO - Filling up the DagBag from /opt/airflow/dags/t.py
[2025-02-14T01:21:13.703+0000] {logging_mixin.py:190} INFO - [2025-02-14T01:21:13.698+0000] {connection.py:414} INFO - Snowflake Connector for Python Version: 3.12.4, Python Version: 3.12.8, Platform: Linux-5.15.167.4-microsoft-standard-WSL2-x86_64-with-glibc2.36
[2025-02-14T01:21:13.705+0000] {logging_mixin.py:190} INFO - [2025-02-14T01:21:13.705+0000] {connection.py:1197} INFO - Connecting to GLOBAL Snowflake domain
[2025-02-14T01:21:13.706+0000] {logging_mixin.py:190} INFO - [2025-02-14T01:21:13.705+0000] {connection.py:1278} INFO - This connection is in OCSP Fail Open Mode. TLS Certificates would be checked for validity and revocation status. Any other Certificate Revocation related exceptions or OCSP Responder failures would be disregarded in favor of connectivity.
[2025-02-14T01:21:14.668+0000] {processor.py:927} WARNING - No viable dags retrieved from /opt/airflow/dags/t.py
[2025-02-14T01:21:14.718+0000] {processor.py:208} INFO - Processing /opt/airflow/dags/t.py took 3.171 seconds
[2025-02-14T01:21:45.370+0000] {processor.py:186} INFO - Started process (PID=176) to work on /opt/airflow/dags/t.py
[2025-02-14T01:21:45.376+0000] {processor.py:914} INFO - Processing file /opt/airflow/dags/t.py for tasks to queue
[2025-02-14T01:21:45.380+0000] {logging_mixin.py:190} INFO - [2025-02-14T01:21:45.379+0000] {dagbag.py:588} INFO - Filling up the DagBag from /opt/airflow/dags/t.py
[2025-02-14T01:21:47.510+0000] {logging_mixin.py:190} INFO - [2025-02-14T01:21:47.509+0000] {connection.py:414} INFO - Snowflake Connector for Python Version: 3.12.4, Python Version: 3.12.8, Platform: Linux-5.15.167.4-microsoft-standard-WSL2-x86_64-with-glibc2.36
[2025-02-14T01:21:47.515+0000] {logging_mixin.py:190} INFO - [2025-02-14T01:21:47.511+0000] {connection.py:1197} INFO - Connecting to GLOBAL Snowflake domain
[2025-02-14T01:21:47.516+0000] {logging_mixin.py:190} INFO - [2025-02-14T01:21:47.515+0000] {connection.py:1278} INFO - This connection is in OCSP Fail Open Mode. TLS Certificates would be checked for validity and revocation status. Any other Certificate Revocation related exceptions or OCSP Responder failures would be disregarded in favor of connectivity.
[2025-02-14T01:21:48.437+0000] {processor.py:927} WARNING - No viable dags retrieved from /opt/airflow/dags/t.py
[2025-02-14T01:21:48.518+0000] {processor.py:208} INFO - Processing /opt/airflow/dags/t.py took 3.160 seconds
[2025-02-14T01:22:20.444+0000] {processor.py:186} INFO - Started process (PID=191) to work on /opt/airflow/dags/t.py
[2025-02-14T01:22:20.462+0000] {processor.py:914} INFO - Processing file /opt/airflow/dags/t.py for tasks to queue
[2025-02-14T01:22:20.473+0000] {logging_mixin.py:190} INFO - [2025-02-14T01:22:20.472+0000] {dagbag.py:588} INFO - Filling up the DagBag from /opt/airflow/dags/t.py
[2025-02-14T01:22:22.951+0000] {logging_mixin.py:190} INFO - [2025-02-14T01:22:22.947+0000] {connection.py:414} INFO - Snowflake Connector for Python Version: 3.12.4, Python Version: 3.12.8, Platform: Linux-5.15.167.4-microsoft-standard-WSL2-x86_64-with-glibc2.36
[2025-02-14T01:22:22.953+0000] {logging_mixin.py:190} INFO - [2025-02-14T01:22:22.953+0000] {connection.py:1197} INFO - Connecting to GLOBAL Snowflake domain
[2025-02-14T01:22:22.954+0000] {logging_mixin.py:190} INFO - [2025-02-14T01:22:22.954+0000] {connection.py:1278} INFO - This connection is in OCSP Fail Open Mode. TLS Certificates would be checked for validity and revocation status. Any other Certificate Revocation related exceptions or OCSP Responder failures would be disregarded in favor of connectivity.
[2025-02-14T01:22:24.074+0000] {processor.py:927} WARNING - No viable dags retrieved from /opt/airflow/dags/t.py
[2025-02-14T01:22:24.114+0000] {processor.py:208} INFO - Processing /opt/airflow/dags/t.py took 3.738 seconds
[2025-02-14T01:22:54.847+0000] {processor.py:186} INFO - Started process (PID=205) to work on /opt/airflow/dags/t.py
[2025-02-14T01:22:54.854+0000] {processor.py:914} INFO - Processing file /opt/airflow/dags/t.py for tasks to queue
[2025-02-14T01:22:54.868+0000] {logging_mixin.py:190} INFO - [2025-02-14T01:22:54.866+0000] {dagbag.py:588} INFO - Filling up the DagBag from /opt/airflow/dags/t.py
[2025-02-14T01:23:04.290+0000] {logging_mixin.py:190} INFO - [2025-02-14T01:23:04.290+0000] {connection.py:414} INFO - Snowflake Connector for Python Version: 3.12.4, Python Version: 3.12.8, Platform: Linux-5.15.167.4-microsoft-standard-WSL2-x86_64-with-glibc2.36
[2025-02-14T01:23:04.292+0000] {logging_mixin.py:190} INFO - [2025-02-14T01:23:04.291+0000] {connection.py:1197} INFO - Connecting to GLOBAL Snowflake domain
[2025-02-14T01:23:04.292+0000] {logging_mixin.py:190} INFO - [2025-02-14T01:23:04.292+0000] {connection.py:1278} INFO - This connection is in OCSP Fail Open Mode. TLS Certificates would be checked for validity and revocation status. Any other Certificate Revocation related exceptions or OCSP Responder failures would be disregarded in favor of connectivity.
[2025-02-14T01:23:05.728+0000] {processor.py:927} WARNING - No viable dags retrieved from /opt/airflow/dags/t.py
[2025-02-14T01:23:05.769+0000] {processor.py:208} INFO - Processing /opt/airflow/dags/t.py took 10.947 seconds
[2025-02-14T02:18:44.386+0000] {processor.py:186} INFO - Started process (PID=93) to work on /opt/airflow/dags/t.py
[2025-02-14T02:18:44.389+0000] {processor.py:914} INFO - Processing file /opt/airflow/dags/t.py for tasks to queue
[2025-02-14T02:18:44.394+0000] {logging_mixin.py:190} INFO - [2025-02-14T02:18:44.394+0000] {dagbag.py:588} INFO - Filling up the DagBag from /opt/airflow/dags/t.py
[2025-02-14T02:18:54.138+0000] {logging_mixin.py:190} INFO - [2025-02-14T02:18:54.138+0000] {connection.py:414} INFO - Snowflake Connector for Python Version: 3.12.4, Python Version: 3.12.8, Platform: Linux-5.15.167.4-microsoft-standard-WSL2-x86_64-with-glibc2.36
[2025-02-14T02:18:54.140+0000] {logging_mixin.py:190} INFO - [2025-02-14T02:18:54.139+0000] {connection.py:1197} INFO - Connecting to GLOBAL Snowflake domain
[2025-02-14T02:18:54.140+0000] {logging_mixin.py:190} INFO - [2025-02-14T02:18:54.140+0000] {connection.py:1278} INFO - This connection is in OCSP Fail Open Mode. TLS Certificates would be checked for validity and revocation status. Any other Certificate Revocation related exceptions or OCSP Responder failures would be disregarded in favor of connectivity.
[2025-02-14T02:18:56.689+0000] {processor.py:927} WARNING - No viable dags retrieved from /opt/airflow/dags/t.py
[2025-02-14T02:18:56.728+0000] {processor.py:208} INFO - Processing /opt/airflow/dags/t.py took 12.363 seconds
[2025-02-14T02:19:27.130+0000] {processor.py:186} INFO - Started process (PID=108) to work on /opt/airflow/dags/t.py
[2025-02-14T02:19:27.132+0000] {processor.py:914} INFO - Processing file /opt/airflow/dags/t.py for tasks to queue
[2025-02-14T02:19:27.138+0000] {logging_mixin.py:190} INFO - [2025-02-14T02:19:27.138+0000] {dagbag.py:588} INFO - Filling up the DagBag from /opt/airflow/dags/t.py
[2025-02-14T02:19:28.149+0000] {logging_mixin.py:190} INFO - [2025-02-14T02:19:28.149+0000] {connection.py:414} INFO - Snowflake Connector for Python Version: 3.12.4, Python Version: 3.12.8, Platform: Linux-5.15.167.4-microsoft-standard-WSL2-x86_64-with-glibc2.36
[2025-02-14T02:19:28.150+0000] {logging_mixin.py:190} INFO - [2025-02-14T02:19:28.150+0000] {connection.py:1197} INFO - Connecting to GLOBAL Snowflake domain
[2025-02-14T02:19:28.150+0000] {logging_mixin.py:190} INFO - [2025-02-14T02:19:28.150+0000] {connection.py:1278} INFO - This connection is in OCSP Fail Open Mode. TLS Certificates would be checked for validity and revocation status. Any other Certificate Revocation related exceptions or OCSP Responder failures would be disregarded in favor of connectivity.
[2025-02-14T02:19:29.022+0000] {processor.py:927} WARNING - No viable dags retrieved from /opt/airflow/dags/t.py
[2025-02-14T02:19:29.037+0000] {processor.py:208} INFO - Processing /opt/airflow/dags/t.py took 1.912 seconds
[2025-02-14T02:19:59.226+0000] {processor.py:186} INFO - Started process (PID=122) to work on /opt/airflow/dags/t.py
[2025-02-14T02:19:59.227+0000] {processor.py:914} INFO - Processing file /opt/airflow/dags/t.py for tasks to queue
[2025-02-14T02:19:59.230+0000] {logging_mixin.py:190} INFO - [2025-02-14T02:19:59.229+0000] {dagbag.py:588} INFO - Filling up the DagBag from /opt/airflow/dags/t.py
[2025-02-14T02:19:59.919+0000] {logging_mixin.py:190} INFO - [2025-02-14T02:19:59.918+0000] {connection.py:414} INFO - Snowflake Connector for Python Version: 3.12.4, Python Version: 3.12.8, Platform: Linux-5.15.167.4-microsoft-standard-WSL2-x86_64-with-glibc2.36
[2025-02-14T02:19:59.920+0000] {logging_mixin.py:190} INFO - [2025-02-14T02:19:59.920+0000] {connection.py:1197} INFO - Connecting to GLOBAL Snowflake domain
[2025-02-14T02:19:59.920+0000] {logging_mixin.py:190} INFO - [2025-02-14T02:19:59.920+0000] {connection.py:1278} INFO - This connection is in OCSP Fail Open Mode. TLS Certificates would be checked for validity and revocation status. Any other Certificate Revocation related exceptions or OCSP Responder failures would be disregarded in favor of connectivity.
[2025-02-14T02:20:00.579+0000] {processor.py:927} WARNING - No viable dags retrieved from /opt/airflow/dags/t.py
[2025-02-14T02:20:00.590+0000] {processor.py:208} INFO - Processing /opt/airflow/dags/t.py took 1.370 seconds
[2025-02-14T02:20:31.205+0000] {processor.py:186} INFO - Started process (PID=136) to work on /opt/airflow/dags/t.py
[2025-02-14T02:20:31.206+0000] {processor.py:914} INFO - Processing file /opt/airflow/dags/t.py for tasks to queue
[2025-02-14T02:20:31.208+0000] {logging_mixin.py:190} INFO - [2025-02-14T02:20:31.208+0000] {dagbag.py:588} INFO - Filling up the DagBag from /opt/airflow/dags/t.py
[2025-02-14T02:20:31.878+0000] {logging_mixin.py:190} INFO - [2025-02-14T02:20:31.878+0000] {connection.py:414} INFO - Snowflake Connector for Python Version: 3.12.4, Python Version: 3.12.8, Platform: Linux-5.15.167.4-microsoft-standard-WSL2-x86_64-with-glibc2.36
[2025-02-14T02:20:31.879+0000] {logging_mixin.py:190} INFO - [2025-02-14T02:20:31.879+0000] {connection.py:1197} INFO - Connecting to GLOBAL Snowflake domain
[2025-02-14T02:20:31.879+0000] {logging_mixin.py:190} INFO - [2025-02-14T02:20:31.879+0000] {connection.py:1278} INFO - This connection is in OCSP Fail Open Mode. TLS Certificates would be checked for validity and revocation status. Any other Certificate Revocation related exceptions or OCSP Responder failures would be disregarded in favor of connectivity.
[2025-02-14T02:20:32.424+0000] {processor.py:927} WARNING - No viable dags retrieved from /opt/airflow/dags/t.py
[2025-02-14T02:20:32.436+0000] {processor.py:208} INFO - Processing /opt/airflow/dags/t.py took 1.237 seconds
[2025-02-14T02:21:02.657+0000] {processor.py:186} INFO - Started process (PID=150) to work on /opt/airflow/dags/t.py
[2025-02-14T02:21:02.658+0000] {processor.py:914} INFO - Processing file /opt/airflow/dags/t.py for tasks to queue
[2025-02-14T02:21:02.660+0000] {logging_mixin.py:190} INFO - [2025-02-14T02:21:02.660+0000] {dagbag.py:588} INFO - Filling up the DagBag from /opt/airflow/dags/t.py
[2025-02-14T02:21:03.536+0000] {logging_mixin.py:190} INFO - [2025-02-14T02:21:03.536+0000] {connection.py:414} INFO - Snowflake Connector for Python Version: 3.12.4, Python Version: 3.12.8, Platform: Linux-5.15.167.4-microsoft-standard-WSL2-x86_64-with-glibc2.36
[2025-02-14T02:21:03.537+0000] {logging_mixin.py:190} INFO - [2025-02-14T02:21:03.537+0000] {connection.py:1197} INFO - Connecting to GLOBAL Snowflake domain
[2025-02-14T02:21:03.538+0000] {logging_mixin.py:190} INFO - [2025-02-14T02:21:03.538+0000] {connection.py:1278} INFO - This connection is in OCSP Fail Open Mode. TLS Certificates would be checked for validity and revocation status. Any other Certificate Revocation related exceptions or OCSP Responder failures would be disregarded in favor of connectivity.
[2025-02-14T02:21:04.171+0000] {processor.py:927} WARNING - No viable dags retrieved from /opt/airflow/dags/t.py
[2025-02-14T02:21:04.184+0000] {processor.py:208} INFO - Processing /opt/airflow/dags/t.py took 1.534 seconds
[2025-02-14T02:21:34.827+0000] {processor.py:186} INFO - Started process (PID=168) to work on /opt/airflow/dags/t.py
[2025-02-14T02:21:34.828+0000] {processor.py:914} INFO - Processing file /opt/airflow/dags/t.py for tasks to queue
[2025-02-14T02:21:34.832+0000] {logging_mixin.py:190} INFO - [2025-02-14T02:21:34.831+0000] {dagbag.py:588} INFO - Filling up the DagBag from /opt/airflow/dags/t.py
[2025-02-14T02:21:37.462+0000] {logging_mixin.py:190} INFO - [2025-02-14T02:21:37.461+0000] {connection.py:414} INFO - Snowflake Connector for Python Version: 3.12.4, Python Version: 3.12.8, Platform: Linux-5.15.167.4-microsoft-standard-WSL2-x86_64-with-glibc2.36
[2025-02-14T02:21:37.463+0000] {logging_mixin.py:190} INFO - [2025-02-14T02:21:37.462+0000] {connection.py:1197} INFO - Connecting to GLOBAL Snowflake domain
[2025-02-14T02:21:37.464+0000] {logging_mixin.py:190} INFO - [2025-02-14T02:21:37.463+0000] {connection.py:1278} INFO - This connection is in OCSP Fail Open Mode. TLS Certificates would be checked for validity and revocation status. Any other Certificate Revocation related exceptions or OCSP Responder failures would be disregarded in favor of connectivity.
[2025-02-14T02:21:38.561+0000] {processor.py:927} WARNING - No viable dags retrieved from /opt/airflow/dags/t.py
[2025-02-14T02:21:38.580+0000] {processor.py:208} INFO - Processing /opt/airflow/dags/t.py took 3.760 seconds
[2025-02-14T02:22:08.911+0000] {processor.py:186} INFO - Started process (PID=182) to work on /opt/airflow/dags/t.py
[2025-02-14T02:22:08.913+0000] {processor.py:914} INFO - Processing file /opt/airflow/dags/t.py for tasks to queue
[2025-02-14T02:22:08.917+0000] {logging_mixin.py:190} INFO - [2025-02-14T02:22:08.916+0000] {dagbag.py:588} INFO - Filling up the DagBag from /opt/airflow/dags/t.py
[2025-02-14T02:22:10.108+0000] {logging_mixin.py:190} INFO - [2025-02-14T02:22:10.107+0000] {connection.py:414} INFO - Snowflake Connector for Python Version: 3.12.4, Python Version: 3.12.8, Platform: Linux-5.15.167.4-microsoft-standard-WSL2-x86_64-with-glibc2.36
[2025-02-14T02:22:10.109+0000] {logging_mixin.py:190} INFO - [2025-02-14T02:22:10.109+0000] {connection.py:1197} INFO - Connecting to GLOBAL Snowflake domain
[2025-02-14T02:22:10.111+0000] {logging_mixin.py:190} INFO - [2025-02-14T02:22:10.110+0000] {connection.py:1278} INFO - This connection is in OCSP Fail Open Mode. TLS Certificates would be checked for validity and revocation status. Any other Certificate Revocation related exceptions or OCSP Responder failures would be disregarded in favor of connectivity.
[2025-02-14T02:22:10.888+0000] {processor.py:927} WARNING - No viable dags retrieved from /opt/airflow/dags/t.py
[2025-02-14T02:22:10.938+0000] {processor.py:208} INFO - Processing /opt/airflow/dags/t.py took 2.035 seconds
[2025-02-14T02:22:41.530+0000] {processor.py:186} INFO - Started process (PID=204) to work on /opt/airflow/dags/t.py
[2025-02-14T02:22:41.532+0000] {processor.py:914} INFO - Processing file /opt/airflow/dags/t.py for tasks to queue
[2025-02-14T02:22:41.538+0000] {logging_mixin.py:190} INFO - [2025-02-14T02:22:41.537+0000] {dagbag.py:588} INFO - Filling up the DagBag from /opt/airflow/dags/t.py
[2025-02-14T02:22:42.347+0000] {logging_mixin.py:190} INFO - [2025-02-14T02:22:42.346+0000] {connection.py:414} INFO - Snowflake Connector for Python Version: 3.12.4, Python Version: 3.12.8, Platform: Linux-5.15.167.4-microsoft-standard-WSL2-x86_64-with-glibc2.36
[2025-02-14T02:22:42.347+0000] {logging_mixin.py:190} INFO - [2025-02-14T02:22:42.347+0000] {connection.py:1197} INFO - Connecting to GLOBAL Snowflake domain
[2025-02-14T02:22:42.348+0000] {logging_mixin.py:190} INFO - [2025-02-14T02:22:42.348+0000] {connection.py:1278} INFO - This connection is in OCSP Fail Open Mode. TLS Certificates would be checked for validity and revocation status. Any other Certificate Revocation related exceptions or OCSP Responder failures would be disregarded in favor of connectivity.
[2025-02-14T02:22:42.886+0000] {processor.py:927} WARNING - No viable dags retrieved from /opt/airflow/dags/t.py
[2025-02-14T02:22:42.896+0000] {processor.py:208} INFO - Processing /opt/airflow/dags/t.py took 1.383 seconds
[2025-02-14T02:23:13.346+0000] {processor.py:186} INFO - Started process (PID=218) to work on /opt/airflow/dags/t.py
[2025-02-14T02:23:13.347+0000] {processor.py:914} INFO - Processing file /opt/airflow/dags/t.py for tasks to queue
[2025-02-14T02:23:13.349+0000] {logging_mixin.py:190} INFO - [2025-02-14T02:23:13.349+0000] {dagbag.py:588} INFO - Filling up the DagBag from /opt/airflow/dags/t.py
[2025-02-14T02:23:14.135+0000] {logging_mixin.py:190} INFO - [2025-02-14T02:23:14.135+0000] {connection.py:414} INFO - Snowflake Connector for Python Version: 3.12.4, Python Version: 3.12.8, Platform: Linux-5.15.167.4-microsoft-standard-WSL2-x86_64-with-glibc2.36
[2025-02-14T02:23:14.136+0000] {logging_mixin.py:190} INFO - [2025-02-14T02:23:14.136+0000] {connection.py:1197} INFO - Connecting to GLOBAL Snowflake domain
[2025-02-14T02:23:14.136+0000] {logging_mixin.py:190} INFO - [2025-02-14T02:23:14.136+0000] {connection.py:1278} INFO - This connection is in OCSP Fail Open Mode. TLS Certificates would be checked for validity and revocation status. Any other Certificate Revocation related exceptions or OCSP Responder failures would be disregarded in favor of connectivity.
[2025-02-14T02:23:14.759+0000] {processor.py:927} WARNING - No viable dags retrieved from /opt/airflow/dags/t.py
[2025-02-14T02:23:14.767+0000] {processor.py:208} INFO - Processing /opt/airflow/dags/t.py took 1.427 seconds
[2025-02-14T02:23:45.181+0000] {processor.py:186} INFO - Started process (PID=233) to work on /opt/airflow/dags/t.py
[2025-02-14T02:23:45.183+0000] {processor.py:914} INFO - Processing file /opt/airflow/dags/t.py for tasks to queue
[2025-02-14T02:23:45.188+0000] {logging_mixin.py:190} INFO - [2025-02-14T02:23:45.187+0000] {dagbag.py:588} INFO - Filling up the DagBag from /opt/airflow/dags/t.py
[2025-02-14T02:23:45.964+0000] {logging_mixin.py:190} INFO - [2025-02-14T02:23:45.963+0000] {connection.py:414} INFO - Snowflake Connector for Python Version: 3.12.4, Python Version: 3.12.8, Platform: Linux-5.15.167.4-microsoft-standard-WSL2-x86_64-with-glibc2.36
[2025-02-14T02:23:45.965+0000] {logging_mixin.py:190} INFO - [2025-02-14T02:23:45.964+0000] {connection.py:1197} INFO - Connecting to GLOBAL Snowflake domain
[2025-02-14T02:23:45.965+0000] {logging_mixin.py:190} INFO - [2025-02-14T02:23:45.965+0000] {connection.py:1278} INFO - This connection is in OCSP Fail Open Mode. TLS Certificates would be checked for validity and revocation status. Any other Certificate Revocation related exceptions or OCSP Responder failures would be disregarded in favor of connectivity.
[2025-02-14T02:23:46.503+0000] {processor.py:927} WARNING - No viable dags retrieved from /opt/airflow/dags/t.py
[2025-02-14T02:23:46.514+0000] {processor.py:208} INFO - Processing /opt/airflow/dags/t.py took 1.340 seconds
[2025-02-14T02:24:16.862+0000] {processor.py:186} INFO - Started process (PID=247) to work on /opt/airflow/dags/t.py
[2025-02-14T02:24:16.864+0000] {processor.py:914} INFO - Processing file /opt/airflow/dags/t.py for tasks to queue
[2025-02-14T02:24:16.866+0000] {logging_mixin.py:190} INFO - [2025-02-14T02:24:16.866+0000] {dagbag.py:588} INFO - Filling up the DagBag from /opt/airflow/dags/t.py
[2025-02-14T02:24:18.052+0000] {logging_mixin.py:190} INFO - [2025-02-14T02:24:18.052+0000] {connection.py:414} INFO - Snowflake Connector for Python Version: 3.12.4, Python Version: 3.12.8, Platform: Linux-5.15.167.4-microsoft-standard-WSL2-x86_64-with-glibc2.36
[2025-02-14T02:24:18.053+0000] {logging_mixin.py:190} INFO - [2025-02-14T02:24:18.053+0000] {connection.py:1197} INFO - Connecting to GLOBAL Snowflake domain
[2025-02-14T02:24:18.054+0000] {logging_mixin.py:190} INFO - [2025-02-14T02:24:18.054+0000] {connection.py:1278} INFO - This connection is in OCSP Fail Open Mode. TLS Certificates would be checked for validity and revocation status. Any other Certificate Revocation related exceptions or OCSP Responder failures would be disregarded in favor of connectivity.
[2025-02-14T02:24:19.013+0000] {processor.py:927} WARNING - No viable dags retrieved from /opt/airflow/dags/t.py
[2025-02-14T02:24:19.031+0000] {processor.py:208} INFO - Processing /opt/airflow/dags/t.py took 2.177 seconds
[2025-02-14T02:24:49.306+0000] {processor.py:186} INFO - Started process (PID=261) to work on /opt/airflow/dags/t.py
[2025-02-14T02:24:49.307+0000] {processor.py:914} INFO - Processing file /opt/airflow/dags/t.py for tasks to queue
[2025-02-14T02:24:49.310+0000] {logging_mixin.py:190} INFO - [2025-02-14T02:24:49.309+0000] {dagbag.py:588} INFO - Filling up the DagBag from /opt/airflow/dags/t.py
[2025-02-14T02:24:50.045+0000] {logging_mixin.py:190} INFO - [2025-02-14T02:24:50.045+0000] {connection.py:414} INFO - Snowflake Connector for Python Version: 3.12.4, Python Version: 3.12.8, Platform: Linux-5.15.167.4-microsoft-standard-WSL2-x86_64-with-glibc2.36
[2025-02-14T02:24:50.046+0000] {logging_mixin.py:190} INFO - [2025-02-14T02:24:50.046+0000] {connection.py:1197} INFO - Connecting to GLOBAL Snowflake domain
[2025-02-14T02:24:50.046+0000] {logging_mixin.py:190} INFO - [2025-02-14T02:24:50.046+0000] {connection.py:1278} INFO - This connection is in OCSP Fail Open Mode. TLS Certificates would be checked for validity and revocation status. Any other Certificate Revocation related exceptions or OCSP Responder failures would be disregarded in favor of connectivity.
[2025-02-14T02:24:50.772+0000] {processor.py:927} WARNING - No viable dags retrieved from /opt/airflow/dags/t.py
[2025-02-14T02:24:50.781+0000] {processor.py:208} INFO - Processing /opt/airflow/dags/t.py took 1.481 seconds
[2025-02-14T02:25:21.233+0000] {processor.py:186} INFO - Started process (PID=276) to work on /opt/airflow/dags/t.py
[2025-02-14T02:25:21.234+0000] {processor.py:914} INFO - Processing file /opt/airflow/dags/t.py for tasks to queue
[2025-02-14T02:25:21.239+0000] {logging_mixin.py:190} INFO - [2025-02-14T02:25:21.238+0000] {dagbag.py:588} INFO - Filling up the DagBag from /opt/airflow/dags/t.py
[2025-02-14T02:25:22.253+0000] {logging_mixin.py:190} INFO - [2025-02-14T02:25:22.252+0000] {connection.py:414} INFO - Snowflake Connector for Python Version: 3.12.4, Python Version: 3.12.8, Platform: Linux-5.15.167.4-microsoft-standard-WSL2-x86_64-with-glibc2.36
[2025-02-14T02:25:22.254+0000] {logging_mixin.py:190} INFO - [2025-02-14T02:25:22.253+0000] {connection.py:1197} INFO - Connecting to GLOBAL Snowflake domain
[2025-02-14T02:25:22.254+0000] {logging_mixin.py:190} INFO - [2025-02-14T02:25:22.254+0000] {connection.py:1278} INFO - This connection is in OCSP Fail Open Mode. TLS Certificates would be checked for validity and revocation status. Any other Certificate Revocation related exceptions or OCSP Responder failures would be disregarded in favor of connectivity.
[2025-02-14T02:25:23.308+0000] {processor.py:927} WARNING - No viable dags retrieved from /opt/airflow/dags/t.py
[2025-02-14T02:25:23.324+0000] {processor.py:208} INFO - Processing /opt/airflow/dags/t.py took 2.098 seconds
[2025-02-14T02:25:53.540+0000] {processor.py:186} INFO - Started process (PID=290) to work on /opt/airflow/dags/t.py
[2025-02-14T02:25:53.541+0000] {processor.py:914} INFO - Processing file /opt/airflow/dags/t.py for tasks to queue
[2025-02-14T02:25:53.544+0000] {logging_mixin.py:190} INFO - [2025-02-14T02:25:53.543+0000] {dagbag.py:588} INFO - Filling up the DagBag from /opt/airflow/dags/t.py
[2025-02-14T02:25:54.537+0000] {logging_mixin.py:190} INFO - [2025-02-14T02:25:54.537+0000] {connection.py:414} INFO - Snowflake Connector for Python Version: 3.12.4, Python Version: 3.12.8, Platform: Linux-5.15.167.4-microsoft-standard-WSL2-x86_64-with-glibc2.36
[2025-02-14T02:25:54.538+0000] {logging_mixin.py:190} INFO - [2025-02-14T02:25:54.538+0000] {connection.py:1197} INFO - Connecting to GLOBAL Snowflake domain
[2025-02-14T02:25:54.539+0000] {logging_mixin.py:190} INFO - [2025-02-14T02:25:54.538+0000] {connection.py:1278} INFO - This connection is in OCSP Fail Open Mode. TLS Certificates would be checked for validity and revocation status. Any other Certificate Revocation related exceptions or OCSP Responder failures would be disregarded in favor of connectivity.
[2025-02-14T02:25:55.244+0000] {processor.py:927} WARNING - No viable dags retrieved from /opt/airflow/dags/t.py
[2025-02-14T02:25:55.258+0000] {processor.py:208} INFO - Processing /opt/airflow/dags/t.py took 1.728 seconds
[2025-02-14T02:26:25.806+0000] {processor.py:186} INFO - Started process (PID=304) to work on /opt/airflow/dags/t.py
[2025-02-14T02:26:25.808+0000] {processor.py:914} INFO - Processing file /opt/airflow/dags/t.py for tasks to queue
[2025-02-14T02:26:25.814+0000] {logging_mixin.py:190} INFO - [2025-02-14T02:26:25.813+0000] {dagbag.py:588} INFO - Filling up the DagBag from /opt/airflow/dags/t.py
[2025-02-14T02:26:27.834+0000] {logging_mixin.py:190} INFO - [2025-02-14T02:26:27.833+0000] {connection.py:414} INFO - Snowflake Connector for Python Version: 3.12.4, Python Version: 3.12.8, Platform: Linux-5.15.167.4-microsoft-standard-WSL2-x86_64-with-glibc2.36
[2025-02-14T02:26:27.840+0000] {logging_mixin.py:190} INFO - [2025-02-14T02:26:27.840+0000] {connection.py:1197} INFO - Connecting to GLOBAL Snowflake domain
[2025-02-14T02:26:27.842+0000] {logging_mixin.py:190} INFO - [2025-02-14T02:26:27.842+0000] {connection.py:1278} INFO - This connection is in OCSP Fail Open Mode. TLS Certificates would be checked for validity and revocation status. Any other Certificate Revocation related exceptions or OCSP Responder failures would be disregarded in favor of connectivity.
[2025-02-14T02:26:28.681+0000] {processor.py:927} WARNING - No viable dags retrieved from /opt/airflow/dags/t.py
[2025-02-14T02:26:28.704+0000] {processor.py:208} INFO - Processing /opt/airflow/dags/t.py took 2.909 seconds
[2025-02-14T02:26:59.233+0000] {processor.py:186} INFO - Started process (PID=319) to work on /opt/airflow/dags/t.py
[2025-02-14T02:26:59.234+0000] {processor.py:914} INFO - Processing file /opt/airflow/dags/t.py for tasks to queue
[2025-02-14T02:26:59.237+0000] {logging_mixin.py:190} INFO - [2025-02-14T02:26:59.237+0000] {dagbag.py:588} INFO - Filling up the DagBag from /opt/airflow/dags/t.py
[2025-02-14T02:27:00.046+0000] {logging_mixin.py:190} INFO - [2025-02-14T02:27:00.046+0000] {connection.py:414} INFO - Snowflake Connector for Python Version: 3.12.4, Python Version: 3.12.8, Platform: Linux-5.15.167.4-microsoft-standard-WSL2-x86_64-with-glibc2.36
[2025-02-14T02:27:00.047+0000] {logging_mixin.py:190} INFO - [2025-02-14T02:27:00.047+0000] {connection.py:1197} INFO - Connecting to GLOBAL Snowflake domain
[2025-02-14T02:27:00.047+0000] {logging_mixin.py:190} INFO - [2025-02-14T02:27:00.047+0000] {connection.py:1278} INFO - This connection is in OCSP Fail Open Mode. TLS Certificates would be checked for validity and revocation status. Any other Certificate Revocation related exceptions or OCSP Responder failures would be disregarded in favor of connectivity.
[2025-02-14T02:27:01.244+0000] {processor.py:927} WARNING - No viable dags retrieved from /opt/airflow/dags/t.py
[2025-02-14T02:27:01.258+0000] {processor.py:208} INFO - Processing /opt/airflow/dags/t.py took 2.030 seconds
[2025-02-14T02:27:31.893+0000] {processor.py:186} INFO - Started process (PID=333) to work on /opt/airflow/dags/t.py
[2025-02-14T02:27:31.894+0000] {processor.py:914} INFO - Processing file /opt/airflow/dags/t.py for tasks to queue
[2025-02-14T02:27:31.897+0000] {logging_mixin.py:190} INFO - [2025-02-14T02:27:31.897+0000] {dagbag.py:588} INFO - Filling up the DagBag from /opt/airflow/dags/t.py
[2025-02-14T02:27:32.609+0000] {logging_mixin.py:190} INFO - [2025-02-14T02:27:32.609+0000] {connection.py:414} INFO - Snowflake Connector for Python Version: 3.12.4, Python Version: 3.12.8, Platform: Linux-5.15.167.4-microsoft-standard-WSL2-x86_64-with-glibc2.36
[2025-02-14T02:27:32.610+0000] {logging_mixin.py:190} INFO - [2025-02-14T02:27:32.610+0000] {connection.py:1197} INFO - Connecting to GLOBAL Snowflake domain
[2025-02-14T02:27:32.610+0000] {logging_mixin.py:190} INFO - [2025-02-14T02:27:32.610+0000] {connection.py:1278} INFO - This connection is in OCSP Fail Open Mode. TLS Certificates would be checked for validity and revocation status. Any other Certificate Revocation related exceptions or OCSP Responder failures would be disregarded in favor of connectivity.
[2025-02-14T02:27:40.624+0000] {logging_mixin.py:190} INFO - [2025-02-14T02:27:40.623+0000] {connectionpool.py:824} WARNING - Retrying (Retry(total=0, connect=None, read=None, redirect=None, status=None)) after connection broken by 'NewConnectionError('<snowflake.connector.vendored.urllib3.connection.HTTPSConnection object at 0x7f275eb90d10>: Failed to establish a new connection: [Errno -3] Temporary failure in name resolution')': /session/v1/login-request?request_id=070a60d6-b061-43b6-8e28-2341deaa8011&databaseName=SEC&schemaName=RAW&warehouse=DBT_WH&request_guid=9676ef74-cb6a-4845-86bc-e717dea0e85f
[2025-02-14T02:27:56.373+0000] {processor.py:927} WARNING - No viable dags retrieved from /opt/airflow/dags/t.py
[2025-02-14T02:27:56.394+0000] {processor.py:208} INFO - Processing /opt/airflow/dags/t.py took 24.510 seconds
[2025-02-14T02:28:26.591+0000] {processor.py:186} INFO - Started process (PID=357) to work on /opt/airflow/dags/t.py
[2025-02-14T02:28:26.592+0000] {processor.py:914} INFO - Processing file /opt/airflow/dags/t.py for tasks to queue
[2025-02-14T02:28:26.595+0000] {logging_mixin.py:190} INFO - [2025-02-14T02:28:26.595+0000] {dagbag.py:588} INFO - Filling up the DagBag from /opt/airflow/dags/t.py
[2025-02-14T02:28:28.193+0000] {logging_mixin.py:190} INFO - [2025-02-14T02:28:28.193+0000] {connection.py:414} INFO - Snowflake Connector for Python Version: 3.12.4, Python Version: 3.12.8, Platform: Linux-5.15.167.4-microsoft-standard-WSL2-x86_64-with-glibc2.36
[2025-02-14T02:28:28.194+0000] {logging_mixin.py:190} INFO - [2025-02-14T02:28:28.194+0000] {connection.py:1197} INFO - Connecting to GLOBAL Snowflake domain
[2025-02-14T02:28:28.195+0000] {logging_mixin.py:190} INFO - [2025-02-14T02:28:28.195+0000] {connection.py:1278} INFO - This connection is in OCSP Fail Open Mode. TLS Certificates would be checked for validity and revocation status. Any other Certificate Revocation related exceptions or OCSP Responder failures would be disregarded in favor of connectivity.
[2025-02-14T02:28:29.029+0000] {processor.py:927} WARNING - No viable dags retrieved from /opt/airflow/dags/t.py
[2025-02-14T02:28:29.040+0000] {processor.py:208} INFO - Processing /opt/airflow/dags/t.py took 2.455 seconds
[2025-02-14T02:28:59.456+0000] {processor.py:186} INFO - Started process (PID=373) to work on /opt/airflow/dags/t.py
[2025-02-14T02:28:59.458+0000] {processor.py:914} INFO - Processing file /opt/airflow/dags/t.py for tasks to queue
[2025-02-14T02:28:59.463+0000] {logging_mixin.py:190} INFO - [2025-02-14T02:28:59.462+0000] {dagbag.py:588} INFO - Filling up the DagBag from /opt/airflow/dags/t.py
[2025-02-14T02:29:00.515+0000] {logging_mixin.py:190} INFO - [2025-02-14T02:29:00.515+0000] {connection.py:414} INFO - Snowflake Connector for Python Version: 3.12.4, Python Version: 3.12.8, Platform: Linux-5.15.167.4-microsoft-standard-WSL2-x86_64-with-glibc2.36
[2025-02-14T02:29:00.516+0000] {logging_mixin.py:190} INFO - [2025-02-14T02:29:00.516+0000] {connection.py:1197} INFO - Connecting to GLOBAL Snowflake domain
[2025-02-14T02:29:00.517+0000] {logging_mixin.py:190} INFO - [2025-02-14T02:29:00.516+0000] {connection.py:1278} INFO - This connection is in OCSP Fail Open Mode. TLS Certificates would be checked for validity and revocation status. Any other Certificate Revocation related exceptions or OCSP Responder failures would be disregarded in favor of connectivity.
[2025-02-14T02:29:01.156+0000] {processor.py:927} WARNING - No viable dags retrieved from /opt/airflow/dags/t.py
[2025-02-14T02:29:01.170+0000] {processor.py:208} INFO - Processing /opt/airflow/dags/t.py took 1.724 seconds
[2025-02-14T02:29:31.540+0000] {processor.py:186} INFO - Started process (PID=388) to work on /opt/airflow/dags/t.py
[2025-02-14T02:29:31.542+0000] {processor.py:914} INFO - Processing file /opt/airflow/dags/t.py for tasks to queue
[2025-02-14T02:29:31.545+0000] {logging_mixin.py:190} INFO - [2025-02-14T02:29:31.544+0000] {dagbag.py:588} INFO - Filling up the DagBag from /opt/airflow/dags/t.py
[2025-02-14T02:29:32.454+0000] {logging_mixin.py:190} INFO - [2025-02-14T02:29:32.454+0000] {connection.py:414} INFO - Snowflake Connector for Python Version: 3.12.4, Python Version: 3.12.8, Platform: Linux-5.15.167.4-microsoft-standard-WSL2-x86_64-with-glibc2.36
[2025-02-14T02:29:32.455+0000] {logging_mixin.py:190} INFO - [2025-02-14T02:29:32.455+0000] {connection.py:1197} INFO - Connecting to GLOBAL Snowflake domain
[2025-02-14T02:29:32.456+0000] {logging_mixin.py:190} INFO - [2025-02-14T02:29:32.455+0000] {connection.py:1278} INFO - This connection is in OCSP Fail Open Mode. TLS Certificates would be checked for validity and revocation status. Any other Certificate Revocation related exceptions or OCSP Responder failures would be disregarded in favor of connectivity.
[2025-02-14T02:29:33.122+0000] {processor.py:927} WARNING - No viable dags retrieved from /opt/airflow/dags/t.py
[2025-02-14T02:29:33.141+0000] {processor.py:208} INFO - Processing /opt/airflow/dags/t.py took 1.609 seconds
[2025-02-14T02:30:03.698+0000] {processor.py:186} INFO - Started process (PID=401) to work on /opt/airflow/dags/t.py
[2025-02-14T02:30:03.699+0000] {processor.py:914} INFO - Processing file /opt/airflow/dags/t.py for tasks to queue
[2025-02-14T02:30:03.703+0000] {logging_mixin.py:190} INFO - [2025-02-14T02:30:03.703+0000] {dagbag.py:588} INFO - Filling up the DagBag from /opt/airflow/dags/t.py
[2025-02-14T02:30:04.855+0000] {logging_mixin.py:190} INFO - [2025-02-14T02:30:04.855+0000] {connection.py:414} INFO - Snowflake Connector for Python Version: 3.12.4, Python Version: 3.12.8, Platform: Linux-5.15.167.4-microsoft-standard-WSL2-x86_64-with-glibc2.36
[2025-02-14T02:30:04.856+0000] {logging_mixin.py:190} INFO - [2025-02-14T02:30:04.856+0000] {connection.py:1197} INFO - Connecting to GLOBAL Snowflake domain
[2025-02-14T02:30:04.857+0000] {logging_mixin.py:190} INFO - [2025-02-14T02:30:04.857+0000] {connection.py:1278} INFO - This connection is in OCSP Fail Open Mode. TLS Certificates would be checked for validity and revocation status. Any other Certificate Revocation related exceptions or OCSP Responder failures would be disregarded in favor of connectivity.
[2025-02-14T02:30:05.409+0000] {processor.py:927} WARNING - No viable dags retrieved from /opt/airflow/dags/t.py
[2025-02-14T02:30:05.420+0000] {processor.py:208} INFO - Processing /opt/airflow/dags/t.py took 1.734 seconds
