[2025-02-09T02:04:11.729+0000] {local_task_job_runner.py:123} INFO - ::group::Pre task execution logs
[2025-02-09T02:04:11.756+0000] {taskinstance.py:2613} INFO - Dependencies all met for dep_context=non-requeueable deps ti=<TaskInstance: dag_to_scrape_and_upload.fireCrawl manual__2025-02-09T02:04:09.072647+00:00 [queued]>
[2025-02-09T02:04:11.766+0000] {taskinstance.py:2613} INFO - Dependencies all met for dep_context=requeueable deps ti=<TaskInstance: dag_to_scrape_and_upload.fireCrawl manual__2025-02-09T02:04:09.072647+00:00 [queued]>
[2025-02-09T02:04:11.767+0000] {taskinstance.py:2866} INFO - Starting attempt 1 of 1
[2025-02-09T02:04:11.784+0000] {taskinstance.py:2889} INFO - Executing <Task(PythonOperator): fireCrawl> on 2025-02-09 02:04:09.072647+00:00
[2025-02-09T02:04:11.796+0000] {warnings.py:112} WARNING - /home/***/.local/lib/python3.12/site-packages/***/task/task_runner/standard_task_runner.py:70: DeprecationWarning: This process (pid=616) is multi-threaded, use of fork() may lead to deadlocks in the child.
  pid = os.fork()

[2025-02-09T02:04:11.798+0000] {standard_task_runner.py:104} INFO - Running: ['***', 'tasks', 'run', 'dag_to_scrape_and_upload', 'fireCrawl', 'manual__2025-02-09T02:04:09.072647+00:00', '--job-id', '34', '--raw', '--subdir', 'DAGS_FOLDER/scrape_upload_dag.py', '--cfg-path', '/tmp/tmp_5jwj8v8']
[2025-02-09T02:04:11.801+0000] {standard_task_runner.py:72} INFO - Started process 617 to run task
[2025-02-09T02:04:11.801+0000] {standard_task_runner.py:105} INFO - Job 34: Subtask fireCrawl
[2025-02-09T02:04:11.852+0000] {task_command.py:467} INFO - Running <TaskInstance: dag_to_scrape_and_upload.fireCrawl manual__2025-02-09T02:04:09.072647+00:00 [running]> on host a99400d99a85
[2025-02-09T02:04:11.975+0000] {taskinstance.py:3132} INFO - Exporting env vars: AIRFLOW_CTX_DAG_OWNER='***' AIRFLOW_CTX_DAG_ID='dag_to_scrape_and_upload' AIRFLOW_CTX_TASK_ID='fireCrawl' AIRFLOW_CTX_EXECUTION_DATE='2025-02-09T02:04:09.072647+00:00' AIRFLOW_CTX_TRY_NUMBER='1' AIRFLOW_CTX_DAG_RUN_ID='manual__2025-02-09T02:04:09.072647+00:00'
[2025-02-09T02:04:11.977+0000] {taskinstance.py:731} INFO - ::endgroup::
[2025-02-09T02:04:13.980+0000] {logging_mixin.py:190} INFO - None
[2025-02-09T02:04:13.981+0000] {logging_mixin.py:190} INFO - None
[2025-02-09T02:04:13.982+0000] {python.py:240} INFO - Done. Returned value was: None
[2025-02-09T02:04:13.995+0000] {taskinstance.py:340} INFO - ::group::Post task execution logs
[2025-02-09T02:04:13.996+0000] {taskinstance.py:352} INFO - Marking task as SUCCESS. dag_id=dag_to_scrape_and_upload, task_id=fireCrawl, run_id=manual__2025-02-09T02:04:09.072647+00:00, execution_date=20250209T020409, start_date=20250209T020411, end_date=20250209T020413
[2025-02-09T02:04:14.062+0000] {local_task_job_runner.py:266} INFO - Task exited with return code 0
[2025-02-09T02:04:14.080+0000] {taskinstance.py:3895} INFO - 0 downstream tasks scheduled from follow-on schedule check
[2025-02-09T02:04:14.083+0000] {local_task_job_runner.py:245} INFO - ::endgroup::
