[2025-02-13T04:36:20.867+0000] {local_task_job_runner.py:123} INFO - ::group::Pre task execution logs
[2025-02-13T04:36:20.907+0000] {taskinstance.py:2613} INFO - Dependencies all met for dep_context=non-requeueable deps ti=<TaskInstance: dag_for_dbt_json.Upload_data_to_s3 manual__2025-02-12T23:33:36-05:00 [queued]>
[2025-02-13T04:36:20.925+0000] {taskinstance.py:2613} INFO - Dependencies all met for dep_context=requeueable deps ti=<TaskInstance: dag_for_dbt_json.Upload_data_to_s3 manual__2025-02-12T23:33:36-05:00 [queued]>
[2025-02-13T04:36:20.925+0000] {taskinstance.py:2866} INFO - Starting attempt 1 of 1
[2025-02-13T04:36:20.948+0000] {taskinstance.py:2889} INFO - Executing <Task(PythonOperator): Upload_data_to_s3> on 2025-02-13 04:33:36+00:00
[2025-02-13T04:36:20.956+0000] {warnings.py:112} WARNING - /home/***/.local/lib/python3.12/site-packages/***/task/task_runner/standard_task_runner.py:70: DeprecationWarning: This process (pid=132) is multi-threaded, use of fork() may lead to deadlocks in the child.
  pid = os.fork()

[2025-02-13T04:36:20.959+0000] {standard_task_runner.py:72} INFO - Started process 133 to run task
[2025-02-13T04:36:20.960+0000] {standard_task_runner.py:104} INFO - Running: ['***', 'tasks', 'run', 'dag_for_dbt_json', 'Upload_data_to_s3', 'manual__2025-02-12T23:33:36-05:00', '--job-id', '282', '--raw', '--subdir', 'DAGS_FOLDER/json_dag.py', '--cfg-path', '/tmp/tmpfz8q_fk4']
[2025-02-13T04:36:20.961+0000] {standard_task_runner.py:105} INFO - Job 282: Subtask Upload_data_to_s3
[2025-02-13T04:36:21.031+0000] {task_command.py:467} INFO - Running <TaskInstance: dag_for_dbt_json.Upload_data_to_s3 manual__2025-02-12T23:33:36-05:00 [running]> on host d5c6eab2e1ff
[2025-02-13T04:36:21.158+0000] {taskinstance.py:3132} INFO - Exporting env vars: AIRFLOW_CTX_DAG_OWNER='***' AIRFLOW_CTX_DAG_ID='dag_for_dbt_json' AIRFLOW_CTX_TASK_ID='Upload_data_to_s3' AIRFLOW_CTX_EXECUTION_DATE='2025-02-13T04:33:36+00:00' AIRFLOW_CTX_TRY_NUMBER='1' AIRFLOW_CTX_DAG_RUN_ID='manual__2025-02-12T23:33:36-05:00'
[2025-02-13T04:36:21.159+0000] {taskinstance.py:731} INFO - ::endgroup::
[2025-02-13T04:36:28.417+0000] {logging_mixin.py:190} INFO - uploaded file sub.txt
[2025-02-13T04:36:58.156+0000] {logging_mixin.py:190} INFO - uploaded file pre.txt
[2025-02-13T04:38:52.891+0000] {logging_mixin.py:190} INFO - uploaded file num.txt
[2025-02-13T04:38:59.770+0000] {logging_mixin.py:190} INFO - uploaded file tag.txt
[2025-02-13T04:39:00.032+0000] {logging_mixin.py:190} INFO - uploaded file readme.htm
[2025-02-13T04:39:00.086+0000] {python.py:240} INFO - Done. Returned value was: success
[2025-02-13T04:39:00.300+0000] {taskinstance.py:340} INFO - ::group::Post task execution logs
[2025-02-13T04:39:00.305+0000] {taskinstance.py:352} INFO - Marking task as SUCCESS. dag_id=dag_for_dbt_json, task_id=Upload_data_to_s3, run_id=manual__2025-02-12T23:33:36-05:00, execution_date=20250213T043336, start_date=20250213T043620, end_date=20250213T043900
[2025-02-13T04:39:00.413+0000] {local_task_job_runner.py:266} INFO - Task exited with return code 0
[2025-02-13T04:39:00.580+0000] {taskinstance.py:3895} INFO - 1 downstream tasks scheduled from follow-on schedule check
[2025-02-13T04:39:00.586+0000] {local_task_job_runner.py:245} INFO - ::endgroup::
