[2025-02-13T03:54:01.530+0000] {local_task_job_runner.py:123} INFO - ::group::Pre task execution logs
[2025-02-13T03:54:01.549+0000] {taskinstance.py:2613} INFO - Dependencies all met for dep_context=non-requeueable deps ti=<TaskInstance: dag_for_dbt_json.Upload_data_to_s3 manual__2025-02-12T22:53:52-05:00 [queued]>
[2025-02-13T03:54:01.557+0000] {taskinstance.py:2613} INFO - Dependencies all met for dep_context=requeueable deps ti=<TaskInstance: dag_for_dbt_json.Upload_data_to_s3 manual__2025-02-12T22:53:52-05:00 [queued]>
[2025-02-13T03:54:01.558+0000] {taskinstance.py:2866} INFO - Starting attempt 1 of 1
[2025-02-13T03:54:01.572+0000] {taskinstance.py:2889} INFO - Executing <Task(PythonOperator): Upload_data_to_s3> on 2025-02-13 03:53:52+00:00
[2025-02-13T03:54:01.577+0000] {warnings.py:112} WARNING - /home/***/.local/lib/python3.12/site-packages/***/task/task_runner/standard_task_runner.py:70: DeprecationWarning: This process (pid=2044) is multi-threaded, use of fork() may lead to deadlocks in the child.
  pid = os.fork()

[2025-02-13T03:54:01.579+0000] {standard_task_runner.py:72} INFO - Started process 2045 to run task
[2025-02-13T03:54:01.580+0000] {standard_task_runner.py:104} INFO - Running: ['***', 'tasks', 'run', 'dag_for_dbt_json', 'Upload_data_to_s3', 'manual__2025-02-12T22:53:52-05:00', '--job-id', '270', '--raw', '--subdir', 'DAGS_FOLDER/json_dag.py', '--cfg-path', '/tmp/tmp7_zx73xj']
[2025-02-13T03:54:01.581+0000] {standard_task_runner.py:105} INFO - Job 270: Subtask Upload_data_to_s3
[2025-02-13T03:54:01.624+0000] {task_command.py:467} INFO - Running <TaskInstance: dag_for_dbt_json.Upload_data_to_s3 manual__2025-02-12T22:53:52-05:00 [running]> on host f917fd63a571
[2025-02-13T03:54:01.698+0000] {taskinstance.py:3132} INFO - Exporting env vars: AIRFLOW_CTX_DAG_OWNER='***' AIRFLOW_CTX_DAG_ID='dag_for_dbt_json' AIRFLOW_CTX_TASK_ID='Upload_data_to_s3' AIRFLOW_CTX_EXECUTION_DATE='2025-02-13T03:53:52+00:00' AIRFLOW_CTX_TRY_NUMBER='1' AIRFLOW_CTX_DAG_RUN_ID='manual__2025-02-12T22:53:52-05:00'
[2025-02-13T03:54:01.699+0000] {taskinstance.py:731} INFO - ::endgroup::
[2025-02-13T03:54:07.180+0000] {logging_mixin.py:190} INFO - uploaded file sub.txt
[2025-02-13T03:54:38.359+0000] {logging_mixin.py:190} INFO - uploaded file pre.txt
[2025-02-13T03:56:35.162+0000] {logging_mixin.py:190} INFO - uploaded file num.txt
[2025-02-13T03:56:44.253+0000] {logging_mixin.py:190} INFO - uploaded file tag.txt
[2025-02-13T03:56:44.501+0000] {logging_mixin.py:190} INFO - uploaded file readme.htm
[2025-02-13T03:56:44.566+0000] {python.py:240} INFO - Done. Returned value was: success
[2025-02-13T03:56:44.742+0000] {taskinstance.py:340} INFO - ::group::Post task execution logs
[2025-02-13T03:56:44.744+0000] {taskinstance.py:352} INFO - Marking task as SUCCESS. dag_id=dag_for_dbt_json, task_id=Upload_data_to_s3, run_id=manual__2025-02-12T22:53:52-05:00, execution_date=20250213T035352, start_date=20250213T035401, end_date=20250213T035644
[2025-02-13T03:56:44.875+0000] {local_task_job_runner.py:266} INFO - Task exited with return code 0
[2025-02-13T03:56:45.006+0000] {taskinstance.py:3895} INFO - 1 downstream tasks scheduled from follow-on schedule check
[2025-02-13T03:56:45.011+0000] {local_task_job_runner.py:245} INFO - ::endgroup::
