[2025-02-08T23:05:23.949+0000] {taskinstance.py:1083} INFO - Dependencies all met for <TaskInstance: dag_with_pythonv2.greet scheduled__2025-02-07T00:00:00+00:00 [queued]>
[2025-02-08T23:05:23.983+0000] {taskinstance.py:1083} INFO - Dependencies all met for <TaskInstance: dag_with_pythonv2.greet scheduled__2025-02-07T00:00:00+00:00 [queued]>
[2025-02-08T23:05:23.983+0000] {taskinstance.py:1279} INFO - 
--------------------------------------------------------------------------------
[2025-02-08T23:05:23.984+0000] {taskinstance.py:1280} INFO - Starting attempt 1 of 1
[2025-02-08T23:05:23.984+0000] {taskinstance.py:1281} INFO - 
--------------------------------------------------------------------------------
[2025-02-08T23:05:24.017+0000] {taskinstance.py:1300} INFO - Executing <Task(PythonOperator): greet> on 2025-02-07 00:00:00+00:00
[2025-02-08T23:05:24.048+0000] {standard_task_runner.py:55} INFO - Started process 319 to run task
[2025-02-08T23:05:24.053+0000] {standard_task_runner.py:82} INFO - Running: ['***', 'tasks', 'run', 'dag_with_pythonv2', 'greet', 'scheduled__2025-02-07T00:00:00+00:00', '--job-id', '21', '--raw', '--subdir', 'DAGS_FOLDER/test.py', '--cfg-path', '/tmp/tmp0vskbb_2']
[2025-02-08T23:05:24.054+0000] {standard_task_runner.py:83} INFO - Job 21: Subtask greet
[2025-02-08T23:05:24.184+0000] {task_command.py:388} INFO - Running <TaskInstance: dag_with_pythonv2.greet scheduled__2025-02-07T00:00:00+00:00 [running]> on host 1694b062ea20
[2025-02-08T23:05:24.399+0000] {taskinstance.py:1509} INFO - Exporting the following env vars:
AIRFLOW_CTX_DAG_OWNER=***
AIRFLOW_CTX_DAG_ID=dag_with_pythonv2
AIRFLOW_CTX_TASK_ID=greet
AIRFLOW_CTX_EXECUTION_DATE=2025-02-07T00:00:00+00:00
AIRFLOW_CTX_TRY_NUMBER=1
AIRFLOW_CTX_DAG_RUN_ID=scheduled__2025-02-07T00:00:00+00:00
[2025-02-08T23:05:24.408+0000] {logging_mixin.py:137} INFO - Extracting links
[2025-02-08T23:05:24.409+0000] {python.py:177} INFO - Done. Returned value was: None
[2025-02-08T23:05:24.452+0000] {taskinstance.py:1323} INFO - Marking task as SUCCESS. dag_id=dag_with_pythonv2, task_id=greet, execution_date=20250207T000000, start_date=20250208T230523, end_date=20250208T230524
[2025-02-08T23:05:24.503+0000] {local_task_job.py:208} INFO - Task exited with return code 0
[2025-02-08T23:05:24.580+0000] {taskinstance.py:2578} INFO - 1 downstream tasks scheduled from follow-on schedule check
