[2025-02-08T23:30:39.391+0000] {taskinstance.py:1083} INFO - Dependencies all met for <TaskInstance: dag_with_pythonv2.fireCrawl manual__2025-02-08T23:30:33.653708+00:00 [queued]>
[2025-02-08T23:30:39.404+0000] {taskinstance.py:1083} INFO - Dependencies all met for <TaskInstance: dag_with_pythonv2.fireCrawl manual__2025-02-08T23:30:33.653708+00:00 [queued]>
[2025-02-08T23:30:39.405+0000] {taskinstance.py:1279} INFO - 
--------------------------------------------------------------------------------
[2025-02-08T23:30:39.405+0000] {taskinstance.py:1280} INFO - Starting attempt 1 of 1
[2025-02-08T23:30:39.406+0000] {taskinstance.py:1281} INFO - 
--------------------------------------------------------------------------------
[2025-02-08T23:30:39.424+0000] {taskinstance.py:1300} INFO - Executing <Task(PythonOperator): fireCrawl> on 2025-02-08 23:30:33.653708+00:00
[2025-02-08T23:30:39.430+0000] {standard_task_runner.py:55} INFO - Started process 2288 to run task
[2025-02-08T23:30:39.434+0000] {standard_task_runner.py:82} INFO - Running: ['***', 'tasks', 'run', 'dag_with_pythonv2', 'fireCrawl', 'manual__2025-02-08T23:30:33.653708+00:00', '--job-id', '40', '--raw', '--subdir', 'DAGS_FOLDER/test.py', '--cfg-path', '/tmp/tmpo2v58pyw']
[2025-02-08T23:30:39.434+0000] {standard_task_runner.py:83} INFO - Job 40: Subtask fireCrawl
[2025-02-08T23:30:39.510+0000] {task_command.py:388} INFO - Running <TaskInstance: dag_with_pythonv2.fireCrawl manual__2025-02-08T23:30:33.653708+00:00 [running]> on host 1694b062ea20
[2025-02-08T23:30:39.617+0000] {taskinstance.py:1509} INFO - Exporting the following env vars:
AIRFLOW_CTX_DAG_OWNER=***
AIRFLOW_CTX_DAG_ID=dag_with_pythonv2
AIRFLOW_CTX_TASK_ID=fireCrawl
AIRFLOW_CTX_EXECUTION_DATE=2025-02-08T23:30:33.653708+00:00
AIRFLOW_CTX_TRY_NUMBER=1
AIRFLOW_CTX_DAG_RUN_ID=manual__2025-02-08T23:30:33.653708+00:00
[2025-02-08T23:30:42.015+0000] {logging_mixin.py:137} INFO - No links found in response
[2025-02-08T23:30:42.016+0000] {python.py:177} INFO - Done. Returned value was: []
[2025-02-08T23:30:42.113+0000] {taskinstance.py:1323} INFO - Marking task as SUCCESS. dag_id=dag_with_pythonv2, task_id=fireCrawl, execution_date=20250208T233033, start_date=20250208T233039, end_date=20250208T233042
[2025-02-08T23:30:42.157+0000] {local_task_job.py:208} INFO - Task exited with return code 0
[2025-02-08T23:30:43.308+0000] {taskinstance.py:2578} INFO - 0 downstream tasks scheduled from follow-on schedule check
