[2025-02-14T02:21:33.028+0000] {local_task_job_runner.py:123} INFO - ::group::Pre task execution logs
[2025-02-14T02:21:33.050+0000] {taskinstance.py:2613} INFO - Dependencies all met for dep_context=non-requeueable deps ti=<TaskInstance: dag_for_dbt_denormalize.Upload_data_to_s3 manual__2025-02-13T21:21:17-05:00 [queued]>
[2025-02-14T02:21:33.060+0000] {taskinstance.py:2613} INFO - Dependencies all met for dep_context=requeueable deps ti=<TaskInstance: dag_for_dbt_denormalize.Upload_data_to_s3 manual__2025-02-13T21:21:17-05:00 [queued]>
[2025-02-14T02:21:33.061+0000] {taskinstance.py:2866} INFO - Starting attempt 1 of 1
[2025-02-14T02:21:33.087+0000] {taskinstance.py:2889} INFO - Executing <Task(PythonOperator): Upload_data_to_s3> on 2025-02-14 02:21:17+00:00
[2025-02-14T02:21:33.093+0000] {warnings.py:112} WARNING - /home/***/.local/lib/python3.12/site-packages/***/task/task_runner/standard_task_runner.py:70: DeprecationWarning: This process (pid=125) is multi-threaded, use of fork() may lead to deadlocks in the child.
  pid = os.fork()

[2025-02-14T02:21:33.094+0000] {standard_task_runner.py:72} INFO - Started process 126 to run task
[2025-02-14T02:21:33.095+0000] {standard_task_runner.py:104} INFO - Running: ['***', 'tasks', 'run', 'dag_for_dbt_denormalize', 'Upload_data_to_s3', 'manual__2025-02-13T21:21:17-05:00', '--job-id', '320', '--raw', '--subdir', 'DAGS_FOLDER/denormalize_data_gad.py', '--cfg-path', '/tmp/tmpzqzozh66']
[2025-02-14T02:21:33.097+0000] {standard_task_runner.py:105} INFO - Job 320: Subtask Upload_data_to_s3
[2025-02-14T02:21:33.172+0000] {task_command.py:467} INFO - Running <TaskInstance: dag_for_dbt_denormalize.Upload_data_to_s3 manual__2025-02-13T21:21:17-05:00 [running]> on host 520ef09c550f
[2025-02-14T02:21:33.291+0000] {taskinstance.py:3132} INFO - Exporting env vars: AIRFLOW_CTX_DAG_OWNER='***' AIRFLOW_CTX_DAG_ID='dag_for_dbt_denormalize' AIRFLOW_CTX_TASK_ID='Upload_data_to_s3' AIRFLOW_CTX_EXECUTION_DATE='2025-02-14T02:21:17+00:00' AIRFLOW_CTX_TRY_NUMBER='1' AIRFLOW_CTX_DAG_RUN_ID='manual__2025-02-13T21:21:17-05:00'
[2025-02-14T02:21:33.293+0000] {taskinstance.py:731} INFO - ::endgroup::
[2025-02-14T02:22:03.430+0000] {local_task_job_runner.py:346} WARNING - State of this instance has been externally set to failed. Terminating instance.
[2025-02-14T02:22:03.494+0000] {local_task_job_runner.py:245} INFO - ::endgroup::
[2025-02-14T02:22:03.521+0000] {process_utils.py:132} INFO - Sending 15 to group 126. PIDs of all processes in the group: [126]
[2025-02-14T02:22:03.544+0000] {process_utils.py:87} INFO - Sending the signal 15 to group 126
[2025-02-14T02:22:03.587+0000] {taskinstance.py:3093} ERROR - Received SIGTERM. Terminating subprocesses.
[2025-02-14T02:22:03.935+0000] {taskinstance.py:340} INFO - ::group::Post task execution logs
[2025-02-14T02:22:03.991+0000] {process_utils.py:80} INFO - Process psutil.Process(pid=126, status='terminated', exitcode=0, started='02:21:32') (126) terminated with exit code 0
