[2025-02-13T04:12:00.539+0000] {local_task_job_runner.py:123} INFO - ::group::Pre task execution logs
[2025-02-13T04:12:00.565+0000] {taskinstance.py:2613} INFO - Dependencies all met for dep_context=non-requeueable deps ti=<TaskInstance: dag_for_dbt_json.Upload_data_to_s3 manual__2025-02-12T23:11:42-05:00 [queued]>
[2025-02-13T04:12:00.578+0000] {taskinstance.py:2613} INFO - Dependencies all met for dep_context=requeueable deps ti=<TaskInstance: dag_for_dbt_json.Upload_data_to_s3 manual__2025-02-12T23:11:42-05:00 [queued]>
[2025-02-13T04:12:00.579+0000] {taskinstance.py:2866} INFO - Starting attempt 1 of 1
[2025-02-13T04:12:00.595+0000] {taskinstance.py:2889} INFO - Executing <Task(PythonOperator): Upload_data_to_s3> on 2025-02-13 04:11:42+00:00
[2025-02-13T04:12:00.601+0000] {warnings.py:112} WARNING - /home/***/.local/lib/python3.12/site-packages/***/task/task_runner/standard_task_runner.py:70: DeprecationWarning: This process (pid=174) is multi-threaded, use of fork() may lead to deadlocks in the child.
  pid = os.fork()

[2025-02-13T04:12:00.603+0000] {standard_task_runner.py:72} INFO - Started process 175 to run task
[2025-02-13T04:12:00.604+0000] {standard_task_runner.py:104} INFO - Running: ['***', 'tasks', 'run', 'dag_for_dbt_json', 'Upload_data_to_s3', 'manual__2025-02-12T23:11:42-05:00', '--job-id', '276', '--raw', '--subdir', 'DAGS_FOLDER/json_dag.py', '--cfg-path', '/tmp/tmpb3jn9l4e']
[2025-02-13T04:12:00.605+0000] {standard_task_runner.py:105} INFO - Job 276: Subtask Upload_data_to_s3
[2025-02-13T04:12:00.660+0000] {task_command.py:467} INFO - Running <TaskInstance: dag_for_dbt_json.Upload_data_to_s3 manual__2025-02-12T23:11:42-05:00 [running]> on host 1e4529fab6d8
[2025-02-13T04:12:00.774+0000] {taskinstance.py:3132} INFO - Exporting env vars: AIRFLOW_CTX_DAG_OWNER='***' AIRFLOW_CTX_DAG_ID='dag_for_dbt_json' AIRFLOW_CTX_TASK_ID='Upload_data_to_s3' AIRFLOW_CTX_EXECUTION_DATE='2025-02-13T04:11:42+00:00' AIRFLOW_CTX_TRY_NUMBER='1' AIRFLOW_CTX_DAG_RUN_ID='manual__2025-02-12T23:11:42-05:00'
[2025-02-13T04:12:00.776+0000] {taskinstance.py:731} INFO - ::endgroup::
[2025-02-13T04:12:09.897+0000] {logging_mixin.py:190} INFO - uploaded file sub.txt
[2025-02-13T04:12:39.439+0000] {logging_mixin.py:190} INFO - uploaded file pre.txt
[2025-02-13T04:12:51.331+0000] {local_task_job_runner.py:346} WARNING - State of this instance has been externally set to failed. Terminating instance.
[2025-02-13T04:12:51.332+0000] {local_task_job_runner.py:245} INFO - ::endgroup::
[2025-02-13T04:12:51.344+0000] {process_utils.py:132} INFO - Sending 15 to group 175. PIDs of all processes in the group: [175]
[2025-02-13T04:12:51.346+0000] {process_utils.py:87} INFO - Sending the signal 15 to group 175
[2025-02-13T04:12:51.348+0000] {taskinstance.py:3093} ERROR - Received SIGTERM. Terminating subprocesses.
[2025-02-13T04:12:54.178+0000] {taskinstance.py:340} INFO - ::group::Post task execution logs
[2025-02-13T04:12:54.236+0000] {process_utils.py:80} INFO - Process psutil.Process(pid=175, status='terminated', exitcode=0, started='04:11:59') (175) terminated with exit code 0
