[2025-02-12T22:39:30.241+0000] {local_task_job_runner.py:123} INFO - ::group::Pre task execution logs
[2025-02-12T22:39:30.261+0000] {taskinstance.py:2613} INFO - Dependencies all met for dep_context=non-requeueable deps ti=<TaskInstance: dag_for_dbt_json.Check_if_data_exists manual__2025-02-12T17:39:22-05:00 [queued]>
[2025-02-12T22:39:30.273+0000] {taskinstance.py:2613} INFO - Dependencies all met for dep_context=requeueable deps ti=<TaskInstance: dag_for_dbt_json.Check_if_data_exists manual__2025-02-12T17:39:22-05:00 [queued]>
[2025-02-12T22:39:30.274+0000] {taskinstance.py:2866} INFO - Starting attempt 1 of 1
[2025-02-12T22:39:30.291+0000] {taskinstance.py:2889} INFO - Executing <Task(BranchPythonOperator): Check_if_data_exists> on 2025-02-12 22:39:22+00:00
[2025-02-12T22:39:30.298+0000] {warnings.py:112} WARNING - /home/***/.local/lib/python3.12/site-packages/***/task/task_runner/standard_task_runner.py:70: DeprecationWarning: This process (pid=1307) is multi-threaded, use of fork() may lead to deadlocks in the child.
  pid = os.fork()

[2025-02-12T22:39:30.300+0000] {standard_task_runner.py:72} INFO - Started process 1308 to run task
[2025-02-12T22:39:30.300+0000] {standard_task_runner.py:104} INFO - Running: ['***', 'tasks', 'run', 'dag_for_dbt_json', 'Check_if_data_exists', 'manual__2025-02-12T17:39:22-05:00', '--job-id', '220', '--raw', '--subdir', 'DAGS_FOLDER/json_dag.py', '--cfg-path', '/tmp/tmpnn2yitn3']
[2025-02-12T22:39:30.302+0000] {standard_task_runner.py:105} INFO - Job 220: Subtask Check_if_data_exists
[2025-02-12T22:39:30.359+0000] {task_command.py:467} INFO - Running <TaskInstance: dag_for_dbt_json.Check_if_data_exists manual__2025-02-12T17:39:22-05:00 [running]> on host e73c0d3ecbea
[2025-02-12T22:39:30.453+0000] {taskinstance.py:3132} INFO - Exporting env vars: AIRFLOW_CTX_DAG_OWNER='***' AIRFLOW_CTX_DAG_ID='dag_for_dbt_json' AIRFLOW_CTX_TASK_ID='Check_if_data_exists' AIRFLOW_CTX_EXECUTION_DATE='2025-02-12T22:39:22+00:00' AIRFLOW_CTX_TRY_NUMBER='1' AIRFLOW_CTX_DAG_RUN_ID='manual__2025-02-12T17:39:22-05:00'
[2025-02-12T22:39:30.454+0000] {taskinstance.py:731} INFO - ::endgroup::
[2025-02-12T22:39:30.474+0000] {baseoperator.py:421} WARNING - BranchPythonOperator.execute cannot be called outside TaskInstance!
[2025-02-12T22:39:30.504+0000] {logging_mixin.py:190} INFO - Pushing to XCom - Year: 2024, Quarter: 4
[2025-02-12T22:39:30.934+0000] {python.py:240} INFO - Done. Returned value was: dbt_curl_command
[2025-02-12T22:39:30.937+0000] {branch.py:38} INFO - Branch into dbt_curl_command
[2025-02-12T22:39:30.938+0000] {skipmixin.py:230} INFO - Following branch ('dbt_curl_command',)
[2025-02-12T22:39:30.949+0000] {skipmixin.py:278} INFO - Skipping tasks [('Upload_data_to_s3', -1)]
[2025-02-12T22:39:30.992+0000] {taskinstance.py:340} INFO - ::group::Post task execution logs
[2025-02-12T22:39:30.994+0000] {taskinstance.py:352} INFO - Marking task as SUCCESS. dag_id=dag_for_dbt_json, task_id=Check_if_data_exists, run_id=manual__2025-02-12T17:39:22-05:00, execution_date=20250212T223922, start_date=20250212T223930, end_date=20250212T223930
[2025-02-12T22:39:31.040+0000] {local_task_job_runner.py:266} INFO - Task exited with return code 0
[2025-02-12T22:39:31.082+0000] {taskinstance.py:3895} INFO - 0 downstream tasks scheduled from follow-on schedule check
[2025-02-12T22:39:31.089+0000] {local_task_job_runner.py:245} INFO - ::endgroup::
