[2025-02-08T22:44:22.933+0000] {taskinstance.py:1083} INFO - Dependencies all met for <TaskInstance: dag_with_python.fireCrawl manual__2025-02-08T22:44:15.488265+00:00 [queued]>
[2025-02-08T22:44:22.962+0000] {taskinstance.py:1083} INFO - Dependencies all met for <TaskInstance: dag_with_python.fireCrawl manual__2025-02-08T22:44:15.488265+00:00 [queued]>
[2025-02-08T22:44:22.963+0000] {taskinstance.py:1279} INFO - 
--------------------------------------------------------------------------------
[2025-02-08T22:44:22.964+0000] {taskinstance.py:1280} INFO - Starting attempt 1 of 1
[2025-02-08T22:44:22.965+0000] {taskinstance.py:1281} INFO - 
--------------------------------------------------------------------------------
[2025-02-08T22:44:23.003+0000] {taskinstance.py:1300} INFO - Executing <Task(PythonOperator): fireCrawl> on 2025-02-08 22:44:15.488265+00:00
[2025-02-08T22:44:23.018+0000] {standard_task_runner.py:55} INFO - Started process 487 to run task
[2025-02-08T22:44:23.024+0000] {standard_task_runner.py:82} INFO - Running: ['***', 'tasks', 'run', 'dag_with_python', 'fireCrawl', 'manual__2025-02-08T22:44:15.488265+00:00', '--job-id', '12', '--raw', '--subdir', 'DAGS_FOLDER/test.py', '--cfg-path', '/tmp/tmp4hq5legt']
[2025-02-08T22:44:23.047+0000] {standard_task_runner.py:83} INFO - Job 12: Subtask fireCrawl
[2025-02-08T22:44:23.216+0000] {task_command.py:388} INFO - Running <TaskInstance: dag_with_python.fireCrawl manual__2025-02-08T22:44:15.488265+00:00 [running]> on host b8c15fc2b044
[2025-02-08T22:44:23.559+0000] {taskinstance.py:1509} INFO - Exporting the following env vars:
AIRFLOW_CTX_DAG_OWNER=***
AIRFLOW_CTX_DAG_ID=dag_with_python
AIRFLOW_CTX_TASK_ID=fireCrawl
AIRFLOW_CTX_EXECUTION_DATE=2025-02-08T22:44:15.488265+00:00
AIRFLOW_CTX_TRY_NUMBER=1
AIRFLOW_CTX_DAG_RUN_ID=manual__2025-02-08T22:44:15.488265+00:00
[2025-02-08T22:44:23.569+0000] {firecrawl.py:32} WARNING - No API key provided
[2025-02-08T22:44:23.578+0000] {taskinstance.py:1768} ERROR - Task failed with exception
Traceback (most recent call last):
  File "/home/airflow/.local/lib/python3.7/site-packages/airflow/operators/python.py", line 175, in execute
    return_value = self.execute_callable()
  File "/home/airflow/.local/lib/python3.7/site-packages/airflow/operators/python.py", line 192, in execute_callable
    return self.python_callable(*self.op_args, **self.op_kwargs)
  File "/opt/airflow/dags/test.py", line 19, in get_links
    app = FirecrawlApp(api_key=os.getenv('FIRE_CRAWL'))
  File "/home/airflow/.local/lib/python3.7/site-packages/firecrawl/firecrawl.py", line 33, in __init__
    raise ValueError('No API key provided')
ValueError: No API key provided
[2025-02-08T22:44:23.774+0000] {taskinstance.py:1323} INFO - Marking task as FAILED. dag_id=dag_with_python, task_id=fireCrawl, execution_date=20250208T224415, start_date=20250208T224422, end_date=20250208T224423
[2025-02-08T22:44:23.834+0000] {standard_task_runner.py:105} ERROR - Failed to execute job 12 for task fireCrawl (No API key provided; 487)
[2025-02-08T22:44:23.889+0000] {local_task_job.py:208} INFO - Task exited with return code 1
[2025-02-08T22:44:23.929+0000] {taskinstance.py:2578} INFO - 0 downstream tasks scheduled from follow-on schedule check
