[2025-02-12T06:12:54.341+0000] {local_task_job_runner.py:123} INFO - ::group::Pre task execution logs
[2025-02-12T06:12:54.358+0000] {taskinstance.py:2613} INFO - Dependencies all met for dep_context=non-requeueable deps ti=<TaskInstance: dag_for_dbt_raw.Check_if_data_exists manual__2025-02-12T01:12:46-05:00 [queued]>
[2025-02-12T06:12:54.368+0000] {taskinstance.py:2613} INFO - Dependencies all met for dep_context=requeueable deps ti=<TaskInstance: dag_for_dbt_raw.Check_if_data_exists manual__2025-02-12T01:12:46-05:00 [queued]>
[2025-02-12T06:12:54.369+0000] {taskinstance.py:2866} INFO - Starting attempt 1 of 1
[2025-02-12T06:12:54.382+0000] {taskinstance.py:2889} INFO - Executing <Task(BranchPythonOperator): Check_if_data_exists> on 2025-02-12 06:12:46+00:00
[2025-02-12T06:12:54.392+0000] {warnings.py:112} WARNING - /home/***/.local/lib/python3.12/site-packages/***/task/task_runner/standard_task_runner.py:70: DeprecationWarning: This process (pid=1513) is multi-threaded, use of fork() may lead to deadlocks in the child.
  pid = os.fork()

[2025-02-12T06:12:54.393+0000] {standard_task_runner.py:72} INFO - Started process 1514 to run task
[2025-02-12T06:12:54.394+0000] {standard_task_runner.py:104} INFO - Running: ['***', 'tasks', 'run', 'dag_for_dbt_raw', 'Check_if_data_exists', 'manual__2025-02-12T01:12:46-05:00', '--job-id', '173', '--raw', '--subdir', 'DAGS_FOLDER/dbt_raw_dag.py', '--cfg-path', '/tmp/tmp2422tz6j']
[2025-02-12T06:12:54.395+0000] {standard_task_runner.py:105} INFO - Job 173: Subtask Check_if_data_exists
[2025-02-12T06:12:54.441+0000] {task_command.py:467} INFO - Running <TaskInstance: dag_for_dbt_raw.Check_if_data_exists manual__2025-02-12T01:12:46-05:00 [running]> on host 91e1ec71f461
[2025-02-12T06:12:54.523+0000] {taskinstance.py:3132} INFO - Exporting env vars: AIRFLOW_CTX_DAG_OWNER='***' AIRFLOW_CTX_DAG_ID='dag_for_dbt_raw' AIRFLOW_CTX_TASK_ID='Check_if_data_exists' AIRFLOW_CTX_EXECUTION_DATE='2025-02-12T06:12:46+00:00' AIRFLOW_CTX_TRY_NUMBER='1' AIRFLOW_CTX_DAG_RUN_ID='manual__2025-02-12T01:12:46-05:00'
[2025-02-12T06:12:54.524+0000] {taskinstance.py:731} INFO - ::endgroup::
[2025-02-12T06:12:54.537+0000] {baseoperator.py:421} WARNING - BranchPythonOperator.execute cannot be called outside TaskInstance!
[2025-02-12T06:12:54.562+0000] {logging_mixin.py:190} INFO - Pushing to XCom - Year: 2022, Quarter: 1
[2025-02-12T06:12:54.988+0000] {python.py:240} INFO - Done. Returned value was: dbt_curl_command
[2025-02-12T06:12:54.989+0000] {branch.py:38} INFO - Branch into dbt_curl_command
[2025-02-12T06:12:54.990+0000] {skipmixin.py:230} INFO - Following branch ('dbt_curl_command',)
[2025-02-12T06:12:54.999+0000] {skipmixin.py:278} INFO - Skipping tasks [('Upload_data_to_s3', -1)]
[2025-02-12T06:12:55.028+0000] {taskinstance.py:340} INFO - ::group::Post task execution logs
[2025-02-12T06:12:55.029+0000] {taskinstance.py:352} INFO - Marking task as SUCCESS. dag_id=dag_for_dbt_raw, task_id=Check_if_data_exists, run_id=manual__2025-02-12T01:12:46-05:00, execution_date=20250212T061246, start_date=20250212T061254, end_date=20250212T061255
[2025-02-12T06:12:55.053+0000] {local_task_job_runner.py:266} INFO - Task exited with return code 0
[2025-02-12T06:12:55.082+0000] {taskinstance.py:3895} INFO - 1 downstream tasks scheduled from follow-on schedule check
[2025-02-12T06:12:55.085+0000] {local_task_job_runner.py:245} INFO - ::endgroup::
