[2025-02-12T22:49:24.359+0000] {local_task_job_runner.py:123} INFO - ::group::Pre task execution logs
[2025-02-12T22:49:24.387+0000] {taskinstance.py:2613} INFO - Dependencies all met for dep_context=non-requeueable deps ti=<TaskInstance: dag_for_dbt_denormalize.dbt_curl_command manual__2025-02-12T17:48:29-05:00 [queued]>
[2025-02-12T22:49:24.399+0000] {taskinstance.py:2613} INFO - Dependencies all met for dep_context=requeueable deps ti=<TaskInstance: dag_for_dbt_denormalize.dbt_curl_command manual__2025-02-12T17:48:29-05:00 [queued]>
[2025-02-12T22:49:24.399+0000] {taskinstance.py:2866} INFO - Starting attempt 1 of 1
[2025-02-12T22:49:24.416+0000] {taskinstance.py:2889} INFO - Executing <Task(BashOperator): dbt_curl_command> on 2025-02-12 22:48:29+00:00
[2025-02-12T22:49:24.424+0000] {warnings.py:112} WARNING - /home/***/.local/lib/python3.12/site-packages/***/task/task_runner/standard_task_runner.py:70: DeprecationWarning: This process (pid=1455) is multi-threaded, use of fork() may lead to deadlocks in the child.
  pid = os.fork()

[2025-02-12T22:49:24.425+0000] {standard_task_runner.py:72} INFO - Started process 1456 to run task
[2025-02-12T22:49:24.427+0000] {standard_task_runner.py:104} INFO - Running: ['***', 'tasks', 'run', 'dag_for_dbt_denormalize', 'dbt_curl_command', 'manual__2025-02-12T17:48:29-05:00', '--job-id', '225', '--raw', '--subdir', 'DAGS_FOLDER/denormalize_data_gad.py', '--cfg-path', '/tmp/tmpa_imde48']
[2025-02-12T22:49:24.429+0000] {standard_task_runner.py:105} INFO - Job 225: Subtask dbt_curl_command
[2025-02-12T22:49:24.480+0000] {task_command.py:467} INFO - Running <TaskInstance: dag_for_dbt_denormalize.dbt_curl_command manual__2025-02-12T17:48:29-05:00 [running]> on host e73c0d3ecbea
[2025-02-12T22:49:24.561+0000] {taskinstance.py:3132} INFO - Exporting env vars: AIRFLOW_CTX_DAG_OWNER='***' AIRFLOW_CTX_DAG_ID='dag_for_dbt_denormalize' AIRFLOW_CTX_TASK_ID='dbt_curl_command' AIRFLOW_CTX_EXECUTION_DATE='2025-02-12T22:48:29+00:00' AIRFLOW_CTX_TRY_NUMBER='1' AIRFLOW_CTX_DAG_RUN_ID='manual__2025-02-12T17:48:29-05:00'
[2025-02-12T22:49:24.562+0000] {taskinstance.py:731} INFO - ::endgroup::
[2025-02-12T22:49:24.577+0000] {subprocess.py:78} INFO - Tmp dir root location: /tmp
[2025-02-12T22:49:24.589+0000] {subprocess.py:88} INFO - Running command: ['/usr/bin/bash', '-c', '\n  curl -X POST "https://bn544.us1.dbt.com/api/v2/accounts/70471823424708/jobs/70471823425377/run/"     -H "Authorization: Token dbtu_aSKjCT4DBp7NVMX7ZIOj9Meosndn7W8Y2pD3K--X3a-v_pArxA"     -H "Content-Type: application/json"     -d \'{\n        "cause": "Triggered via API",\n        "steps_override": [\n        "dbt run --select raw --vars \\"{\\"year\\": \\"2024\\", \\"qtr\\": \\"4\\"}\\""\n        ]\n    }\' \n    ']
[2025-02-12T22:49:24.608+0000] {subprocess.py:99} INFO - Output:
[2025-02-12T22:49:24.662+0000] {subprocess.py:106} INFO -   % Total    % Received % Xferd  Average Speed   Time    Time     Time  Current
[2025-02-12T22:49:24.663+0000] {subprocess.py:106} INFO -                                  Dload  Upload   Total   Spent    Left  Speed
[2025-02-12T22:49:25.026+0000] {subprocess.py:106} INFO -   0     0    0     0    0     0      0      0 --:--:-- --:--:-- --:--:--     0100  3533  100  3371  100   162   9225    443 --:--:-- --:--:-- --:--:--  9732
[2025-02-12T22:49:25.031+0000] {subprocess.py:106} INFO - {"status":{"code":200,"is_success":true,"user_message":"Success!","developer_message":""},"data":{"id":70471828947699,"trigger_id":70471828947701,"account_id":70471823424708,"environment_id":70471823418939,"project_id":70471823428289,"job_definition_id":70471823425377,"status":1,"dbt_version":"latest","git_branch":null,"git_sha":null,"status_message":null,"owner_thread_id":null,"executed_by_thread_id":null,"deferring_run_id":null,"artifacts_saved":false,"artifact_s3_path":null,"has_docs_generated":false,"has_sources_generated":false,"notifications_sent":false,"blocked_by":[],"created_at":"2025-02-12 22:49:25.060849+00:00","updated_at":"2025-02-12 22:49:25.060861+00:00","dequeued_at":null,"started_at":null,"finished_at":null,"last_checked_at":null,"last_heartbeat_at":null,"should_start_at":null,"trigger":{"id":70471828947701,"cause":"Triggered via API","job_definition_id":70471823425377,"git_branch":null,"git_sha":null,"azure_pull_request_id":null,"github_pull_request_id":null,"gitlab_merge_request_id":null,"non_native_pull_request_id":null,"schema_override":null,"dbt_version_override":null,"threads_override":null,"target_name_override":null,"generate_docs_override":null,"timeout_seconds_override":null,"steps_override":["dbt run --select raw --vars \"{\"year\": \"2024\", \"qtr\": \"4\"}\""],"cause_category":"api","cause_humanized":"Triggered via API","created_at":"2025-02-12 22:49:25.048703+00:00","job":null},"job":{"id":70471823425377,"account_id":70471823424708,"project_id":70471823428289,"environment_id":70471823418939,"name":"raw_sub_job","dbt_version":null,"deactivated":false,"deferring_environment_id":null,"deferring_job_definition_id":null,"description":"","execute_steps":["dbt run --select raw.sub"],"execution":{"timeout_seconds":0},"generate_docs":false,"is_system":false,"is_deferrable":false,"job_type":"other","lifecycle_webhooks_url":null,"lifecycle_webhooks":false,"raw_dbt_version":null,"run_compare_changes":false,"compare_changes_flags":"--select state:modified","run_failure_count":0,"run_generate_sources":false,"run_lint":false,"errors_on_lint_failure":true,"settings":{"threads":4,"target_name":"default"},"state":1,"triggers_on_draft_pr":false,"triggers":{"github_webhook":false,"schedule":false,"git_provider_webhook":false,"on_merge":false,"custom_branch_only":null},"job_completion_trigger_condition":null,"created_at":"2025-02-11 02:05:54.818029+00:00","updated_at":"2025-02-11 02:05:54.818043+00:00","account":null,"project":null,"environment":null,"most_recent_run":null,"most_recent_completed_run":null,"schedule":{"cron":"9 */12 * * 0,1,2,3,4,5,6","date":"interval_cron","time":"every_hour"}},"environment":null,"run_steps":[],"status_humanized":"Queued","in_progress":true,"is_complete":false,"is_success":false,"is_error":false,"is_cancelled":false,"duration":"00:00:00","queued_duration":"00:00:00","run_duration":"00:00:00","duration_humanized":"0 minutes","queued_duration_humanized":"0 minutes","run_duration_humanized":"0 minutes","created_at_humanized":"0 minutes ago","finished_at_humanized":"0 minutes from now","retrying_run_id":null,"can_retry":false,"retry_not_supported_reason":"RETRY_NOT_FAILED_RUN","job_id":70471823425377,"is_running":null,"href":"https://bn544.us1.dbt.com/deploy/70471823424708/projects/70471823428289/runs/70471828947699/","used_repo_cache":null},"extra":{},"error_code":null}
[2025-02-12T22:49:25.035+0000] {subprocess.py:110} INFO - Command exited with return code 0
[2025-02-12T22:49:25.075+0000] {taskinstance.py:340} INFO - ::group::Post task execution logs
[2025-02-12T22:49:25.077+0000] {taskinstance.py:352} INFO - Marking task as SUCCESS. dag_id=dag_for_dbt_denormalize, task_id=dbt_curl_command, run_id=manual__2025-02-12T17:48:29-05:00, execution_date=20250212T224829, start_date=20250212T224924, end_date=20250212T224925
[2025-02-12T22:49:25.125+0000] {local_task_job_runner.py:266} INFO - Task exited with return code 0
[2025-02-12T22:49:25.153+0000] {taskinstance.py:3895} INFO - 1 downstream tasks scheduled from follow-on schedule check
[2025-02-12T22:49:25.156+0000] {local_task_job_runner.py:245} INFO - ::endgroup::
