[2025-02-10T20:48:57.820+0000] {local_task_job_runner.py:123} INFO - ::group::Pre task execution logs
[2025-02-10T20:48:57.847+0000] {taskinstance.py:2613} INFO - Dependencies all met for dep_context=non-requeueable deps ti=<TaskInstance: dag_to_scrape_and_upload.Upload_data_to_s3 scheduled__2025-02-09T00:00:00+00:00 [queued]>
[2025-02-10T20:48:57.859+0000] {taskinstance.py:2613} INFO - Dependencies all met for dep_context=requeueable deps ti=<TaskInstance: dag_to_scrape_and_upload.Upload_data_to_s3 scheduled__2025-02-09T00:00:00+00:00 [queued]>
[2025-02-10T20:48:57.859+0000] {taskinstance.py:2866} INFO - Starting attempt 1 of 1
[2025-02-10T20:48:57.875+0000] {taskinstance.py:2889} INFO - Executing <Task(PythonOperator): Upload_data_to_s3> on 2025-02-09 00:00:00+00:00
[2025-02-10T20:48:57.896+0000] {warnings.py:112} WARNING - /home/***/.local/lib/python3.12/site-packages/***/task/task_runner/standard_task_runner.py:70: DeprecationWarning: This process (pid=90) is multi-threaded, use of fork() may lead to deadlocks in the child.
  pid = os.fork()

[2025-02-10T20:48:57.898+0000] {standard_task_runner.py:72} INFO - Started process 94 to run task
[2025-02-10T20:48:57.899+0000] {standard_task_runner.py:104} INFO - Running: ['***', 'tasks', 'run', 'dag_to_scrape_and_upload', 'Upload_data_to_s3', 'scheduled__2025-02-09T00:00:00+00:00', '--job-id', '74', '--raw', '--subdir', 'DAGS_FOLDER/scrape_upload_dag.py', '--cfg-path', '/tmp/tmpfdhjna8l']
[2025-02-10T20:48:57.900+0000] {standard_task_runner.py:105} INFO - Job 74: Subtask Upload_data_to_s3
[2025-02-10T20:48:57.971+0000] {task_command.py:467} INFO - Running <TaskInstance: dag_to_scrape_and_upload.Upload_data_to_s3 scheduled__2025-02-09T00:00:00+00:00 [running]> on host 8570f11ab048
[2025-02-10T20:48:58.126+0000] {taskinstance.py:3132} INFO - Exporting env vars: AIRFLOW_CTX_DAG_OWNER='***' AIRFLOW_CTX_DAG_ID='dag_to_scrape_and_upload' AIRFLOW_CTX_TASK_ID='Upload_data_to_s3' AIRFLOW_CTX_EXECUTION_DATE='2025-02-09T00:00:00+00:00' AIRFLOW_CTX_TRY_NUMBER='1' AIRFLOW_CTX_DAG_RUN_ID='scheduled__2025-02-09T00:00:00+00:00'
[2025-02-10T20:48:58.127+0000] {taskinstance.py:731} INFO - ::endgroup::
[2025-02-10T20:49:22.359+0000] {logging_mixin.py:190} INFO - uploaded file sub.txt
[2025-02-10T20:49:42.126+0000] {logging_mixin.py:190} INFO - uploaded file pre.txt
[2025-02-10T20:50:10.990+0000] {local_task_job_runner.py:346} WARNING - State of this instance has been externally set to removed. Terminating instance.
[2025-02-10T20:50:10.999+0000] {local_task_job_runner.py:245} INFO - ::endgroup::
[2025-02-10T20:50:11.006+0000] {process_utils.py:132} INFO - Sending 15 to group 94. PIDs of all processes in the group: [94]
[2025-02-10T20:50:11.007+0000] {process_utils.py:87} INFO - Sending the signal 15 to group 94
[2025-02-10T20:50:11.009+0000] {taskinstance.py:3093} ERROR - Received SIGTERM. Terminating subprocesses.
[2025-02-10T20:50:14.243+0000] {taskinstance.py:340} INFO - ::group::Post task execution logs
[2025-02-10T20:50:14.499+0000] {process_utils.py:80} INFO - Process psutil.Process(pid=94, status='terminated', exitcode=0, started='20:48:57') (94) terminated with exit code 0
