[2025-02-08T23:13:30.868+0000] {taskinstance.py:1083} INFO - Dependencies all met for <TaskInstance: dag_with_pythonv2.greet manual__2025-02-08T23:13:29.754044+00:00 [queued]>
[2025-02-08T23:13:30.881+0000] {taskinstance.py:1083} INFO - Dependencies all met for <TaskInstance: dag_with_pythonv2.greet manual__2025-02-08T23:13:29.754044+00:00 [queued]>
[2025-02-08T23:13:30.882+0000] {taskinstance.py:1279} INFO - 
--------------------------------------------------------------------------------
[2025-02-08T23:13:30.882+0000] {taskinstance.py:1280} INFO - Starting attempt 1 of 1
[2025-02-08T23:13:30.883+0000] {taskinstance.py:1281} INFO - 
--------------------------------------------------------------------------------
[2025-02-08T23:13:30.903+0000] {taskinstance.py:1300} INFO - Executing <Task(PythonOperator): greet> on 2025-02-08 23:13:29.754044+00:00
[2025-02-08T23:13:30.913+0000] {standard_task_runner.py:55} INFO - Started process 953 to run task
[2025-02-08T23:13:30.917+0000] {standard_task_runner.py:82} INFO - Running: ['***', 'tasks', 'run', 'dag_with_pythonv2', 'greet', 'manual__2025-02-08T23:13:29.754044+00:00', '--job-id', '31', '--raw', '--subdir', 'DAGS_FOLDER/test.py', '--cfg-path', '/tmp/tmpbi1z_3co']
[2025-02-08T23:13:30.918+0000] {standard_task_runner.py:83} INFO - Job 31: Subtask greet
[2025-02-08T23:13:31.009+0000] {task_command.py:388} INFO - Running <TaskInstance: dag_with_pythonv2.greet manual__2025-02-08T23:13:29.754044+00:00 [running]> on host 1694b062ea20
[2025-02-08T23:13:31.113+0000] {taskinstance.py:1509} INFO - Exporting the following env vars:
AIRFLOW_CTX_DAG_OWNER=***
AIRFLOW_CTX_DAG_ID=dag_with_pythonv2
AIRFLOW_CTX_TASK_ID=greet
AIRFLOW_CTX_EXECUTION_DATE=2025-02-08T23:13:29.754044+00:00
AIRFLOW_CTX_TRY_NUMBER=1
AIRFLOW_CTX_DAG_RUN_ID=manual__2025-02-08T23:13:29.754044+00:00
[2025-02-08T23:13:31.114+0000] {logging_mixin.py:137} INFO - Extracting links
[2025-02-08T23:13:31.115+0000] {python.py:177} INFO - Done. Returned value was: None
[2025-02-08T23:13:31.134+0000] {taskinstance.py:1323} INFO - Marking task as SUCCESS. dag_id=dag_with_pythonv2, task_id=greet, execution_date=20250208T231329, start_date=20250208T231330, end_date=20250208T231331
[2025-02-08T23:13:31.192+0000] {local_task_job.py:208} INFO - Task exited with return code 0
[2025-02-08T23:13:31.228+0000] {taskinstance.py:2578} INFO - 1 downstream tasks scheduled from follow-on schedule check
