[2025-02-12T00:01:05.455+0000] {processor.py:186} INFO - Started process (PID=387) to work on /opt/airflow/dags/dbt_raw_dag.py
[2025-02-12T00:01:05.457+0000] {processor.py:914} INFO - Processing file /opt/airflow/dags/dbt_raw_dag.py for tasks to queue
[2025-02-12T00:01:05.458+0000] {logging_mixin.py:190} INFO - [2025-02-12T00:01:05.458+0000] {dagbag.py:588} INFO - Filling up the DagBag from /opt/airflow/dags/dbt_raw_dag.py
[2025-02-12T00:01:05.806+0000] {processor.py:925} INFO - DAG(s) 'dag_for_dbt_raw' retrieved from /opt/airflow/dags/dbt_raw_dag.py
[2025-02-12T00:01:06.270+0000] {logging_mixin.py:190} INFO - [2025-02-12T00:01:06.266+0000] {override.py:1911} INFO - Created Permission View: can delete on DAG:dag_for_dbt_raw
[2025-02-12T00:01:06.338+0000] {logging_mixin.py:190} INFO - [2025-02-12T00:01:06.337+0000] {override.py:1911} INFO - Created Permission View: can edit on DAG:dag_for_dbt_raw
[2025-02-12T00:01:06.402+0000] {logging_mixin.py:190} INFO - [2025-02-12T00:01:06.392+0000] {override.py:1911} INFO - Created Permission View: can read on DAG:dag_for_dbt_raw
[2025-02-12T00:01:06.446+0000] {logging_mixin.py:190} INFO - [2025-02-12T00:01:06.445+0000] {override.py:1911} INFO - Created Permission View: menu access on DAG Run:dag_for_dbt_raw
[2025-02-12T00:01:06.464+0000] {logging_mixin.py:190} INFO - [2025-02-12T00:01:06.462+0000] {override.py:1911} INFO - Created Permission View: can create on DAG Run:dag_for_dbt_raw
[2025-02-12T00:01:06.484+0000] {logging_mixin.py:190} INFO - [2025-02-12T00:01:06.483+0000] {override.py:1911} INFO - Created Permission View: can delete on DAG Run:dag_for_dbt_raw
[2025-02-12T00:01:06.502+0000] {logging_mixin.py:190} INFO - [2025-02-12T00:01:06.501+0000] {override.py:1911} INFO - Created Permission View: can read on DAG Run:dag_for_dbt_raw
[2025-02-12T00:01:06.505+0000] {logging_mixin.py:190} INFO - [2025-02-12T00:01:06.504+0000] {dag.py:3239} INFO - Sync 1 DAGs
[2025-02-12T00:01:06.554+0000] {logging_mixin.py:190} INFO - [2025-02-12T00:01:06.553+0000] {dag.py:3262} INFO - Creating ORM DAG for dag_for_dbt_raw
[2025-02-12T00:01:06.583+0000] {logging_mixin.py:190} INFO - [2025-02-12T00:01:06.582+0000] {dag.py:4180} INFO - Setting next_dagrun for dag_for_dbt_raw to 2025-02-07 00:00:00+00:00, run_after=2025-02-08 00:00:00+00:00
[2025-02-12T00:01:06.623+0000] {processor.py:208} INFO - Processing /opt/airflow/dags/dbt_raw_dag.py took 1.179 seconds
[2025-02-12T00:01:18.887+0000] {processor.py:186} INFO - Started process (PID=395) to work on /opt/airflow/dags/dbt_raw_dag.py
[2025-02-12T00:01:18.888+0000] {processor.py:914} INFO - Processing file /opt/airflow/dags/dbt_raw_dag.py for tasks to queue
[2025-02-12T00:01:18.890+0000] {logging_mixin.py:190} INFO - [2025-02-12T00:01:18.889+0000] {dagbag.py:588} INFO - Filling up the DagBag from /opt/airflow/dags/dbt_raw_dag.py
[2025-02-12T00:01:19.080+0000] {processor.py:925} INFO - DAG(s) 'dag_for_dbt_raw' retrieved from /opt/airflow/dags/dbt_raw_dag.py
[2025-02-12T00:01:19.092+0000] {logging_mixin.py:190} INFO - [2025-02-12T00:01:19.091+0000] {dag.py:3239} INFO - Sync 1 DAGs
[2025-02-12T00:01:19.121+0000] {logging_mixin.py:190} INFO - [2025-02-12T00:01:19.121+0000] {dag.py:4180} INFO - Setting next_dagrun for dag_for_dbt_raw to 2025-02-07 00:00:00+00:00, run_after=2025-02-08 00:00:00+00:00
[2025-02-12T00:01:19.152+0000] {processor.py:208} INFO - Processing /opt/airflow/dags/dbt_raw_dag.py took 0.272 seconds
[2025-02-12T00:01:43.094+0000] {processor.py:186} INFO - Started process (PID=409) to work on /opt/airflow/dags/dbt_raw_dag.py
[2025-02-12T00:01:43.096+0000] {processor.py:914} INFO - Processing file /opt/airflow/dags/dbt_raw_dag.py for tasks to queue
[2025-02-12T00:01:43.100+0000] {logging_mixin.py:190} INFO - [2025-02-12T00:01:43.099+0000] {dagbag.py:588} INFO - Filling up the DagBag from /opt/airflow/dags/dbt_raw_dag.py
[2025-02-12T00:01:43.497+0000] {processor.py:925} INFO - DAG(s) 'dag_for_dbt_raw' retrieved from /opt/airflow/dags/dbt_raw_dag.py
[2025-02-12T00:01:43.940+0000] {logging_mixin.py:190} INFO - [2025-02-12T00:01:43.939+0000] {dag.py:3239} INFO - Sync 1 DAGs
[2025-02-12T00:01:44.049+0000] {logging_mixin.py:190} INFO - [2025-02-12T00:01:44.049+0000] {dag.py:4180} INFO - Setting next_dagrun for dag_for_dbt_raw to 2025-02-07 00:00:00+00:00, run_after=2025-02-08 00:00:00+00:00
[2025-02-12T00:01:44.106+0000] {processor.py:208} INFO - Processing /opt/airflow/dags/dbt_raw_dag.py took 1.027 seconds
[2025-02-12T00:02:14.462+0000] {processor.py:186} INFO - Started process (PID=419) to work on /opt/airflow/dags/dbt_raw_dag.py
[2025-02-12T00:02:14.463+0000] {processor.py:914} INFO - Processing file /opt/airflow/dags/dbt_raw_dag.py for tasks to queue
[2025-02-12T00:02:14.465+0000] {logging_mixin.py:190} INFO - [2025-02-12T00:02:14.464+0000] {dagbag.py:588} INFO - Filling up the DagBag from /opt/airflow/dags/dbt_raw_dag.py
[2025-02-12T00:02:14.641+0000] {processor.py:925} INFO - DAG(s) 'dag_for_dbt_raw' retrieved from /opt/airflow/dags/dbt_raw_dag.py
[2025-02-12T00:02:14.665+0000] {logging_mixin.py:190} INFO - [2025-02-12T00:02:14.665+0000] {dag.py:3239} INFO - Sync 1 DAGs
[2025-02-12T00:02:14.688+0000] {logging_mixin.py:190} INFO - [2025-02-12T00:02:14.688+0000] {dag.py:4180} INFO - Setting next_dagrun for dag_for_dbt_raw to 2025-02-07 00:00:00+00:00, run_after=2025-02-08 00:00:00+00:00
[2025-02-12T00:02:14.707+0000] {processor.py:208} INFO - Processing /opt/airflow/dags/dbt_raw_dag.py took 0.252 seconds
[2025-02-12T00:02:21.563+0000] {processor.py:186} INFO - Started process (PID=423) to work on /opt/airflow/dags/dbt_raw_dag.py
[2025-02-12T00:02:21.564+0000] {processor.py:914} INFO - Processing file /opt/airflow/dags/dbt_raw_dag.py for tasks to queue
[2025-02-12T00:02:21.565+0000] {logging_mixin.py:190} INFO - [2025-02-12T00:02:21.565+0000] {dagbag.py:588} INFO - Filling up the DagBag from /opt/airflow/dags/dbt_raw_dag.py
[2025-02-12T00:02:21.744+0000] {processor.py:925} INFO - DAG(s) 'dag_for_dbt_raw' retrieved from /opt/airflow/dags/dbt_raw_dag.py
[2025-02-12T00:02:21.869+0000] {logging_mixin.py:190} INFO - [2025-02-12T00:02:21.869+0000] {dag.py:3239} INFO - Sync 1 DAGs
[2025-02-12T00:02:21.897+0000] {logging_mixin.py:190} INFO - [2025-02-12T00:02:21.897+0000] {dag.py:4180} INFO - Setting next_dagrun for dag_for_dbt_raw to 2025-02-07 00:00:00+00:00, run_after=2025-02-08 00:00:00+00:00
[2025-02-12T00:02:21.924+0000] {processor.py:208} INFO - Processing /opt/airflow/dags/dbt_raw_dag.py took 0.368 seconds
[2025-02-12T00:02:40.224+0000] {processor.py:186} INFO - Started process (PID=431) to work on /opt/airflow/dags/dbt_raw_dag.py
[2025-02-12T00:02:40.226+0000] {processor.py:914} INFO - Processing file /opt/airflow/dags/dbt_raw_dag.py for tasks to queue
[2025-02-12T00:02:40.227+0000] {logging_mixin.py:190} INFO - [2025-02-12T00:02:40.227+0000] {dagbag.py:588} INFO - Filling up the DagBag from /opt/airflow/dags/dbt_raw_dag.py
[2025-02-12T00:02:40.439+0000] {processor.py:925} INFO - DAG(s) 'dag_for_dbt_raw' retrieved from /opt/airflow/dags/dbt_raw_dag.py
[2025-02-12T00:02:40.450+0000] {logging_mixin.py:190} INFO - [2025-02-12T00:02:40.450+0000] {dag.py:3239} INFO - Sync 1 DAGs
[2025-02-12T00:02:40.474+0000] {logging_mixin.py:190} INFO - [2025-02-12T00:02:40.473+0000] {dag.py:4180} INFO - Setting next_dagrun for dag_for_dbt_raw to 2025-02-07 00:00:00+00:00, run_after=2025-02-08 00:00:00+00:00
[2025-02-12T00:02:40.493+0000] {processor.py:208} INFO - Processing /opt/airflow/dags/dbt_raw_dag.py took 0.274 seconds
[2025-02-12T00:03:11.139+0000] {processor.py:186} INFO - Started process (PID=446) to work on /opt/airflow/dags/dbt_raw_dag.py
[2025-02-12T00:03:11.140+0000] {processor.py:914} INFO - Processing file /opt/airflow/dags/dbt_raw_dag.py for tasks to queue
[2025-02-12T00:03:11.141+0000] {logging_mixin.py:190} INFO - [2025-02-12T00:03:11.141+0000] {dagbag.py:588} INFO - Filling up the DagBag from /opt/airflow/dags/dbt_raw_dag.py
[2025-02-12T00:03:11.377+0000] {processor.py:925} INFO - DAG(s) 'dag_for_dbt_raw' retrieved from /opt/airflow/dags/dbt_raw_dag.py
[2025-02-12T00:03:11.507+0000] {logging_mixin.py:190} INFO - [2025-02-12T00:03:11.507+0000] {dag.py:3239} INFO - Sync 1 DAGs
[2025-02-12T00:03:11.531+0000] {logging_mixin.py:190} INFO - [2025-02-12T00:03:11.531+0000] {dag.py:4180} INFO - Setting next_dagrun for dag_for_dbt_raw to 2025-02-07 00:00:00+00:00, run_after=2025-02-08 00:00:00+00:00
[2025-02-12T00:03:11.551+0000] {processor.py:208} INFO - Processing /opt/airflow/dags/dbt_raw_dag.py took 0.417 seconds
[2025-02-12T00:03:41.627+0000] {processor.py:186} INFO - Started process (PID=458) to work on /opt/airflow/dags/dbt_raw_dag.py
[2025-02-12T00:03:41.628+0000] {processor.py:914} INFO - Processing file /opt/airflow/dags/dbt_raw_dag.py for tasks to queue
[2025-02-12T00:03:41.630+0000] {logging_mixin.py:190} INFO - [2025-02-12T00:03:41.630+0000] {dagbag.py:588} INFO - Filling up the DagBag from /opt/airflow/dags/dbt_raw_dag.py
[2025-02-12T00:03:41.830+0000] {processor.py:925} INFO - DAG(s) 'dag_for_dbt_raw' retrieved from /opt/airflow/dags/dbt_raw_dag.py
[2025-02-12T00:03:41.857+0000] {logging_mixin.py:190} INFO - [2025-02-12T00:03:41.857+0000] {dag.py:3239} INFO - Sync 1 DAGs
[2025-02-12T00:03:41.880+0000] {logging_mixin.py:190} INFO - [2025-02-12T00:03:41.880+0000] {dag.py:4180} INFO - Setting next_dagrun for dag_for_dbt_raw to 2025-02-07 00:00:00+00:00, run_after=2025-02-08 00:00:00+00:00
[2025-02-12T00:03:41.897+0000] {processor.py:208} INFO - Processing /opt/airflow/dags/dbt_raw_dag.py took 0.275 seconds
[2025-02-12T00:04:12.438+0000] {processor.py:186} INFO - Started process (PID=474) to work on /opt/airflow/dags/dbt_raw_dag.py
[2025-02-12T00:04:12.443+0000] {processor.py:914} INFO - Processing file /opt/airflow/dags/dbt_raw_dag.py for tasks to queue
[2025-02-12T00:04:12.450+0000] {logging_mixin.py:190} INFO - [2025-02-12T00:04:12.448+0000] {dagbag.py:588} INFO - Filling up the DagBag from /opt/airflow/dags/dbt_raw_dag.py
[2025-02-12T00:04:13.005+0000] {processor.py:925} INFO - DAG(s) 'dag_for_dbt_raw' retrieved from /opt/airflow/dags/dbt_raw_dag.py
[2025-02-12T00:04:13.105+0000] {logging_mixin.py:190} INFO - [2025-02-12T00:04:13.105+0000] {dag.py:3239} INFO - Sync 1 DAGs
[2025-02-12T00:04:13.211+0000] {logging_mixin.py:190} INFO - [2025-02-12T00:04:13.210+0000] {dag.py:4180} INFO - Setting next_dagrun for dag_for_dbt_raw to 2025-02-12 00:00:00+00:00, run_after=2025-02-13 00:00:00+00:00
[2025-02-12T00:04:13.265+0000] {processor.py:208} INFO - Processing /opt/airflow/dags/dbt_raw_dag.py took 0.858 seconds
[2025-02-12T00:04:43.442+0000] {processor.py:186} INFO - Started process (PID=485) to work on /opt/airflow/dags/dbt_raw_dag.py
[2025-02-12T00:04:43.444+0000] {processor.py:914} INFO - Processing file /opt/airflow/dags/dbt_raw_dag.py for tasks to queue
[2025-02-12T00:04:43.447+0000] {logging_mixin.py:190} INFO - [2025-02-12T00:04:43.447+0000] {dagbag.py:588} INFO - Filling up the DagBag from /opt/airflow/dags/dbt_raw_dag.py
[2025-02-12T00:04:43.768+0000] {processor.py:925} INFO - DAG(s) 'dag_for_dbt_raw' retrieved from /opt/airflow/dags/dbt_raw_dag.py
[2025-02-12T00:04:43.823+0000] {logging_mixin.py:190} INFO - [2025-02-12T00:04:43.822+0000] {dag.py:3239} INFO - Sync 1 DAGs
[2025-02-12T00:04:43.866+0000] {logging_mixin.py:190} INFO - [2025-02-12T00:04:43.866+0000] {dag.py:4180} INFO - Setting next_dagrun for dag_for_dbt_raw to 2025-02-12 00:00:00+00:00, run_after=2025-02-13 00:00:00+00:00
[2025-02-12T00:04:43.909+0000] {processor.py:208} INFO - Processing /opt/airflow/dags/dbt_raw_dag.py took 0.477 seconds
[2025-02-12T00:05:14.538+0000] {processor.py:186} INFO - Started process (PID=497) to work on /opt/airflow/dags/dbt_raw_dag.py
[2025-02-12T00:05:14.580+0000] {processor.py:914} INFO - Processing file /opt/airflow/dags/dbt_raw_dag.py for tasks to queue
[2025-02-12T00:05:14.624+0000] {logging_mixin.py:190} INFO - [2025-02-12T00:05:14.615+0000] {dagbag.py:588} INFO - Filling up the DagBag from /opt/airflow/dags/dbt_raw_dag.py
[2025-02-12T00:05:15.944+0000] {processor.py:925} INFO - DAG(s) 'dag_for_dbt_raw' retrieved from /opt/airflow/dags/dbt_raw_dag.py
[2025-02-12T00:05:16.106+0000] {logging_mixin.py:190} INFO - [2025-02-12T00:05:16.106+0000] {dag.py:3239} INFO - Sync 1 DAGs
[2025-02-12T00:05:16.413+0000] {logging_mixin.py:190} INFO - [2025-02-12T00:05:16.412+0000] {dag.py:4180} INFO - Setting next_dagrun for dag_for_dbt_raw to 2025-02-12 00:00:00+00:00, run_after=2025-02-13 00:00:00+00:00
[2025-02-12T00:05:16.758+0000] {processor.py:208} INFO - Processing /opt/airflow/dags/dbt_raw_dag.py took 2.374 seconds
[2025-02-12T00:05:47.541+0000] {processor.py:186} INFO - Started process (PID=509) to work on /opt/airflow/dags/dbt_raw_dag.py
[2025-02-12T00:05:47.565+0000] {processor.py:914} INFO - Processing file /opt/airflow/dags/dbt_raw_dag.py for tasks to queue
[2025-02-12T00:05:47.585+0000] {logging_mixin.py:190} INFO - [2025-02-12T00:05:47.579+0000] {dagbag.py:588} INFO - Filling up the DagBag from /opt/airflow/dags/dbt_raw_dag.py
[2025-02-12T00:05:49.344+0000] {processor.py:925} INFO - DAG(s) 'dag_for_dbt_raw' retrieved from /opt/airflow/dags/dbt_raw_dag.py
[2025-02-12T00:05:49.623+0000] {logging_mixin.py:190} INFO - [2025-02-12T00:05:49.622+0000] {dag.py:3239} INFO - Sync 1 DAGs
[2025-02-12T00:05:49.894+0000] {logging_mixin.py:190} INFO - [2025-02-12T00:05:49.894+0000] {dag.py:4180} INFO - Setting next_dagrun for dag_for_dbt_raw to 2025-02-12 00:00:00+00:00, run_after=2025-02-13 00:00:00+00:00
[2025-02-12T00:05:51.976+0000] {processor.py:208} INFO - Processing /opt/airflow/dags/dbt_raw_dag.py took 4.560 seconds
[2025-02-12T00:06:23.108+0000] {processor.py:186} INFO - Started process (PID=522) to work on /opt/airflow/dags/dbt_raw_dag.py
[2025-02-12T00:06:23.117+0000] {processor.py:914} INFO - Processing file /opt/airflow/dags/dbt_raw_dag.py for tasks to queue
[2025-02-12T00:06:23.124+0000] {logging_mixin.py:190} INFO - [2025-02-12T00:06:23.123+0000] {dagbag.py:588} INFO - Filling up the DagBag from /opt/airflow/dags/dbt_raw_dag.py
[2025-02-12T00:06:23.452+0000] {processor.py:925} INFO - DAG(s) 'dag_for_dbt_raw' retrieved from /opt/airflow/dags/dbt_raw_dag.py
[2025-02-12T00:06:23.515+0000] {logging_mixin.py:190} INFO - [2025-02-12T00:06:23.515+0000] {dag.py:3239} INFO - Sync 1 DAGs
[2025-02-12T00:06:23.578+0000] {logging_mixin.py:190} INFO - [2025-02-12T00:06:23.577+0000] {dag.py:4180} INFO - Setting next_dagrun for dag_for_dbt_raw to 2025-02-12 00:00:00+00:00, run_after=2025-02-13 00:00:00+00:00
[2025-02-12T00:06:23.614+0000] {processor.py:208} INFO - Processing /opt/airflow/dags/dbt_raw_dag.py took 0.519 seconds
[2025-02-12T00:06:53.781+0000] {processor.py:186} INFO - Started process (PID=533) to work on /opt/airflow/dags/dbt_raw_dag.py
[2025-02-12T00:06:53.783+0000] {processor.py:914} INFO - Processing file /opt/airflow/dags/dbt_raw_dag.py for tasks to queue
[2025-02-12T00:06:53.784+0000] {logging_mixin.py:190} INFO - [2025-02-12T00:06:53.784+0000] {dagbag.py:588} INFO - Filling up the DagBag from /opt/airflow/dags/dbt_raw_dag.py
[2025-02-12T00:06:54.085+0000] {processor.py:925} INFO - DAG(s) 'dag_for_dbt_raw' retrieved from /opt/airflow/dags/dbt_raw_dag.py
[2025-02-12T00:06:54.128+0000] {logging_mixin.py:190} INFO - [2025-02-12T00:06:54.128+0000] {dag.py:3239} INFO - Sync 1 DAGs
[2025-02-12T00:06:54.183+0000] {logging_mixin.py:190} INFO - [2025-02-12T00:06:54.183+0000] {dag.py:4180} INFO - Setting next_dagrun for dag_for_dbt_raw to 2025-02-12 00:00:00+00:00, run_after=2025-02-13 00:00:00+00:00
[2025-02-12T00:06:54.211+0000] {processor.py:208} INFO - Processing /opt/airflow/dags/dbt_raw_dag.py took 0.440 seconds
[2025-02-12T00:07:24.373+0000] {processor.py:186} INFO - Started process (PID=546) to work on /opt/airflow/dags/dbt_raw_dag.py
[2025-02-12T00:07:24.375+0000] {processor.py:914} INFO - Processing file /opt/airflow/dags/dbt_raw_dag.py for tasks to queue
[2025-02-12T00:07:24.377+0000] {logging_mixin.py:190} INFO - [2025-02-12T00:07:24.376+0000] {dagbag.py:588} INFO - Filling up the DagBag from /opt/airflow/dags/dbt_raw_dag.py
[2025-02-12T00:07:24.593+0000] {processor.py:925} INFO - DAG(s) 'dag_for_dbt_raw' retrieved from /opt/airflow/dags/dbt_raw_dag.py
[2025-02-12T00:07:24.761+0000] {logging_mixin.py:190} INFO - [2025-02-12T00:07:24.760+0000] {dag.py:3239} INFO - Sync 1 DAGs
[2025-02-12T00:07:24.800+0000] {logging_mixin.py:190} INFO - [2025-02-12T00:07:24.800+0000] {dag.py:4180} INFO - Setting next_dagrun for dag_for_dbt_raw to 2025-02-12 00:00:00+00:00, run_after=2025-02-13 00:00:00+00:00
[2025-02-12T00:07:24.839+0000] {processor.py:208} INFO - Processing /opt/airflow/dags/dbt_raw_dag.py took 0.473 seconds
[2025-02-12T00:07:55.368+0000] {processor.py:186} INFO - Started process (PID=558) to work on /opt/airflow/dags/dbt_raw_dag.py
[2025-02-12T00:07:55.370+0000] {processor.py:914} INFO - Processing file /opt/airflow/dags/dbt_raw_dag.py for tasks to queue
[2025-02-12T00:07:55.373+0000] {logging_mixin.py:190} INFO - [2025-02-12T00:07:55.372+0000] {dagbag.py:588} INFO - Filling up the DagBag from /opt/airflow/dags/dbt_raw_dag.py
[2025-02-12T00:07:55.728+0000] {processor.py:925} INFO - DAG(s) 'dag_for_dbt_raw' retrieved from /opt/airflow/dags/dbt_raw_dag.py
[2025-02-12T00:07:55.799+0000] {logging_mixin.py:190} INFO - [2025-02-12T00:07:55.798+0000] {dag.py:3239} INFO - Sync 1 DAGs
[2025-02-12T00:07:55.849+0000] {logging_mixin.py:190} INFO - [2025-02-12T00:07:55.849+0000] {dag.py:4180} INFO - Setting next_dagrun for dag_for_dbt_raw to 2025-02-12 00:00:00+00:00, run_after=2025-02-13 00:00:00+00:00
[2025-02-12T00:07:55.884+0000] {processor.py:208} INFO - Processing /opt/airflow/dags/dbt_raw_dag.py took 0.527 seconds
[2025-02-12T00:08:26.090+0000] {processor.py:186} INFO - Started process (PID=568) to work on /opt/airflow/dags/dbt_raw_dag.py
[2025-02-12T00:08:26.093+0000] {processor.py:914} INFO - Processing file /opt/airflow/dags/dbt_raw_dag.py for tasks to queue
[2025-02-12T00:08:26.095+0000] {logging_mixin.py:190} INFO - [2025-02-12T00:08:26.094+0000] {dagbag.py:588} INFO - Filling up the DagBag from /opt/airflow/dags/dbt_raw_dag.py
[2025-02-12T00:08:26.467+0000] {processor.py:925} INFO - DAG(s) 'dag_for_dbt_raw' retrieved from /opt/airflow/dags/dbt_raw_dag.py
[2025-02-12T00:08:26.520+0000] {logging_mixin.py:190} INFO - [2025-02-12T00:08:26.519+0000] {dag.py:3239} INFO - Sync 1 DAGs
[2025-02-12T00:08:26.566+0000] {logging_mixin.py:190} INFO - [2025-02-12T00:08:26.565+0000] {dag.py:4180} INFO - Setting next_dagrun for dag_for_dbt_raw to 2025-02-12 00:00:00+00:00, run_after=2025-02-13 00:00:00+00:00
[2025-02-12T00:08:26.603+0000] {processor.py:208} INFO - Processing /opt/airflow/dags/dbt_raw_dag.py took 0.527 seconds
[2025-02-12T00:08:56.680+0000] {processor.py:186} INFO - Started process (PID=581) to work on /opt/airflow/dags/dbt_raw_dag.py
[2025-02-12T00:08:56.682+0000] {processor.py:914} INFO - Processing file /opt/airflow/dags/dbt_raw_dag.py for tasks to queue
[2025-02-12T00:08:56.683+0000] {logging_mixin.py:190} INFO - [2025-02-12T00:08:56.682+0000] {dagbag.py:588} INFO - Filling up the DagBag from /opt/airflow/dags/dbt_raw_dag.py
[2025-02-12T00:08:56.903+0000] {processor.py:925} INFO - DAG(s) 'dag_for_dbt_raw' retrieved from /opt/airflow/dags/dbt_raw_dag.py
[2025-02-12T00:08:56.950+0000] {logging_mixin.py:190} INFO - [2025-02-12T00:08:56.949+0000] {dag.py:3239} INFO - Sync 1 DAGs
[2025-02-12T00:08:56.983+0000] {logging_mixin.py:190} INFO - [2025-02-12T00:08:56.983+0000] {dag.py:4180} INFO - Setting next_dagrun for dag_for_dbt_raw to 2025-02-12 00:00:00+00:00, run_after=2025-02-13 00:00:00+00:00
[2025-02-12T00:08:57.016+0000] {processor.py:208} INFO - Processing /opt/airflow/dags/dbt_raw_dag.py took 0.342 seconds
[2025-02-12T00:09:27.479+0000] {processor.py:186} INFO - Started process (PID=593) to work on /opt/airflow/dags/dbt_raw_dag.py
[2025-02-12T00:09:27.481+0000] {processor.py:914} INFO - Processing file /opt/airflow/dags/dbt_raw_dag.py for tasks to queue
[2025-02-12T00:09:27.483+0000] {logging_mixin.py:190} INFO - [2025-02-12T00:09:27.483+0000] {dagbag.py:588} INFO - Filling up the DagBag from /opt/airflow/dags/dbt_raw_dag.py
[2025-02-12T00:09:28.426+0000] {processor.py:925} INFO - DAG(s) 'dag_for_dbt_raw' retrieved from /opt/airflow/dags/dbt_raw_dag.py
[2025-02-12T00:09:28.659+0000] {logging_mixin.py:190} INFO - [2025-02-12T00:09:28.658+0000] {dag.py:3239} INFO - Sync 1 DAGs
[2025-02-12T00:09:28.810+0000] {logging_mixin.py:190} INFO - [2025-02-12T00:09:28.805+0000] {dag.py:4180} INFO - Setting next_dagrun for dag_for_dbt_raw to 2025-02-12 00:00:00+00:00, run_after=2025-02-13 00:00:00+00:00
[2025-02-12T00:09:29.002+0000] {processor.py:208} INFO - Processing /opt/airflow/dags/dbt_raw_dag.py took 1.545 seconds
[2025-02-12T00:09:59.509+0000] {processor.py:186} INFO - Started process (PID=604) to work on /opt/airflow/dags/dbt_raw_dag.py
[2025-02-12T00:09:59.510+0000] {processor.py:914} INFO - Processing file /opt/airflow/dags/dbt_raw_dag.py for tasks to queue
[2025-02-12T00:09:59.513+0000] {logging_mixin.py:190} INFO - [2025-02-12T00:09:59.512+0000] {dagbag.py:588} INFO - Filling up the DagBag from /opt/airflow/dags/dbt_raw_dag.py
[2025-02-12T00:09:59.934+0000] {processor.py:925} INFO - DAG(s) 'dag_for_dbt_raw' retrieved from /opt/airflow/dags/dbt_raw_dag.py
[2025-02-12T00:10:00.031+0000] {logging_mixin.py:190} INFO - [2025-02-12T00:10:00.030+0000] {dag.py:3239} INFO - Sync 1 DAGs
[2025-02-12T00:10:00.102+0000] {logging_mixin.py:190} INFO - [2025-02-12T00:10:00.098+0000] {dag.py:4180} INFO - Setting next_dagrun for dag_for_dbt_raw to 2025-02-12 00:00:00+00:00, run_after=2025-02-13 00:00:00+00:00
[2025-02-12T00:10:00.175+0000] {processor.py:208} INFO - Processing /opt/airflow/dags/dbt_raw_dag.py took 0.682 seconds
[2025-02-12T00:10:30.552+0000] {processor.py:186} INFO - Started process (PID=617) to work on /opt/airflow/dags/dbt_raw_dag.py
[2025-02-12T00:10:30.553+0000] {processor.py:914} INFO - Processing file /opt/airflow/dags/dbt_raw_dag.py for tasks to queue
[2025-02-12T00:10:30.555+0000] {logging_mixin.py:190} INFO - [2025-02-12T00:10:30.554+0000] {dagbag.py:588} INFO - Filling up the DagBag from /opt/airflow/dags/dbt_raw_dag.py
[2025-02-12T00:10:30.782+0000] {processor.py:925} INFO - DAG(s) 'dag_for_dbt_raw' retrieved from /opt/airflow/dags/dbt_raw_dag.py
[2025-02-12T00:10:30.812+0000] {logging_mixin.py:190} INFO - [2025-02-12T00:10:30.812+0000] {dag.py:3239} INFO - Sync 1 DAGs
[2025-02-12T00:10:30.843+0000] {logging_mixin.py:190} INFO - [2025-02-12T00:10:30.843+0000] {dag.py:4180} INFO - Setting next_dagrun for dag_for_dbt_raw to 2025-02-12 00:00:00+00:00, run_after=2025-02-13 00:00:00+00:00
[2025-02-12T00:10:30.871+0000] {processor.py:208} INFO - Processing /opt/airflow/dags/dbt_raw_dag.py took 0.328 seconds
[2025-02-12T00:11:00.943+0000] {processor.py:186} INFO - Started process (PID=626) to work on /opt/airflow/dags/dbt_raw_dag.py
[2025-02-12T00:11:00.945+0000] {processor.py:914} INFO - Processing file /opt/airflow/dags/dbt_raw_dag.py for tasks to queue
[2025-02-12T00:11:00.947+0000] {logging_mixin.py:190} INFO - [2025-02-12T00:11:00.946+0000] {dagbag.py:588} INFO - Filling up the DagBag from /opt/airflow/dags/dbt_raw_dag.py
[2025-02-12T00:11:01.160+0000] {processor.py:925} INFO - DAG(s) 'dag_for_dbt_raw' retrieved from /opt/airflow/dags/dbt_raw_dag.py
[2025-02-12T00:11:01.189+0000] {logging_mixin.py:190} INFO - [2025-02-12T00:11:01.188+0000] {dag.py:3239} INFO - Sync 1 DAGs
[2025-02-12T00:11:01.219+0000] {logging_mixin.py:190} INFO - [2025-02-12T00:11:01.218+0000] {dag.py:4180} INFO - Setting next_dagrun for dag_for_dbt_raw to 2025-02-12 00:00:00+00:00, run_after=2025-02-13 00:00:00+00:00
[2025-02-12T00:11:01.244+0000] {processor.py:208} INFO - Processing /opt/airflow/dags/dbt_raw_dag.py took 0.311 seconds
[2025-02-12T00:11:31.736+0000] {processor.py:186} INFO - Started process (PID=638) to work on /opt/airflow/dags/dbt_raw_dag.py
[2025-02-12T00:11:31.738+0000] {processor.py:914} INFO - Processing file /opt/airflow/dags/dbt_raw_dag.py for tasks to queue
[2025-02-12T00:11:31.741+0000] {logging_mixin.py:190} INFO - [2025-02-12T00:11:31.741+0000] {dagbag.py:588} INFO - Filling up the DagBag from /opt/airflow/dags/dbt_raw_dag.py
[2025-02-12T00:11:32.274+0000] {processor.py:925} INFO - DAG(s) 'dag_for_dbt_raw' retrieved from /opt/airflow/dags/dbt_raw_dag.py
[2025-02-12T00:11:32.469+0000] {logging_mixin.py:190} INFO - [2025-02-12T00:11:32.468+0000] {dag.py:3239} INFO - Sync 1 DAGs
[2025-02-12T00:11:32.550+0000] {logging_mixin.py:190} INFO - [2025-02-12T00:11:32.548+0000] {dag.py:4180} INFO - Setting next_dagrun for dag_for_dbt_raw to 2025-02-12 00:00:00+00:00, run_after=2025-02-13 00:00:00+00:00
[2025-02-12T00:11:32.630+0000] {processor.py:208} INFO - Processing /opt/airflow/dags/dbt_raw_dag.py took 0.916 seconds
[2025-02-12T00:12:03.505+0000] {processor.py:186} INFO - Started process (PID=647) to work on /opt/airflow/dags/dbt_raw_dag.py
[2025-02-12T00:12:03.507+0000] {processor.py:914} INFO - Processing file /opt/airflow/dags/dbt_raw_dag.py for tasks to queue
[2025-02-12T00:12:03.510+0000] {logging_mixin.py:190} INFO - [2025-02-12T00:12:03.509+0000] {dagbag.py:588} INFO - Filling up the DagBag from /opt/airflow/dags/dbt_raw_dag.py
[2025-02-12T00:12:04.463+0000] {processor.py:925} INFO - DAG(s) 'dag_for_dbt_raw' retrieved from /opt/airflow/dags/dbt_raw_dag.py
[2025-02-12T00:12:04.718+0000] {logging_mixin.py:190} INFO - [2025-02-12T00:12:04.717+0000] {dag.py:3239} INFO - Sync 1 DAGs
[2025-02-12T00:12:04.979+0000] {logging_mixin.py:190} INFO - [2025-02-12T00:12:04.978+0000] {dag.py:4180} INFO - Setting next_dagrun for dag_for_dbt_raw to 2025-02-12 00:00:00+00:00, run_after=2025-02-13 00:00:00+00:00
[2025-02-12T00:12:05.223+0000] {processor.py:208} INFO - Processing /opt/airflow/dags/dbt_raw_dag.py took 1.740 seconds
[2025-02-12T00:12:36.114+0000] {processor.py:186} INFO - Started process (PID=659) to work on /opt/airflow/dags/dbt_raw_dag.py
[2025-02-12T00:12:36.115+0000] {processor.py:914} INFO - Processing file /opt/airflow/dags/dbt_raw_dag.py for tasks to queue
[2025-02-12T00:12:36.116+0000] {logging_mixin.py:190} INFO - [2025-02-12T00:12:36.116+0000] {dagbag.py:588} INFO - Filling up the DagBag from /opt/airflow/dags/dbt_raw_dag.py
[2025-02-12T00:12:36.556+0000] {processor.py:925} INFO - DAG(s) 'dag_for_dbt_raw' retrieved from /opt/airflow/dags/dbt_raw_dag.py
[2025-02-12T00:12:36.718+0000] {logging_mixin.py:190} INFO - [2025-02-12T00:12:36.717+0000] {dag.py:3239} INFO - Sync 1 DAGs
[2025-02-12T00:12:36.885+0000] {logging_mixin.py:190} INFO - [2025-02-12T00:12:36.884+0000] {dag.py:4180} INFO - Setting next_dagrun for dag_for_dbt_raw to 2025-02-12 00:00:00+00:00, run_after=2025-02-13 00:00:00+00:00
[2025-02-12T00:12:36.967+0000] {processor.py:208} INFO - Processing /opt/airflow/dags/dbt_raw_dag.py took 0.859 seconds
[2025-02-12T00:13:07.291+0000] {processor.py:186} INFO - Started process (PID=671) to work on /opt/airflow/dags/dbt_raw_dag.py
[2025-02-12T00:13:07.293+0000] {processor.py:914} INFO - Processing file /opt/airflow/dags/dbt_raw_dag.py for tasks to queue
[2025-02-12T00:13:07.296+0000] {logging_mixin.py:190} INFO - [2025-02-12T00:13:07.295+0000] {dagbag.py:588} INFO - Filling up the DagBag from /opt/airflow/dags/dbt_raw_dag.py
[2025-02-12T00:13:07.555+0000] {processor.py:925} INFO - DAG(s) 'dag_for_dbt_raw' retrieved from /opt/airflow/dags/dbt_raw_dag.py
[2025-02-12T00:13:07.595+0000] {logging_mixin.py:190} INFO - [2025-02-12T00:13:07.595+0000] {dag.py:3239} INFO - Sync 1 DAGs
[2025-02-12T00:13:07.627+0000] {logging_mixin.py:190} INFO - [2025-02-12T00:13:07.627+0000] {dag.py:4180} INFO - Setting next_dagrun for dag_for_dbt_raw to 2025-02-12 00:00:00+00:00, run_after=2025-02-13 00:00:00+00:00
[2025-02-12T00:13:07.656+0000] {processor.py:208} INFO - Processing /opt/airflow/dags/dbt_raw_dag.py took 0.373 seconds
[2025-02-12T00:13:38.193+0000] {processor.py:186} INFO - Started process (PID=683) to work on /opt/airflow/dags/dbt_raw_dag.py
[2025-02-12T00:13:38.197+0000] {processor.py:914} INFO - Processing file /opt/airflow/dags/dbt_raw_dag.py for tasks to queue
[2025-02-12T00:13:38.201+0000] {logging_mixin.py:190} INFO - [2025-02-12T00:13:38.200+0000] {dagbag.py:588} INFO - Filling up the DagBag from /opt/airflow/dags/dbt_raw_dag.py
[2025-02-12T00:13:38.638+0000] {processor.py:925} INFO - DAG(s) 'dag_for_dbt_raw' retrieved from /opt/airflow/dags/dbt_raw_dag.py
[2025-02-12T00:13:38.684+0000] {logging_mixin.py:190} INFO - [2025-02-12T00:13:38.684+0000] {dag.py:3239} INFO - Sync 1 DAGs
[2025-02-12T00:13:38.719+0000] {logging_mixin.py:190} INFO - [2025-02-12T00:13:38.719+0000] {dag.py:4180} INFO - Setting next_dagrun for dag_for_dbt_raw to 2025-02-12 00:00:00+00:00, run_after=2025-02-13 00:00:00+00:00
[2025-02-12T00:13:38.779+0000] {processor.py:208} INFO - Processing /opt/airflow/dags/dbt_raw_dag.py took 0.630 seconds
[2025-02-12T00:14:09.684+0000] {processor.py:186} INFO - Started process (PID=695) to work on /opt/airflow/dags/dbt_raw_dag.py
[2025-02-12T00:14:09.686+0000] {processor.py:914} INFO - Processing file /opt/airflow/dags/dbt_raw_dag.py for tasks to queue
[2025-02-12T00:14:09.689+0000] {logging_mixin.py:190} INFO - [2025-02-12T00:14:09.688+0000] {dagbag.py:588} INFO - Filling up the DagBag from /opt/airflow/dags/dbt_raw_dag.py
[2025-02-12T00:14:10.028+0000] {processor.py:925} INFO - DAG(s) 'dag_for_dbt_raw' retrieved from /opt/airflow/dags/dbt_raw_dag.py
[2025-02-12T00:14:10.087+0000] {logging_mixin.py:190} INFO - [2025-02-12T00:14:10.087+0000] {dag.py:3239} INFO - Sync 1 DAGs
[2025-02-12T00:14:10.130+0000] {logging_mixin.py:190} INFO - [2025-02-12T00:14:10.129+0000] {dag.py:4180} INFO - Setting next_dagrun for dag_for_dbt_raw to 2025-02-12 00:00:00+00:00, run_after=2025-02-13 00:00:00+00:00
[2025-02-12T00:14:10.171+0000] {processor.py:208} INFO - Processing /opt/airflow/dags/dbt_raw_dag.py took 0.500 seconds
[2025-02-12T00:14:40.643+0000] {processor.py:186} INFO - Started process (PID=713) to work on /opt/airflow/dags/dbt_raw_dag.py
[2025-02-12T00:14:40.644+0000] {processor.py:914} INFO - Processing file /opt/airflow/dags/dbt_raw_dag.py for tasks to queue
[2025-02-12T00:14:40.645+0000] {logging_mixin.py:190} INFO - [2025-02-12T00:14:40.645+0000] {dagbag.py:588} INFO - Filling up the DagBag from /opt/airflow/dags/dbt_raw_dag.py
[2025-02-12T00:14:40.892+0000] {processor.py:925} INFO - DAG(s) 'dag_for_dbt_raw' retrieved from /opt/airflow/dags/dbt_raw_dag.py
[2025-02-12T00:14:40.961+0000] {logging_mixin.py:190} INFO - [2025-02-12T00:14:40.961+0000] {dag.py:3239} INFO - Sync 1 DAGs
[2025-02-12T00:14:41.018+0000] {logging_mixin.py:190} INFO - [2025-02-12T00:14:41.017+0000] {dag.py:4180} INFO - Setting next_dagrun for dag_for_dbt_raw to 2025-02-12 00:00:00+00:00, run_after=2025-02-13 00:00:00+00:00
[2025-02-12T00:14:41.047+0000] {processor.py:208} INFO - Processing /opt/airflow/dags/dbt_raw_dag.py took 0.411 seconds
[2025-02-12T00:15:11.350+0000] {processor.py:186} INFO - Started process (PID=726) to work on /opt/airflow/dags/dbt_raw_dag.py
[2025-02-12T00:15:11.352+0000] {processor.py:914} INFO - Processing file /opt/airflow/dags/dbt_raw_dag.py for tasks to queue
[2025-02-12T00:15:11.354+0000] {logging_mixin.py:190} INFO - [2025-02-12T00:15:11.354+0000] {dagbag.py:588} INFO - Filling up the DagBag from /opt/airflow/dags/dbt_raw_dag.py
[2025-02-12T00:15:11.548+0000] {processor.py:925} INFO - DAG(s) 'dag_for_dbt_raw' retrieved from /opt/airflow/dags/dbt_raw_dag.py
[2025-02-12T00:15:11.577+0000] {logging_mixin.py:190} INFO - [2025-02-12T00:15:11.577+0000] {dag.py:3239} INFO - Sync 1 DAGs
[2025-02-12T00:15:11.600+0000] {logging_mixin.py:190} INFO - [2025-02-12T00:15:11.600+0000] {dag.py:4180} INFO - Setting next_dagrun for dag_for_dbt_raw to 2025-02-12 00:00:00+00:00, run_after=2025-02-13 00:00:00+00:00
[2025-02-12T00:15:11.627+0000] {processor.py:208} INFO - Processing /opt/airflow/dags/dbt_raw_dag.py took 0.283 seconds
[2025-02-12T00:15:41.876+0000] {processor.py:186} INFO - Started process (PID=739) to work on /opt/airflow/dags/dbt_raw_dag.py
[2025-02-12T00:15:41.877+0000] {processor.py:914} INFO - Processing file /opt/airflow/dags/dbt_raw_dag.py for tasks to queue
[2025-02-12T00:15:41.880+0000] {logging_mixin.py:190} INFO - [2025-02-12T00:15:41.879+0000] {dagbag.py:588} INFO - Filling up the DagBag from /opt/airflow/dags/dbt_raw_dag.py
[2025-02-12T00:15:42.090+0000] {processor.py:925} INFO - DAG(s) 'dag_for_dbt_raw' retrieved from /opt/airflow/dags/dbt_raw_dag.py
[2025-02-12T00:15:42.121+0000] {logging_mixin.py:190} INFO - [2025-02-12T00:15:42.120+0000] {dag.py:3239} INFO - Sync 1 DAGs
[2025-02-12T00:15:42.143+0000] {logging_mixin.py:190} INFO - [2025-02-12T00:15:42.143+0000] {dag.py:4180} INFO - Setting next_dagrun for dag_for_dbt_raw to 2025-02-12 00:00:00+00:00, run_after=2025-02-13 00:00:00+00:00
[2025-02-12T00:15:42.167+0000] {processor.py:208} INFO - Processing /opt/airflow/dags/dbt_raw_dag.py took 0.296 seconds
[2025-02-12T00:16:12.380+0000] {processor.py:186} INFO - Started process (PID=751) to work on /opt/airflow/dags/dbt_raw_dag.py
[2025-02-12T00:16:12.381+0000] {processor.py:914} INFO - Processing file /opt/airflow/dags/dbt_raw_dag.py for tasks to queue
[2025-02-12T00:16:12.383+0000] {logging_mixin.py:190} INFO - [2025-02-12T00:16:12.382+0000] {dagbag.py:588} INFO - Filling up the DagBag from /opt/airflow/dags/dbt_raw_dag.py
[2025-02-12T00:16:12.578+0000] {processor.py:925} INFO - DAG(s) 'dag_for_dbt_raw' retrieved from /opt/airflow/dags/dbt_raw_dag.py
[2025-02-12T00:16:12.607+0000] {logging_mixin.py:190} INFO - [2025-02-12T00:16:12.607+0000] {dag.py:3239} INFO - Sync 1 DAGs
[2025-02-12T00:16:12.637+0000] {logging_mixin.py:190} INFO - [2025-02-12T00:16:12.636+0000] {dag.py:4180} INFO - Setting next_dagrun for dag_for_dbt_raw to 2025-02-12 00:00:00+00:00, run_after=2025-02-13 00:00:00+00:00
[2025-02-12T00:16:12.666+0000] {processor.py:208} INFO - Processing /opt/airflow/dags/dbt_raw_dag.py took 0.293 seconds
[2025-02-12T00:16:42.761+0000] {processor.py:186} INFO - Started process (PID=763) to work on /opt/airflow/dags/dbt_raw_dag.py
[2025-02-12T00:16:42.762+0000] {processor.py:914} INFO - Processing file /opt/airflow/dags/dbt_raw_dag.py for tasks to queue
[2025-02-12T00:16:42.764+0000] {logging_mixin.py:190} INFO - [2025-02-12T00:16:42.763+0000] {dagbag.py:588} INFO - Filling up the DagBag from /opt/airflow/dags/dbt_raw_dag.py
[2025-02-12T00:16:42.957+0000] {processor.py:925} INFO - DAG(s) 'dag_for_dbt_raw' retrieved from /opt/airflow/dags/dbt_raw_dag.py
[2025-02-12T00:16:42.986+0000] {logging_mixin.py:190} INFO - [2025-02-12T00:16:42.985+0000] {dag.py:3239} INFO - Sync 1 DAGs
[2025-02-12T00:16:43.022+0000] {logging_mixin.py:190} INFO - [2025-02-12T00:16:43.021+0000] {dag.py:4180} INFO - Setting next_dagrun for dag_for_dbt_raw to 2025-02-12 00:00:00+00:00, run_after=2025-02-13 00:00:00+00:00
[2025-02-12T00:16:43.051+0000] {processor.py:208} INFO - Processing /opt/airflow/dags/dbt_raw_dag.py took 0.297 seconds
[2025-02-12T00:17:13.178+0000] {processor.py:186} INFO - Started process (PID=774) to work on /opt/airflow/dags/dbt_raw_dag.py
[2025-02-12T00:17:13.183+0000] {processor.py:914} INFO - Processing file /opt/airflow/dags/dbt_raw_dag.py for tasks to queue
[2025-02-12T00:17:13.185+0000] {logging_mixin.py:190} INFO - [2025-02-12T00:17:13.184+0000] {dagbag.py:588} INFO - Filling up the DagBag from /opt/airflow/dags/dbt_raw_dag.py
[2025-02-12T00:17:13.393+0000] {processor.py:925} INFO - DAG(s) 'dag_for_dbt_raw' retrieved from /opt/airflow/dags/dbt_raw_dag.py
[2025-02-12T00:17:13.422+0000] {logging_mixin.py:190} INFO - [2025-02-12T00:17:13.421+0000] {dag.py:3239} INFO - Sync 1 DAGs
[2025-02-12T00:17:13.450+0000] {logging_mixin.py:190} INFO - [2025-02-12T00:17:13.449+0000] {dag.py:4180} INFO - Setting next_dagrun for dag_for_dbt_raw to 2025-02-12 00:00:00+00:00, run_after=2025-02-13 00:00:00+00:00
[2025-02-12T00:17:13.481+0000] {processor.py:208} INFO - Processing /opt/airflow/dags/dbt_raw_dag.py took 0.309 seconds
[2025-02-12T00:17:43.886+0000] {processor.py:186} INFO - Started process (PID=786) to work on /opt/airflow/dags/dbt_raw_dag.py
[2025-02-12T00:17:43.887+0000] {processor.py:914} INFO - Processing file /opt/airflow/dags/dbt_raw_dag.py for tasks to queue
[2025-02-12T00:17:43.889+0000] {logging_mixin.py:190} INFO - [2025-02-12T00:17:43.888+0000] {dagbag.py:588} INFO - Filling up the DagBag from /opt/airflow/dags/dbt_raw_dag.py
[2025-02-12T00:17:44.066+0000] {processor.py:925} INFO - DAG(s) 'dag_for_dbt_raw' retrieved from /opt/airflow/dags/dbt_raw_dag.py
[2025-02-12T00:17:44.097+0000] {logging_mixin.py:190} INFO - [2025-02-12T00:17:44.097+0000] {dag.py:3239} INFO - Sync 1 DAGs
[2025-02-12T00:17:44.118+0000] {logging_mixin.py:190} INFO - [2025-02-12T00:17:44.117+0000] {dag.py:4180} INFO - Setting next_dagrun for dag_for_dbt_raw to 2025-02-12 00:00:00+00:00, run_after=2025-02-13 00:00:00+00:00
[2025-02-12T00:17:44.139+0000] {processor.py:208} INFO - Processing /opt/airflow/dags/dbt_raw_dag.py took 0.260 seconds
[2025-02-12T00:18:14.688+0000] {processor.py:186} INFO - Started process (PID=798) to work on /opt/airflow/dags/dbt_raw_dag.py
[2025-02-12T00:18:14.690+0000] {processor.py:914} INFO - Processing file /opt/airflow/dags/dbt_raw_dag.py for tasks to queue
[2025-02-12T00:18:14.691+0000] {logging_mixin.py:190} INFO - [2025-02-12T00:18:14.691+0000] {dagbag.py:588} INFO - Filling up the DagBag from /opt/airflow/dags/dbt_raw_dag.py
[2025-02-12T00:18:14.842+0000] {processor.py:925} INFO - DAG(s) 'dag_for_dbt_raw' retrieved from /opt/airflow/dags/dbt_raw_dag.py
[2025-02-12T00:18:14.871+0000] {logging_mixin.py:190} INFO - [2025-02-12T00:18:14.871+0000] {dag.py:3239} INFO - Sync 1 DAGs
[2025-02-12T00:18:14.896+0000] {logging_mixin.py:190} INFO - [2025-02-12T00:18:14.896+0000] {dag.py:4180} INFO - Setting next_dagrun for dag_for_dbt_raw to 2025-02-12 00:00:00+00:00, run_after=2025-02-13 00:00:00+00:00
[2025-02-12T00:18:14.918+0000] {processor.py:208} INFO - Processing /opt/airflow/dags/dbt_raw_dag.py took 0.236 seconds
[2025-02-12T00:18:45.066+0000] {processor.py:186} INFO - Started process (PID=810) to work on /opt/airflow/dags/dbt_raw_dag.py
[2025-02-12T00:18:45.066+0000] {processor.py:914} INFO - Processing file /opt/airflow/dags/dbt_raw_dag.py for tasks to queue
[2025-02-12T00:18:45.068+0000] {logging_mixin.py:190} INFO - [2025-02-12T00:18:45.067+0000] {dagbag.py:588} INFO - Filling up the DagBag from /opt/airflow/dags/dbt_raw_dag.py
[2025-02-12T00:18:45.208+0000] {processor.py:925} INFO - DAG(s) 'dag_for_dbt_raw' retrieved from /opt/airflow/dags/dbt_raw_dag.py
[2025-02-12T00:18:45.233+0000] {logging_mixin.py:190} INFO - [2025-02-12T00:18:45.233+0000] {dag.py:3239} INFO - Sync 1 DAGs
[2025-02-12T00:18:45.256+0000] {logging_mixin.py:190} INFO - [2025-02-12T00:18:45.256+0000] {dag.py:4180} INFO - Setting next_dagrun for dag_for_dbt_raw to 2025-02-12 00:00:00+00:00, run_after=2025-02-13 00:00:00+00:00
[2025-02-12T00:18:45.278+0000] {processor.py:208} INFO - Processing /opt/airflow/dags/dbt_raw_dag.py took 0.218 seconds
[2025-02-12T00:19:16.011+0000] {processor.py:186} INFO - Started process (PID=822) to work on /opt/airflow/dags/dbt_raw_dag.py
[2025-02-12T00:19:16.021+0000] {processor.py:914} INFO - Processing file /opt/airflow/dags/dbt_raw_dag.py for tasks to queue
[2025-02-12T00:19:16.032+0000] {logging_mixin.py:190} INFO - [2025-02-12T00:19:16.028+0000] {dagbag.py:588} INFO - Filling up the DagBag from /opt/airflow/dags/dbt_raw_dag.py
[2025-02-12T00:19:16.477+0000] {processor.py:925} INFO - DAG(s) 'dag_for_dbt_raw' retrieved from /opt/airflow/dags/dbt_raw_dag.py
[2025-02-12T00:19:16.504+0000] {logging_mixin.py:190} INFO - [2025-02-12T00:19:16.504+0000] {dag.py:3239} INFO - Sync 1 DAGs
[2025-02-12T00:19:16.528+0000] {logging_mixin.py:190} INFO - [2025-02-12T00:19:16.528+0000] {dag.py:4180} INFO - Setting next_dagrun for dag_for_dbt_raw to 2025-02-12 00:00:00+00:00, run_after=2025-02-13 00:00:00+00:00
[2025-02-12T00:19:16.547+0000] {processor.py:208} INFO - Processing /opt/airflow/dags/dbt_raw_dag.py took 0.652 seconds
[2025-02-12T00:19:47.245+0000] {processor.py:186} INFO - Started process (PID=831) to work on /opt/airflow/dags/dbt_raw_dag.py
[2025-02-12T00:19:47.246+0000] {processor.py:914} INFO - Processing file /opt/airflow/dags/dbt_raw_dag.py for tasks to queue
[2025-02-12T00:19:47.247+0000] {logging_mixin.py:190} INFO - [2025-02-12T00:19:47.247+0000] {dagbag.py:588} INFO - Filling up the DagBag from /opt/airflow/dags/dbt_raw_dag.py
[2025-02-12T00:19:47.399+0000] {processor.py:925} INFO - DAG(s) 'dag_for_dbt_raw' retrieved from /opt/airflow/dags/dbt_raw_dag.py
[2025-02-12T00:19:47.425+0000] {logging_mixin.py:190} INFO - [2025-02-12T00:19:47.425+0000] {dag.py:3239} INFO - Sync 1 DAGs
[2025-02-12T00:19:47.449+0000] {logging_mixin.py:190} INFO - [2025-02-12T00:19:47.449+0000] {dag.py:4180} INFO - Setting next_dagrun for dag_for_dbt_raw to 2025-02-12 00:00:00+00:00, run_after=2025-02-13 00:00:00+00:00
[2025-02-12T00:19:47.472+0000] {processor.py:208} INFO - Processing /opt/airflow/dags/dbt_raw_dag.py took 0.233 seconds
[2025-02-12T00:20:17.846+0000] {processor.py:186} INFO - Started process (PID=843) to work on /opt/airflow/dags/dbt_raw_dag.py
[2025-02-12T00:20:17.847+0000] {processor.py:914} INFO - Processing file /opt/airflow/dags/dbt_raw_dag.py for tasks to queue
[2025-02-12T00:20:17.848+0000] {logging_mixin.py:190} INFO - [2025-02-12T00:20:17.848+0000] {dagbag.py:588} INFO - Filling up the DagBag from /opt/airflow/dags/dbt_raw_dag.py
[2025-02-12T00:20:18.027+0000] {processor.py:925} INFO - DAG(s) 'dag_for_dbt_raw' retrieved from /opt/airflow/dags/dbt_raw_dag.py
[2025-02-12T00:20:18.058+0000] {logging_mixin.py:190} INFO - [2025-02-12T00:20:18.057+0000] {dag.py:3239} INFO - Sync 1 DAGs
[2025-02-12T00:20:18.088+0000] {logging_mixin.py:190} INFO - [2025-02-12T00:20:18.088+0000] {dag.py:4180} INFO - Setting next_dagrun for dag_for_dbt_raw to 2025-02-12 00:00:00+00:00, run_after=2025-02-13 00:00:00+00:00
[2025-02-12T00:20:18.114+0000] {processor.py:208} INFO - Processing /opt/airflow/dags/dbt_raw_dag.py took 0.274 seconds
[2025-02-12T00:20:48.217+0000] {processor.py:186} INFO - Started process (PID=856) to work on /opt/airflow/dags/dbt_raw_dag.py
[2025-02-12T00:20:48.218+0000] {processor.py:914} INFO - Processing file /opt/airflow/dags/dbt_raw_dag.py for tasks to queue
[2025-02-12T00:20:48.220+0000] {logging_mixin.py:190} INFO - [2025-02-12T00:20:48.219+0000] {dagbag.py:588} INFO - Filling up the DagBag from /opt/airflow/dags/dbt_raw_dag.py
[2025-02-12T00:20:48.417+0000] {processor.py:925} INFO - DAG(s) 'dag_for_dbt_raw' retrieved from /opt/airflow/dags/dbt_raw_dag.py
[2025-02-12T00:20:48.445+0000] {logging_mixin.py:190} INFO - [2025-02-12T00:20:48.445+0000] {dag.py:3239} INFO - Sync 1 DAGs
[2025-02-12T00:20:48.473+0000] {logging_mixin.py:190} INFO - [2025-02-12T00:20:48.472+0000] {dag.py:4180} INFO - Setting next_dagrun for dag_for_dbt_raw to 2025-02-12 00:00:00+00:00, run_after=2025-02-13 00:00:00+00:00
[2025-02-12T00:20:48.496+0000] {processor.py:208} INFO - Processing /opt/airflow/dags/dbt_raw_dag.py took 0.286 seconds
[2025-02-12T00:21:19.230+0000] {processor.py:186} INFO - Started process (PID=868) to work on /opt/airflow/dags/dbt_raw_dag.py
[2025-02-12T00:21:19.231+0000] {processor.py:914} INFO - Processing file /opt/airflow/dags/dbt_raw_dag.py for tasks to queue
[2025-02-12T00:21:19.232+0000] {logging_mixin.py:190} INFO - [2025-02-12T00:21:19.232+0000] {dagbag.py:588} INFO - Filling up the DagBag from /opt/airflow/dags/dbt_raw_dag.py
[2025-02-12T00:21:19.444+0000] {processor.py:925} INFO - DAG(s) 'dag_for_dbt_raw' retrieved from /opt/airflow/dags/dbt_raw_dag.py
[2025-02-12T00:21:19.480+0000] {logging_mixin.py:190} INFO - [2025-02-12T00:21:19.479+0000] {dag.py:3239} INFO - Sync 1 DAGs
[2025-02-12T00:21:19.512+0000] {logging_mixin.py:190} INFO - [2025-02-12T00:21:19.511+0000] {dag.py:4180} INFO - Setting next_dagrun for dag_for_dbt_raw to 2025-02-12 00:00:00+00:00, run_after=2025-02-13 00:00:00+00:00
[2025-02-12T00:21:19.535+0000] {processor.py:208} INFO - Processing /opt/airflow/dags/dbt_raw_dag.py took 0.312 seconds
[2025-02-12T00:21:50.073+0000] {processor.py:186} INFO - Started process (PID=880) to work on /opt/airflow/dags/dbt_raw_dag.py
[2025-02-12T00:21:50.075+0000] {processor.py:914} INFO - Processing file /opt/airflow/dags/dbt_raw_dag.py for tasks to queue
[2025-02-12T00:21:50.076+0000] {logging_mixin.py:190} INFO - [2025-02-12T00:21:50.076+0000] {dagbag.py:588} INFO - Filling up the DagBag from /opt/airflow/dags/dbt_raw_dag.py
[2025-02-12T00:21:50.263+0000] {processor.py:925} INFO - DAG(s) 'dag_for_dbt_raw' retrieved from /opt/airflow/dags/dbt_raw_dag.py
[2025-02-12T00:21:50.297+0000] {logging_mixin.py:190} INFO - [2025-02-12T00:21:50.297+0000] {dag.py:3239} INFO - Sync 1 DAGs
[2025-02-12T00:21:50.327+0000] {logging_mixin.py:190} INFO - [2025-02-12T00:21:50.327+0000] {dag.py:4180} INFO - Setting next_dagrun for dag_for_dbt_raw to 2025-02-12 00:00:00+00:00, run_after=2025-02-13 00:00:00+00:00
[2025-02-12T00:21:50.350+0000] {processor.py:208} INFO - Processing /opt/airflow/dags/dbt_raw_dag.py took 0.283 seconds
[2025-02-12T00:22:20.512+0000] {processor.py:186} INFO - Started process (PID=892) to work on /opt/airflow/dags/dbt_raw_dag.py
[2025-02-12T00:22:20.513+0000] {processor.py:914} INFO - Processing file /opt/airflow/dags/dbt_raw_dag.py for tasks to queue
[2025-02-12T00:22:20.514+0000] {logging_mixin.py:190} INFO - [2025-02-12T00:22:20.514+0000] {dagbag.py:588} INFO - Filling up the DagBag from /opt/airflow/dags/dbt_raw_dag.py
[2025-02-12T00:22:20.683+0000] {processor.py:925} INFO - DAG(s) 'dag_for_dbt_raw' retrieved from /opt/airflow/dags/dbt_raw_dag.py
[2025-02-12T00:22:20.716+0000] {logging_mixin.py:190} INFO - [2025-02-12T00:22:20.715+0000] {dag.py:3239} INFO - Sync 1 DAGs
[2025-02-12T00:22:20.741+0000] {logging_mixin.py:190} INFO - [2025-02-12T00:22:20.741+0000] {dag.py:4180} INFO - Setting next_dagrun for dag_for_dbt_raw to 2025-02-12 00:00:00+00:00, run_after=2025-02-13 00:00:00+00:00
[2025-02-12T00:22:20.769+0000] {processor.py:208} INFO - Processing /opt/airflow/dags/dbt_raw_dag.py took 0.264 seconds
[2025-02-12T00:22:51.551+0000] {processor.py:186} INFO - Started process (PID=904) to work on /opt/airflow/dags/dbt_raw_dag.py
[2025-02-12T00:22:51.552+0000] {processor.py:914} INFO - Processing file /opt/airflow/dags/dbt_raw_dag.py for tasks to queue
[2025-02-12T00:22:51.554+0000] {logging_mixin.py:190} INFO - [2025-02-12T00:22:51.553+0000] {dagbag.py:588} INFO - Filling up the DagBag from /opt/airflow/dags/dbt_raw_dag.py
[2025-02-12T00:22:51.772+0000] {processor.py:925} INFO - DAG(s) 'dag_for_dbt_raw' retrieved from /opt/airflow/dags/dbt_raw_dag.py
[2025-02-12T00:22:51.801+0000] {logging_mixin.py:190} INFO - [2025-02-12T00:22:51.800+0000] {dag.py:3239} INFO - Sync 1 DAGs
[2025-02-12T00:22:51.827+0000] {logging_mixin.py:190} INFO - [2025-02-12T00:22:51.827+0000] {dag.py:4180} INFO - Setting next_dagrun for dag_for_dbt_raw to 2025-02-12 00:00:00+00:00, run_after=2025-02-13 00:00:00+00:00
[2025-02-12T00:22:51.848+0000] {processor.py:208} INFO - Processing /opt/airflow/dags/dbt_raw_dag.py took 0.303 seconds
[2025-02-12T00:23:22.587+0000] {processor.py:186} INFO - Started process (PID=916) to work on /opt/airflow/dags/dbt_raw_dag.py
[2025-02-12T00:23:22.589+0000] {processor.py:914} INFO - Processing file /opt/airflow/dags/dbt_raw_dag.py for tasks to queue
[2025-02-12T00:23:22.591+0000] {logging_mixin.py:190} INFO - [2025-02-12T00:23:22.590+0000] {dagbag.py:588} INFO - Filling up the DagBag from /opt/airflow/dags/dbt_raw_dag.py
[2025-02-12T00:23:22.809+0000] {processor.py:925} INFO - DAG(s) 'dag_for_dbt_raw' retrieved from /opt/airflow/dags/dbt_raw_dag.py
[2025-02-12T00:23:22.842+0000] {logging_mixin.py:190} INFO - [2025-02-12T00:23:22.841+0000] {dag.py:3239} INFO - Sync 1 DAGs
[2025-02-12T00:23:22.866+0000] {logging_mixin.py:190} INFO - [2025-02-12T00:23:22.865+0000] {dag.py:4180} INFO - Setting next_dagrun for dag_for_dbt_raw to 2025-02-12 00:00:00+00:00, run_after=2025-02-13 00:00:00+00:00
[2025-02-12T00:23:22.888+0000] {processor.py:208} INFO - Processing /opt/airflow/dags/dbt_raw_dag.py took 0.310 seconds
[2025-02-12T00:23:53.064+0000] {processor.py:186} INFO - Started process (PID=928) to work on /opt/airflow/dags/dbt_raw_dag.py
[2025-02-12T00:23:53.065+0000] {processor.py:914} INFO - Processing file /opt/airflow/dags/dbt_raw_dag.py for tasks to queue
[2025-02-12T00:23:53.067+0000] {logging_mixin.py:190} INFO - [2025-02-12T00:23:53.066+0000] {dagbag.py:588} INFO - Filling up the DagBag from /opt/airflow/dags/dbt_raw_dag.py
[2025-02-12T00:23:53.237+0000] {processor.py:925} INFO - DAG(s) 'dag_for_dbt_raw' retrieved from /opt/airflow/dags/dbt_raw_dag.py
[2025-02-12T00:23:53.280+0000] {logging_mixin.py:190} INFO - [2025-02-12T00:23:53.280+0000] {dag.py:3239} INFO - Sync 1 DAGs
[2025-02-12T00:23:53.308+0000] {logging_mixin.py:190} INFO - [2025-02-12T00:23:53.308+0000] {dag.py:4180} INFO - Setting next_dagrun for dag_for_dbt_raw to 2025-02-12 00:00:00+00:00, run_after=2025-02-13 00:00:00+00:00
[2025-02-12T00:23:53.332+0000] {processor.py:208} INFO - Processing /opt/airflow/dags/dbt_raw_dag.py took 0.273 seconds
[2025-02-12T00:24:23.632+0000] {processor.py:186} INFO - Started process (PID=940) to work on /opt/airflow/dags/dbt_raw_dag.py
[2025-02-12T00:24:23.641+0000] {processor.py:914} INFO - Processing file /opt/airflow/dags/dbt_raw_dag.py for tasks to queue
[2025-02-12T00:24:23.650+0000] {logging_mixin.py:190} INFO - [2025-02-12T00:24:23.649+0000] {dagbag.py:588} INFO - Filling up the DagBag from /opt/airflow/dags/dbt_raw_dag.py
[2025-02-12T00:24:24.181+0000] {processor.py:925} INFO - DAG(s) 'dag_for_dbt_raw' retrieved from /opt/airflow/dags/dbt_raw_dag.py
[2025-02-12T00:24:24.261+0000] {logging_mixin.py:190} INFO - [2025-02-12T00:24:24.260+0000] {dag.py:3239} INFO - Sync 1 DAGs
[2025-02-12T00:24:24.339+0000] {logging_mixin.py:190} INFO - [2025-02-12T00:24:24.339+0000] {dag.py:4180} INFO - Setting next_dagrun for dag_for_dbt_raw to 2025-02-12 00:00:00+00:00, run_after=2025-02-13 00:00:00+00:00
[2025-02-12T00:24:24.380+0000] {processor.py:208} INFO - Processing /opt/airflow/dags/dbt_raw_dag.py took 0.768 seconds
[2025-02-12T00:24:54.489+0000] {processor.py:186} INFO - Started process (PID=952) to work on /opt/airflow/dags/dbt_raw_dag.py
[2025-02-12T00:24:54.490+0000] {processor.py:914} INFO - Processing file /opt/airflow/dags/dbt_raw_dag.py for tasks to queue
[2025-02-12T00:24:54.492+0000] {logging_mixin.py:190} INFO - [2025-02-12T00:24:54.491+0000] {dagbag.py:588} INFO - Filling up the DagBag from /opt/airflow/dags/dbt_raw_dag.py
[2025-02-12T00:24:54.697+0000] {processor.py:925} INFO - DAG(s) 'dag_for_dbt_raw' retrieved from /opt/airflow/dags/dbt_raw_dag.py
[2025-02-12T00:24:54.728+0000] {logging_mixin.py:190} INFO - [2025-02-12T00:24:54.728+0000] {dag.py:3239} INFO - Sync 1 DAGs
[2025-02-12T00:24:54.756+0000] {logging_mixin.py:190} INFO - [2025-02-12T00:24:54.756+0000] {dag.py:4180} INFO - Setting next_dagrun for dag_for_dbt_raw to 2025-02-12 00:00:00+00:00, run_after=2025-02-13 00:00:00+00:00
[2025-02-12T00:24:54.781+0000] {processor.py:208} INFO - Processing /opt/airflow/dags/dbt_raw_dag.py took 0.300 seconds
[2025-02-12T00:25:24.870+0000] {processor.py:186} INFO - Started process (PID=964) to work on /opt/airflow/dags/dbt_raw_dag.py
[2025-02-12T00:25:24.872+0000] {processor.py:914} INFO - Processing file /opt/airflow/dags/dbt_raw_dag.py for tasks to queue
[2025-02-12T00:25:24.874+0000] {logging_mixin.py:190} INFO - [2025-02-12T00:25:24.874+0000] {dagbag.py:588} INFO - Filling up the DagBag from /opt/airflow/dags/dbt_raw_dag.py
[2025-02-12T00:25:25.081+0000] {processor.py:925} INFO - DAG(s) 'dag_for_dbt_raw' retrieved from /opt/airflow/dags/dbt_raw_dag.py
[2025-02-12T00:25:25.110+0000] {logging_mixin.py:190} INFO - [2025-02-12T00:25:25.110+0000] {dag.py:3239} INFO - Sync 1 DAGs
[2025-02-12T00:25:25.135+0000] {logging_mixin.py:190} INFO - [2025-02-12T00:25:25.134+0000] {dag.py:4180} INFO - Setting next_dagrun for dag_for_dbt_raw to 2025-02-12 00:00:00+00:00, run_after=2025-02-13 00:00:00+00:00
[2025-02-12T00:25:25.159+0000] {processor.py:208} INFO - Processing /opt/airflow/dags/dbt_raw_dag.py took 0.296 seconds
[2025-02-12T00:25:55.365+0000] {processor.py:186} INFO - Started process (PID=976) to work on /opt/airflow/dags/dbt_raw_dag.py
[2025-02-12T00:25:55.367+0000] {processor.py:914} INFO - Processing file /opt/airflow/dags/dbt_raw_dag.py for tasks to queue
[2025-02-12T00:25:55.368+0000] {logging_mixin.py:190} INFO - [2025-02-12T00:25:55.368+0000] {dagbag.py:588} INFO - Filling up the DagBag from /opt/airflow/dags/dbt_raw_dag.py
[2025-02-12T00:25:55.688+0000] {processor.py:925} INFO - DAG(s) 'dag_for_dbt_raw' retrieved from /opt/airflow/dags/dbt_raw_dag.py
[2025-02-12T00:25:55.871+0000] {logging_mixin.py:190} INFO - [2025-02-12T00:25:55.870+0000] {dag.py:3239} INFO - Sync 1 DAGs
[2025-02-12T00:25:56.074+0000] {logging_mixin.py:190} INFO - [2025-02-12T00:25:56.073+0000] {dag.py:4180} INFO - Setting next_dagrun for dag_for_dbt_raw to 2025-02-12 00:00:00+00:00, run_after=2025-02-13 00:00:00+00:00
[2025-02-12T00:25:56.167+0000] {processor.py:208} INFO - Processing /opt/airflow/dags/dbt_raw_dag.py took 0.809 seconds
[2025-02-12T00:26:26.365+0000] {processor.py:186} INFO - Started process (PID=988) to work on /opt/airflow/dags/dbt_raw_dag.py
[2025-02-12T00:26:26.366+0000] {processor.py:914} INFO - Processing file /opt/airflow/dags/dbt_raw_dag.py for tasks to queue
[2025-02-12T00:26:26.367+0000] {logging_mixin.py:190} INFO - [2025-02-12T00:26:26.367+0000] {dagbag.py:588} INFO - Filling up the DagBag from /opt/airflow/dags/dbt_raw_dag.py
[2025-02-12T00:26:26.570+0000] {processor.py:925} INFO - DAG(s) 'dag_for_dbt_raw' retrieved from /opt/airflow/dags/dbt_raw_dag.py
[2025-02-12T00:26:26.601+0000] {logging_mixin.py:190} INFO - [2025-02-12T00:26:26.601+0000] {dag.py:3239} INFO - Sync 1 DAGs
[2025-02-12T00:26:26.630+0000] {logging_mixin.py:190} INFO - [2025-02-12T00:26:26.630+0000] {dag.py:4180} INFO - Setting next_dagrun for dag_for_dbt_raw to 2025-02-12 00:00:00+00:00, run_after=2025-02-13 00:00:00+00:00
[2025-02-12T00:26:26.658+0000] {processor.py:208} INFO - Processing /opt/airflow/dags/dbt_raw_dag.py took 0.299 seconds
[2025-02-12T00:26:57.401+0000] {processor.py:186} INFO - Started process (PID=1000) to work on /opt/airflow/dags/dbt_raw_dag.py
[2025-02-12T00:26:57.403+0000] {processor.py:914} INFO - Processing file /opt/airflow/dags/dbt_raw_dag.py for tasks to queue
[2025-02-12T00:26:57.404+0000] {logging_mixin.py:190} INFO - [2025-02-12T00:26:57.404+0000] {dagbag.py:588} INFO - Filling up the DagBag from /opt/airflow/dags/dbt_raw_dag.py
[2025-02-12T00:26:57.600+0000] {processor.py:925} INFO - DAG(s) 'dag_for_dbt_raw' retrieved from /opt/airflow/dags/dbt_raw_dag.py
[2025-02-12T00:26:57.628+0000] {logging_mixin.py:190} INFO - [2025-02-12T00:26:57.628+0000] {dag.py:3239} INFO - Sync 1 DAGs
[2025-02-12T00:26:57.657+0000] {logging_mixin.py:190} INFO - [2025-02-12T00:26:57.657+0000] {dag.py:4180} INFO - Setting next_dagrun for dag_for_dbt_raw to 2025-02-12 00:00:00+00:00, run_after=2025-02-13 00:00:00+00:00
[2025-02-12T00:26:57.679+0000] {processor.py:208} INFO - Processing /opt/airflow/dags/dbt_raw_dag.py took 0.283 seconds
[2025-02-12T00:27:28.482+0000] {processor.py:186} INFO - Started process (PID=1012) to work on /opt/airflow/dags/dbt_raw_dag.py
[2025-02-12T00:27:28.483+0000] {processor.py:914} INFO - Processing file /opt/airflow/dags/dbt_raw_dag.py for tasks to queue
[2025-02-12T00:27:28.486+0000] {logging_mixin.py:190} INFO - [2025-02-12T00:27:28.484+0000] {dagbag.py:588} INFO - Filling up the DagBag from /opt/airflow/dags/dbt_raw_dag.py
[2025-02-12T00:27:28.670+0000] {processor.py:925} INFO - DAG(s) 'dag_for_dbt_raw' retrieved from /opt/airflow/dags/dbt_raw_dag.py
[2025-02-12T00:27:28.702+0000] {logging_mixin.py:190} INFO - [2025-02-12T00:27:28.702+0000] {dag.py:3239} INFO - Sync 1 DAGs
[2025-02-12T00:27:28.726+0000] {logging_mixin.py:190} INFO - [2025-02-12T00:27:28.726+0000] {dag.py:4180} INFO - Setting next_dagrun for dag_for_dbt_raw to 2025-02-12 00:00:00+00:00, run_after=2025-02-13 00:00:00+00:00
[2025-02-12T00:27:28.751+0000] {processor.py:208} INFO - Processing /opt/airflow/dags/dbt_raw_dag.py took 0.276 seconds
[2025-02-12T00:27:59.476+0000] {processor.py:186} INFO - Started process (PID=1025) to work on /opt/airflow/dags/dbt_raw_dag.py
[2025-02-12T00:27:59.478+0000] {processor.py:914} INFO - Processing file /opt/airflow/dags/dbt_raw_dag.py for tasks to queue
[2025-02-12T00:27:59.479+0000] {logging_mixin.py:190} INFO - [2025-02-12T00:27:59.479+0000] {dagbag.py:588} INFO - Filling up the DagBag from /opt/airflow/dags/dbt_raw_dag.py
[2025-02-12T00:27:59.677+0000] {processor.py:925} INFO - DAG(s) 'dag_for_dbt_raw' retrieved from /opt/airflow/dags/dbt_raw_dag.py
[2025-02-12T00:27:59.718+0000] {logging_mixin.py:190} INFO - [2025-02-12T00:27:59.717+0000] {dag.py:3239} INFO - Sync 1 DAGs
[2025-02-12T00:27:59.759+0000] {logging_mixin.py:190} INFO - [2025-02-12T00:27:59.758+0000] {dag.py:4180} INFO - Setting next_dagrun for dag_for_dbt_raw to 2025-02-12 00:00:00+00:00, run_after=2025-02-13 00:00:00+00:00
[2025-02-12T00:27:59.794+0000] {processor.py:208} INFO - Processing /opt/airflow/dags/dbt_raw_dag.py took 0.324 seconds
[2025-02-12T00:28:29.899+0000] {processor.py:186} INFO - Started process (PID=1037) to work on /opt/airflow/dags/dbt_raw_dag.py
[2025-02-12T00:28:29.900+0000] {processor.py:914} INFO - Processing file /opt/airflow/dags/dbt_raw_dag.py for tasks to queue
[2025-02-12T00:28:29.901+0000] {logging_mixin.py:190} INFO - [2025-02-12T00:28:29.901+0000] {dagbag.py:588} INFO - Filling up the DagBag from /opt/airflow/dags/dbt_raw_dag.py
[2025-02-12T00:28:30.068+0000] {processor.py:925} INFO - DAG(s) 'dag_for_dbt_raw' retrieved from /opt/airflow/dags/dbt_raw_dag.py
[2025-02-12T00:28:30.100+0000] {logging_mixin.py:190} INFO - [2025-02-12T00:28:30.100+0000] {dag.py:3239} INFO - Sync 1 DAGs
[2025-02-12T00:28:30.126+0000] {logging_mixin.py:190} INFO - [2025-02-12T00:28:30.126+0000] {dag.py:4180} INFO - Setting next_dagrun for dag_for_dbt_raw to 2025-02-12 00:00:00+00:00, run_after=2025-02-13 00:00:00+00:00
[2025-02-12T00:28:30.151+0000] {processor.py:208} INFO - Processing /opt/airflow/dags/dbt_raw_dag.py took 0.260 seconds
[2025-02-12T00:29:00.803+0000] {processor.py:186} INFO - Started process (PID=1050) to work on /opt/airflow/dags/dbt_raw_dag.py
[2025-02-12T00:29:00.804+0000] {processor.py:914} INFO - Processing file /opt/airflow/dags/dbt_raw_dag.py for tasks to queue
[2025-02-12T00:29:00.806+0000] {logging_mixin.py:190} INFO - [2025-02-12T00:29:00.805+0000] {dagbag.py:588} INFO - Filling up the DagBag from /opt/airflow/dags/dbt_raw_dag.py
[2025-02-12T00:29:01.035+0000] {processor.py:925} INFO - DAG(s) 'dag_for_dbt_raw' retrieved from /opt/airflow/dags/dbt_raw_dag.py
[2025-02-12T00:29:01.073+0000] {logging_mixin.py:190} INFO - [2025-02-12T00:29:01.073+0000] {dag.py:3239} INFO - Sync 1 DAGs
[2025-02-12T00:29:01.099+0000] {logging_mixin.py:190} INFO - [2025-02-12T00:29:01.099+0000] {dag.py:4180} INFO - Setting next_dagrun for dag_for_dbt_raw to 2025-02-12 00:00:00+00:00, run_after=2025-02-13 00:00:00+00:00
[2025-02-12T00:29:01.117+0000] {processor.py:208} INFO - Processing /opt/airflow/dags/dbt_raw_dag.py took 0.321 seconds
[2025-02-12T00:29:31.838+0000] {processor.py:186} INFO - Started process (PID=1063) to work on /opt/airflow/dags/dbt_raw_dag.py
[2025-02-12T00:29:31.839+0000] {processor.py:914} INFO - Processing file /opt/airflow/dags/dbt_raw_dag.py for tasks to queue
[2025-02-12T00:29:31.841+0000] {logging_mixin.py:190} INFO - [2025-02-12T00:29:31.840+0000] {dagbag.py:588} INFO - Filling up the DagBag from /opt/airflow/dags/dbt_raw_dag.py
[2025-02-12T00:29:32.041+0000] {processor.py:925} INFO - DAG(s) 'dag_for_dbt_raw' retrieved from /opt/airflow/dags/dbt_raw_dag.py
[2025-02-12T00:29:32.070+0000] {logging_mixin.py:190} INFO - [2025-02-12T00:29:32.070+0000] {dag.py:3239} INFO - Sync 1 DAGs
[2025-02-12T00:29:32.098+0000] {logging_mixin.py:190} INFO - [2025-02-12T00:29:32.097+0000] {dag.py:4180} INFO - Setting next_dagrun for dag_for_dbt_raw to 2025-02-12 00:00:00+00:00, run_after=2025-02-13 00:00:00+00:00
[2025-02-12T00:29:32.122+0000] {processor.py:208} INFO - Processing /opt/airflow/dags/dbt_raw_dag.py took 0.291 seconds
[2025-02-12T00:30:02.564+0000] {processor.py:186} INFO - Started process (PID=1075) to work on /opt/airflow/dags/dbt_raw_dag.py
[2025-02-12T00:30:02.565+0000] {processor.py:914} INFO - Processing file /opt/airflow/dags/dbt_raw_dag.py for tasks to queue
[2025-02-12T00:30:02.567+0000] {logging_mixin.py:190} INFO - [2025-02-12T00:30:02.567+0000] {dagbag.py:588} INFO - Filling up the DagBag from /opt/airflow/dags/dbt_raw_dag.py
[2025-02-12T00:30:02.752+0000] {processor.py:925} INFO - DAG(s) 'dag_for_dbt_raw' retrieved from /opt/airflow/dags/dbt_raw_dag.py
[2025-02-12T00:30:02.784+0000] {logging_mixin.py:190} INFO - [2025-02-12T00:30:02.784+0000] {dag.py:3239} INFO - Sync 1 DAGs
[2025-02-12T00:30:02.809+0000] {logging_mixin.py:190} INFO - [2025-02-12T00:30:02.809+0000] {dag.py:4180} INFO - Setting next_dagrun for dag_for_dbt_raw to 2025-02-12 00:00:00+00:00, run_after=2025-02-13 00:00:00+00:00
[2025-02-12T00:30:02.836+0000] {processor.py:208} INFO - Processing /opt/airflow/dags/dbt_raw_dag.py took 0.277 seconds
[2025-02-12T00:30:33.136+0000] {processor.py:186} INFO - Started process (PID=1087) to work on /opt/airflow/dags/dbt_raw_dag.py
[2025-02-12T00:30:33.138+0000] {processor.py:914} INFO - Processing file /opt/airflow/dags/dbt_raw_dag.py for tasks to queue
[2025-02-12T00:30:33.141+0000] {logging_mixin.py:190} INFO - [2025-02-12T00:30:33.141+0000] {dagbag.py:588} INFO - Filling up the DagBag from /opt/airflow/dags/dbt_raw_dag.py
[2025-02-12T00:30:33.522+0000] {processor.py:925} INFO - DAG(s) 'dag_for_dbt_raw' retrieved from /opt/airflow/dags/dbt_raw_dag.py
[2025-02-12T00:30:33.660+0000] {logging_mixin.py:190} INFO - [2025-02-12T00:30:33.660+0000] {dag.py:3239} INFO - Sync 1 DAGs
[2025-02-12T00:30:33.752+0000] {logging_mixin.py:190} INFO - [2025-02-12T00:30:33.751+0000] {dag.py:4180} INFO - Setting next_dagrun for dag_for_dbt_raw to 2025-02-12 00:00:00+00:00, run_after=2025-02-13 00:00:00+00:00
[2025-02-12T00:30:33.852+0000] {processor.py:208} INFO - Processing /opt/airflow/dags/dbt_raw_dag.py took 0.723 seconds
[2025-02-12T00:31:04.019+0000] {processor.py:186} INFO - Started process (PID=1100) to work on /opt/airflow/dags/dbt_raw_dag.py
[2025-02-12T00:31:04.022+0000] {processor.py:914} INFO - Processing file /opt/airflow/dags/dbt_raw_dag.py for tasks to queue
[2025-02-12T00:31:04.024+0000] {logging_mixin.py:190} INFO - [2025-02-12T00:31:04.023+0000] {dagbag.py:588} INFO - Filling up the DagBag from /opt/airflow/dags/dbt_raw_dag.py
[2025-02-12T00:31:04.433+0000] {processor.py:925} INFO - DAG(s) 'dag_for_dbt_raw' retrieved from /opt/airflow/dags/dbt_raw_dag.py
[2025-02-12T00:31:04.480+0000] {logging_mixin.py:190} INFO - [2025-02-12T00:31:04.479+0000] {dag.py:3239} INFO - Sync 1 DAGs
[2025-02-12T00:31:04.523+0000] {logging_mixin.py:190} INFO - [2025-02-12T00:31:04.523+0000] {dag.py:4180} INFO - Setting next_dagrun for dag_for_dbt_raw to 2025-02-12 00:00:00+00:00, run_after=2025-02-13 00:00:00+00:00
[2025-02-12T00:31:04.553+0000] {processor.py:208} INFO - Processing /opt/airflow/dags/dbt_raw_dag.py took 0.542 seconds
[2025-02-12T00:31:34.778+0000] {processor.py:186} INFO - Started process (PID=1110) to work on /opt/airflow/dags/dbt_raw_dag.py
[2025-02-12T00:31:34.780+0000] {processor.py:914} INFO - Processing file /opt/airflow/dags/dbt_raw_dag.py for tasks to queue
[2025-02-12T00:31:34.782+0000] {logging_mixin.py:190} INFO - [2025-02-12T00:31:34.781+0000] {dagbag.py:588} INFO - Filling up the DagBag from /opt/airflow/dags/dbt_raw_dag.py
[2025-02-12T00:31:34.956+0000] {processor.py:925} INFO - DAG(s) 'dag_for_dbt_raw' retrieved from /opt/airflow/dags/dbt_raw_dag.py
[2025-02-12T00:31:34.988+0000] {logging_mixin.py:190} INFO - [2025-02-12T00:31:34.988+0000] {dag.py:3239} INFO - Sync 1 DAGs
[2025-02-12T00:31:35.015+0000] {logging_mixin.py:190} INFO - [2025-02-12T00:31:35.015+0000] {dag.py:4180} INFO - Setting next_dagrun for dag_for_dbt_raw to 2025-02-12 00:00:00+00:00, run_after=2025-02-13 00:00:00+00:00
[2025-02-12T00:31:35.043+0000] {processor.py:208} INFO - Processing /opt/airflow/dags/dbt_raw_dag.py took 0.273 seconds
[2025-02-12T00:32:05.147+0000] {processor.py:186} INFO - Started process (PID=1122) to work on /opt/airflow/dags/dbt_raw_dag.py
[2025-02-12T00:32:05.148+0000] {processor.py:914} INFO - Processing file /opt/airflow/dags/dbt_raw_dag.py for tasks to queue
[2025-02-12T00:32:05.150+0000] {logging_mixin.py:190} INFO - [2025-02-12T00:32:05.149+0000] {dagbag.py:588} INFO - Filling up the DagBag from /opt/airflow/dags/dbt_raw_dag.py
[2025-02-12T00:32:05.343+0000] {processor.py:925} INFO - DAG(s) 'dag_for_dbt_raw' retrieved from /opt/airflow/dags/dbt_raw_dag.py
[2025-02-12T00:32:05.375+0000] {logging_mixin.py:190} INFO - [2025-02-12T00:32:05.375+0000] {dag.py:3239} INFO - Sync 1 DAGs
[2025-02-12T00:32:05.399+0000] {logging_mixin.py:190} INFO - [2025-02-12T00:32:05.399+0000] {dag.py:4180} INFO - Setting next_dagrun for dag_for_dbt_raw to 2025-02-12 00:00:00+00:00, run_after=2025-02-13 00:00:00+00:00
[2025-02-12T00:32:05.420+0000] {processor.py:208} INFO - Processing /opt/airflow/dags/dbt_raw_dag.py took 0.279 seconds
[2025-02-12T00:32:35.786+0000] {processor.py:186} INFO - Started process (PID=1135) to work on /opt/airflow/dags/dbt_raw_dag.py
[2025-02-12T00:32:35.787+0000] {processor.py:914} INFO - Processing file /opt/airflow/dags/dbt_raw_dag.py for tasks to queue
[2025-02-12T00:32:35.789+0000] {logging_mixin.py:190} INFO - [2025-02-12T00:32:35.788+0000] {dagbag.py:588} INFO - Filling up the DagBag from /opt/airflow/dags/dbt_raw_dag.py
[2025-02-12T00:32:35.954+0000] {processor.py:925} INFO - DAG(s) 'dag_for_dbt_raw' retrieved from /opt/airflow/dags/dbt_raw_dag.py
[2025-02-12T00:32:35.982+0000] {logging_mixin.py:190} INFO - [2025-02-12T00:32:35.982+0000] {dag.py:3239} INFO - Sync 1 DAGs
[2025-02-12T00:32:36.003+0000] {logging_mixin.py:190} INFO - [2025-02-12T00:32:36.003+0000] {dag.py:4180} INFO - Setting next_dagrun for dag_for_dbt_raw to 2025-02-12 00:00:00+00:00, run_after=2025-02-13 00:00:00+00:00
[2025-02-12T00:32:36.021+0000] {processor.py:208} INFO - Processing /opt/airflow/dags/dbt_raw_dag.py took 0.240 seconds
[2025-02-12T00:33:06.857+0000] {processor.py:186} INFO - Started process (PID=1147) to work on /opt/airflow/dags/dbt_raw_dag.py
[2025-02-12T00:33:06.860+0000] {processor.py:914} INFO - Processing file /opt/airflow/dags/dbt_raw_dag.py for tasks to queue
[2025-02-12T00:33:06.862+0000] {logging_mixin.py:190} INFO - [2025-02-12T00:33:06.862+0000] {dagbag.py:588} INFO - Filling up the DagBag from /opt/airflow/dags/dbt_raw_dag.py
[2025-02-12T00:33:07.109+0000] {processor.py:925} INFO - DAG(s) 'dag_for_dbt_raw' retrieved from /opt/airflow/dags/dbt_raw_dag.py
[2025-02-12T00:33:07.176+0000] {logging_mixin.py:190} INFO - [2025-02-12T00:33:07.176+0000] {dag.py:3239} INFO - Sync 1 DAGs
[2025-02-12T00:33:07.254+0000] {logging_mixin.py:190} INFO - [2025-02-12T00:33:07.253+0000] {dag.py:4180} INFO - Setting next_dagrun for dag_for_dbt_raw to 2025-02-12 00:00:00+00:00, run_after=2025-02-13 00:00:00+00:00
[2025-02-12T00:33:07.303+0000] {processor.py:208} INFO - Processing /opt/airflow/dags/dbt_raw_dag.py took 0.459 seconds
[2025-02-12T00:33:37.404+0000] {processor.py:186} INFO - Started process (PID=1162) to work on /opt/airflow/dags/dbt_raw_dag.py
[2025-02-12T00:33:37.405+0000] {processor.py:914} INFO - Processing file /opt/airflow/dags/dbt_raw_dag.py for tasks to queue
[2025-02-12T00:33:37.407+0000] {logging_mixin.py:190} INFO - [2025-02-12T00:33:37.407+0000] {dagbag.py:588} INFO - Filling up the DagBag from /opt/airflow/dags/dbt_raw_dag.py
[2025-02-12T00:33:37.592+0000] {processor.py:925} INFO - DAG(s) 'dag_for_dbt_raw' retrieved from /opt/airflow/dags/dbt_raw_dag.py
[2025-02-12T00:33:37.621+0000] {logging_mixin.py:190} INFO - [2025-02-12T00:33:37.620+0000] {dag.py:3239} INFO - Sync 1 DAGs
[2025-02-12T00:33:37.644+0000] {logging_mixin.py:190} INFO - [2025-02-12T00:33:37.644+0000] {dag.py:4180} INFO - Setting next_dagrun for dag_for_dbt_raw to 2025-02-12 00:00:00+00:00, run_after=2025-02-13 00:00:00+00:00
[2025-02-12T00:33:37.666+0000] {processor.py:208} INFO - Processing /opt/airflow/dags/dbt_raw_dag.py took 0.270 seconds
[2025-02-12T00:34:08.106+0000] {processor.py:186} INFO - Started process (PID=1174) to work on /opt/airflow/dags/dbt_raw_dag.py
[2025-02-12T00:34:08.107+0000] {processor.py:914} INFO - Processing file /opt/airflow/dags/dbt_raw_dag.py for tasks to queue
[2025-02-12T00:34:08.109+0000] {logging_mixin.py:190} INFO - [2025-02-12T00:34:08.109+0000] {dagbag.py:588} INFO - Filling up the DagBag from /opt/airflow/dags/dbt_raw_dag.py
[2025-02-12T00:34:08.363+0000] {processor.py:925} INFO - DAG(s) 'dag_for_dbt_raw' retrieved from /opt/airflow/dags/dbt_raw_dag.py
[2025-02-12T00:34:08.435+0000] {logging_mixin.py:190} INFO - [2025-02-12T00:34:08.435+0000] {dag.py:3239} INFO - Sync 1 DAGs
[2025-02-12T00:34:08.482+0000] {logging_mixin.py:190} INFO - [2025-02-12T00:34:08.481+0000] {dag.py:4180} INFO - Setting next_dagrun for dag_for_dbt_raw to 2025-02-12 00:00:00+00:00, run_after=2025-02-13 00:00:00+00:00
[2025-02-12T00:34:08.503+0000] {processor.py:208} INFO - Processing /opt/airflow/dags/dbt_raw_dag.py took 0.407 seconds
[2025-02-12T00:34:39.295+0000] {processor.py:186} INFO - Started process (PID=1186) to work on /opt/airflow/dags/dbt_raw_dag.py
[2025-02-12T00:34:39.297+0000] {processor.py:914} INFO - Processing file /opt/airflow/dags/dbt_raw_dag.py for tasks to queue
[2025-02-12T00:34:39.299+0000] {logging_mixin.py:190} INFO - [2025-02-12T00:34:39.299+0000] {dagbag.py:588} INFO - Filling up the DagBag from /opt/airflow/dags/dbt_raw_dag.py
[2025-02-12T00:34:39.511+0000] {processor.py:925} INFO - DAG(s) 'dag_for_dbt_raw' retrieved from /opt/airflow/dags/dbt_raw_dag.py
[2025-02-12T00:34:39.543+0000] {logging_mixin.py:190} INFO - [2025-02-12T00:34:39.543+0000] {dag.py:3239} INFO - Sync 1 DAGs
[2025-02-12T00:34:39.570+0000] {logging_mixin.py:190} INFO - [2025-02-12T00:34:39.569+0000] {dag.py:4180} INFO - Setting next_dagrun for dag_for_dbt_raw to 2025-02-12 00:00:00+00:00, run_after=2025-02-13 00:00:00+00:00
[2025-02-12T00:34:39.594+0000] {processor.py:208} INFO - Processing /opt/airflow/dags/dbt_raw_dag.py took 0.305 seconds
[2025-02-12T00:35:09.974+0000] {processor.py:186} INFO - Started process (PID=1198) to work on /opt/airflow/dags/dbt_raw_dag.py
[2025-02-12T00:35:09.975+0000] {processor.py:914} INFO - Processing file /opt/airflow/dags/dbt_raw_dag.py for tasks to queue
[2025-02-12T00:35:09.978+0000] {logging_mixin.py:190} INFO - [2025-02-12T00:35:09.978+0000] {dagbag.py:588} INFO - Filling up the DagBag from /opt/airflow/dags/dbt_raw_dag.py
[2025-02-12T00:35:10.235+0000] {processor.py:925} INFO - DAG(s) 'dag_for_dbt_raw' retrieved from /opt/airflow/dags/dbt_raw_dag.py
[2025-02-12T00:35:10.265+0000] {logging_mixin.py:190} INFO - [2025-02-12T00:35:10.264+0000] {dag.py:3239} INFO - Sync 1 DAGs
[2025-02-12T00:35:10.295+0000] {logging_mixin.py:190} INFO - [2025-02-12T00:35:10.294+0000] {dag.py:4180} INFO - Setting next_dagrun for dag_for_dbt_raw to 2025-02-12 00:00:00+00:00, run_after=2025-02-13 00:00:00+00:00
[2025-02-12T00:35:10.320+0000] {processor.py:208} INFO - Processing /opt/airflow/dags/dbt_raw_dag.py took 0.354 seconds
[2025-02-12T00:35:40.741+0000] {processor.py:186} INFO - Started process (PID=1210) to work on /opt/airflow/dags/dbt_raw_dag.py
[2025-02-12T00:35:40.742+0000] {processor.py:914} INFO - Processing file /opt/airflow/dags/dbt_raw_dag.py for tasks to queue
[2025-02-12T00:35:40.744+0000] {logging_mixin.py:190} INFO - [2025-02-12T00:35:40.743+0000] {dagbag.py:588} INFO - Filling up the DagBag from /opt/airflow/dags/dbt_raw_dag.py
[2025-02-12T00:35:41.157+0000] {processor.py:925} INFO - DAG(s) 'dag_for_dbt_raw' retrieved from /opt/airflow/dags/dbt_raw_dag.py
[2025-02-12T00:35:41.213+0000] {logging_mixin.py:190} INFO - [2025-02-12T00:35:41.212+0000] {dag.py:3239} INFO - Sync 1 DAGs
[2025-02-12T00:35:41.260+0000] {logging_mixin.py:190} INFO - [2025-02-12T00:35:41.260+0000] {dag.py:4180} INFO - Setting next_dagrun for dag_for_dbt_raw to 2025-02-12 00:00:00+00:00, run_after=2025-02-13 00:00:00+00:00
[2025-02-12T00:35:41.294+0000] {processor.py:208} INFO - Processing /opt/airflow/dags/dbt_raw_dag.py took 0.565 seconds
[2025-02-12T00:36:12.059+0000] {processor.py:186} INFO - Started process (PID=1222) to work on /opt/airflow/dags/dbt_raw_dag.py
[2025-02-12T00:36:12.060+0000] {processor.py:914} INFO - Processing file /opt/airflow/dags/dbt_raw_dag.py for tasks to queue
[2025-02-12T00:36:12.062+0000] {logging_mixin.py:190} INFO - [2025-02-12T00:36:12.062+0000] {dagbag.py:588} INFO - Filling up the DagBag from /opt/airflow/dags/dbt_raw_dag.py
[2025-02-12T00:36:12.245+0000] {processor.py:925} INFO - DAG(s) 'dag_for_dbt_raw' retrieved from /opt/airflow/dags/dbt_raw_dag.py
[2025-02-12T00:36:12.300+0000] {logging_mixin.py:190} INFO - [2025-02-12T00:36:12.298+0000] {dag.py:3239} INFO - Sync 1 DAGs
[2025-02-12T00:36:12.352+0000] {logging_mixin.py:190} INFO - [2025-02-12T00:36:12.352+0000] {dag.py:4180} INFO - Setting next_dagrun for dag_for_dbt_raw to 2025-02-12 00:00:00+00:00, run_after=2025-02-13 00:00:00+00:00
[2025-02-12T00:36:12.379+0000] {processor.py:208} INFO - Processing /opt/airflow/dags/dbt_raw_dag.py took 0.327 seconds
[2025-02-12T00:36:42.499+0000] {processor.py:186} INFO - Started process (PID=1234) to work on /opt/airflow/dags/dbt_raw_dag.py
[2025-02-12T00:36:42.500+0000] {processor.py:914} INFO - Processing file /opt/airflow/dags/dbt_raw_dag.py for tasks to queue
[2025-02-12T00:36:42.502+0000] {logging_mixin.py:190} INFO - [2025-02-12T00:36:42.502+0000] {dagbag.py:588} INFO - Filling up the DagBag from /opt/airflow/dags/dbt_raw_dag.py
[2025-02-12T00:36:42.732+0000] {processor.py:925} INFO - DAG(s) 'dag_for_dbt_raw' retrieved from /opt/airflow/dags/dbt_raw_dag.py
[2025-02-12T00:36:42.757+0000] {logging_mixin.py:190} INFO - [2025-02-12T00:36:42.757+0000] {dag.py:3239} INFO - Sync 1 DAGs
[2025-02-12T00:36:42.779+0000] {logging_mixin.py:190} INFO - [2025-02-12T00:36:42.779+0000] {dag.py:4180} INFO - Setting next_dagrun for dag_for_dbt_raw to 2025-02-12 00:00:00+00:00, run_after=2025-02-13 00:00:00+00:00
[2025-02-12T00:36:42.800+0000] {processor.py:208} INFO - Processing /opt/airflow/dags/dbt_raw_dag.py took 0.307 seconds
[2025-02-12T00:37:13.000+0000] {processor.py:186} INFO - Started process (PID=1246) to work on /opt/airflow/dags/dbt_raw_dag.py
[2025-02-12T00:37:13.002+0000] {processor.py:914} INFO - Processing file /opt/airflow/dags/dbt_raw_dag.py for tasks to queue
[2025-02-12T00:37:13.004+0000] {logging_mixin.py:190} INFO - [2025-02-12T00:37:13.003+0000] {dagbag.py:588} INFO - Filling up the DagBag from /opt/airflow/dags/dbt_raw_dag.py
[2025-02-12T00:37:13.250+0000] {processor.py:925} INFO - DAG(s) 'dag_for_dbt_raw' retrieved from /opt/airflow/dags/dbt_raw_dag.py
[2025-02-12T00:37:13.285+0000] {logging_mixin.py:190} INFO - [2025-02-12T00:37:13.285+0000] {dag.py:3239} INFO - Sync 1 DAGs
[2025-02-12T00:37:13.323+0000] {logging_mixin.py:190} INFO - [2025-02-12T00:37:13.323+0000] {dag.py:4180} INFO - Setting next_dagrun for dag_for_dbt_raw to 2025-02-12 00:00:00+00:00, run_after=2025-02-13 00:00:00+00:00
[2025-02-12T00:37:13.352+0000] {processor.py:208} INFO - Processing /opt/airflow/dags/dbt_raw_dag.py took 0.358 seconds
[2025-02-12T00:37:43.811+0000] {processor.py:186} INFO - Started process (PID=1265) to work on /opt/airflow/dags/dbt_raw_dag.py
[2025-02-12T00:37:43.812+0000] {processor.py:914} INFO - Processing file /opt/airflow/dags/dbt_raw_dag.py for tasks to queue
[2025-02-12T00:37:43.813+0000] {logging_mixin.py:190} INFO - [2025-02-12T00:37:43.813+0000] {dagbag.py:588} INFO - Filling up the DagBag from /opt/airflow/dags/dbt_raw_dag.py
[2025-02-12T00:37:44.012+0000] {processor.py:925} INFO - DAG(s) 'dag_for_dbt_raw' retrieved from /opt/airflow/dags/dbt_raw_dag.py
[2025-02-12T00:37:44.042+0000] {logging_mixin.py:190} INFO - [2025-02-12T00:37:44.042+0000] {dag.py:3239} INFO - Sync 1 DAGs
[2025-02-12T00:37:44.075+0000] {logging_mixin.py:190} INFO - [2025-02-12T00:37:44.075+0000] {dag.py:4180} INFO - Setting next_dagrun for dag_for_dbt_raw to 2025-02-12 00:00:00+00:00, run_after=2025-02-13 00:00:00+00:00
[2025-02-12T00:37:44.100+0000] {processor.py:208} INFO - Processing /opt/airflow/dags/dbt_raw_dag.py took 0.295 seconds
[2025-02-12T00:38:14.414+0000] {processor.py:186} INFO - Started process (PID=1277) to work on /opt/airflow/dags/dbt_raw_dag.py
[2025-02-12T00:38:14.415+0000] {processor.py:914} INFO - Processing file /opt/airflow/dags/dbt_raw_dag.py for tasks to queue
[2025-02-12T00:38:14.417+0000] {logging_mixin.py:190} INFO - [2025-02-12T00:38:14.417+0000] {dagbag.py:588} INFO - Filling up the DagBag from /opt/airflow/dags/dbt_raw_dag.py
[2025-02-12T00:38:14.609+0000] {processor.py:925} INFO - DAG(s) 'dag_for_dbt_raw' retrieved from /opt/airflow/dags/dbt_raw_dag.py
[2025-02-12T00:38:14.645+0000] {logging_mixin.py:190} INFO - [2025-02-12T00:38:14.645+0000] {dag.py:3239} INFO - Sync 1 DAGs
[2025-02-12T00:38:14.673+0000] {logging_mixin.py:190} INFO - [2025-02-12T00:38:14.673+0000] {dag.py:4180} INFO - Setting next_dagrun for dag_for_dbt_raw to 2025-02-12 00:00:00+00:00, run_after=2025-02-13 00:00:00+00:00
[2025-02-12T00:38:14.694+0000] {processor.py:208} INFO - Processing /opt/airflow/dags/dbt_raw_dag.py took 0.286 seconds
[2025-02-12T00:38:44.950+0000] {processor.py:186} INFO - Started process (PID=1289) to work on /opt/airflow/dags/dbt_raw_dag.py
[2025-02-12T00:38:44.951+0000] {processor.py:914} INFO - Processing file /opt/airflow/dags/dbt_raw_dag.py for tasks to queue
[2025-02-12T00:38:44.953+0000] {logging_mixin.py:190} INFO - [2025-02-12T00:38:44.952+0000] {dagbag.py:588} INFO - Filling up the DagBag from /opt/airflow/dags/dbt_raw_dag.py
[2025-02-12T00:38:45.204+0000] {processor.py:925} INFO - DAG(s) 'dag_for_dbt_raw' retrieved from /opt/airflow/dags/dbt_raw_dag.py
[2025-02-12T00:38:45.235+0000] {logging_mixin.py:190} INFO - [2025-02-12T00:38:45.235+0000] {dag.py:3239} INFO - Sync 1 DAGs
[2025-02-12T00:38:45.260+0000] {logging_mixin.py:190} INFO - [2025-02-12T00:38:45.259+0000] {dag.py:4180} INFO - Setting next_dagrun for dag_for_dbt_raw to 2025-02-12 00:00:00+00:00, run_after=2025-02-13 00:00:00+00:00
[2025-02-12T00:38:45.281+0000] {processor.py:208} INFO - Processing /opt/airflow/dags/dbt_raw_dag.py took 0.338 seconds
