[2025-02-12T06:43:24.127+0000] {processor.py:186} INFO - Started process (PID=3141) to work on /opt/airflow/dags/denormalize_data_gad.py
[2025-02-12T06:43:24.128+0000] {processor.py:914} INFO - Processing file /opt/airflow/dags/denormalize_data_gad.py for tasks to queue
[2025-02-12T06:43:24.130+0000] {logging_mixin.py:190} INFO - [2025-02-12T06:43:24.129+0000] {dagbag.py:588} INFO - Filling up the DagBag from /opt/airflow/dags/denormalize_data_gad.py
[2025-02-12T06:43:24.284+0000] {processor.py:925} INFO - DAG(s) 'dag_for_dbt_json' retrieved from /opt/airflow/dags/denormalize_data_gad.py
[2025-02-12T06:43:24.382+0000] {logging_mixin.py:190} INFO - [2025-02-12T06:43:24.382+0000] {dag.py:3239} INFO - Sync 1 DAGs
[2025-02-12T06:43:24.401+0000] {logging_mixin.py:190} INFO - [2025-02-12T06:43:24.401+0000] {dag.py:4180} INFO - Setting next_dagrun for dag_for_dbt_json to 2025-03-01 00:00:00+00:00, run_after=2025-04-01 00:00:00+00:00
[2025-02-12T06:43:24.428+0000] {processor.py:208} INFO - Processing /opt/airflow/dags/denormalize_data_gad.py took 0.306 seconds
[2025-02-12T06:43:54.514+0000] {processor.py:186} INFO - Started process (PID=3154) to work on /opt/airflow/dags/denormalize_data_gad.py
[2025-02-12T06:43:54.516+0000] {processor.py:914} INFO - Processing file /opt/airflow/dags/denormalize_data_gad.py for tasks to queue
[2025-02-12T06:43:54.518+0000] {logging_mixin.py:190} INFO - [2025-02-12T06:43:54.518+0000] {dagbag.py:588} INFO - Filling up the DagBag from /opt/airflow/dags/denormalize_data_gad.py
[2025-02-12T06:43:54.708+0000] {processor.py:925} INFO - DAG(s) 'dag_for_dbt_json' retrieved from /opt/airflow/dags/denormalize_data_gad.py
[2025-02-12T06:43:54.750+0000] {logging_mixin.py:190} INFO - [2025-02-12T06:43:54.750+0000] {dag.py:3239} INFO - Sync 1 DAGs
[2025-02-12T06:43:54.779+0000] {logging_mixin.py:190} INFO - [2025-02-12T06:43:54.779+0000] {dag.py:4180} INFO - Setting next_dagrun for dag_for_dbt_json to 2025-03-01 00:00:00+00:00, run_after=2025-04-01 00:00:00+00:00
[2025-02-12T06:43:54.801+0000] {processor.py:208} INFO - Processing /opt/airflow/dags/denormalize_data_gad.py took 0.293 seconds
[2025-02-12T06:44:25.195+0000] {processor.py:186} INFO - Started process (PID=3167) to work on /opt/airflow/dags/denormalize_data_gad.py
[2025-02-12T06:44:25.196+0000] {processor.py:914} INFO - Processing file /opt/airflow/dags/denormalize_data_gad.py for tasks to queue
[2025-02-12T06:44:25.197+0000] {logging_mixin.py:190} INFO - [2025-02-12T06:44:25.197+0000] {dagbag.py:588} INFO - Filling up the DagBag from /opt/airflow/dags/denormalize_data_gad.py
[2025-02-12T06:44:25.350+0000] {processor.py:925} INFO - DAG(s) 'dag_for_dbt_json' retrieved from /opt/airflow/dags/denormalize_data_gad.py
[2025-02-12T06:44:25.363+0000] {logging_mixin.py:190} INFO - [2025-02-12T06:44:25.362+0000] {dag.py:3239} INFO - Sync 1 DAGs
[2025-02-12T06:44:25.390+0000] {logging_mixin.py:190} INFO - [2025-02-12T06:44:25.390+0000] {dag.py:4180} INFO - Setting next_dagrun for dag_for_dbt_json to 2025-03-01 00:00:00+00:00, run_after=2025-04-01 00:00:00+00:00
[2025-02-12T06:44:25.409+0000] {processor.py:208} INFO - Processing /opt/airflow/dags/denormalize_data_gad.py took 0.221 seconds
[2025-02-12T06:44:55.509+0000] {processor.py:186} INFO - Started process (PID=3178) to work on /opt/airflow/dags/denormalize_data_gad.py
[2025-02-12T06:44:55.511+0000] {processor.py:914} INFO - Processing file /opt/airflow/dags/denormalize_data_gad.py for tasks to queue
[2025-02-12T06:44:55.512+0000] {logging_mixin.py:190} INFO - [2025-02-12T06:44:55.512+0000] {dagbag.py:588} INFO - Filling up the DagBag from /opt/airflow/dags/denormalize_data_gad.py
[2025-02-12T06:44:55.662+0000] {processor.py:925} INFO - DAG(s) 'dag_for_dbt_json' retrieved from /opt/airflow/dags/denormalize_data_gad.py
[2025-02-12T06:44:55.761+0000] {logging_mixin.py:190} INFO - [2025-02-12T06:44:55.761+0000] {dag.py:3239} INFO - Sync 1 DAGs
[2025-02-12T06:44:55.782+0000] {logging_mixin.py:190} INFO - [2025-02-12T06:44:55.781+0000] {dag.py:4180} INFO - Setting next_dagrun for dag_for_dbt_json to 2025-03-01 00:00:00+00:00, run_after=2025-04-01 00:00:00+00:00
[2025-02-12T06:44:55.800+0000] {processor.py:208} INFO - Processing /opt/airflow/dags/denormalize_data_gad.py took 0.296 seconds
[2025-02-12T06:45:15.398+0000] {processor.py:186} INFO - Started process (PID=3190) to work on /opt/airflow/dags/denormalize_data_gad.py
[2025-02-12T06:45:15.399+0000] {processor.py:914} INFO - Processing file /opt/airflow/dags/denormalize_data_gad.py for tasks to queue
[2025-02-12T06:45:15.400+0000] {logging_mixin.py:190} INFO - [2025-02-12T06:45:15.400+0000] {dagbag.py:588} INFO - Filling up the DagBag from /opt/airflow/dags/denormalize_data_gad.py
[2025-02-12T06:45:15.793+0000] {processor.py:925} INFO - DAG(s) 'dag_for_dbt_denormalize' retrieved from /opt/airflow/dags/denormalize_data_gad.py
[2025-02-12T06:45:15.934+0000] {logging_mixin.py:190} INFO - [2025-02-12T06:45:15.932+0000] {override.py:1911} INFO - Created Permission View: can read on DAG:dag_for_dbt_denormalize
[2025-02-12T06:45:15.951+0000] {logging_mixin.py:190} INFO - [2025-02-12T06:45:15.951+0000] {override.py:1911} INFO - Created Permission View: can edit on DAG:dag_for_dbt_denormalize
[2025-02-12T06:45:15.960+0000] {logging_mixin.py:190} INFO - [2025-02-12T06:45:15.960+0000] {override.py:1911} INFO - Created Permission View: can delete on DAG:dag_for_dbt_denormalize
[2025-02-12T06:45:15.971+0000] {logging_mixin.py:190} INFO - [2025-02-12T06:45:15.971+0000] {override.py:1911} INFO - Created Permission View: can read on DAG Run:dag_for_dbt_denormalize
[2025-02-12T06:45:15.982+0000] {logging_mixin.py:190} INFO - [2025-02-12T06:45:15.982+0000] {override.py:1911} INFO - Created Permission View: can create on DAG Run:dag_for_dbt_denormalize
[2025-02-12T06:45:15.991+0000] {logging_mixin.py:190} INFO - [2025-02-12T06:45:15.991+0000] {override.py:1911} INFO - Created Permission View: menu access on DAG Run:dag_for_dbt_denormalize
[2025-02-12T06:45:16.000+0000] {logging_mixin.py:190} INFO - [2025-02-12T06:45:16.000+0000] {override.py:1911} INFO - Created Permission View: can delete on DAG Run:dag_for_dbt_denormalize
[2025-02-12T06:45:16.001+0000] {logging_mixin.py:190} INFO - [2025-02-12T06:45:16.001+0000] {dag.py:3239} INFO - Sync 1 DAGs
[2025-02-12T06:45:16.022+0000] {logging_mixin.py:190} INFO - [2025-02-12T06:45:16.021+0000] {dag.py:3262} INFO - Creating ORM DAG for dag_for_dbt_denormalize
[2025-02-12T06:45:16.036+0000] {logging_mixin.py:190} INFO - [2025-02-12T06:45:16.036+0000] {dag.py:4180} INFO - Setting next_dagrun for dag_for_dbt_denormalize to 2025-03-01 00:00:00+00:00, run_after=2025-04-01 00:00:00+00:00
[2025-02-12T06:45:16.060+0000] {processor.py:208} INFO - Processing /opt/airflow/dags/denormalize_data_gad.py took 0.673 seconds
[2025-02-12T06:45:46.740+0000] {processor.py:186} INFO - Started process (PID=3202) to work on /opt/airflow/dags/denormalize_data_gad.py
[2025-02-12T06:45:46.742+0000] {processor.py:914} INFO - Processing file /opt/airflow/dags/denormalize_data_gad.py for tasks to queue
[2025-02-12T06:45:46.743+0000] {logging_mixin.py:190} INFO - [2025-02-12T06:45:46.743+0000] {dagbag.py:588} INFO - Filling up the DagBag from /opt/airflow/dags/denormalize_data_gad.py
[2025-02-12T06:45:46.929+0000] {processor.py:925} INFO - DAG(s) 'dag_for_dbt_denormalize' retrieved from /opt/airflow/dags/denormalize_data_gad.py
[2025-02-12T06:45:46.965+0000] {logging_mixin.py:190} INFO - [2025-02-12T06:45:46.965+0000] {dag.py:3239} INFO - Sync 1 DAGs
[2025-02-12T06:45:46.993+0000] {logging_mixin.py:190} INFO - [2025-02-12T06:45:46.992+0000] {dag.py:4180} INFO - Setting next_dagrun for dag_for_dbt_denormalize to 2025-03-01 00:00:00+00:00, run_after=2025-04-01 00:00:00+00:00
[2025-02-12T06:45:47.016+0000] {processor.py:208} INFO - Processing /opt/airflow/dags/denormalize_data_gad.py took 0.282 seconds
[2025-02-12T06:46:17.089+0000] {processor.py:186} INFO - Started process (PID=3215) to work on /opt/airflow/dags/denormalize_data_gad.py
[2025-02-12T06:46:17.090+0000] {processor.py:914} INFO - Processing file /opt/airflow/dags/denormalize_data_gad.py for tasks to queue
[2025-02-12T06:46:17.092+0000] {logging_mixin.py:190} INFO - [2025-02-12T06:46:17.091+0000] {dagbag.py:588} INFO - Filling up the DagBag from /opt/airflow/dags/denormalize_data_gad.py
[2025-02-12T06:46:17.255+0000] {processor.py:925} INFO - DAG(s) 'dag_for_dbt_denormalize' retrieved from /opt/airflow/dags/denormalize_data_gad.py
[2025-02-12T06:46:17.284+0000] {logging_mixin.py:190} INFO - [2025-02-12T06:46:17.284+0000] {dag.py:3239} INFO - Sync 1 DAGs
[2025-02-12T06:46:17.307+0000] {logging_mixin.py:190} INFO - [2025-02-12T06:46:17.307+0000] {dag.py:4180} INFO - Setting next_dagrun for dag_for_dbt_denormalize to 2025-03-01 00:00:00+00:00, run_after=2025-04-01 00:00:00+00:00
[2025-02-12T06:46:17.327+0000] {processor.py:208} INFO - Processing /opt/airflow/dags/denormalize_data_gad.py took 0.245 seconds
[2025-02-12T06:46:47.424+0000] {processor.py:186} INFO - Started process (PID=3229) to work on /opt/airflow/dags/denormalize_data_gad.py
[2025-02-12T06:46:47.425+0000] {processor.py:914} INFO - Processing file /opt/airflow/dags/denormalize_data_gad.py for tasks to queue
[2025-02-12T06:46:47.426+0000] {logging_mixin.py:190} INFO - [2025-02-12T06:46:47.426+0000] {dagbag.py:588} INFO - Filling up the DagBag from /opt/airflow/dags/denormalize_data_gad.py
[2025-02-12T06:46:47.585+0000] {processor.py:925} INFO - DAG(s) 'dag_for_dbt_denormalize' retrieved from /opt/airflow/dags/denormalize_data_gad.py
[2025-02-12T06:46:47.614+0000] {logging_mixin.py:190} INFO - [2025-02-12T06:46:47.613+0000] {dag.py:3239} INFO - Sync 1 DAGs
[2025-02-12T06:46:47.637+0000] {logging_mixin.py:190} INFO - [2025-02-12T06:46:47.637+0000] {dag.py:4180} INFO - Setting next_dagrun for dag_for_dbt_denormalize to 2025-03-01 00:00:00+00:00, run_after=2025-04-01 00:00:00+00:00
[2025-02-12T06:46:47.656+0000] {processor.py:208} INFO - Processing /opt/airflow/dags/denormalize_data_gad.py took 0.237 seconds
[2025-02-12T06:47:07.730+0000] {processor.py:186} INFO - Started process (PID=3235) to work on /opt/airflow/dags/denormalize_data_gad.py
[2025-02-12T06:47:07.731+0000] {processor.py:914} INFO - Processing file /opt/airflow/dags/denormalize_data_gad.py for tasks to queue
[2025-02-12T06:47:07.734+0000] {logging_mixin.py:190} INFO - [2025-02-12T06:47:07.733+0000] {dagbag.py:588} INFO - Filling up the DagBag from /opt/airflow/dags/denormalize_data_gad.py
[2025-02-12T06:47:07.912+0000] {processor.py:925} INFO - DAG(s) 'dag_for_dbt_denormalize' retrieved from /opt/airflow/dags/denormalize_data_gad.py
[2025-02-12T06:47:07.944+0000] {logging_mixin.py:190} INFO - [2025-02-12T06:47:07.944+0000] {dag.py:3239} INFO - Sync 1 DAGs
[2025-02-12T06:47:07.971+0000] {logging_mixin.py:190} INFO - [2025-02-12T06:47:07.970+0000] {dag.py:4180} INFO - Setting next_dagrun for dag_for_dbt_denormalize to 2025-03-01 00:00:00+00:00, run_after=2025-04-01 00:00:00+00:00
[2025-02-12T06:47:07.998+0000] {processor.py:208} INFO - Processing /opt/airflow/dags/denormalize_data_gad.py took 0.274 seconds
[2025-02-12T06:47:38.827+0000] {processor.py:186} INFO - Started process (PID=3251) to work on /opt/airflow/dags/denormalize_data_gad.py
[2025-02-12T06:47:38.828+0000] {processor.py:914} INFO - Processing file /opt/airflow/dags/denormalize_data_gad.py for tasks to queue
[2025-02-12T06:47:38.829+0000] {logging_mixin.py:190} INFO - [2025-02-12T06:47:38.829+0000] {dagbag.py:588} INFO - Filling up the DagBag from /opt/airflow/dags/denormalize_data_gad.py
[2025-02-12T06:47:38.978+0000] {processor.py:925} INFO - DAG(s) 'dag_for_dbt_denormalize' retrieved from /opt/airflow/dags/denormalize_data_gad.py
[2025-02-12T06:47:39.004+0000] {logging_mixin.py:190} INFO - [2025-02-12T06:47:39.004+0000] {dag.py:3239} INFO - Sync 1 DAGs
[2025-02-12T06:47:39.024+0000] {logging_mixin.py:190} INFO - [2025-02-12T06:47:39.024+0000] {dag.py:4180} INFO - Setting next_dagrun for dag_for_dbt_denormalize to 2025-03-01 00:00:00+00:00, run_after=2025-04-01 00:00:00+00:00
[2025-02-12T06:47:39.046+0000] {processor.py:208} INFO - Processing /opt/airflow/dags/denormalize_data_gad.py took 0.225 seconds
[2025-02-12T06:47:49.043+0000] {processor.py:186} INFO - Started process (PID=3258) to work on /opt/airflow/dags/denormalize_data_gad.py
[2025-02-12T06:47:49.043+0000] {processor.py:914} INFO - Processing file /opt/airflow/dags/denormalize_data_gad.py for tasks to queue
[2025-02-12T06:47:49.046+0000] {logging_mixin.py:190} INFO - [2025-02-12T06:47:49.045+0000] {dagbag.py:588} INFO - Filling up the DagBag from /opt/airflow/dags/denormalize_data_gad.py
[2025-02-12T06:47:49.198+0000] {processor.py:925} INFO - DAG(s) 'dag_for_dbt_denormalize' retrieved from /opt/airflow/dags/denormalize_data_gad.py
[2025-02-12T06:47:49.303+0000] {logging_mixin.py:190} INFO - [2025-02-12T06:47:49.302+0000] {dag.py:3239} INFO - Sync 1 DAGs
[2025-02-12T06:47:49.324+0000] {logging_mixin.py:190} INFO - [2025-02-12T06:47:49.324+0000] {dag.py:4180} INFO - Setting next_dagrun for dag_for_dbt_denormalize to 2025-03-01 00:00:00+00:00, run_after=2025-04-01 00:00:00+00:00
[2025-02-12T06:47:49.348+0000] {processor.py:208} INFO - Processing /opt/airflow/dags/denormalize_data_gad.py took 0.311 seconds
[2025-02-12T06:47:51.250+0000] {processor.py:186} INFO - Started process (PID=3259) to work on /opt/airflow/dags/denormalize_data_gad.py
[2025-02-12T06:47:51.251+0000] {processor.py:914} INFO - Processing file /opt/airflow/dags/denormalize_data_gad.py for tasks to queue
[2025-02-12T06:47:51.252+0000] {logging_mixin.py:190} INFO - [2025-02-12T06:47:51.252+0000] {dagbag.py:588} INFO - Filling up the DagBag from /opt/airflow/dags/denormalize_data_gad.py
[2025-02-12T06:47:51.424+0000] {processor.py:925} INFO - DAG(s) 'dag_for_dbt_denormalize' retrieved from /opt/airflow/dags/denormalize_data_gad.py
[2025-02-12T06:47:51.434+0000] {logging_mixin.py:190} INFO - [2025-02-12T06:47:51.433+0000] {dag.py:3239} INFO - Sync 1 DAGs
[2025-02-12T06:47:51.460+0000] {logging_mixin.py:190} INFO - [2025-02-12T06:47:51.460+0000] {dag.py:4180} INFO - Setting next_dagrun for dag_for_dbt_denormalize to 2025-03-01 00:00:00+00:00, run_after=2025-04-01 00:00:00+00:00
[2025-02-12T06:47:51.487+0000] {processor.py:208} INFO - Processing /opt/airflow/dags/denormalize_data_gad.py took 0.243 seconds
[2025-02-12T06:48:22.220+0000] {processor.py:186} INFO - Started process (PID=3271) to work on /opt/airflow/dags/denormalize_data_gad.py
[2025-02-12T06:48:22.221+0000] {processor.py:914} INFO - Processing file /opt/airflow/dags/denormalize_data_gad.py for tasks to queue
[2025-02-12T06:48:22.222+0000] {logging_mixin.py:190} INFO - [2025-02-12T06:48:22.222+0000] {dagbag.py:588} INFO - Filling up the DagBag from /opt/airflow/dags/denormalize_data_gad.py
[2025-02-12T06:48:22.387+0000] {processor.py:925} INFO - DAG(s) 'dag_for_dbt_denormalize' retrieved from /opt/airflow/dags/denormalize_data_gad.py
[2025-02-12T06:48:22.414+0000] {logging_mixin.py:190} INFO - [2025-02-12T06:48:22.414+0000] {dag.py:3239} INFO - Sync 1 DAGs
[2025-02-12T06:48:22.437+0000] {logging_mixin.py:190} INFO - [2025-02-12T06:48:22.437+0000] {dag.py:4180} INFO - Setting next_dagrun for dag_for_dbt_denormalize to 2025-03-01 00:00:00+00:00, run_after=2025-04-01 00:00:00+00:00
[2025-02-12T06:48:22.457+0000] {processor.py:208} INFO - Processing /opt/airflow/dags/denormalize_data_gad.py took 0.242 seconds
[2025-02-12T06:48:53.522+0000] {processor.py:186} INFO - Started process (PID=3284) to work on /opt/airflow/dags/denormalize_data_gad.py
[2025-02-12T06:48:53.524+0000] {processor.py:914} INFO - Processing file /opt/airflow/dags/denormalize_data_gad.py for tasks to queue
[2025-02-12T06:48:53.527+0000] {logging_mixin.py:190} INFO - [2025-02-12T06:48:53.526+0000] {dagbag.py:588} INFO - Filling up the DagBag from /opt/airflow/dags/denormalize_data_gad.py
[2025-02-12T06:48:53.999+0000] {processor.py:925} INFO - DAG(s) 'dag_for_dbt_denormalize' retrieved from /opt/airflow/dags/denormalize_data_gad.py
[2025-02-12T06:48:54.118+0000] {logging_mixin.py:190} INFO - [2025-02-12T06:48:54.118+0000] {dag.py:3239} INFO - Sync 1 DAGs
[2025-02-12T06:48:54.217+0000] {logging_mixin.py:190} INFO - [2025-02-12T06:48:54.216+0000] {dag.py:4180} INFO - Setting next_dagrun for dag_for_dbt_denormalize to 2025-03-01 00:00:00+00:00, run_after=2025-04-01 00:00:00+00:00
[2025-02-12T06:48:54.267+0000] {processor.py:208} INFO - Processing /opt/airflow/dags/denormalize_data_gad.py took 0.764 seconds
[2025-02-12T06:49:24.977+0000] {processor.py:186} INFO - Started process (PID=3296) to work on /opt/airflow/dags/denormalize_data_gad.py
[2025-02-12T06:49:24.979+0000] {processor.py:914} INFO - Processing file /opt/airflow/dags/denormalize_data_gad.py for tasks to queue
[2025-02-12T06:49:24.980+0000] {logging_mixin.py:190} INFO - [2025-02-12T06:49:24.980+0000] {dagbag.py:588} INFO - Filling up the DagBag from /opt/airflow/dags/denormalize_data_gad.py
[2025-02-12T06:49:25.127+0000] {processor.py:925} INFO - DAG(s) 'dag_for_dbt_denormalize' retrieved from /opt/airflow/dags/denormalize_data_gad.py
[2025-02-12T06:49:25.153+0000] {logging_mixin.py:190} INFO - [2025-02-12T06:49:25.153+0000] {dag.py:3239} INFO - Sync 1 DAGs
[2025-02-12T06:49:25.174+0000] {logging_mixin.py:190} INFO - [2025-02-12T06:49:25.174+0000] {dag.py:4180} INFO - Setting next_dagrun for dag_for_dbt_denormalize to 2025-03-01 00:00:00+00:00, run_after=2025-04-01 00:00:00+00:00
[2025-02-12T06:49:25.195+0000] {processor.py:208} INFO - Processing /opt/airflow/dags/denormalize_data_gad.py took 0.223 seconds
[2025-02-12T06:49:55.673+0000] {processor.py:186} INFO - Started process (PID=3308) to work on /opt/airflow/dags/denormalize_data_gad.py
[2025-02-12T06:49:55.674+0000] {processor.py:914} INFO - Processing file /opt/airflow/dags/denormalize_data_gad.py for tasks to queue
[2025-02-12T06:49:55.676+0000] {logging_mixin.py:190} INFO - [2025-02-12T06:49:55.675+0000] {dagbag.py:588} INFO - Filling up the DagBag from /opt/airflow/dags/denormalize_data_gad.py
[2025-02-12T06:49:55.834+0000] {processor.py:925} INFO - DAG(s) 'dag_for_dbt_denormalize' retrieved from /opt/airflow/dags/denormalize_data_gad.py
[2025-02-12T06:49:55.865+0000] {logging_mixin.py:190} INFO - [2025-02-12T06:49:55.865+0000] {dag.py:3239} INFO - Sync 1 DAGs
[2025-02-12T06:49:55.885+0000] {logging_mixin.py:190} INFO - [2025-02-12T06:49:55.885+0000] {dag.py:4180} INFO - Setting next_dagrun for dag_for_dbt_denormalize to 2025-03-01 00:00:00+00:00, run_after=2025-04-01 00:00:00+00:00
[2025-02-12T06:49:55.904+0000] {processor.py:208} INFO - Processing /opt/airflow/dags/denormalize_data_gad.py took 0.236 seconds
[2025-02-12T06:50:26.585+0000] {processor.py:186} INFO - Started process (PID=3320) to work on /opt/airflow/dags/denormalize_data_gad.py
[2025-02-12T06:50:26.586+0000] {processor.py:914} INFO - Processing file /opt/airflow/dags/denormalize_data_gad.py for tasks to queue
[2025-02-12T06:50:26.587+0000] {logging_mixin.py:190} INFO - [2025-02-12T06:50:26.587+0000] {dagbag.py:588} INFO - Filling up the DagBag from /opt/airflow/dags/denormalize_data_gad.py
[2025-02-12T06:50:26.740+0000] {processor.py:925} INFO - DAG(s) 'dag_for_dbt_denormalize' retrieved from /opt/airflow/dags/denormalize_data_gad.py
[2025-02-12T06:50:26.769+0000] {logging_mixin.py:190} INFO - [2025-02-12T06:50:26.769+0000] {dag.py:3239} INFO - Sync 1 DAGs
[2025-02-12T06:50:26.789+0000] {logging_mixin.py:190} INFO - [2025-02-12T06:50:26.789+0000] {dag.py:4180} INFO - Setting next_dagrun for dag_for_dbt_denormalize to 2025-03-01 00:00:00+00:00, run_after=2025-04-01 00:00:00+00:00
[2025-02-12T06:50:26.809+0000] {processor.py:208} INFO - Processing /opt/airflow/dags/denormalize_data_gad.py took 0.230 seconds
[2025-02-12T06:50:57.560+0000] {processor.py:186} INFO - Started process (PID=3332) to work on /opt/airflow/dags/denormalize_data_gad.py
[2025-02-12T06:50:57.561+0000] {processor.py:914} INFO - Processing file /opt/airflow/dags/denormalize_data_gad.py for tasks to queue
[2025-02-12T06:50:57.563+0000] {logging_mixin.py:190} INFO - [2025-02-12T06:50:57.563+0000] {dagbag.py:588} INFO - Filling up the DagBag from /opt/airflow/dags/denormalize_data_gad.py
[2025-02-12T06:50:57.855+0000] {processor.py:925} INFO - DAG(s) 'dag_for_dbt_denormalize' retrieved from /opt/airflow/dags/denormalize_data_gad.py
[2025-02-12T06:50:57.896+0000] {logging_mixin.py:190} INFO - [2025-02-12T06:50:57.896+0000] {dag.py:3239} INFO - Sync 1 DAGs
[2025-02-12T06:50:57.930+0000] {logging_mixin.py:190} INFO - [2025-02-12T06:50:57.929+0000] {dag.py:4180} INFO - Setting next_dagrun for dag_for_dbt_denormalize to 2025-03-01 00:00:00+00:00, run_after=2025-04-01 00:00:00+00:00
[2025-02-12T06:50:57.960+0000] {processor.py:208} INFO - Processing /opt/airflow/dags/denormalize_data_gad.py took 0.408 seconds
[2025-02-12T06:51:28.887+0000] {processor.py:186} INFO - Started process (PID=3344) to work on /opt/airflow/dags/denormalize_data_gad.py
[2025-02-12T06:51:28.888+0000] {processor.py:914} INFO - Processing file /opt/airflow/dags/denormalize_data_gad.py for tasks to queue
[2025-02-12T06:51:28.892+0000] {logging_mixin.py:190} INFO - [2025-02-12T06:51:28.890+0000] {dagbag.py:588} INFO - Filling up the DagBag from /opt/airflow/dags/denormalize_data_gad.py
[2025-02-12T06:51:29.147+0000] {processor.py:925} INFO - DAG(s) 'dag_for_dbt_denormalize' retrieved from /opt/airflow/dags/denormalize_data_gad.py
[2025-02-12T06:51:29.193+0000] {logging_mixin.py:190} INFO - [2025-02-12T06:51:29.193+0000] {dag.py:3239} INFO - Sync 1 DAGs
[2025-02-12T06:51:29.235+0000] {logging_mixin.py:190} INFO - [2025-02-12T06:51:29.234+0000] {dag.py:4180} INFO - Setting next_dagrun for dag_for_dbt_denormalize to 2025-03-01 00:00:00+00:00, run_after=2025-04-01 00:00:00+00:00
[2025-02-12T06:51:29.263+0000] {processor.py:208} INFO - Processing /opt/airflow/dags/denormalize_data_gad.py took 0.388 seconds
[2025-02-12T06:51:59.323+0000] {processor.py:186} INFO - Started process (PID=3356) to work on /opt/airflow/dags/denormalize_data_gad.py
[2025-02-12T06:51:59.324+0000] {processor.py:914} INFO - Processing file /opt/airflow/dags/denormalize_data_gad.py for tasks to queue
[2025-02-12T06:51:59.325+0000] {logging_mixin.py:190} INFO - [2025-02-12T06:51:59.325+0000] {dagbag.py:588} INFO - Filling up the DagBag from /opt/airflow/dags/denormalize_data_gad.py
[2025-02-12T06:51:59.475+0000] {processor.py:925} INFO - DAG(s) 'dag_for_dbt_denormalize' retrieved from /opt/airflow/dags/denormalize_data_gad.py
[2025-02-12T06:51:59.500+0000] {logging_mixin.py:190} INFO - [2025-02-12T06:51:59.500+0000] {dag.py:3239} INFO - Sync 1 DAGs
[2025-02-12T06:51:59.520+0000] {logging_mixin.py:190} INFO - [2025-02-12T06:51:59.520+0000] {dag.py:4180} INFO - Setting next_dagrun for dag_for_dbt_denormalize to 2025-03-01 00:00:00+00:00, run_after=2025-04-01 00:00:00+00:00
[2025-02-12T06:51:59.539+0000] {processor.py:208} INFO - Processing /opt/airflow/dags/denormalize_data_gad.py took 0.222 seconds
[2025-02-12T06:52:30.524+0000] {processor.py:186} INFO - Started process (PID=3368) to work on /opt/airflow/dags/denormalize_data_gad.py
[2025-02-12T06:52:30.525+0000] {processor.py:914} INFO - Processing file /opt/airflow/dags/denormalize_data_gad.py for tasks to queue
[2025-02-12T06:52:30.527+0000] {logging_mixin.py:190} INFO - [2025-02-12T06:52:30.526+0000] {dagbag.py:588} INFO - Filling up the DagBag from /opt/airflow/dags/denormalize_data_gad.py
[2025-02-12T06:52:30.703+0000] {processor.py:925} INFO - DAG(s) 'dag_for_dbt_denormalize' retrieved from /opt/airflow/dags/denormalize_data_gad.py
[2025-02-12T06:52:30.739+0000] {logging_mixin.py:190} INFO - [2025-02-12T06:52:30.738+0000] {dag.py:3239} INFO - Sync 1 DAGs
[2025-02-12T06:52:30.770+0000] {logging_mixin.py:190} INFO - [2025-02-12T06:52:30.769+0000] {dag.py:4180} INFO - Setting next_dagrun for dag_for_dbt_denormalize to 2025-03-01 00:00:00+00:00, run_after=2025-04-01 00:00:00+00:00
[2025-02-12T06:52:30.794+0000] {processor.py:208} INFO - Processing /opt/airflow/dags/denormalize_data_gad.py took 0.275 seconds
[2025-02-12T06:53:00.874+0000] {processor.py:186} INFO - Started process (PID=3380) to work on /opt/airflow/dags/denormalize_data_gad.py
[2025-02-12T06:53:00.875+0000] {processor.py:914} INFO - Processing file /opt/airflow/dags/denormalize_data_gad.py for tasks to queue
[2025-02-12T06:53:00.877+0000] {logging_mixin.py:190} INFO - [2025-02-12T06:53:00.876+0000] {dagbag.py:588} INFO - Filling up the DagBag from /opt/airflow/dags/denormalize_data_gad.py
[2025-02-12T06:53:01.067+0000] {processor.py:925} INFO - DAG(s) 'dag_for_dbt_denormalize' retrieved from /opt/airflow/dags/denormalize_data_gad.py
[2025-02-12T06:53:01.093+0000] {logging_mixin.py:190} INFO - [2025-02-12T06:53:01.092+0000] {dag.py:3239} INFO - Sync 1 DAGs
[2025-02-12T06:53:01.114+0000] {logging_mixin.py:190} INFO - [2025-02-12T06:53:01.113+0000] {dag.py:4180} INFO - Setting next_dagrun for dag_for_dbt_denormalize to 2025-03-01 00:00:00+00:00, run_after=2025-04-01 00:00:00+00:00
[2025-02-12T06:53:01.134+0000] {processor.py:208} INFO - Processing /opt/airflow/dags/denormalize_data_gad.py took 0.268 seconds
[2025-02-12T06:53:31.205+0000] {processor.py:186} INFO - Started process (PID=3392) to work on /opt/airflow/dags/denormalize_data_gad.py
[2025-02-12T06:53:31.206+0000] {processor.py:914} INFO - Processing file /opt/airflow/dags/denormalize_data_gad.py for tasks to queue
[2025-02-12T06:53:31.208+0000] {logging_mixin.py:190} INFO - [2025-02-12T06:53:31.207+0000] {dagbag.py:588} INFO - Filling up the DagBag from /opt/airflow/dags/denormalize_data_gad.py
[2025-02-12T06:53:31.449+0000] {processor.py:925} INFO - DAG(s) 'dag_for_dbt_denormalize' retrieved from /opt/airflow/dags/denormalize_data_gad.py
[2025-02-12T06:53:31.483+0000] {logging_mixin.py:190} INFO - [2025-02-12T06:53:31.483+0000] {dag.py:3239} INFO - Sync 1 DAGs
[2025-02-12T06:53:31.511+0000] {logging_mixin.py:190} INFO - [2025-02-12T06:53:31.511+0000] {dag.py:4180} INFO - Setting next_dagrun for dag_for_dbt_denormalize to 2025-03-01 00:00:00+00:00, run_after=2025-04-01 00:00:00+00:00
[2025-02-12T06:53:31.530+0000] {processor.py:208} INFO - Processing /opt/airflow/dags/denormalize_data_gad.py took 0.337 seconds
[2025-02-12T06:54:01.793+0000] {processor.py:186} INFO - Started process (PID=3404) to work on /opt/airflow/dags/denormalize_data_gad.py
[2025-02-12T06:54:01.794+0000] {processor.py:914} INFO - Processing file /opt/airflow/dags/denormalize_data_gad.py for tasks to queue
[2025-02-12T06:54:01.795+0000] {logging_mixin.py:190} INFO - [2025-02-12T06:54:01.795+0000] {dagbag.py:588} INFO - Filling up the DagBag from /opt/airflow/dags/denormalize_data_gad.py
[2025-02-12T06:54:01.967+0000] {processor.py:925} INFO - DAG(s) 'dag_for_dbt_denormalize' retrieved from /opt/airflow/dags/denormalize_data_gad.py
[2025-02-12T06:54:01.997+0000] {logging_mixin.py:190} INFO - [2025-02-12T06:54:01.997+0000] {dag.py:3239} INFO - Sync 1 DAGs
[2025-02-12T06:54:02.021+0000] {logging_mixin.py:190} INFO - [2025-02-12T06:54:02.021+0000] {dag.py:4180} INFO - Setting next_dagrun for dag_for_dbt_denormalize to 2025-03-01 00:00:00+00:00, run_after=2025-04-01 00:00:00+00:00
[2025-02-12T06:54:02.045+0000] {processor.py:208} INFO - Processing /opt/airflow/dags/denormalize_data_gad.py took 0.258 seconds
[2025-02-12T06:54:32.852+0000] {processor.py:186} INFO - Started process (PID=3416) to work on /opt/airflow/dags/denormalize_data_gad.py
[2025-02-12T06:54:32.853+0000] {processor.py:914} INFO - Processing file /opt/airflow/dags/denormalize_data_gad.py for tasks to queue
[2025-02-12T06:54:32.854+0000] {logging_mixin.py:190} INFO - [2025-02-12T06:54:32.854+0000] {dagbag.py:588} INFO - Filling up the DagBag from /opt/airflow/dags/denormalize_data_gad.py
[2025-02-12T06:54:33.076+0000] {processor.py:925} INFO - DAG(s) 'dag_for_dbt_denormalize' retrieved from /opt/airflow/dags/denormalize_data_gad.py
[2025-02-12T06:54:33.124+0000] {logging_mixin.py:190} INFO - [2025-02-12T06:54:33.123+0000] {dag.py:3239} INFO - Sync 1 DAGs
[2025-02-12T06:54:33.155+0000] {logging_mixin.py:190} INFO - [2025-02-12T06:54:33.154+0000] {dag.py:4180} INFO - Setting next_dagrun for dag_for_dbt_denormalize to 2025-03-01 00:00:00+00:00, run_after=2025-04-01 00:00:00+00:00
[2025-02-12T06:54:33.182+0000] {processor.py:208} INFO - Processing /opt/airflow/dags/denormalize_data_gad.py took 0.337 seconds
[2025-02-12T06:55:03.898+0000] {processor.py:186} INFO - Started process (PID=3427) to work on /opt/airflow/dags/denormalize_data_gad.py
[2025-02-12T06:55:03.899+0000] {processor.py:914} INFO - Processing file /opt/airflow/dags/denormalize_data_gad.py for tasks to queue
[2025-02-12T06:55:03.901+0000] {logging_mixin.py:190} INFO - [2025-02-12T06:55:03.900+0000] {dagbag.py:588} INFO - Filling up the DagBag from /opt/airflow/dags/denormalize_data_gad.py
[2025-02-12T06:55:04.100+0000] {processor.py:925} INFO - DAG(s) 'dag_for_dbt_denormalize' retrieved from /opt/airflow/dags/denormalize_data_gad.py
[2025-02-12T06:55:04.153+0000] {logging_mixin.py:190} INFO - [2025-02-12T06:55:04.152+0000] {dag.py:3239} INFO - Sync 1 DAGs
[2025-02-12T06:55:04.182+0000] {logging_mixin.py:190} INFO - [2025-02-12T06:55:04.182+0000] {dag.py:4180} INFO - Setting next_dagrun for dag_for_dbt_denormalize to 2025-03-01 00:00:00+00:00, run_after=2025-04-01 00:00:00+00:00
[2025-02-12T06:55:04.202+0000] {processor.py:208} INFO - Processing /opt/airflow/dags/denormalize_data_gad.py took 0.313 seconds
[2025-02-12T06:55:34.485+0000] {processor.py:186} INFO - Started process (PID=3439) to work on /opt/airflow/dags/denormalize_data_gad.py
[2025-02-12T06:55:34.486+0000] {processor.py:914} INFO - Processing file /opt/airflow/dags/denormalize_data_gad.py for tasks to queue
[2025-02-12T06:55:34.488+0000] {logging_mixin.py:190} INFO - [2025-02-12T06:55:34.487+0000] {dagbag.py:588} INFO - Filling up the DagBag from /opt/airflow/dags/denormalize_data_gad.py
[2025-02-12T06:55:34.646+0000] {processor.py:925} INFO - DAG(s) 'dag_for_dbt_denormalize' retrieved from /opt/airflow/dags/denormalize_data_gad.py
[2025-02-12T06:55:34.674+0000] {logging_mixin.py:190} INFO - [2025-02-12T06:55:34.673+0000] {dag.py:3239} INFO - Sync 1 DAGs
[2025-02-12T06:55:34.693+0000] {logging_mixin.py:190} INFO - [2025-02-12T06:55:34.693+0000] {dag.py:4180} INFO - Setting next_dagrun for dag_for_dbt_denormalize to 2025-03-01 00:00:00+00:00, run_after=2025-04-01 00:00:00+00:00
[2025-02-12T06:55:34.714+0000] {processor.py:208} INFO - Processing /opt/airflow/dags/denormalize_data_gad.py took 0.234 seconds
[2025-02-12T06:56:04.909+0000] {processor.py:186} INFO - Started process (PID=3451) to work on /opt/airflow/dags/denormalize_data_gad.py
[2025-02-12T06:56:04.910+0000] {processor.py:914} INFO - Processing file /opt/airflow/dags/denormalize_data_gad.py for tasks to queue
[2025-02-12T06:56:04.912+0000] {logging_mixin.py:190} INFO - [2025-02-12T06:56:04.911+0000] {dagbag.py:588} INFO - Filling up the DagBag from /opt/airflow/dags/denormalize_data_gad.py
[2025-02-12T06:56:05.064+0000] {processor.py:925} INFO - DAG(s) 'dag_for_dbt_denormalize' retrieved from /opt/airflow/dags/denormalize_data_gad.py
[2025-02-12T06:56:05.088+0000] {logging_mixin.py:190} INFO - [2025-02-12T06:56:05.088+0000] {dag.py:3239} INFO - Sync 1 DAGs
[2025-02-12T06:56:05.108+0000] {logging_mixin.py:190} INFO - [2025-02-12T06:56:05.108+0000] {dag.py:4180} INFO - Setting next_dagrun for dag_for_dbt_denormalize to 2025-03-01 00:00:00+00:00, run_after=2025-04-01 00:00:00+00:00
[2025-02-12T06:56:05.127+0000] {processor.py:208} INFO - Processing /opt/airflow/dags/denormalize_data_gad.py took 0.223 seconds
[2025-02-12T06:56:35.414+0000] {processor.py:186} INFO - Started process (PID=3463) to work on /opt/airflow/dags/denormalize_data_gad.py
[2025-02-12T06:56:35.415+0000] {processor.py:914} INFO - Processing file /opt/airflow/dags/denormalize_data_gad.py for tasks to queue
[2025-02-12T06:56:35.416+0000] {logging_mixin.py:190} INFO - [2025-02-12T06:56:35.416+0000] {dagbag.py:588} INFO - Filling up the DagBag from /opt/airflow/dags/denormalize_data_gad.py
[2025-02-12T06:56:35.578+0000] {processor.py:925} INFO - DAG(s) 'dag_for_dbt_denormalize' retrieved from /opt/airflow/dags/denormalize_data_gad.py
[2025-02-12T06:56:35.605+0000] {logging_mixin.py:190} INFO - [2025-02-12T06:56:35.605+0000] {dag.py:3239} INFO - Sync 1 DAGs
[2025-02-12T06:56:35.626+0000] {logging_mixin.py:190} INFO - [2025-02-12T06:56:35.626+0000] {dag.py:4180} INFO - Setting next_dagrun for dag_for_dbt_denormalize to 2025-03-01 00:00:00+00:00, run_after=2025-04-01 00:00:00+00:00
[2025-02-12T06:56:35.646+0000] {processor.py:208} INFO - Processing /opt/airflow/dags/denormalize_data_gad.py took 0.238 seconds
[2025-02-12T06:57:05.676+0000] {processor.py:186} INFO - Started process (PID=3475) to work on /opt/airflow/dags/denormalize_data_gad.py
[2025-02-12T06:57:05.677+0000] {processor.py:914} INFO - Processing file /opt/airflow/dags/denormalize_data_gad.py for tasks to queue
[2025-02-12T06:57:05.678+0000] {logging_mixin.py:190} INFO - [2025-02-12T06:57:05.678+0000] {dagbag.py:588} INFO - Filling up the DagBag from /opt/airflow/dags/denormalize_data_gad.py
[2025-02-12T06:57:05.828+0000] {processor.py:925} INFO - DAG(s) 'dag_for_dbt_denormalize' retrieved from /opt/airflow/dags/denormalize_data_gad.py
[2025-02-12T06:57:05.858+0000] {logging_mixin.py:190} INFO - [2025-02-12T06:57:05.857+0000] {dag.py:3239} INFO - Sync 1 DAGs
[2025-02-12T06:57:05.881+0000] {logging_mixin.py:190} INFO - [2025-02-12T06:57:05.880+0000] {dag.py:4180} INFO - Setting next_dagrun for dag_for_dbt_denormalize to 2025-03-01 00:00:00+00:00, run_after=2025-04-01 00:00:00+00:00
[2025-02-12T06:57:05.901+0000] {processor.py:208} INFO - Processing /opt/airflow/dags/denormalize_data_gad.py took 0.231 seconds
[2025-02-12T06:57:36.156+0000] {processor.py:186} INFO - Started process (PID=3487) to work on /opt/airflow/dags/denormalize_data_gad.py
[2025-02-12T06:57:36.157+0000] {processor.py:914} INFO - Processing file /opt/airflow/dags/denormalize_data_gad.py for tasks to queue
[2025-02-12T06:57:36.158+0000] {logging_mixin.py:190} INFO - [2025-02-12T06:57:36.158+0000] {dagbag.py:588} INFO - Filling up the DagBag from /opt/airflow/dags/denormalize_data_gad.py
[2025-02-12T06:57:36.315+0000] {processor.py:925} INFO - DAG(s) 'dag_for_dbt_denormalize' retrieved from /opt/airflow/dags/denormalize_data_gad.py
[2025-02-12T06:57:36.345+0000] {logging_mixin.py:190} INFO - [2025-02-12T06:57:36.345+0000] {dag.py:3239} INFO - Sync 1 DAGs
[2025-02-12T06:57:36.369+0000] {logging_mixin.py:190} INFO - [2025-02-12T06:57:36.369+0000] {dag.py:4180} INFO - Setting next_dagrun for dag_for_dbt_denormalize to 2025-03-01 00:00:00+00:00, run_after=2025-04-01 00:00:00+00:00
[2025-02-12T06:57:36.389+0000] {processor.py:208} INFO - Processing /opt/airflow/dags/denormalize_data_gad.py took 0.238 seconds
[2025-02-12T06:58:06.620+0000] {processor.py:186} INFO - Started process (PID=3499) to work on /opt/airflow/dags/denormalize_data_gad.py
[2025-02-12T06:58:06.621+0000] {processor.py:914} INFO - Processing file /opt/airflow/dags/denormalize_data_gad.py for tasks to queue
[2025-02-12T06:58:06.622+0000] {logging_mixin.py:190} INFO - [2025-02-12T06:58:06.622+0000] {dagbag.py:588} INFO - Filling up the DagBag from /opt/airflow/dags/denormalize_data_gad.py
[2025-02-12T06:58:06.803+0000] {processor.py:925} INFO - DAG(s) 'dag_for_dbt_denormalize' retrieved from /opt/airflow/dags/denormalize_data_gad.py
[2025-02-12T06:58:06.833+0000] {logging_mixin.py:190} INFO - [2025-02-12T06:58:06.833+0000] {dag.py:3239} INFO - Sync 1 DAGs
[2025-02-12T06:58:06.854+0000] {logging_mixin.py:190} INFO - [2025-02-12T06:58:06.854+0000] {dag.py:4180} INFO - Setting next_dagrun for dag_for_dbt_denormalize to 2025-03-01 00:00:00+00:00, run_after=2025-04-01 00:00:00+00:00
[2025-02-12T06:58:06.875+0000] {processor.py:208} INFO - Processing /opt/airflow/dags/denormalize_data_gad.py took 0.261 seconds
[2025-02-12T06:58:37.405+0000] {processor.py:186} INFO - Started process (PID=3511) to work on /opt/airflow/dags/denormalize_data_gad.py
[2025-02-12T06:58:37.407+0000] {processor.py:914} INFO - Processing file /opt/airflow/dags/denormalize_data_gad.py for tasks to queue
[2025-02-12T06:58:37.408+0000] {logging_mixin.py:190} INFO - [2025-02-12T06:58:37.408+0000] {dagbag.py:588} INFO - Filling up the DagBag from /opt/airflow/dags/denormalize_data_gad.py
[2025-02-12T06:58:37.576+0000] {processor.py:925} INFO - DAG(s) 'dag_for_dbt_denormalize' retrieved from /opt/airflow/dags/denormalize_data_gad.py
[2025-02-12T06:58:37.605+0000] {logging_mixin.py:190} INFO - [2025-02-12T06:58:37.605+0000] {dag.py:3239} INFO - Sync 1 DAGs
[2025-02-12T06:58:37.627+0000] {logging_mixin.py:190} INFO - [2025-02-12T06:58:37.626+0000] {dag.py:4180} INFO - Setting next_dagrun for dag_for_dbt_denormalize to 2025-03-01 00:00:00+00:00, run_after=2025-04-01 00:00:00+00:00
[2025-02-12T06:58:37.645+0000] {processor.py:208} INFO - Processing /opt/airflow/dags/denormalize_data_gad.py took 0.245 seconds
[2025-02-12T06:59:08.163+0000] {processor.py:186} INFO - Started process (PID=3523) to work on /opt/airflow/dags/denormalize_data_gad.py
[2025-02-12T06:59:08.165+0000] {processor.py:914} INFO - Processing file /opt/airflow/dags/denormalize_data_gad.py for tasks to queue
[2025-02-12T06:59:08.167+0000] {logging_mixin.py:190} INFO - [2025-02-12T06:59:08.167+0000] {dagbag.py:588} INFO - Filling up the DagBag from /opt/airflow/dags/denormalize_data_gad.py
