[2025-02-12T00:01:06.695+0000] {processor.py:186} INFO - Started process (PID=388) to work on /opt/airflow/dags/get_datalinks.py
[2025-02-12T00:01:06.696+0000] {processor.py:914} INFO - Processing file /opt/airflow/dags/get_datalinks.py for tasks to queue
[2025-02-12T00:01:06.698+0000] {logging_mixin.py:190} INFO - [2025-02-12T00:01:06.698+0000] {dagbag.py:588} INFO - Filling up the DagBag from /opt/airflow/dags/get_datalinks.py
[2025-02-12T00:01:07.329+0000] {logging_mixin.py:190} INFO - [2025-02-12T00:01:07.316+0000] {dagbag.py:387} ERROR - Failed to import: /opt/airflow/dags/get_datalinks.py
Traceback (most recent call last):
  File "/home/airflow/.local/lib/python3.12/site-packages/airflow/models/dagbag.py", line 383, in parse
    loader.exec_module(new_module)
  File "<frozen importlib._bootstrap_external>", line 999, in exec_module
  File "<frozen importlib._bootstrap>", line 488, in _call_with_frames_removed
  File "/opt/airflow/dags/get_datalinks.py", line 52, in <module>
    upload_datas3
NameError: name 'upload_datas3' is not defined
[2025-02-12T00:01:07.339+0000] {processor.py:927} WARNING - No viable dags retrieved from /opt/airflow/dags/get_datalinks.py
[2025-02-12T00:01:07.374+0000] {processor.py:208} INFO - Processing /opt/airflow/dags/get_datalinks.py took 0.693 seconds
[2025-02-12T00:01:37.424+0000] {processor.py:186} INFO - Started process (PID=405) to work on /opt/airflow/dags/get_datalinks.py
[2025-02-12T00:01:37.426+0000] {processor.py:914} INFO - Processing file /opt/airflow/dags/get_datalinks.py for tasks to queue
[2025-02-12T00:01:37.428+0000] {logging_mixin.py:190} INFO - [2025-02-12T00:01:37.428+0000] {dagbag.py:588} INFO - Filling up the DagBag from /opt/airflow/dags/get_datalinks.py
[2025-02-12T00:01:37.844+0000] {logging_mixin.py:190} INFO - [2025-02-12T00:01:37.814+0000] {dagbag.py:387} ERROR - Failed to import: /opt/airflow/dags/get_datalinks.py
Traceback (most recent call last):
  File "/home/airflow/.local/lib/python3.12/site-packages/airflow/models/dagbag.py", line 383, in parse
    loader.exec_module(new_module)
  File "<frozen importlib._bootstrap_external>", line 999, in exec_module
  File "<frozen importlib._bootstrap>", line 488, in _call_with_frames_removed
  File "/opt/airflow/dags/get_datalinks.py", line 52, in <module>
    upload_datas3
NameError: name 'upload_datas3' is not defined
[2025-02-12T00:01:37.862+0000] {processor.py:927} WARNING - No viable dags retrieved from /opt/airflow/dags/get_datalinks.py
[2025-02-12T00:01:37.912+0000] {processor.py:208} INFO - Processing /opt/airflow/dags/get_datalinks.py took 0.496 seconds
[2025-02-12T00:01:40.745+0000] {processor.py:186} INFO - Started process (PID=406) to work on /opt/airflow/dags/get_datalinks.py
[2025-02-12T00:01:40.747+0000] {processor.py:914} INFO - Processing file /opt/airflow/dags/get_datalinks.py for tasks to queue
[2025-02-12T00:01:40.748+0000] {logging_mixin.py:190} INFO - [2025-02-12T00:01:40.748+0000] {dagbag.py:588} INFO - Filling up the DagBag from /opt/airflow/dags/get_datalinks.py
[2025-02-12T00:01:40.989+0000] {processor.py:925} INFO - DAG(s) 'dag_to_scrape_and_upload' retrieved from /opt/airflow/dags/get_datalinks.py
[2025-02-12T00:01:41.138+0000] {logging_mixin.py:190} INFO - [2025-02-12T00:01:41.138+0000] {dag.py:3239} INFO - Sync 1 DAGs
[2025-02-12T00:01:41.164+0000] {logging_mixin.py:190} INFO - [2025-02-12T00:01:41.164+0000] {dag.py:4180} INFO - Setting next_dagrun for dag_to_scrape_and_upload to 2025-02-12 00:00:00+00:00, run_after=2025-02-13 00:00:00+00:00
[2025-02-12T00:01:41.202+0000] {processor.py:208} INFO - Processing /opt/airflow/dags/get_datalinks.py took 0.465 seconds
[2025-02-12T00:02:11.384+0000] {processor.py:186} INFO - Started process (PID=418) to work on /opt/airflow/dags/get_datalinks.py
[2025-02-12T00:02:11.385+0000] {processor.py:914} INFO - Processing file /opt/airflow/dags/get_datalinks.py for tasks to queue
[2025-02-12T00:02:11.387+0000] {logging_mixin.py:190} INFO - [2025-02-12T00:02:11.386+0000] {dagbag.py:588} INFO - Filling up the DagBag from /opt/airflow/dags/get_datalinks.py
[2025-02-12T00:02:11.557+0000] {processor.py:925} INFO - DAG(s) 'dag_to_scrape_and_upload' retrieved from /opt/airflow/dags/get_datalinks.py
[2025-02-12T00:02:11.582+0000] {logging_mixin.py:190} INFO - [2025-02-12T00:02:11.581+0000] {dag.py:3239} INFO - Sync 1 DAGs
[2025-02-12T00:02:11.611+0000] {logging_mixin.py:190} INFO - [2025-02-12T00:02:11.611+0000] {dag.py:4180} INFO - Setting next_dagrun for dag_to_scrape_and_upload to 2025-02-12 00:00:00+00:00, run_after=2025-02-13 00:00:00+00:00
[2025-02-12T00:02:11.630+0000] {processor.py:208} INFO - Processing /opt/airflow/dags/get_datalinks.py took 0.252 seconds
[2025-02-12T00:02:42.468+0000] {processor.py:186} INFO - Started process (PID=432) to work on /opt/airflow/dags/get_datalinks.py
[2025-02-12T00:02:42.469+0000] {processor.py:914} INFO - Processing file /opt/airflow/dags/get_datalinks.py for tasks to queue
[2025-02-12T00:02:42.471+0000] {logging_mixin.py:190} INFO - [2025-02-12T00:02:42.470+0000] {dagbag.py:588} INFO - Filling up the DagBag from /opt/airflow/dags/get_datalinks.py
[2025-02-12T00:02:42.657+0000] {processor.py:925} INFO - DAG(s) 'dag_to_scrape_and_upload' retrieved from /opt/airflow/dags/get_datalinks.py
[2025-02-12T00:02:42.671+0000] {logging_mixin.py:190} INFO - [2025-02-12T00:02:42.671+0000] {dag.py:3239} INFO - Sync 1 DAGs
[2025-02-12T00:02:42.698+0000] {logging_mixin.py:190} INFO - [2025-02-12T00:02:42.697+0000] {dag.py:4180} INFO - Setting next_dagrun for dag_to_scrape_and_upload to 2025-02-12 00:00:00+00:00, run_after=2025-02-13 00:00:00+00:00
[2025-02-12T00:02:42.716+0000] {processor.py:208} INFO - Processing /opt/airflow/dags/get_datalinks.py took 0.255 seconds
[2025-02-12T00:02:45.589+0000] {processor.py:186} INFO - Started process (PID=433) to work on /opt/airflow/dags/get_datalinks.py
[2025-02-12T00:02:45.591+0000] {processor.py:914} INFO - Processing file /opt/airflow/dags/get_datalinks.py for tasks to queue
[2025-02-12T00:02:45.593+0000] {logging_mixin.py:190} INFO - [2025-02-12T00:02:45.592+0000] {dagbag.py:588} INFO - Filling up the DagBag from /opt/airflow/dags/get_datalinks.py
[2025-02-12T00:02:45.921+0000] {processor.py:925} INFO - DAG(s) 'dag_to_scrape_and_upload' retrieved from /opt/airflow/dags/get_datalinks.py
[2025-02-12T00:02:45.947+0000] {logging_mixin.py:190} INFO - [2025-02-12T00:02:45.946+0000] {dag.py:3239} INFO - Sync 1 DAGs
[2025-02-12T00:02:46.001+0000] {logging_mixin.py:190} INFO - [2025-02-12T00:02:46.001+0000] {dag.py:4180} INFO - Setting next_dagrun for dag_to_scrape_and_upload to 2025-02-12 00:00:00+00:00, run_after=2025-02-13 00:00:00+00:00
[2025-02-12T00:02:46.026+0000] {processor.py:208} INFO - Processing /opt/airflow/dags/get_datalinks.py took 0.444 seconds
[2025-02-12T00:03:16.675+0000] {processor.py:186} INFO - Started process (PID=448) to work on /opt/airflow/dags/get_datalinks.py
[2025-02-12T00:03:16.677+0000] {processor.py:914} INFO - Processing file /opt/airflow/dags/get_datalinks.py for tasks to queue
[2025-02-12T00:03:16.679+0000] {logging_mixin.py:190} INFO - [2025-02-12T00:03:16.678+0000] {dagbag.py:588} INFO - Filling up the DagBag from /opt/airflow/dags/get_datalinks.py
[2025-02-12T00:03:16.914+0000] {processor.py:925} INFO - DAG(s) 'dag_to_scrape_and_upload' retrieved from /opt/airflow/dags/get_datalinks.py
[2025-02-12T00:03:17.106+0000] {logging_mixin.py:190} INFO - [2025-02-12T00:03:17.106+0000] {dag.py:3239} INFO - Sync 1 DAGs
[2025-02-12T00:03:17.164+0000] {logging_mixin.py:190} INFO - [2025-02-12T00:03:17.164+0000] {dag.py:4180} INFO - Setting next_dagrun for dag_to_scrape_and_upload to 2025-02-12 00:00:00+00:00, run_after=2025-02-13 00:00:00+00:00
[2025-02-12T00:03:17.236+0000] {processor.py:208} INFO - Processing /opt/airflow/dags/get_datalinks.py took 0.569 seconds
[2025-02-12T00:03:48.051+0000] {processor.py:186} INFO - Started process (PID=460) to work on /opt/airflow/dags/get_datalinks.py
[2025-02-12T00:03:48.052+0000] {processor.py:914} INFO - Processing file /opt/airflow/dags/get_datalinks.py for tasks to queue
[2025-02-12T00:03:48.053+0000] {logging_mixin.py:190} INFO - [2025-02-12T00:03:48.053+0000] {dagbag.py:588} INFO - Filling up the DagBag from /opt/airflow/dags/get_datalinks.py
[2025-02-12T00:03:48.197+0000] {processor.py:925} INFO - DAG(s) 'dag_to_scrape_and_upload' retrieved from /opt/airflow/dags/get_datalinks.py
[2025-02-12T00:03:48.216+0000] {logging_mixin.py:190} INFO - [2025-02-12T00:03:48.216+0000] {dag.py:3239} INFO - Sync 1 DAGs
[2025-02-12T00:03:48.237+0000] {logging_mixin.py:190} INFO - [2025-02-12T00:03:48.237+0000] {dag.py:4180} INFO - Setting next_dagrun for dag_to_scrape_and_upload to 2025-02-12 00:00:00+00:00, run_after=2025-02-13 00:00:00+00:00
[2025-02-12T00:03:48.256+0000] {processor.py:208} INFO - Processing /opt/airflow/dags/get_datalinks.py took 0.215 seconds
[2025-02-12T00:04:18.412+0000] {processor.py:186} INFO - Started process (PID=476) to work on /opt/airflow/dags/get_datalinks.py
[2025-02-12T00:04:18.414+0000] {processor.py:914} INFO - Processing file /opt/airflow/dags/get_datalinks.py for tasks to queue
[2025-02-12T00:04:18.418+0000] {logging_mixin.py:190} INFO - [2025-02-12T00:04:18.418+0000] {dagbag.py:588} INFO - Filling up the DagBag from /opt/airflow/dags/get_datalinks.py
[2025-02-12T00:04:18.804+0000] {processor.py:925} INFO - DAG(s) 'dag_to_scrape_and_upload' retrieved from /opt/airflow/dags/get_datalinks.py
[2025-02-12T00:04:18.822+0000] {logging_mixin.py:190} INFO - [2025-02-12T00:04:18.822+0000] {dag.py:3239} INFO - Sync 1 DAGs
[2025-02-12T00:04:18.905+0000] {logging_mixin.py:190} INFO - [2025-02-12T00:04:18.905+0000] {dag.py:4180} INFO - Setting next_dagrun for dag_to_scrape_and_upload to 2025-02-12 00:00:00+00:00, run_after=2025-02-13 00:00:00+00:00
[2025-02-12T00:04:18.953+0000] {processor.py:208} INFO - Processing /opt/airflow/dags/get_datalinks.py took 0.554 seconds
[2025-02-12T00:04:49.069+0000] {processor.py:186} INFO - Started process (PID=487) to work on /opt/airflow/dags/get_datalinks.py
[2025-02-12T00:04:49.071+0000] {processor.py:914} INFO - Processing file /opt/airflow/dags/get_datalinks.py for tasks to queue
[2025-02-12T00:04:49.089+0000] {logging_mixin.py:190} INFO - [2025-02-12T00:04:49.073+0000] {dagbag.py:588} INFO - Filling up the DagBag from /opt/airflow/dags/get_datalinks.py
[2025-02-12T00:04:49.535+0000] {processor.py:925} INFO - DAG(s) 'dag_to_scrape_and_upload' retrieved from /opt/airflow/dags/get_datalinks.py
[2025-02-12T00:04:49.805+0000] {logging_mixin.py:190} INFO - [2025-02-12T00:04:49.805+0000] {dag.py:3239} INFO - Sync 1 DAGs
[2025-02-12T00:04:49.854+0000] {logging_mixin.py:190} INFO - [2025-02-12T00:04:49.854+0000] {dag.py:4180} INFO - Setting next_dagrun for dag_to_scrape_and_upload to 2025-02-12 00:00:00+00:00, run_after=2025-02-13 00:00:00+00:00
[2025-02-12T00:04:49.902+0000] {processor.py:208} INFO - Processing /opt/airflow/dags/get_datalinks.py took 0.847 seconds
[2025-02-12T00:05:20.780+0000] {processor.py:186} INFO - Started process (PID=499) to work on /opt/airflow/dags/get_datalinks.py
[2025-02-12T00:05:20.784+0000] {processor.py:914} INFO - Processing file /opt/airflow/dags/get_datalinks.py for tasks to queue
[2025-02-12T00:05:20.807+0000] {logging_mixin.py:190} INFO - [2025-02-12T00:05:20.798+0000] {dagbag.py:588} INFO - Filling up the DagBag from /opt/airflow/dags/get_datalinks.py
[2025-02-12T00:05:21.802+0000] {processor.py:925} INFO - DAG(s) 'dag_to_scrape_and_upload' retrieved from /opt/airflow/dags/get_datalinks.py
[2025-02-12T00:05:21.964+0000] {logging_mixin.py:190} INFO - [2025-02-12T00:05:21.964+0000] {dag.py:3239} INFO - Sync 1 DAGs
[2025-02-12T00:05:22.084+0000] {logging_mixin.py:190} INFO - [2025-02-12T00:05:22.083+0000] {dag.py:4180} INFO - Setting next_dagrun for dag_to_scrape_and_upload to 2025-02-12 00:00:00+00:00, run_after=2025-02-13 00:00:00+00:00
[2025-02-12T00:05:22.209+0000] {processor.py:208} INFO - Processing /opt/airflow/dags/get_datalinks.py took 1.551 seconds
[2025-02-12T00:05:54.048+0000] {processor.py:186} INFO - Started process (PID=511) to work on /opt/airflow/dags/get_datalinks.py
[2025-02-12T00:05:54.053+0000] {processor.py:914} INFO - Processing file /opt/airflow/dags/get_datalinks.py for tasks to queue
[2025-02-12T00:05:54.062+0000] {logging_mixin.py:190} INFO - [2025-02-12T00:05:54.061+0000] {dagbag.py:588} INFO - Filling up the DagBag from /opt/airflow/dags/get_datalinks.py
[2025-02-12T00:05:55.312+0000] {processor.py:925} INFO - DAG(s) 'dag_to_scrape_and_upload' retrieved from /opt/airflow/dags/get_datalinks.py
[2025-02-12T00:05:55.543+0000] {logging_mixin.py:190} INFO - [2025-02-12T00:05:55.542+0000] {dag.py:3239} INFO - Sync 1 DAGs
[2025-02-12T00:05:56.202+0000] {logging_mixin.py:190} INFO - [2025-02-12T00:05:56.201+0000] {dag.py:4180} INFO - Setting next_dagrun for dag_to_scrape_and_upload to 2025-02-12 00:00:00+00:00, run_after=2025-02-13 00:00:00+00:00
[2025-02-12T00:05:57.729+0000] {processor.py:208} INFO - Processing /opt/airflow/dags/get_datalinks.py took 3.713 seconds
[2025-02-12T00:06:28.186+0000] {processor.py:186} INFO - Started process (PID=524) to work on /opt/airflow/dags/get_datalinks.py
[2025-02-12T00:06:28.189+0000] {processor.py:914} INFO - Processing file /opt/airflow/dags/get_datalinks.py for tasks to queue
[2025-02-12T00:06:28.191+0000] {logging_mixin.py:190} INFO - [2025-02-12T00:06:28.190+0000] {dagbag.py:588} INFO - Filling up the DagBag from /opt/airflow/dags/get_datalinks.py
[2025-02-12T00:06:28.441+0000] {processor.py:925} INFO - DAG(s) 'dag_to_scrape_and_upload' retrieved from /opt/airflow/dags/get_datalinks.py
[2025-02-12T00:06:28.606+0000] {logging_mixin.py:190} INFO - [2025-02-12T00:06:28.606+0000] {dag.py:3239} INFO - Sync 1 DAGs
[2025-02-12T00:06:28.644+0000] {logging_mixin.py:190} INFO - [2025-02-12T00:06:28.644+0000] {dag.py:4180} INFO - Setting next_dagrun for dag_to_scrape_and_upload to 2025-02-12 00:00:00+00:00, run_after=2025-02-13 00:00:00+00:00
[2025-02-12T00:06:28.675+0000] {processor.py:208} INFO - Processing /opt/airflow/dags/get_datalinks.py took 0.501 seconds
[2025-02-12T00:06:59.313+0000] {processor.py:186} INFO - Started process (PID=535) to work on /opt/airflow/dags/get_datalinks.py
[2025-02-12T00:06:59.315+0000] {processor.py:914} INFO - Processing file /opt/airflow/dags/get_datalinks.py for tasks to queue
[2025-02-12T00:06:59.317+0000] {logging_mixin.py:190} INFO - [2025-02-12T00:06:59.317+0000] {dagbag.py:588} INFO - Filling up the DagBag from /opt/airflow/dags/get_datalinks.py
[2025-02-12T00:06:59.546+0000] {processor.py:925} INFO - DAG(s) 'dag_to_scrape_and_upload' retrieved from /opt/airflow/dags/get_datalinks.py
[2025-02-12T00:06:59.580+0000] {logging_mixin.py:190} INFO - [2025-02-12T00:06:59.580+0000] {dag.py:3239} INFO - Sync 1 DAGs
[2025-02-12T00:06:59.614+0000] {logging_mixin.py:190} INFO - [2025-02-12T00:06:59.614+0000] {dag.py:4180} INFO - Setting next_dagrun for dag_to_scrape_and_upload to 2025-02-12 00:00:00+00:00, run_after=2025-02-13 00:00:00+00:00
[2025-02-12T00:06:59.642+0000] {processor.py:208} INFO - Processing /opt/airflow/dags/get_datalinks.py took 0.338 seconds
[2025-02-12T00:07:30.456+0000] {processor.py:186} INFO - Started process (PID=548) to work on /opt/airflow/dags/get_datalinks.py
[2025-02-12T00:07:30.458+0000] {processor.py:914} INFO - Processing file /opt/airflow/dags/get_datalinks.py for tasks to queue
[2025-02-12T00:07:30.461+0000] {logging_mixin.py:190} INFO - [2025-02-12T00:07:30.460+0000] {dagbag.py:588} INFO - Filling up the DagBag from /opt/airflow/dags/get_datalinks.py
[2025-02-12T00:07:30.816+0000] {processor.py:925} INFO - DAG(s) 'dag_to_scrape_and_upload' retrieved from /opt/airflow/dags/get_datalinks.py
[2025-02-12T00:07:30.840+0000] {logging_mixin.py:190} INFO - [2025-02-12T00:07:30.839+0000] {dag.py:3239} INFO - Sync 1 DAGs
[2025-02-12T00:07:30.904+0000] {logging_mixin.py:190} INFO - [2025-02-12T00:07:30.903+0000] {dag.py:4180} INFO - Setting next_dagrun for dag_to_scrape_and_upload to 2025-02-12 00:00:00+00:00, run_after=2025-02-13 00:00:00+00:00
[2025-02-12T00:07:30.954+0000] {processor.py:208} INFO - Processing /opt/airflow/dags/get_datalinks.py took 0.507 seconds
[2025-02-12T00:08:01.177+0000] {processor.py:186} INFO - Started process (PID=560) to work on /opt/airflow/dags/get_datalinks.py
[2025-02-12T00:08:01.179+0000] {processor.py:914} INFO - Processing file /opt/airflow/dags/get_datalinks.py for tasks to queue
[2025-02-12T00:08:01.181+0000] {logging_mixin.py:190} INFO - [2025-02-12T00:08:01.181+0000] {dagbag.py:588} INFO - Filling up the DagBag from /opt/airflow/dags/get_datalinks.py
[2025-02-12T00:08:01.417+0000] {processor.py:925} INFO - DAG(s) 'dag_to_scrape_and_upload' retrieved from /opt/airflow/dags/get_datalinks.py
[2025-02-12T00:08:01.655+0000] {logging_mixin.py:190} INFO - [2025-02-12T00:08:01.654+0000] {dag.py:3239} INFO - Sync 1 DAGs
[2025-02-12T00:08:01.693+0000] {logging_mixin.py:190} INFO - [2025-02-12T00:08:01.692+0000] {dag.py:4180} INFO - Setting next_dagrun for dag_to_scrape_and_upload to 2025-02-12 00:00:00+00:00, run_after=2025-02-13 00:00:00+00:00
[2025-02-12T00:08:01.727+0000] {processor.py:208} INFO - Processing /opt/airflow/dags/get_datalinks.py took 0.560 seconds
[2025-02-12T00:08:32.334+0000] {processor.py:186} INFO - Started process (PID=571) to work on /opt/airflow/dags/get_datalinks.py
[2025-02-12T00:08:32.336+0000] {processor.py:914} INFO - Processing file /opt/airflow/dags/get_datalinks.py for tasks to queue
[2025-02-12T00:08:32.339+0000] {logging_mixin.py:190} INFO - [2025-02-12T00:08:32.338+0000] {dagbag.py:588} INFO - Filling up the DagBag from /opt/airflow/dags/get_datalinks.py
[2025-02-12T00:08:32.676+0000] {processor.py:925} INFO - DAG(s) 'dag_to_scrape_and_upload' retrieved from /opt/airflow/dags/get_datalinks.py
[2025-02-12T00:08:32.721+0000] {logging_mixin.py:190} INFO - [2025-02-12T00:08:32.720+0000] {dag.py:3239} INFO - Sync 1 DAGs
[2025-02-12T00:08:32.771+0000] {logging_mixin.py:190} INFO - [2025-02-12T00:08:32.771+0000] {dag.py:4180} INFO - Setting next_dagrun for dag_to_scrape_and_upload to 2025-02-12 00:00:00+00:00, run_after=2025-02-13 00:00:00+00:00
[2025-02-12T00:08:32.810+0000] {processor.py:208} INFO - Processing /opt/airflow/dags/get_datalinks.py took 0.495 seconds
[2025-02-12T00:09:03.197+0000] {processor.py:186} INFO - Started process (PID=583) to work on /opt/airflow/dags/get_datalinks.py
[2025-02-12T00:09:03.199+0000] {processor.py:914} INFO - Processing file /opt/airflow/dags/get_datalinks.py for tasks to queue
[2025-02-12T00:09:03.201+0000] {logging_mixin.py:190} INFO - [2025-02-12T00:09:03.201+0000] {dagbag.py:588} INFO - Filling up the DagBag from /opt/airflow/dags/get_datalinks.py
[2025-02-12T00:09:03.753+0000] {processor.py:925} INFO - DAG(s) 'dag_to_scrape_and_upload' retrieved from /opt/airflow/dags/get_datalinks.py
[2025-02-12T00:09:03.774+0000] {logging_mixin.py:190} INFO - [2025-02-12T00:09:03.774+0000] {dag.py:3239} INFO - Sync 1 DAGs
[2025-02-12T00:09:03.852+0000] {logging_mixin.py:190} INFO - [2025-02-12T00:09:03.852+0000] {dag.py:4180} INFO - Setting next_dagrun for dag_to_scrape_and_upload to 2025-02-12 00:00:00+00:00, run_after=2025-02-13 00:00:00+00:00
[2025-02-12T00:09:03.920+0000] {processor.py:208} INFO - Processing /opt/airflow/dags/get_datalinks.py took 0.760 seconds
[2025-02-12T00:09:34.259+0000] {processor.py:186} INFO - Started process (PID=595) to work on /opt/airflow/dags/get_datalinks.py
[2025-02-12T00:09:34.265+0000] {processor.py:914} INFO - Processing file /opt/airflow/dags/get_datalinks.py for tasks to queue
[2025-02-12T00:09:34.272+0000] {logging_mixin.py:190} INFO - [2025-02-12T00:09:34.271+0000] {dagbag.py:588} INFO - Filling up the DagBag from /opt/airflow/dags/get_datalinks.py
[2025-02-12T00:09:35.793+0000] {processor.py:925} INFO - DAG(s) 'dag_to_scrape_and_upload' retrieved from /opt/airflow/dags/get_datalinks.py
[2025-02-12T00:09:36.435+0000] {logging_mixin.py:190} INFO - [2025-02-12T00:09:36.431+0000] {dag.py:3239} INFO - Sync 1 DAGs
[2025-02-12T00:09:36.519+0000] {logging_mixin.py:190} INFO - [2025-02-12T00:09:36.518+0000] {dag.py:4180} INFO - Setting next_dagrun for dag_to_scrape_and_upload to 2025-02-12 00:00:00+00:00, run_after=2025-02-13 00:00:00+00:00
[2025-02-12T00:09:36.594+0000] {processor.py:208} INFO - Processing /opt/airflow/dags/get_datalinks.py took 2.362 seconds
[2025-02-12T00:10:06.875+0000] {processor.py:186} INFO - Started process (PID=606) to work on /opt/airflow/dags/get_datalinks.py
[2025-02-12T00:10:06.877+0000] {processor.py:914} INFO - Processing file /opt/airflow/dags/get_datalinks.py for tasks to queue
[2025-02-12T00:10:06.881+0000] {logging_mixin.py:190} INFO - [2025-02-12T00:10:06.881+0000] {dagbag.py:588} INFO - Filling up the DagBag from /opt/airflow/dags/get_datalinks.py
[2025-02-12T00:10:07.154+0000] {processor.py:925} INFO - DAG(s) 'dag_to_scrape_and_upload' retrieved from /opt/airflow/dags/get_datalinks.py
[2025-02-12T00:10:07.169+0000] {logging_mixin.py:190} INFO - [2025-02-12T00:10:07.168+0000] {dag.py:3239} INFO - Sync 1 DAGs
[2025-02-12T00:10:07.206+0000] {logging_mixin.py:190} INFO - [2025-02-12T00:10:07.206+0000] {dag.py:4180} INFO - Setting next_dagrun for dag_to_scrape_and_upload to 2025-02-12 00:00:00+00:00, run_after=2025-02-13 00:00:00+00:00
[2025-02-12T00:10:07.237+0000] {processor.py:208} INFO - Processing /opt/airflow/dags/get_datalinks.py took 0.372 seconds
[2025-02-12T00:10:37.309+0000] {processor.py:186} INFO - Started process (PID=619) to work on /opt/airflow/dags/get_datalinks.py
[2025-02-12T00:10:37.310+0000] {processor.py:914} INFO - Processing file /opt/airflow/dags/get_datalinks.py for tasks to queue
[2025-02-12T00:10:37.312+0000] {logging_mixin.py:190} INFO - [2025-02-12T00:10:37.312+0000] {dagbag.py:588} INFO - Filling up the DagBag from /opt/airflow/dags/get_datalinks.py
[2025-02-12T00:10:37.505+0000] {processor.py:925} INFO - DAG(s) 'dag_to_scrape_and_upload' retrieved from /opt/airflow/dags/get_datalinks.py
[2025-02-12T00:10:37.618+0000] {logging_mixin.py:190} INFO - [2025-02-12T00:10:37.618+0000] {dag.py:3239} INFO - Sync 1 DAGs
[2025-02-12T00:10:37.643+0000] {logging_mixin.py:190} INFO - [2025-02-12T00:10:37.643+0000] {dag.py:4180} INFO - Setting next_dagrun for dag_to_scrape_and_upload to 2025-02-12 00:00:00+00:00, run_after=2025-02-13 00:00:00+00:00
[2025-02-12T00:10:37.666+0000] {processor.py:208} INFO - Processing /opt/airflow/dags/get_datalinks.py took 0.365 seconds
[2025-02-12T00:11:07.866+0000] {processor.py:186} INFO - Started process (PID=628) to work on /opt/airflow/dags/get_datalinks.py
[2025-02-12T00:11:07.867+0000] {processor.py:914} INFO - Processing file /opt/airflow/dags/get_datalinks.py for tasks to queue
[2025-02-12T00:11:07.869+0000] {logging_mixin.py:190} INFO - [2025-02-12T00:11:07.869+0000] {dagbag.py:588} INFO - Filling up the DagBag from /opt/airflow/dags/get_datalinks.py
[2025-02-12T00:11:08.081+0000] {processor.py:925} INFO - DAG(s) 'dag_to_scrape_and_upload' retrieved from /opt/airflow/dags/get_datalinks.py
[2025-02-12T00:11:08.096+0000] {logging_mixin.py:190} INFO - [2025-02-12T00:11:08.096+0000] {dag.py:3239} INFO - Sync 1 DAGs
[2025-02-12T00:11:08.130+0000] {logging_mixin.py:190} INFO - [2025-02-12T00:11:08.130+0000] {dag.py:4180} INFO - Setting next_dagrun for dag_to_scrape_and_upload to 2025-02-12 00:00:00+00:00, run_after=2025-02-13 00:00:00+00:00
[2025-02-12T00:11:08.157+0000] {processor.py:208} INFO - Processing /opt/airflow/dags/get_datalinks.py took 0.302 seconds
[2025-02-12T00:11:38.517+0000] {processor.py:186} INFO - Started process (PID=640) to work on /opt/airflow/dags/get_datalinks.py
[2025-02-12T00:11:38.518+0000] {processor.py:914} INFO - Processing file /opt/airflow/dags/get_datalinks.py for tasks to queue
[2025-02-12T00:11:38.520+0000] {logging_mixin.py:190} INFO - [2025-02-12T00:11:38.519+0000] {dagbag.py:588} INFO - Filling up the DagBag from /opt/airflow/dags/get_datalinks.py
[2025-02-12T00:11:38.772+0000] {processor.py:925} INFO - DAG(s) 'dag_to_scrape_and_upload' retrieved from /opt/airflow/dags/get_datalinks.py
[2025-02-12T00:11:39.098+0000] {logging_mixin.py:190} INFO - [2025-02-12T00:11:39.098+0000] {dag.py:3239} INFO - Sync 1 DAGs
[2025-02-12T00:11:39.143+0000] {logging_mixin.py:190} INFO - [2025-02-12T00:11:39.142+0000] {dag.py:4180} INFO - Setting next_dagrun for dag_to_scrape_and_upload to 2025-02-12 00:00:00+00:00, run_after=2025-02-13 00:00:00+00:00
[2025-02-12T00:11:39.197+0000] {processor.py:208} INFO - Processing /opt/airflow/dags/get_datalinks.py took 0.688 seconds
[2025-02-12T00:12:10.854+0000] {processor.py:186} INFO - Started process (PID=658) to work on /opt/airflow/dags/get_datalinks.py
[2025-02-12T00:12:10.860+0000] {processor.py:914} INFO - Processing file /opt/airflow/dags/get_datalinks.py for tasks to queue
[2025-02-12T00:12:10.868+0000] {logging_mixin.py:190} INFO - [2025-02-12T00:12:10.868+0000] {dagbag.py:588} INFO - Filling up the DagBag from /opt/airflow/dags/get_datalinks.py
[2025-02-12T00:12:11.283+0000] {processor.py:925} INFO - DAG(s) 'dag_to_scrape_and_upload' retrieved from /opt/airflow/dags/get_datalinks.py
[2025-02-12T00:12:11.298+0000] {logging_mixin.py:190} INFO - [2025-02-12T00:12:11.298+0000] {dag.py:3239} INFO - Sync 1 DAGs
[2025-02-12T00:12:11.351+0000] {logging_mixin.py:190} INFO - [2025-02-12T00:12:11.350+0000] {dag.py:4180} INFO - Setting next_dagrun for dag_to_scrape_and_upload to 2025-02-12 00:00:00+00:00, run_after=2025-02-13 00:00:00+00:00
[2025-02-12T00:12:11.417+0000] {processor.py:208} INFO - Processing /opt/airflow/dags/get_datalinks.py took 0.570 seconds
[2025-02-12T00:12:42.195+0000] {processor.py:186} INFO - Started process (PID=667) to work on /opt/airflow/dags/get_datalinks.py
[2025-02-12T00:12:42.200+0000] {processor.py:914} INFO - Processing file /opt/airflow/dags/get_datalinks.py for tasks to queue
[2025-02-12T00:12:42.205+0000] {logging_mixin.py:190} INFO - [2025-02-12T00:12:42.204+0000] {dagbag.py:588} INFO - Filling up the DagBag from /opt/airflow/dags/get_datalinks.py
[2025-02-12T00:12:42.753+0000] {processor.py:925} INFO - DAG(s) 'dag_to_scrape_and_upload' retrieved from /opt/airflow/dags/get_datalinks.py
[2025-02-12T00:12:43.051+0000] {logging_mixin.py:190} INFO - [2025-02-12T00:12:43.050+0000] {dag.py:3239} INFO - Sync 1 DAGs
[2025-02-12T00:12:43.133+0000] {logging_mixin.py:190} INFO - [2025-02-12T00:12:43.132+0000] {dag.py:4180} INFO - Setting next_dagrun for dag_to_scrape_and_upload to 2025-02-12 00:00:00+00:00, run_after=2025-02-13 00:00:00+00:00
[2025-02-12T00:12:43.415+0000] {processor.py:208} INFO - Processing /opt/airflow/dags/get_datalinks.py took 1.236 seconds
[2025-02-12T00:13:13.797+0000] {processor.py:186} INFO - Started process (PID=679) to work on /opt/airflow/dags/get_datalinks.py
[2025-02-12T00:13:13.799+0000] {processor.py:914} INFO - Processing file /opt/airflow/dags/get_datalinks.py for tasks to queue
[2025-02-12T00:13:13.802+0000] {logging_mixin.py:190} INFO - [2025-02-12T00:13:13.801+0000] {dagbag.py:588} INFO - Filling up the DagBag from /opt/airflow/dags/get_datalinks.py
[2025-02-12T00:13:14.017+0000] {processor.py:925} INFO - DAG(s) 'dag_to_scrape_and_upload' retrieved from /opt/airflow/dags/get_datalinks.py
[2025-02-12T00:13:14.044+0000] {logging_mixin.py:190} INFO - [2025-02-12T00:13:14.044+0000] {dag.py:3239} INFO - Sync 1 DAGs
[2025-02-12T00:13:14.074+0000] {logging_mixin.py:190} INFO - [2025-02-12T00:13:14.074+0000] {dag.py:4180} INFO - Setting next_dagrun for dag_to_scrape_and_upload to 2025-02-12 00:00:00+00:00, run_after=2025-02-13 00:00:00+00:00
[2025-02-12T00:13:14.097+0000] {processor.py:208} INFO - Processing /opt/airflow/dags/get_datalinks.py took 0.307 seconds
[2025-02-12T00:13:44.260+0000] {processor.py:186} INFO - Started process (PID=691) to work on /opt/airflow/dags/get_datalinks.py
[2025-02-12T00:13:44.262+0000] {processor.py:914} INFO - Processing file /opt/airflow/dags/get_datalinks.py for tasks to queue
[2025-02-12T00:13:44.264+0000] {logging_mixin.py:190} INFO - [2025-02-12T00:13:44.263+0000] {dagbag.py:588} INFO - Filling up the DagBag from /opt/airflow/dags/get_datalinks.py
[2025-02-12T00:13:44.469+0000] {processor.py:925} INFO - DAG(s) 'dag_to_scrape_and_upload' retrieved from /opt/airflow/dags/get_datalinks.py
[2025-02-12T00:13:44.483+0000] {logging_mixin.py:190} INFO - [2025-02-12T00:13:44.483+0000] {dag.py:3239} INFO - Sync 1 DAGs
[2025-02-12T00:13:44.507+0000] {logging_mixin.py:190} INFO - [2025-02-12T00:13:44.507+0000] {dag.py:4180} INFO - Setting next_dagrun for dag_to_scrape_and_upload to 2025-02-12 00:00:00+00:00, run_after=2025-02-13 00:00:00+00:00
[2025-02-12T00:13:44.533+0000] {processor.py:208} INFO - Processing /opt/airflow/dags/get_datalinks.py took 0.279 seconds
[2025-02-12T00:14:15.293+0000] {processor.py:186} INFO - Started process (PID=703) to work on /opt/airflow/dags/get_datalinks.py
[2025-02-12T00:14:15.294+0000] {processor.py:914} INFO - Processing file /opt/airflow/dags/get_datalinks.py for tasks to queue
[2025-02-12T00:14:15.296+0000] {logging_mixin.py:190} INFO - [2025-02-12T00:14:15.295+0000] {dagbag.py:588} INFO - Filling up the DagBag from /opt/airflow/dags/get_datalinks.py
[2025-02-12T00:14:15.554+0000] {processor.py:925} INFO - DAG(s) 'dag_to_scrape_and_upload' retrieved from /opt/airflow/dags/get_datalinks.py
[2025-02-12T00:14:15.736+0000] {logging_mixin.py:190} INFO - [2025-02-12T00:14:15.736+0000] {dag.py:3239} INFO - Sync 1 DAGs
[2025-02-12T00:14:15.768+0000] {logging_mixin.py:190} INFO - [2025-02-12T00:14:15.768+0000] {dag.py:4180} INFO - Setting next_dagrun for dag_to_scrape_and_upload to 2025-02-12 00:00:00+00:00, run_after=2025-02-13 00:00:00+00:00
[2025-02-12T00:14:15.797+0000] {processor.py:208} INFO - Processing /opt/airflow/dags/get_datalinks.py took 0.513 seconds
[2025-02-12T00:14:46.046+0000] {processor.py:186} INFO - Started process (PID=715) to work on /opt/airflow/dags/get_datalinks.py
[2025-02-12T00:14:46.048+0000] {processor.py:914} INFO - Processing file /opt/airflow/dags/get_datalinks.py for tasks to queue
[2025-02-12T00:14:46.049+0000] {logging_mixin.py:190} INFO - [2025-02-12T00:14:46.049+0000] {dagbag.py:588} INFO - Filling up the DagBag from /opt/airflow/dags/get_datalinks.py
[2025-02-12T00:14:46.277+0000] {processor.py:925} INFO - DAG(s) 'dag_to_scrape_and_upload' retrieved from /opt/airflow/dags/get_datalinks.py
[2025-02-12T00:14:46.302+0000] {logging_mixin.py:190} INFO - [2025-02-12T00:14:46.301+0000] {dag.py:3239} INFO - Sync 1 DAGs
[2025-02-12T00:14:46.327+0000] {logging_mixin.py:190} INFO - [2025-02-12T00:14:46.327+0000] {dag.py:4180} INFO - Setting next_dagrun for dag_to_scrape_and_upload to 2025-02-12 00:00:00+00:00, run_after=2025-02-13 00:00:00+00:00
[2025-02-12T00:14:46.353+0000] {processor.py:208} INFO - Processing /opt/airflow/dags/get_datalinks.py took 0.314 seconds
[2025-02-12T00:15:16.766+0000] {processor.py:186} INFO - Started process (PID=728) to work on /opt/airflow/dags/get_datalinks.py
[2025-02-12T00:15:16.767+0000] {processor.py:914} INFO - Processing file /opt/airflow/dags/get_datalinks.py for tasks to queue
[2025-02-12T00:15:16.769+0000] {logging_mixin.py:190} INFO - [2025-02-12T00:15:16.769+0000] {dagbag.py:588} INFO - Filling up the DagBag from /opt/airflow/dags/get_datalinks.py
[2025-02-12T00:15:16.979+0000] {processor.py:925} INFO - DAG(s) 'dag_to_scrape_and_upload' retrieved from /opt/airflow/dags/get_datalinks.py
[2025-02-12T00:15:16.992+0000] {logging_mixin.py:190} INFO - [2025-02-12T00:15:16.992+0000] {dag.py:3239} INFO - Sync 1 DAGs
[2025-02-12T00:15:17.018+0000] {logging_mixin.py:190} INFO - [2025-02-12T00:15:17.018+0000] {dag.py:4180} INFO - Setting next_dagrun for dag_to_scrape_and_upload to 2025-02-12 00:00:00+00:00, run_after=2025-02-13 00:00:00+00:00
[2025-02-12T00:15:17.041+0000] {processor.py:208} INFO - Processing /opt/airflow/dags/get_datalinks.py took 0.281 seconds
[2025-02-12T00:15:47.289+0000] {processor.py:186} INFO - Started process (PID=741) to work on /opt/airflow/dags/get_datalinks.py
[2025-02-12T00:15:47.290+0000] {processor.py:914} INFO - Processing file /opt/airflow/dags/get_datalinks.py for tasks to queue
[2025-02-12T00:15:47.291+0000] {logging_mixin.py:190} INFO - [2025-02-12T00:15:47.291+0000] {dagbag.py:588} INFO - Filling up the DagBag from /opt/airflow/dags/get_datalinks.py
[2025-02-12T00:15:47.461+0000] {processor.py:925} INFO - DAG(s) 'dag_to_scrape_and_upload' retrieved from /opt/airflow/dags/get_datalinks.py
[2025-02-12T00:15:47.572+0000] {logging_mixin.py:190} INFO - [2025-02-12T00:15:47.572+0000] {dag.py:3239} INFO - Sync 1 DAGs
[2025-02-12T00:15:47.596+0000] {logging_mixin.py:190} INFO - [2025-02-12T00:15:47.596+0000] {dag.py:4180} INFO - Setting next_dagrun for dag_to_scrape_and_upload to 2025-02-12 00:00:00+00:00, run_after=2025-02-13 00:00:00+00:00
[2025-02-12T00:15:47.627+0000] {processor.py:208} INFO - Processing /opt/airflow/dags/get_datalinks.py took 0.345 seconds
[2025-02-12T00:16:17.784+0000] {processor.py:186} INFO - Started process (PID=753) to work on /opt/airflow/dags/get_datalinks.py
[2025-02-12T00:16:17.785+0000] {processor.py:914} INFO - Processing file /opt/airflow/dags/get_datalinks.py for tasks to queue
[2025-02-12T00:16:17.786+0000] {logging_mixin.py:190} INFO - [2025-02-12T00:16:17.786+0000] {dagbag.py:588} INFO - Filling up the DagBag from /opt/airflow/dags/get_datalinks.py
[2025-02-12T00:16:17.937+0000] {processor.py:925} INFO - DAG(s) 'dag_to_scrape_and_upload' retrieved from /opt/airflow/dags/get_datalinks.py
[2025-02-12T00:16:17.958+0000] {logging_mixin.py:190} INFO - [2025-02-12T00:16:17.958+0000] {dag.py:3239} INFO - Sync 1 DAGs
[2025-02-12T00:16:17.980+0000] {logging_mixin.py:190} INFO - [2025-02-12T00:16:17.980+0000] {dag.py:4180} INFO - Setting next_dagrun for dag_to_scrape_and_upload to 2025-02-12 00:00:00+00:00, run_after=2025-02-13 00:00:00+00:00
[2025-02-12T00:16:18.002+0000] {processor.py:208} INFO - Processing /opt/airflow/dags/get_datalinks.py took 0.224 seconds
[2025-02-12T00:16:48.218+0000] {processor.py:186} INFO - Started process (PID=765) to work on /opt/airflow/dags/get_datalinks.py
[2025-02-12T00:16:48.219+0000] {processor.py:914} INFO - Processing file /opt/airflow/dags/get_datalinks.py for tasks to queue
[2025-02-12T00:16:48.221+0000] {logging_mixin.py:190} INFO - [2025-02-12T00:16:48.221+0000] {dagbag.py:588} INFO - Filling up the DagBag from /opt/airflow/dags/get_datalinks.py
[2025-02-12T00:16:48.401+0000] {processor.py:925} INFO - DAG(s) 'dag_to_scrape_and_upload' retrieved from /opt/airflow/dags/get_datalinks.py
[2025-02-12T00:16:48.414+0000] {logging_mixin.py:190} INFO - [2025-02-12T00:16:48.414+0000] {dag.py:3239} INFO - Sync 1 DAGs
[2025-02-12T00:16:48.447+0000] {logging_mixin.py:190} INFO - [2025-02-12T00:16:48.446+0000] {dag.py:4180} INFO - Setting next_dagrun for dag_to_scrape_and_upload to 2025-02-12 00:00:00+00:00, run_after=2025-02-13 00:00:00+00:00
[2025-02-12T00:16:48.472+0000] {processor.py:208} INFO - Processing /opt/airflow/dags/get_datalinks.py took 0.268 seconds
[2025-02-12T00:17:18.557+0000] {processor.py:186} INFO - Started process (PID=776) to work on /opt/airflow/dags/get_datalinks.py
[2025-02-12T00:17:18.558+0000] {processor.py:914} INFO - Processing file /opt/airflow/dags/get_datalinks.py for tasks to queue
[2025-02-12T00:17:18.560+0000] {logging_mixin.py:190} INFO - [2025-02-12T00:17:18.560+0000] {dagbag.py:588} INFO - Filling up the DagBag from /opt/airflow/dags/get_datalinks.py
[2025-02-12T00:17:18.752+0000] {processor.py:925} INFO - DAG(s) 'dag_to_scrape_and_upload' retrieved from /opt/airflow/dags/get_datalinks.py
[2025-02-12T00:17:18.849+0000] {logging_mixin.py:190} INFO - [2025-02-12T00:17:18.849+0000] {dag.py:3239} INFO - Sync 1 DAGs
[2025-02-12T00:17:18.871+0000] {logging_mixin.py:190} INFO - [2025-02-12T00:17:18.871+0000] {dag.py:4180} INFO - Setting next_dagrun for dag_to_scrape_and_upload to 2025-02-12 00:00:00+00:00, run_after=2025-02-13 00:00:00+00:00
[2025-02-12T00:17:18.892+0000] {processor.py:208} INFO - Processing /opt/airflow/dags/get_datalinks.py took 0.341 seconds
[2025-02-12T00:17:49.039+0000] {processor.py:186} INFO - Started process (PID=788) to work on /opt/airflow/dags/get_datalinks.py
[2025-02-12T00:17:49.040+0000] {processor.py:914} INFO - Processing file /opt/airflow/dags/get_datalinks.py for tasks to queue
[2025-02-12T00:17:49.042+0000] {logging_mixin.py:190} INFO - [2025-02-12T00:17:49.042+0000] {dagbag.py:588} INFO - Filling up the DagBag from /opt/airflow/dags/get_datalinks.py
[2025-02-12T00:17:49.206+0000] {processor.py:925} INFO - DAG(s) 'dag_to_scrape_and_upload' retrieved from /opt/airflow/dags/get_datalinks.py
[2025-02-12T00:17:49.233+0000] {logging_mixin.py:190} INFO - [2025-02-12T00:17:49.233+0000] {dag.py:3239} INFO - Sync 1 DAGs
[2025-02-12T00:17:49.265+0000] {logging_mixin.py:190} INFO - [2025-02-12T00:17:49.265+0000] {dag.py:4180} INFO - Setting next_dagrun for dag_to_scrape_and_upload to 2025-02-12 00:00:00+00:00, run_after=2025-02-13 00:00:00+00:00
[2025-02-12T00:17:49.289+0000] {processor.py:208} INFO - Processing /opt/airflow/dags/get_datalinks.py took 0.258 seconds
[2025-02-12T00:18:20.012+0000] {processor.py:186} INFO - Started process (PID=800) to work on /opt/airflow/dags/get_datalinks.py
[2025-02-12T00:18:20.014+0000] {processor.py:914} INFO - Processing file /opt/airflow/dags/get_datalinks.py for tasks to queue
[2025-02-12T00:18:20.016+0000] {logging_mixin.py:190} INFO - [2025-02-12T00:18:20.016+0000] {dagbag.py:588} INFO - Filling up the DagBag from /opt/airflow/dags/get_datalinks.py
[2025-02-12T00:18:20.202+0000] {processor.py:925} INFO - DAG(s) 'dag_to_scrape_and_upload' retrieved from /opt/airflow/dags/get_datalinks.py
[2025-02-12T00:18:20.655+0000] {logging_mixin.py:190} INFO - [2025-02-12T00:18:20.654+0000] {dag.py:3239} INFO - Sync 1 DAGs
[2025-02-12T00:18:20.679+0000] {logging_mixin.py:190} INFO - [2025-02-12T00:18:20.679+0000] {dag.py:4180} INFO - Setting next_dagrun for dag_to_scrape_and_upload to 2025-02-12 00:00:00+00:00, run_after=2025-02-13 00:00:00+00:00
[2025-02-12T00:18:20.700+0000] {processor.py:208} INFO - Processing /opt/airflow/dags/get_datalinks.py took 0.694 seconds
[2025-02-12T00:18:51.187+0000] {processor.py:186} INFO - Started process (PID=812) to work on /opt/airflow/dags/get_datalinks.py
[2025-02-12T00:18:51.193+0000] {processor.py:914} INFO - Processing file /opt/airflow/dags/get_datalinks.py for tasks to queue
[2025-02-12T00:18:51.195+0000] {logging_mixin.py:190} INFO - [2025-02-12T00:18:51.195+0000] {dagbag.py:588} INFO - Filling up the DagBag from /opt/airflow/dags/get_datalinks.py
[2025-02-12T00:18:51.368+0000] {processor.py:925} INFO - DAG(s) 'dag_to_scrape_and_upload' retrieved from /opt/airflow/dags/get_datalinks.py
[2025-02-12T00:18:51.400+0000] {logging_mixin.py:190} INFO - [2025-02-12T00:18:51.399+0000] {dag.py:3239} INFO - Sync 1 DAGs
[2025-02-12T00:18:51.431+0000] {logging_mixin.py:190} INFO - [2025-02-12T00:18:51.431+0000] {dag.py:4180} INFO - Setting next_dagrun for dag_to_scrape_and_upload to 2025-02-12 00:00:00+00:00, run_after=2025-02-13 00:00:00+00:00
[2025-02-12T00:18:51.453+0000] {processor.py:208} INFO - Processing /opt/airflow/dags/get_datalinks.py took 0.272 seconds
[2025-02-12T00:19:21.648+0000] {processor.py:186} INFO - Started process (PID=824) to work on /opt/airflow/dags/get_datalinks.py
[2025-02-12T00:19:21.649+0000] {processor.py:914} INFO - Processing file /opt/airflow/dags/get_datalinks.py for tasks to queue
[2025-02-12T00:19:21.650+0000] {logging_mixin.py:190} INFO - [2025-02-12T00:19:21.650+0000] {dagbag.py:588} INFO - Filling up the DagBag from /opt/airflow/dags/get_datalinks.py
[2025-02-12T00:19:21.802+0000] {processor.py:925} INFO - DAG(s) 'dag_to_scrape_and_upload' retrieved from /opt/airflow/dags/get_datalinks.py
[2025-02-12T00:19:21.922+0000] {logging_mixin.py:190} INFO - [2025-02-12T00:19:21.922+0000] {dag.py:3239} INFO - Sync 1 DAGs
[2025-02-12T00:19:21.944+0000] {logging_mixin.py:190} INFO - [2025-02-12T00:19:21.944+0000] {dag.py:4180} INFO - Setting next_dagrun for dag_to_scrape_and_upload to 2025-02-12 00:00:00+00:00, run_after=2025-02-13 00:00:00+00:00
[2025-02-12T00:19:21.970+0000] {processor.py:208} INFO - Processing /opt/airflow/dags/get_datalinks.py took 0.328 seconds
[2025-02-12T00:19:52.192+0000] {processor.py:186} INFO - Started process (PID=836) to work on /opt/airflow/dags/get_datalinks.py
[2025-02-12T00:19:52.193+0000] {processor.py:914} INFO - Processing file /opt/airflow/dags/get_datalinks.py for tasks to queue
[2025-02-12T00:19:52.195+0000] {logging_mixin.py:190} INFO - [2025-02-12T00:19:52.194+0000] {dagbag.py:588} INFO - Filling up the DagBag from /opt/airflow/dags/get_datalinks.py
[2025-02-12T00:19:52.374+0000] {processor.py:925} INFO - DAG(s) 'dag_to_scrape_and_upload' retrieved from /opt/airflow/dags/get_datalinks.py
[2025-02-12T00:19:52.403+0000] {logging_mixin.py:190} INFO - [2025-02-12T00:19:52.403+0000] {dag.py:3239} INFO - Sync 1 DAGs
[2025-02-12T00:19:52.430+0000] {logging_mixin.py:190} INFO - [2025-02-12T00:19:52.430+0000] {dag.py:4180} INFO - Setting next_dagrun for dag_to_scrape_and_upload to 2025-02-12 00:00:00+00:00, run_after=2025-02-13 00:00:00+00:00
[2025-02-12T00:19:52.452+0000] {processor.py:208} INFO - Processing /opt/airflow/dags/get_datalinks.py took 0.268 seconds
[2025-02-12T00:20:22.608+0000] {processor.py:186} INFO - Started process (PID=848) to work on /opt/airflow/dags/get_datalinks.py
[2025-02-12T00:20:22.609+0000] {processor.py:914} INFO - Processing file /opt/airflow/dags/get_datalinks.py for tasks to queue
[2025-02-12T00:20:22.610+0000] {logging_mixin.py:190} INFO - [2025-02-12T00:20:22.610+0000] {dagbag.py:588} INFO - Filling up the DagBag from /opt/airflow/dags/get_datalinks.py
[2025-02-12T00:20:22.751+0000] {processor.py:925} INFO - DAG(s) 'dag_to_scrape_and_upload' retrieved from /opt/airflow/dags/get_datalinks.py
[2025-02-12T00:20:22.866+0000] {logging_mixin.py:190} INFO - [2025-02-12T00:20:22.865+0000] {dag.py:3239} INFO - Sync 1 DAGs
[2025-02-12T00:20:22.888+0000] {logging_mixin.py:190} INFO - [2025-02-12T00:20:22.887+0000] {dag.py:4180} INFO - Setting next_dagrun for dag_to_scrape_and_upload to 2025-02-12 00:00:00+00:00, run_after=2025-02-13 00:00:00+00:00
[2025-02-12T00:20:22.910+0000] {processor.py:208} INFO - Processing /opt/airflow/dags/get_datalinks.py took 0.308 seconds
[2025-02-12T00:20:53.297+0000] {processor.py:186} INFO - Started process (PID=861) to work on /opt/airflow/dags/get_datalinks.py
[2025-02-12T00:20:53.299+0000] {processor.py:914} INFO - Processing file /opt/airflow/dags/get_datalinks.py for tasks to queue
[2025-02-12T00:20:53.301+0000] {logging_mixin.py:190} INFO - [2025-02-12T00:20:53.301+0000] {dagbag.py:588} INFO - Filling up the DagBag from /opt/airflow/dags/get_datalinks.py
[2025-02-12T00:20:53.624+0000] {processor.py:925} INFO - DAG(s) 'dag_to_scrape_and_upload' retrieved from /opt/airflow/dags/get_datalinks.py
[2025-02-12T00:20:53.670+0000] {logging_mixin.py:190} INFO - [2025-02-12T00:20:53.669+0000] {dag.py:3239} INFO - Sync 1 DAGs
[2025-02-12T00:20:53.713+0000] {logging_mixin.py:190} INFO - [2025-02-12T00:20:53.713+0000] {dag.py:4180} INFO - Setting next_dagrun for dag_to_scrape_and_upload to 2025-02-12 00:00:00+00:00, run_after=2025-02-13 00:00:00+00:00
[2025-02-12T00:20:53.742+0000] {processor.py:208} INFO - Processing /opt/airflow/dags/get_datalinks.py took 0.454 seconds
[2025-02-12T00:21:24.207+0000] {processor.py:186} INFO - Started process (PID=873) to work on /opt/airflow/dags/get_datalinks.py
[2025-02-12T00:21:24.208+0000] {processor.py:914} INFO - Processing file /opt/airflow/dags/get_datalinks.py for tasks to queue
[2025-02-12T00:21:24.210+0000] {logging_mixin.py:190} INFO - [2025-02-12T00:21:24.209+0000] {dagbag.py:588} INFO - Filling up the DagBag from /opt/airflow/dags/get_datalinks.py
[2025-02-12T00:21:24.465+0000] {processor.py:925} INFO - DAG(s) 'dag_to_scrape_and_upload' retrieved from /opt/airflow/dags/get_datalinks.py
[2025-02-12T00:21:24.678+0000] {logging_mixin.py:190} INFO - [2025-02-12T00:21:24.677+0000] {dag.py:3239} INFO - Sync 1 DAGs
[2025-02-12T00:21:24.723+0000] {logging_mixin.py:190} INFO - [2025-02-12T00:21:24.723+0000] {dag.py:4180} INFO - Setting next_dagrun for dag_to_scrape_and_upload to 2025-02-12 00:00:00+00:00, run_after=2025-02-13 00:00:00+00:00
[2025-02-12T00:21:24.758+0000] {processor.py:208} INFO - Processing /opt/airflow/dags/get_datalinks.py took 0.563 seconds
[2025-02-12T00:21:55.854+0000] {processor.py:186} INFO - Started process (PID=885) to work on /opt/airflow/dags/get_datalinks.py
[2025-02-12T00:21:55.856+0000] {processor.py:914} INFO - Processing file /opt/airflow/dags/get_datalinks.py for tasks to queue
[2025-02-12T00:21:55.858+0000] {logging_mixin.py:190} INFO - [2025-02-12T00:21:55.857+0000] {dagbag.py:588} INFO - Filling up the DagBag from /opt/airflow/dags/get_datalinks.py
[2025-02-12T00:21:56.097+0000] {processor.py:925} INFO - DAG(s) 'dag_to_scrape_and_upload' retrieved from /opt/airflow/dags/get_datalinks.py
[2025-02-12T00:21:56.113+0000] {logging_mixin.py:190} INFO - [2025-02-12T00:21:56.113+0000] {dag.py:3239} INFO - Sync 1 DAGs
[2025-02-12T00:21:56.153+0000] {logging_mixin.py:190} INFO - [2025-02-12T00:21:56.153+0000] {dag.py:4180} INFO - Setting next_dagrun for dag_to_scrape_and_upload to 2025-02-12 00:00:00+00:00, run_after=2025-02-13 00:00:00+00:00
[2025-02-12T00:21:56.180+0000] {processor.py:208} INFO - Processing /opt/airflow/dags/get_datalinks.py took 0.336 seconds
[2025-02-12T00:22:26.896+0000] {processor.py:186} INFO - Started process (PID=897) to work on /opt/airflow/dags/get_datalinks.py
[2025-02-12T00:22:26.897+0000] {processor.py:914} INFO - Processing file /opt/airflow/dags/get_datalinks.py for tasks to queue
[2025-02-12T00:22:26.899+0000] {logging_mixin.py:190} INFO - [2025-02-12T00:22:26.898+0000] {dagbag.py:588} INFO - Filling up the DagBag from /opt/airflow/dags/get_datalinks.py
[2025-02-12T00:22:27.065+0000] {processor.py:925} INFO - DAG(s) 'dag_to_scrape_and_upload' retrieved from /opt/airflow/dags/get_datalinks.py
[2025-02-12T00:22:27.179+0000] {logging_mixin.py:190} INFO - [2025-02-12T00:22:27.179+0000] {dag.py:3239} INFO - Sync 1 DAGs
[2025-02-12T00:22:27.211+0000] {logging_mixin.py:190} INFO - [2025-02-12T00:22:27.210+0000] {dag.py:4180} INFO - Setting next_dagrun for dag_to_scrape_and_upload to 2025-02-12 00:00:00+00:00, run_after=2025-02-13 00:00:00+00:00
[2025-02-12T00:22:27.234+0000] {processor.py:208} INFO - Processing /opt/airflow/dags/get_datalinks.py took 0.344 seconds
[2025-02-12T00:22:57.963+0000] {processor.py:186} INFO - Started process (PID=906) to work on /opt/airflow/dags/get_datalinks.py
[2025-02-12T00:22:57.964+0000] {processor.py:914} INFO - Processing file /opt/airflow/dags/get_datalinks.py for tasks to queue
[2025-02-12T00:22:57.966+0000] {logging_mixin.py:190} INFO - [2025-02-12T00:22:57.965+0000] {dagbag.py:588} INFO - Filling up the DagBag from /opt/airflow/dags/get_datalinks.py
[2025-02-12T00:22:58.126+0000] {processor.py:925} INFO - DAG(s) 'dag_to_scrape_and_upload' retrieved from /opt/airflow/dags/get_datalinks.py
[2025-02-12T00:22:58.153+0000] {logging_mixin.py:190} INFO - [2025-02-12T00:22:58.152+0000] {dag.py:3239} INFO - Sync 1 DAGs
[2025-02-12T00:22:58.184+0000] {logging_mixin.py:190} INFO - [2025-02-12T00:22:58.183+0000] {dag.py:4180} INFO - Setting next_dagrun for dag_to_scrape_and_upload to 2025-02-12 00:00:00+00:00, run_after=2025-02-13 00:00:00+00:00
[2025-02-12T00:22:58.208+0000] {processor.py:208} INFO - Processing /opt/airflow/dags/get_datalinks.py took 0.252 seconds
[2025-02-12T00:23:29.002+0000] {processor.py:186} INFO - Started process (PID=918) to work on /opt/airflow/dags/get_datalinks.py
[2025-02-12T00:23:29.003+0000] {processor.py:914} INFO - Processing file /opt/airflow/dags/get_datalinks.py for tasks to queue
[2025-02-12T00:23:29.004+0000] {logging_mixin.py:190} INFO - [2025-02-12T00:23:29.004+0000] {dagbag.py:588} INFO - Filling up the DagBag from /opt/airflow/dags/get_datalinks.py
[2025-02-12T00:23:29.206+0000] {processor.py:925} INFO - DAG(s) 'dag_to_scrape_and_upload' retrieved from /opt/airflow/dags/get_datalinks.py
[2025-02-12T00:23:29.219+0000] {logging_mixin.py:190} INFO - [2025-02-12T00:23:29.219+0000] {dag.py:3239} INFO - Sync 1 DAGs
[2025-02-12T00:23:29.245+0000] {logging_mixin.py:190} INFO - [2025-02-12T00:23:29.245+0000] {dag.py:4180} INFO - Setting next_dagrun for dag_to_scrape_and_upload to 2025-02-12 00:00:00+00:00, run_after=2025-02-13 00:00:00+00:00
[2025-02-12T00:23:29.270+0000] {processor.py:208} INFO - Processing /opt/airflow/dags/get_datalinks.py took 0.274 seconds
[2025-02-12T00:23:59.440+0000] {processor.py:186} INFO - Started process (PID=930) to work on /opt/airflow/dags/get_datalinks.py
[2025-02-12T00:23:59.441+0000] {processor.py:914} INFO - Processing file /opt/airflow/dags/get_datalinks.py for tasks to queue
[2025-02-12T00:23:59.442+0000] {logging_mixin.py:190} INFO - [2025-02-12T00:23:59.442+0000] {dagbag.py:588} INFO - Filling up the DagBag from /opt/airflow/dags/get_datalinks.py
[2025-02-12T00:23:59.614+0000] {processor.py:925} INFO - DAG(s) 'dag_to_scrape_and_upload' retrieved from /opt/airflow/dags/get_datalinks.py
[2025-02-12T00:23:59.765+0000] {logging_mixin.py:190} INFO - [2025-02-12T00:23:59.765+0000] {dag.py:3239} INFO - Sync 1 DAGs
[2025-02-12T00:23:59.792+0000] {logging_mixin.py:190} INFO - [2025-02-12T00:23:59.792+0000] {dag.py:4180} INFO - Setting next_dagrun for dag_to_scrape_and_upload to 2025-02-12 00:00:00+00:00, run_after=2025-02-13 00:00:00+00:00
[2025-02-12T00:23:59.819+0000] {processor.py:208} INFO - Processing /opt/airflow/dags/get_datalinks.py took 0.385 seconds
[2025-02-12T00:24:30.497+0000] {processor.py:186} INFO - Started process (PID=942) to work on /opt/airflow/dags/get_datalinks.py
[2025-02-12T00:24:30.499+0000] {processor.py:914} INFO - Processing file /opt/airflow/dags/get_datalinks.py for tasks to queue
[2025-02-12T00:24:30.501+0000] {logging_mixin.py:190} INFO - [2025-02-12T00:24:30.500+0000] {dagbag.py:588} INFO - Filling up the DagBag from /opt/airflow/dags/get_datalinks.py
[2025-02-12T00:24:30.674+0000] {processor.py:925} INFO - DAG(s) 'dag_to_scrape_and_upload' retrieved from /opt/airflow/dags/get_datalinks.py
[2025-02-12T00:24:30.704+0000] {logging_mixin.py:190} INFO - [2025-02-12T00:24:30.704+0000] {dag.py:3239} INFO - Sync 1 DAGs
[2025-02-12T00:24:30.732+0000] {logging_mixin.py:190} INFO - [2025-02-12T00:24:30.731+0000] {dag.py:4180} INFO - Setting next_dagrun for dag_to_scrape_and_upload to 2025-02-12 00:00:00+00:00, run_after=2025-02-13 00:00:00+00:00
[2025-02-12T00:24:30.765+0000] {processor.py:208} INFO - Processing /opt/airflow/dags/get_datalinks.py took 0.278 seconds
[2025-02-12T00:25:00.899+0000] {processor.py:186} INFO - Started process (PID=954) to work on /opt/airflow/dags/get_datalinks.py
[2025-02-12T00:25:00.900+0000] {processor.py:914} INFO - Processing file /opt/airflow/dags/get_datalinks.py for tasks to queue
[2025-02-12T00:25:00.901+0000] {logging_mixin.py:190} INFO - [2025-02-12T00:25:00.901+0000] {dagbag.py:588} INFO - Filling up the DagBag from /opt/airflow/dags/get_datalinks.py
[2025-02-12T00:25:01.107+0000] {processor.py:925} INFO - DAG(s) 'dag_to_scrape_and_upload' retrieved from /opt/airflow/dags/get_datalinks.py
[2025-02-12T00:25:01.121+0000] {logging_mixin.py:190} INFO - [2025-02-12T00:25:01.120+0000] {dag.py:3239} INFO - Sync 1 DAGs
[2025-02-12T00:25:01.153+0000] {logging_mixin.py:190} INFO - [2025-02-12T00:25:01.152+0000] {dag.py:4180} INFO - Setting next_dagrun for dag_to_scrape_and_upload to 2025-02-12 00:00:00+00:00, run_after=2025-02-13 00:00:00+00:00
[2025-02-12T00:25:01.182+0000] {processor.py:208} INFO - Processing /opt/airflow/dags/get_datalinks.py took 0.291 seconds
[2025-02-12T00:25:31.281+0000] {processor.py:186} INFO - Started process (PID=966) to work on /opt/airflow/dags/get_datalinks.py
[2025-02-12T00:25:31.282+0000] {processor.py:914} INFO - Processing file /opt/airflow/dags/get_datalinks.py for tasks to queue
[2025-02-12T00:25:31.283+0000] {logging_mixin.py:190} INFO - [2025-02-12T00:25:31.283+0000] {dagbag.py:588} INFO - Filling up the DagBag from /opt/airflow/dags/get_datalinks.py
[2025-02-12T00:25:31.454+0000] {processor.py:925} INFO - DAG(s) 'dag_to_scrape_and_upload' retrieved from /opt/airflow/dags/get_datalinks.py
[2025-02-12T00:25:31.591+0000] {logging_mixin.py:190} INFO - [2025-02-12T00:25:31.591+0000] {dag.py:3239} INFO - Sync 1 DAGs
[2025-02-12T00:25:31.623+0000] {logging_mixin.py:190} INFO - [2025-02-12T00:25:31.622+0000] {dag.py:4180} INFO - Setting next_dagrun for dag_to_scrape_and_upload to 2025-02-12 00:00:00+00:00, run_after=2025-02-13 00:00:00+00:00
[2025-02-12T00:25:31.652+0000] {processor.py:208} INFO - Processing /opt/airflow/dags/get_datalinks.py took 0.379 seconds
[2025-02-12T00:26:02.297+0000] {processor.py:186} INFO - Started process (PID=978) to work on /opt/airflow/dags/get_datalinks.py
[2025-02-12T00:26:02.298+0000] {processor.py:914} INFO - Processing file /opt/airflow/dags/get_datalinks.py for tasks to queue
[2025-02-12T00:26:02.300+0000] {logging_mixin.py:190} INFO - [2025-02-12T00:26:02.299+0000] {dagbag.py:588} INFO - Filling up the DagBag from /opt/airflow/dags/get_datalinks.py
[2025-02-12T00:26:02.500+0000] {processor.py:925} INFO - DAG(s) 'dag_to_scrape_and_upload' retrieved from /opt/airflow/dags/get_datalinks.py
[2025-02-12T00:26:02.532+0000] {logging_mixin.py:190} INFO - [2025-02-12T00:26:02.532+0000] {dag.py:3239} INFO - Sync 1 DAGs
[2025-02-12T00:26:02.563+0000] {logging_mixin.py:190} INFO - [2025-02-12T00:26:02.563+0000] {dag.py:4180} INFO - Setting next_dagrun for dag_to_scrape_and_upload to 2025-02-12 00:00:00+00:00, run_after=2025-02-13 00:00:00+00:00
[2025-02-12T00:26:02.589+0000] {processor.py:208} INFO - Processing /opt/airflow/dags/get_datalinks.py took 0.300 seconds
[2025-02-12T00:26:32.771+0000] {processor.py:186} INFO - Started process (PID=990) to work on /opt/airflow/dags/get_datalinks.py
[2025-02-12T00:26:32.772+0000] {processor.py:914} INFO - Processing file /opt/airflow/dags/get_datalinks.py for tasks to queue
[2025-02-12T00:26:32.774+0000] {logging_mixin.py:190} INFO - [2025-02-12T00:26:32.773+0000] {dagbag.py:588} INFO - Filling up the DagBag from /opt/airflow/dags/get_datalinks.py
[2025-02-12T00:26:32.966+0000] {processor.py:925} INFO - DAG(s) 'dag_to_scrape_and_upload' retrieved from /opt/airflow/dags/get_datalinks.py
[2025-02-12T00:26:32.979+0000] {logging_mixin.py:190} INFO - [2025-02-12T00:26:32.978+0000] {dag.py:3239} INFO - Sync 1 DAGs
[2025-02-12T00:26:33.007+0000] {logging_mixin.py:190} INFO - [2025-02-12T00:26:33.007+0000] {dag.py:4180} INFO - Setting next_dagrun for dag_to_scrape_and_upload to 2025-02-12 00:00:00+00:00, run_after=2025-02-13 00:00:00+00:00
[2025-02-12T00:26:33.032+0000] {processor.py:208} INFO - Processing /opt/airflow/dags/get_datalinks.py took 0.268 seconds
[2025-02-12T00:27:03.797+0000] {processor.py:186} INFO - Started process (PID=1002) to work on /opt/airflow/dags/get_datalinks.py
[2025-02-12T00:27:03.798+0000] {processor.py:914} INFO - Processing file /opt/airflow/dags/get_datalinks.py for tasks to queue
[2025-02-12T00:27:03.800+0000] {logging_mixin.py:190} INFO - [2025-02-12T00:27:03.800+0000] {dagbag.py:588} INFO - Filling up the DagBag from /opt/airflow/dags/get_datalinks.py
[2025-02-12T00:27:03.993+0000] {processor.py:925} INFO - DAG(s) 'dag_to_scrape_and_upload' retrieved from /opt/airflow/dags/get_datalinks.py
[2025-02-12T00:27:04.092+0000] {logging_mixin.py:190} INFO - [2025-02-12T00:27:04.092+0000] {dag.py:3239} INFO - Sync 1 DAGs
[2025-02-12T00:27:04.116+0000] {logging_mixin.py:190} INFO - [2025-02-12T00:27:04.115+0000] {dag.py:4180} INFO - Setting next_dagrun for dag_to_scrape_and_upload to 2025-02-12 00:00:00+00:00, run_after=2025-02-13 00:00:00+00:00
[2025-02-12T00:27:04.141+0000] {processor.py:208} INFO - Processing /opt/airflow/dags/get_datalinks.py took 0.352 seconds
[2025-02-12T00:27:34.855+0000] {processor.py:186} INFO - Started process (PID=1014) to work on /opt/airflow/dags/get_datalinks.py
[2025-02-12T00:27:34.856+0000] {processor.py:914} INFO - Processing file /opt/airflow/dags/get_datalinks.py for tasks to queue
[2025-02-12T00:27:34.858+0000] {logging_mixin.py:190} INFO - [2025-02-12T00:27:34.858+0000] {dagbag.py:588} INFO - Filling up the DagBag from /opt/airflow/dags/get_datalinks.py
[2025-02-12T00:27:35.033+0000] {processor.py:925} INFO - DAG(s) 'dag_to_scrape_and_upload' retrieved from /opt/airflow/dags/get_datalinks.py
[2025-02-12T00:27:35.079+0000] {logging_mixin.py:190} INFO - [2025-02-12T00:27:35.078+0000] {dag.py:3239} INFO - Sync 1 DAGs
[2025-02-12T00:27:35.114+0000] {logging_mixin.py:190} INFO - [2025-02-12T00:27:35.113+0000] {dag.py:4180} INFO - Setting next_dagrun for dag_to_scrape_and_upload to 2025-02-12 00:00:00+00:00, run_after=2025-02-13 00:00:00+00:00
[2025-02-12T00:27:35.135+0000] {processor.py:208} INFO - Processing /opt/airflow/dags/get_datalinks.py took 0.286 seconds
[2025-02-12T00:28:05.899+0000] {processor.py:186} INFO - Started process (PID=1027) to work on /opt/airflow/dags/get_datalinks.py
[2025-02-12T00:28:05.900+0000] {processor.py:914} INFO - Processing file /opt/airflow/dags/get_datalinks.py for tasks to queue
[2025-02-12T00:28:05.902+0000] {logging_mixin.py:190} INFO - [2025-02-12T00:28:05.902+0000] {dagbag.py:588} INFO - Filling up the DagBag from /opt/airflow/dags/get_datalinks.py
[2025-02-12T00:28:06.073+0000] {processor.py:925} INFO - DAG(s) 'dag_to_scrape_and_upload' retrieved from /opt/airflow/dags/get_datalinks.py
[2025-02-12T00:28:06.086+0000] {logging_mixin.py:190} INFO - [2025-02-12T00:28:06.086+0000] {dag.py:3239} INFO - Sync 1 DAGs
[2025-02-12T00:28:06.118+0000] {logging_mixin.py:190} INFO - [2025-02-12T00:28:06.117+0000] {dag.py:4180} INFO - Setting next_dagrun for dag_to_scrape_and_upload to 2025-02-12 00:00:00+00:00, run_after=2025-02-13 00:00:00+00:00
[2025-02-12T00:28:06.142+0000] {processor.py:208} INFO - Processing /opt/airflow/dags/get_datalinks.py took 0.249 seconds
[2025-02-12T00:28:36.317+0000] {processor.py:186} INFO - Started process (PID=1039) to work on /opt/airflow/dags/get_datalinks.py
[2025-02-12T00:28:36.319+0000] {processor.py:914} INFO - Processing file /opt/airflow/dags/get_datalinks.py for tasks to queue
[2025-02-12T00:28:36.320+0000] {logging_mixin.py:190} INFO - [2025-02-12T00:28:36.320+0000] {dagbag.py:588} INFO - Filling up the DagBag from /opt/airflow/dags/get_datalinks.py
[2025-02-12T00:28:36.490+0000] {processor.py:925} INFO - DAG(s) 'dag_to_scrape_and_upload' retrieved from /opt/airflow/dags/get_datalinks.py
[2025-02-12T00:28:36.595+0000] {logging_mixin.py:190} INFO - [2025-02-12T00:28:36.594+0000] {dag.py:3239} INFO - Sync 1 DAGs
[2025-02-12T00:28:36.618+0000] {logging_mixin.py:190} INFO - [2025-02-12T00:28:36.618+0000] {dag.py:4180} INFO - Setting next_dagrun for dag_to_scrape_and_upload to 2025-02-12 00:00:00+00:00, run_after=2025-02-13 00:00:00+00:00
[2025-02-12T00:28:36.644+0000] {processor.py:208} INFO - Processing /opt/airflow/dags/get_datalinks.py took 0.333 seconds
[2025-02-12T00:29:07.234+0000] {processor.py:186} INFO - Started process (PID=1052) to work on /opt/airflow/dags/get_datalinks.py
[2025-02-12T00:29:07.236+0000] {processor.py:914} INFO - Processing file /opt/airflow/dags/get_datalinks.py for tasks to queue
[2025-02-12T00:29:07.238+0000] {logging_mixin.py:190} INFO - [2025-02-12T00:29:07.237+0000] {dagbag.py:588} INFO - Filling up the DagBag from /opt/airflow/dags/get_datalinks.py
[2025-02-12T00:29:07.415+0000] {processor.py:925} INFO - DAG(s) 'dag_to_scrape_and_upload' retrieved from /opt/airflow/dags/get_datalinks.py
[2025-02-12T00:29:07.440+0000] {logging_mixin.py:190} INFO - [2025-02-12T00:29:07.440+0000] {dag.py:3239} INFO - Sync 1 DAGs
[2025-02-12T00:29:07.466+0000] {logging_mixin.py:190} INFO - [2025-02-12T00:29:07.466+0000] {dag.py:4180} INFO - Setting next_dagrun for dag_to_scrape_and_upload to 2025-02-12 00:00:00+00:00, run_after=2025-02-13 00:00:00+00:00
[2025-02-12T00:29:07.492+0000] {processor.py:208} INFO - Processing /opt/airflow/dags/get_datalinks.py took 0.264 seconds
[2025-02-12T00:29:37.541+0000] {processor.py:186} INFO - Started process (PID=1065) to work on /opt/airflow/dags/get_datalinks.py
[2025-02-12T00:29:37.542+0000] {processor.py:914} INFO - Processing file /opt/airflow/dags/get_datalinks.py for tasks to queue
[2025-02-12T00:29:37.544+0000] {logging_mixin.py:190} INFO - [2025-02-12T00:29:37.544+0000] {dagbag.py:588} INFO - Filling up the DagBag from /opt/airflow/dags/get_datalinks.py
[2025-02-12T00:29:37.743+0000] {processor.py:925} INFO - DAG(s) 'dag_to_scrape_and_upload' retrieved from /opt/airflow/dags/get_datalinks.py
[2025-02-12T00:29:37.757+0000] {logging_mixin.py:190} INFO - [2025-02-12T00:29:37.756+0000] {dag.py:3239} INFO - Sync 1 DAGs
[2025-02-12T00:29:37.784+0000] {logging_mixin.py:190} INFO - [2025-02-12T00:29:37.783+0000] {dag.py:4180} INFO - Setting next_dagrun for dag_to_scrape_and_upload to 2025-02-12 00:00:00+00:00, run_after=2025-02-13 00:00:00+00:00
[2025-02-12T00:29:37.808+0000] {processor.py:208} INFO - Processing /opt/airflow/dags/get_datalinks.py took 0.275 seconds
[2025-02-12T00:30:07.952+0000] {processor.py:186} INFO - Started process (PID=1077) to work on /opt/airflow/dags/get_datalinks.py
[2025-02-12T00:30:07.953+0000] {processor.py:914} INFO - Processing file /opt/airflow/dags/get_datalinks.py for tasks to queue
[2025-02-12T00:30:07.954+0000] {logging_mixin.py:190} INFO - [2025-02-12T00:30:07.954+0000] {dagbag.py:588} INFO - Filling up the DagBag from /opt/airflow/dags/get_datalinks.py
[2025-02-12T00:30:08.146+0000] {processor.py:925} INFO - DAG(s) 'dag_to_scrape_and_upload' retrieved from /opt/airflow/dags/get_datalinks.py
[2025-02-12T00:30:08.291+0000] {logging_mixin.py:190} INFO - [2025-02-12T00:30:08.291+0000] {dag.py:3239} INFO - Sync 1 DAGs
[2025-02-12T00:30:08.316+0000] {logging_mixin.py:190} INFO - [2025-02-12T00:30:08.315+0000] {dag.py:4180} INFO - Setting next_dagrun for dag_to_scrape_and_upload to 2025-02-12 00:00:00+00:00, run_after=2025-02-13 00:00:00+00:00
[2025-02-12T00:30:08.342+0000] {processor.py:208} INFO - Processing /opt/airflow/dags/get_datalinks.py took 0.398 seconds
[2025-02-12T00:30:39.153+0000] {processor.py:186} INFO - Started process (PID=1089) to work on /opt/airflow/dags/get_datalinks.py
[2025-02-12T00:30:39.236+0000] {processor.py:914} INFO - Processing file /opt/airflow/dags/get_datalinks.py for tasks to queue
[2025-02-12T00:30:39.274+0000] {logging_mixin.py:190} INFO - [2025-02-12T00:30:39.273+0000] {dagbag.py:588} INFO - Filling up the DagBag from /opt/airflow/dags/get_datalinks.py
[2025-02-12T00:30:41.473+0000] {processor.py:925} INFO - DAG(s) 'dag_to_scrape_and_upload' retrieved from /opt/airflow/dags/get_datalinks.py
[2025-02-12T00:30:41.516+0000] {logging_mixin.py:190} INFO - [2025-02-12T00:30:41.515+0000] {dag.py:3239} INFO - Sync 1 DAGs
[2025-02-12T00:30:41.614+0000] {logging_mixin.py:190} INFO - [2025-02-12T00:30:41.613+0000] {dag.py:4180} INFO - Setting next_dagrun for dag_to_scrape_and_upload to 2025-02-12 00:00:00+00:00, run_after=2025-02-13 00:00:00+00:00
[2025-02-12T00:30:41.703+0000] {processor.py:208} INFO - Processing /opt/airflow/dags/get_datalinks.py took 2.572 seconds
[2025-02-12T00:31:11.819+0000] {processor.py:186} INFO - Started process (PID=1102) to work on /opt/airflow/dags/get_datalinks.py
[2025-02-12T00:31:11.820+0000] {processor.py:914} INFO - Processing file /opt/airflow/dags/get_datalinks.py for tasks to queue
[2025-02-12T00:31:11.822+0000] {logging_mixin.py:190} INFO - [2025-02-12T00:31:11.821+0000] {dagbag.py:588} INFO - Filling up the DagBag from /opt/airflow/dags/get_datalinks.py
[2025-02-12T00:31:12.105+0000] {processor.py:925} INFO - DAG(s) 'dag_to_scrape_and_upload' retrieved from /opt/airflow/dags/get_datalinks.py
[2025-02-12T00:31:12.369+0000] {logging_mixin.py:190} INFO - [2025-02-12T00:31:12.369+0000] {dag.py:3239} INFO - Sync 1 DAGs
[2025-02-12T00:31:12.408+0000] {logging_mixin.py:190} INFO - [2025-02-12T00:31:12.408+0000] {dag.py:4180} INFO - Setting next_dagrun for dag_to_scrape_and_upload to 2025-02-12 00:00:00+00:00, run_after=2025-02-13 00:00:00+00:00
[2025-02-12T00:31:12.443+0000] {processor.py:208} INFO - Processing /opt/airflow/dags/get_datalinks.py took 0.633 seconds
[2025-02-12T00:31:42.589+0000] {processor.py:186} INFO - Started process (PID=1115) to work on /opt/airflow/dags/get_datalinks.py
[2025-02-12T00:31:42.591+0000] {processor.py:914} INFO - Processing file /opt/airflow/dags/get_datalinks.py for tasks to queue
[2025-02-12T00:31:42.593+0000] {logging_mixin.py:190} INFO - [2025-02-12T00:31:42.593+0000] {dagbag.py:588} INFO - Filling up the DagBag from /opt/airflow/dags/get_datalinks.py
[2025-02-12T00:31:42.780+0000] {processor.py:925} INFO - DAG(s) 'dag_to_scrape_and_upload' retrieved from /opt/airflow/dags/get_datalinks.py
[2025-02-12T00:31:42.791+0000] {logging_mixin.py:190} INFO - [2025-02-12T00:31:42.791+0000] {dag.py:3239} INFO - Sync 1 DAGs
[2025-02-12T00:31:42.831+0000] {logging_mixin.py:190} INFO - [2025-02-12T00:31:42.830+0000] {dag.py:4180} INFO - Setting next_dagrun for dag_to_scrape_and_upload to 2025-02-12 00:00:00+00:00, run_after=2025-02-13 00:00:00+00:00
[2025-02-12T00:31:42.866+0000] {processor.py:208} INFO - Processing /opt/airflow/dags/get_datalinks.py took 0.283 seconds
[2025-02-12T00:32:13.212+0000] {processor.py:186} INFO - Started process (PID=1134) to work on /opt/airflow/dags/get_datalinks.py
[2025-02-12T00:32:13.213+0000] {processor.py:914} INFO - Processing file /opt/airflow/dags/get_datalinks.py for tasks to queue
[2025-02-12T00:32:13.215+0000] {logging_mixin.py:190} INFO - [2025-02-12T00:32:13.215+0000] {dagbag.py:588} INFO - Filling up the DagBag from /opt/airflow/dags/get_datalinks.py
[2025-02-12T00:32:13.366+0000] {processor.py:925} INFO - DAG(s) 'dag_to_scrape_and_upload' retrieved from /opt/airflow/dags/get_datalinks.py
[2025-02-12T00:32:13.476+0000] {logging_mixin.py:190} INFO - [2025-02-12T00:32:13.476+0000] {dag.py:3239} INFO - Sync 1 DAGs
[2025-02-12T00:32:13.495+0000] {logging_mixin.py:190} INFO - [2025-02-12T00:32:13.495+0000] {dag.py:4180} INFO - Setting next_dagrun for dag_to_scrape_and_upload to 2025-02-12 00:00:00+00:00, run_after=2025-02-13 00:00:00+00:00
[2025-02-12T00:32:13.517+0000] {processor.py:208} INFO - Processing /opt/airflow/dags/get_datalinks.py took 0.311 seconds
[2025-02-12T00:32:44.155+0000] {processor.py:186} INFO - Started process (PID=1146) to work on /opt/airflow/dags/get_datalinks.py
[2025-02-12T00:32:44.156+0000] {processor.py:914} INFO - Processing file /opt/airflow/dags/get_datalinks.py for tasks to queue
[2025-02-12T00:32:44.158+0000] {logging_mixin.py:190} INFO - [2025-02-12T00:32:44.158+0000] {dagbag.py:588} INFO - Filling up the DagBag from /opt/airflow/dags/get_datalinks.py
[2025-02-12T00:32:44.423+0000] {processor.py:925} INFO - DAG(s) 'dag_to_scrape_and_upload' retrieved from /opt/airflow/dags/get_datalinks.py
[2025-02-12T00:32:44.456+0000] {logging_mixin.py:190} INFO - [2025-02-12T00:32:44.455+0000] {dag.py:3239} INFO - Sync 1 DAGs
[2025-02-12T00:32:44.481+0000] {logging_mixin.py:190} INFO - [2025-02-12T00:32:44.481+0000] {dag.py:4180} INFO - Setting next_dagrun for dag_to_scrape_and_upload to 2025-02-12 00:00:00+00:00, run_after=2025-02-13 00:00:00+00:00
[2025-02-12T00:32:44.518+0000] {processor.py:208} INFO - Processing /opt/airflow/dags/get_datalinks.py took 0.371 seconds
[2025-02-12T00:33:14.722+0000] {processor.py:186} INFO - Started process (PID=1158) to work on /opt/airflow/dags/get_datalinks.py
[2025-02-12T00:33:14.724+0000] {processor.py:914} INFO - Processing file /opt/airflow/dags/get_datalinks.py for tasks to queue
[2025-02-12T00:33:14.726+0000] {logging_mixin.py:190} INFO - [2025-02-12T00:33:14.725+0000] {dagbag.py:588} INFO - Filling up the DagBag from /opt/airflow/dags/get_datalinks.py
[2025-02-12T00:33:14.983+0000] {processor.py:925} INFO - DAG(s) 'dag_to_scrape_and_upload' retrieved from /opt/airflow/dags/get_datalinks.py
[2025-02-12T00:33:15.142+0000] {logging_mixin.py:190} INFO - [2025-02-12T00:33:15.142+0000] {dag.py:3239} INFO - Sync 1 DAGs
[2025-02-12T00:33:15.172+0000] {logging_mixin.py:190} INFO - [2025-02-12T00:33:15.172+0000] {dag.py:4180} INFO - Setting next_dagrun for dag_to_scrape_and_upload to 2025-02-12 00:00:00+00:00, run_after=2025-02-13 00:00:00+00:00
[2025-02-12T00:33:15.200+0000] {processor.py:208} INFO - Processing /opt/airflow/dags/get_datalinks.py took 0.487 seconds
[2025-02-12T00:33:45.515+0000] {processor.py:186} INFO - Started process (PID=1170) to work on /opt/airflow/dags/get_datalinks.py
[2025-02-12T00:33:45.516+0000] {processor.py:914} INFO - Processing file /opt/airflow/dags/get_datalinks.py for tasks to queue
[2025-02-12T00:33:45.517+0000] {logging_mixin.py:190} INFO - [2025-02-12T00:33:45.517+0000] {dagbag.py:588} INFO - Filling up the DagBag from /opt/airflow/dags/get_datalinks.py
[2025-02-12T00:33:45.666+0000] {processor.py:925} INFO - DAG(s) 'dag_to_scrape_and_upload' retrieved from /opt/airflow/dags/get_datalinks.py
[2025-02-12T00:33:45.686+0000] {logging_mixin.py:190} INFO - [2025-02-12T00:33:45.686+0000] {dag.py:3239} INFO - Sync 1 DAGs
[2025-02-12T00:33:45.710+0000] {logging_mixin.py:190} INFO - [2025-02-12T00:33:45.710+0000] {dag.py:4180} INFO - Setting next_dagrun for dag_to_scrape_and_upload to 2025-02-12 00:00:00+00:00, run_after=2025-02-13 00:00:00+00:00
[2025-02-12T00:33:45.732+0000] {processor.py:208} INFO - Processing /opt/airflow/dags/get_datalinks.py took 0.226 seconds
[2025-02-12T00:34:16.526+0000] {processor.py:186} INFO - Started process (PID=1182) to work on /opt/airflow/dags/get_datalinks.py
[2025-02-12T00:34:16.528+0000] {processor.py:914} INFO - Processing file /opt/airflow/dags/get_datalinks.py for tasks to queue
[2025-02-12T00:34:16.530+0000] {logging_mixin.py:190} INFO - [2025-02-12T00:34:16.529+0000] {dagbag.py:588} INFO - Filling up the DagBag from /opt/airflow/dags/get_datalinks.py
[2025-02-12T00:34:16.828+0000] {processor.py:925} INFO - DAG(s) 'dag_to_scrape_and_upload' retrieved from /opt/airflow/dags/get_datalinks.py
[2025-02-12T00:34:17.075+0000] {logging_mixin.py:190} INFO - [2025-02-12T00:34:17.075+0000] {dag.py:3239} INFO - Sync 1 DAGs
[2025-02-12T00:34:17.114+0000] {logging_mixin.py:190} INFO - [2025-02-12T00:34:17.114+0000] {dag.py:4180} INFO - Setting next_dagrun for dag_to_scrape_and_upload to 2025-02-12 00:00:00+00:00, run_after=2025-02-13 00:00:00+00:00
[2025-02-12T00:34:17.143+0000] {processor.py:208} INFO - Processing /opt/airflow/dags/get_datalinks.py took 0.629 seconds
[2025-02-12T00:34:47.540+0000] {processor.py:186} INFO - Started process (PID=1194) to work on /opt/airflow/dags/get_datalinks.py
[2025-02-12T00:34:47.541+0000] {processor.py:914} INFO - Processing file /opt/airflow/dags/get_datalinks.py for tasks to queue
[2025-02-12T00:34:47.543+0000] {logging_mixin.py:190} INFO - [2025-02-12T00:34:47.543+0000] {dagbag.py:588} INFO - Filling up the DagBag from /opt/airflow/dags/get_datalinks.py
[2025-02-12T00:34:47.753+0000] {processor.py:925} INFO - DAG(s) 'dag_to_scrape_and_upload' retrieved from /opt/airflow/dags/get_datalinks.py
[2025-02-12T00:34:47.784+0000] {logging_mixin.py:190} INFO - [2025-02-12T00:34:47.784+0000] {dag.py:3239} INFO - Sync 1 DAGs
[2025-02-12T00:34:47.818+0000] {logging_mixin.py:190} INFO - [2025-02-12T00:34:47.818+0000] {dag.py:4180} INFO - Setting next_dagrun for dag_to_scrape_and_upload to 2025-02-12 00:00:00+00:00, run_after=2025-02-13 00:00:00+00:00
[2025-02-12T00:34:47.847+0000] {processor.py:208} INFO - Processing /opt/airflow/dags/get_datalinks.py took 0.322 seconds
[2025-02-12T00:35:18.098+0000] {processor.py:186} INFO - Started process (PID=1205) to work on /opt/airflow/dags/get_datalinks.py
[2025-02-12T00:35:18.099+0000] {processor.py:914} INFO - Processing file /opt/airflow/dags/get_datalinks.py for tasks to queue
[2025-02-12T00:35:18.101+0000] {logging_mixin.py:190} INFO - [2025-02-12T00:35:18.101+0000] {dagbag.py:588} INFO - Filling up the DagBag from /opt/airflow/dags/get_datalinks.py
[2025-02-12T00:35:18.320+0000] {processor.py:925} INFO - DAG(s) 'dag_to_scrape_and_upload' retrieved from /opt/airflow/dags/get_datalinks.py
[2025-02-12T00:35:18.425+0000] {logging_mixin.py:190} INFO - [2025-02-12T00:35:18.425+0000] {dag.py:3239} INFO - Sync 1 DAGs
[2025-02-12T00:35:18.451+0000] {logging_mixin.py:190} INFO - [2025-02-12T00:35:18.451+0000] {dag.py:4180} INFO - Setting next_dagrun for dag_to_scrape_and_upload to 2025-02-12 00:00:00+00:00, run_after=2025-02-13 00:00:00+00:00
[2025-02-12T00:35:18.487+0000] {processor.py:208} INFO - Processing /opt/airflow/dags/get_datalinks.py took 0.395 seconds
[2025-02-12T00:35:49.178+0000] {processor.py:186} INFO - Started process (PID=1218) to work on /opt/airflow/dags/get_datalinks.py
[2025-02-12T00:35:49.180+0000] {processor.py:914} INFO - Processing file /opt/airflow/dags/get_datalinks.py for tasks to queue
[2025-02-12T00:35:49.182+0000] {logging_mixin.py:190} INFO - [2025-02-12T00:35:49.182+0000] {dagbag.py:588} INFO - Filling up the DagBag from /opt/airflow/dags/get_datalinks.py
[2025-02-12T00:35:49.348+0000] {processor.py:925} INFO - DAG(s) 'dag_to_scrape_and_upload' retrieved from /opt/airflow/dags/get_datalinks.py
[2025-02-12T00:35:49.381+0000] {logging_mixin.py:190} INFO - [2025-02-12T00:35:49.380+0000] {dag.py:3239} INFO - Sync 1 DAGs
[2025-02-12T00:35:49.409+0000] {logging_mixin.py:190} INFO - [2025-02-12T00:35:49.409+0000] {dag.py:4180} INFO - Setting next_dagrun for dag_to_scrape_and_upload to 2025-02-12 00:00:00+00:00, run_after=2025-02-13 00:00:00+00:00
[2025-02-12T00:35:49.433+0000] {processor.py:208} INFO - Processing /opt/airflow/dags/get_datalinks.py took 0.261 seconds
[2025-02-12T00:36:19.528+0000] {processor.py:186} INFO - Started process (PID=1229) to work on /opt/airflow/dags/get_datalinks.py
[2025-02-12T00:36:19.529+0000] {processor.py:914} INFO - Processing file /opt/airflow/dags/get_datalinks.py for tasks to queue
[2025-02-12T00:36:19.530+0000] {logging_mixin.py:190} INFO - [2025-02-12T00:36:19.530+0000] {dagbag.py:588} INFO - Filling up the DagBag from /opt/airflow/dags/get_datalinks.py
[2025-02-12T00:36:19.675+0000] {processor.py:925} INFO - DAG(s) 'dag_to_scrape_and_upload' retrieved from /opt/airflow/dags/get_datalinks.py
[2025-02-12T00:36:19.772+0000] {logging_mixin.py:190} INFO - [2025-02-12T00:36:19.772+0000] {dag.py:3239} INFO - Sync 1 DAGs
[2025-02-12T00:36:19.801+0000] {logging_mixin.py:190} INFO - [2025-02-12T00:36:19.800+0000] {dag.py:4180} INFO - Setting next_dagrun for dag_to_scrape_and_upload to 2025-02-12 00:00:00+00:00, run_after=2025-02-13 00:00:00+00:00
[2025-02-12T00:36:19.825+0000] {processor.py:208} INFO - Processing /opt/airflow/dags/get_datalinks.py took 0.302 seconds
[2025-02-12T00:36:49.949+0000] {processor.py:186} INFO - Started process (PID=1241) to work on /opt/airflow/dags/get_datalinks.py
[2025-02-12T00:36:49.951+0000] {processor.py:914} INFO - Processing file /opt/airflow/dags/get_datalinks.py for tasks to queue
[2025-02-12T00:36:49.953+0000] {logging_mixin.py:190} INFO - [2025-02-12T00:36:49.953+0000] {dagbag.py:588} INFO - Filling up the DagBag from /opt/airflow/dags/get_datalinks.py
[2025-02-12T00:36:50.131+0000] {processor.py:925} INFO - DAG(s) 'dag_to_scrape_and_upload' retrieved from /opt/airflow/dags/get_datalinks.py
[2025-02-12T00:36:50.154+0000] {logging_mixin.py:190} INFO - [2025-02-12T00:36:50.154+0000] {dag.py:3239} INFO - Sync 1 DAGs
[2025-02-12T00:36:50.176+0000] {logging_mixin.py:190} INFO - [2025-02-12T00:36:50.176+0000] {dag.py:4180} INFO - Setting next_dagrun for dag_to_scrape_and_upload to 2025-02-12 00:00:00+00:00, run_after=2025-02-13 00:00:00+00:00
[2025-02-12T00:36:50.199+0000] {processor.py:208} INFO - Processing /opt/airflow/dags/get_datalinks.py took 0.259 seconds
[2025-02-12T00:37:20.265+0000] {processor.py:186} INFO - Started process (PID=1254) to work on /opt/airflow/dags/get_datalinks.py
[2025-02-12T00:37:20.267+0000] {processor.py:914} INFO - Processing file /opt/airflow/dags/get_datalinks.py for tasks to queue
[2025-02-12T00:37:20.269+0000] {logging_mixin.py:190} INFO - [2025-02-12T00:37:20.268+0000] {dagbag.py:588} INFO - Filling up the DagBag from /opt/airflow/dags/get_datalinks.py
[2025-02-12T00:37:20.689+0000] {processor.py:925} INFO - DAG(s) 'dag_to_scrape_and_upload' retrieved from /opt/airflow/dags/get_datalinks.py
[2025-02-12T00:37:20.875+0000] {logging_mixin.py:190} INFO - [2025-02-12T00:37:20.875+0000] {dag.py:3239} INFO - Sync 1 DAGs
[2025-02-12T00:37:20.916+0000] {logging_mixin.py:190} INFO - [2025-02-12T00:37:20.916+0000] {dag.py:4180} INFO - Setting next_dagrun for dag_to_scrape_and_upload to 2025-02-12 00:00:00+00:00, run_after=2025-02-13 00:00:00+00:00
[2025-02-12T00:37:21.008+0000] {processor.py:208} INFO - Processing /opt/airflow/dags/get_datalinks.py took 0.756 seconds
[2025-02-12T00:37:51.269+0000] {processor.py:186} INFO - Started process (PID=1266) to work on /opt/airflow/dags/get_datalinks.py
[2025-02-12T00:37:51.270+0000] {processor.py:914} INFO - Processing file /opt/airflow/dags/get_datalinks.py for tasks to queue
[2025-02-12T00:37:51.271+0000] {logging_mixin.py:190} INFO - [2025-02-12T00:37:51.271+0000] {dagbag.py:588} INFO - Filling up the DagBag from /opt/airflow/dags/get_datalinks.py
[2025-02-12T00:37:51.486+0000] {processor.py:925} INFO - DAG(s) 'dag_to_scrape_and_upload' retrieved from /opt/airflow/dags/get_datalinks.py
[2025-02-12T00:37:51.508+0000] {logging_mixin.py:190} INFO - [2025-02-12T00:37:51.508+0000] {dag.py:3239} INFO - Sync 1 DAGs
[2025-02-12T00:37:51.536+0000] {logging_mixin.py:190} INFO - [2025-02-12T00:37:51.536+0000] {dag.py:4180} INFO - Setting next_dagrun for dag_to_scrape_and_upload to 2025-02-12 00:00:00+00:00, run_after=2025-02-13 00:00:00+00:00
[2025-02-12T00:37:51.555+0000] {processor.py:208} INFO - Processing /opt/airflow/dags/get_datalinks.py took 0.293 seconds
[2025-02-12T00:38:21.842+0000] {processor.py:186} INFO - Started process (PID=1278) to work on /opt/airflow/dags/get_datalinks.py
[2025-02-12T00:38:21.843+0000] {processor.py:914} INFO - Processing file /opt/airflow/dags/get_datalinks.py for tasks to queue
[2025-02-12T00:38:21.845+0000] {logging_mixin.py:190} INFO - [2025-02-12T00:38:21.845+0000] {dagbag.py:588} INFO - Filling up the DagBag from /opt/airflow/dags/get_datalinks.py
[2025-02-12T00:38:22.042+0000] {processor.py:925} INFO - DAG(s) 'dag_to_scrape_and_upload' retrieved from /opt/airflow/dags/get_datalinks.py
[2025-02-12T00:38:22.183+0000] {logging_mixin.py:190} INFO - [2025-02-12T00:38:22.182+0000] {dag.py:3239} INFO - Sync 1 DAGs
[2025-02-12T00:38:22.203+0000] {logging_mixin.py:190} INFO - [2025-02-12T00:38:22.203+0000] {dag.py:4180} INFO - Setting next_dagrun for dag_to_scrape_and_upload to 2025-02-12 00:00:00+00:00, run_after=2025-02-13 00:00:00+00:00
[2025-02-12T00:38:22.225+0000] {processor.py:208} INFO - Processing /opt/airflow/dags/get_datalinks.py took 0.389 seconds
