[2025-02-12T00:00:28.418+0000] {processor.py:186} INFO - Started process (PID=373) to work on /opt/airflow/dags/scrape_upload_dag.py
[2025-02-12T00:00:28.419+0000] {processor.py:914} INFO - Processing file /opt/airflow/dags/scrape_upload_dag.py for tasks to queue
[2025-02-12T00:00:28.420+0000] {logging_mixin.py:190} INFO - [2025-02-12T00:00:28.420+0000] {dagbag.py:588} INFO - Filling up the DagBag from /opt/airflow/dags/scrape_upload_dag.py
[2025-02-12T00:00:28.652+0000] {processor.py:925} INFO - DAG(s) 'dag_to_scrape_and_upload' retrieved from /opt/airflow/dags/scrape_upload_dag.py
[2025-02-12T00:00:28.694+0000] {logging_mixin.py:190} INFO - [2025-02-12T00:00:28.694+0000] {dag.py:3239} INFO - Sync 1 DAGs
[2025-02-12T00:00:28.729+0000] {logging_mixin.py:190} INFO - [2025-02-12T00:00:28.728+0000] {dag.py:4180} INFO - Setting next_dagrun for dag_to_scrape_and_upload to 2025-02-12 00:00:00+00:00, run_after=2025-02-13 00:00:00+00:00
[2025-02-12T00:00:28.752+0000] {processor.py:208} INFO - Processing /opt/airflow/dags/scrape_upload_dag.py took 0.340 seconds
[2025-02-12T00:00:59.044+0000] {processor.py:186} INFO - Started process (PID=383) to work on /opt/airflow/dags/scrape_upload_dag.py
[2025-02-12T00:00:59.045+0000] {processor.py:914} INFO - Processing file /opt/airflow/dags/scrape_upload_dag.py for tasks to queue
[2025-02-12T00:00:59.047+0000] {logging_mixin.py:190} INFO - [2025-02-12T00:00:59.046+0000] {dagbag.py:588} INFO - Filling up the DagBag from /opt/airflow/dags/scrape_upload_dag.py
[2025-02-12T00:00:59.217+0000] {processor.py:925} INFO - DAG(s) 'dag_to_scrape_and_upload' retrieved from /opt/airflow/dags/scrape_upload_dag.py
[2025-02-12T00:00:59.247+0000] {logging_mixin.py:190} INFO - [2025-02-12T00:00:59.247+0000] {dag.py:3239} INFO - Sync 1 DAGs
[2025-02-12T00:00:59.280+0000] {logging_mixin.py:190} INFO - [2025-02-12T00:00:59.280+0000] {dag.py:4180} INFO - Setting next_dagrun for dag_to_scrape_and_upload to 2025-02-12 00:00:00+00:00, run_after=2025-02-13 00:00:00+00:00
[2025-02-12T00:00:59.303+0000] {processor.py:208} INFO - Processing /opt/airflow/dags/scrape_upload_dag.py took 0.265 seconds
[2025-02-12T00:01:30.300+0000] {processor.py:186} INFO - Started process (PID=396) to work on /opt/airflow/dags/scrape_upload_dag.py
[2025-02-12T00:01:30.301+0000] {processor.py:914} INFO - Processing file /opt/airflow/dags/scrape_upload_dag.py for tasks to queue
[2025-02-12T00:01:30.303+0000] {logging_mixin.py:190} INFO - [2025-02-12T00:01:30.302+0000] {dagbag.py:588} INFO - Filling up the DagBag from /opt/airflow/dags/scrape_upload_dag.py
[2025-02-12T00:01:30.497+0000] {processor.py:925} INFO - DAG(s) 'dag_to_scrape_and_upload' retrieved from /opt/airflow/dags/scrape_upload_dag.py
[2025-02-12T00:01:30.526+0000] {logging_mixin.py:190} INFO - [2025-02-12T00:01:30.526+0000] {dag.py:3239} INFO - Sync 1 DAGs
[2025-02-12T00:01:30.552+0000] {logging_mixin.py:190} INFO - [2025-02-12T00:01:30.552+0000] {dag.py:4180} INFO - Setting next_dagrun for dag_to_scrape_and_upload to 2025-02-12 00:00:00+00:00, run_after=2025-02-13 00:00:00+00:00
[2025-02-12T00:01:30.573+0000] {processor.py:208} INFO - Processing /opt/airflow/dags/scrape_upload_dag.py took 0.279 seconds
[2025-02-12T00:02:00.902+0000] {processor.py:186} INFO - Started process (PID=411) to work on /opt/airflow/dags/scrape_upload_dag.py
[2025-02-12T00:02:00.904+0000] {processor.py:914} INFO - Processing file /opt/airflow/dags/scrape_upload_dag.py for tasks to queue
[2025-02-12T00:02:00.905+0000] {logging_mixin.py:190} INFO - [2025-02-12T00:02:00.905+0000] {dagbag.py:588} INFO - Filling up the DagBag from /opt/airflow/dags/scrape_upload_dag.py
[2025-02-12T00:02:01.128+0000] {processor.py:925} INFO - DAG(s) 'dag_to_scrape_and_upload' retrieved from /opt/airflow/dags/scrape_upload_dag.py
[2025-02-12T00:02:01.145+0000] {logging_mixin.py:190} INFO - [2025-02-12T00:02:01.145+0000] {dag.py:3239} INFO - Sync 1 DAGs
[2025-02-12T00:02:01.192+0000] {logging_mixin.py:190} INFO - [2025-02-12T00:02:01.192+0000] {dag.py:4180} INFO - Setting next_dagrun for dag_to_scrape_and_upload to 2025-02-12 00:00:00+00:00, run_after=2025-02-13 00:00:00+00:00
[2025-02-12T00:02:01.216+0000] {processor.py:208} INFO - Processing /opt/airflow/dags/scrape_upload_dag.py took 0.324 seconds
[2025-02-12T00:02:31.974+0000] {processor.py:186} INFO - Started process (PID=424) to work on /opt/airflow/dags/scrape_upload_dag.py
[2025-02-12T00:02:31.976+0000] {processor.py:914} INFO - Processing file /opt/airflow/dags/scrape_upload_dag.py for tasks to queue
[2025-02-12T00:02:31.977+0000] {logging_mixin.py:190} INFO - [2025-02-12T00:02:31.977+0000] {dagbag.py:588} INFO - Filling up the DagBag from /opt/airflow/dags/scrape_upload_dag.py
[2025-02-12T00:02:32.172+0000] {processor.py:925} INFO - DAG(s) 'dag_to_scrape_and_upload' retrieved from /opt/airflow/dags/scrape_upload_dag.py
[2025-02-12T00:02:32.269+0000] {logging_mixin.py:190} INFO - [2025-02-12T00:02:32.269+0000] {dag.py:3239} INFO - Sync 1 DAGs
[2025-02-12T00:02:32.294+0000] {logging_mixin.py:190} INFO - [2025-02-12T00:02:32.294+0000] {dag.py:4180} INFO - Setting next_dagrun for dag_to_scrape_and_upload to 2025-02-12 00:00:00+00:00, run_after=2025-02-13 00:00:00+00:00
[2025-02-12T00:02:32.315+0000] {processor.py:208} INFO - Processing /opt/airflow/dags/scrape_upload_dag.py took 0.350 seconds
[2025-02-12T00:03:02.735+0000] {processor.py:186} INFO - Started process (PID=437) to work on /opt/airflow/dags/scrape_upload_dag.py
[2025-02-12T00:03:02.736+0000] {processor.py:914} INFO - Processing file /opt/airflow/dags/scrape_upload_dag.py for tasks to queue
[2025-02-12T00:03:02.737+0000] {logging_mixin.py:190} INFO - [2025-02-12T00:03:02.737+0000] {dagbag.py:588} INFO - Filling up the DagBag from /opt/airflow/dags/scrape_upload_dag.py
[2025-02-12T00:03:02.924+0000] {processor.py:925} INFO - DAG(s) 'dag_to_scrape_and_upload' retrieved from /opt/airflow/dags/scrape_upload_dag.py
[2025-02-12T00:03:02.950+0000] {logging_mixin.py:190} INFO - [2025-02-12T00:03:02.950+0000] {dag.py:3239} INFO - Sync 1 DAGs
[2025-02-12T00:03:02.973+0000] {logging_mixin.py:190} INFO - [2025-02-12T00:03:02.973+0000] {dag.py:4180} INFO - Setting next_dagrun for dag_to_scrape_and_upload to 2025-02-12 00:00:00+00:00, run_after=2025-02-13 00:00:00+00:00
[2025-02-12T00:03:02.995+0000] {processor.py:208} INFO - Processing /opt/airflow/dags/scrape_upload_dag.py took 0.266 seconds
[2025-02-12T00:03:09.867+0000] {processor.py:186} INFO - Started process (PID=445) to work on /opt/airflow/dags/scrape_upload_dag.py
[2025-02-12T00:03:09.868+0000] {processor.py:914} INFO - Processing file /opt/airflow/dags/scrape_upload_dag.py for tasks to queue
[2025-02-12T00:03:09.869+0000] {logging_mixin.py:190} INFO - [2025-02-12T00:03:09.869+0000] {dagbag.py:588} INFO - Filling up the DagBag from /opt/airflow/dags/scrape_upload_dag.py
[2025-02-12T00:03:10.026+0000] {processor.py:925} INFO - DAG(s) 'dag_to_scrape_and_upload' retrieved from /opt/airflow/dags/scrape_upload_dag.py
[2025-02-12T00:03:10.054+0000] {logging_mixin.py:190} INFO - [2025-02-12T00:03:10.054+0000] {dag.py:3239} INFO - Sync 1 DAGs
[2025-02-12T00:03:10.079+0000] {logging_mixin.py:190} INFO - [2025-02-12T00:03:10.078+0000] {dag.py:4180} INFO - Setting next_dagrun for dag_to_scrape_and_upload to 2025-02-12 00:00:00+00:00, run_after=2025-02-13 00:00:00+00:00
[2025-02-12T00:03:10.110+0000] {processor.py:208} INFO - Processing /opt/airflow/dags/scrape_upload_dag.py took 0.249 seconds
[2025-02-12T00:03:12.626+0000] {processor.py:186} INFO - Started process (PID=447) to work on /opt/airflow/dags/scrape_upload_dag.py
[2025-02-12T00:03:12.628+0000] {processor.py:914} INFO - Processing file /opt/airflow/dags/scrape_upload_dag.py for tasks to queue
[2025-02-12T00:03:12.630+0000] {logging_mixin.py:190} INFO - [2025-02-12T00:03:12.630+0000] {dagbag.py:588} INFO - Filling up the DagBag from /opt/airflow/dags/scrape_upload_dag.py
[2025-02-12T00:03:12.835+0000] {processor.py:925} INFO - DAG(s) 'dag_to_scrape_and_upload' retrieved from /opt/airflow/dags/scrape_upload_dag.py
[2025-02-12T00:03:12.865+0000] {logging_mixin.py:190} INFO - [2025-02-12T00:03:12.865+0000] {dag.py:3239} INFO - Sync 1 DAGs
[2025-02-12T00:03:12.892+0000] {logging_mixin.py:190} INFO - [2025-02-12T00:03:12.892+0000] {dag.py:4180} INFO - Setting next_dagrun for dag_to_scrape_and_upload to 2025-02-12 00:00:00+00:00, run_after=2025-02-13 00:00:00+00:00
[2025-02-12T00:03:12.923+0000] {processor.py:208} INFO - Processing /opt/airflow/dags/scrape_upload_dag.py took 0.302 seconds
[2025-02-12T00:03:43.687+0000] {processor.py:186} INFO - Started process (PID=459) to work on /opt/airflow/dags/scrape_upload_dag.py
[2025-02-12T00:03:43.689+0000] {processor.py:914} INFO - Processing file /opt/airflow/dags/scrape_upload_dag.py for tasks to queue
[2025-02-12T00:03:43.690+0000] {logging_mixin.py:190} INFO - [2025-02-12T00:03:43.690+0000] {dagbag.py:588} INFO - Filling up the DagBag from /opt/airflow/dags/scrape_upload_dag.py
[2025-02-12T00:03:43.940+0000] {processor.py:925} INFO - DAG(s) 'dag_to_scrape_and_upload' retrieved from /opt/airflow/dags/scrape_upload_dag.py
[2025-02-12T00:03:43.951+0000] {logging_mixin.py:190} INFO - [2025-02-12T00:03:43.950+0000] {dag.py:3239} INFO - Sync 1 DAGs
[2025-02-12T00:03:43.974+0000] {logging_mixin.py:190} INFO - [2025-02-12T00:03:43.973+0000] {dag.py:4180} INFO - Setting next_dagrun for dag_to_scrape_and_upload to 2025-02-12 00:00:00+00:00, run_after=2025-02-13 00:00:00+00:00
[2025-02-12T00:03:43.991+0000] {processor.py:208} INFO - Processing /opt/airflow/dags/scrape_upload_dag.py took 0.309 seconds
[2025-02-12T00:04:14.339+0000] {processor.py:186} INFO - Started process (PID=475) to work on /opt/airflow/dags/scrape_upload_dag.py
[2025-02-12T00:04:14.341+0000] {processor.py:914} INFO - Processing file /opt/airflow/dags/scrape_upload_dag.py for tasks to queue
[2025-02-12T00:04:14.343+0000] {logging_mixin.py:190} INFO - [2025-02-12T00:04:14.343+0000] {dagbag.py:588} INFO - Filling up the DagBag from /opt/airflow/dags/scrape_upload_dag.py
[2025-02-12T00:04:14.763+0000] {processor.py:925} INFO - DAG(s) 'dag_to_scrape_and_upload' retrieved from /opt/airflow/dags/scrape_upload_dag.py
[2025-02-12T00:04:15.199+0000] {logging_mixin.py:190} INFO - [2025-02-12T00:04:15.199+0000] {dag.py:3239} INFO - Sync 1 DAGs
[2025-02-12T00:04:15.253+0000] {logging_mixin.py:190} INFO - [2025-02-12T00:04:15.252+0000] {dag.py:4180} INFO - Setting next_dagrun for dag_to_scrape_and_upload to 2025-02-12 00:00:00+00:00, run_after=2025-02-13 00:00:00+00:00
[2025-02-12T00:04:15.328+0000] {processor.py:208} INFO - Processing /opt/airflow/dags/scrape_upload_dag.py took 0.998 seconds
[2025-02-12T00:04:45.989+0000] {processor.py:186} INFO - Started process (PID=486) to work on /opt/airflow/dags/scrape_upload_dag.py
[2025-02-12T00:04:45.991+0000] {processor.py:914} INFO - Processing file /opt/airflow/dags/scrape_upload_dag.py for tasks to queue
[2025-02-12T00:04:45.994+0000] {logging_mixin.py:190} INFO - [2025-02-12T00:04:45.993+0000] {dagbag.py:588} INFO - Filling up the DagBag from /opt/airflow/dags/scrape_upload_dag.py
[2025-02-12T00:04:46.304+0000] {processor.py:925} INFO - DAG(s) 'dag_to_scrape_and_upload' retrieved from /opt/airflow/dags/scrape_upload_dag.py
[2025-02-12T00:04:46.350+0000] {logging_mixin.py:190} INFO - [2025-02-12T00:04:46.350+0000] {dag.py:3239} INFO - Sync 1 DAGs
[2025-02-12T00:04:46.392+0000] {logging_mixin.py:190} INFO - [2025-02-12T00:04:46.392+0000] {dag.py:4180} INFO - Setting next_dagrun for dag_to_scrape_and_upload to 2025-02-12 00:00:00+00:00, run_after=2025-02-13 00:00:00+00:00
[2025-02-12T00:04:46.423+0000] {processor.py:208} INFO - Processing /opt/airflow/dags/scrape_upload_dag.py took 0.444 seconds
[2025-02-12T00:05:16.897+0000] {processor.py:186} INFO - Started process (PID=498) to work on /opt/airflow/dags/scrape_upload_dag.py
[2025-02-12T00:05:16.901+0000] {processor.py:914} INFO - Processing file /opt/airflow/dags/scrape_upload_dag.py for tasks to queue
[2025-02-12T00:05:16.904+0000] {logging_mixin.py:190} INFO - [2025-02-12T00:05:16.903+0000] {dagbag.py:588} INFO - Filling up the DagBag from /opt/airflow/dags/scrape_upload_dag.py
[2025-02-12T00:05:17.419+0000] {processor.py:925} INFO - DAG(s) 'dag_to_scrape_and_upload' retrieved from /opt/airflow/dags/scrape_upload_dag.py
[2025-02-12T00:05:17.495+0000] {logging_mixin.py:190} INFO - [2025-02-12T00:05:17.495+0000] {dag.py:3239} INFO - Sync 1 DAGs
[2025-02-12T00:05:17.687+0000] {logging_mixin.py:190} INFO - [2025-02-12T00:05:17.686+0000] {dag.py:4180} INFO - Setting next_dagrun for dag_to_scrape_and_upload to 2025-02-12 00:00:00+00:00, run_after=2025-02-13 00:00:00+00:00
[2025-02-12T00:05:17.718+0000] {processor.py:208} INFO - Processing /opt/airflow/dags/scrape_upload_dag.py took 0.856 seconds
[2025-02-12T00:05:48.531+0000] {processor.py:186} INFO - Started process (PID=510) to work on /opt/airflow/dags/scrape_upload_dag.py
[2025-02-12T00:05:48.534+0000] {processor.py:914} INFO - Processing file /opt/airflow/dags/scrape_upload_dag.py for tasks to queue
[2025-02-12T00:05:48.536+0000] {logging_mixin.py:190} INFO - [2025-02-12T00:05:48.535+0000] {dagbag.py:588} INFO - Filling up the DagBag from /opt/airflow/dags/scrape_upload_dag.py
[2025-02-12T00:05:50.502+0000] {processor.py:925} INFO - DAG(s) 'dag_to_scrape_and_upload' retrieved from /opt/airflow/dags/scrape_upload_dag.py
[2025-02-12T00:05:52.268+0000] {logging_mixin.py:190} INFO - [2025-02-12T00:05:52.267+0000] {dag.py:3239} INFO - Sync 1 DAGs
[2025-02-12T00:05:52.531+0000] {logging_mixin.py:190} INFO - [2025-02-12T00:05:52.530+0000] {dag.py:4180} INFO - Setting next_dagrun for dag_to_scrape_and_upload to 2025-02-12 00:00:00+00:00, run_after=2025-02-13 00:00:00+00:00
[2025-02-12T00:05:53.990+0000] {processor.py:208} INFO - Processing /opt/airflow/dags/scrape_upload_dag.py took 5.491 seconds
[2025-02-12T00:06:24.713+0000] {processor.py:186} INFO - Started process (PID=523) to work on /opt/airflow/dags/scrape_upload_dag.py
[2025-02-12T00:06:24.719+0000] {processor.py:914} INFO - Processing file /opt/airflow/dags/scrape_upload_dag.py for tasks to queue
[2025-02-12T00:06:24.723+0000] {logging_mixin.py:190} INFO - [2025-02-12T00:06:24.722+0000] {dagbag.py:588} INFO - Filling up the DagBag from /opt/airflow/dags/scrape_upload_dag.py
[2025-02-12T00:06:24.972+0000] {processor.py:925} INFO - DAG(s) 'dag_to_scrape_and_upload' retrieved from /opt/airflow/dags/scrape_upload_dag.py
[2025-02-12T00:06:25.019+0000] {logging_mixin.py:190} INFO - [2025-02-12T00:06:25.018+0000] {dag.py:3239} INFO - Sync 1 DAGs
[2025-02-12T00:06:25.058+0000] {logging_mixin.py:190} INFO - [2025-02-12T00:06:25.058+0000] {dag.py:4180} INFO - Setting next_dagrun for dag_to_scrape_and_upload to 2025-02-12 00:00:00+00:00, run_after=2025-02-13 00:00:00+00:00
[2025-02-12T00:06:25.088+0000] {processor.py:208} INFO - Processing /opt/airflow/dags/scrape_upload_dag.py took 0.383 seconds
[2025-02-12T00:06:55.272+0000] {processor.py:186} INFO - Started process (PID=534) to work on /opt/airflow/dags/scrape_upload_dag.py
[2025-02-12T00:06:55.273+0000] {processor.py:914} INFO - Processing file /opt/airflow/dags/scrape_upload_dag.py for tasks to queue
[2025-02-12T00:06:55.274+0000] {logging_mixin.py:190} INFO - [2025-02-12T00:06:55.274+0000] {dagbag.py:588} INFO - Filling up the DagBag from /opt/airflow/dags/scrape_upload_dag.py
[2025-02-12T00:06:55.453+0000] {processor.py:925} INFO - DAG(s) 'dag_to_scrape_and_upload' retrieved from /opt/airflow/dags/scrape_upload_dag.py
[2025-02-12T00:06:55.466+0000] {logging_mixin.py:190} INFO - [2025-02-12T00:06:55.465+0000] {dag.py:3239} INFO - Sync 1 DAGs
[2025-02-12T00:06:55.493+0000] {logging_mixin.py:190} INFO - [2025-02-12T00:06:55.493+0000] {dag.py:4180} INFO - Setting next_dagrun for dag_to_scrape_and_upload to 2025-02-12 00:00:00+00:00, run_after=2025-02-13 00:00:00+00:00
[2025-02-12T00:06:55.523+0000] {processor.py:208} INFO - Processing /opt/airflow/dags/scrape_upload_dag.py took 0.259 seconds
[2025-02-12T00:07:25.912+0000] {processor.py:186} INFO - Started process (PID=547) to work on /opt/airflow/dags/scrape_upload_dag.py
[2025-02-12T00:07:25.914+0000] {processor.py:914} INFO - Processing file /opt/airflow/dags/scrape_upload_dag.py for tasks to queue
[2025-02-12T00:07:25.917+0000] {logging_mixin.py:190} INFO - [2025-02-12T00:07:25.916+0000] {dagbag.py:588} INFO - Filling up the DagBag from /opt/airflow/dags/scrape_upload_dag.py
[2025-02-12T00:07:26.152+0000] {processor.py:925} INFO - DAG(s) 'dag_to_scrape_and_upload' retrieved from /opt/airflow/dags/scrape_upload_dag.py
[2025-02-12T00:07:26.322+0000] {logging_mixin.py:190} INFO - [2025-02-12T00:07:26.321+0000] {dag.py:3239} INFO - Sync 1 DAGs
[2025-02-12T00:07:26.362+0000] {logging_mixin.py:190} INFO - [2025-02-12T00:07:26.362+0000] {dag.py:4180} INFO - Setting next_dagrun for dag_to_scrape_and_upload to 2025-02-12 00:00:00+00:00, run_after=2025-02-13 00:00:00+00:00
[2025-02-12T00:07:26.399+0000] {processor.py:208} INFO - Processing /opt/airflow/dags/scrape_upload_dag.py took 0.494 seconds
[2025-02-12T00:07:57.005+0000] {processor.py:186} INFO - Started process (PID=559) to work on /opt/airflow/dags/scrape_upload_dag.py
[2025-02-12T00:07:57.016+0000] {processor.py:914} INFO - Processing file /opt/airflow/dags/scrape_upload_dag.py for tasks to queue
[2025-02-12T00:07:57.029+0000] {logging_mixin.py:190} INFO - [2025-02-12T00:07:57.028+0000] {dagbag.py:588} INFO - Filling up the DagBag from /opt/airflow/dags/scrape_upload_dag.py
[2025-02-12T00:07:57.948+0000] {processor.py:925} INFO - DAG(s) 'dag_to_scrape_and_upload' retrieved from /opt/airflow/dags/scrape_upload_dag.py
[2025-02-12T00:07:58.101+0000] {logging_mixin.py:190} INFO - [2025-02-12T00:07:58.101+0000] {dag.py:3239} INFO - Sync 1 DAGs
[2025-02-12T00:07:58.293+0000] {logging_mixin.py:190} INFO - [2025-02-12T00:07:58.291+0000] {dag.py:4180} INFO - Setting next_dagrun for dag_to_scrape_and_upload to 2025-02-12 00:00:00+00:00, run_after=2025-02-13 00:00:00+00:00
[2025-02-12T00:07:58.456+0000] {processor.py:208} INFO - Processing /opt/airflow/dags/scrape_upload_dag.py took 1.489 seconds
[2025-02-12T00:08:28.735+0000] {processor.py:186} INFO - Started process (PID=569) to work on /opt/airflow/dags/scrape_upload_dag.py
[2025-02-12T00:08:28.737+0000] {processor.py:914} INFO - Processing file /opt/airflow/dags/scrape_upload_dag.py for tasks to queue
[2025-02-12T00:08:28.746+0000] {logging_mixin.py:190} INFO - [2025-02-12T00:08:28.744+0000] {dagbag.py:588} INFO - Filling up the DagBag from /opt/airflow/dags/scrape_upload_dag.py
[2025-02-12T00:08:29.273+0000] {processor.py:925} INFO - DAG(s) 'dag_to_scrape_and_upload' retrieved from /opt/airflow/dags/scrape_upload_dag.py
[2025-02-12T00:08:29.447+0000] {logging_mixin.py:190} INFO - [2025-02-12T00:08:29.447+0000] {dag.py:3239} INFO - Sync 1 DAGs
[2025-02-12T00:08:29.676+0000] {logging_mixin.py:190} INFO - [2025-02-12T00:08:29.676+0000] {dag.py:4180} INFO - Setting next_dagrun for dag_to_scrape_and_upload to 2025-02-12 00:00:00+00:00, run_after=2025-02-13 00:00:00+00:00
[2025-02-12T00:08:32.215+0000] {processor.py:208} INFO - Processing /opt/airflow/dags/scrape_upload_dag.py took 3.495 seconds
[2025-02-12T00:09:02.758+0000] {processor.py:186} INFO - Started process (PID=582) to work on /opt/airflow/dags/scrape_upload_dag.py
[2025-02-12T00:09:02.763+0000] {processor.py:914} INFO - Processing file /opt/airflow/dags/scrape_upload_dag.py for tasks to queue
[2025-02-12T00:09:02.766+0000] {logging_mixin.py:190} INFO - [2025-02-12T00:09:02.765+0000] {dagbag.py:588} INFO - Filling up the DagBag from /opt/airflow/dags/scrape_upload_dag.py
[2025-02-12T00:09:03.083+0000] {processor.py:925} INFO - DAG(s) 'dag_to_scrape_and_upload' retrieved from /opt/airflow/dags/scrape_upload_dag.py
[2025-02-12T00:09:03.520+0000] {logging_mixin.py:190} INFO - [2025-02-12T00:09:03.519+0000] {dag.py:3239} INFO - Sync 1 DAGs
[2025-02-12T00:09:03.603+0000] {logging_mixin.py:190} INFO - [2025-02-12T00:09:03.603+0000] {dag.py:4180} INFO - Setting next_dagrun for dag_to_scrape_and_upload to 2025-02-12 00:00:00+00:00, run_after=2025-02-13 00:00:00+00:00
[2025-02-12T00:09:03.669+0000] {processor.py:208} INFO - Processing /opt/airflow/dags/scrape_upload_dag.py took 0.921 seconds
[2025-02-12T00:09:34.239+0000] {processor.py:186} INFO - Started process (PID=594) to work on /opt/airflow/dags/scrape_upload_dag.py
[2025-02-12T00:09:34.241+0000] {processor.py:914} INFO - Processing file /opt/airflow/dags/scrape_upload_dag.py for tasks to queue
[2025-02-12T00:09:34.245+0000] {logging_mixin.py:190} INFO - [2025-02-12T00:09:34.244+0000] {dagbag.py:588} INFO - Filling up the DagBag from /opt/airflow/dags/scrape_upload_dag.py
[2025-02-12T00:09:35.443+0000] {processor.py:925} INFO - DAG(s) 'dag_to_scrape_and_upload' retrieved from /opt/airflow/dags/scrape_upload_dag.py
[2025-02-12T00:09:35.688+0000] {logging_mixin.py:190} INFO - [2025-02-12T00:09:35.687+0000] {dag.py:3239} INFO - Sync 1 DAGs
[2025-02-12T00:09:35.879+0000] {logging_mixin.py:190} INFO - [2025-02-12T00:09:35.878+0000] {dag.py:4180} INFO - Setting next_dagrun for dag_to_scrape_and_upload to 2025-02-12 00:00:00+00:00, run_after=2025-02-13 00:00:00+00:00
[2025-02-12T00:09:36.054+0000] {processor.py:208} INFO - Processing /opt/airflow/dags/scrape_upload_dag.py took 1.839 seconds
[2025-02-12T00:10:06.316+0000] {processor.py:186} INFO - Started process (PID=605) to work on /opt/airflow/dags/scrape_upload_dag.py
[2025-02-12T00:10:06.318+0000] {processor.py:914} INFO - Processing file /opt/airflow/dags/scrape_upload_dag.py for tasks to queue
[2025-02-12T00:10:06.321+0000] {logging_mixin.py:190} INFO - [2025-02-12T00:10:06.320+0000] {dagbag.py:588} INFO - Filling up the DagBag from /opt/airflow/dags/scrape_upload_dag.py
[2025-02-12T00:10:06.591+0000] {processor.py:925} INFO - DAG(s) 'dag_to_scrape_and_upload' retrieved from /opt/airflow/dags/scrape_upload_dag.py
[2025-02-12T00:10:06.743+0000] {logging_mixin.py:190} INFO - [2025-02-12T00:10:06.742+0000] {dag.py:3239} INFO - Sync 1 DAGs
[2025-02-12T00:10:06.775+0000] {logging_mixin.py:190} INFO - [2025-02-12T00:10:06.775+0000] {dag.py:4180} INFO - Setting next_dagrun for dag_to_scrape_and_upload to 2025-02-12 00:00:00+00:00, run_after=2025-02-13 00:00:00+00:00
[2025-02-12T00:10:06.812+0000] {processor.py:208} INFO - Processing /opt/airflow/dags/scrape_upload_dag.py took 0.504 seconds
[2025-02-12T00:10:36.997+0000] {processor.py:186} INFO - Started process (PID=618) to work on /opt/airflow/dags/scrape_upload_dag.py
[2025-02-12T00:10:36.999+0000] {processor.py:914} INFO - Processing file /opt/airflow/dags/scrape_upload_dag.py for tasks to queue
[2025-02-12T00:10:37.001+0000] {logging_mixin.py:190} INFO - [2025-02-12T00:10:37.000+0000] {dagbag.py:588} INFO - Filling up the DagBag from /opt/airflow/dags/scrape_upload_dag.py
[2025-02-12T00:10:37.189+0000] {processor.py:925} INFO - DAG(s) 'dag_to_scrape_and_upload' retrieved from /opt/airflow/dags/scrape_upload_dag.py
[2025-02-12T00:10:37.218+0000] {logging_mixin.py:190} INFO - [2025-02-12T00:10:37.218+0000] {dag.py:3239} INFO - Sync 1 DAGs
[2025-02-12T00:10:37.244+0000] {logging_mixin.py:190} INFO - [2025-02-12T00:10:37.243+0000] {dag.py:4180} INFO - Setting next_dagrun for dag_to_scrape_and_upload to 2025-02-12 00:00:00+00:00, run_after=2025-02-13 00:00:00+00:00
[2025-02-12T00:10:37.269+0000] {processor.py:208} INFO - Processing /opt/airflow/dags/scrape_upload_dag.py took 0.285 seconds
[2025-02-12T00:11:07.365+0000] {processor.py:186} INFO - Started process (PID=627) to work on /opt/airflow/dags/scrape_upload_dag.py
[2025-02-12T00:11:07.367+0000] {processor.py:914} INFO - Processing file /opt/airflow/dags/scrape_upload_dag.py for tasks to queue
[2025-02-12T00:11:07.369+0000] {logging_mixin.py:190} INFO - [2025-02-12T00:11:07.368+0000] {dagbag.py:588} INFO - Filling up the DagBag from /opt/airflow/dags/scrape_upload_dag.py
[2025-02-12T00:11:07.606+0000] {processor.py:925} INFO - DAG(s) 'dag_to_scrape_and_upload' retrieved from /opt/airflow/dags/scrape_upload_dag.py
[2025-02-12T00:11:07.750+0000] {logging_mixin.py:190} INFO - [2025-02-12T00:11:07.750+0000] {dag.py:3239} INFO - Sync 1 DAGs
[2025-02-12T00:11:07.783+0000] {logging_mixin.py:190} INFO - [2025-02-12T00:11:07.782+0000] {dag.py:4180} INFO - Setting next_dagrun for dag_to_scrape_and_upload to 2025-02-12 00:00:00+00:00, run_after=2025-02-13 00:00:00+00:00
[2025-02-12T00:11:07.810+0000] {processor.py:208} INFO - Processing /opt/airflow/dags/scrape_upload_dag.py took 0.451 seconds
[2025-02-12T00:11:38.503+0000] {processor.py:186} INFO - Started process (PID=639) to work on /opt/airflow/dags/scrape_upload_dag.py
[2025-02-12T00:11:38.505+0000] {processor.py:914} INFO - Processing file /opt/airflow/dags/scrape_upload_dag.py for tasks to queue
[2025-02-12T00:11:38.507+0000] {logging_mixin.py:190} INFO - [2025-02-12T00:11:38.506+0000] {dagbag.py:588} INFO - Filling up the DagBag from /opt/airflow/dags/scrape_upload_dag.py
[2025-02-12T00:11:38.807+0000] {processor.py:925} INFO - DAG(s) 'dag_to_scrape_and_upload' retrieved from /opt/airflow/dags/scrape_upload_dag.py
[2025-02-12T00:11:38.851+0000] {logging_mixin.py:190} INFO - [2025-02-12T00:11:38.851+0000] {dag.py:3239} INFO - Sync 1 DAGs
[2025-02-12T00:11:38.897+0000] {logging_mixin.py:190} INFO - [2025-02-12T00:11:38.897+0000] {dag.py:4180} INFO - Setting next_dagrun for dag_to_scrape_and_upload to 2025-02-12 00:00:00+00:00, run_after=2025-02-13 00:00:00+00:00
[2025-02-12T00:11:38.930+0000] {processor.py:208} INFO - Processing /opt/airflow/dags/scrape_upload_dag.py took 0.435 seconds
[2025-02-12T00:12:09.572+0000] {processor.py:186} INFO - Started process (PID=651) to work on /opt/airflow/dags/scrape_upload_dag.py
[2025-02-12T00:12:09.578+0000] {processor.py:914} INFO - Processing file /opt/airflow/dags/scrape_upload_dag.py for tasks to queue
[2025-02-12T00:12:09.582+0000] {logging_mixin.py:190} INFO - [2025-02-12T00:12:09.581+0000] {dagbag.py:588} INFO - Filling up the DagBag from /opt/airflow/dags/scrape_upload_dag.py
[2025-02-12T00:12:10.394+0000] {processor.py:925} INFO - DAG(s) 'dag_to_scrape_and_upload' retrieved from /opt/airflow/dags/scrape_upload_dag.py
[2025-02-12T00:12:10.686+0000] {logging_mixin.py:190} INFO - [2025-02-12T00:12:10.685+0000] {dag.py:3239} INFO - Sync 1 DAGs
[2025-02-12T00:12:10.726+0000] {logging_mixin.py:190} INFO - [2025-02-12T00:12:10.726+0000] {dag.py:4180} INFO - Setting next_dagrun for dag_to_scrape_and_upload to 2025-02-12 00:00:00+00:00, run_after=2025-02-13 00:00:00+00:00
[2025-02-12T00:12:10.804+0000] {processor.py:208} INFO - Processing /opt/airflow/dags/scrape_upload_dag.py took 1.259 seconds
[2025-02-12T00:12:41.216+0000] {processor.py:186} INFO - Started process (PID=666) to work on /opt/airflow/dags/scrape_upload_dag.py
[2025-02-12T00:12:41.225+0000] {processor.py:914} INFO - Processing file /opt/airflow/dags/scrape_upload_dag.py for tasks to queue
[2025-02-12T00:12:41.235+0000] {logging_mixin.py:190} INFO - [2025-02-12T00:12:41.234+0000] {dagbag.py:588} INFO - Filling up the DagBag from /opt/airflow/dags/scrape_upload_dag.py
[2025-02-12T00:12:41.901+0000] {processor.py:925} INFO - DAG(s) 'dag_to_scrape_and_upload' retrieved from /opt/airflow/dags/scrape_upload_dag.py
[2025-02-12T00:12:42.003+0000] {logging_mixin.py:190} INFO - [2025-02-12T00:12:42.003+0000] {dag.py:3239} INFO - Sync 1 DAGs
[2025-02-12T00:12:42.050+0000] {logging_mixin.py:190} INFO - [2025-02-12T00:12:42.050+0000] {dag.py:4180} INFO - Setting next_dagrun for dag_to_scrape_and_upload to 2025-02-12 00:00:00+00:00, run_after=2025-02-13 00:00:00+00:00
[2025-02-12T00:12:42.138+0000] {processor.py:208} INFO - Processing /opt/airflow/dags/scrape_upload_dag.py took 0.938 seconds
[2025-02-12T00:13:12.409+0000] {processor.py:186} INFO - Started process (PID=678) to work on /opt/airflow/dags/scrape_upload_dag.py
[2025-02-12T00:13:12.411+0000] {processor.py:914} INFO - Processing file /opt/airflow/dags/scrape_upload_dag.py for tasks to queue
[2025-02-12T00:13:12.412+0000] {logging_mixin.py:190} INFO - [2025-02-12T00:13:12.412+0000] {dagbag.py:588} INFO - Filling up the DagBag from /opt/airflow/dags/scrape_upload_dag.py
[2025-02-12T00:13:12.694+0000] {processor.py:925} INFO - DAG(s) 'dag_to_scrape_and_upload' retrieved from /opt/airflow/dags/scrape_upload_dag.py
[2025-02-12T00:13:12.712+0000] {logging_mixin.py:190} INFO - [2025-02-12T00:13:12.711+0000] {dag.py:3239} INFO - Sync 1 DAGs
[2025-02-12T00:13:12.755+0000] {logging_mixin.py:190} INFO - [2025-02-12T00:13:12.754+0000] {dag.py:4180} INFO - Setting next_dagrun for dag_to_scrape_and_upload to 2025-02-12 00:00:00+00:00, run_after=2025-02-13 00:00:00+00:00
[2025-02-12T00:13:12.808+0000] {processor.py:208} INFO - Processing /opt/airflow/dags/scrape_upload_dag.py took 0.431 seconds
[2025-02-12T00:13:42.873+0000] {processor.py:186} INFO - Started process (PID=690) to work on /opt/airflow/dags/scrape_upload_dag.py
[2025-02-12T00:13:42.875+0000] {processor.py:914} INFO - Processing file /opt/airflow/dags/scrape_upload_dag.py for tasks to queue
[2025-02-12T00:13:42.877+0000] {logging_mixin.py:190} INFO - [2025-02-12T00:13:42.877+0000] {dagbag.py:588} INFO - Filling up the DagBag from /opt/airflow/dags/scrape_upload_dag.py
[2025-02-12T00:13:43.321+0000] {processor.py:925} INFO - DAG(s) 'dag_to_scrape_and_upload' retrieved from /opt/airflow/dags/scrape_upload_dag.py
[2025-02-12T00:13:43.514+0000] {logging_mixin.py:190} INFO - [2025-02-12T00:13:43.513+0000] {dag.py:3239} INFO - Sync 1 DAGs
[2025-02-12T00:13:43.542+0000] {logging_mixin.py:190} INFO - [2025-02-12T00:13:43.542+0000] {dag.py:4180} INFO - Setting next_dagrun for dag_to_scrape_and_upload to 2025-02-12 00:00:00+00:00, run_after=2025-02-13 00:00:00+00:00
[2025-02-12T00:13:43.571+0000] {processor.py:208} INFO - Processing /opt/airflow/dags/scrape_upload_dag.py took 0.703 seconds
[2025-02-12T00:14:13.885+0000] {processor.py:186} INFO - Started process (PID=702) to work on /opt/airflow/dags/scrape_upload_dag.py
[2025-02-12T00:14:13.887+0000] {processor.py:914} INFO - Processing file /opt/airflow/dags/scrape_upload_dag.py for tasks to queue
[2025-02-12T00:14:13.890+0000] {logging_mixin.py:190} INFO - [2025-02-12T00:14:13.889+0000] {dagbag.py:588} INFO - Filling up the DagBag from /opt/airflow/dags/scrape_upload_dag.py
[2025-02-12T00:14:14.155+0000] {processor.py:925} INFO - DAG(s) 'dag_to_scrape_and_upload' retrieved from /opt/airflow/dags/scrape_upload_dag.py
[2025-02-12T00:14:14.186+0000] {logging_mixin.py:190} INFO - [2025-02-12T00:14:14.186+0000] {dag.py:3239} INFO - Sync 1 DAGs
[2025-02-12T00:14:14.218+0000] {logging_mixin.py:190} INFO - [2025-02-12T00:14:14.218+0000] {dag.py:4180} INFO - Setting next_dagrun for dag_to_scrape_and_upload to 2025-02-12 00:00:00+00:00, run_after=2025-02-13 00:00:00+00:00
[2025-02-12T00:14:14.246+0000] {processor.py:208} INFO - Processing /opt/airflow/dags/scrape_upload_dag.py took 0.369 seconds
[2025-02-12T00:14:44.690+0000] {processor.py:186} INFO - Started process (PID=714) to work on /opt/airflow/dags/scrape_upload_dag.py
[2025-02-12T00:14:44.691+0000] {processor.py:914} INFO - Processing file /opt/airflow/dags/scrape_upload_dag.py for tasks to queue
[2025-02-12T00:14:44.693+0000] {logging_mixin.py:190} INFO - [2025-02-12T00:14:44.692+0000] {dagbag.py:588} INFO - Filling up the DagBag from /opt/airflow/dags/scrape_upload_dag.py
[2025-02-12T00:14:44.885+0000] {processor.py:925} INFO - DAG(s) 'dag_to_scrape_and_upload' retrieved from /opt/airflow/dags/scrape_upload_dag.py
[2025-02-12T00:14:44.897+0000] {logging_mixin.py:190} INFO - [2025-02-12T00:14:44.897+0000] {dag.py:3239} INFO - Sync 1 DAGs
[2025-02-12T00:14:44.925+0000] {logging_mixin.py:190} INFO - [2025-02-12T00:14:44.924+0000] {dag.py:4180} INFO - Setting next_dagrun for dag_to_scrape_and_upload to 2025-02-12 00:00:00+00:00, run_after=2025-02-13 00:00:00+00:00
[2025-02-12T00:14:44.950+0000] {processor.py:208} INFO - Processing /opt/airflow/dags/scrape_upload_dag.py took 0.267 seconds
[2025-02-12T00:15:15.453+0000] {processor.py:186} INFO - Started process (PID=727) to work on /opt/airflow/dags/scrape_upload_dag.py
[2025-02-12T00:15:15.455+0000] {processor.py:914} INFO - Processing file /opt/airflow/dags/scrape_upload_dag.py for tasks to queue
[2025-02-12T00:15:15.456+0000] {logging_mixin.py:190} INFO - [2025-02-12T00:15:15.456+0000] {dagbag.py:588} INFO - Filling up the DagBag from /opt/airflow/dags/scrape_upload_dag.py
[2025-02-12T00:15:15.672+0000] {processor.py:925} INFO - DAG(s) 'dag_to_scrape_and_upload' retrieved from /opt/airflow/dags/scrape_upload_dag.py
[2025-02-12T00:15:15.919+0000] {logging_mixin.py:190} INFO - [2025-02-12T00:15:15.919+0000] {dag.py:3239} INFO - Sync 1 DAGs
[2025-02-12T00:15:15.944+0000] {logging_mixin.py:190} INFO - [2025-02-12T00:15:15.944+0000] {dag.py:4180} INFO - Setting next_dagrun for dag_to_scrape_and_upload to 2025-02-12 00:00:00+00:00, run_after=2025-02-13 00:00:00+00:00
[2025-02-12T00:15:15.970+0000] {processor.py:208} INFO - Processing /opt/airflow/dags/scrape_upload_dag.py took 0.524 seconds
[2025-02-12T00:15:46.260+0000] {processor.py:186} INFO - Started process (PID=740) to work on /opt/airflow/dags/scrape_upload_dag.py
[2025-02-12T00:15:46.261+0000] {processor.py:914} INFO - Processing file /opt/airflow/dags/scrape_upload_dag.py for tasks to queue
[2025-02-12T00:15:46.262+0000] {logging_mixin.py:190} INFO - [2025-02-12T00:15:46.262+0000] {dagbag.py:588} INFO - Filling up the DagBag from /opt/airflow/dags/scrape_upload_dag.py
[2025-02-12T00:15:46.470+0000] {processor.py:925} INFO - DAG(s) 'dag_to_scrape_and_upload' retrieved from /opt/airflow/dags/scrape_upload_dag.py
[2025-02-12T00:15:46.501+0000] {logging_mixin.py:190} INFO - [2025-02-12T00:15:46.501+0000] {dag.py:3239} INFO - Sync 1 DAGs
[2025-02-12T00:15:46.525+0000] {logging_mixin.py:190} INFO - [2025-02-12T00:15:46.525+0000] {dag.py:4180} INFO - Setting next_dagrun for dag_to_scrape_and_upload to 2025-02-12 00:00:00+00:00, run_after=2025-02-13 00:00:00+00:00
[2025-02-12T00:15:46.547+0000] {processor.py:208} INFO - Processing /opt/airflow/dags/scrape_upload_dag.py took 0.294 seconds
[2025-02-12T00:16:16.762+0000] {processor.py:186} INFO - Started process (PID=752) to work on /opt/airflow/dags/scrape_upload_dag.py
[2025-02-12T00:16:16.763+0000] {processor.py:914} INFO - Processing file /opt/airflow/dags/scrape_upload_dag.py for tasks to queue
[2025-02-12T00:16:16.764+0000] {logging_mixin.py:190} INFO - [2025-02-12T00:16:16.764+0000] {dagbag.py:588} INFO - Filling up the DagBag from /opt/airflow/dags/scrape_upload_dag.py
[2025-02-12T00:16:16.932+0000] {processor.py:925} INFO - DAG(s) 'dag_to_scrape_and_upload' retrieved from /opt/airflow/dags/scrape_upload_dag.py
[2025-02-12T00:16:16.947+0000] {logging_mixin.py:190} INFO - [2025-02-12T00:16:16.947+0000] {dag.py:3239} INFO - Sync 1 DAGs
[2025-02-12T00:16:16.969+0000] {logging_mixin.py:190} INFO - [2025-02-12T00:16:16.969+0000] {dag.py:4180} INFO - Setting next_dagrun for dag_to_scrape_and_upload to 2025-02-12 00:00:00+00:00, run_after=2025-02-13 00:00:00+00:00
[2025-02-12T00:16:16.995+0000] {processor.py:208} INFO - Processing /opt/airflow/dags/scrape_upload_dag.py took 0.238 seconds
[2025-02-12T00:16:47.199+0000] {processor.py:186} INFO - Started process (PID=764) to work on /opt/airflow/dags/scrape_upload_dag.py
[2025-02-12T00:16:47.200+0000] {processor.py:914} INFO - Processing file /opt/airflow/dags/scrape_upload_dag.py for tasks to queue
[2025-02-12T00:16:47.201+0000] {logging_mixin.py:190} INFO - [2025-02-12T00:16:47.201+0000] {dagbag.py:588} INFO - Filling up the DagBag from /opt/airflow/dags/scrape_upload_dag.py
[2025-02-12T00:16:47.377+0000] {processor.py:925} INFO - DAG(s) 'dag_to_scrape_and_upload' retrieved from /opt/airflow/dags/scrape_upload_dag.py
[2025-02-12T00:16:47.521+0000] {logging_mixin.py:190} INFO - [2025-02-12T00:16:47.520+0000] {dag.py:3239} INFO - Sync 1 DAGs
[2025-02-12T00:16:47.552+0000] {logging_mixin.py:190} INFO - [2025-02-12T00:16:47.552+0000] {dag.py:4180} INFO - Setting next_dagrun for dag_to_scrape_and_upload to 2025-02-12 00:00:00+00:00, run_after=2025-02-13 00:00:00+00:00
[2025-02-12T00:16:47.582+0000] {processor.py:208} INFO - Processing /opt/airflow/dags/scrape_upload_dag.py took 0.390 seconds
[2025-02-12T00:17:18.246+0000] {processor.py:186} INFO - Started process (PID=775) to work on /opt/airflow/dags/scrape_upload_dag.py
[2025-02-12T00:17:18.247+0000] {processor.py:914} INFO - Processing file /opt/airflow/dags/scrape_upload_dag.py for tasks to queue
[2025-02-12T00:17:18.249+0000] {logging_mixin.py:190} INFO - [2025-02-12T00:17:18.249+0000] {dagbag.py:588} INFO - Filling up the DagBag from /opt/airflow/dags/scrape_upload_dag.py
[2025-02-12T00:17:18.412+0000] {processor.py:925} INFO - DAG(s) 'dag_to_scrape_and_upload' retrieved from /opt/airflow/dags/scrape_upload_dag.py
[2025-02-12T00:17:18.439+0000] {logging_mixin.py:190} INFO - [2025-02-12T00:17:18.439+0000] {dag.py:3239} INFO - Sync 1 DAGs
[2025-02-12T00:17:18.462+0000] {logging_mixin.py:190} INFO - [2025-02-12T00:17:18.461+0000] {dag.py:4180} INFO - Setting next_dagrun for dag_to_scrape_and_upload to 2025-02-12 00:00:00+00:00, run_after=2025-02-13 00:00:00+00:00
[2025-02-12T00:17:18.485+0000] {processor.py:208} INFO - Processing /opt/airflow/dags/scrape_upload_dag.py took 0.245 seconds
[2025-02-12T00:17:49.030+0000] {processor.py:186} INFO - Started process (PID=787) to work on /opt/airflow/dags/scrape_upload_dag.py
[2025-02-12T00:17:49.031+0000] {processor.py:914} INFO - Processing file /opt/airflow/dags/scrape_upload_dag.py for tasks to queue
[2025-02-12T00:17:49.032+0000] {logging_mixin.py:190} INFO - [2025-02-12T00:17:49.032+0000] {dagbag.py:588} INFO - Filling up the DagBag from /opt/airflow/dags/scrape_upload_dag.py
[2025-02-12T00:17:49.192+0000] {processor.py:925} INFO - DAG(s) 'dag_to_scrape_and_upload' retrieved from /opt/airflow/dags/scrape_upload_dag.py
[2025-02-12T00:17:49.322+0000] {logging_mixin.py:190} INFO - [2025-02-12T00:17:49.322+0000] {dag.py:3239} INFO - Sync 1 DAGs
[2025-02-12T00:17:49.342+0000] {logging_mixin.py:190} INFO - [2025-02-12T00:17:49.342+0000] {dag.py:4180} INFO - Setting next_dagrun for dag_to_scrape_and_upload to 2025-02-12 00:00:00+00:00, run_after=2025-02-13 00:00:00+00:00
[2025-02-12T00:17:49.368+0000] {processor.py:208} INFO - Processing /opt/airflow/dags/scrape_upload_dag.py took 0.345 seconds
[2025-02-12T00:18:20.000+0000] {processor.py:186} INFO - Started process (PID=799) to work on /opt/airflow/dags/scrape_upload_dag.py
[2025-02-12T00:18:20.001+0000] {processor.py:914} INFO - Processing file /opt/airflow/dags/scrape_upload_dag.py for tasks to queue
[2025-02-12T00:18:20.003+0000] {logging_mixin.py:190} INFO - [2025-02-12T00:18:20.002+0000] {dagbag.py:588} INFO - Filling up the DagBag from /opt/airflow/dags/scrape_upload_dag.py
[2025-02-12T00:18:20.175+0000] {processor.py:925} INFO - DAG(s) 'dag_to_scrape_and_upload' retrieved from /opt/airflow/dags/scrape_upload_dag.py
[2025-02-12T00:18:20.297+0000] {logging_mixin.py:190} INFO - [2025-02-12T00:18:20.296+0000] {dag.py:3239} INFO - Sync 1 DAGs
[2025-02-12T00:18:20.526+0000] {logging_mixin.py:190} INFO - [2025-02-12T00:18:20.525+0000] {dag.py:4180} INFO - Setting next_dagrun for dag_to_scrape_and_upload to 2025-02-12 00:00:00+00:00, run_after=2025-02-13 00:00:00+00:00
[2025-02-12T00:18:20.593+0000] {processor.py:208} INFO - Processing /opt/airflow/dags/scrape_upload_dag.py took 0.599 seconds
[2025-02-12T00:18:51.176+0000] {processor.py:186} INFO - Started process (PID=811) to work on /opt/airflow/dags/scrape_upload_dag.py
[2025-02-12T00:18:51.177+0000] {processor.py:914} INFO - Processing file /opt/airflow/dags/scrape_upload_dag.py for tasks to queue
[2025-02-12T00:18:51.179+0000] {logging_mixin.py:190} INFO - [2025-02-12T00:18:51.178+0000] {dagbag.py:588} INFO - Filling up the DagBag from /opt/airflow/dags/scrape_upload_dag.py
[2025-02-12T00:18:51.372+0000] {processor.py:925} INFO - DAG(s) 'dag_to_scrape_and_upload' retrieved from /opt/airflow/dags/scrape_upload_dag.py
[2025-02-12T00:18:51.519+0000] {logging_mixin.py:190} INFO - [2025-02-12T00:18:51.519+0000] {dag.py:3239} INFO - Sync 1 DAGs
[2025-02-12T00:18:51.542+0000] {logging_mixin.py:190} INFO - [2025-02-12T00:18:51.541+0000] {dag.py:4180} INFO - Setting next_dagrun for dag_to_scrape_and_upload to 2025-02-12 00:00:00+00:00, run_after=2025-02-13 00:00:00+00:00
[2025-02-12T00:18:51.566+0000] {processor.py:208} INFO - Processing /opt/airflow/dags/scrape_upload_dag.py took 0.395 seconds
[2025-02-12T00:19:21.645+0000] {processor.py:186} INFO - Started process (PID=823) to work on /opt/airflow/dags/scrape_upload_dag.py
[2025-02-12T00:19:21.646+0000] {processor.py:914} INFO - Processing file /opt/airflow/dags/scrape_upload_dag.py for tasks to queue
[2025-02-12T00:19:21.648+0000] {logging_mixin.py:190} INFO - [2025-02-12T00:19:21.647+0000] {dagbag.py:588} INFO - Filling up the DagBag from /opt/airflow/dags/scrape_upload_dag.py
[2025-02-12T00:19:21.802+0000] {processor.py:925} INFO - DAG(s) 'dag_to_scrape_and_upload' retrieved from /opt/airflow/dags/scrape_upload_dag.py
[2025-02-12T00:19:21.829+0000] {logging_mixin.py:190} INFO - [2025-02-12T00:19:21.829+0000] {dag.py:3239} INFO - Sync 1 DAGs
[2025-02-12T00:19:21.856+0000] {logging_mixin.py:190} INFO - [2025-02-12T00:19:21.855+0000] {dag.py:4180} INFO - Setting next_dagrun for dag_to_scrape_and_upload to 2025-02-12 00:00:00+00:00, run_after=2025-02-13 00:00:00+00:00
[2025-02-12T00:19:21.878+0000] {processor.py:208} INFO - Processing /opt/airflow/dags/scrape_upload_dag.py took 0.243 seconds
[2025-02-12T00:19:52.183+0000] {processor.py:186} INFO - Started process (PID=835) to work on /opt/airflow/dags/scrape_upload_dag.py
[2025-02-12T00:19:52.184+0000] {processor.py:914} INFO - Processing file /opt/airflow/dags/scrape_upload_dag.py for tasks to queue
[2025-02-12T00:19:52.185+0000] {logging_mixin.py:190} INFO - [2025-02-12T00:19:52.185+0000] {dagbag.py:588} INFO - Filling up the DagBag from /opt/airflow/dags/scrape_upload_dag.py
[2025-02-12T00:19:52.354+0000] {processor.py:925} INFO - DAG(s) 'dag_to_scrape_and_upload' retrieved from /opt/airflow/dags/scrape_upload_dag.py
[2025-02-12T00:19:52.489+0000] {logging_mixin.py:190} INFO - [2025-02-12T00:19:52.489+0000] {dag.py:3239} INFO - Sync 1 DAGs
[2025-02-12T00:19:52.516+0000] {logging_mixin.py:190} INFO - [2025-02-12T00:19:52.516+0000] {dag.py:4180} INFO - Setting next_dagrun for dag_to_scrape_and_upload to 2025-02-12 00:00:00+00:00, run_after=2025-02-13 00:00:00+00:00
[2025-02-12T00:19:52.543+0000] {processor.py:208} INFO - Processing /opt/airflow/dags/scrape_upload_dag.py took 0.365 seconds
[2025-02-12T00:20:22.600+0000] {processor.py:186} INFO - Started process (PID=847) to work on /opt/airflow/dags/scrape_upload_dag.py
[2025-02-12T00:20:22.601+0000] {processor.py:914} INFO - Processing file /opt/airflow/dags/scrape_upload_dag.py for tasks to queue
[2025-02-12T00:20:22.602+0000] {logging_mixin.py:190} INFO - [2025-02-12T00:20:22.602+0000] {dagbag.py:588} INFO - Filling up the DagBag from /opt/airflow/dags/scrape_upload_dag.py
[2025-02-12T00:20:22.747+0000] {processor.py:925} INFO - DAG(s) 'dag_to_scrape_and_upload' retrieved from /opt/airflow/dags/scrape_upload_dag.py
[2025-02-12T00:20:22.773+0000] {logging_mixin.py:190} INFO - [2025-02-12T00:20:22.773+0000] {dag.py:3239} INFO - Sync 1 DAGs
[2025-02-12T00:20:22.798+0000] {logging_mixin.py:190} INFO - [2025-02-12T00:20:22.798+0000] {dag.py:4180} INFO - Setting next_dagrun for dag_to_scrape_and_upload to 2025-02-12 00:00:00+00:00, run_after=2025-02-13 00:00:00+00:00
[2025-02-12T00:20:22.821+0000] {processor.py:208} INFO - Processing /opt/airflow/dags/scrape_upload_dag.py took 0.229 seconds
[2025-02-12T00:20:53.284+0000] {processor.py:186} INFO - Started process (PID=860) to work on /opt/airflow/dags/scrape_upload_dag.py
[2025-02-12T00:20:53.285+0000] {processor.py:914} INFO - Processing file /opt/airflow/dags/scrape_upload_dag.py for tasks to queue
[2025-02-12T00:20:53.287+0000] {logging_mixin.py:190} INFO - [2025-02-12T00:20:53.287+0000] {dagbag.py:588} INFO - Filling up the DagBag from /opt/airflow/dags/scrape_upload_dag.py
[2025-02-12T00:20:53.620+0000] {processor.py:925} INFO - DAG(s) 'dag_to_scrape_and_upload' retrieved from /opt/airflow/dags/scrape_upload_dag.py
[2025-02-12T00:20:53.824+0000] {logging_mixin.py:190} INFO - [2025-02-12T00:20:53.824+0000] {dag.py:3239} INFO - Sync 1 DAGs
[2025-02-12T00:20:53.863+0000] {logging_mixin.py:190} INFO - [2025-02-12T00:20:53.863+0000] {dag.py:4180} INFO - Setting next_dagrun for dag_to_scrape_and_upload to 2025-02-12 00:00:00+00:00, run_after=2025-02-13 00:00:00+00:00
[2025-02-12T00:20:53.896+0000] {processor.py:208} INFO - Processing /opt/airflow/dags/scrape_upload_dag.py took 0.624 seconds
[2025-02-12T00:21:24.194+0000] {processor.py:186} INFO - Started process (PID=872) to work on /opt/airflow/dags/scrape_upload_dag.py
[2025-02-12T00:21:24.196+0000] {processor.py:914} INFO - Processing file /opt/airflow/dags/scrape_upload_dag.py for tasks to queue
[2025-02-12T00:21:24.199+0000] {logging_mixin.py:190} INFO - [2025-02-12T00:21:24.198+0000] {dagbag.py:588} INFO - Filling up the DagBag from /opt/airflow/dags/scrape_upload_dag.py
[2025-02-12T00:21:24.466+0000] {processor.py:925} INFO - DAG(s) 'dag_to_scrape_and_upload' retrieved from /opt/airflow/dags/scrape_upload_dag.py
[2025-02-12T00:21:24.510+0000] {logging_mixin.py:190} INFO - [2025-02-12T00:21:24.509+0000] {dag.py:3239} INFO - Sync 1 DAGs
[2025-02-12T00:21:24.556+0000] {logging_mixin.py:190} INFO - [2025-02-12T00:21:24.554+0000] {dag.py:4180} INFO - Setting next_dagrun for dag_to_scrape_and_upload to 2025-02-12 00:00:00+00:00, run_after=2025-02-13 00:00:00+00:00
[2025-02-12T00:21:24.594+0000] {processor.py:208} INFO - Processing /opt/airflow/dags/scrape_upload_dag.py took 0.406 seconds
[2025-02-12T00:21:55.161+0000] {processor.py:186} INFO - Started process (PID=884) to work on /opt/airflow/dags/scrape_upload_dag.py
[2025-02-12T00:21:55.163+0000] {processor.py:914} INFO - Processing file /opt/airflow/dags/scrape_upload_dag.py for tasks to queue
[2025-02-12T00:21:55.164+0000] {logging_mixin.py:190} INFO - [2025-02-12T00:21:55.164+0000] {dagbag.py:588} INFO - Filling up the DagBag from /opt/airflow/dags/scrape_upload_dag.py
[2025-02-12T00:21:55.372+0000] {processor.py:925} INFO - DAG(s) 'dag_to_scrape_and_upload' retrieved from /opt/airflow/dags/scrape_upload_dag.py
[2025-02-12T00:21:55.688+0000] {logging_mixin.py:190} INFO - [2025-02-12T00:21:55.688+0000] {dag.py:3239} INFO - Sync 1 DAGs
[2025-02-12T00:21:55.751+0000] {logging_mixin.py:190} INFO - [2025-02-12T00:21:55.751+0000] {dag.py:4180} INFO - Setting next_dagrun for dag_to_scrape_and_upload to 2025-02-12 00:00:00+00:00, run_after=2025-02-13 00:00:00+00:00
[2025-02-12T00:21:55.801+0000] {processor.py:208} INFO - Processing /opt/airflow/dags/scrape_upload_dag.py took 0.646 seconds
[2025-02-12T00:22:25.883+0000] {processor.py:186} INFO - Started process (PID=893) to work on /opt/airflow/dags/scrape_upload_dag.py
[2025-02-12T00:22:25.885+0000] {processor.py:914} INFO - Processing file /opt/airflow/dags/scrape_upload_dag.py for tasks to queue
[2025-02-12T00:22:25.887+0000] {logging_mixin.py:190} INFO - [2025-02-12T00:22:25.886+0000] {dagbag.py:588} INFO - Filling up the DagBag from /opt/airflow/dags/scrape_upload_dag.py
[2025-02-12T00:22:26.077+0000] {processor.py:925} INFO - DAG(s) 'dag_to_scrape_and_upload' retrieved from /opt/airflow/dags/scrape_upload_dag.py
[2025-02-12T00:22:26.105+0000] {logging_mixin.py:190} INFO - [2025-02-12T00:22:26.105+0000] {dag.py:3239} INFO - Sync 1 DAGs
[2025-02-12T00:22:26.130+0000] {logging_mixin.py:190} INFO - [2025-02-12T00:22:26.129+0000] {dag.py:4180} INFO - Setting next_dagrun for dag_to_scrape_and_upload to 2025-02-12 00:00:00+00:00, run_after=2025-02-13 00:00:00+00:00
[2025-02-12T00:22:26.156+0000] {processor.py:208} INFO - Processing /opt/airflow/dags/scrape_upload_dag.py took 0.278 seconds
[2025-02-12T00:22:56.884+0000] {processor.py:186} INFO - Started process (PID=905) to work on /opt/airflow/dags/scrape_upload_dag.py
[2025-02-12T00:22:56.885+0000] {processor.py:914} INFO - Processing file /opt/airflow/dags/scrape_upload_dag.py for tasks to queue
[2025-02-12T00:22:56.887+0000] {logging_mixin.py:190} INFO - [2025-02-12T00:22:56.886+0000] {dagbag.py:588} INFO - Filling up the DagBag from /opt/airflow/dags/scrape_upload_dag.py
[2025-02-12T00:22:57.058+0000] {processor.py:925} INFO - DAG(s) 'dag_to_scrape_and_upload' retrieved from /opt/airflow/dags/scrape_upload_dag.py
[2025-02-12T00:22:57.069+0000] {logging_mixin.py:190} INFO - [2025-02-12T00:22:57.069+0000] {dag.py:3239} INFO - Sync 1 DAGs
[2025-02-12T00:22:57.096+0000] {logging_mixin.py:190} INFO - [2025-02-12T00:22:57.096+0000] {dag.py:4180} INFO - Setting next_dagrun for dag_to_scrape_and_upload to 2025-02-12 00:00:00+00:00, run_after=2025-02-13 00:00:00+00:00
[2025-02-12T00:22:57.116+0000] {processor.py:208} INFO - Processing /opt/airflow/dags/scrape_upload_dag.py took 0.238 seconds
[2025-02-12T00:23:27.654+0000] {processor.py:186} INFO - Started process (PID=917) to work on /opt/airflow/dags/scrape_upload_dag.py
[2025-02-12T00:23:27.656+0000] {processor.py:914} INFO - Processing file /opt/airflow/dags/scrape_upload_dag.py for tasks to queue
[2025-02-12T00:23:27.657+0000] {logging_mixin.py:190} INFO - [2025-02-12T00:23:27.656+0000] {dagbag.py:588} INFO - Filling up the DagBag from /opt/airflow/dags/scrape_upload_dag.py
[2025-02-12T00:23:27.814+0000] {processor.py:925} INFO - DAG(s) 'dag_to_scrape_and_upload' retrieved from /opt/airflow/dags/scrape_upload_dag.py
[2025-02-12T00:23:27.937+0000] {logging_mixin.py:190} INFO - [2025-02-12T00:23:27.937+0000] {dag.py:3239} INFO - Sync 1 DAGs
[2025-02-12T00:23:27.963+0000] {logging_mixin.py:190} INFO - [2025-02-12T00:23:27.963+0000] {dag.py:4180} INFO - Setting next_dagrun for dag_to_scrape_and_upload to 2025-02-12 00:00:00+00:00, run_after=2025-02-13 00:00:00+00:00
[2025-02-12T00:23:27.987+0000] {processor.py:208} INFO - Processing /opt/airflow/dags/scrape_upload_dag.py took 0.339 seconds
[2025-02-12T00:23:58.118+0000] {processor.py:186} INFO - Started process (PID=929) to work on /opt/airflow/dags/scrape_upload_dag.py
[2025-02-12T00:23:58.120+0000] {processor.py:914} INFO - Processing file /opt/airflow/dags/scrape_upload_dag.py for tasks to queue
[2025-02-12T00:23:58.121+0000] {logging_mixin.py:190} INFO - [2025-02-12T00:23:58.121+0000] {dagbag.py:588} INFO - Filling up the DagBag from /opt/airflow/dags/scrape_upload_dag.py
[2025-02-12T00:23:58.297+0000] {processor.py:925} INFO - DAG(s) 'dag_to_scrape_and_upload' retrieved from /opt/airflow/dags/scrape_upload_dag.py
[2025-02-12T00:23:58.326+0000] {logging_mixin.py:190} INFO - [2025-02-12T00:23:58.326+0000] {dag.py:3239} INFO - Sync 1 DAGs
[2025-02-12T00:23:58.364+0000] {logging_mixin.py:190} INFO - [2025-02-12T00:23:58.363+0000] {dag.py:4180} INFO - Setting next_dagrun for dag_to_scrape_and_upload to 2025-02-12 00:00:00+00:00, run_after=2025-02-13 00:00:00+00:00
[2025-02-12T00:23:58.394+0000] {processor.py:208} INFO - Processing /opt/airflow/dags/scrape_upload_dag.py took 0.282 seconds
[2025-02-12T00:24:28.468+0000] {processor.py:186} INFO - Started process (PID=941) to work on /opt/airflow/dags/scrape_upload_dag.py
[2025-02-12T00:24:28.469+0000] {processor.py:914} INFO - Processing file /opt/airflow/dags/scrape_upload_dag.py for tasks to queue
[2025-02-12T00:24:28.472+0000] {logging_mixin.py:190} INFO - [2025-02-12T00:24:28.471+0000] {dagbag.py:588} INFO - Filling up the DagBag from /opt/airflow/dags/scrape_upload_dag.py
[2025-02-12T00:24:28.681+0000] {processor.py:925} INFO - DAG(s) 'dag_to_scrape_and_upload' retrieved from /opt/airflow/dags/scrape_upload_dag.py
[2025-02-12T00:24:28.694+0000] {logging_mixin.py:190} INFO - [2025-02-12T00:24:28.694+0000] {dag.py:3239} INFO - Sync 1 DAGs
[2025-02-12T00:24:28.733+0000] {logging_mixin.py:190} INFO - [2025-02-12T00:24:28.733+0000] {dag.py:4180} INFO - Setting next_dagrun for dag_to_scrape_and_upload to 2025-02-12 00:00:00+00:00, run_after=2025-02-13 00:00:00+00:00
[2025-02-12T00:24:28.763+0000] {processor.py:208} INFO - Processing /opt/airflow/dags/scrape_upload_dag.py took 0.305 seconds
[2025-02-12T00:24:58.865+0000] {processor.py:186} INFO - Started process (PID=953) to work on /opt/airflow/dags/scrape_upload_dag.py
[2025-02-12T00:24:58.866+0000] {processor.py:914} INFO - Processing file /opt/airflow/dags/scrape_upload_dag.py for tasks to queue
[2025-02-12T00:24:58.867+0000] {logging_mixin.py:190} INFO - [2025-02-12T00:24:58.867+0000] {dagbag.py:588} INFO - Filling up the DagBag from /opt/airflow/dags/scrape_upload_dag.py
[2025-02-12T00:24:59.050+0000] {processor.py:925} INFO - DAG(s) 'dag_to_scrape_and_upload' retrieved from /opt/airflow/dags/scrape_upload_dag.py
[2025-02-12T00:24:59.168+0000] {logging_mixin.py:190} INFO - [2025-02-12T00:24:59.168+0000] {dag.py:3239} INFO - Sync 1 DAGs
[2025-02-12T00:24:59.206+0000] {logging_mixin.py:190} INFO - [2025-02-12T00:24:59.206+0000] {dag.py:4180} INFO - Setting next_dagrun for dag_to_scrape_and_upload to 2025-02-12 00:00:00+00:00, run_after=2025-02-13 00:00:00+00:00
[2025-02-12T00:24:59.240+0000] {processor.py:208} INFO - Processing /opt/airflow/dags/scrape_upload_dag.py took 0.384 seconds
[2025-02-12T00:25:29.969+0000] {processor.py:186} INFO - Started process (PID=965) to work on /opt/airflow/dags/scrape_upload_dag.py
[2025-02-12T00:25:29.970+0000] {processor.py:914} INFO - Processing file /opt/airflow/dags/scrape_upload_dag.py for tasks to queue
[2025-02-12T00:25:29.973+0000] {logging_mixin.py:190} INFO - [2025-02-12T00:25:29.972+0000] {dagbag.py:588} INFO - Filling up the DagBag from /opt/airflow/dags/scrape_upload_dag.py
[2025-02-12T00:25:30.163+0000] {processor.py:925} INFO - DAG(s) 'dag_to_scrape_and_upload' retrieved from /opt/airflow/dags/scrape_upload_dag.py
[2025-02-12T00:25:30.193+0000] {logging_mixin.py:190} INFO - [2025-02-12T00:25:30.192+0000] {dag.py:3239} INFO - Sync 1 DAGs
[2025-02-12T00:25:30.218+0000] {logging_mixin.py:190} INFO - [2025-02-12T00:25:30.218+0000] {dag.py:4180} INFO - Setting next_dagrun for dag_to_scrape_and_upload to 2025-02-12 00:00:00+00:00, run_after=2025-02-13 00:00:00+00:00
[2025-02-12T00:25:30.243+0000] {processor.py:208} INFO - Processing /opt/airflow/dags/scrape_upload_dag.py took 0.282 seconds
[2025-02-12T00:26:01.096+0000] {processor.py:186} INFO - Started process (PID=977) to work on /opt/airflow/dags/scrape_upload_dag.py
[2025-02-12T00:26:01.098+0000] {processor.py:914} INFO - Processing file /opt/airflow/dags/scrape_upload_dag.py for tasks to queue
[2025-02-12T00:26:01.099+0000] {logging_mixin.py:190} INFO - [2025-02-12T00:26:01.099+0000] {dagbag.py:588} INFO - Filling up the DagBag from /opt/airflow/dags/scrape_upload_dag.py
[2025-02-12T00:26:01.267+0000] {processor.py:925} INFO - DAG(s) 'dag_to_scrape_and_upload' retrieved from /opt/airflow/dags/scrape_upload_dag.py
[2025-02-12T00:26:01.282+0000] {logging_mixin.py:190} INFO - [2025-02-12T00:26:01.281+0000] {dag.py:3239} INFO - Sync 1 DAGs
[2025-02-12T00:26:01.308+0000] {logging_mixin.py:190} INFO - [2025-02-12T00:26:01.308+0000] {dag.py:4180} INFO - Setting next_dagrun for dag_to_scrape_and_upload to 2025-02-12 00:00:00+00:00, run_after=2025-02-13 00:00:00+00:00
[2025-02-12T00:26:01.333+0000] {processor.py:208} INFO - Processing /opt/airflow/dags/scrape_upload_dag.py took 0.245 seconds
[2025-02-12T00:26:31.438+0000] {processor.py:186} INFO - Started process (PID=989) to work on /opt/airflow/dags/scrape_upload_dag.py
[2025-02-12T00:26:31.439+0000] {processor.py:914} INFO - Processing file /opt/airflow/dags/scrape_upload_dag.py for tasks to queue
[2025-02-12T00:26:31.442+0000] {logging_mixin.py:190} INFO - [2025-02-12T00:26:31.441+0000] {dagbag.py:588} INFO - Filling up the DagBag from /opt/airflow/dags/scrape_upload_dag.py
[2025-02-12T00:26:31.625+0000] {processor.py:925} INFO - DAG(s) 'dag_to_scrape_and_upload' retrieved from /opt/airflow/dags/scrape_upload_dag.py
[2025-02-12T00:26:31.739+0000] {logging_mixin.py:190} INFO - [2025-02-12T00:26:31.739+0000] {dag.py:3239} INFO - Sync 1 DAGs
[2025-02-12T00:26:31.762+0000] {logging_mixin.py:190} INFO - [2025-02-12T00:26:31.762+0000] {dag.py:4180} INFO - Setting next_dagrun for dag_to_scrape_and_upload to 2025-02-12 00:00:00+00:00, run_after=2025-02-13 00:00:00+00:00
[2025-02-12T00:26:31.786+0000] {processor.py:208} INFO - Processing /opt/airflow/dags/scrape_upload_dag.py took 0.355 seconds
[2025-02-12T00:27:02.590+0000] {processor.py:186} INFO - Started process (PID=1001) to work on /opt/airflow/dags/scrape_upload_dag.py
[2025-02-12T00:27:02.592+0000] {processor.py:914} INFO - Processing file /opt/airflow/dags/scrape_upload_dag.py for tasks to queue
[2025-02-12T00:27:02.594+0000] {logging_mixin.py:190} INFO - [2025-02-12T00:27:02.593+0000] {dagbag.py:588} INFO - Filling up the DagBag from /opt/airflow/dags/scrape_upload_dag.py
[2025-02-12T00:27:02.784+0000] {processor.py:925} INFO - DAG(s) 'dag_to_scrape_and_upload' retrieved from /opt/airflow/dags/scrape_upload_dag.py
[2025-02-12T00:27:02.813+0000] {logging_mixin.py:190} INFO - [2025-02-12T00:27:02.813+0000] {dag.py:3239} INFO - Sync 1 DAGs
[2025-02-12T00:27:02.847+0000] {logging_mixin.py:190} INFO - [2025-02-12T00:27:02.847+0000] {dag.py:4180} INFO - Setting next_dagrun for dag_to_scrape_and_upload to 2025-02-12 00:00:00+00:00, run_after=2025-02-13 00:00:00+00:00
[2025-02-12T00:27:02.868+0000] {processor.py:208} INFO - Processing /opt/airflow/dags/scrape_upload_dag.py took 0.285 seconds
[2025-02-12T00:27:33.673+0000] {processor.py:186} INFO - Started process (PID=1013) to work on /opt/airflow/dags/scrape_upload_dag.py
[2025-02-12T00:27:33.674+0000] {processor.py:914} INFO - Processing file /opt/airflow/dags/scrape_upload_dag.py for tasks to queue
[2025-02-12T00:27:33.675+0000] {logging_mixin.py:190} INFO - [2025-02-12T00:27:33.675+0000] {dagbag.py:588} INFO - Filling up the DagBag from /opt/airflow/dags/scrape_upload_dag.py
[2025-02-12T00:27:33.866+0000] {processor.py:925} INFO - DAG(s) 'dag_to_scrape_and_upload' retrieved from /opt/airflow/dags/scrape_upload_dag.py
[2025-02-12T00:27:33.881+0000] {logging_mixin.py:190} INFO - [2025-02-12T00:27:33.881+0000] {dag.py:3239} INFO - Sync 1 DAGs
[2025-02-12T00:27:33.909+0000] {logging_mixin.py:190} INFO - [2025-02-12T00:27:33.909+0000] {dag.py:4180} INFO - Setting next_dagrun for dag_to_scrape_and_upload to 2025-02-12 00:00:00+00:00, run_after=2025-02-13 00:00:00+00:00
[2025-02-12T00:27:33.935+0000] {processor.py:208} INFO - Processing /opt/airflow/dags/scrape_upload_dag.py took 0.269 seconds
[2025-02-12T00:28:04.727+0000] {processor.py:186} INFO - Started process (PID=1026) to work on /opt/airflow/dags/scrape_upload_dag.py
[2025-02-12T00:28:04.728+0000] {processor.py:914} INFO - Processing file /opt/airflow/dags/scrape_upload_dag.py for tasks to queue
[2025-02-12T00:28:04.730+0000] {logging_mixin.py:190} INFO - [2025-02-12T00:28:04.730+0000] {dagbag.py:588} INFO - Filling up the DagBag from /opt/airflow/dags/scrape_upload_dag.py
[2025-02-12T00:28:04.899+0000] {processor.py:925} INFO - DAG(s) 'dag_to_scrape_and_upload' retrieved from /opt/airflow/dags/scrape_upload_dag.py
[2025-02-12T00:28:05.030+0000] {logging_mixin.py:190} INFO - [2025-02-12T00:28:05.030+0000] {dag.py:3239} INFO - Sync 1 DAGs
[2025-02-12T00:28:05.054+0000] {logging_mixin.py:190} INFO - [2025-02-12T00:28:05.054+0000] {dag.py:4180} INFO - Setting next_dagrun for dag_to_scrape_and_upload to 2025-02-12 00:00:00+00:00, run_after=2025-02-13 00:00:00+00:00
[2025-02-12T00:28:05.078+0000] {processor.py:208} INFO - Processing /opt/airflow/dags/scrape_upload_dag.py took 0.358 seconds
[2025-02-12T00:28:35.276+0000] {processor.py:186} INFO - Started process (PID=1038) to work on /opt/airflow/dags/scrape_upload_dag.py
[2025-02-12T00:28:35.277+0000] {processor.py:914} INFO - Processing file /opt/airflow/dags/scrape_upload_dag.py for tasks to queue
[2025-02-12T00:28:35.278+0000] {logging_mixin.py:190} INFO - [2025-02-12T00:28:35.278+0000] {dagbag.py:588} INFO - Filling up the DagBag from /opt/airflow/dags/scrape_upload_dag.py
[2025-02-12T00:28:35.436+0000] {processor.py:925} INFO - DAG(s) 'dag_to_scrape_and_upload' retrieved from /opt/airflow/dags/scrape_upload_dag.py
[2025-02-12T00:28:35.464+0000] {logging_mixin.py:190} INFO - [2025-02-12T00:28:35.464+0000] {dag.py:3239} INFO - Sync 1 DAGs
[2025-02-12T00:28:35.493+0000] {logging_mixin.py:190} INFO - [2025-02-12T00:28:35.493+0000] {dag.py:4180} INFO - Setting next_dagrun for dag_to_scrape_and_upload to 2025-02-12 00:00:00+00:00, run_after=2025-02-13 00:00:00+00:00
[2025-02-12T00:28:35.517+0000] {processor.py:208} INFO - Processing /opt/airflow/dags/scrape_upload_dag.py took 0.247 seconds
[2025-02-12T00:29:06.032+0000] {processor.py:186} INFO - Started process (PID=1051) to work on /opt/airflow/dags/scrape_upload_dag.py
[2025-02-12T00:29:06.033+0000] {processor.py:914} INFO - Processing file /opt/airflow/dags/scrape_upload_dag.py for tasks to queue
[2025-02-12T00:29:06.034+0000] {logging_mixin.py:190} INFO - [2025-02-12T00:29:06.034+0000] {dagbag.py:588} INFO - Filling up the DagBag from /opt/airflow/dags/scrape_upload_dag.py
[2025-02-12T00:29:06.234+0000] {processor.py:925} INFO - DAG(s) 'dag_to_scrape_and_upload' retrieved from /opt/airflow/dags/scrape_upload_dag.py
[2025-02-12T00:29:06.248+0000] {logging_mixin.py:190} INFO - [2025-02-12T00:29:06.248+0000] {dag.py:3239} INFO - Sync 1 DAGs
[2025-02-12T00:29:06.275+0000] {logging_mixin.py:190} INFO - [2025-02-12T00:29:06.275+0000] {dag.py:4180} INFO - Setting next_dagrun for dag_to_scrape_and_upload to 2025-02-12 00:00:00+00:00, run_after=2025-02-13 00:00:00+00:00
[2025-02-12T00:29:06.299+0000] {processor.py:208} INFO - Processing /opt/airflow/dags/scrape_upload_dag.py took 0.273 seconds
[2025-02-12T00:29:37.115+0000] {processor.py:186} INFO - Started process (PID=1064) to work on /opt/airflow/dags/scrape_upload_dag.py
[2025-02-12T00:29:37.116+0000] {processor.py:914} INFO - Processing file /opt/airflow/dags/scrape_upload_dag.py for tasks to queue
[2025-02-12T00:29:37.117+0000] {logging_mixin.py:190} INFO - [2025-02-12T00:29:37.117+0000] {dagbag.py:588} INFO - Filling up the DagBag from /opt/airflow/dags/scrape_upload_dag.py
[2025-02-12T00:29:37.301+0000] {processor.py:925} INFO - DAG(s) 'dag_to_scrape_and_upload' retrieved from /opt/airflow/dags/scrape_upload_dag.py
[2025-02-12T00:29:37.441+0000] {logging_mixin.py:190} INFO - [2025-02-12T00:29:37.441+0000] {dag.py:3239} INFO - Sync 1 DAGs
[2025-02-12T00:29:37.464+0000] {logging_mixin.py:190} INFO - [2025-02-12T00:29:37.464+0000] {dag.py:4180} INFO - Setting next_dagrun for dag_to_scrape_and_upload to 2025-02-12 00:00:00+00:00, run_after=2025-02-13 00:00:00+00:00
[2025-02-12T00:29:37.490+0000] {processor.py:208} INFO - Processing /opt/airflow/dags/scrape_upload_dag.py took 0.380 seconds
[2025-02-12T00:30:07.656+0000] {processor.py:186} INFO - Started process (PID=1076) to work on /opt/airflow/dags/scrape_upload_dag.py
[2025-02-12T00:30:07.658+0000] {processor.py:914} INFO - Processing file /opt/airflow/dags/scrape_upload_dag.py for tasks to queue
[2025-02-12T00:30:07.659+0000] {logging_mixin.py:190} INFO - [2025-02-12T00:30:07.659+0000] {dagbag.py:588} INFO - Filling up the DagBag from /opt/airflow/dags/scrape_upload_dag.py
[2025-02-12T00:30:07.856+0000] {processor.py:925} INFO - DAG(s) 'dag_to_scrape_and_upload' retrieved from /opt/airflow/dags/scrape_upload_dag.py
[2025-02-12T00:30:07.885+0000] {logging_mixin.py:190} INFO - [2025-02-12T00:30:07.885+0000] {dag.py:3239} INFO - Sync 1 DAGs
[2025-02-12T00:30:07.922+0000] {logging_mixin.py:190} INFO - [2025-02-12T00:30:07.921+0000] {dag.py:4180} INFO - Setting next_dagrun for dag_to_scrape_and_upload to 2025-02-12 00:00:00+00:00, run_after=2025-02-13 00:00:00+00:00
[2025-02-12T00:30:07.952+0000] {processor.py:208} INFO - Processing /opt/airflow/dags/scrape_upload_dag.py took 0.301 seconds
[2025-02-12T00:30:38.053+0000] {processor.py:186} INFO - Started process (PID=1088) to work on /opt/airflow/dags/scrape_upload_dag.py
[2025-02-12T00:30:38.060+0000] {processor.py:914} INFO - Processing file /opt/airflow/dags/scrape_upload_dag.py for tasks to queue
[2025-02-12T00:30:38.064+0000] {logging_mixin.py:190} INFO - [2025-02-12T00:30:38.063+0000] {dagbag.py:588} INFO - Filling up the DagBag from /opt/airflow/dags/scrape_upload_dag.py
[2025-02-12T00:30:38.814+0000] {processor.py:925} INFO - DAG(s) 'dag_to_scrape_and_upload' retrieved from /opt/airflow/dags/scrape_upload_dag.py
[2025-02-12T00:30:41.039+0000] {logging_mixin.py:190} INFO - [2025-02-12T00:30:41.038+0000] {dag.py:3239} INFO - Sync 1 DAGs
[2025-02-12T00:30:41.170+0000] {logging_mixin.py:190} INFO - [2025-02-12T00:30:41.169+0000] {dag.py:4180} INFO - Setting next_dagrun for dag_to_scrape_and_upload to 2025-02-12 00:00:00+00:00, run_after=2025-02-13 00:00:00+00:00
[2025-02-12T00:30:41.241+0000] {processor.py:208} INFO - Processing /opt/airflow/dags/scrape_upload_dag.py took 3.221 seconds
[2025-02-12T00:31:11.406+0000] {processor.py:186} INFO - Started process (PID=1101) to work on /opt/airflow/dags/scrape_upload_dag.py
[2025-02-12T00:31:11.407+0000] {processor.py:914} INFO - Processing file /opt/airflow/dags/scrape_upload_dag.py for tasks to queue
[2025-02-12T00:31:11.408+0000] {logging_mixin.py:190} INFO - [2025-02-12T00:31:11.408+0000] {dagbag.py:588} INFO - Filling up the DagBag from /opt/airflow/dags/scrape_upload_dag.py
[2025-02-12T00:31:11.640+0000] {processor.py:925} INFO - DAG(s) 'dag_to_scrape_and_upload' retrieved from /opt/airflow/dags/scrape_upload_dag.py
[2025-02-12T00:31:11.688+0000] {logging_mixin.py:190} INFO - [2025-02-12T00:31:11.687+0000] {dag.py:3239} INFO - Sync 1 DAGs
[2025-02-12T00:31:11.732+0000] {logging_mixin.py:190} INFO - [2025-02-12T00:31:11.731+0000] {dag.py:4180} INFO - Setting next_dagrun for dag_to_scrape_and_upload to 2025-02-12 00:00:00+00:00, run_after=2025-02-13 00:00:00+00:00
[2025-02-12T00:31:11.763+0000] {processor.py:208} INFO - Processing /opt/airflow/dags/scrape_upload_dag.py took 0.363 seconds
[2025-02-12T00:31:42.182+0000] {processor.py:186} INFO - Started process (PID=1114) to work on /opt/airflow/dags/scrape_upload_dag.py
[2025-02-12T00:31:42.183+0000] {processor.py:914} INFO - Processing file /opt/airflow/dags/scrape_upload_dag.py for tasks to queue
[2025-02-12T00:31:42.184+0000] {logging_mixin.py:190} INFO - [2025-02-12T00:31:42.184+0000] {dagbag.py:588} INFO - Filling up the DagBag from /opt/airflow/dags/scrape_upload_dag.py
[2025-02-12T00:31:42.374+0000] {processor.py:925} INFO - DAG(s) 'dag_to_scrape_and_upload' retrieved from /opt/airflow/dags/scrape_upload_dag.py
[2025-02-12T00:31:42.510+0000] {logging_mixin.py:190} INFO - [2025-02-12T00:31:42.509+0000] {dag.py:3239} INFO - Sync 1 DAGs
[2025-02-12T00:31:42.533+0000] {logging_mixin.py:190} INFO - [2025-02-12T00:31:42.533+0000] {dag.py:4180} INFO - Setting next_dagrun for dag_to_scrape_and_upload to 2025-02-12 00:00:00+00:00, run_after=2025-02-13 00:00:00+00:00
[2025-02-12T00:31:42.552+0000] {processor.py:208} INFO - Processing /opt/airflow/dags/scrape_upload_dag.py took 0.376 seconds
[2025-02-12T00:32:13.204+0000] {processor.py:186} INFO - Started process (PID=1133) to work on /opt/airflow/dags/scrape_upload_dag.py
[2025-02-12T00:32:13.205+0000] {processor.py:914} INFO - Processing file /opt/airflow/dags/scrape_upload_dag.py for tasks to queue
[2025-02-12T00:32:13.206+0000] {logging_mixin.py:190} INFO - [2025-02-12T00:32:13.206+0000] {dagbag.py:588} INFO - Filling up the DagBag from /opt/airflow/dags/scrape_upload_dag.py
[2025-02-12T00:32:13.362+0000] {processor.py:925} INFO - DAG(s) 'dag_to_scrape_and_upload' retrieved from /opt/airflow/dags/scrape_upload_dag.py
[2025-02-12T00:32:13.389+0000] {logging_mixin.py:190} INFO - [2025-02-12T00:32:13.388+0000] {dag.py:3239} INFO - Sync 1 DAGs
[2025-02-12T00:32:13.411+0000] {logging_mixin.py:190} INFO - [2025-02-12T00:32:13.411+0000] {dag.py:4180} INFO - Setting next_dagrun for dag_to_scrape_and_upload to 2025-02-12 00:00:00+00:00, run_after=2025-02-13 00:00:00+00:00
[2025-02-12T00:32:13.433+0000] {processor.py:208} INFO - Processing /opt/airflow/dags/scrape_upload_dag.py took 0.236 seconds
[2025-02-12T00:32:44.145+0000] {processor.py:186} INFO - Started process (PID=1145) to work on /opt/airflow/dags/scrape_upload_dag.py
[2025-02-12T00:32:44.146+0000] {processor.py:914} INFO - Processing file /opt/airflow/dags/scrape_upload_dag.py for tasks to queue
[2025-02-12T00:32:44.148+0000] {logging_mixin.py:190} INFO - [2025-02-12T00:32:44.148+0000] {dagbag.py:588} INFO - Filling up the DagBag from /opt/airflow/dags/scrape_upload_dag.py
[2025-02-12T00:32:44.408+0000] {processor.py:925} INFO - DAG(s) 'dag_to_scrape_and_upload' retrieved from /opt/airflow/dags/scrape_upload_dag.py
[2025-02-12T00:32:44.560+0000] {logging_mixin.py:190} INFO - [2025-02-12T00:32:44.560+0000] {dag.py:3239} INFO - Sync 1 DAGs
[2025-02-12T00:32:44.593+0000] {logging_mixin.py:190} INFO - [2025-02-12T00:32:44.593+0000] {dag.py:4180} INFO - Setting next_dagrun for dag_to_scrape_and_upload to 2025-02-12 00:00:00+00:00, run_after=2025-02-13 00:00:00+00:00
[2025-02-12T00:32:44.629+0000] {processor.py:208} INFO - Processing /opt/airflow/dags/scrape_upload_dag.py took 0.492 seconds
[2025-02-12T00:33:14.714+0000] {processor.py:186} INFO - Started process (PID=1157) to work on /opt/airflow/dags/scrape_upload_dag.py
[2025-02-12T00:33:14.715+0000] {processor.py:914} INFO - Processing file /opt/airflow/dags/scrape_upload_dag.py for tasks to queue
[2025-02-12T00:33:14.718+0000] {logging_mixin.py:190} INFO - [2025-02-12T00:33:14.717+0000] {dagbag.py:588} INFO - Filling up the DagBag from /opt/airflow/dags/scrape_upload_dag.py
[2025-02-12T00:33:14.984+0000] {processor.py:925} INFO - DAG(s) 'dag_to_scrape_and_upload' retrieved from /opt/airflow/dags/scrape_upload_dag.py
[2025-02-12T00:33:15.025+0000] {logging_mixin.py:190} INFO - [2025-02-12T00:33:15.024+0000] {dag.py:3239} INFO - Sync 1 DAGs
[2025-02-12T00:33:15.063+0000] {logging_mixin.py:190} INFO - [2025-02-12T00:33:15.063+0000] {dag.py:4180} INFO - Setting next_dagrun for dag_to_scrape_and_upload to 2025-02-12 00:00:00+00:00, run_after=2025-02-13 00:00:00+00:00
[2025-02-12T00:33:15.095+0000] {processor.py:208} INFO - Processing /opt/airflow/dags/scrape_upload_dag.py took 0.390 seconds
[2025-02-12T00:33:45.505+0000] {processor.py:186} INFO - Started process (PID=1169) to work on /opt/airflow/dags/scrape_upload_dag.py
[2025-02-12T00:33:45.506+0000] {processor.py:914} INFO - Processing file /opt/airflow/dags/scrape_upload_dag.py for tasks to queue
[2025-02-12T00:33:45.508+0000] {logging_mixin.py:190} INFO - [2025-02-12T00:33:45.508+0000] {dagbag.py:588} INFO - Filling up the DagBag from /opt/airflow/dags/scrape_upload_dag.py
[2025-02-12T00:33:45.663+0000] {processor.py:925} INFO - DAG(s) 'dag_to_scrape_and_upload' retrieved from /opt/airflow/dags/scrape_upload_dag.py
[2025-02-12T00:33:45.778+0000] {logging_mixin.py:190} INFO - [2025-02-12T00:33:45.778+0000] {dag.py:3239} INFO - Sync 1 DAGs
[2025-02-12T00:33:45.800+0000] {logging_mixin.py:190} INFO - [2025-02-12T00:33:45.799+0000] {dag.py:4180} INFO - Setting next_dagrun for dag_to_scrape_and_upload to 2025-02-12 00:00:00+00:00, run_after=2025-02-13 00:00:00+00:00
[2025-02-12T00:33:45.825+0000] {processor.py:208} INFO - Processing /opt/airflow/dags/scrape_upload_dag.py took 0.328 seconds
[2025-02-12T00:34:16.511+0000] {processor.py:186} INFO - Started process (PID=1181) to work on /opt/airflow/dags/scrape_upload_dag.py
[2025-02-12T00:34:16.513+0000] {processor.py:914} INFO - Processing file /opt/airflow/dags/scrape_upload_dag.py for tasks to queue
[2025-02-12T00:34:16.515+0000] {logging_mixin.py:190} INFO - [2025-02-12T00:34:16.514+0000] {dagbag.py:588} INFO - Filling up the DagBag from /opt/airflow/dags/scrape_upload_dag.py
[2025-02-12T00:34:16.837+0000] {processor.py:925} INFO - DAG(s) 'dag_to_scrape_and_upload' retrieved from /opt/airflow/dags/scrape_upload_dag.py
[2025-02-12T00:34:16.881+0000] {logging_mixin.py:190} INFO - [2025-02-12T00:34:16.880+0000] {dag.py:3239} INFO - Sync 1 DAGs
[2025-02-12T00:34:16.942+0000] {logging_mixin.py:190} INFO - [2025-02-12T00:34:16.941+0000] {dag.py:4180} INFO - Setting next_dagrun for dag_to_scrape_and_upload to 2025-02-12 00:00:00+00:00, run_after=2025-02-13 00:00:00+00:00
[2025-02-12T00:34:16.990+0000] {processor.py:208} INFO - Processing /opt/airflow/dags/scrape_upload_dag.py took 0.491 seconds
[2025-02-12T00:34:47.521+0000] {processor.py:186} INFO - Started process (PID=1193) to work on /opt/airflow/dags/scrape_upload_dag.py
[2025-02-12T00:34:47.522+0000] {processor.py:914} INFO - Processing file /opt/airflow/dags/scrape_upload_dag.py for tasks to queue
[2025-02-12T00:34:47.524+0000] {logging_mixin.py:190} INFO - [2025-02-12T00:34:47.524+0000] {dagbag.py:588} INFO - Filling up the DagBag from /opt/airflow/dags/scrape_upload_dag.py
[2025-02-12T00:34:47.753+0000] {processor.py:925} INFO - DAG(s) 'dag_to_scrape_and_upload' retrieved from /opt/airflow/dags/scrape_upload_dag.py
[2025-02-12T00:34:47.921+0000] {logging_mixin.py:190} INFO - [2025-02-12T00:34:47.921+0000] {dag.py:3239} INFO - Sync 1 DAGs
[2025-02-12T00:34:47.982+0000] {logging_mixin.py:190} INFO - [2025-02-12T00:34:47.982+0000] {dag.py:4180} INFO - Setting next_dagrun for dag_to_scrape_and_upload to 2025-02-12 00:00:00+00:00, run_after=2025-02-13 00:00:00+00:00
[2025-02-12T00:34:48.072+0000] {processor.py:208} INFO - Processing /opt/airflow/dags/scrape_upload_dag.py took 0.562 seconds
[2025-02-12T00:35:18.472+0000] {processor.py:186} INFO - Started process (PID=1206) to work on /opt/airflow/dags/scrape_upload_dag.py
[2025-02-12T00:35:18.473+0000] {processor.py:914} INFO - Processing file /opt/airflow/dags/scrape_upload_dag.py for tasks to queue
[2025-02-12T00:35:18.475+0000] {logging_mixin.py:190} INFO - [2025-02-12T00:35:18.474+0000] {dagbag.py:588} INFO - Filling up the DagBag from /opt/airflow/dags/scrape_upload_dag.py
[2025-02-12T00:35:18.695+0000] {processor.py:925} INFO - DAG(s) 'dag_to_scrape_and_upload' retrieved from /opt/airflow/dags/scrape_upload_dag.py
[2025-02-12T00:35:18.706+0000] {logging_mixin.py:190} INFO - [2025-02-12T00:35:18.705+0000] {dag.py:3239} INFO - Sync 1 DAGs
[2025-02-12T00:35:18.729+0000] {logging_mixin.py:190} INFO - [2025-02-12T00:35:18.729+0000] {dag.py:4180} INFO - Setting next_dagrun for dag_to_scrape_and_upload to 2025-02-12 00:00:00+00:00, run_after=2025-02-13 00:00:00+00:00
[2025-02-12T00:35:18.752+0000] {processor.py:208} INFO - Processing /opt/airflow/dags/scrape_upload_dag.py took 0.286 seconds
[2025-02-12T00:35:49.167+0000] {processor.py:186} INFO - Started process (PID=1217) to work on /opt/airflow/dags/scrape_upload_dag.py
[2025-02-12T00:35:49.168+0000] {processor.py:914} INFO - Processing file /opt/airflow/dags/scrape_upload_dag.py for tasks to queue
[2025-02-12T00:35:49.170+0000] {logging_mixin.py:190} INFO - [2025-02-12T00:35:49.169+0000] {dagbag.py:588} INFO - Filling up the DagBag from /opt/airflow/dags/scrape_upload_dag.py
[2025-02-12T00:35:49.348+0000] {processor.py:925} INFO - DAG(s) 'dag_to_scrape_and_upload' retrieved from /opt/airflow/dags/scrape_upload_dag.py
[2025-02-12T00:35:49.484+0000] {logging_mixin.py:190} INFO - [2025-02-12T00:35:49.484+0000] {dag.py:3239} INFO - Sync 1 DAGs
[2025-02-12T00:35:49.510+0000] {logging_mixin.py:190} INFO - [2025-02-12T00:35:49.509+0000] {dag.py:4180} INFO - Setting next_dagrun for dag_to_scrape_and_upload to 2025-02-12 00:00:00+00:00, run_after=2025-02-13 00:00:00+00:00
[2025-02-12T00:35:49.536+0000] {processor.py:208} INFO - Processing /opt/airflow/dags/scrape_upload_dag.py took 0.376 seconds
[2025-02-12T00:36:19.876+0000] {processor.py:186} INFO - Started process (PID=1230) to work on /opt/airflow/dags/scrape_upload_dag.py
[2025-02-12T00:36:19.878+0000] {processor.py:914} INFO - Processing file /opt/airflow/dags/scrape_upload_dag.py for tasks to queue
[2025-02-12T00:36:19.879+0000] {logging_mixin.py:190} INFO - [2025-02-12T00:36:19.879+0000] {dagbag.py:588} INFO - Filling up the DagBag from /opt/airflow/dags/scrape_upload_dag.py
[2025-02-12T00:36:20.063+0000] {processor.py:925} INFO - DAG(s) 'dag_to_scrape_and_upload' retrieved from /opt/airflow/dags/scrape_upload_dag.py
[2025-02-12T00:36:20.073+0000] {logging_mixin.py:190} INFO - [2025-02-12T00:36:20.073+0000] {dag.py:3239} INFO - Sync 1 DAGs
[2025-02-12T00:36:20.099+0000] {logging_mixin.py:190} INFO - [2025-02-12T00:36:20.098+0000] {dag.py:4180} INFO - Setting next_dagrun for dag_to_scrape_and_upload to 2025-02-12 00:00:00+00:00, run_after=2025-02-13 00:00:00+00:00
[2025-02-12T00:36:20.118+0000] {processor.py:208} INFO - Processing /opt/airflow/dags/scrape_upload_dag.py took 0.247 seconds
[2025-02-12T00:36:50.257+0000] {processor.py:186} INFO - Started process (PID=1242) to work on /opt/airflow/dags/scrape_upload_dag.py
[2025-02-12T00:36:50.258+0000] {processor.py:914} INFO - Processing file /opt/airflow/dags/scrape_upload_dag.py for tasks to queue
[2025-02-12T00:36:50.260+0000] {logging_mixin.py:190} INFO - [2025-02-12T00:36:50.260+0000] {dagbag.py:588} INFO - Filling up the DagBag from /opt/airflow/dags/scrape_upload_dag.py
[2025-02-12T00:36:50.508+0000] {processor.py:925} INFO - DAG(s) 'dag_to_scrape_and_upload' retrieved from /opt/airflow/dags/scrape_upload_dag.py
[2025-02-12T00:36:50.616+0000] {logging_mixin.py:190} INFO - [2025-02-12T00:36:50.616+0000] {dag.py:3239} INFO - Sync 1 DAGs
[2025-02-12T00:36:50.642+0000] {logging_mixin.py:190} INFO - [2025-02-12T00:36:50.641+0000] {dag.py:4180} INFO - Setting next_dagrun for dag_to_scrape_and_upload to 2025-02-12 00:00:00+00:00, run_after=2025-02-13 00:00:00+00:00
[2025-02-12T00:36:50.663+0000] {processor.py:208} INFO - Processing /opt/airflow/dags/scrape_upload_dag.py took 0.412 seconds
[2025-02-12T00:37:21.057+0000] {processor.py:186} INFO - Started process (PID=1255) to work on /opt/airflow/dags/scrape_upload_dag.py
[2025-02-12T00:37:21.059+0000] {processor.py:914} INFO - Processing file /opt/airflow/dags/scrape_upload_dag.py for tasks to queue
[2025-02-12T00:37:21.061+0000] {logging_mixin.py:190} INFO - [2025-02-12T00:37:21.060+0000] {dagbag.py:588} INFO - Filling up the DagBag from /opt/airflow/dags/scrape_upload_dag.py
[2025-02-12T00:37:21.388+0000] {processor.py:925} INFO - DAG(s) 'dag_to_scrape_and_upload' retrieved from /opt/airflow/dags/scrape_upload_dag.py
[2025-02-12T00:37:21.409+0000] {logging_mixin.py:190} INFO - [2025-02-12T00:37:21.409+0000] {dag.py:3239} INFO - Sync 1 DAGs
[2025-02-12T00:37:21.445+0000] {logging_mixin.py:190} INFO - [2025-02-12T00:37:21.445+0000] {dag.py:4180} INFO - Setting next_dagrun for dag_to_scrape_and_upload to 2025-02-12 00:00:00+00:00, run_after=2025-02-13 00:00:00+00:00
[2025-02-12T00:37:21.477+0000] {processor.py:208} INFO - Processing /opt/airflow/dags/scrape_upload_dag.py took 0.429 seconds
[2025-02-12T00:37:51.618+0000] {processor.py:186} INFO - Started process (PID=1267) to work on /opt/airflow/dags/scrape_upload_dag.py
[2025-02-12T00:37:51.620+0000] {processor.py:914} INFO - Processing file /opt/airflow/dags/scrape_upload_dag.py for tasks to queue
[2025-02-12T00:37:51.621+0000] {logging_mixin.py:190} INFO - [2025-02-12T00:37:51.621+0000] {dagbag.py:588} INFO - Filling up the DagBag from /opt/airflow/dags/scrape_upload_dag.py
[2025-02-12T00:37:51.829+0000] {processor.py:925} INFO - DAG(s) 'dag_to_scrape_and_upload' retrieved from /opt/airflow/dags/scrape_upload_dag.py
[2025-02-12T00:37:51.960+0000] {logging_mixin.py:190} INFO - [2025-02-12T00:37:51.959+0000] {dag.py:3239} INFO - Sync 1 DAGs
[2025-02-12T00:37:51.982+0000] {logging_mixin.py:190} INFO - [2025-02-12T00:37:51.982+0000] {dag.py:4180} INFO - Setting next_dagrun for dag_to_scrape_and_upload to 2025-02-12 00:00:00+00:00, run_after=2025-02-13 00:00:00+00:00
[2025-02-12T00:37:52.000+0000] {processor.py:208} INFO - Processing /opt/airflow/dags/scrape_upload_dag.py took 0.388 seconds
[2025-02-12T00:38:22.292+0000] {processor.py:186} INFO - Started process (PID=1279) to work on /opt/airflow/dags/scrape_upload_dag.py
[2025-02-12T00:38:22.293+0000] {processor.py:914} INFO - Processing file /opt/airflow/dags/scrape_upload_dag.py for tasks to queue
[2025-02-12T00:38:22.295+0000] {logging_mixin.py:190} INFO - [2025-02-12T00:38:22.295+0000] {dagbag.py:588} INFO - Filling up the DagBag from /opt/airflow/dags/scrape_upload_dag.py
[2025-02-12T00:38:22.536+0000] {processor.py:925} INFO - DAG(s) 'dag_to_scrape_and_upload' retrieved from /opt/airflow/dags/scrape_upload_dag.py
[2025-02-12T00:38:22.550+0000] {logging_mixin.py:190} INFO - [2025-02-12T00:38:22.549+0000] {dag.py:3239} INFO - Sync 1 DAGs
[2025-02-12T00:38:22.579+0000] {logging_mixin.py:190} INFO - [2025-02-12T00:38:22.579+0000] {dag.py:4180} INFO - Setting next_dagrun for dag_to_scrape_and_upload to 2025-02-12 00:00:00+00:00, run_after=2025-02-13 00:00:00+00:00
[2025-02-12T00:38:22.602+0000] {processor.py:208} INFO - Processing /opt/airflow/dags/scrape_upload_dag.py took 0.318 seconds
