[2025-02-12T00:00:29.452+0000] {processor.py:186} INFO - Started process (PID=374) to work on /opt/airflow/dags/t.py
[2025-02-12T00:00:29.453+0000] {processor.py:914} INFO - Processing file /opt/airflow/dags/t.py for tasks to queue
[2025-02-12T00:00:29.454+0000] {logging_mixin.py:190} INFO - [2025-02-12T00:00:29.454+0000] {dagbag.py:588} INFO - Filling up the DagBag from /opt/airflow/dags/t.py
[2025-02-12T00:00:30.267+0000] {logging_mixin.py:190} INFO - [2025-02-12T00:00:30.266+0000] {connection.py:414} INFO - Snowflake Connector for Python Version: 3.12.4, Python Version: 3.12.8, Platform: Linux-5.15.167.4-microsoft-standard-WSL2-x86_64-with-glibc2.36
[2025-02-12T00:00:30.268+0000] {logging_mixin.py:190} INFO - [2025-02-12T00:00:30.267+0000] {connection.py:1197} INFO - Connecting to GLOBAL Snowflake domain
[2025-02-12T00:00:30.268+0000] {logging_mixin.py:190} INFO - [2025-02-12T00:00:30.268+0000] {connection.py:1278} INFO - This connection is in OCSP Fail Open Mode. TLS Certificates would be checked for validity and revocation status. Any other Certificate Revocation related exceptions or OCSP Responder failures would be disregarded in favor of connectivity.
[2025-02-12T00:00:32.891+0000] {processor.py:927} WARNING - No viable dags retrieved from /opt/airflow/dags/t.py
[2025-02-12T00:00:32.909+0000] {processor.py:208} INFO - Processing /opt/airflow/dags/t.py took 3.467 seconds
[2025-02-12T00:01:03.204+0000] {processor.py:186} INFO - Started process (PID=384) to work on /opt/airflow/dags/t.py
[2025-02-12T00:01:03.205+0000] {processor.py:914} INFO - Processing file /opt/airflow/dags/t.py for tasks to queue
[2025-02-12T00:01:03.207+0000] {logging_mixin.py:190} INFO - [2025-02-12T00:01:03.206+0000] {dagbag.py:588} INFO - Filling up the DagBag from /opt/airflow/dags/t.py
[2025-02-12T00:01:04.557+0000] {logging_mixin.py:190} INFO - [2025-02-12T00:01:04.556+0000] {connection.py:414} INFO - Snowflake Connector for Python Version: 3.12.4, Python Version: 3.12.8, Platform: Linux-5.15.167.4-microsoft-standard-WSL2-x86_64-with-glibc2.36
[2025-02-12T00:01:04.558+0000] {logging_mixin.py:190} INFO - [2025-02-12T00:01:04.558+0000] {connection.py:1197} INFO - Connecting to GLOBAL Snowflake domain
[2025-02-12T00:01:04.558+0000] {logging_mixin.py:190} INFO - [2025-02-12T00:01:04.558+0000] {connection.py:1278} INFO - This connection is in OCSP Fail Open Mode. TLS Certificates would be checked for validity and revocation status. Any other Certificate Revocation related exceptions or OCSP Responder failures would be disregarded in favor of connectivity.
[2025-02-12T00:01:09.867+0000] {processor.py:927} WARNING - No viable dags retrieved from /opt/airflow/dags/t.py
[2025-02-12T00:01:12.000+0000] {processor.py:208} INFO - Processing /opt/airflow/dags/t.py took 8.804 seconds
[2025-02-12T00:01:42.292+0000] {processor.py:186} INFO - Started process (PID=407) to work on /opt/airflow/dags/t.py
[2025-02-12T00:01:42.296+0000] {processor.py:914} INFO - Processing file /opt/airflow/dags/t.py for tasks to queue
[2025-02-12T00:01:42.299+0000] {logging_mixin.py:190} INFO - [2025-02-12T00:01:42.298+0000] {dagbag.py:588} INFO - Filling up the DagBag from /opt/airflow/dags/t.py
[2025-02-12T00:01:43.885+0000] {logging_mixin.py:190} INFO - [2025-02-12T00:01:43.884+0000] {connection.py:414} INFO - Snowflake Connector for Python Version: 3.12.4, Python Version: 3.12.8, Platform: Linux-5.15.167.4-microsoft-standard-WSL2-x86_64-with-glibc2.36
[2025-02-12T00:01:43.892+0000] {logging_mixin.py:190} INFO - [2025-02-12T00:01:43.891+0000] {connection.py:1197} INFO - Connecting to GLOBAL Snowflake domain
[2025-02-12T00:01:43.894+0000] {logging_mixin.py:190} INFO - [2025-02-12T00:01:43.894+0000] {connection.py:1278} INFO - This connection is in OCSP Fail Open Mode. TLS Certificates would be checked for validity and revocation status. Any other Certificate Revocation related exceptions or OCSP Responder failures would be disregarded in favor of connectivity.
[2025-02-12T00:01:47.716+0000] {processor.py:927} WARNING - No viable dags retrieved from /opt/airflow/dags/t.py
[2025-02-12T00:01:47.730+0000] {processor.py:208} INFO - Processing /opt/airflow/dags/t.py took 5.457 seconds
[2025-02-12T00:02:17.791+0000] {processor.py:186} INFO - Started process (PID=420) to work on /opt/airflow/dags/t.py
[2025-02-12T00:02:17.793+0000] {processor.py:914} INFO - Processing file /opt/airflow/dags/t.py for tasks to queue
[2025-02-12T00:02:17.794+0000] {logging_mixin.py:190} INFO - [2025-02-12T00:02:17.794+0000] {dagbag.py:588} INFO - Filling up the DagBag from /opt/airflow/dags/t.py
[2025-02-12T00:02:18.788+0000] {logging_mixin.py:190} INFO - [2025-02-12T00:02:18.788+0000] {connection.py:414} INFO - Snowflake Connector for Python Version: 3.12.4, Python Version: 3.12.8, Platform: Linux-5.15.167.4-microsoft-standard-WSL2-x86_64-with-glibc2.36
[2025-02-12T00:02:18.789+0000] {logging_mixin.py:190} INFO - [2025-02-12T00:02:18.789+0000] {connection.py:1197} INFO - Connecting to GLOBAL Snowflake domain
[2025-02-12T00:02:18.790+0000] {logging_mixin.py:190} INFO - [2025-02-12T00:02:18.790+0000] {connection.py:1278} INFO - This connection is in OCSP Fail Open Mode. TLS Certificates would be checked for validity and revocation status. Any other Certificate Revocation related exceptions or OCSP Responder failures would be disregarded in favor of connectivity.
[2025-02-12T00:02:19.442+0000] {processor.py:927} WARNING - No viable dags retrieved from /opt/airflow/dags/t.py
[2025-02-12T00:02:19.461+0000] {processor.py:208} INFO - Processing /opt/airflow/dags/t.py took 1.677 seconds
[2025-02-12T00:02:49.853+0000] {processor.py:186} INFO - Started process (PID=434) to work on /opt/airflow/dags/t.py
[2025-02-12T00:02:49.854+0000] {processor.py:914} INFO - Processing file /opt/airflow/dags/t.py for tasks to queue
[2025-02-12T00:02:49.856+0000] {logging_mixin.py:190} INFO - [2025-02-12T00:02:49.856+0000] {dagbag.py:588} INFO - Filling up the DagBag from /opt/airflow/dags/t.py
[2025-02-12T00:02:50.942+0000] {logging_mixin.py:190} INFO - [2025-02-12T00:02:50.942+0000] {connection.py:414} INFO - Snowflake Connector for Python Version: 3.12.4, Python Version: 3.12.8, Platform: Linux-5.15.167.4-microsoft-standard-WSL2-x86_64-with-glibc2.36
[2025-02-12T00:02:50.943+0000] {logging_mixin.py:190} INFO - [2025-02-12T00:02:50.943+0000] {connection.py:1197} INFO - Connecting to GLOBAL Snowflake domain
[2025-02-12T00:02:50.944+0000] {logging_mixin.py:190} INFO - [2025-02-12T00:02:50.944+0000] {connection.py:1278} INFO - This connection is in OCSP Fail Open Mode. TLS Certificates would be checked for validity and revocation status. Any other Certificate Revocation related exceptions or OCSP Responder failures would be disregarded in favor of connectivity.
[2025-02-12T00:02:51.506+0000] {processor.py:927} WARNING - No viable dags retrieved from /opt/airflow/dags/t.py
[2025-02-12T00:02:51.529+0000] {processor.py:208} INFO - Processing /opt/airflow/dags/t.py took 1.685 seconds
[2025-02-12T00:03:22.092+0000] {processor.py:186} INFO - Started process (PID=449) to work on /opt/airflow/dags/t.py
[2025-02-12T00:03:22.095+0000] {processor.py:914} INFO - Processing file /opt/airflow/dags/t.py for tasks to queue
[2025-02-12T00:03:22.096+0000] {logging_mixin.py:190} INFO - [2025-02-12T00:03:22.096+0000] {dagbag.py:588} INFO - Filling up the DagBag from /opt/airflow/dags/t.py
[2025-02-12T00:03:22.808+0000] {logging_mixin.py:190} INFO - [2025-02-12T00:03:22.807+0000] {connection.py:414} INFO - Snowflake Connector for Python Version: 3.12.4, Python Version: 3.12.8, Platform: Linux-5.15.167.4-microsoft-standard-WSL2-x86_64-with-glibc2.36
[2025-02-12T00:03:22.808+0000] {logging_mixin.py:190} INFO - [2025-02-12T00:03:22.808+0000] {connection.py:1197} INFO - Connecting to GLOBAL Snowflake domain
[2025-02-12T00:03:22.809+0000] {logging_mixin.py:190} INFO - [2025-02-12T00:03:22.809+0000] {connection.py:1278} INFO - This connection is in OCSP Fail Open Mode. TLS Certificates would be checked for validity and revocation status. Any other Certificate Revocation related exceptions or OCSP Responder failures would be disregarded in favor of connectivity.
[2025-02-12T00:03:23.372+0000] {processor.py:927} WARNING - No viable dags retrieved from /opt/airflow/dags/t.py
[2025-02-12T00:03:23.935+0000] {processor.py:208} INFO - Processing /opt/airflow/dags/t.py took 1.849 seconds
[2025-02-12T00:03:54.194+0000] {processor.py:186} INFO - Started process (PID=465) to work on /opt/airflow/dags/t.py
[2025-02-12T00:03:54.204+0000] {processor.py:914} INFO - Processing file /opt/airflow/dags/t.py for tasks to queue
[2025-02-12T00:03:54.206+0000] {logging_mixin.py:190} INFO - [2025-02-12T00:03:54.205+0000] {dagbag.py:588} INFO - Filling up the DagBag from /opt/airflow/dags/t.py
[2025-02-12T00:03:55.249+0000] {logging_mixin.py:190} INFO - [2025-02-12T00:03:55.249+0000] {connection.py:414} INFO - Snowflake Connector for Python Version: 3.12.4, Python Version: 3.12.8, Platform: Linux-5.15.167.4-microsoft-standard-WSL2-x86_64-with-glibc2.36
[2025-02-12T00:03:55.250+0000] {logging_mixin.py:190} INFO - [2025-02-12T00:03:55.250+0000] {connection.py:1197} INFO - Connecting to GLOBAL Snowflake domain
[2025-02-12T00:03:55.251+0000] {logging_mixin.py:190} INFO - [2025-02-12T00:03:55.251+0000] {connection.py:1278} INFO - This connection is in OCSP Fail Open Mode. TLS Certificates would be checked for validity and revocation status. Any other Certificate Revocation related exceptions or OCSP Responder failures would be disregarded in favor of connectivity.
[2025-02-12T00:03:55.905+0000] {processor.py:927} WARNING - No viable dags retrieved from /opt/airflow/dags/t.py
[2025-02-12T00:03:55.968+0000] {processor.py:208} INFO - Processing /opt/airflow/dags/t.py took 1.782 seconds
[2025-02-12T00:04:26.529+0000] {processor.py:186} INFO - Started process (PID=477) to work on /opt/airflow/dags/t.py
[2025-02-12T00:04:26.536+0000] {processor.py:914} INFO - Processing file /opt/airflow/dags/t.py for tasks to queue
[2025-02-12T00:04:26.554+0000] {logging_mixin.py:190} INFO - [2025-02-12T00:04:26.553+0000] {dagbag.py:588} INFO - Filling up the DagBag from /opt/airflow/dags/t.py
[2025-02-12T00:04:29.331+0000] {logging_mixin.py:190} INFO - [2025-02-12T00:04:29.330+0000] {connection.py:414} INFO - Snowflake Connector for Python Version: 3.12.4, Python Version: 3.12.8, Platform: Linux-5.15.167.4-microsoft-standard-WSL2-x86_64-with-glibc2.36
[2025-02-12T00:04:29.333+0000] {logging_mixin.py:190} INFO - [2025-02-12T00:04:29.332+0000] {connection.py:1197} INFO - Connecting to GLOBAL Snowflake domain
[2025-02-12T00:04:29.334+0000] {logging_mixin.py:190} INFO - [2025-02-12T00:04:29.333+0000] {connection.py:1278} INFO - This connection is in OCSP Fail Open Mode. TLS Certificates would be checked for validity and revocation status. Any other Certificate Revocation related exceptions or OCSP Responder failures would be disregarded in favor of connectivity.
[2025-02-12T00:04:30.207+0000] {processor.py:927} WARNING - No viable dags retrieved from /opt/airflow/dags/t.py
[2025-02-12T00:04:30.226+0000] {processor.py:208} INFO - Processing /opt/airflow/dags/t.py took 3.732 seconds
[2025-02-12T00:05:00.688+0000] {processor.py:186} INFO - Started process (PID=488) to work on /opt/airflow/dags/t.py
[2025-02-12T00:05:00.691+0000] {processor.py:914} INFO - Processing file /opt/airflow/dags/t.py for tasks to queue
[2025-02-12T00:05:00.696+0000] {logging_mixin.py:190} INFO - [2025-02-12T00:05:00.695+0000] {dagbag.py:588} INFO - Filling up the DagBag from /opt/airflow/dags/t.py
[2025-02-12T00:05:01.681+0000] {logging_mixin.py:190} INFO - [2025-02-12T00:05:01.681+0000] {connection.py:414} INFO - Snowflake Connector for Python Version: 3.12.4, Python Version: 3.12.8, Platform: Linux-5.15.167.4-microsoft-standard-WSL2-x86_64-with-glibc2.36
[2025-02-12T00:05:01.682+0000] {logging_mixin.py:190} INFO - [2025-02-12T00:05:01.682+0000] {connection.py:1197} INFO - Connecting to GLOBAL Snowflake domain
[2025-02-12T00:05:01.683+0000] {logging_mixin.py:190} INFO - [2025-02-12T00:05:01.683+0000] {connection.py:1278} INFO - This connection is in OCSP Fail Open Mode. TLS Certificates would be checked for validity and revocation status. Any other Certificate Revocation related exceptions or OCSP Responder failures would be disregarded in favor of connectivity.
[2025-02-12T00:05:02.605+0000] {processor.py:927} WARNING - No viable dags retrieved from /opt/airflow/dags/t.py
[2025-02-12T00:05:02.624+0000] {processor.py:208} INFO - Processing /opt/airflow/dags/t.py took 1.947 seconds
[2025-02-12T00:05:33.238+0000] {processor.py:186} INFO - Started process (PID=500) to work on /opt/airflow/dags/t.py
[2025-02-12T00:05:33.240+0000] {processor.py:914} INFO - Processing file /opt/airflow/dags/t.py for tasks to queue
[2025-02-12T00:05:33.242+0000] {logging_mixin.py:190} INFO - [2025-02-12T00:05:33.242+0000] {dagbag.py:588} INFO - Filling up the DagBag from /opt/airflow/dags/t.py
[2025-02-12T00:05:34.313+0000] {logging_mixin.py:190} INFO - [2025-02-12T00:05:34.313+0000] {connection.py:414} INFO - Snowflake Connector for Python Version: 3.12.4, Python Version: 3.12.8, Platform: Linux-5.15.167.4-microsoft-standard-WSL2-x86_64-with-glibc2.36
[2025-02-12T00:05:34.315+0000] {logging_mixin.py:190} INFO - [2025-02-12T00:05:34.315+0000] {connection.py:1197} INFO - Connecting to GLOBAL Snowflake domain
[2025-02-12T00:05:34.316+0000] {logging_mixin.py:190} INFO - [2025-02-12T00:05:34.316+0000] {connection.py:1278} INFO - This connection is in OCSP Fail Open Mode. TLS Certificates would be checked for validity and revocation status. Any other Certificate Revocation related exceptions or OCSP Responder failures would be disregarded in favor of connectivity.
[2025-02-12T00:05:36.551+0000] {processor.py:927} WARNING - No viable dags retrieved from /opt/airflow/dags/t.py
[2025-02-12T00:05:38.635+0000] {processor.py:208} INFO - Processing /opt/airflow/dags/t.py took 5.409 seconds
[2025-02-12T00:06:08.855+0000] {processor.py:186} INFO - Started process (PID=519) to work on /opt/airflow/dags/t.py
[2025-02-12T00:06:08.856+0000] {processor.py:914} INFO - Processing file /opt/airflow/dags/t.py for tasks to queue
[2025-02-12T00:06:08.858+0000] {logging_mixin.py:190} INFO - [2025-02-12T00:06:08.858+0000] {dagbag.py:588} INFO - Filling up the DagBag from /opt/airflow/dags/t.py
[2025-02-12T00:06:10.361+0000] {logging_mixin.py:190} INFO - [2025-02-12T00:06:10.361+0000] {connection.py:414} INFO - Snowflake Connector for Python Version: 3.12.4, Python Version: 3.12.8, Platform: Linux-5.15.167.4-microsoft-standard-WSL2-x86_64-with-glibc2.36
[2025-02-12T00:06:10.362+0000] {logging_mixin.py:190} INFO - [2025-02-12T00:06:10.362+0000] {connection.py:1197} INFO - Connecting to GLOBAL Snowflake domain
[2025-02-12T00:06:10.363+0000] {logging_mixin.py:190} INFO - [2025-02-12T00:06:10.363+0000] {connection.py:1278} INFO - This connection is in OCSP Fail Open Mode. TLS Certificates would be checked for validity and revocation status. Any other Certificate Revocation related exceptions or OCSP Responder failures would be disregarded in favor of connectivity.
[2025-02-12T00:06:11.781+0000] {processor.py:927} WARNING - No viable dags retrieved from /opt/airflow/dags/t.py
[2025-02-12T00:06:11.801+0000] {processor.py:208} INFO - Processing /opt/airflow/dags/t.py took 2.967 seconds
[2025-02-12T00:06:41.884+0000] {processor.py:186} INFO - Started process (PID=530) to work on /opt/airflow/dags/t.py
[2025-02-12T00:06:41.885+0000] {processor.py:914} INFO - Processing file /opt/airflow/dags/t.py for tasks to queue
[2025-02-12T00:06:41.887+0000] {logging_mixin.py:190} INFO - [2025-02-12T00:06:41.887+0000] {dagbag.py:588} INFO - Filling up the DagBag from /opt/airflow/dags/t.py
[2025-02-12T00:06:43.069+0000] {logging_mixin.py:190} INFO - [2025-02-12T00:06:43.069+0000] {connection.py:414} INFO - Snowflake Connector for Python Version: 3.12.4, Python Version: 3.12.8, Platform: Linux-5.15.167.4-microsoft-standard-WSL2-x86_64-with-glibc2.36
[2025-02-12T00:06:43.071+0000] {logging_mixin.py:190} INFO - [2025-02-12T00:06:43.070+0000] {connection.py:1197} INFO - Connecting to GLOBAL Snowflake domain
[2025-02-12T00:06:43.071+0000] {logging_mixin.py:190} INFO - [2025-02-12T00:06:43.071+0000] {connection.py:1278} INFO - This connection is in OCSP Fail Open Mode. TLS Certificates would be checked for validity and revocation status. Any other Certificate Revocation related exceptions or OCSP Responder failures would be disregarded in favor of connectivity.
[2025-02-12T00:06:47.596+0000] {processor.py:927} WARNING - No viable dags retrieved from /opt/airflow/dags/t.py
[2025-02-12T00:06:47.637+0000] {processor.py:208} INFO - Processing /opt/airflow/dags/t.py took 5.764 seconds
[2025-02-12T00:07:17.910+0000] {processor.py:186} INFO - Started process (PID=543) to work on /opt/airflow/dags/t.py
[2025-02-12T00:07:17.914+0000] {processor.py:914} INFO - Processing file /opt/airflow/dags/t.py for tasks to queue
[2025-02-12T00:07:17.928+0000] {logging_mixin.py:190} INFO - [2025-02-12T00:07:17.925+0000] {dagbag.py:588} INFO - Filling up the DagBag from /opt/airflow/dags/t.py
[2025-02-12T00:07:18.994+0000] {logging_mixin.py:190} INFO - [2025-02-12T00:07:18.994+0000] {connection.py:414} INFO - Snowflake Connector for Python Version: 3.12.4, Python Version: 3.12.8, Platform: Linux-5.15.167.4-microsoft-standard-WSL2-x86_64-with-glibc2.36
[2025-02-12T00:07:18.995+0000] {logging_mixin.py:190} INFO - [2025-02-12T00:07:18.995+0000] {connection.py:1197} INFO - Connecting to GLOBAL Snowflake domain
[2025-02-12T00:07:18.996+0000] {logging_mixin.py:190} INFO - [2025-02-12T00:07:18.996+0000] {connection.py:1278} INFO - This connection is in OCSP Fail Open Mode. TLS Certificates would be checked for validity and revocation status. Any other Certificate Revocation related exceptions or OCSP Responder failures would be disregarded in favor of connectivity.
[2025-02-12T00:07:21.292+0000] {processor.py:927} WARNING - No viable dags retrieved from /opt/airflow/dags/t.py
[2025-02-12T00:07:21.305+0000] {processor.py:208} INFO - Processing /opt/airflow/dags/t.py took 3.467 seconds
[2025-02-12T00:07:51.820+0000] {processor.py:186} INFO - Started process (PID=555) to work on /opt/airflow/dags/t.py
[2025-02-12T00:07:51.823+0000] {processor.py:914} INFO - Processing file /opt/airflow/dags/t.py for tasks to queue
[2025-02-12T00:07:51.829+0000] {logging_mixin.py:190} INFO - [2025-02-12T00:07:51.828+0000] {dagbag.py:588} INFO - Filling up the DagBag from /opt/airflow/dags/t.py
[2025-02-12T00:07:53.981+0000] {logging_mixin.py:190} INFO - [2025-02-12T00:07:53.981+0000] {connection.py:414} INFO - Snowflake Connector for Python Version: 3.12.4, Python Version: 3.12.8, Platform: Linux-5.15.167.4-microsoft-standard-WSL2-x86_64-with-glibc2.36
[2025-02-12T00:07:53.984+0000] {logging_mixin.py:190} INFO - [2025-02-12T00:07:53.984+0000] {connection.py:1197} INFO - Connecting to GLOBAL Snowflake domain
[2025-02-12T00:07:53.987+0000] {logging_mixin.py:190} INFO - [2025-02-12T00:07:53.986+0000] {connection.py:1278} INFO - This connection is in OCSP Fail Open Mode. TLS Certificates would be checked for validity and revocation status. Any other Certificate Revocation related exceptions or OCSP Responder failures would be disregarded in favor of connectivity.
[2025-02-12T00:07:56.149+0000] {processor.py:927} WARNING - No viable dags retrieved from /opt/airflow/dags/t.py
[2025-02-12T00:08:00.123+0000] {processor.py:208} INFO - Processing /opt/airflow/dags/t.py took 8.334 seconds
[2025-02-12T00:08:30.732+0000] {processor.py:186} INFO - Started process (PID=570) to work on /opt/airflow/dags/t.py
[2025-02-12T00:08:30.746+0000] {processor.py:914} INFO - Processing file /opt/airflow/dags/t.py for tasks to queue
[2025-02-12T00:08:30.757+0000] {logging_mixin.py:190} INFO - [2025-02-12T00:08:30.756+0000] {dagbag.py:588} INFO - Filling up the DagBag from /opt/airflow/dags/t.py
[2025-02-12T00:08:33.466+0000] {logging_mixin.py:190} INFO - [2025-02-12T00:08:33.465+0000] {connection.py:414} INFO - Snowflake Connector for Python Version: 3.12.4, Python Version: 3.12.8, Platform: Linux-5.15.167.4-microsoft-standard-WSL2-x86_64-with-glibc2.36
[2025-02-12T00:08:33.468+0000] {logging_mixin.py:190} INFO - [2025-02-12T00:08:33.468+0000] {connection.py:1197} INFO - Connecting to GLOBAL Snowflake domain
[2025-02-12T00:08:33.468+0000] {logging_mixin.py:190} INFO - [2025-02-12T00:08:33.468+0000] {connection.py:1278} INFO - This connection is in OCSP Fail Open Mode. TLS Certificates would be checked for validity and revocation status. Any other Certificate Revocation related exceptions or OCSP Responder failures would be disregarded in favor of connectivity.
[2025-02-12T00:08:37.399+0000] {processor.py:927} WARNING - No viable dags retrieved from /opt/airflow/dags/t.py
[2025-02-12T00:08:37.414+0000] {processor.py:208} INFO - Processing /opt/airflow/dags/t.py took 6.705 seconds
[2025-02-12T00:09:07.769+0000] {processor.py:186} INFO - Started process (PID=584) to work on /opt/airflow/dags/t.py
[2025-02-12T00:09:07.770+0000] {processor.py:914} INFO - Processing file /opt/airflow/dags/t.py for tasks to queue
[2025-02-12T00:09:07.772+0000] {logging_mixin.py:190} INFO - [2025-02-12T00:09:07.772+0000] {dagbag.py:588} INFO - Filling up the DagBag from /opt/airflow/dags/t.py
[2025-02-12T00:09:08.876+0000] {logging_mixin.py:190} INFO - [2025-02-12T00:09:08.875+0000] {connection.py:414} INFO - Snowflake Connector for Python Version: 3.12.4, Python Version: 3.12.8, Platform: Linux-5.15.167.4-microsoft-standard-WSL2-x86_64-with-glibc2.36
[2025-02-12T00:09:08.878+0000] {logging_mixin.py:190} INFO - [2025-02-12T00:09:08.878+0000] {connection.py:1197} INFO - Connecting to GLOBAL Snowflake domain
[2025-02-12T00:09:08.884+0000] {logging_mixin.py:190} INFO - [2025-02-12T00:09:08.881+0000] {connection.py:1278} INFO - This connection is in OCSP Fail Open Mode. TLS Certificates would be checked for validity and revocation status. Any other Certificate Revocation related exceptions or OCSP Responder failures would be disregarded in favor of connectivity.
[2025-02-12T00:09:11.986+0000] {processor.py:927} WARNING - No viable dags retrieved from /opt/airflow/dags/t.py
[2025-02-12T00:09:12.003+0000] {processor.py:208} INFO - Processing /opt/airflow/dags/t.py took 4.243 seconds
[2025-02-12T00:09:42.351+0000] {processor.py:186} INFO - Started process (PID=601) to work on /opt/airflow/dags/t.py
[2025-02-12T00:09:42.354+0000] {processor.py:914} INFO - Processing file /opt/airflow/dags/t.py for tasks to queue
[2025-02-12T00:09:42.357+0000] {logging_mixin.py:190} INFO - [2025-02-12T00:09:42.356+0000] {dagbag.py:588} INFO - Filling up the DagBag from /opt/airflow/dags/t.py
[2025-02-12T00:09:44.145+0000] {logging_mixin.py:190} INFO - [2025-02-12T00:09:44.145+0000] {connection.py:414} INFO - Snowflake Connector for Python Version: 3.12.4, Python Version: 3.12.8, Platform: Linux-5.15.167.4-microsoft-standard-WSL2-x86_64-with-glibc2.36
[2025-02-12T00:09:44.147+0000] {logging_mixin.py:190} INFO - [2025-02-12T00:09:44.147+0000] {connection.py:1197} INFO - Connecting to GLOBAL Snowflake domain
[2025-02-12T00:09:44.148+0000] {logging_mixin.py:190} INFO - [2025-02-12T00:09:44.148+0000] {connection.py:1278} INFO - This connection is in OCSP Fail Open Mode. TLS Certificates would be checked for validity and revocation status. Any other Certificate Revocation related exceptions or OCSP Responder failures would be disregarded in favor of connectivity.
[2025-02-12T00:09:47.274+0000] {processor.py:927} WARNING - No viable dags retrieved from /opt/airflow/dags/t.py
[2025-02-12T00:09:47.290+0000] {processor.py:208} INFO - Processing /opt/airflow/dags/t.py took 4.955 seconds
[2025-02-12T00:10:17.419+0000] {processor.py:186} INFO - Started process (PID=614) to work on /opt/airflow/dags/t.py
[2025-02-12T00:10:17.420+0000] {processor.py:914} INFO - Processing file /opt/airflow/dags/t.py for tasks to queue
[2025-02-12T00:10:17.422+0000] {logging_mixin.py:190} INFO - [2025-02-12T00:10:17.421+0000] {dagbag.py:588} INFO - Filling up the DagBag from /opt/airflow/dags/t.py
[2025-02-12T00:10:18.232+0000] {logging_mixin.py:190} INFO - [2025-02-12T00:10:18.232+0000] {connection.py:414} INFO - Snowflake Connector for Python Version: 3.12.4, Python Version: 3.12.8, Platform: Linux-5.15.167.4-microsoft-standard-WSL2-x86_64-with-glibc2.36
[2025-02-12T00:10:18.233+0000] {logging_mixin.py:190} INFO - [2025-02-12T00:10:18.233+0000] {connection.py:1197} INFO - Connecting to GLOBAL Snowflake domain
[2025-02-12T00:10:18.234+0000] {logging_mixin.py:190} INFO - [2025-02-12T00:10:18.234+0000] {connection.py:1278} INFO - This connection is in OCSP Fail Open Mode. TLS Certificates would be checked for validity and revocation status. Any other Certificate Revocation related exceptions or OCSP Responder failures would be disregarded in favor of connectivity.
[2025-02-12T00:10:37.623+0000] {processor.py:927} WARNING - No viable dags retrieved from /opt/airflow/dags/t.py
[2025-02-12T00:10:38.794+0000] {processor.py:208} INFO - Processing /opt/airflow/dags/t.py took 21.387 seconds
[2025-02-12T00:11:08.899+0000] {processor.py:186} INFO - Started process (PID=629) to work on /opt/airflow/dags/t.py
[2025-02-12T00:11:08.900+0000] {processor.py:914} INFO - Processing file /opt/airflow/dags/t.py for tasks to queue
[2025-02-12T00:11:08.902+0000] {logging_mixin.py:190} INFO - [2025-02-12T00:11:08.901+0000] {dagbag.py:588} INFO - Filling up the DagBag from /opt/airflow/dags/t.py
[2025-02-12T00:11:09.845+0000] {logging_mixin.py:190} INFO - [2025-02-12T00:11:09.845+0000] {connection.py:414} INFO - Snowflake Connector for Python Version: 3.12.4, Python Version: 3.12.8, Platform: Linux-5.15.167.4-microsoft-standard-WSL2-x86_64-with-glibc2.36
[2025-02-12T00:11:09.846+0000] {logging_mixin.py:190} INFO - [2025-02-12T00:11:09.846+0000] {connection.py:1197} INFO - Connecting to GLOBAL Snowflake domain
[2025-02-12T00:11:09.847+0000] {logging_mixin.py:190} INFO - [2025-02-12T00:11:09.847+0000] {connection.py:1278} INFO - This connection is in OCSP Fail Open Mode. TLS Certificates would be checked for validity and revocation status. Any other Certificate Revocation related exceptions or OCSP Responder failures would be disregarded in favor of connectivity.
[2025-02-12T00:11:33.263+0000] {processor.py:927} WARNING - No viable dags retrieved from /opt/airflow/dags/t.py
[2025-02-12T00:11:33.315+0000] {processor.py:208} INFO - Processing /opt/airflow/dags/t.py took 24.425 seconds
[2025-02-12T00:12:03.582+0000] {processor.py:186} INFO - Started process (PID=648) to work on /opt/airflow/dags/t.py
[2025-02-12T00:12:03.585+0000] {processor.py:914} INFO - Processing file /opt/airflow/dags/t.py for tasks to queue
[2025-02-12T00:12:03.591+0000] {logging_mixin.py:190} INFO - [2025-02-12T00:12:03.589+0000] {dagbag.py:588} INFO - Filling up the DagBag from /opt/airflow/dags/t.py
[2025-02-12T00:12:08.372+0000] {logging_mixin.py:190} INFO - [2025-02-12T00:12:08.371+0000] {connection.py:414} INFO - Snowflake Connector for Python Version: 3.12.4, Python Version: 3.12.8, Platform: Linux-5.15.167.4-microsoft-standard-WSL2-x86_64-with-glibc2.36
[2025-02-12T00:12:08.375+0000] {logging_mixin.py:190} INFO - [2025-02-12T00:12:08.374+0000] {connection.py:1197} INFO - Connecting to GLOBAL Snowflake domain
[2025-02-12T00:12:08.378+0000] {logging_mixin.py:190} INFO - [2025-02-12T00:12:08.377+0000] {connection.py:1278} INFO - This connection is in OCSP Fail Open Mode. TLS Certificates would be checked for validity and revocation status. Any other Certificate Revocation related exceptions or OCSP Responder failures would be disregarded in favor of connectivity.
[2025-02-12T00:12:12.906+0000] {processor.py:927} WARNING - No viable dags retrieved from /opt/airflow/dags/t.py
[2025-02-12T00:12:12.920+0000] {processor.py:208} INFO - Processing /opt/airflow/dags/t.py took 9.381 seconds
[2025-02-12T00:12:43.323+0000] {processor.py:186} INFO - Started process (PID=668) to work on /opt/airflow/dags/t.py
[2025-02-12T00:12:43.335+0000] {processor.py:914} INFO - Processing file /opt/airflow/dags/t.py for tasks to queue
[2025-02-12T00:12:43.348+0000] {logging_mixin.py:190} INFO - [2025-02-12T00:12:43.344+0000] {dagbag.py:588} INFO - Filling up the DagBag from /opt/airflow/dags/t.py
[2025-02-12T00:12:44.940+0000] {logging_mixin.py:190} INFO - [2025-02-12T00:12:44.940+0000] {connection.py:414} INFO - Snowflake Connector for Python Version: 3.12.4, Python Version: 3.12.8, Platform: Linux-5.15.167.4-microsoft-standard-WSL2-x86_64-with-glibc2.36
[2025-02-12T00:12:44.942+0000] {logging_mixin.py:190} INFO - [2025-02-12T00:12:44.942+0000] {connection.py:1197} INFO - Connecting to GLOBAL Snowflake domain
[2025-02-12T00:12:44.942+0000] {logging_mixin.py:190} INFO - [2025-02-12T00:12:44.942+0000] {connection.py:1278} INFO - This connection is in OCSP Fail Open Mode. TLS Certificates would be checked for validity and revocation status. Any other Certificate Revocation related exceptions or OCSP Responder failures would be disregarded in favor of connectivity.
[2025-02-12T00:12:48.973+0000] {processor.py:927} WARNING - No viable dags retrieved from /opt/airflow/dags/t.py
[2025-02-12T00:12:48.991+0000] {processor.py:208} INFO - Processing /opt/airflow/dags/t.py took 5.742 seconds
[2025-02-12T00:13:19.263+0000] {processor.py:186} INFO - Started process (PID=680) to work on /opt/airflow/dags/t.py
[2025-02-12T00:13:19.265+0000] {processor.py:914} INFO - Processing file /opt/airflow/dags/t.py for tasks to queue
[2025-02-12T00:13:19.267+0000] {logging_mixin.py:190} INFO - [2025-02-12T00:13:19.266+0000] {dagbag.py:588} INFO - Filling up the DagBag from /opt/airflow/dags/t.py
[2025-02-12T00:13:20.677+0000] {logging_mixin.py:190} INFO - [2025-02-12T00:13:20.676+0000] {connection.py:414} INFO - Snowflake Connector for Python Version: 3.12.4, Python Version: 3.12.8, Platform: Linux-5.15.167.4-microsoft-standard-WSL2-x86_64-with-glibc2.36
[2025-02-12T00:13:20.681+0000] {logging_mixin.py:190} INFO - [2025-02-12T00:13:20.680+0000] {connection.py:1197} INFO - Connecting to GLOBAL Snowflake domain
[2025-02-12T00:13:20.682+0000] {logging_mixin.py:190} INFO - [2025-02-12T00:13:20.681+0000] {connection.py:1278} INFO - This connection is in OCSP Fail Open Mode. TLS Certificates would be checked for validity and revocation status. Any other Certificate Revocation related exceptions or OCSP Responder failures would be disregarded in favor of connectivity.
[2025-02-12T00:13:24.933+0000] {processor.py:927} WARNING - No viable dags retrieved from /opt/airflow/dags/t.py
[2025-02-12T00:13:24.946+0000] {processor.py:208} INFO - Processing /opt/airflow/dags/t.py took 5.733 seconds
[2025-02-12T00:13:55.451+0000] {processor.py:186} INFO - Started process (PID=692) to work on /opt/airflow/dags/t.py
[2025-02-12T00:13:55.454+0000] {processor.py:914} INFO - Processing file /opt/airflow/dags/t.py for tasks to queue
[2025-02-12T00:13:55.456+0000] {logging_mixin.py:190} INFO - [2025-02-12T00:13:55.456+0000] {dagbag.py:588} INFO - Filling up the DagBag from /opt/airflow/dags/t.py
[2025-02-12T00:13:57.216+0000] {logging_mixin.py:190} INFO - [2025-02-12T00:13:57.215+0000] {connection.py:414} INFO - Snowflake Connector for Python Version: 3.12.4, Python Version: 3.12.8, Platform: Linux-5.15.167.4-microsoft-standard-WSL2-x86_64-with-glibc2.36
[2025-02-12T00:13:57.217+0000] {logging_mixin.py:190} INFO - [2025-02-12T00:13:57.217+0000] {connection.py:1197} INFO - Connecting to GLOBAL Snowflake domain
[2025-02-12T00:13:57.219+0000] {logging_mixin.py:190} INFO - [2025-02-12T00:13:57.219+0000] {connection.py:1278} INFO - This connection is in OCSP Fail Open Mode. TLS Certificates would be checked for validity and revocation status. Any other Certificate Revocation related exceptions or OCSP Responder failures would be disregarded in favor of connectivity.
[2025-02-12T00:13:58.640+0000] {processor.py:927} WARNING - No viable dags retrieved from /opt/airflow/dags/t.py
[2025-02-12T00:13:58.653+0000] {processor.py:208} INFO - Processing /opt/airflow/dags/t.py took 3.216 seconds
[2025-02-12T00:14:29.006+0000] {processor.py:186} INFO - Started process (PID=704) to work on /opt/airflow/dags/t.py
[2025-02-12T00:14:29.007+0000] {processor.py:914} INFO - Processing file /opt/airflow/dags/t.py for tasks to queue
[2025-02-12T00:14:29.009+0000] {logging_mixin.py:190} INFO - [2025-02-12T00:14:29.008+0000] {dagbag.py:588} INFO - Filling up the DagBag from /opt/airflow/dags/t.py
[2025-02-12T00:14:29.810+0000] {logging_mixin.py:190} INFO - [2025-02-12T00:14:29.810+0000] {connection.py:414} INFO - Snowflake Connector for Python Version: 3.12.4, Python Version: 3.12.8, Platform: Linux-5.15.167.4-microsoft-standard-WSL2-x86_64-with-glibc2.36
[2025-02-12T00:14:29.812+0000] {logging_mixin.py:190} INFO - [2025-02-12T00:14:29.811+0000] {connection.py:1197} INFO - Connecting to GLOBAL Snowflake domain
[2025-02-12T00:14:29.812+0000] {logging_mixin.py:190} INFO - [2025-02-12T00:14:29.812+0000] {connection.py:1278} INFO - This connection is in OCSP Fail Open Mode. TLS Certificates would be checked for validity and revocation status. Any other Certificate Revocation related exceptions or OCSP Responder failures would be disregarded in favor of connectivity.
[2025-02-12T00:14:30.448+0000] {processor.py:927} WARNING - No viable dags retrieved from /opt/airflow/dags/t.py
[2025-02-12T00:14:30.482+0000] {processor.py:208} INFO - Processing /opt/airflow/dags/t.py took 1.483 seconds
[2025-02-12T00:15:00.558+0000] {processor.py:186} INFO - Started process (PID=716) to work on /opt/airflow/dags/t.py
[2025-02-12T00:15:00.559+0000] {processor.py:914} INFO - Processing file /opt/airflow/dags/t.py for tasks to queue
[2025-02-12T00:15:00.561+0000] {logging_mixin.py:190} INFO - [2025-02-12T00:15:00.561+0000] {dagbag.py:588} INFO - Filling up the DagBag from /opt/airflow/dags/t.py
[2025-02-12T00:15:01.645+0000] {logging_mixin.py:190} INFO - [2025-02-12T00:15:01.644+0000] {connection.py:414} INFO - Snowflake Connector for Python Version: 3.12.4, Python Version: 3.12.8, Platform: Linux-5.15.167.4-microsoft-standard-WSL2-x86_64-with-glibc2.36
[2025-02-12T00:15:01.646+0000] {logging_mixin.py:190} INFO - [2025-02-12T00:15:01.646+0000] {connection.py:1197} INFO - Connecting to GLOBAL Snowflake domain
[2025-02-12T00:15:01.646+0000] {logging_mixin.py:190} INFO - [2025-02-12T00:15:01.646+0000] {connection.py:1278} INFO - This connection is in OCSP Fail Open Mode. TLS Certificates would be checked for validity and revocation status. Any other Certificate Revocation related exceptions or OCSP Responder failures would be disregarded in favor of connectivity.
[2025-02-12T00:15:02.223+0000] {processor.py:927} WARNING - No viable dags retrieved from /opt/airflow/dags/t.py
[2025-02-12T00:15:02.241+0000] {processor.py:208} INFO - Processing /opt/airflow/dags/t.py took 1.695 seconds
[2025-02-12T00:15:32.288+0000] {processor.py:186} INFO - Started process (PID=729) to work on /opt/airflow/dags/t.py
[2025-02-12T00:15:32.289+0000] {processor.py:914} INFO - Processing file /opt/airflow/dags/t.py for tasks to queue
[2025-02-12T00:15:32.290+0000] {logging_mixin.py:190} INFO - [2025-02-12T00:15:32.290+0000] {dagbag.py:588} INFO - Filling up the DagBag from /opt/airflow/dags/t.py
[2025-02-12T00:15:32.933+0000] {logging_mixin.py:190} INFO - [2025-02-12T00:15:32.932+0000] {connection.py:414} INFO - Snowflake Connector for Python Version: 3.12.4, Python Version: 3.12.8, Platform: Linux-5.15.167.4-microsoft-standard-WSL2-x86_64-with-glibc2.36
[2025-02-12T00:15:32.933+0000] {logging_mixin.py:190} INFO - [2025-02-12T00:15:32.933+0000] {connection.py:1197} INFO - Connecting to GLOBAL Snowflake domain
[2025-02-12T00:15:32.934+0000] {logging_mixin.py:190} INFO - [2025-02-12T00:15:32.934+0000] {connection.py:1278} INFO - This connection is in OCSP Fail Open Mode. TLS Certificates would be checked for validity and revocation status. Any other Certificate Revocation related exceptions or OCSP Responder failures would be disregarded in favor of connectivity.
[2025-02-12T00:15:34.708+0000] {processor.py:927} WARNING - No viable dags retrieved from /opt/airflow/dags/t.py
[2025-02-12T00:15:34.720+0000] {processor.py:208} INFO - Processing /opt/airflow/dags/t.py took 2.438 seconds
[2025-02-12T00:16:04.877+0000] {processor.py:186} INFO - Started process (PID=742) to work on /opt/airflow/dags/t.py
[2025-02-12T00:16:04.878+0000] {processor.py:914} INFO - Processing file /opt/airflow/dags/t.py for tasks to queue
[2025-02-12T00:16:04.879+0000] {logging_mixin.py:190} INFO - [2025-02-12T00:16:04.879+0000] {dagbag.py:588} INFO - Filling up the DagBag from /opt/airflow/dags/t.py
[2025-02-12T00:16:05.436+0000] {logging_mixin.py:190} INFO - [2025-02-12T00:16:05.436+0000] {connection.py:414} INFO - Snowflake Connector for Python Version: 3.12.4, Python Version: 3.12.8, Platform: Linux-5.15.167.4-microsoft-standard-WSL2-x86_64-with-glibc2.36
[2025-02-12T00:16:05.437+0000] {logging_mixin.py:190} INFO - [2025-02-12T00:16:05.437+0000] {connection.py:1197} INFO - Connecting to GLOBAL Snowflake domain
[2025-02-12T00:16:05.438+0000] {logging_mixin.py:190} INFO - [2025-02-12T00:16:05.437+0000] {connection.py:1278} INFO - This connection is in OCSP Fail Open Mode. TLS Certificates would be checked for validity and revocation status. Any other Certificate Revocation related exceptions or OCSP Responder failures would be disregarded in favor of connectivity.
[2025-02-12T00:16:06.100+0000] {processor.py:927} WARNING - No viable dags retrieved from /opt/airflow/dags/t.py
[2025-02-12T00:16:06.126+0000] {processor.py:208} INFO - Processing /opt/airflow/dags/t.py took 1.270 seconds
[2025-02-12T00:16:36.382+0000] {processor.py:186} INFO - Started process (PID=754) to work on /opt/airflow/dags/t.py
[2025-02-12T00:16:36.384+0000] {processor.py:914} INFO - Processing file /opt/airflow/dags/t.py for tasks to queue
[2025-02-12T00:16:36.386+0000] {logging_mixin.py:190} INFO - [2025-02-12T00:16:36.386+0000] {dagbag.py:588} INFO - Filling up the DagBag from /opt/airflow/dags/t.py
[2025-02-12T00:16:37.003+0000] {logging_mixin.py:190} INFO - [2025-02-12T00:16:37.002+0000] {connection.py:414} INFO - Snowflake Connector for Python Version: 3.12.4, Python Version: 3.12.8, Platform: Linux-5.15.167.4-microsoft-standard-WSL2-x86_64-with-glibc2.36
[2025-02-12T00:16:37.004+0000] {logging_mixin.py:190} INFO - [2025-02-12T00:16:37.004+0000] {connection.py:1197} INFO - Connecting to GLOBAL Snowflake domain
[2025-02-12T00:16:37.005+0000] {logging_mixin.py:190} INFO - [2025-02-12T00:16:37.005+0000] {connection.py:1278} INFO - This connection is in OCSP Fail Open Mode. TLS Certificates would be checked for validity and revocation status. Any other Certificate Revocation related exceptions or OCSP Responder failures would be disregarded in favor of connectivity.
[2025-02-12T00:16:37.644+0000] {processor.py:927} WARNING - No viable dags retrieved from /opt/airflow/dags/t.py
[2025-02-12T00:16:37.659+0000] {processor.py:208} INFO - Processing /opt/airflow/dags/t.py took 1.283 seconds
[2025-02-12T00:17:07.730+0000] {processor.py:186} INFO - Started process (PID=766) to work on /opt/airflow/dags/t.py
[2025-02-12T00:17:07.732+0000] {processor.py:914} INFO - Processing file /opt/airflow/dags/t.py for tasks to queue
[2025-02-12T00:17:07.733+0000] {logging_mixin.py:190} INFO - [2025-02-12T00:17:07.733+0000] {dagbag.py:588} INFO - Filling up the DagBag from /opt/airflow/dags/t.py
[2025-02-12T00:17:08.434+0000] {logging_mixin.py:190} INFO - [2025-02-12T00:17:08.434+0000] {connection.py:414} INFO - Snowflake Connector for Python Version: 3.12.4, Python Version: 3.12.8, Platform: Linux-5.15.167.4-microsoft-standard-WSL2-x86_64-with-glibc2.36
[2025-02-12T00:17:08.435+0000] {logging_mixin.py:190} INFO - [2025-02-12T00:17:08.435+0000] {connection.py:1197} INFO - Connecting to GLOBAL Snowflake domain
[2025-02-12T00:17:08.435+0000] {logging_mixin.py:190} INFO - [2025-02-12T00:17:08.435+0000] {connection.py:1278} INFO - This connection is in OCSP Fail Open Mode. TLS Certificates would be checked for validity and revocation status. Any other Certificate Revocation related exceptions or OCSP Responder failures would be disregarded in favor of connectivity.
[2025-02-12T00:17:09.048+0000] {processor.py:927} WARNING - No viable dags retrieved from /opt/airflow/dags/t.py
[2025-02-12T00:17:09.068+0000] {processor.py:208} INFO - Processing /opt/airflow/dags/t.py took 1.345 seconds
[2025-02-12T00:17:39.228+0000] {processor.py:186} INFO - Started process (PID=777) to work on /opt/airflow/dags/t.py
[2025-02-12T00:17:39.230+0000] {processor.py:914} INFO - Processing file /opt/airflow/dags/t.py for tasks to queue
[2025-02-12T00:17:39.232+0000] {logging_mixin.py:190} INFO - [2025-02-12T00:17:39.231+0000] {dagbag.py:588} INFO - Filling up the DagBag from /opt/airflow/dags/t.py
[2025-02-12T00:17:40.005+0000] {logging_mixin.py:190} INFO - [2025-02-12T00:17:40.005+0000] {connection.py:414} INFO - Snowflake Connector for Python Version: 3.12.4, Python Version: 3.12.8, Platform: Linux-5.15.167.4-microsoft-standard-WSL2-x86_64-with-glibc2.36
[2025-02-12T00:17:40.007+0000] {logging_mixin.py:190} INFO - [2025-02-12T00:17:40.007+0000] {connection.py:1197} INFO - Connecting to GLOBAL Snowflake domain
[2025-02-12T00:17:40.008+0000] {logging_mixin.py:190} INFO - [2025-02-12T00:17:40.007+0000] {connection.py:1278} INFO - This connection is in OCSP Fail Open Mode. TLS Certificates would be checked for validity and revocation status. Any other Certificate Revocation related exceptions or OCSP Responder failures would be disregarded in favor of connectivity.
[2025-02-12T00:17:40.867+0000] {processor.py:927} WARNING - No viable dags retrieved from /opt/airflow/dags/t.py
[2025-02-12T00:17:40.879+0000] {processor.py:208} INFO - Processing /opt/airflow/dags/t.py took 1.657 seconds
[2025-02-12T00:18:11.589+0000] {processor.py:186} INFO - Started process (PID=795) to work on /opt/airflow/dags/t.py
[2025-02-12T00:18:11.590+0000] {processor.py:914} INFO - Processing file /opt/airflow/dags/t.py for tasks to queue
[2025-02-12T00:18:11.592+0000] {logging_mixin.py:190} INFO - [2025-02-12T00:18:11.592+0000] {dagbag.py:588} INFO - Filling up the DagBag from /opt/airflow/dags/t.py
[2025-02-12T00:18:12.223+0000] {logging_mixin.py:190} INFO - [2025-02-12T00:18:12.222+0000] {connection.py:414} INFO - Snowflake Connector for Python Version: 3.12.4, Python Version: 3.12.8, Platform: Linux-5.15.167.4-microsoft-standard-WSL2-x86_64-with-glibc2.36
[2025-02-12T00:18:12.224+0000] {logging_mixin.py:190} INFO - [2025-02-12T00:18:12.223+0000] {connection.py:1197} INFO - Connecting to GLOBAL Snowflake domain
[2025-02-12T00:18:12.224+0000] {logging_mixin.py:190} INFO - [2025-02-12T00:18:12.224+0000] {connection.py:1278} INFO - This connection is in OCSP Fail Open Mode. TLS Certificates would be checked for validity and revocation status. Any other Certificate Revocation related exceptions or OCSP Responder failures would be disregarded in favor of connectivity.
[2025-02-12T00:18:12.835+0000] {processor.py:927} WARNING - No viable dags retrieved from /opt/airflow/dags/t.py
[2025-02-12T00:18:12.848+0000] {processor.py:208} INFO - Processing /opt/airflow/dags/t.py took 1.266 seconds
[2025-02-12T00:18:42.998+0000] {processor.py:186} INFO - Started process (PID=807) to work on /opt/airflow/dags/t.py
[2025-02-12T00:18:42.999+0000] {processor.py:914} INFO - Processing file /opt/airflow/dags/t.py for tasks to queue
[2025-02-12T00:18:43.001+0000] {logging_mixin.py:190} INFO - [2025-02-12T00:18:43.000+0000] {dagbag.py:588} INFO - Filling up the DagBag from /opt/airflow/dags/t.py
[2025-02-12T00:18:43.592+0000] {logging_mixin.py:190} INFO - [2025-02-12T00:18:43.591+0000] {connection.py:414} INFO - Snowflake Connector for Python Version: 3.12.4, Python Version: 3.12.8, Platform: Linux-5.15.167.4-microsoft-standard-WSL2-x86_64-with-glibc2.36
[2025-02-12T00:18:43.593+0000] {logging_mixin.py:190} INFO - [2025-02-12T00:18:43.592+0000] {connection.py:1197} INFO - Connecting to GLOBAL Snowflake domain
[2025-02-12T00:18:43.593+0000] {logging_mixin.py:190} INFO - [2025-02-12T00:18:43.593+0000] {connection.py:1278} INFO - This connection is in OCSP Fail Open Mode. TLS Certificates would be checked for validity and revocation status. Any other Certificate Revocation related exceptions or OCSP Responder failures would be disregarded in favor of connectivity.
[2025-02-12T00:18:44.580+0000] {processor.py:927} WARNING - No viable dags retrieved from /opt/airflow/dags/t.py
[2025-02-12T00:18:44.594+0000] {processor.py:208} INFO - Processing /opt/airflow/dags/t.py took 1.603 seconds
[2025-02-12T00:19:14.804+0000] {processor.py:186} INFO - Started process (PID=819) to work on /opt/airflow/dags/t.py
[2025-02-12T00:19:14.805+0000] {processor.py:914} INFO - Processing file /opt/airflow/dags/t.py for tasks to queue
[2025-02-12T00:19:14.807+0000] {logging_mixin.py:190} INFO - [2025-02-12T00:19:14.806+0000] {dagbag.py:588} INFO - Filling up the DagBag from /opt/airflow/dags/t.py
[2025-02-12T00:19:15.399+0000] {logging_mixin.py:190} INFO - [2025-02-12T00:19:15.399+0000] {connection.py:414} INFO - Snowflake Connector for Python Version: 3.12.4, Python Version: 3.12.8, Platform: Linux-5.15.167.4-microsoft-standard-WSL2-x86_64-with-glibc2.36
[2025-02-12T00:19:15.400+0000] {logging_mixin.py:190} INFO - [2025-02-12T00:19:15.400+0000] {connection.py:1197} INFO - Connecting to GLOBAL Snowflake domain
[2025-02-12T00:19:15.401+0000] {logging_mixin.py:190} INFO - [2025-02-12T00:19:15.401+0000] {connection.py:1278} INFO - This connection is in OCSP Fail Open Mode. TLS Certificates would be checked for validity and revocation status. Any other Certificate Revocation related exceptions or OCSP Responder failures would be disregarded in favor of connectivity.
[2025-02-12T00:19:16.814+0000] {processor.py:927} WARNING - No viable dags retrieved from /opt/airflow/dags/t.py
[2025-02-12T00:19:16.827+0000] {processor.py:208} INFO - Processing /opt/airflow/dags/t.py took 2.028 seconds
[2025-02-12T00:19:47.257+0000] {processor.py:186} INFO - Started process (PID=832) to work on /opt/airflow/dags/t.py
[2025-02-12T00:19:47.258+0000] {processor.py:914} INFO - Processing file /opt/airflow/dags/t.py for tasks to queue
[2025-02-12T00:19:47.259+0000] {logging_mixin.py:190} INFO - [2025-02-12T00:19:47.259+0000] {dagbag.py:588} INFO - Filling up the DagBag from /opt/airflow/dags/t.py
[2025-02-12T00:19:47.894+0000] {logging_mixin.py:190} INFO - [2025-02-12T00:19:47.894+0000] {connection.py:414} INFO - Snowflake Connector for Python Version: 3.12.4, Python Version: 3.12.8, Platform: Linux-5.15.167.4-microsoft-standard-WSL2-x86_64-with-glibc2.36
[2025-02-12T00:19:47.895+0000] {logging_mixin.py:190} INFO - [2025-02-12T00:19:47.895+0000] {connection.py:1197} INFO - Connecting to GLOBAL Snowflake domain
[2025-02-12T00:19:47.896+0000] {logging_mixin.py:190} INFO - [2025-02-12T00:19:47.895+0000] {connection.py:1278} INFO - This connection is in OCSP Fail Open Mode. TLS Certificates would be checked for validity and revocation status. Any other Certificate Revocation related exceptions or OCSP Responder failures would be disregarded in favor of connectivity.
[2025-02-12T00:19:49.045+0000] {processor.py:927} WARNING - No viable dags retrieved from /opt/airflow/dags/t.py
[2025-02-12T00:19:49.080+0000] {processor.py:208} INFO - Processing /opt/airflow/dags/t.py took 1.829 seconds
[2025-02-12T00:20:19.180+0000] {processor.py:186} INFO - Started process (PID=844) to work on /opt/airflow/dags/t.py
[2025-02-12T00:20:19.181+0000] {processor.py:914} INFO - Processing file /opt/airflow/dags/t.py for tasks to queue
[2025-02-12T00:20:19.182+0000] {logging_mixin.py:190} INFO - [2025-02-12T00:20:19.182+0000] {dagbag.py:588} INFO - Filling up the DagBag from /opt/airflow/dags/t.py
[2025-02-12T00:20:19.876+0000] {logging_mixin.py:190} INFO - [2025-02-12T00:20:19.876+0000] {connection.py:414} INFO - Snowflake Connector for Python Version: 3.12.4, Python Version: 3.12.8, Platform: Linux-5.15.167.4-microsoft-standard-WSL2-x86_64-with-glibc2.36
[2025-02-12T00:20:19.877+0000] {logging_mixin.py:190} INFO - [2025-02-12T00:20:19.877+0000] {connection.py:1197} INFO - Connecting to GLOBAL Snowflake domain
[2025-02-12T00:20:19.878+0000] {logging_mixin.py:190} INFO - [2025-02-12T00:20:19.877+0000] {connection.py:1278} INFO - This connection is in OCSP Fail Open Mode. TLS Certificates would be checked for validity and revocation status. Any other Certificate Revocation related exceptions or OCSP Responder failures would be disregarded in favor of connectivity.
[2025-02-12T00:20:20.511+0000] {processor.py:927} WARNING - No viable dags retrieved from /opt/airflow/dags/t.py
[2025-02-12T00:20:20.524+0000] {processor.py:208} INFO - Processing /opt/airflow/dags/t.py took 1.351 seconds
[2025-02-12T00:20:50.639+0000] {processor.py:186} INFO - Started process (PID=857) to work on /opt/airflow/dags/t.py
[2025-02-12T00:20:50.640+0000] {processor.py:914} INFO - Processing file /opt/airflow/dags/t.py for tasks to queue
[2025-02-12T00:20:50.642+0000] {logging_mixin.py:190} INFO - [2025-02-12T00:20:50.642+0000] {dagbag.py:588} INFO - Filling up the DagBag from /opt/airflow/dags/t.py
[2025-02-12T00:20:51.477+0000] {logging_mixin.py:190} INFO - [2025-02-12T00:20:51.476+0000] {connection.py:414} INFO - Snowflake Connector for Python Version: 3.12.4, Python Version: 3.12.8, Platform: Linux-5.15.167.4-microsoft-standard-WSL2-x86_64-with-glibc2.36
[2025-02-12T00:20:51.478+0000] {logging_mixin.py:190} INFO - [2025-02-12T00:20:51.477+0000] {connection.py:1197} INFO - Connecting to GLOBAL Snowflake domain
[2025-02-12T00:20:51.478+0000] {logging_mixin.py:190} INFO - [2025-02-12T00:20:51.478+0000] {connection.py:1278} INFO - This connection is in OCSP Fail Open Mode. TLS Certificates would be checked for validity and revocation status. Any other Certificate Revocation related exceptions or OCSP Responder failures would be disregarded in favor of connectivity.
[2025-02-12T00:20:52.202+0000] {processor.py:927} WARNING - No viable dags retrieved from /opt/airflow/dags/t.py
[2025-02-12T00:20:52.217+0000] {processor.py:208} INFO - Processing /opt/airflow/dags/t.py took 1.588 seconds
[2025-02-12T00:21:22.307+0000] {processor.py:186} INFO - Started process (PID=869) to work on /opt/airflow/dags/t.py
[2025-02-12T00:21:22.309+0000] {processor.py:914} INFO - Processing file /opt/airflow/dags/t.py for tasks to queue
[2025-02-12T00:21:22.310+0000] {logging_mixin.py:190} INFO - [2025-02-12T00:21:22.310+0000] {dagbag.py:588} INFO - Filling up the DagBag from /opt/airflow/dags/t.py
[2025-02-12T00:21:23.372+0000] {logging_mixin.py:190} INFO - [2025-02-12T00:21:23.372+0000] {connection.py:414} INFO - Snowflake Connector for Python Version: 3.12.4, Python Version: 3.12.8, Platform: Linux-5.15.167.4-microsoft-standard-WSL2-x86_64-with-glibc2.36
[2025-02-12T00:21:23.374+0000] {logging_mixin.py:190} INFO - [2025-02-12T00:21:23.374+0000] {connection.py:1197} INFO - Connecting to GLOBAL Snowflake domain
[2025-02-12T00:21:23.375+0000] {logging_mixin.py:190} INFO - [2025-02-12T00:21:23.374+0000] {connection.py:1278} INFO - This connection is in OCSP Fail Open Mode. TLS Certificates would be checked for validity and revocation status. Any other Certificate Revocation related exceptions or OCSP Responder failures would be disregarded in favor of connectivity.
[2025-02-12T00:21:24.110+0000] {processor.py:927} WARNING - No viable dags retrieved from /opt/airflow/dags/t.py
[2025-02-12T00:21:24.127+0000] {processor.py:208} INFO - Processing /opt/airflow/dags/t.py took 1.827 seconds
[2025-02-12T00:21:54.440+0000] {processor.py:186} INFO - Started process (PID=881) to work on /opt/airflow/dags/t.py
[2025-02-12T00:21:54.442+0000] {processor.py:914} INFO - Processing file /opt/airflow/dags/t.py for tasks to queue
[2025-02-12T00:21:54.444+0000] {logging_mixin.py:190} INFO - [2025-02-12T00:21:54.444+0000] {dagbag.py:588} INFO - Filling up the DagBag from /opt/airflow/dags/t.py
[2025-02-12T00:21:55.127+0000] {logging_mixin.py:190} INFO - [2025-02-12T00:21:55.127+0000] {connection.py:414} INFO - Snowflake Connector for Python Version: 3.12.4, Python Version: 3.12.8, Platform: Linux-5.15.167.4-microsoft-standard-WSL2-x86_64-with-glibc2.36
[2025-02-12T00:21:55.128+0000] {logging_mixin.py:190} INFO - [2025-02-12T00:21:55.128+0000] {connection.py:1197} INFO - Connecting to GLOBAL Snowflake domain
[2025-02-12T00:21:55.129+0000] {logging_mixin.py:190} INFO - [2025-02-12T00:21:55.128+0000] {connection.py:1278} INFO - This connection is in OCSP Fail Open Mode. TLS Certificates would be checked for validity and revocation status. Any other Certificate Revocation related exceptions or OCSP Responder failures would be disregarded in favor of connectivity.
[2025-02-12T00:21:55.898+0000] {processor.py:927} WARNING - No viable dags retrieved from /opt/airflow/dags/t.py
[2025-02-12T00:21:55.915+0000] {processor.py:208} INFO - Processing /opt/airflow/dags/t.py took 1.482 seconds
[2025-02-12T00:22:26.214+0000] {processor.py:186} INFO - Started process (PID=894) to work on /opt/airflow/dags/t.py
[2025-02-12T00:22:26.216+0000] {processor.py:914} INFO - Processing file /opt/airflow/dags/t.py for tasks to queue
[2025-02-12T00:22:26.217+0000] {logging_mixin.py:190} INFO - [2025-02-12T00:22:26.217+0000] {dagbag.py:588} INFO - Filling up the DagBag from /opt/airflow/dags/t.py
[2025-02-12T00:22:26.863+0000] {logging_mixin.py:190} INFO - [2025-02-12T00:22:26.862+0000] {connection.py:414} INFO - Snowflake Connector for Python Version: 3.12.4, Python Version: 3.12.8, Platform: Linux-5.15.167.4-microsoft-standard-WSL2-x86_64-with-glibc2.36
[2025-02-12T00:22:26.864+0000] {logging_mixin.py:190} INFO - [2025-02-12T00:22:26.863+0000] {connection.py:1197} INFO - Connecting to GLOBAL Snowflake domain
[2025-02-12T00:22:26.864+0000] {logging_mixin.py:190} INFO - [2025-02-12T00:22:26.864+0000] {connection.py:1278} INFO - This connection is in OCSP Fail Open Mode. TLS Certificates would be checked for validity and revocation status. Any other Certificate Revocation related exceptions or OCSP Responder failures would be disregarded in favor of connectivity.
[2025-02-12T00:22:27.510+0000] {processor.py:927} WARNING - No viable dags retrieved from /opt/airflow/dags/t.py
[2025-02-12T00:22:27.526+0000] {processor.py:208} INFO - Processing /opt/airflow/dags/t.py took 1.317 seconds
[2025-02-12T00:22:57.975+0000] {processor.py:186} INFO - Started process (PID=907) to work on /opt/airflow/dags/t.py
[2025-02-12T00:22:57.976+0000] {processor.py:914} INFO - Processing file /opt/airflow/dags/t.py for tasks to queue
[2025-02-12T00:22:57.977+0000] {logging_mixin.py:190} INFO - [2025-02-12T00:22:57.977+0000] {dagbag.py:588} INFO - Filling up the DagBag from /opt/airflow/dags/t.py
[2025-02-12T00:22:58.594+0000] {logging_mixin.py:190} INFO - [2025-02-12T00:22:58.593+0000] {connection.py:414} INFO - Snowflake Connector for Python Version: 3.12.4, Python Version: 3.12.8, Platform: Linux-5.15.167.4-microsoft-standard-WSL2-x86_64-with-glibc2.36
[2025-02-12T00:22:58.595+0000] {logging_mixin.py:190} INFO - [2025-02-12T00:22:58.595+0000] {connection.py:1197} INFO - Connecting to GLOBAL Snowflake domain
[2025-02-12T00:22:58.595+0000] {logging_mixin.py:190} INFO - [2025-02-12T00:22:58.595+0000] {connection.py:1278} INFO - This connection is in OCSP Fail Open Mode. TLS Certificates would be checked for validity and revocation status. Any other Certificate Revocation related exceptions or OCSP Responder failures would be disregarded in favor of connectivity.
[2025-02-12T00:22:59.247+0000] {processor.py:927} WARNING - No viable dags retrieved from /opt/airflow/dags/t.py
[2025-02-12T00:22:59.260+0000] {processor.py:208} INFO - Processing /opt/airflow/dags/t.py took 1.291 seconds
[2025-02-12T00:23:29.329+0000] {processor.py:186} INFO - Started process (PID=919) to work on /opt/airflow/dags/t.py
[2025-02-12T00:23:29.330+0000] {processor.py:914} INFO - Processing file /opt/airflow/dags/t.py for tasks to queue
[2025-02-12T00:23:29.332+0000] {logging_mixin.py:190} INFO - [2025-02-12T00:23:29.332+0000] {dagbag.py:588} INFO - Filling up the DagBag from /opt/airflow/dags/t.py
[2025-02-12T00:23:30.043+0000] {logging_mixin.py:190} INFO - [2025-02-12T00:23:30.042+0000] {connection.py:414} INFO - Snowflake Connector for Python Version: 3.12.4, Python Version: 3.12.8, Platform: Linux-5.15.167.4-microsoft-standard-WSL2-x86_64-with-glibc2.36
[2025-02-12T00:23:30.043+0000] {logging_mixin.py:190} INFO - [2025-02-12T00:23:30.043+0000] {connection.py:1197} INFO - Connecting to GLOBAL Snowflake domain
[2025-02-12T00:23:30.044+0000] {logging_mixin.py:190} INFO - [2025-02-12T00:23:30.044+0000] {connection.py:1278} INFO - This connection is in OCSP Fail Open Mode. TLS Certificates would be checked for validity and revocation status. Any other Certificate Revocation related exceptions or OCSP Responder failures would be disregarded in favor of connectivity.
[2025-02-12T00:23:30.755+0000] {processor.py:927} WARNING - No viable dags retrieved from /opt/airflow/dags/t.py
[2025-02-12T00:23:30.770+0000] {processor.py:208} INFO - Processing /opt/airflow/dags/t.py took 1.447 seconds
[2025-02-12T00:24:00.863+0000] {processor.py:186} INFO - Started process (PID=931) to work on /opt/airflow/dags/t.py
[2025-02-12T00:24:00.864+0000] {processor.py:914} INFO - Processing file /opt/airflow/dags/t.py for tasks to queue
[2025-02-12T00:24:00.865+0000] {logging_mixin.py:190} INFO - [2025-02-12T00:24:00.865+0000] {dagbag.py:588} INFO - Filling up the DagBag from /opt/airflow/dags/t.py
[2025-02-12T00:24:01.488+0000] {logging_mixin.py:190} INFO - [2025-02-12T00:24:01.488+0000] {connection.py:414} INFO - Snowflake Connector for Python Version: 3.12.4, Python Version: 3.12.8, Platform: Linux-5.15.167.4-microsoft-standard-WSL2-x86_64-with-glibc2.36
[2025-02-12T00:24:01.489+0000] {logging_mixin.py:190} INFO - [2025-02-12T00:24:01.489+0000] {connection.py:1197} INFO - Connecting to GLOBAL Snowflake domain
[2025-02-12T00:24:01.490+0000] {logging_mixin.py:190} INFO - [2025-02-12T00:24:01.490+0000] {connection.py:1278} INFO - This connection is in OCSP Fail Open Mode. TLS Certificates would be checked for validity and revocation status. Any other Certificate Revocation related exceptions or OCSP Responder failures would be disregarded in favor of connectivity.
[2025-02-12T00:24:02.217+0000] {processor.py:927} WARNING - No viable dags retrieved from /opt/airflow/dags/t.py
[2025-02-12T00:24:02.229+0000] {processor.py:208} INFO - Processing /opt/airflow/dags/t.py took 1.374 seconds
[2025-02-12T00:24:32.532+0000] {processor.py:186} INFO - Started process (PID=943) to work on /opt/airflow/dags/t.py
[2025-02-12T00:24:32.533+0000] {processor.py:914} INFO - Processing file /opt/airflow/dags/t.py for tasks to queue
[2025-02-12T00:24:32.535+0000] {logging_mixin.py:190} INFO - [2025-02-12T00:24:32.534+0000] {dagbag.py:588} INFO - Filling up the DagBag from /opt/airflow/dags/t.py
[2025-02-12T00:24:33.610+0000] {logging_mixin.py:190} INFO - [2025-02-12T00:24:33.609+0000] {connection.py:414} INFO - Snowflake Connector for Python Version: 3.12.4, Python Version: 3.12.8, Platform: Linux-5.15.167.4-microsoft-standard-WSL2-x86_64-with-glibc2.36
[2025-02-12T00:24:33.611+0000] {logging_mixin.py:190} INFO - [2025-02-12T00:24:33.611+0000] {connection.py:1197} INFO - Connecting to GLOBAL Snowflake domain
[2025-02-12T00:24:33.611+0000] {logging_mixin.py:190} INFO - [2025-02-12T00:24:33.611+0000] {connection.py:1278} INFO - This connection is in OCSP Fail Open Mode. TLS Certificates would be checked for validity and revocation status. Any other Certificate Revocation related exceptions or OCSP Responder failures would be disregarded in favor of connectivity.
[2025-02-12T00:24:34.165+0000] {processor.py:927} WARNING - No viable dags retrieved from /opt/airflow/dags/t.py
[2025-02-12T00:24:34.177+0000] {processor.py:208} INFO - Processing /opt/airflow/dags/t.py took 1.651 seconds
[2025-02-12T00:25:04.250+0000] {processor.py:186} INFO - Started process (PID=955) to work on /opt/airflow/dags/t.py
[2025-02-12T00:25:04.251+0000] {processor.py:914} INFO - Processing file /opt/airflow/dags/t.py for tasks to queue
[2025-02-12T00:25:04.252+0000] {logging_mixin.py:190} INFO - [2025-02-12T00:25:04.252+0000] {dagbag.py:588} INFO - Filling up the DagBag from /opt/airflow/dags/t.py
[2025-02-12T00:25:05.030+0000] {logging_mixin.py:190} INFO - [2025-02-12T00:25:05.030+0000] {connection.py:414} INFO - Snowflake Connector for Python Version: 3.12.4, Python Version: 3.12.8, Platform: Linux-5.15.167.4-microsoft-standard-WSL2-x86_64-with-glibc2.36
[2025-02-12T00:25:05.031+0000] {logging_mixin.py:190} INFO - [2025-02-12T00:25:05.031+0000] {connection.py:1197} INFO - Connecting to GLOBAL Snowflake domain
[2025-02-12T00:25:05.031+0000] {logging_mixin.py:190} INFO - [2025-02-12T00:25:05.031+0000] {connection.py:1278} INFO - This connection is in OCSP Fail Open Mode. TLS Certificates would be checked for validity and revocation status. Any other Certificate Revocation related exceptions or OCSP Responder failures would be disregarded in favor of connectivity.
[2025-02-12T00:25:05.551+0000] {processor.py:927} WARNING - No viable dags retrieved from /opt/airflow/dags/t.py
[2025-02-12T00:25:05.566+0000] {processor.py:208} INFO - Processing /opt/airflow/dags/t.py took 1.322 seconds
[2025-02-12T00:25:35.761+0000] {processor.py:186} INFO - Started process (PID=967) to work on /opt/airflow/dags/t.py
[2025-02-12T00:25:35.761+0000] {processor.py:914} INFO - Processing file /opt/airflow/dags/t.py for tasks to queue
[2025-02-12T00:25:35.763+0000] {logging_mixin.py:190} INFO - [2025-02-12T00:25:35.763+0000] {dagbag.py:588} INFO - Filling up the DagBag from /opt/airflow/dags/t.py
[2025-02-12T00:25:36.419+0000] {logging_mixin.py:190} INFO - [2025-02-12T00:25:36.418+0000] {connection.py:414} INFO - Snowflake Connector for Python Version: 3.12.4, Python Version: 3.12.8, Platform: Linux-5.15.167.4-microsoft-standard-WSL2-x86_64-with-glibc2.36
[2025-02-12T00:25:36.420+0000] {logging_mixin.py:190} INFO - [2025-02-12T00:25:36.420+0000] {connection.py:1197} INFO - Connecting to GLOBAL Snowflake domain
[2025-02-12T00:25:36.421+0000] {logging_mixin.py:190} INFO - [2025-02-12T00:25:36.420+0000] {connection.py:1278} INFO - This connection is in OCSP Fail Open Mode. TLS Certificates would be checked for validity and revocation status. Any other Certificate Revocation related exceptions or OCSP Responder failures would be disregarded in favor of connectivity.
[2025-02-12T00:25:37.055+0000] {processor.py:927} WARNING - No viable dags retrieved from /opt/airflow/dags/t.py
[2025-02-12T00:25:37.077+0000] {processor.py:208} INFO - Processing /opt/airflow/dags/t.py took 1.323 seconds
[2025-02-12T00:26:07.604+0000] {processor.py:186} INFO - Started process (PID=979) to work on /opt/airflow/dags/t.py
[2025-02-12T00:26:07.605+0000] {processor.py:914} INFO - Processing file /opt/airflow/dags/t.py for tasks to queue
[2025-02-12T00:26:07.607+0000] {logging_mixin.py:190} INFO - [2025-02-12T00:26:07.607+0000] {dagbag.py:588} INFO - Filling up the DagBag from /opt/airflow/dags/t.py
[2025-02-12T00:26:08.389+0000] {logging_mixin.py:190} INFO - [2025-02-12T00:26:08.389+0000] {connection.py:414} INFO - Snowflake Connector for Python Version: 3.12.4, Python Version: 3.12.8, Platform: Linux-5.15.167.4-microsoft-standard-WSL2-x86_64-with-glibc2.36
[2025-02-12T00:26:08.390+0000] {logging_mixin.py:190} INFO - [2025-02-12T00:26:08.390+0000] {connection.py:1197} INFO - Connecting to GLOBAL Snowflake domain
[2025-02-12T00:26:08.391+0000] {logging_mixin.py:190} INFO - [2025-02-12T00:26:08.390+0000] {connection.py:1278} INFO - This connection is in OCSP Fail Open Mode. TLS Certificates would be checked for validity and revocation status. Any other Certificate Revocation related exceptions or OCSP Responder failures would be disregarded in favor of connectivity.
[2025-02-12T00:26:09.103+0000] {processor.py:927} WARNING - No viable dags retrieved from /opt/airflow/dags/t.py
[2025-02-12T00:26:09.119+0000] {processor.py:208} INFO - Processing /opt/airflow/dags/t.py took 1.522 seconds
[2025-02-12T00:26:39.985+0000] {processor.py:186} INFO - Started process (PID=991) to work on /opt/airflow/dags/t.py
[2025-02-12T00:26:39.986+0000] {processor.py:914} INFO - Processing file /opt/airflow/dags/t.py for tasks to queue
[2025-02-12T00:26:39.988+0000] {logging_mixin.py:190} INFO - [2025-02-12T00:26:39.988+0000] {dagbag.py:588} INFO - Filling up the DagBag from /opt/airflow/dags/t.py
[2025-02-12T00:26:40.788+0000] {logging_mixin.py:190} INFO - [2025-02-12T00:26:40.788+0000] {connection.py:414} INFO - Snowflake Connector for Python Version: 3.12.4, Python Version: 3.12.8, Platform: Linux-5.15.167.4-microsoft-standard-WSL2-x86_64-with-glibc2.36
[2025-02-12T00:26:40.789+0000] {logging_mixin.py:190} INFO - [2025-02-12T00:26:40.789+0000] {connection.py:1197} INFO - Connecting to GLOBAL Snowflake domain
[2025-02-12T00:26:40.789+0000] {logging_mixin.py:190} INFO - [2025-02-12T00:26:40.789+0000] {connection.py:1278} INFO - This connection is in OCSP Fail Open Mode. TLS Certificates would be checked for validity and revocation status. Any other Certificate Revocation related exceptions or OCSP Responder failures would be disregarded in favor of connectivity.
[2025-02-12T00:26:41.292+0000] {processor.py:927} WARNING - No viable dags retrieved from /opt/airflow/dags/t.py
[2025-02-12T00:26:41.307+0000] {processor.py:208} INFO - Processing /opt/airflow/dags/t.py took 1.332 seconds
[2025-02-12T00:27:12.028+0000] {processor.py:186} INFO - Started process (PID=1009) to work on /opt/airflow/dags/t.py
[2025-02-12T00:27:12.029+0000] {processor.py:914} INFO - Processing file /opt/airflow/dags/t.py for tasks to queue
[2025-02-12T00:27:12.031+0000] {logging_mixin.py:190} INFO - [2025-02-12T00:27:12.030+0000] {dagbag.py:588} INFO - Filling up the DagBag from /opt/airflow/dags/t.py
[2025-02-12T00:27:12.865+0000] {logging_mixin.py:190} INFO - [2025-02-12T00:27:12.864+0000] {connection.py:414} INFO - Snowflake Connector for Python Version: 3.12.4, Python Version: 3.12.8, Platform: Linux-5.15.167.4-microsoft-standard-WSL2-x86_64-with-glibc2.36
[2025-02-12T00:27:12.865+0000] {logging_mixin.py:190} INFO - [2025-02-12T00:27:12.865+0000] {connection.py:1197} INFO - Connecting to GLOBAL Snowflake domain
[2025-02-12T00:27:12.866+0000] {logging_mixin.py:190} INFO - [2025-02-12T00:27:12.866+0000] {connection.py:1278} INFO - This connection is in OCSP Fail Open Mode. TLS Certificates would be checked for validity and revocation status. Any other Certificate Revocation related exceptions or OCSP Responder failures would be disregarded in favor of connectivity.
[2025-02-12T00:27:13.410+0000] {processor.py:927} WARNING - No viable dags retrieved from /opt/airflow/dags/t.py
[2025-02-12T00:27:13.419+0000] {processor.py:208} INFO - Processing /opt/airflow/dags/t.py took 1.397 seconds
[2025-02-12T00:27:44.092+0000] {processor.py:186} INFO - Started process (PID=1022) to work on /opt/airflow/dags/t.py
[2025-02-12T00:27:44.093+0000] {processor.py:914} INFO - Processing file /opt/airflow/dags/t.py for tasks to queue
[2025-02-12T00:27:44.095+0000] {logging_mixin.py:190} INFO - [2025-02-12T00:27:44.095+0000] {dagbag.py:588} INFO - Filling up the DagBag from /opt/airflow/dags/t.py
[2025-02-12T00:27:44.742+0000] {logging_mixin.py:190} INFO - [2025-02-12T00:27:44.741+0000] {connection.py:414} INFO - Snowflake Connector for Python Version: 3.12.4, Python Version: 3.12.8, Platform: Linux-5.15.167.4-microsoft-standard-WSL2-x86_64-with-glibc2.36
[2025-02-12T00:27:44.742+0000] {logging_mixin.py:190} INFO - [2025-02-12T00:27:44.742+0000] {connection.py:1197} INFO - Connecting to GLOBAL Snowflake domain
[2025-02-12T00:27:44.743+0000] {logging_mixin.py:190} INFO - [2025-02-12T00:27:44.743+0000] {connection.py:1278} INFO - This connection is in OCSP Fail Open Mode. TLS Certificates would be checked for validity and revocation status. Any other Certificate Revocation related exceptions or OCSP Responder failures would be disregarded in favor of connectivity.
[2025-02-12T00:27:45.419+0000] {processor.py:927} WARNING - No viable dags retrieved from /opt/airflow/dags/t.py
[2025-02-12T00:27:45.432+0000] {processor.py:208} INFO - Processing /opt/airflow/dags/t.py took 1.348 seconds
[2025-02-12T00:28:16.238+0000] {processor.py:186} INFO - Started process (PID=1034) to work on /opt/airflow/dags/t.py
[2025-02-12T00:28:16.239+0000] {processor.py:914} INFO - Processing file /opt/airflow/dags/t.py for tasks to queue
[2025-02-12T00:28:16.240+0000] {logging_mixin.py:190} INFO - [2025-02-12T00:28:16.240+0000] {dagbag.py:588} INFO - Filling up the DagBag from /opt/airflow/dags/t.py
[2025-02-12T00:28:17.025+0000] {logging_mixin.py:190} INFO - [2025-02-12T00:28:17.025+0000] {connection.py:414} INFO - Snowflake Connector for Python Version: 3.12.4, Python Version: 3.12.8, Platform: Linux-5.15.167.4-microsoft-standard-WSL2-x86_64-with-glibc2.36
[2025-02-12T00:28:17.026+0000] {logging_mixin.py:190} INFO - [2025-02-12T00:28:17.026+0000] {connection.py:1197} INFO - Connecting to GLOBAL Snowflake domain
[2025-02-12T00:28:17.026+0000] {logging_mixin.py:190} INFO - [2025-02-12T00:28:17.026+0000] {connection.py:1278} INFO - This connection is in OCSP Fail Open Mode. TLS Certificates would be checked for validity and revocation status. Any other Certificate Revocation related exceptions or OCSP Responder failures would be disregarded in favor of connectivity.
[2025-02-12T00:28:17.702+0000] {processor.py:927} WARNING - No viable dags retrieved from /opt/airflow/dags/t.py
[2025-02-12T00:28:17.713+0000] {processor.py:208} INFO - Processing /opt/airflow/dags/t.py took 1.482 seconds
[2025-02-12T00:28:47.824+0000] {processor.py:186} INFO - Started process (PID=1047) to work on /opt/airflow/dags/t.py
[2025-02-12T00:28:47.825+0000] {processor.py:914} INFO - Processing file /opt/airflow/dags/t.py for tasks to queue
[2025-02-12T00:28:47.827+0000] {logging_mixin.py:190} INFO - [2025-02-12T00:28:47.827+0000] {dagbag.py:588} INFO - Filling up the DagBag from /opt/airflow/dags/t.py
[2025-02-12T00:28:49.035+0000] {logging_mixin.py:190} INFO - [2025-02-12T00:28:49.034+0000] {connection.py:414} INFO - Snowflake Connector for Python Version: 3.12.4, Python Version: 3.12.8, Platform: Linux-5.15.167.4-microsoft-standard-WSL2-x86_64-with-glibc2.36
[2025-02-12T00:28:49.036+0000] {logging_mixin.py:190} INFO - [2025-02-12T00:28:49.035+0000] {connection.py:1197} INFO - Connecting to GLOBAL Snowflake domain
[2025-02-12T00:28:49.036+0000] {logging_mixin.py:190} INFO - [2025-02-12T00:28:49.036+0000] {connection.py:1278} INFO - This connection is in OCSP Fail Open Mode. TLS Certificates would be checked for validity and revocation status. Any other Certificate Revocation related exceptions or OCSP Responder failures would be disregarded in favor of connectivity.
[2025-02-12T00:28:49.592+0000] {processor.py:927} WARNING - No viable dags retrieved from /opt/airflow/dags/t.py
[2025-02-12T00:28:49.627+0000] {processor.py:208} INFO - Processing /opt/airflow/dags/t.py took 1.809 seconds
[2025-02-12T00:29:20.513+0000] {processor.py:186} INFO - Started process (PID=1060) to work on /opt/airflow/dags/t.py
[2025-02-12T00:29:20.514+0000] {processor.py:914} INFO - Processing file /opt/airflow/dags/t.py for tasks to queue
[2025-02-12T00:29:20.516+0000] {logging_mixin.py:190} INFO - [2025-02-12T00:29:20.515+0000] {dagbag.py:588} INFO - Filling up the DagBag from /opt/airflow/dags/t.py
[2025-02-12T00:29:21.326+0000] {logging_mixin.py:190} INFO - [2025-02-12T00:29:21.326+0000] {connection.py:414} INFO - Snowflake Connector for Python Version: 3.12.4, Python Version: 3.12.8, Platform: Linux-5.15.167.4-microsoft-standard-WSL2-x86_64-with-glibc2.36
[2025-02-12T00:29:21.327+0000] {logging_mixin.py:190} INFO - [2025-02-12T00:29:21.327+0000] {connection.py:1197} INFO - Connecting to GLOBAL Snowflake domain
[2025-02-12T00:29:21.328+0000] {logging_mixin.py:190} INFO - [2025-02-12T00:29:21.328+0000] {connection.py:1278} INFO - This connection is in OCSP Fail Open Mode. TLS Certificates would be checked for validity and revocation status. Any other Certificate Revocation related exceptions or OCSP Responder failures would be disregarded in favor of connectivity.
[2025-02-12T00:29:21.896+0000] {processor.py:927} WARNING - No viable dags retrieved from /opt/airflow/dags/t.py
[2025-02-12T00:29:21.907+0000] {processor.py:208} INFO - Processing /opt/airflow/dags/t.py took 1.404 seconds
[2025-02-12T00:29:52.012+0000] {processor.py:186} INFO - Started process (PID=1072) to work on /opt/airflow/dags/t.py
[2025-02-12T00:29:52.013+0000] {processor.py:914} INFO - Processing file /opt/airflow/dags/t.py for tasks to queue
[2025-02-12T00:29:52.015+0000] {logging_mixin.py:190} INFO - [2025-02-12T00:29:52.014+0000] {dagbag.py:588} INFO - Filling up the DagBag from /opt/airflow/dags/t.py
[2025-02-12T00:29:52.879+0000] {logging_mixin.py:190} INFO - [2025-02-12T00:29:52.879+0000] {connection.py:414} INFO - Snowflake Connector for Python Version: 3.12.4, Python Version: 3.12.8, Platform: Linux-5.15.167.4-microsoft-standard-WSL2-x86_64-with-glibc2.36
[2025-02-12T00:29:52.880+0000] {logging_mixin.py:190} INFO - [2025-02-12T00:29:52.879+0000] {connection.py:1197} INFO - Connecting to GLOBAL Snowflake domain
[2025-02-12T00:29:52.880+0000] {logging_mixin.py:190} INFO - [2025-02-12T00:29:52.880+0000] {connection.py:1278} INFO - This connection is in OCSP Fail Open Mode. TLS Certificates would be checked for validity and revocation status. Any other Certificate Revocation related exceptions or OCSP Responder failures would be disregarded in favor of connectivity.
[2025-02-12T00:29:53.389+0000] {processor.py:927} WARNING - No viable dags retrieved from /opt/airflow/dags/t.py
[2025-02-12T00:29:53.400+0000] {processor.py:208} INFO - Processing /opt/airflow/dags/t.py took 1.394 seconds
[2025-02-12T00:30:23.654+0000] {processor.py:186} INFO - Started process (PID=1084) to work on /opt/airflow/dags/t.py
[2025-02-12T00:30:23.656+0000] {processor.py:914} INFO - Processing file /opt/airflow/dags/t.py for tasks to queue
[2025-02-12T00:30:23.661+0000] {logging_mixin.py:190} INFO - [2025-02-12T00:30:23.659+0000] {dagbag.py:588} INFO - Filling up the DagBag from /opt/airflow/dags/t.py
[2025-02-12T00:30:25.016+0000] {logging_mixin.py:190} INFO - [2025-02-12T00:30:25.016+0000] {connection.py:414} INFO - Snowflake Connector for Python Version: 3.12.4, Python Version: 3.12.8, Platform: Linux-5.15.167.4-microsoft-standard-WSL2-x86_64-with-glibc2.36
[2025-02-12T00:30:25.018+0000] {logging_mixin.py:190} INFO - [2025-02-12T00:30:25.017+0000] {connection.py:1197} INFO - Connecting to GLOBAL Snowflake domain
[2025-02-12T00:30:25.019+0000] {logging_mixin.py:190} INFO - [2025-02-12T00:30:25.019+0000] {connection.py:1278} INFO - This connection is in OCSP Fail Open Mode. TLS Certificates would be checked for validity and revocation status. Any other Certificate Revocation related exceptions or OCSP Responder failures would be disregarded in favor of connectivity.
[2025-02-12T00:30:25.958+0000] {processor.py:927} WARNING - No viable dags retrieved from /opt/airflow/dags/t.py
[2025-02-12T00:30:25.973+0000] {processor.py:208} INFO - Processing /opt/airflow/dags/t.py took 2.336 seconds
[2025-02-12T00:30:56.924+0000] {processor.py:186} INFO - Started process (PID=1097) to work on /opt/airflow/dags/t.py
[2025-02-12T00:30:56.928+0000] {processor.py:914} INFO - Processing file /opt/airflow/dags/t.py for tasks to queue
[2025-02-12T00:30:56.933+0000] {logging_mixin.py:190} INFO - [2025-02-12T00:30:56.932+0000] {dagbag.py:588} INFO - Filling up the DagBag from /opt/airflow/dags/t.py
[2025-02-12T00:31:03.471+0000] {logging_mixin.py:190} INFO - [2025-02-12T00:31:03.471+0000] {connection.py:414} INFO - Snowflake Connector for Python Version: 3.12.4, Python Version: 3.12.8, Platform: Linux-5.15.167.4-microsoft-standard-WSL2-x86_64-with-glibc2.36
[2025-02-12T00:31:03.473+0000] {logging_mixin.py:190} INFO - [2025-02-12T00:31:03.472+0000] {connection.py:1197} INFO - Connecting to GLOBAL Snowflake domain
[2025-02-12T00:31:03.474+0000] {logging_mixin.py:190} INFO - [2025-02-12T00:31:03.473+0000] {connection.py:1278} INFO - This connection is in OCSP Fail Open Mode. TLS Certificates would be checked for validity and revocation status. Any other Certificate Revocation related exceptions or OCSP Responder failures would be disregarded in favor of connectivity.
[2025-02-12T00:31:04.230+0000] {processor.py:927} WARNING - No viable dags retrieved from /opt/airflow/dags/t.py
[2025-02-12T00:31:04.268+0000] {processor.py:208} INFO - Processing /opt/airflow/dags/t.py took 7.372 seconds
[2025-02-12T00:31:34.799+0000] {processor.py:186} INFO - Started process (PID=1111) to work on /opt/airflow/dags/t.py
[2025-02-12T00:31:34.800+0000] {processor.py:914} INFO - Processing file /opt/airflow/dags/t.py for tasks to queue
[2025-02-12T00:31:34.802+0000] {logging_mixin.py:190} INFO - [2025-02-12T00:31:34.802+0000] {dagbag.py:588} INFO - Filling up the DagBag from /opt/airflow/dags/t.py
[2025-02-12T00:31:35.711+0000] {logging_mixin.py:190} INFO - [2025-02-12T00:31:35.710+0000] {connection.py:414} INFO - Snowflake Connector for Python Version: 3.12.4, Python Version: 3.12.8, Platform: Linux-5.15.167.4-microsoft-standard-WSL2-x86_64-with-glibc2.36
[2025-02-12T00:31:35.712+0000] {logging_mixin.py:190} INFO - [2025-02-12T00:31:35.711+0000] {connection.py:1197} INFO - Connecting to GLOBAL Snowflake domain
[2025-02-12T00:31:35.712+0000] {logging_mixin.py:190} INFO - [2025-02-12T00:31:35.712+0000] {connection.py:1278} INFO - This connection is in OCSP Fail Open Mode. TLS Certificates would be checked for validity and revocation status. Any other Certificate Revocation related exceptions or OCSP Responder failures would be disregarded in favor of connectivity.
[2025-02-12T00:31:36.310+0000] {processor.py:927} WARNING - No viable dags retrieved from /opt/airflow/dags/t.py
[2025-02-12T00:31:36.326+0000] {processor.py:208} INFO - Processing /opt/airflow/dags/t.py took 1.534 seconds
[2025-02-12T00:32:06.555+0000] {processor.py:186} INFO - Started process (PID=1123) to work on /opt/airflow/dags/t.py
[2025-02-12T00:32:06.557+0000] {processor.py:914} INFO - Processing file /opt/airflow/dags/t.py for tasks to queue
[2025-02-12T00:32:06.559+0000] {logging_mixin.py:190} INFO - [2025-02-12T00:32:06.559+0000] {dagbag.py:588} INFO - Filling up the DagBag from /opt/airflow/dags/t.py
[2025-02-12T00:32:07.448+0000] {logging_mixin.py:190} INFO - [2025-02-12T00:32:07.448+0000] {connection.py:414} INFO - Snowflake Connector for Python Version: 3.12.4, Python Version: 3.12.8, Platform: Linux-5.15.167.4-microsoft-standard-WSL2-x86_64-with-glibc2.36
[2025-02-12T00:32:07.449+0000] {logging_mixin.py:190} INFO - [2025-02-12T00:32:07.449+0000] {connection.py:1197} INFO - Connecting to GLOBAL Snowflake domain
[2025-02-12T00:32:07.450+0000] {logging_mixin.py:190} INFO - [2025-02-12T00:32:07.449+0000] {connection.py:1278} INFO - This connection is in OCSP Fail Open Mode. TLS Certificates would be checked for validity and revocation status. Any other Certificate Revocation related exceptions or OCSP Responder failures would be disregarded in favor of connectivity.
[2025-02-12T00:32:08.053+0000] {processor.py:927} WARNING - No viable dags retrieved from /opt/airflow/dags/t.py
[2025-02-12T00:32:08.067+0000] {processor.py:208} INFO - Processing /opt/airflow/dags/t.py took 1.573 seconds
[2025-02-12T00:32:38.906+0000] {processor.py:186} INFO - Started process (PID=1136) to work on /opt/airflow/dags/t.py
[2025-02-12T00:32:38.907+0000] {processor.py:914} INFO - Processing file /opt/airflow/dags/t.py for tasks to queue
[2025-02-12T00:32:38.909+0000] {logging_mixin.py:190} INFO - [2025-02-12T00:32:38.908+0000] {dagbag.py:588} INFO - Filling up the DagBag from /opt/airflow/dags/t.py
[2025-02-12T00:32:40.419+0000] {logging_mixin.py:190} INFO - [2025-02-12T00:32:40.419+0000] {connection.py:414} INFO - Snowflake Connector for Python Version: 3.12.4, Python Version: 3.12.8, Platform: Linux-5.15.167.4-microsoft-standard-WSL2-x86_64-with-glibc2.36
[2025-02-12T00:32:40.420+0000] {logging_mixin.py:190} INFO - [2025-02-12T00:32:40.420+0000] {connection.py:1197} INFO - Connecting to GLOBAL Snowflake domain
[2025-02-12T00:32:40.421+0000] {logging_mixin.py:190} INFO - [2025-02-12T00:32:40.421+0000] {connection.py:1278} INFO - This connection is in OCSP Fail Open Mode. TLS Certificates would be checked for validity and revocation status. Any other Certificate Revocation related exceptions or OCSP Responder failures would be disregarded in favor of connectivity.
[2025-02-12T00:32:41.131+0000] {processor.py:927} WARNING - No viable dags retrieved from /opt/airflow/dags/t.py
[2025-02-12T00:32:41.142+0000] {processor.py:208} INFO - Processing /opt/airflow/dags/t.py took 2.243 seconds
[2025-02-12T00:33:11.418+0000] {processor.py:186} INFO - Started process (PID=1148) to work on /opt/airflow/dags/t.py
[2025-02-12T00:33:11.420+0000] {processor.py:914} INFO - Processing file /opt/airflow/dags/t.py for tasks to queue
[2025-02-12T00:33:11.422+0000] {logging_mixin.py:190} INFO - [2025-02-12T00:33:11.421+0000] {dagbag.py:588} INFO - Filling up the DagBag from /opt/airflow/dags/t.py
[2025-02-12T00:33:12.922+0000] {logging_mixin.py:190} INFO - [2025-02-12T00:33:12.921+0000] {connection.py:414} INFO - Snowflake Connector for Python Version: 3.12.4, Python Version: 3.12.8, Platform: Linux-5.15.167.4-microsoft-standard-WSL2-x86_64-with-glibc2.36
[2025-02-12T00:33:12.923+0000] {logging_mixin.py:190} INFO - [2025-02-12T00:33:12.923+0000] {connection.py:1197} INFO - Connecting to GLOBAL Snowflake domain
[2025-02-12T00:33:12.924+0000] {logging_mixin.py:190} INFO - [2025-02-12T00:33:12.924+0000] {connection.py:1278} INFO - This connection is in OCSP Fail Open Mode. TLS Certificates would be checked for validity and revocation status. Any other Certificate Revocation related exceptions or OCSP Responder failures would be disregarded in favor of connectivity.
[2025-02-12T00:33:13.613+0000] {processor.py:927} WARNING - No viable dags retrieved from /opt/airflow/dags/t.py
[2025-02-12T00:33:13.629+0000] {processor.py:208} INFO - Processing /opt/airflow/dags/t.py took 2.220 seconds
[2025-02-12T00:33:24.564+0000] {processor.py:186} INFO - Started process (PID=1159) to work on /opt/airflow/dags/t.py
[2025-02-12T00:33:24.566+0000] {processor.py:914} INFO - Processing file /opt/airflow/dags/t.py for tasks to queue
[2025-02-12T00:33:24.567+0000] {logging_mixin.py:190} INFO - [2025-02-12T00:33:24.567+0000] {dagbag.py:588} INFO - Filling up the DagBag from /opt/airflow/dags/t.py
[2025-02-12T00:33:25.469+0000] {logging_mixin.py:190} INFO - [2025-02-12T00:33:25.469+0000] {connection.py:414} INFO - Snowflake Connector for Python Version: 3.12.4, Python Version: 3.12.8, Platform: Linux-5.15.167.4-microsoft-standard-WSL2-x86_64-with-glibc2.36
[2025-02-12T00:33:25.470+0000] {logging_mixin.py:190} INFO - [2025-02-12T00:33:25.470+0000] {connection.py:1197} INFO - Connecting to GLOBAL Snowflake domain
[2025-02-12T00:33:25.471+0000] {logging_mixin.py:190} INFO - [2025-02-12T00:33:25.471+0000] {connection.py:1278} INFO - This connection is in OCSP Fail Open Mode. TLS Certificates would be checked for validity and revocation status. Any other Certificate Revocation related exceptions or OCSP Responder failures would be disregarded in favor of connectivity.
[2025-02-12T00:33:26.201+0000] {processor.py:927} WARNING - No viable dags retrieved from /opt/airflow/dags/t.py
[2025-02-12T00:33:26.214+0000] {processor.py:208} INFO - Processing /opt/airflow/dags/t.py took 1.656 seconds
[2025-02-12T00:33:56.927+0000] {processor.py:186} INFO - Started process (PID=1171) to work on /opt/airflow/dags/t.py
[2025-02-12T00:33:56.928+0000] {processor.py:914} INFO - Processing file /opt/airflow/dags/t.py for tasks to queue
[2025-02-12T00:33:56.930+0000] {logging_mixin.py:190} INFO - [2025-02-12T00:33:56.929+0000] {dagbag.py:588} INFO - Filling up the DagBag from /opt/airflow/dags/t.py
[2025-02-12T00:33:57.698+0000] {logging_mixin.py:190} INFO - [2025-02-12T00:33:57.698+0000] {connection.py:414} INFO - Snowflake Connector for Python Version: 3.12.4, Python Version: 3.12.8, Platform: Linux-5.15.167.4-microsoft-standard-WSL2-x86_64-with-glibc2.36
[2025-02-12T00:33:57.700+0000] {logging_mixin.py:190} INFO - [2025-02-12T00:33:57.699+0000] {connection.py:1197} INFO - Connecting to GLOBAL Snowflake domain
[2025-02-12T00:33:57.700+0000] {logging_mixin.py:190} INFO - [2025-02-12T00:33:57.700+0000] {connection.py:1278} INFO - This connection is in OCSP Fail Open Mode. TLS Certificates would be checked for validity and revocation status. Any other Certificate Revocation related exceptions or OCSP Responder failures would be disregarded in favor of connectivity.
[2025-02-12T00:33:58.249+0000] {processor.py:927} WARNING - No viable dags retrieved from /opt/airflow/dags/t.py
[2025-02-12T00:33:58.263+0000] {processor.py:208} INFO - Processing /opt/airflow/dags/t.py took 1.343 seconds
[2025-02-12T00:34:28.345+0000] {processor.py:186} INFO - Started process (PID=1183) to work on /opt/airflow/dags/t.py
[2025-02-12T00:34:28.347+0000] {processor.py:914} INFO - Processing file /opt/airflow/dags/t.py for tasks to queue
[2025-02-12T00:34:28.349+0000] {logging_mixin.py:190} INFO - [2025-02-12T00:34:28.349+0000] {dagbag.py:588} INFO - Filling up the DagBag from /opt/airflow/dags/t.py
[2025-02-12T00:34:29.536+0000] {logging_mixin.py:190} INFO - [2025-02-12T00:34:29.535+0000] {connection.py:414} INFO - Snowflake Connector for Python Version: 3.12.4, Python Version: 3.12.8, Platform: Linux-5.15.167.4-microsoft-standard-WSL2-x86_64-with-glibc2.36
[2025-02-12T00:34:29.537+0000] {logging_mixin.py:190} INFO - [2025-02-12T00:34:29.537+0000] {connection.py:1197} INFO - Connecting to GLOBAL Snowflake domain
[2025-02-12T00:34:29.538+0000] {logging_mixin.py:190} INFO - [2025-02-12T00:34:29.538+0000] {connection.py:1278} INFO - This connection is in OCSP Fail Open Mode. TLS Certificates would be checked for validity and revocation status. Any other Certificate Revocation related exceptions or OCSP Responder failures would be disregarded in favor of connectivity.
[2025-02-12T00:34:30.199+0000] {processor.py:927} WARNING - No viable dags retrieved from /opt/airflow/dags/t.py
[2025-02-12T00:34:30.240+0000] {processor.py:208} INFO - Processing /opt/airflow/dags/t.py took 1.903 seconds
[2025-02-12T00:35:01.036+0000] {processor.py:186} INFO - Started process (PID=1195) to work on /opt/airflow/dags/t.py
[2025-02-12T00:35:01.038+0000] {processor.py:914} INFO - Processing file /opt/airflow/dags/t.py for tasks to queue
[2025-02-12T00:35:01.039+0000] {logging_mixin.py:190} INFO - [2025-02-12T00:35:01.039+0000] {dagbag.py:588} INFO - Filling up the DagBag from /opt/airflow/dags/t.py
[2025-02-12T00:35:02.152+0000] {logging_mixin.py:190} INFO - [2025-02-12T00:35:02.151+0000] {connection.py:414} INFO - Snowflake Connector for Python Version: 3.12.4, Python Version: 3.12.8, Platform: Linux-5.15.167.4-microsoft-standard-WSL2-x86_64-with-glibc2.36
[2025-02-12T00:35:02.153+0000] {logging_mixin.py:190} INFO - [2025-02-12T00:35:02.152+0000] {connection.py:1197} INFO - Connecting to GLOBAL Snowflake domain
[2025-02-12T00:35:02.153+0000] {logging_mixin.py:190} INFO - [2025-02-12T00:35:02.153+0000] {connection.py:1278} INFO - This connection is in OCSP Fail Open Mode. TLS Certificates would be checked for validity and revocation status. Any other Certificate Revocation related exceptions or OCSP Responder failures would be disregarded in favor of connectivity.
[2025-02-12T00:35:02.797+0000] {processor.py:927} WARNING - No viable dags retrieved from /opt/airflow/dags/t.py
[2025-02-12T00:35:02.815+0000] {processor.py:208} INFO - Processing /opt/airflow/dags/t.py took 1.790 seconds
[2025-02-12T00:35:32.955+0000] {processor.py:186} INFO - Started process (PID=1207) to work on /opt/airflow/dags/t.py
[2025-02-12T00:35:32.956+0000] {processor.py:914} INFO - Processing file /opt/airflow/dags/t.py for tasks to queue
[2025-02-12T00:35:32.958+0000] {logging_mixin.py:190} INFO - [2025-02-12T00:35:32.957+0000] {dagbag.py:588} INFO - Filling up the DagBag from /opt/airflow/dags/t.py
[2025-02-12T00:35:34.047+0000] {logging_mixin.py:190} INFO - [2025-02-12T00:35:34.047+0000] {connection.py:414} INFO - Snowflake Connector for Python Version: 3.12.4, Python Version: 3.12.8, Platform: Linux-5.15.167.4-microsoft-standard-WSL2-x86_64-with-glibc2.36
[2025-02-12T00:35:34.048+0000] {logging_mixin.py:190} INFO - [2025-02-12T00:35:34.048+0000] {connection.py:1197} INFO - Connecting to GLOBAL Snowflake domain
[2025-02-12T00:35:34.048+0000] {logging_mixin.py:190} INFO - [2025-02-12T00:35:34.048+0000] {connection.py:1278} INFO - This connection is in OCSP Fail Open Mode. TLS Certificates would be checked for validity and revocation status. Any other Certificate Revocation related exceptions or OCSP Responder failures would be disregarded in favor of connectivity.
[2025-02-12T00:35:34.592+0000] {processor.py:927} WARNING - No viable dags retrieved from /opt/airflow/dags/t.py
[2025-02-12T00:35:34.609+0000] {processor.py:208} INFO - Processing /opt/airflow/dags/t.py took 1.661 seconds
[2025-02-12T00:36:04.763+0000] {processor.py:186} INFO - Started process (PID=1219) to work on /opt/airflow/dags/t.py
[2025-02-12T00:36:04.764+0000] {processor.py:914} INFO - Processing file /opt/airflow/dags/t.py for tasks to queue
[2025-02-12T00:36:04.765+0000] {logging_mixin.py:190} INFO - [2025-02-12T00:36:04.765+0000] {dagbag.py:588} INFO - Filling up the DagBag from /opt/airflow/dags/t.py
[2025-02-12T00:36:05.533+0000] {logging_mixin.py:190} INFO - [2025-02-12T00:36:05.533+0000] {connection.py:414} INFO - Snowflake Connector for Python Version: 3.12.4, Python Version: 3.12.8, Platform: Linux-5.15.167.4-microsoft-standard-WSL2-x86_64-with-glibc2.36
[2025-02-12T00:36:05.534+0000] {logging_mixin.py:190} INFO - [2025-02-12T00:36:05.534+0000] {connection.py:1197} INFO - Connecting to GLOBAL Snowflake domain
[2025-02-12T00:36:05.536+0000] {logging_mixin.py:190} INFO - [2025-02-12T00:36:05.535+0000] {connection.py:1278} INFO - This connection is in OCSP Fail Open Mode. TLS Certificates would be checked for validity and revocation status. Any other Certificate Revocation related exceptions or OCSP Responder failures would be disregarded in favor of connectivity.
[2025-02-12T00:36:06.108+0000] {processor.py:927} WARNING - No viable dags retrieved from /opt/airflow/dags/t.py
[2025-02-12T00:36:06.120+0000] {processor.py:208} INFO - Processing /opt/airflow/dags/t.py took 1.363 seconds
[2025-02-12T00:36:36.377+0000] {processor.py:186} INFO - Started process (PID=1231) to work on /opt/airflow/dags/t.py
[2025-02-12T00:36:36.378+0000] {processor.py:914} INFO - Processing file /opt/airflow/dags/t.py for tasks to queue
[2025-02-12T00:36:36.380+0000] {logging_mixin.py:190} INFO - [2025-02-12T00:36:36.380+0000] {dagbag.py:588} INFO - Filling up the DagBag from /opt/airflow/dags/t.py
[2025-02-12T00:36:37.136+0000] {logging_mixin.py:190} INFO - [2025-02-12T00:36:37.136+0000] {connection.py:414} INFO - Snowflake Connector for Python Version: 3.12.4, Python Version: 3.12.8, Platform: Linux-5.15.167.4-microsoft-standard-WSL2-x86_64-with-glibc2.36
[2025-02-12T00:36:37.137+0000] {logging_mixin.py:190} INFO - [2025-02-12T00:36:37.137+0000] {connection.py:1197} INFO - Connecting to GLOBAL Snowflake domain
[2025-02-12T00:36:37.138+0000] {logging_mixin.py:190} INFO - [2025-02-12T00:36:37.138+0000] {connection.py:1278} INFO - This connection is in OCSP Fail Open Mode. TLS Certificates would be checked for validity and revocation status. Any other Certificate Revocation related exceptions or OCSP Responder failures would be disregarded in favor of connectivity.
[2025-02-12T00:36:37.613+0000] {processor.py:927} WARNING - No viable dags retrieved from /opt/airflow/dags/t.py
[2025-02-12T00:36:37.627+0000] {processor.py:208} INFO - Processing /opt/airflow/dags/t.py took 1.255 seconds
[2025-02-12T00:37:07.909+0000] {processor.py:186} INFO - Started process (PID=1243) to work on /opt/airflow/dags/t.py
[2025-02-12T00:37:07.911+0000] {processor.py:914} INFO - Processing file /opt/airflow/dags/t.py for tasks to queue
[2025-02-12T00:37:07.912+0000] {logging_mixin.py:190} INFO - [2025-02-12T00:37:07.912+0000] {dagbag.py:588} INFO - Filling up the DagBag from /opt/airflow/dags/t.py
[2025-02-12T00:37:09.496+0000] {logging_mixin.py:190} INFO - [2025-02-12T00:37:09.496+0000] {connection.py:414} INFO - Snowflake Connector for Python Version: 3.12.4, Python Version: 3.12.8, Platform: Linux-5.15.167.4-microsoft-standard-WSL2-x86_64-with-glibc2.36
[2025-02-12T00:37:09.498+0000] {logging_mixin.py:190} INFO - [2025-02-12T00:37:09.497+0000] {connection.py:1197} INFO - Connecting to GLOBAL Snowflake domain
[2025-02-12T00:37:09.498+0000] {logging_mixin.py:190} INFO - [2025-02-12T00:37:09.498+0000] {connection.py:1278} INFO - This connection is in OCSP Fail Open Mode. TLS Certificates would be checked for validity and revocation status. Any other Certificate Revocation related exceptions or OCSP Responder failures would be disregarded in favor of connectivity.
[2025-02-12T00:37:10.048+0000] {processor.py:927} WARNING - No viable dags retrieved from /opt/airflow/dags/t.py
[2025-02-12T00:37:10.063+0000] {processor.py:208} INFO - Processing /opt/airflow/dags/t.py took 2.161 seconds
[2025-02-12T00:37:40.317+0000] {processor.py:186} INFO - Started process (PID=1256) to work on /opt/airflow/dags/t.py
[2025-02-12T00:37:40.319+0000] {processor.py:914} INFO - Processing file /opt/airflow/dags/t.py for tasks to queue
[2025-02-12T00:37:40.323+0000] {logging_mixin.py:190} INFO - [2025-02-12T00:37:40.322+0000] {dagbag.py:588} INFO - Filling up the DagBag from /opt/airflow/dags/t.py
[2025-02-12T00:37:41.301+0000] {logging_mixin.py:190} INFO - [2025-02-12T00:37:41.301+0000] {connection.py:414} INFO - Snowflake Connector for Python Version: 3.12.4, Python Version: 3.12.8, Platform: Linux-5.15.167.4-microsoft-standard-WSL2-x86_64-with-glibc2.36
[2025-02-12T00:37:41.303+0000] {logging_mixin.py:190} INFO - [2025-02-12T00:37:41.302+0000] {connection.py:1197} INFO - Connecting to GLOBAL Snowflake domain
[2025-02-12T00:37:41.304+0000] {logging_mixin.py:190} INFO - [2025-02-12T00:37:41.304+0000] {connection.py:1278} INFO - This connection is in OCSP Fail Open Mode. TLS Certificates would be checked for validity and revocation status. Any other Certificate Revocation related exceptions or OCSP Responder failures would be disregarded in favor of connectivity.
[2025-02-12T00:37:41.871+0000] {processor.py:927} WARNING - No viable dags retrieved from /opt/airflow/dags/t.py
[2025-02-12T00:37:41.881+0000] {processor.py:208} INFO - Processing /opt/airflow/dags/t.py took 1.571 seconds
[2025-02-12T00:38:12.386+0000] {processor.py:186} INFO - Started process (PID=1268) to work on /opt/airflow/dags/t.py
[2025-02-12T00:38:12.388+0000] {processor.py:914} INFO - Processing file /opt/airflow/dags/t.py for tasks to queue
[2025-02-12T00:38:12.389+0000] {logging_mixin.py:190} INFO - [2025-02-12T00:38:12.389+0000] {dagbag.py:588} INFO - Filling up the DagBag from /opt/airflow/dags/t.py
[2025-02-12T00:38:13.225+0000] {logging_mixin.py:190} INFO - [2025-02-12T00:38:13.225+0000] {connection.py:414} INFO - Snowflake Connector for Python Version: 3.12.4, Python Version: 3.12.8, Platform: Linux-5.15.167.4-microsoft-standard-WSL2-x86_64-with-glibc2.36
[2025-02-12T00:38:13.226+0000] {logging_mixin.py:190} INFO - [2025-02-12T00:38:13.226+0000] {connection.py:1197} INFO - Connecting to GLOBAL Snowflake domain
[2025-02-12T00:38:13.227+0000] {logging_mixin.py:190} INFO - [2025-02-12T00:38:13.227+0000] {connection.py:1278} INFO - This connection is in OCSP Fail Open Mode. TLS Certificates would be checked for validity and revocation status. Any other Certificate Revocation related exceptions or OCSP Responder failures would be disregarded in favor of connectivity.
[2025-02-12T00:38:13.853+0000] {processor.py:927} WARNING - No viable dags retrieved from /opt/airflow/dags/t.py
[2025-02-12T00:38:13.870+0000] {processor.py:208} INFO - Processing /opt/airflow/dags/t.py took 1.489 seconds
[2025-02-12T00:38:43.924+0000] {processor.py:186} INFO - Started process (PID=1286) to work on /opt/airflow/dags/t.py
[2025-02-12T00:38:43.925+0000] {processor.py:914} INFO - Processing file /opt/airflow/dags/t.py for tasks to queue
[2025-02-12T00:38:43.927+0000] {logging_mixin.py:190} INFO - [2025-02-12T00:38:43.926+0000] {dagbag.py:588} INFO - Filling up the DagBag from /opt/airflow/dags/t.py
[2025-02-12T00:38:44.715+0000] {logging_mixin.py:190} INFO - [2025-02-12T00:38:44.714+0000] {connection.py:414} INFO - Snowflake Connector for Python Version: 3.12.4, Python Version: 3.12.8, Platform: Linux-5.15.167.4-microsoft-standard-WSL2-x86_64-with-glibc2.36
[2025-02-12T00:38:44.715+0000] {logging_mixin.py:190} INFO - [2025-02-12T00:38:44.715+0000] {connection.py:1197} INFO - Connecting to GLOBAL Snowflake domain
[2025-02-12T00:38:44.716+0000] {logging_mixin.py:190} INFO - [2025-02-12T00:38:44.716+0000] {connection.py:1278} INFO - This connection is in OCSP Fail Open Mode. TLS Certificates would be checked for validity and revocation status. Any other Certificate Revocation related exceptions or OCSP Responder failures would be disregarded in favor of connectivity.
[2025-02-12T00:38:45.245+0000] {processor.py:927} WARNING - No viable dags retrieved from /opt/airflow/dags/t.py
[2025-02-12T00:38:45.257+0000] {processor.py:208} INFO - Processing /opt/airflow/dags/t.py took 1.341 seconds
