[2025-02-14T02:26:10.068+0000] {local_task_job_runner.py:123} INFO - ::group::Pre task execution logs
[2025-02-14T02:26:10.099+0000] {taskinstance.py:2613} INFO - Dependencies all met for dep_context=non-requeueable deps ti=<TaskInstance: dag_for_dbt_denormalize.Check_if_data_exists manual__2025-02-13T21:25:59-05:00 [queued]>
[2025-02-14T02:26:10.113+0000] {taskinstance.py:2613} INFO - Dependencies all met for dep_context=requeueable deps ti=<TaskInstance: dag_for_dbt_denormalize.Check_if_data_exists manual__2025-02-13T21:25:59-05:00 [queued]>
[2025-02-14T02:26:10.113+0000] {taskinstance.py:2866} INFO - Starting attempt 1 of 1
[2025-02-14T02:26:10.138+0000] {taskinstance.py:2889} INFO - Executing <Task(BranchPythonOperator): Check_if_data_exists> on 2025-02-14 02:25:59+00:00
[2025-02-14T02:26:10.147+0000] {warnings.py:112} WARNING - /home/***/.local/lib/python3.12/site-packages/***/task/task_runner/standard_task_runner.py:70: DeprecationWarning: This process (pid=216) is multi-threaded, use of fork() may lead to deadlocks in the child.
  pid = os.fork()

[2025-02-14T02:26:10.149+0000] {standard_task_runner.py:104} INFO - Running: ['***', 'tasks', 'run', 'dag_for_dbt_denormalize', 'Check_if_data_exists', 'manual__2025-02-13T21:25:59-05:00', '--job-id', '325', '--raw', '--subdir', 'DAGS_FOLDER/denormalize_data_gad.py', '--cfg-path', '/tmp/tmp4wnf3f8t']
[2025-02-14T02:26:10.150+0000] {standard_task_runner.py:72} INFO - Started process 217 to run task
[2025-02-14T02:26:10.150+0000] {standard_task_runner.py:105} INFO - Job 325: Subtask Check_if_data_exists
[2025-02-14T02:26:10.211+0000] {task_command.py:467} INFO - Running <TaskInstance: dag_for_dbt_denormalize.Check_if_data_exists manual__2025-02-13T21:25:59-05:00 [running]> on host 520ef09c550f
[2025-02-14T02:26:10.320+0000] {taskinstance.py:3132} INFO - Exporting env vars: AIRFLOW_CTX_DAG_OWNER='***' AIRFLOW_CTX_DAG_ID='dag_for_dbt_denormalize' AIRFLOW_CTX_TASK_ID='Check_if_data_exists' AIRFLOW_CTX_EXECUTION_DATE='2025-02-14T02:25:59+00:00' AIRFLOW_CTX_TRY_NUMBER='1' AIRFLOW_CTX_DAG_RUN_ID='manual__2025-02-13T21:25:59-05:00'
[2025-02-14T02:26:10.322+0000] {taskinstance.py:731} INFO - ::endgroup::
[2025-02-14T02:26:10.345+0000] {baseoperator.py:421} WARNING - BranchPythonOperator.execute cannot be called outside TaskInstance!
[2025-02-14T02:26:10.908+0000] {python.py:240} INFO - Done. Returned value was: Upload_data_to_s3
[2025-02-14T02:26:10.911+0000] {branch.py:38} INFO - Branch into Upload_data_to_s3
[2025-02-14T02:26:10.914+0000] {skipmixin.py:230} INFO - Following branch ('Upload_data_to_s3',)
[2025-02-14T02:26:10.923+0000] {skipmixin.py:278} INFO - Skipping tasks []
[2025-02-14T02:26:10.954+0000] {taskinstance.py:340} INFO - ::group::Post task execution logs
[2025-02-14T02:26:10.955+0000] {taskinstance.py:352} INFO - Marking task as SUCCESS. dag_id=dag_for_dbt_denormalize, task_id=Check_if_data_exists, run_id=manual__2025-02-13T21:25:59-05:00, execution_date=20250214T022559, start_date=20250214T022610, end_date=20250214T022610
[2025-02-14T02:26:11.005+0000] {local_task_job_runner.py:266} INFO - Task exited with return code 0
[2025-02-14T02:26:11.045+0000] {taskinstance.py:3895} INFO - 1 downstream tasks scheduled from follow-on schedule check
[2025-02-14T02:26:11.049+0000] {local_task_job_runner.py:245} INFO - ::endgroup::
