[2025-02-08T23:13:32.523+0000] {taskinstance.py:1083} INFO - Dependencies all met for <TaskInstance: dag_with_pythonv2.fireCrawl manual__2025-02-08T23:13:29.754044+00:00 [queued]>
[2025-02-08T23:13:32.544+0000] {taskinstance.py:1083} INFO - Dependencies all met for <TaskInstance: dag_with_pythonv2.fireCrawl manual__2025-02-08T23:13:29.754044+00:00 [queued]>
[2025-02-08T23:13:32.545+0000] {taskinstance.py:1279} INFO - 
--------------------------------------------------------------------------------
[2025-02-08T23:13:32.545+0000] {taskinstance.py:1280} INFO - Starting attempt 1 of 1
[2025-02-08T23:13:32.546+0000] {taskinstance.py:1281} INFO - 
--------------------------------------------------------------------------------
[2025-02-08T23:13:32.576+0000] {taskinstance.py:1300} INFO - Executing <Task(PythonOperator): fireCrawl> on 2025-02-08 23:13:29.754044+00:00
[2025-02-08T23:13:32.587+0000] {standard_task_runner.py:55} INFO - Started process 962 to run task
[2025-02-08T23:13:32.593+0000] {standard_task_runner.py:82} INFO - Running: ['***', 'tasks', 'run', 'dag_with_pythonv2', 'fireCrawl', 'manual__2025-02-08T23:13:29.754044+00:00', '--job-id', '32', '--raw', '--subdir', 'DAGS_FOLDER/test.py', '--cfg-path', '/tmp/tmpfehat7pi']
[2025-02-08T23:13:32.594+0000] {standard_task_runner.py:83} INFO - Job 32: Subtask fireCrawl
[2025-02-08T23:13:32.711+0000] {task_command.py:388} INFO - Running <TaskInstance: dag_with_pythonv2.fireCrawl manual__2025-02-08T23:13:29.754044+00:00 [running]> on host 1694b062ea20
[2025-02-08T23:13:32.957+0000] {taskinstance.py:1509} INFO - Exporting the following env vars:
AIRFLOW_CTX_DAG_OWNER=***
AIRFLOW_CTX_DAG_ID=dag_with_pythonv2
AIRFLOW_CTX_TASK_ID=fireCrawl
AIRFLOW_CTX_EXECUTION_DATE=2025-02-08T23:13:29.754044+00:00
AIRFLOW_CTX_TRY_NUMBER=1
AIRFLOW_CTX_DAG_RUN_ID=manual__2025-02-08T23:13:29.754044+00:00
[2025-02-08T23:13:34.611+0000] {logging_mixin.py:137} INFO - []
[2025-02-08T23:13:34.613+0000] {python.py:177} INFO - Done. Returned value was: None
[2025-02-08T23:13:34.626+0000] {taskinstance.py:1323} INFO - Marking task as SUCCESS. dag_id=dag_with_pythonv2, task_id=fireCrawl, execution_date=20250208T231329, start_date=20250208T231332, end_date=20250208T231334
[2025-02-08T23:13:34.686+0000] {local_task_job.py:208} INFO - Task exited with return code 0
[2025-02-08T23:13:34.717+0000] {taskinstance.py:2578} INFO - 0 downstream tasks scheduled from follow-on schedule check
