[2025-02-08T22:06:11.898+0000] {processor.py:153} INFO - Started process (PID=94) to work on /home/airflow/.local/lib/python3.7/site-packages/airflow/example_dags/example_sensor_decorator.py
[2025-02-08T22:06:11.901+0000] {processor.py:743} INFO - Processing file /home/airflow/.local/lib/python3.7/site-packages/airflow/example_dags/example_sensor_decorator.py for tasks to queue
[2025-02-08T22:06:11.907+0000] {logging_mixin.py:137} INFO - [2025-02-08T22:06:11.904+0000] {dagbag.py:538} INFO - Filling up the DagBag from /home/airflow/.local/lib/python3.7/site-packages/airflow/example_dags/example_sensor_decorator.py
[2025-02-08T22:06:12.087+0000] {processor.py:753} INFO - DAG(s) dict_keys(['example_sensor_decorator']) retrieved from /home/airflow/.local/lib/python3.7/site-packages/airflow/example_dags/example_sensor_decorator.py
[2025-02-08T22:06:12.277+0000] {logging_mixin.py:137} INFO - [2025-02-08T22:06:12.277+0000] {dag.py:2690} INFO - Sync 1 DAGs
[2025-02-08T22:06:12.472+0000] {logging_mixin.py:137} INFO - [2025-02-08T22:06:12.472+0000] {dag.py:3441} INFO - Setting next_dagrun for example_sensor_decorator to None, run_after=None
[2025-02-08T22:06:12.568+0000] {processor.py:175} INFO - Processing /home/airflow/.local/lib/python3.7/site-packages/airflow/example_dags/example_sensor_decorator.py took 0.684 seconds
[2025-02-08T22:06:43.342+0000] {processor.py:153} INFO - Started process (PID=156) to work on /home/airflow/.local/lib/python3.7/site-packages/airflow/example_dags/example_sensor_decorator.py
[2025-02-08T22:06:43.343+0000] {processor.py:743} INFO - Processing file /home/airflow/.local/lib/python3.7/site-packages/airflow/example_dags/example_sensor_decorator.py for tasks to queue
[2025-02-08T22:06:43.344+0000] {logging_mixin.py:137} INFO - [2025-02-08T22:06:43.344+0000] {dagbag.py:538} INFO - Filling up the DagBag from /home/airflow/.local/lib/python3.7/site-packages/airflow/example_dags/example_sensor_decorator.py
[2025-02-08T22:06:43.372+0000] {processor.py:753} INFO - DAG(s) dict_keys(['example_sensor_decorator']) retrieved from /home/airflow/.local/lib/python3.7/site-packages/airflow/example_dags/example_sensor_decorator.py
[2025-02-08T22:06:43.399+0000] {logging_mixin.py:137} INFO - [2025-02-08T22:06:43.399+0000] {dag.py:2690} INFO - Sync 1 DAGs
[2025-02-08T22:06:43.425+0000] {logging_mixin.py:137} INFO - [2025-02-08T22:06:43.425+0000] {dag.py:3441} INFO - Setting next_dagrun for example_sensor_decorator to None, run_after=None
[2025-02-08T22:06:43.454+0000] {processor.py:175} INFO - Processing /home/airflow/.local/lib/python3.7/site-packages/airflow/example_dags/example_sensor_decorator.py took 0.116 seconds
[2025-02-08T22:07:14.136+0000] {processor.py:153} INFO - Started process (PID=243) to work on /home/airflow/.local/lib/python3.7/site-packages/airflow/example_dags/example_sensor_decorator.py
[2025-02-08T22:07:14.137+0000] {processor.py:743} INFO - Processing file /home/airflow/.local/lib/python3.7/site-packages/airflow/example_dags/example_sensor_decorator.py for tasks to queue
[2025-02-08T22:07:14.139+0000] {logging_mixin.py:137} INFO - [2025-02-08T22:07:14.138+0000] {dagbag.py:538} INFO - Filling up the DagBag from /home/airflow/.local/lib/python3.7/site-packages/airflow/example_dags/example_sensor_decorator.py
[2025-02-08T22:07:14.185+0000] {processor.py:753} INFO - DAG(s) dict_keys(['example_sensor_decorator']) retrieved from /home/airflow/.local/lib/python3.7/site-packages/airflow/example_dags/example_sensor_decorator.py
[2025-02-08T22:07:14.219+0000] {logging_mixin.py:137} INFO - [2025-02-08T22:07:14.218+0000] {dag.py:2690} INFO - Sync 1 DAGs
[2025-02-08T22:07:14.256+0000] {logging_mixin.py:137} INFO - [2025-02-08T22:07:14.256+0000] {dag.py:3441} INFO - Setting next_dagrun for example_sensor_decorator to None, run_after=None
[2025-02-08T22:07:14.825+0000] {processor.py:175} INFO - Processing /home/airflow/.local/lib/python3.7/site-packages/airflow/example_dags/example_sensor_decorator.py took 0.696 seconds
[2025-02-08T22:07:45.468+0000] {processor.py:153} INFO - Started process (PID=314) to work on /home/airflow/.local/lib/python3.7/site-packages/airflow/example_dags/example_sensor_decorator.py
[2025-02-08T22:07:45.469+0000] {processor.py:743} INFO - Processing file /home/airflow/.local/lib/python3.7/site-packages/airflow/example_dags/example_sensor_decorator.py for tasks to queue
[2025-02-08T22:07:45.470+0000] {logging_mixin.py:137} INFO - [2025-02-08T22:07:45.470+0000] {dagbag.py:538} INFO - Filling up the DagBag from /home/airflow/.local/lib/python3.7/site-packages/airflow/example_dags/example_sensor_decorator.py
[2025-02-08T22:07:45.494+0000] {processor.py:753} INFO - DAG(s) dict_keys(['example_sensor_decorator']) retrieved from /home/airflow/.local/lib/python3.7/site-packages/airflow/example_dags/example_sensor_decorator.py
[2025-02-08T22:07:45.517+0000] {logging_mixin.py:137} INFO - [2025-02-08T22:07:45.517+0000] {dag.py:2690} INFO - Sync 1 DAGs
[2025-02-08T22:07:45.546+0000] {logging_mixin.py:137} INFO - [2025-02-08T22:07:45.545+0000] {dag.py:3441} INFO - Setting next_dagrun for example_sensor_decorator to None, run_after=None
[2025-02-08T22:07:45.569+0000] {processor.py:175} INFO - Processing /home/airflow/.local/lib/python3.7/site-packages/airflow/example_dags/example_sensor_decorator.py took 0.105 seconds
[2025-02-08T22:08:15.994+0000] {processor.py:153} INFO - Started process (PID=401) to work on /home/airflow/.local/lib/python3.7/site-packages/airflow/example_dags/example_sensor_decorator.py
[2025-02-08T22:08:15.995+0000] {processor.py:743} INFO - Processing file /home/airflow/.local/lib/python3.7/site-packages/airflow/example_dags/example_sensor_decorator.py for tasks to queue
[2025-02-08T22:08:15.996+0000] {logging_mixin.py:137} INFO - [2025-02-08T22:08:15.996+0000] {dagbag.py:538} INFO - Filling up the DagBag from /home/airflow/.local/lib/python3.7/site-packages/airflow/example_dags/example_sensor_decorator.py
[2025-02-08T22:08:16.026+0000] {processor.py:753} INFO - DAG(s) dict_keys(['example_sensor_decorator']) retrieved from /home/airflow/.local/lib/python3.7/site-packages/airflow/example_dags/example_sensor_decorator.py
[2025-02-08T22:08:16.056+0000] {logging_mixin.py:137} INFO - [2025-02-08T22:08:16.056+0000] {dag.py:2690} INFO - Sync 1 DAGs
[2025-02-08T22:08:16.089+0000] {logging_mixin.py:137} INFO - [2025-02-08T22:08:16.089+0000] {dag.py:3441} INFO - Setting next_dagrun for example_sensor_decorator to None, run_after=None
[2025-02-08T22:08:16.122+0000] {processor.py:175} INFO - Processing /home/airflow/.local/lib/python3.7/site-packages/airflow/example_dags/example_sensor_decorator.py took 0.132 seconds
[2025-02-08T22:08:46.165+0000] {processor.py:153} INFO - Started process (PID=472) to work on /home/airflow/.local/lib/python3.7/site-packages/airflow/example_dags/example_sensor_decorator.py
[2025-02-08T22:08:46.167+0000] {processor.py:743} INFO - Processing file /home/airflow/.local/lib/python3.7/site-packages/airflow/example_dags/example_sensor_decorator.py for tasks to queue
[2025-02-08T22:08:46.168+0000] {logging_mixin.py:137} INFO - [2025-02-08T22:08:46.168+0000] {dagbag.py:538} INFO - Filling up the DagBag from /home/airflow/.local/lib/python3.7/site-packages/airflow/example_dags/example_sensor_decorator.py
[2025-02-08T22:08:46.196+0000] {processor.py:753} INFO - DAG(s) dict_keys(['example_sensor_decorator']) retrieved from /home/airflow/.local/lib/python3.7/site-packages/airflow/example_dags/example_sensor_decorator.py
[2025-02-08T22:08:46.229+0000] {logging_mixin.py:137} INFO - [2025-02-08T22:08:46.228+0000] {dag.py:2690} INFO - Sync 1 DAGs
[2025-02-08T22:08:46.268+0000] {logging_mixin.py:137} INFO - [2025-02-08T22:08:46.267+0000] {dag.py:3441} INFO - Setting next_dagrun for example_sensor_decorator to None, run_after=None
[2025-02-08T22:08:46.296+0000] {processor.py:175} INFO - Processing /home/airflow/.local/lib/python3.7/site-packages/airflow/example_dags/example_sensor_decorator.py took 0.135 seconds
[2025-02-08T22:09:16.470+0000] {processor.py:153} INFO - Started process (PID=543) to work on /home/airflow/.local/lib/python3.7/site-packages/airflow/example_dags/example_sensor_decorator.py
[2025-02-08T22:09:16.471+0000] {processor.py:743} INFO - Processing file /home/airflow/.local/lib/python3.7/site-packages/airflow/example_dags/example_sensor_decorator.py for tasks to queue
[2025-02-08T22:09:16.472+0000] {logging_mixin.py:137} INFO - [2025-02-08T22:09:16.472+0000] {dagbag.py:538} INFO - Filling up the DagBag from /home/airflow/.local/lib/python3.7/site-packages/airflow/example_dags/example_sensor_decorator.py
[2025-02-08T22:09:16.501+0000] {processor.py:753} INFO - DAG(s) dict_keys(['example_sensor_decorator']) retrieved from /home/airflow/.local/lib/python3.7/site-packages/airflow/example_dags/example_sensor_decorator.py
[2025-02-08T22:09:16.551+0000] {logging_mixin.py:137} INFO - [2025-02-08T22:09:16.551+0000] {dag.py:2690} INFO - Sync 1 DAGs
[2025-02-08T22:09:16.591+0000] {logging_mixin.py:137} INFO - [2025-02-08T22:09:16.591+0000] {dag.py:3441} INFO - Setting next_dagrun for example_sensor_decorator to None, run_after=None
[2025-02-08T22:09:16.615+0000] {processor.py:175} INFO - Processing /home/airflow/.local/lib/python3.7/site-packages/airflow/example_dags/example_sensor_decorator.py took 0.148 seconds
[2025-02-08T22:09:47.180+0000] {processor.py:153} INFO - Started process (PID=630) to work on /home/airflow/.local/lib/python3.7/site-packages/airflow/example_dags/example_sensor_decorator.py
[2025-02-08T22:09:47.181+0000] {processor.py:743} INFO - Processing file /home/airflow/.local/lib/python3.7/site-packages/airflow/example_dags/example_sensor_decorator.py for tasks to queue
[2025-02-08T22:09:47.183+0000] {logging_mixin.py:137} INFO - [2025-02-08T22:09:47.182+0000] {dagbag.py:538} INFO - Filling up the DagBag from /home/airflow/.local/lib/python3.7/site-packages/airflow/example_dags/example_sensor_decorator.py
[2025-02-08T22:09:47.207+0000] {processor.py:753} INFO - DAG(s) dict_keys(['example_sensor_decorator']) retrieved from /home/airflow/.local/lib/python3.7/site-packages/airflow/example_dags/example_sensor_decorator.py
[2025-02-08T22:09:47.235+0000] {logging_mixin.py:137} INFO - [2025-02-08T22:09:47.235+0000] {dag.py:2690} INFO - Sync 1 DAGs
[2025-02-08T22:09:47.262+0000] {logging_mixin.py:137} INFO - [2025-02-08T22:09:47.262+0000] {dag.py:3441} INFO - Setting next_dagrun for example_sensor_decorator to None, run_after=None
[2025-02-08T22:09:47.287+0000] {processor.py:175} INFO - Processing /home/airflow/.local/lib/python3.7/site-packages/airflow/example_dags/example_sensor_decorator.py took 0.112 seconds
[2025-02-08T22:10:17.873+0000] {processor.py:153} INFO - Started process (PID=701) to work on /home/airflow/.local/lib/python3.7/site-packages/airflow/example_dags/example_sensor_decorator.py
[2025-02-08T22:10:17.875+0000] {processor.py:743} INFO - Processing file /home/airflow/.local/lib/python3.7/site-packages/airflow/example_dags/example_sensor_decorator.py for tasks to queue
[2025-02-08T22:10:17.876+0000] {logging_mixin.py:137} INFO - [2025-02-08T22:10:17.875+0000] {dagbag.py:538} INFO - Filling up the DagBag from /home/airflow/.local/lib/python3.7/site-packages/airflow/example_dags/example_sensor_decorator.py
[2025-02-08T22:10:17.897+0000] {processor.py:753} INFO - DAG(s) dict_keys(['example_sensor_decorator']) retrieved from /home/airflow/.local/lib/python3.7/site-packages/airflow/example_dags/example_sensor_decorator.py
[2025-02-08T22:10:17.924+0000] {logging_mixin.py:137} INFO - [2025-02-08T22:10:17.924+0000] {dag.py:2690} INFO - Sync 1 DAGs
[2025-02-08T22:10:17.959+0000] {logging_mixin.py:137} INFO - [2025-02-08T22:10:17.959+0000] {dag.py:3441} INFO - Setting next_dagrun for example_sensor_decorator to None, run_after=None
[2025-02-08T22:10:18.022+0000] {processor.py:175} INFO - Processing /home/airflow/.local/lib/python3.7/site-packages/airflow/example_dags/example_sensor_decorator.py took 0.153 seconds
[2025-02-08T22:10:48.186+0000] {processor.py:153} INFO - Started process (PID=788) to work on /home/airflow/.local/lib/python3.7/site-packages/airflow/example_dags/example_sensor_decorator.py
[2025-02-08T22:10:48.187+0000] {processor.py:743} INFO - Processing file /home/airflow/.local/lib/python3.7/site-packages/airflow/example_dags/example_sensor_decorator.py for tasks to queue
[2025-02-08T22:10:48.188+0000] {logging_mixin.py:137} INFO - [2025-02-08T22:10:48.187+0000] {dagbag.py:538} INFO - Filling up the DagBag from /home/airflow/.local/lib/python3.7/site-packages/airflow/example_dags/example_sensor_decorator.py
[2025-02-08T22:10:48.209+0000] {processor.py:753} INFO - DAG(s) dict_keys(['example_sensor_decorator']) retrieved from /home/airflow/.local/lib/python3.7/site-packages/airflow/example_dags/example_sensor_decorator.py
[2025-02-08T22:10:48.234+0000] {logging_mixin.py:137} INFO - [2025-02-08T22:10:48.234+0000] {dag.py:2690} INFO - Sync 1 DAGs
[2025-02-08T22:10:48.260+0000] {logging_mixin.py:137} INFO - [2025-02-08T22:10:48.260+0000] {dag.py:3441} INFO - Setting next_dagrun for example_sensor_decorator to None, run_after=None
[2025-02-08T22:10:48.283+0000] {processor.py:175} INFO - Processing /home/airflow/.local/lib/python3.7/site-packages/airflow/example_dags/example_sensor_decorator.py took 0.100 seconds
[2025-02-08T22:11:23.111+0000] {processor.py:153} INFO - Started process (PID=859) to work on /home/airflow/.local/lib/python3.7/site-packages/airflow/example_dags/example_sensor_decorator.py
[2025-02-08T22:11:23.112+0000] {processor.py:743} INFO - Processing file /home/airflow/.local/lib/python3.7/site-packages/airflow/example_dags/example_sensor_decorator.py for tasks to queue
[2025-02-08T22:11:23.113+0000] {logging_mixin.py:137} INFO - [2025-02-08T22:11:23.113+0000] {dagbag.py:538} INFO - Filling up the DagBag from /home/airflow/.local/lib/python3.7/site-packages/airflow/example_dags/example_sensor_decorator.py
[2025-02-08T22:11:23.167+0000] {processor.py:753} INFO - DAG(s) dict_keys(['example_sensor_decorator']) retrieved from /home/airflow/.local/lib/python3.7/site-packages/airflow/example_dags/example_sensor_decorator.py
[2025-02-08T22:11:23.210+0000] {logging_mixin.py:137} INFO - [2025-02-08T22:11:23.209+0000] {dag.py:2690} INFO - Sync 1 DAGs
[2025-02-08T22:11:23.254+0000] {logging_mixin.py:137} INFO - [2025-02-08T22:11:23.253+0000] {dag.py:3441} INFO - Setting next_dagrun for example_sensor_decorator to None, run_after=None
[2025-02-08T22:11:23.320+0000] {processor.py:175} INFO - Processing /home/airflow/.local/lib/python3.7/site-packages/airflow/example_dags/example_sensor_decorator.py took 0.214 seconds
[2025-02-08T22:11:53.532+0000] {processor.py:153} INFO - Started process (PID=946) to work on /home/airflow/.local/lib/python3.7/site-packages/airflow/example_dags/example_sensor_decorator.py
[2025-02-08T22:11:53.534+0000] {processor.py:743} INFO - Processing file /home/airflow/.local/lib/python3.7/site-packages/airflow/example_dags/example_sensor_decorator.py for tasks to queue
[2025-02-08T22:11:53.535+0000] {logging_mixin.py:137} INFO - [2025-02-08T22:11:53.535+0000] {dagbag.py:538} INFO - Filling up the DagBag from /home/airflow/.local/lib/python3.7/site-packages/airflow/example_dags/example_sensor_decorator.py
[2025-02-08T22:11:53.561+0000] {processor.py:753} INFO - DAG(s) dict_keys(['example_sensor_decorator']) retrieved from /home/airflow/.local/lib/python3.7/site-packages/airflow/example_dags/example_sensor_decorator.py
[2025-02-08T22:11:53.593+0000] {logging_mixin.py:137} INFO - [2025-02-08T22:11:53.592+0000] {dag.py:2690} INFO - Sync 1 DAGs
[2025-02-08T22:11:53.626+0000] {logging_mixin.py:137} INFO - [2025-02-08T22:11:53.626+0000] {dag.py:3441} INFO - Setting next_dagrun for example_sensor_decorator to None, run_after=None
[2025-02-08T22:11:53.656+0000] {processor.py:175} INFO - Processing /home/airflow/.local/lib/python3.7/site-packages/airflow/example_dags/example_sensor_decorator.py took 0.127 seconds
[2025-02-08T22:12:24.106+0000] {processor.py:153} INFO - Started process (PID=1018) to work on /home/airflow/.local/lib/python3.7/site-packages/airflow/example_dags/example_sensor_decorator.py
[2025-02-08T22:12:24.112+0000] {processor.py:743} INFO - Processing file /home/airflow/.local/lib/python3.7/site-packages/airflow/example_dags/example_sensor_decorator.py for tasks to queue
[2025-02-08T22:12:24.114+0000] {logging_mixin.py:137} INFO - [2025-02-08T22:12:24.114+0000] {dagbag.py:538} INFO - Filling up the DagBag from /home/airflow/.local/lib/python3.7/site-packages/airflow/example_dags/example_sensor_decorator.py
[2025-02-08T22:12:24.190+0000] {processor.py:753} INFO - DAG(s) dict_keys(['example_sensor_decorator']) retrieved from /home/airflow/.local/lib/python3.7/site-packages/airflow/example_dags/example_sensor_decorator.py
[2025-02-08T22:12:24.264+0000] {logging_mixin.py:137} INFO - [2025-02-08T22:12:24.264+0000] {dag.py:2690} INFO - Sync 1 DAGs
[2025-02-08T22:12:24.336+0000] {logging_mixin.py:137} INFO - [2025-02-08T22:12:24.336+0000] {dag.py:3441} INFO - Setting next_dagrun for example_sensor_decorator to None, run_after=None
[2025-02-08T22:12:24.383+0000] {processor.py:175} INFO - Processing /home/airflow/.local/lib/python3.7/site-packages/airflow/example_dags/example_sensor_decorator.py took 0.289 seconds
[2025-02-08T22:12:54.661+0000] {processor.py:153} INFO - Started process (PID=1105) to work on /home/airflow/.local/lib/python3.7/site-packages/airflow/example_dags/example_sensor_decorator.py
[2025-02-08T22:12:54.662+0000] {processor.py:743} INFO - Processing file /home/airflow/.local/lib/python3.7/site-packages/airflow/example_dags/example_sensor_decorator.py for tasks to queue
[2025-02-08T22:12:54.663+0000] {logging_mixin.py:137} INFO - [2025-02-08T22:12:54.663+0000] {dagbag.py:538} INFO - Filling up the DagBag from /home/airflow/.local/lib/python3.7/site-packages/airflow/example_dags/example_sensor_decorator.py
[2025-02-08T22:12:54.688+0000] {processor.py:753} INFO - DAG(s) dict_keys(['example_sensor_decorator']) retrieved from /home/airflow/.local/lib/python3.7/site-packages/airflow/example_dags/example_sensor_decorator.py
[2025-02-08T22:12:54.715+0000] {logging_mixin.py:137} INFO - [2025-02-08T22:12:54.715+0000] {dag.py:2690} INFO - Sync 1 DAGs
[2025-02-08T22:12:54.744+0000] {logging_mixin.py:137} INFO - [2025-02-08T22:12:54.744+0000] {dag.py:3441} INFO - Setting next_dagrun for example_sensor_decorator to None, run_after=None
[2025-02-08T22:12:54.769+0000] {processor.py:175} INFO - Processing /home/airflow/.local/lib/python3.7/site-packages/airflow/example_dags/example_sensor_decorator.py took 0.113 seconds
[2025-02-08T22:13:25.251+0000] {processor.py:153} INFO - Started process (PID=1176) to work on /home/airflow/.local/lib/python3.7/site-packages/airflow/example_dags/example_sensor_decorator.py
[2025-02-08T22:13:25.253+0000] {processor.py:743} INFO - Processing file /home/airflow/.local/lib/python3.7/site-packages/airflow/example_dags/example_sensor_decorator.py for tasks to queue
[2025-02-08T22:13:25.255+0000] {logging_mixin.py:137} INFO - [2025-02-08T22:13:25.255+0000] {dagbag.py:538} INFO - Filling up the DagBag from /home/airflow/.local/lib/python3.7/site-packages/airflow/example_dags/example_sensor_decorator.py
[2025-02-08T22:13:25.306+0000] {processor.py:753} INFO - DAG(s) dict_keys(['example_sensor_decorator']) retrieved from /home/airflow/.local/lib/python3.7/site-packages/airflow/example_dags/example_sensor_decorator.py
[2025-02-08T22:13:25.387+0000] {logging_mixin.py:137} INFO - [2025-02-08T22:13:25.386+0000] {dag.py:2690} INFO - Sync 1 DAGs
[2025-02-08T22:13:25.447+0000] {logging_mixin.py:137} INFO - [2025-02-08T22:13:25.446+0000] {dag.py:3441} INFO - Setting next_dagrun for example_sensor_decorator to None, run_after=None
[2025-02-08T22:13:25.480+0000] {processor.py:175} INFO - Processing /home/airflow/.local/lib/python3.7/site-packages/airflow/example_dags/example_sensor_decorator.py took 0.235 seconds
[2025-02-08T22:13:55.975+0000] {processor.py:153} INFO - Started process (PID=1263) to work on /home/airflow/.local/lib/python3.7/site-packages/airflow/example_dags/example_sensor_decorator.py
[2025-02-08T22:13:55.976+0000] {processor.py:743} INFO - Processing file /home/airflow/.local/lib/python3.7/site-packages/airflow/example_dags/example_sensor_decorator.py for tasks to queue
[2025-02-08T22:13:55.977+0000] {logging_mixin.py:137} INFO - [2025-02-08T22:13:55.977+0000] {dagbag.py:538} INFO - Filling up the DagBag from /home/airflow/.local/lib/python3.7/site-packages/airflow/example_dags/example_sensor_decorator.py
[2025-02-08T22:13:56.018+0000] {processor.py:753} INFO - DAG(s) dict_keys(['example_sensor_decorator']) retrieved from /home/airflow/.local/lib/python3.7/site-packages/airflow/example_dags/example_sensor_decorator.py
[2025-02-08T22:13:56.053+0000] {logging_mixin.py:137} INFO - [2025-02-08T22:13:56.052+0000] {dag.py:2690} INFO - Sync 1 DAGs
[2025-02-08T22:13:56.088+0000] {logging_mixin.py:137} INFO - [2025-02-08T22:13:56.088+0000] {dag.py:3441} INFO - Setting next_dagrun for example_sensor_decorator to None, run_after=None
[2025-02-08T22:13:56.117+0000] {processor.py:175} INFO - Processing /home/airflow/.local/lib/python3.7/site-packages/airflow/example_dags/example_sensor_decorator.py took 0.147 seconds
[2025-02-08T22:14:29.154+0000] {processor.py:153} INFO - Started process (PID=1334) to work on /home/airflow/.local/lib/python3.7/site-packages/airflow/example_dags/example_sensor_decorator.py
[2025-02-08T22:14:29.161+0000] {processor.py:743} INFO - Processing file /home/airflow/.local/lib/python3.7/site-packages/airflow/example_dags/example_sensor_decorator.py for tasks to queue
[2025-02-08T22:14:29.164+0000] {logging_mixin.py:137} INFO - [2025-02-08T22:14:29.163+0000] {dagbag.py:538} INFO - Filling up the DagBag from /home/airflow/.local/lib/python3.7/site-packages/airflow/example_dags/example_sensor_decorator.py
[2025-02-08T22:14:29.224+0000] {processor.py:753} INFO - DAG(s) dict_keys(['example_sensor_decorator']) retrieved from /home/airflow/.local/lib/python3.7/site-packages/airflow/example_dags/example_sensor_decorator.py
[2025-02-08T22:14:29.268+0000] {logging_mixin.py:137} INFO - [2025-02-08T22:14:29.267+0000] {dag.py:2690} INFO - Sync 1 DAGs
[2025-02-08T22:14:29.316+0000] {logging_mixin.py:137} INFO - [2025-02-08T22:14:29.316+0000] {dag.py:3441} INFO - Setting next_dagrun for example_sensor_decorator to None, run_after=None
[2025-02-08T22:14:29.356+0000] {processor.py:175} INFO - Processing /home/airflow/.local/lib/python3.7/site-packages/airflow/example_dags/example_sensor_decorator.py took 0.211 seconds
[2025-02-08T22:14:59.677+0000] {processor.py:153} INFO - Started process (PID=1405) to work on /home/airflow/.local/lib/python3.7/site-packages/airflow/example_dags/example_sensor_decorator.py
[2025-02-08T22:14:59.678+0000] {processor.py:743} INFO - Processing file /home/airflow/.local/lib/python3.7/site-packages/airflow/example_dags/example_sensor_decorator.py for tasks to queue
[2025-02-08T22:14:59.680+0000] {logging_mixin.py:137} INFO - [2025-02-08T22:14:59.679+0000] {dagbag.py:538} INFO - Filling up the DagBag from /home/airflow/.local/lib/python3.7/site-packages/airflow/example_dags/example_sensor_decorator.py
[2025-02-08T22:14:59.707+0000] {processor.py:753} INFO - DAG(s) dict_keys(['example_sensor_decorator']) retrieved from /home/airflow/.local/lib/python3.7/site-packages/airflow/example_dags/example_sensor_decorator.py
[2025-02-08T22:14:59.736+0000] {logging_mixin.py:137} INFO - [2025-02-08T22:14:59.736+0000] {dag.py:2690} INFO - Sync 1 DAGs
[2025-02-08T22:14:59.767+0000] {logging_mixin.py:137} INFO - [2025-02-08T22:14:59.767+0000] {dag.py:3441} INFO - Setting next_dagrun for example_sensor_decorator to None, run_after=None
[2025-02-08T22:14:59.794+0000] {processor.py:175} INFO - Processing /home/airflow/.local/lib/python3.7/site-packages/airflow/example_dags/example_sensor_decorator.py took 0.120 seconds
[2025-02-08T22:15:29.928+0000] {processor.py:153} INFO - Started process (PID=1492) to work on /home/airflow/.local/lib/python3.7/site-packages/airflow/example_dags/example_sensor_decorator.py
[2025-02-08T22:15:29.929+0000] {processor.py:743} INFO - Processing file /home/airflow/.local/lib/python3.7/site-packages/airflow/example_dags/example_sensor_decorator.py for tasks to queue
[2025-02-08T22:15:29.930+0000] {logging_mixin.py:137} INFO - [2025-02-08T22:15:29.930+0000] {dagbag.py:538} INFO - Filling up the DagBag from /home/airflow/.local/lib/python3.7/site-packages/airflow/example_dags/example_sensor_decorator.py
[2025-02-08T22:15:29.954+0000] {processor.py:753} INFO - DAG(s) dict_keys(['example_sensor_decorator']) retrieved from /home/airflow/.local/lib/python3.7/site-packages/airflow/example_dags/example_sensor_decorator.py
[2025-02-08T22:15:29.977+0000] {logging_mixin.py:137} INFO - [2025-02-08T22:15:29.977+0000] {dag.py:2690} INFO - Sync 1 DAGs
[2025-02-08T22:15:30.001+0000] {logging_mixin.py:137} INFO - [2025-02-08T22:15:30.001+0000] {dag.py:3441} INFO - Setting next_dagrun for example_sensor_decorator to None, run_after=None
[2025-02-08T22:15:30.025+0000] {processor.py:175} INFO - Processing /home/airflow/.local/lib/python3.7/site-packages/airflow/example_dags/example_sensor_decorator.py took 0.101 seconds
[2025-02-08T22:16:00.572+0000] {processor.py:153} INFO - Started process (PID=1563) to work on /home/airflow/.local/lib/python3.7/site-packages/airflow/example_dags/example_sensor_decorator.py
[2025-02-08T22:16:00.573+0000] {processor.py:743} INFO - Processing file /home/airflow/.local/lib/python3.7/site-packages/airflow/example_dags/example_sensor_decorator.py for tasks to queue
[2025-02-08T22:16:00.574+0000] {logging_mixin.py:137} INFO - [2025-02-08T22:16:00.574+0000] {dagbag.py:538} INFO - Filling up the DagBag from /home/airflow/.local/lib/python3.7/site-packages/airflow/example_dags/example_sensor_decorator.py
[2025-02-08T22:16:00.614+0000] {processor.py:753} INFO - DAG(s) dict_keys(['example_sensor_decorator']) retrieved from /home/airflow/.local/lib/python3.7/site-packages/airflow/example_dags/example_sensor_decorator.py
[2025-02-08T22:16:00.650+0000] {logging_mixin.py:137} INFO - [2025-02-08T22:16:00.650+0000] {dag.py:2690} INFO - Sync 1 DAGs
[2025-02-08T22:16:00.694+0000] {logging_mixin.py:137} INFO - [2025-02-08T22:16:00.694+0000] {dag.py:3441} INFO - Setting next_dagrun for example_sensor_decorator to None, run_after=None
[2025-02-08T22:16:00.725+0000] {processor.py:175} INFO - Processing /home/airflow/.local/lib/python3.7/site-packages/airflow/example_dags/example_sensor_decorator.py took 0.157 seconds
[2025-02-08T22:16:31.629+0000] {processor.py:153} INFO - Started process (PID=1650) to work on /home/airflow/.local/lib/python3.7/site-packages/airflow/example_dags/example_sensor_decorator.py
[2025-02-08T22:16:31.630+0000] {processor.py:743} INFO - Processing file /home/airflow/.local/lib/python3.7/site-packages/airflow/example_dags/example_sensor_decorator.py for tasks to queue
[2025-02-08T22:16:31.631+0000] {logging_mixin.py:137} INFO - [2025-02-08T22:16:31.631+0000] {dagbag.py:538} INFO - Filling up the DagBag from /home/airflow/.local/lib/python3.7/site-packages/airflow/example_dags/example_sensor_decorator.py
[2025-02-08T22:16:31.654+0000] {processor.py:753} INFO - DAG(s) dict_keys(['example_sensor_decorator']) retrieved from /home/airflow/.local/lib/python3.7/site-packages/airflow/example_dags/example_sensor_decorator.py
[2025-02-08T22:16:31.681+0000] {logging_mixin.py:137} INFO - [2025-02-08T22:16:31.681+0000] {dag.py:2690} INFO - Sync 1 DAGs
[2025-02-08T22:16:31.709+0000] {logging_mixin.py:137} INFO - [2025-02-08T22:16:31.709+0000] {dag.py:3441} INFO - Setting next_dagrun for example_sensor_decorator to None, run_after=None
[2025-02-08T22:16:31.744+0000] {processor.py:175} INFO - Processing /home/airflow/.local/lib/python3.7/site-packages/airflow/example_dags/example_sensor_decorator.py took 0.118 seconds
[2025-02-08T22:17:01.902+0000] {processor.py:153} INFO - Started process (PID=1721) to work on /home/airflow/.local/lib/python3.7/site-packages/airflow/example_dags/example_sensor_decorator.py
[2025-02-08T22:17:01.903+0000] {processor.py:743} INFO - Processing file /home/airflow/.local/lib/python3.7/site-packages/airflow/example_dags/example_sensor_decorator.py for tasks to queue
[2025-02-08T22:17:01.904+0000] {logging_mixin.py:137} INFO - [2025-02-08T22:17:01.903+0000] {dagbag.py:538} INFO - Filling up the DagBag from /home/airflow/.local/lib/python3.7/site-packages/airflow/example_dags/example_sensor_decorator.py
[2025-02-08T22:17:01.935+0000] {processor.py:753} INFO - DAG(s) dict_keys(['example_sensor_decorator']) retrieved from /home/airflow/.local/lib/python3.7/site-packages/airflow/example_dags/example_sensor_decorator.py
[2025-02-08T22:17:01.965+0000] {logging_mixin.py:137} INFO - [2025-02-08T22:17:01.965+0000] {dag.py:2690} INFO - Sync 1 DAGs
[2025-02-08T22:17:01.998+0000] {logging_mixin.py:137} INFO - [2025-02-08T22:17:01.998+0000] {dag.py:3441} INFO - Setting next_dagrun for example_sensor_decorator to None, run_after=None
[2025-02-08T22:17:02.023+0000] {processor.py:175} INFO - Processing /home/airflow/.local/lib/python3.7/site-packages/airflow/example_dags/example_sensor_decorator.py took 0.127 seconds
[2025-02-08T22:17:32.804+0000] {processor.py:153} INFO - Started process (PID=1801) to work on /home/airflow/.local/lib/python3.7/site-packages/airflow/example_dags/example_sensor_decorator.py
[2025-02-08T22:17:32.805+0000] {processor.py:743} INFO - Processing file /home/airflow/.local/lib/python3.7/site-packages/airflow/example_dags/example_sensor_decorator.py for tasks to queue
[2025-02-08T22:17:32.806+0000] {logging_mixin.py:137} INFO - [2025-02-08T22:17:32.806+0000] {dagbag.py:538} INFO - Filling up the DagBag from /home/airflow/.local/lib/python3.7/site-packages/airflow/example_dags/example_sensor_decorator.py
[2025-02-08T22:17:32.849+0000] {processor.py:753} INFO - DAG(s) dict_keys(['example_sensor_decorator']) retrieved from /home/airflow/.local/lib/python3.7/site-packages/airflow/example_dags/example_sensor_decorator.py
[2025-02-08T22:17:32.897+0000] {logging_mixin.py:137} INFO - [2025-02-08T22:17:32.897+0000] {dag.py:2690} INFO - Sync 1 DAGs
[2025-02-08T22:17:32.951+0000] {logging_mixin.py:137} INFO - [2025-02-08T22:17:32.950+0000] {dag.py:3441} INFO - Setting next_dagrun for example_sensor_decorator to None, run_after=None
[2025-02-08T22:17:33.009+0000] {processor.py:175} INFO - Processing /home/airflow/.local/lib/python3.7/site-packages/airflow/example_dags/example_sensor_decorator.py took 0.209 seconds
[2025-02-08T22:18:03.860+0000] {processor.py:153} INFO - Started process (PID=1879) to work on /home/airflow/.local/lib/python3.7/site-packages/airflow/example_dags/example_sensor_decorator.py
[2025-02-08T22:18:03.861+0000] {processor.py:743} INFO - Processing file /home/airflow/.local/lib/python3.7/site-packages/airflow/example_dags/example_sensor_decorator.py for tasks to queue
[2025-02-08T22:18:03.862+0000] {logging_mixin.py:137} INFO - [2025-02-08T22:18:03.862+0000] {dagbag.py:538} INFO - Filling up the DagBag from /home/airflow/.local/lib/python3.7/site-packages/airflow/example_dags/example_sensor_decorator.py
[2025-02-08T22:18:03.882+0000] {processor.py:753} INFO - DAG(s) dict_keys(['example_sensor_decorator']) retrieved from /home/airflow/.local/lib/python3.7/site-packages/airflow/example_dags/example_sensor_decorator.py
[2025-02-08T22:18:03.907+0000] {logging_mixin.py:137} INFO - [2025-02-08T22:18:03.907+0000] {dag.py:2690} INFO - Sync 1 DAGs
[2025-02-08T22:18:03.929+0000] {logging_mixin.py:137} INFO - [2025-02-08T22:18:03.929+0000] {dag.py:3441} INFO - Setting next_dagrun for example_sensor_decorator to None, run_after=None
[2025-02-08T22:18:03.953+0000] {processor.py:175} INFO - Processing /home/airflow/.local/lib/python3.7/site-packages/airflow/example_dags/example_sensor_decorator.py took 0.096 seconds
[2025-02-08T22:18:34.679+0000] {processor.py:153} INFO - Started process (PID=1966) to work on /home/airflow/.local/lib/python3.7/site-packages/airflow/example_dags/example_sensor_decorator.py
[2025-02-08T22:18:34.680+0000] {processor.py:743} INFO - Processing file /home/airflow/.local/lib/python3.7/site-packages/airflow/example_dags/example_sensor_decorator.py for tasks to queue
[2025-02-08T22:18:34.681+0000] {logging_mixin.py:137} INFO - [2025-02-08T22:18:34.681+0000] {dagbag.py:538} INFO - Filling up the DagBag from /home/airflow/.local/lib/python3.7/site-packages/airflow/example_dags/example_sensor_decorator.py
[2025-02-08T22:18:34.703+0000] {processor.py:753} INFO - DAG(s) dict_keys(['example_sensor_decorator']) retrieved from /home/airflow/.local/lib/python3.7/site-packages/airflow/example_dags/example_sensor_decorator.py
[2025-02-08T22:18:34.729+0000] {logging_mixin.py:137} INFO - [2025-02-08T22:18:34.729+0000] {dag.py:2690} INFO - Sync 1 DAGs
[2025-02-08T22:18:34.757+0000] {logging_mixin.py:137} INFO - [2025-02-08T22:18:34.757+0000] {dag.py:3441} INFO - Setting next_dagrun for example_sensor_decorator to None, run_after=None
[2025-02-08T22:18:34.785+0000] {processor.py:175} INFO - Processing /home/airflow/.local/lib/python3.7/site-packages/airflow/example_dags/example_sensor_decorator.py took 0.109 seconds
[2025-02-08T22:19:05.515+0000] {processor.py:153} INFO - Started process (PID=2037) to work on /home/airflow/.local/lib/python3.7/site-packages/airflow/example_dags/example_sensor_decorator.py
[2025-02-08T22:19:05.518+0000] {processor.py:743} INFO - Processing file /home/airflow/.local/lib/python3.7/site-packages/airflow/example_dags/example_sensor_decorator.py for tasks to queue
[2025-02-08T22:19:05.519+0000] {logging_mixin.py:137} INFO - [2025-02-08T22:19:05.519+0000] {dagbag.py:538} INFO - Filling up the DagBag from /home/airflow/.local/lib/python3.7/site-packages/airflow/example_dags/example_sensor_decorator.py
[2025-02-08T22:19:05.555+0000] {processor.py:753} INFO - DAG(s) dict_keys(['example_sensor_decorator']) retrieved from /home/airflow/.local/lib/python3.7/site-packages/airflow/example_dags/example_sensor_decorator.py
[2025-02-08T22:19:05.591+0000] {logging_mixin.py:137} INFO - [2025-02-08T22:19:05.591+0000] {dag.py:2690} INFO - Sync 1 DAGs
[2025-02-08T22:19:05.628+0000] {logging_mixin.py:137} INFO - [2025-02-08T22:19:05.628+0000] {dag.py:3441} INFO - Setting next_dagrun for example_sensor_decorator to None, run_after=None
[2025-02-08T22:19:05.660+0000] {processor.py:175} INFO - Processing /home/airflow/.local/lib/python3.7/site-packages/airflow/example_dags/example_sensor_decorator.py took 0.150 seconds
[2025-02-08T22:19:36.231+0000] {processor.py:153} INFO - Started process (PID=2108) to work on /home/airflow/.local/lib/python3.7/site-packages/airflow/example_dags/example_sensor_decorator.py
[2025-02-08T22:19:36.232+0000] {processor.py:743} INFO - Processing file /home/airflow/.local/lib/python3.7/site-packages/airflow/example_dags/example_sensor_decorator.py for tasks to queue
[2025-02-08T22:19:36.233+0000] {logging_mixin.py:137} INFO - [2025-02-08T22:19:36.233+0000] {dagbag.py:538} INFO - Filling up the DagBag from /home/airflow/.local/lib/python3.7/site-packages/airflow/example_dags/example_sensor_decorator.py
[2025-02-08T22:19:36.298+0000] {processor.py:753} INFO - DAG(s) dict_keys(['example_sensor_decorator']) retrieved from /home/airflow/.local/lib/python3.7/site-packages/airflow/example_dags/example_sensor_decorator.py
[2025-02-08T22:19:36.355+0000] {logging_mixin.py:137} INFO - [2025-02-08T22:19:36.354+0000] {dag.py:2690} INFO - Sync 1 DAGs
[2025-02-08T22:19:36.404+0000] {logging_mixin.py:137} INFO - [2025-02-08T22:19:36.404+0000] {dag.py:3441} INFO - Setting next_dagrun for example_sensor_decorator to None, run_after=None
[2025-02-08T22:19:36.446+0000] {processor.py:175} INFO - Processing /home/airflow/.local/lib/python3.7/site-packages/airflow/example_dags/example_sensor_decorator.py took 0.220 seconds
[2025-02-08T22:20:06.544+0000] {processor.py:153} INFO - Started process (PID=2194) to work on /home/airflow/.local/lib/python3.7/site-packages/airflow/example_dags/example_sensor_decorator.py
[2025-02-08T22:20:06.545+0000] {processor.py:743} INFO - Processing file /home/airflow/.local/lib/python3.7/site-packages/airflow/example_dags/example_sensor_decorator.py for tasks to queue
[2025-02-08T22:20:06.546+0000] {logging_mixin.py:137} INFO - [2025-02-08T22:20:06.545+0000] {dagbag.py:538} INFO - Filling up the DagBag from /home/airflow/.local/lib/python3.7/site-packages/airflow/example_dags/example_sensor_decorator.py
[2025-02-08T22:20:06.565+0000] {processor.py:753} INFO - DAG(s) dict_keys(['example_sensor_decorator']) retrieved from /home/airflow/.local/lib/python3.7/site-packages/airflow/example_dags/example_sensor_decorator.py
[2025-02-08T22:20:06.590+0000] {logging_mixin.py:137} INFO - [2025-02-08T22:20:06.590+0000] {dag.py:2690} INFO - Sync 1 DAGs
[2025-02-08T22:20:06.612+0000] {logging_mixin.py:137} INFO - [2025-02-08T22:20:06.612+0000] {dag.py:3441} INFO - Setting next_dagrun for example_sensor_decorator to None, run_after=None
[2025-02-08T22:20:06.637+0000] {processor.py:175} INFO - Processing /home/airflow/.local/lib/python3.7/site-packages/airflow/example_dags/example_sensor_decorator.py took 0.097 seconds
[2025-02-08T22:20:36.767+0000] {processor.py:153} INFO - Started process (PID=2265) to work on /home/airflow/.local/lib/python3.7/site-packages/airflow/example_dags/example_sensor_decorator.py
[2025-02-08T22:20:36.769+0000] {processor.py:743} INFO - Processing file /home/airflow/.local/lib/python3.7/site-packages/airflow/example_dags/example_sensor_decorator.py for tasks to queue
[2025-02-08T22:20:36.770+0000] {logging_mixin.py:137} INFO - [2025-02-08T22:20:36.769+0000] {dagbag.py:538} INFO - Filling up the DagBag from /home/airflow/.local/lib/python3.7/site-packages/airflow/example_dags/example_sensor_decorator.py
[2025-02-08T22:20:36.793+0000] {processor.py:753} INFO - DAG(s) dict_keys(['example_sensor_decorator']) retrieved from /home/airflow/.local/lib/python3.7/site-packages/airflow/example_dags/example_sensor_decorator.py
[2025-02-08T22:20:36.820+0000] {logging_mixin.py:137} INFO - [2025-02-08T22:20:36.820+0000] {dag.py:2690} INFO - Sync 1 DAGs
[2025-02-08T22:20:36.846+0000] {logging_mixin.py:137} INFO - [2025-02-08T22:20:36.845+0000] {dag.py:3441} INFO - Setting next_dagrun for example_sensor_decorator to None, run_after=None
[2025-02-08T22:20:36.870+0000] {processor.py:175} INFO - Processing /home/airflow/.local/lib/python3.7/site-packages/airflow/example_dags/example_sensor_decorator.py took 0.106 seconds
[2025-02-08T22:21:07.025+0000] {processor.py:153} INFO - Started process (PID=2351) to work on /home/airflow/.local/lib/python3.7/site-packages/airflow/example_dags/example_sensor_decorator.py
[2025-02-08T22:21:07.026+0000] {processor.py:743} INFO - Processing file /home/airflow/.local/lib/python3.7/site-packages/airflow/example_dags/example_sensor_decorator.py for tasks to queue
[2025-02-08T22:21:07.027+0000] {logging_mixin.py:137} INFO - [2025-02-08T22:21:07.027+0000] {dagbag.py:538} INFO - Filling up the DagBag from /home/airflow/.local/lib/python3.7/site-packages/airflow/example_dags/example_sensor_decorator.py
[2025-02-08T22:21:07.067+0000] {processor.py:753} INFO - DAG(s) dict_keys(['example_sensor_decorator']) retrieved from /home/airflow/.local/lib/python3.7/site-packages/airflow/example_dags/example_sensor_decorator.py
[2025-02-08T22:21:07.101+0000] {logging_mixin.py:137} INFO - [2025-02-08T22:21:07.101+0000] {dag.py:2690} INFO - Sync 1 DAGs
[2025-02-08T22:21:07.136+0000] {logging_mixin.py:137} INFO - [2025-02-08T22:21:07.136+0000] {dag.py:3441} INFO - Setting next_dagrun for example_sensor_decorator to None, run_after=None
[2025-02-08T22:21:07.168+0000] {processor.py:175} INFO - Processing /home/airflow/.local/lib/python3.7/site-packages/airflow/example_dags/example_sensor_decorator.py took 0.147 seconds
[2025-02-08T22:21:37.661+0000] {processor.py:153} INFO - Started process (PID=2422) to work on /home/airflow/.local/lib/python3.7/site-packages/airflow/example_dags/example_sensor_decorator.py
[2025-02-08T22:21:37.662+0000] {processor.py:743} INFO - Processing file /home/airflow/.local/lib/python3.7/site-packages/airflow/example_dags/example_sensor_decorator.py for tasks to queue
[2025-02-08T22:21:37.663+0000] {logging_mixin.py:137} INFO - [2025-02-08T22:21:37.662+0000] {dagbag.py:538} INFO - Filling up the DagBag from /home/airflow/.local/lib/python3.7/site-packages/airflow/example_dags/example_sensor_decorator.py
[2025-02-08T22:21:37.684+0000] {processor.py:753} INFO - DAG(s) dict_keys(['example_sensor_decorator']) retrieved from /home/airflow/.local/lib/python3.7/site-packages/airflow/example_dags/example_sensor_decorator.py
[2025-02-08T22:21:37.709+0000] {logging_mixin.py:137} INFO - [2025-02-08T22:21:37.709+0000] {dag.py:2690} INFO - Sync 1 DAGs
[2025-02-08T22:21:37.734+0000] {logging_mixin.py:137} INFO - [2025-02-08T22:21:37.733+0000] {dag.py:3441} INFO - Setting next_dagrun for example_sensor_decorator to None, run_after=None
[2025-02-08T22:21:37.759+0000] {processor.py:175} INFO - Processing /home/airflow/.local/lib/python3.7/site-packages/airflow/example_dags/example_sensor_decorator.py took 0.102 seconds
[2025-02-08T22:22:07.914+0000] {processor.py:153} INFO - Started process (PID=2509) to work on /home/airflow/.local/lib/python3.7/site-packages/airflow/example_dags/example_sensor_decorator.py
[2025-02-08T22:22:07.915+0000] {processor.py:743} INFO - Processing file /home/airflow/.local/lib/python3.7/site-packages/airflow/example_dags/example_sensor_decorator.py for tasks to queue
[2025-02-08T22:22:07.916+0000] {logging_mixin.py:137} INFO - [2025-02-08T22:22:07.916+0000] {dagbag.py:538} INFO - Filling up the DagBag from /home/airflow/.local/lib/python3.7/site-packages/airflow/example_dags/example_sensor_decorator.py
[2025-02-08T22:22:07.951+0000] {processor.py:753} INFO - DAG(s) dict_keys(['example_sensor_decorator']) retrieved from /home/airflow/.local/lib/python3.7/site-packages/airflow/example_dags/example_sensor_decorator.py
[2025-02-08T22:22:07.988+0000] {logging_mixin.py:137} INFO - [2025-02-08T22:22:07.987+0000] {dag.py:2690} INFO - Sync 1 DAGs
[2025-02-08T22:22:08.047+0000] {logging_mixin.py:137} INFO - [2025-02-08T22:22:08.046+0000] {dag.py:3441} INFO - Setting next_dagrun for example_sensor_decorator to None, run_after=None
[2025-02-08T22:22:08.090+0000] {processor.py:175} INFO - Processing /home/airflow/.local/lib/python3.7/site-packages/airflow/example_dags/example_sensor_decorator.py took 0.180 seconds
[2025-02-08T22:22:38.204+0000] {processor.py:153} INFO - Started process (PID=2580) to work on /home/airflow/.local/lib/python3.7/site-packages/airflow/example_dags/example_sensor_decorator.py
[2025-02-08T22:22:38.206+0000] {processor.py:743} INFO - Processing file /home/airflow/.local/lib/python3.7/site-packages/airflow/example_dags/example_sensor_decorator.py for tasks to queue
[2025-02-08T22:22:38.207+0000] {logging_mixin.py:137} INFO - [2025-02-08T22:22:38.207+0000] {dagbag.py:538} INFO - Filling up the DagBag from /home/airflow/.local/lib/python3.7/site-packages/airflow/example_dags/example_sensor_decorator.py
[2025-02-08T22:22:38.246+0000] {processor.py:753} INFO - DAG(s) dict_keys(['example_sensor_decorator']) retrieved from /home/airflow/.local/lib/python3.7/site-packages/airflow/example_dags/example_sensor_decorator.py
[2025-02-08T22:22:38.279+0000] {logging_mixin.py:137} INFO - [2025-02-08T22:22:38.279+0000] {dag.py:2690} INFO - Sync 1 DAGs
[2025-02-08T22:22:38.325+0000] {logging_mixin.py:137} INFO - [2025-02-08T22:22:38.325+0000] {dag.py:3441} INFO - Setting next_dagrun for example_sensor_decorator to None, run_after=None
[2025-02-08T22:22:38.364+0000] {processor.py:175} INFO - Processing /home/airflow/.local/lib/python3.7/site-packages/airflow/example_dags/example_sensor_decorator.py took 0.165 seconds
[2025-02-08T22:23:09.146+0000] {processor.py:153} INFO - Started process (PID=2651) to work on /home/airflow/.local/lib/python3.7/site-packages/airflow/example_dags/example_sensor_decorator.py
[2025-02-08T22:23:09.147+0000] {processor.py:743} INFO - Processing file /home/airflow/.local/lib/python3.7/site-packages/airflow/example_dags/example_sensor_decorator.py for tasks to queue
[2025-02-08T22:23:09.148+0000] {logging_mixin.py:137} INFO - [2025-02-08T22:23:09.148+0000] {dagbag.py:538} INFO - Filling up the DagBag from /home/airflow/.local/lib/python3.7/site-packages/airflow/example_dags/example_sensor_decorator.py
[2025-02-08T22:23:09.180+0000] {processor.py:753} INFO - DAG(s) dict_keys(['example_sensor_decorator']) retrieved from /home/airflow/.local/lib/python3.7/site-packages/airflow/example_dags/example_sensor_decorator.py
[2025-02-08T22:23:09.209+0000] {logging_mixin.py:137} INFO - [2025-02-08T22:23:09.209+0000] {dag.py:2690} INFO - Sync 1 DAGs
[2025-02-08T22:23:09.245+0000] {logging_mixin.py:137} INFO - [2025-02-08T22:23:09.244+0000] {dag.py:3441} INFO - Setting next_dagrun for example_sensor_decorator to None, run_after=None
[2025-02-08T22:23:09.273+0000] {processor.py:175} INFO - Processing /home/airflow/.local/lib/python3.7/site-packages/airflow/example_dags/example_sensor_decorator.py took 0.134 seconds
[2025-02-08T22:23:40.112+0000] {processor.py:153} INFO - Started process (PID=2738) to work on /home/airflow/.local/lib/python3.7/site-packages/airflow/example_dags/example_sensor_decorator.py
[2025-02-08T22:23:40.115+0000] {processor.py:743} INFO - Processing file /home/airflow/.local/lib/python3.7/site-packages/airflow/example_dags/example_sensor_decorator.py for tasks to queue
[2025-02-08T22:23:40.123+0000] {logging_mixin.py:137} INFO - [2025-02-08T22:23:40.122+0000] {dagbag.py:538} INFO - Filling up the DagBag from /home/airflow/.local/lib/python3.7/site-packages/airflow/example_dags/example_sensor_decorator.py
[2025-02-08T22:23:40.178+0000] {processor.py:753} INFO - DAG(s) dict_keys(['example_sensor_decorator']) retrieved from /home/airflow/.local/lib/python3.7/site-packages/airflow/example_dags/example_sensor_decorator.py
[2025-02-08T22:23:40.221+0000] {logging_mixin.py:137} INFO - [2025-02-08T22:23:40.221+0000] {dag.py:2690} INFO - Sync 1 DAGs
[2025-02-08T22:23:40.263+0000] {logging_mixin.py:137} INFO - [2025-02-08T22:23:40.263+0000] {dag.py:3441} INFO - Setting next_dagrun for example_sensor_decorator to None, run_after=None
[2025-02-08T22:23:40.292+0000] {processor.py:175} INFO - Processing /home/airflow/.local/lib/python3.7/site-packages/airflow/example_dags/example_sensor_decorator.py took 0.185 seconds
[2025-02-08T22:24:11.180+0000] {processor.py:153} INFO - Started process (PID=2809) to work on /home/airflow/.local/lib/python3.7/site-packages/airflow/example_dags/example_sensor_decorator.py
[2025-02-08T22:24:11.181+0000] {processor.py:743} INFO - Processing file /home/airflow/.local/lib/python3.7/site-packages/airflow/example_dags/example_sensor_decorator.py for tasks to queue
[2025-02-08T22:24:11.183+0000] {logging_mixin.py:137} INFO - [2025-02-08T22:24:11.183+0000] {dagbag.py:538} INFO - Filling up the DagBag from /home/airflow/.local/lib/python3.7/site-packages/airflow/example_dags/example_sensor_decorator.py
[2025-02-08T22:24:11.224+0000] {processor.py:753} INFO - DAG(s) dict_keys(['example_sensor_decorator']) retrieved from /home/airflow/.local/lib/python3.7/site-packages/airflow/example_dags/example_sensor_decorator.py
[2025-02-08T22:24:11.266+0000] {logging_mixin.py:137} INFO - [2025-02-08T22:24:11.266+0000] {dag.py:2690} INFO - Sync 1 DAGs
[2025-02-08T22:24:11.314+0000] {logging_mixin.py:137} INFO - [2025-02-08T22:24:11.313+0000] {dag.py:3441} INFO - Setting next_dagrun for example_sensor_decorator to None, run_after=None
[2025-02-08T22:24:11.348+0000] {processor.py:175} INFO - Processing /home/airflow/.local/lib/python3.7/site-packages/airflow/example_dags/example_sensor_decorator.py took 0.174 seconds
[2025-02-08T22:24:41.724+0000] {processor.py:153} INFO - Started process (PID=2880) to work on /home/airflow/.local/lib/python3.7/site-packages/airflow/example_dags/example_sensor_decorator.py
[2025-02-08T22:24:41.730+0000] {processor.py:743} INFO - Processing file /home/airflow/.local/lib/python3.7/site-packages/airflow/example_dags/example_sensor_decorator.py for tasks to queue
[2025-02-08T22:24:41.733+0000] {logging_mixin.py:137} INFO - [2025-02-08T22:24:41.733+0000] {dagbag.py:538} INFO - Filling up the DagBag from /home/airflow/.local/lib/python3.7/site-packages/airflow/example_dags/example_sensor_decorator.py
[2025-02-08T22:24:41.837+0000] {processor.py:753} INFO - DAG(s) dict_keys(['example_sensor_decorator']) retrieved from /home/airflow/.local/lib/python3.7/site-packages/airflow/example_dags/example_sensor_decorator.py
[2025-02-08T22:24:41.951+0000] {logging_mixin.py:137} INFO - [2025-02-08T22:24:41.950+0000] {dag.py:2690} INFO - Sync 1 DAGs
[2025-02-08T22:24:42.043+0000] {logging_mixin.py:137} INFO - [2025-02-08T22:24:42.040+0000] {dag.py:3441} INFO - Setting next_dagrun for example_sensor_decorator to None, run_after=None
[2025-02-08T22:24:42.128+0000] {processor.py:175} INFO - Processing /home/airflow/.local/lib/python3.7/site-packages/airflow/example_dags/example_sensor_decorator.py took 0.419 seconds
[2025-02-08T22:25:12.393+0000] {processor.py:153} INFO - Started process (PID=2967) to work on /home/airflow/.local/lib/python3.7/site-packages/airflow/example_dags/example_sensor_decorator.py
[2025-02-08T22:25:12.395+0000] {processor.py:743} INFO - Processing file /home/airflow/.local/lib/python3.7/site-packages/airflow/example_dags/example_sensor_decorator.py for tasks to queue
[2025-02-08T22:25:12.399+0000] {logging_mixin.py:137} INFO - [2025-02-08T22:25:12.398+0000] {dagbag.py:538} INFO - Filling up the DagBag from /home/airflow/.local/lib/python3.7/site-packages/airflow/example_dags/example_sensor_decorator.py
[2025-02-08T22:25:12.444+0000] {processor.py:753} INFO - DAG(s) dict_keys(['example_sensor_decorator']) retrieved from /home/airflow/.local/lib/python3.7/site-packages/airflow/example_dags/example_sensor_decorator.py
[2025-02-08T22:25:12.490+0000] {logging_mixin.py:137} INFO - [2025-02-08T22:25:12.490+0000] {dag.py:2690} INFO - Sync 1 DAGs
[2025-02-08T22:25:12.563+0000] {logging_mixin.py:137} INFO - [2025-02-08T22:25:12.562+0000] {dag.py:3441} INFO - Setting next_dagrun for example_sensor_decorator to None, run_after=None
[2025-02-08T22:25:12.610+0000] {processor.py:175} INFO - Processing /home/airflow/.local/lib/python3.7/site-packages/airflow/example_dags/example_sensor_decorator.py took 0.222 seconds
[2025-02-08T22:25:43.693+0000] {processor.py:153} INFO - Started process (PID=3038) to work on /home/airflow/.local/lib/python3.7/site-packages/airflow/example_dags/example_sensor_decorator.py
[2025-02-08T22:25:43.695+0000] {processor.py:743} INFO - Processing file /home/airflow/.local/lib/python3.7/site-packages/airflow/example_dags/example_sensor_decorator.py for tasks to queue
[2025-02-08T22:25:43.705+0000] {logging_mixin.py:137} INFO - [2025-02-08T22:25:43.704+0000] {dagbag.py:538} INFO - Filling up the DagBag from /home/airflow/.local/lib/python3.7/site-packages/airflow/example_dags/example_sensor_decorator.py
[2025-02-08T22:25:43.767+0000] {processor.py:753} INFO - DAG(s) dict_keys(['example_sensor_decorator']) retrieved from /home/airflow/.local/lib/python3.7/site-packages/airflow/example_dags/example_sensor_decorator.py
[2025-02-08T22:25:43.830+0000] {logging_mixin.py:137} INFO - [2025-02-08T22:25:43.830+0000] {dag.py:2690} INFO - Sync 1 DAGs
[2025-02-08T22:25:43.898+0000] {logging_mixin.py:137} INFO - [2025-02-08T22:25:43.897+0000] {dag.py:3441} INFO - Setting next_dagrun for example_sensor_decorator to None, run_after=None
[2025-02-08T22:25:43.956+0000] {processor.py:175} INFO - Processing /home/airflow/.local/lib/python3.7/site-packages/airflow/example_dags/example_sensor_decorator.py took 0.269 seconds
[2025-02-08T22:26:14.177+0000] {processor.py:153} INFO - Started process (PID=3110) to work on /home/airflow/.local/lib/python3.7/site-packages/airflow/example_dags/example_sensor_decorator.py
[2025-02-08T22:26:14.178+0000] {processor.py:743} INFO - Processing file /home/airflow/.local/lib/python3.7/site-packages/airflow/example_dags/example_sensor_decorator.py for tasks to queue
[2025-02-08T22:26:14.179+0000] {logging_mixin.py:137} INFO - [2025-02-08T22:26:14.179+0000] {dagbag.py:538} INFO - Filling up the DagBag from /home/airflow/.local/lib/python3.7/site-packages/airflow/example_dags/example_sensor_decorator.py
[2025-02-08T22:26:14.205+0000] {processor.py:753} INFO - DAG(s) dict_keys(['example_sensor_decorator']) retrieved from /home/airflow/.local/lib/python3.7/site-packages/airflow/example_dags/example_sensor_decorator.py
[2025-02-08T22:26:14.231+0000] {logging_mixin.py:137} INFO - [2025-02-08T22:26:14.230+0000] {dag.py:2690} INFO - Sync 1 DAGs
[2025-02-08T22:26:14.257+0000] {logging_mixin.py:137} INFO - [2025-02-08T22:26:14.257+0000] {dag.py:3441} INFO - Setting next_dagrun for example_sensor_decorator to None, run_after=None
[2025-02-08T22:26:14.290+0000] {processor.py:175} INFO - Processing /home/airflow/.local/lib/python3.7/site-packages/airflow/example_dags/example_sensor_decorator.py took 0.116 seconds
[2025-02-08T22:26:44.866+0000] {processor.py:153} INFO - Started process (PID=3198) to work on /home/airflow/.local/lib/python3.7/site-packages/airflow/example_dags/example_sensor_decorator.py
[2025-02-08T22:26:44.867+0000] {processor.py:743} INFO - Processing file /home/airflow/.local/lib/python3.7/site-packages/airflow/example_dags/example_sensor_decorator.py for tasks to queue
[2025-02-08T22:26:44.868+0000] {logging_mixin.py:137} INFO - [2025-02-08T22:26:44.867+0000] {dagbag.py:538} INFO - Filling up the DagBag from /home/airflow/.local/lib/python3.7/site-packages/airflow/example_dags/example_sensor_decorator.py
[2025-02-08T22:26:44.891+0000] {processor.py:753} INFO - DAG(s) dict_keys(['example_sensor_decorator']) retrieved from /home/airflow/.local/lib/python3.7/site-packages/airflow/example_dags/example_sensor_decorator.py
[2025-02-08T22:26:44.922+0000] {logging_mixin.py:137} INFO - [2025-02-08T22:26:44.921+0000] {dag.py:2690} INFO - Sync 1 DAGs
[2025-02-08T22:26:44.944+0000] {logging_mixin.py:137} INFO - [2025-02-08T22:26:44.944+0000] {dag.py:3441} INFO - Setting next_dagrun for example_sensor_decorator to None, run_after=None
[2025-02-08T22:26:44.970+0000] {processor.py:175} INFO - Processing /home/airflow/.local/lib/python3.7/site-packages/airflow/example_dags/example_sensor_decorator.py took 0.107 seconds
[2025-02-08T22:27:15.692+0000] {processor.py:153} INFO - Started process (PID=3270) to work on /home/airflow/.local/lib/python3.7/site-packages/airflow/example_dags/example_sensor_decorator.py
[2025-02-08T22:27:15.694+0000] {processor.py:743} INFO - Processing file /home/airflow/.local/lib/python3.7/site-packages/airflow/example_dags/example_sensor_decorator.py for tasks to queue
[2025-02-08T22:27:15.696+0000] {logging_mixin.py:137} INFO - [2025-02-08T22:27:15.696+0000] {dagbag.py:538} INFO - Filling up the DagBag from /home/airflow/.local/lib/python3.7/site-packages/airflow/example_dags/example_sensor_decorator.py
[2025-02-08T22:27:15.755+0000] {processor.py:753} INFO - DAG(s) dict_keys(['example_sensor_decorator']) retrieved from /home/airflow/.local/lib/python3.7/site-packages/airflow/example_dags/example_sensor_decorator.py
[2025-02-08T22:27:15.799+0000] {logging_mixin.py:137} INFO - [2025-02-08T22:27:15.799+0000] {dag.py:2690} INFO - Sync 1 DAGs
[2025-02-08T22:27:15.859+0000] {logging_mixin.py:137} INFO - [2025-02-08T22:27:15.859+0000] {dag.py:3441} INFO - Setting next_dagrun for example_sensor_decorator to None, run_after=None
[2025-02-08T22:27:15.904+0000] {processor.py:175} INFO - Processing /home/airflow/.local/lib/python3.7/site-packages/airflow/example_dags/example_sensor_decorator.py took 0.220 seconds
[2025-02-08T22:27:46.627+0000] {processor.py:153} INFO - Started process (PID=3358) to work on /home/airflow/.local/lib/python3.7/site-packages/airflow/example_dags/example_sensor_decorator.py
[2025-02-08T22:27:46.628+0000] {processor.py:743} INFO - Processing file /home/airflow/.local/lib/python3.7/site-packages/airflow/example_dags/example_sensor_decorator.py for tasks to queue
[2025-02-08T22:27:46.630+0000] {logging_mixin.py:137} INFO - [2025-02-08T22:27:46.630+0000] {dagbag.py:538} INFO - Filling up the DagBag from /home/airflow/.local/lib/python3.7/site-packages/airflow/example_dags/example_sensor_decorator.py
[2025-02-08T22:27:46.680+0000] {processor.py:753} INFO - DAG(s) dict_keys(['example_sensor_decorator']) retrieved from /home/airflow/.local/lib/python3.7/site-packages/airflow/example_dags/example_sensor_decorator.py
[2025-02-08T22:27:46.739+0000] {logging_mixin.py:137} INFO - [2025-02-08T22:27:46.739+0000] {dag.py:2690} INFO - Sync 1 DAGs
[2025-02-08T22:27:46.787+0000] {logging_mixin.py:137} INFO - [2025-02-08T22:27:46.787+0000] {dag.py:3441} INFO - Setting next_dagrun for example_sensor_decorator to None, run_after=None
[2025-02-08T22:27:46.830+0000] {processor.py:175} INFO - Processing /home/airflow/.local/lib/python3.7/site-packages/airflow/example_dags/example_sensor_decorator.py took 0.209 seconds
