[2025-02-08T22:06:12.649+0000] {processor.py:153} INFO - Started process (PID=96) to work on /home/airflow/.local/lib/python3.7/site-packages/airflow/example_dags/example_bash_operator.py
[2025-02-08T22:06:12.652+0000] {processor.py:743} INFO - Processing file /home/airflow/.local/lib/python3.7/site-packages/airflow/example_dags/example_bash_operator.py for tasks to queue
[2025-02-08T22:06:12.658+0000] {logging_mixin.py:137} INFO - [2025-02-08T22:06:12.658+0000] {dagbag.py:538} INFO - Filling up the DagBag from /home/airflow/.local/lib/python3.7/site-packages/airflow/example_dags/example_bash_operator.py
[2025-02-08T22:06:12.768+0000] {processor.py:753} INFO - DAG(s) dict_keys(['example_bash_operator']) retrieved from /home/airflow/.local/lib/python3.7/site-packages/airflow/example_dags/example_bash_operator.py
[2025-02-08T22:06:12.992+0000] {logging_mixin.py:137} INFO - [2025-02-08T22:06:12.992+0000] {dag.py:2690} INFO - Sync 1 DAGs
[2025-02-08T22:06:13.283+0000] {logging_mixin.py:137} INFO - [2025-02-08T22:06:13.280+0000] {dag.py:3441} INFO - Setting next_dagrun for example_bash_operator to 2025-02-07T00:00:00+00:00, run_after=2025-02-08T00:00:00+00:00
[2025-02-08T22:06:13.480+0000] {processor.py:175} INFO - Processing /home/airflow/.local/lib/python3.7/site-packages/airflow/example_dags/example_bash_operator.py took 0.844 seconds
[2025-02-08T22:06:44.382+0000] {processor.py:153} INFO - Started process (PID=158) to work on /home/airflow/.local/lib/python3.7/site-packages/airflow/example_dags/example_bash_operator.py
[2025-02-08T22:06:44.384+0000] {processor.py:743} INFO - Processing file /home/airflow/.local/lib/python3.7/site-packages/airflow/example_dags/example_bash_operator.py for tasks to queue
[2025-02-08T22:06:44.385+0000] {logging_mixin.py:137} INFO - [2025-02-08T22:06:44.385+0000] {dagbag.py:538} INFO - Filling up the DagBag from /home/airflow/.local/lib/python3.7/site-packages/airflow/example_dags/example_bash_operator.py
[2025-02-08T22:06:44.406+0000] {processor.py:753} INFO - DAG(s) dict_keys(['example_bash_operator']) retrieved from /home/airflow/.local/lib/python3.7/site-packages/airflow/example_dags/example_bash_operator.py
[2025-02-08T22:06:44.443+0000] {logging_mixin.py:137} INFO - [2025-02-08T22:06:44.443+0000] {dag.py:2690} INFO - Sync 1 DAGs
[2025-02-08T22:06:44.468+0000] {logging_mixin.py:137} INFO - [2025-02-08T22:06:44.468+0000] {dag.py:3441} INFO - Setting next_dagrun for example_bash_operator to 2025-02-07T00:00:00+00:00, run_after=2025-02-08T00:00:00+00:00
[2025-02-08T22:06:44.493+0000] {processor.py:175} INFO - Processing /home/airflow/.local/lib/python3.7/site-packages/airflow/example_dags/example_bash_operator.py took 0.114 seconds
[2025-02-08T22:07:14.857+0000] {processor.py:153} INFO - Started process (PID=245) to work on /home/airflow/.local/lib/python3.7/site-packages/airflow/example_dags/example_bash_operator.py
[2025-02-08T22:07:14.858+0000] {processor.py:743} INFO - Processing file /home/airflow/.local/lib/python3.7/site-packages/airflow/example_dags/example_bash_operator.py for tasks to queue
[2025-02-08T22:07:14.859+0000] {logging_mixin.py:137} INFO - [2025-02-08T22:07:14.859+0000] {dagbag.py:538} INFO - Filling up the DagBag from /home/airflow/.local/lib/python3.7/site-packages/airflow/example_dags/example_bash_operator.py
[2025-02-08T22:07:14.880+0000] {processor.py:753} INFO - DAG(s) dict_keys(['example_bash_operator']) retrieved from /home/airflow/.local/lib/python3.7/site-packages/airflow/example_dags/example_bash_operator.py
[2025-02-08T22:07:14.931+0000] {logging_mixin.py:137} INFO - [2025-02-08T22:07:14.931+0000] {dag.py:2690} INFO - Sync 1 DAGs
[2025-02-08T22:07:14.958+0000] {logging_mixin.py:137} INFO - [2025-02-08T22:07:14.958+0000] {dag.py:3441} INFO - Setting next_dagrun for example_bash_operator to 2025-02-07T00:00:00+00:00, run_after=2025-02-08T00:00:00+00:00
[2025-02-08T22:07:14.981+0000] {processor.py:175} INFO - Processing /home/airflow/.local/lib/python3.7/site-packages/airflow/example_dags/example_bash_operator.py took 0.127 seconds
[2025-02-08T22:07:45.587+0000] {processor.py:153} INFO - Started process (PID=316) to work on /home/airflow/.local/lib/python3.7/site-packages/airflow/example_dags/example_bash_operator.py
[2025-02-08T22:07:45.589+0000] {processor.py:743} INFO - Processing file /home/airflow/.local/lib/python3.7/site-packages/airflow/example_dags/example_bash_operator.py for tasks to queue
[2025-02-08T22:07:45.590+0000] {logging_mixin.py:137} INFO - [2025-02-08T22:07:45.590+0000] {dagbag.py:538} INFO - Filling up the DagBag from /home/airflow/.local/lib/python3.7/site-packages/airflow/example_dags/example_bash_operator.py
[2025-02-08T22:07:45.609+0000] {processor.py:753} INFO - DAG(s) dict_keys(['example_bash_operator']) retrieved from /home/airflow/.local/lib/python3.7/site-packages/airflow/example_dags/example_bash_operator.py
[2025-02-08T22:07:45.646+0000] {logging_mixin.py:137} INFO - [2025-02-08T22:07:45.646+0000] {dag.py:2690} INFO - Sync 1 DAGs
[2025-02-08T22:07:45.670+0000] {logging_mixin.py:137} INFO - [2025-02-08T22:07:45.669+0000] {dag.py:3441} INFO - Setting next_dagrun for example_bash_operator to 2025-02-07T00:00:00+00:00, run_after=2025-02-08T00:00:00+00:00
[2025-02-08T22:07:45.693+0000] {processor.py:175} INFO - Processing /home/airflow/.local/lib/python3.7/site-packages/airflow/example_dags/example_bash_operator.py took 0.108 seconds
[2025-02-08T22:08:16.124+0000] {processor.py:153} INFO - Started process (PID=403) to work on /home/airflow/.local/lib/python3.7/site-packages/airflow/example_dags/example_bash_operator.py
[2025-02-08T22:08:16.125+0000] {processor.py:743} INFO - Processing file /home/airflow/.local/lib/python3.7/site-packages/airflow/example_dags/example_bash_operator.py for tasks to queue
[2025-02-08T22:08:16.127+0000] {logging_mixin.py:137} INFO - [2025-02-08T22:08:16.126+0000] {dagbag.py:538} INFO - Filling up the DagBag from /home/airflow/.local/lib/python3.7/site-packages/airflow/example_dags/example_bash_operator.py
[2025-02-08T22:08:16.161+0000] {processor.py:753} INFO - DAG(s) dict_keys(['example_bash_operator']) retrieved from /home/airflow/.local/lib/python3.7/site-packages/airflow/example_dags/example_bash_operator.py
[2025-02-08T22:08:16.206+0000] {logging_mixin.py:137} INFO - [2025-02-08T22:08:16.205+0000] {dag.py:2690} INFO - Sync 1 DAGs
[2025-02-08T22:08:16.236+0000] {logging_mixin.py:137} INFO - [2025-02-08T22:08:16.236+0000] {dag.py:3441} INFO - Setting next_dagrun for example_bash_operator to 2025-02-07T00:00:00+00:00, run_after=2025-02-08T00:00:00+00:00
[2025-02-08T22:08:16.263+0000] {processor.py:175} INFO - Processing /home/airflow/.local/lib/python3.7/site-packages/airflow/example_dags/example_bash_operator.py took 0.142 seconds
[2025-02-08T22:08:46.326+0000] {processor.py:153} INFO - Started process (PID=474) to work on /home/airflow/.local/lib/python3.7/site-packages/airflow/example_dags/example_bash_operator.py
[2025-02-08T22:08:46.328+0000] {processor.py:743} INFO - Processing file /home/airflow/.local/lib/python3.7/site-packages/airflow/example_dags/example_bash_operator.py for tasks to queue
[2025-02-08T22:08:46.329+0000] {logging_mixin.py:137} INFO - [2025-02-08T22:08:46.328+0000] {dagbag.py:538} INFO - Filling up the DagBag from /home/airflow/.local/lib/python3.7/site-packages/airflow/example_dags/example_bash_operator.py
[2025-02-08T22:08:46.359+0000] {processor.py:753} INFO - DAG(s) dict_keys(['example_bash_operator']) retrieved from /home/airflow/.local/lib/python3.7/site-packages/airflow/example_dags/example_bash_operator.py
[2025-02-08T22:08:46.407+0000] {logging_mixin.py:137} INFO - [2025-02-08T22:08:46.407+0000] {dag.py:2690} INFO - Sync 1 DAGs
[2025-02-08T22:08:46.440+0000] {logging_mixin.py:137} INFO - [2025-02-08T22:08:46.440+0000] {dag.py:3441} INFO - Setting next_dagrun for example_bash_operator to 2025-02-07T00:00:00+00:00, run_after=2025-02-08T00:00:00+00:00
[2025-02-08T22:08:46.468+0000] {processor.py:175} INFO - Processing /home/airflow/.local/lib/python3.7/site-packages/airflow/example_dags/example_bash_operator.py took 0.146 seconds
[2025-02-08T22:09:16.638+0000] {processor.py:153} INFO - Started process (PID=545) to work on /home/airflow/.local/lib/python3.7/site-packages/airflow/example_dags/example_bash_operator.py
[2025-02-08T22:09:16.639+0000] {processor.py:743} INFO - Processing file /home/airflow/.local/lib/python3.7/site-packages/airflow/example_dags/example_bash_operator.py for tasks to queue
[2025-02-08T22:09:16.640+0000] {logging_mixin.py:137} INFO - [2025-02-08T22:09:16.640+0000] {dagbag.py:538} INFO - Filling up the DagBag from /home/airflow/.local/lib/python3.7/site-packages/airflow/example_dags/example_bash_operator.py
[2025-02-08T22:09:16.662+0000] {processor.py:753} INFO - DAG(s) dict_keys(['example_bash_operator']) retrieved from /home/airflow/.local/lib/python3.7/site-packages/airflow/example_dags/example_bash_operator.py
[2025-02-08T22:09:16.696+0000] {logging_mixin.py:137} INFO - [2025-02-08T22:09:16.696+0000] {dag.py:2690} INFO - Sync 1 DAGs
[2025-02-08T22:09:16.721+0000] {logging_mixin.py:137} INFO - [2025-02-08T22:09:16.721+0000] {dag.py:3441} INFO - Setting next_dagrun for example_bash_operator to 2025-02-07T00:00:00+00:00, run_after=2025-02-08T00:00:00+00:00
[2025-02-08T22:09:16.743+0000] {processor.py:175} INFO - Processing /home/airflow/.local/lib/python3.7/site-packages/airflow/example_dags/example_bash_operator.py took 0.108 seconds
[2025-02-08T22:09:47.318+0000] {processor.py:153} INFO - Started process (PID=632) to work on /home/airflow/.local/lib/python3.7/site-packages/airflow/example_dags/example_bash_operator.py
[2025-02-08T22:09:47.319+0000] {processor.py:743} INFO - Processing file /home/airflow/.local/lib/python3.7/site-packages/airflow/example_dags/example_bash_operator.py for tasks to queue
[2025-02-08T22:09:47.320+0000] {logging_mixin.py:137} INFO - [2025-02-08T22:09:47.320+0000] {dagbag.py:538} INFO - Filling up the DagBag from /home/airflow/.local/lib/python3.7/site-packages/airflow/example_dags/example_bash_operator.py
[2025-02-08T22:09:47.344+0000] {processor.py:753} INFO - DAG(s) dict_keys(['example_bash_operator']) retrieved from /home/airflow/.local/lib/python3.7/site-packages/airflow/example_dags/example_bash_operator.py
[2025-02-08T22:09:47.386+0000] {logging_mixin.py:137} INFO - [2025-02-08T22:09:47.386+0000] {dag.py:2690} INFO - Sync 1 DAGs
[2025-02-08T22:09:47.413+0000] {logging_mixin.py:137} INFO - [2025-02-08T22:09:47.412+0000] {dag.py:3441} INFO - Setting next_dagrun for example_bash_operator to 2025-02-07T00:00:00+00:00, run_after=2025-02-08T00:00:00+00:00
[2025-02-08T22:09:47.438+0000] {processor.py:175} INFO - Processing /home/airflow/.local/lib/python3.7/site-packages/airflow/example_dags/example_bash_operator.py took 0.124 seconds
[2025-02-08T22:10:18.079+0000] {processor.py:153} INFO - Started process (PID=703) to work on /home/airflow/.local/lib/python3.7/site-packages/airflow/example_dags/example_bash_operator.py
[2025-02-08T22:10:18.080+0000] {processor.py:743} INFO - Processing file /home/airflow/.local/lib/python3.7/site-packages/airflow/example_dags/example_bash_operator.py for tasks to queue
[2025-02-08T22:10:18.082+0000] {logging_mixin.py:137} INFO - [2025-02-08T22:10:18.081+0000] {dagbag.py:538} INFO - Filling up the DagBag from /home/airflow/.local/lib/python3.7/site-packages/airflow/example_dags/example_bash_operator.py
[2025-02-08T22:10:18.108+0000] {processor.py:753} INFO - DAG(s) dict_keys(['example_bash_operator']) retrieved from /home/airflow/.local/lib/python3.7/site-packages/airflow/example_dags/example_bash_operator.py
[2025-02-08T22:10:18.160+0000] {logging_mixin.py:137} INFO - [2025-02-08T22:10:18.160+0000] {dag.py:2690} INFO - Sync 1 DAGs
[2025-02-08T22:10:18.197+0000] {logging_mixin.py:137} INFO - [2025-02-08T22:10:18.197+0000] {dag.py:3441} INFO - Setting next_dagrun for example_bash_operator to 2025-02-07T00:00:00+00:00, run_after=2025-02-08T00:00:00+00:00
[2025-02-08T22:10:18.235+0000] {processor.py:175} INFO - Processing /home/airflow/.local/lib/python3.7/site-packages/airflow/example_dags/example_bash_operator.py took 0.160 seconds
[2025-02-08T22:10:48.306+0000] {processor.py:153} INFO - Started process (PID=790) to work on /home/airflow/.local/lib/python3.7/site-packages/airflow/example_dags/example_bash_operator.py
[2025-02-08T22:10:48.307+0000] {processor.py:743} INFO - Processing file /home/airflow/.local/lib/python3.7/site-packages/airflow/example_dags/example_bash_operator.py for tasks to queue
[2025-02-08T22:10:48.308+0000] {logging_mixin.py:137} INFO - [2025-02-08T22:10:48.307+0000] {dagbag.py:538} INFO - Filling up the DagBag from /home/airflow/.local/lib/python3.7/site-packages/airflow/example_dags/example_bash_operator.py
[2025-02-08T22:10:48.327+0000] {processor.py:753} INFO - DAG(s) dict_keys(['example_bash_operator']) retrieved from /home/airflow/.local/lib/python3.7/site-packages/airflow/example_dags/example_bash_operator.py
[2025-02-08T22:10:48.362+0000] {logging_mixin.py:137} INFO - [2025-02-08T22:10:48.362+0000] {dag.py:2690} INFO - Sync 1 DAGs
[2025-02-08T22:10:48.389+0000] {logging_mixin.py:137} INFO - [2025-02-08T22:10:48.388+0000] {dag.py:3441} INFO - Setting next_dagrun for example_bash_operator to 2025-02-07T00:00:00+00:00, run_after=2025-02-08T00:00:00+00:00
[2025-02-08T22:10:48.411+0000] {processor.py:175} INFO - Processing /home/airflow/.local/lib/python3.7/site-packages/airflow/example_dags/example_bash_operator.py took 0.109 seconds
[2025-02-08T22:11:23.358+0000] {processor.py:153} INFO - Started process (PID=861) to work on /home/airflow/.local/lib/python3.7/site-packages/airflow/example_dags/example_bash_operator.py
[2025-02-08T22:11:23.359+0000] {processor.py:743} INFO - Processing file /home/airflow/.local/lib/python3.7/site-packages/airflow/example_dags/example_bash_operator.py for tasks to queue
[2025-02-08T22:11:23.361+0000] {logging_mixin.py:137} INFO - [2025-02-08T22:11:23.360+0000] {dagbag.py:538} INFO - Filling up the DagBag from /home/airflow/.local/lib/python3.7/site-packages/airflow/example_dags/example_bash_operator.py
[2025-02-08T22:11:23.431+0000] {processor.py:753} INFO - DAG(s) dict_keys(['example_bash_operator']) retrieved from /home/airflow/.local/lib/python3.7/site-packages/airflow/example_dags/example_bash_operator.py
[2025-02-08T22:11:23.517+0000] {logging_mixin.py:137} INFO - [2025-02-08T22:11:23.517+0000] {dag.py:2690} INFO - Sync 1 DAGs
[2025-02-08T22:11:23.569+0000] {logging_mixin.py:137} INFO - [2025-02-08T22:11:23.568+0000] {dag.py:3441} INFO - Setting next_dagrun for example_bash_operator to 2025-02-07T00:00:00+00:00, run_after=2025-02-08T00:00:00+00:00
[2025-02-08T22:11:23.636+0000] {processor.py:175} INFO - Processing /home/airflow/.local/lib/python3.7/site-packages/airflow/example_dags/example_bash_operator.py took 0.282 seconds
[2025-02-08T22:11:53.691+0000] {processor.py:153} INFO - Started process (PID=948) to work on /home/airflow/.local/lib/python3.7/site-packages/airflow/example_dags/example_bash_operator.py
[2025-02-08T22:11:53.692+0000] {processor.py:743} INFO - Processing file /home/airflow/.local/lib/python3.7/site-packages/airflow/example_dags/example_bash_operator.py for tasks to queue
[2025-02-08T22:11:53.693+0000] {logging_mixin.py:137} INFO - [2025-02-08T22:11:53.693+0000] {dagbag.py:538} INFO - Filling up the DagBag from /home/airflow/.local/lib/python3.7/site-packages/airflow/example_dags/example_bash_operator.py
[2025-02-08T22:11:53.726+0000] {processor.py:753} INFO - DAG(s) dict_keys(['example_bash_operator']) retrieved from /home/airflow/.local/lib/python3.7/site-packages/airflow/example_dags/example_bash_operator.py
[2025-02-08T22:11:53.782+0000] {logging_mixin.py:137} INFO - [2025-02-08T22:11:53.782+0000] {dag.py:2690} INFO - Sync 1 DAGs
[2025-02-08T22:11:53.825+0000] {logging_mixin.py:137} INFO - [2025-02-08T22:11:53.824+0000] {dag.py:3441} INFO - Setting next_dagrun for example_bash_operator to 2025-02-07T00:00:00+00:00, run_after=2025-02-08T00:00:00+00:00
[2025-02-08T22:11:53.853+0000] {processor.py:175} INFO - Processing /home/airflow/.local/lib/python3.7/site-packages/airflow/example_dags/example_bash_operator.py took 0.166 seconds
[2025-02-08T22:12:24.424+0000] {processor.py:153} INFO - Started process (PID=1020) to work on /home/airflow/.local/lib/python3.7/site-packages/airflow/example_dags/example_bash_operator.py
[2025-02-08T22:12:24.425+0000] {processor.py:743} INFO - Processing file /home/airflow/.local/lib/python3.7/site-packages/airflow/example_dags/example_bash_operator.py for tasks to queue
[2025-02-08T22:12:24.426+0000] {logging_mixin.py:137} INFO - [2025-02-08T22:12:24.426+0000] {dagbag.py:538} INFO - Filling up the DagBag from /home/airflow/.local/lib/python3.7/site-packages/airflow/example_dags/example_bash_operator.py
[2025-02-08T22:12:24.476+0000] {processor.py:753} INFO - DAG(s) dict_keys(['example_bash_operator']) retrieved from /home/airflow/.local/lib/python3.7/site-packages/airflow/example_dags/example_bash_operator.py
[2025-02-08T22:12:24.546+0000] {logging_mixin.py:137} INFO - [2025-02-08T22:12:24.546+0000] {dag.py:2690} INFO - Sync 1 DAGs
[2025-02-08T22:12:24.601+0000] {logging_mixin.py:137} INFO - [2025-02-08T22:12:24.600+0000] {dag.py:3441} INFO - Setting next_dagrun for example_bash_operator to 2025-02-07T00:00:00+00:00, run_after=2025-02-08T00:00:00+00:00
[2025-02-08T22:12:24.640+0000] {processor.py:175} INFO - Processing /home/airflow/.local/lib/python3.7/site-packages/airflow/example_dags/example_bash_operator.py took 0.222 seconds
[2025-02-08T22:12:54.799+0000] {processor.py:153} INFO - Started process (PID=1107) to work on /home/airflow/.local/lib/python3.7/site-packages/airflow/example_dags/example_bash_operator.py
[2025-02-08T22:12:54.800+0000] {processor.py:743} INFO - Processing file /home/airflow/.local/lib/python3.7/site-packages/airflow/example_dags/example_bash_operator.py for tasks to queue
[2025-02-08T22:12:54.801+0000] {logging_mixin.py:137} INFO - [2025-02-08T22:12:54.801+0000] {dagbag.py:538} INFO - Filling up the DagBag from /home/airflow/.local/lib/python3.7/site-packages/airflow/example_dags/example_bash_operator.py
[2025-02-08T22:12:54.826+0000] {processor.py:753} INFO - DAG(s) dict_keys(['example_bash_operator']) retrieved from /home/airflow/.local/lib/python3.7/site-packages/airflow/example_dags/example_bash_operator.py
[2025-02-08T22:12:54.873+0000] {logging_mixin.py:137} INFO - [2025-02-08T22:12:54.873+0000] {dag.py:2690} INFO - Sync 1 DAGs
[2025-02-08T22:12:54.913+0000] {logging_mixin.py:137} INFO - [2025-02-08T22:12:54.912+0000] {dag.py:3441} INFO - Setting next_dagrun for example_bash_operator to 2025-02-07T00:00:00+00:00, run_after=2025-02-08T00:00:00+00:00
[2025-02-08T22:12:54.939+0000] {processor.py:175} INFO - Processing /home/airflow/.local/lib/python3.7/site-packages/airflow/example_dags/example_bash_operator.py took 0.144 seconds
[2025-02-08T22:13:25.519+0000] {processor.py:153} INFO - Started process (PID=1178) to work on /home/airflow/.local/lib/python3.7/site-packages/airflow/example_dags/example_bash_operator.py
[2025-02-08T22:13:25.521+0000] {processor.py:743} INFO - Processing file /home/airflow/.local/lib/python3.7/site-packages/airflow/example_dags/example_bash_operator.py for tasks to queue
[2025-02-08T22:13:25.523+0000] {logging_mixin.py:137} INFO - [2025-02-08T22:13:25.522+0000] {dagbag.py:538} INFO - Filling up the DagBag from /home/airflow/.local/lib/python3.7/site-packages/airflow/example_dags/example_bash_operator.py
[2025-02-08T22:13:25.563+0000] {processor.py:753} INFO - DAG(s) dict_keys(['example_bash_operator']) retrieved from /home/airflow/.local/lib/python3.7/site-packages/airflow/example_dags/example_bash_operator.py
[2025-02-08T22:13:25.632+0000] {logging_mixin.py:137} INFO - [2025-02-08T22:13:25.632+0000] {dag.py:2690} INFO - Sync 1 DAGs
[2025-02-08T22:13:25.685+0000] {logging_mixin.py:137} INFO - [2025-02-08T22:13:25.684+0000] {dag.py:3441} INFO - Setting next_dagrun for example_bash_operator to 2025-02-07T00:00:00+00:00, run_after=2025-02-08T00:00:00+00:00
[2025-02-08T22:13:25.723+0000] {processor.py:175} INFO - Processing /home/airflow/.local/lib/python3.7/site-packages/airflow/example_dags/example_bash_operator.py took 0.213 seconds
[2025-02-08T22:13:56.155+0000] {processor.py:153} INFO - Started process (PID=1265) to work on /home/airflow/.local/lib/python3.7/site-packages/airflow/example_dags/example_bash_operator.py
[2025-02-08T22:13:56.156+0000] {processor.py:743} INFO - Processing file /home/airflow/.local/lib/python3.7/site-packages/airflow/example_dags/example_bash_operator.py for tasks to queue
[2025-02-08T22:13:56.157+0000] {logging_mixin.py:137} INFO - [2025-02-08T22:13:56.157+0000] {dagbag.py:538} INFO - Filling up the DagBag from /home/airflow/.local/lib/python3.7/site-packages/airflow/example_dags/example_bash_operator.py
[2025-02-08T22:13:56.187+0000] {processor.py:753} INFO - DAG(s) dict_keys(['example_bash_operator']) retrieved from /home/airflow/.local/lib/python3.7/site-packages/airflow/example_dags/example_bash_operator.py
[2025-02-08T22:13:56.237+0000] {logging_mixin.py:137} INFO - [2025-02-08T22:13:56.237+0000] {dag.py:2690} INFO - Sync 1 DAGs
[2025-02-08T22:13:56.269+0000] {logging_mixin.py:137} INFO - [2025-02-08T22:13:56.269+0000] {dag.py:3441} INFO - Setting next_dagrun for example_bash_operator to 2025-02-07T00:00:00+00:00, run_after=2025-02-08T00:00:00+00:00
[2025-02-08T22:13:56.296+0000] {processor.py:175} INFO - Processing /home/airflow/.local/lib/python3.7/site-packages/airflow/example_dags/example_bash_operator.py took 0.145 seconds
[2025-02-08T22:14:29.400+0000] {processor.py:153} INFO - Started process (PID=1336) to work on /home/airflow/.local/lib/python3.7/site-packages/airflow/example_dags/example_bash_operator.py
[2025-02-08T22:14:29.402+0000] {processor.py:743} INFO - Processing file /home/airflow/.local/lib/python3.7/site-packages/airflow/example_dags/example_bash_operator.py for tasks to queue
[2025-02-08T22:14:29.404+0000] {logging_mixin.py:137} INFO - [2025-02-08T22:14:29.403+0000] {dagbag.py:538} INFO - Filling up the DagBag from /home/airflow/.local/lib/python3.7/site-packages/airflow/example_dags/example_bash_operator.py
[2025-02-08T22:14:29.451+0000] {processor.py:753} INFO - DAG(s) dict_keys(['example_bash_operator']) retrieved from /home/airflow/.local/lib/python3.7/site-packages/airflow/example_dags/example_bash_operator.py
[2025-02-08T22:14:29.555+0000] {logging_mixin.py:137} INFO - [2025-02-08T22:14:29.554+0000] {dag.py:2690} INFO - Sync 1 DAGs
[2025-02-08T22:14:29.633+0000] {logging_mixin.py:137} INFO - [2025-02-08T22:14:29.633+0000] {dag.py:3441} INFO - Setting next_dagrun for example_bash_operator to 2025-02-07T00:00:00+00:00, run_after=2025-02-08T00:00:00+00:00
[2025-02-08T22:14:29.685+0000] {processor.py:175} INFO - Processing /home/airflow/.local/lib/python3.7/site-packages/airflow/example_dags/example_bash_operator.py took 0.292 seconds
[2025-02-08T22:14:59.823+0000] {processor.py:153} INFO - Started process (PID=1407) to work on /home/airflow/.local/lib/python3.7/site-packages/airflow/example_dags/example_bash_operator.py
[2025-02-08T22:14:59.825+0000] {processor.py:743} INFO - Processing file /home/airflow/.local/lib/python3.7/site-packages/airflow/example_dags/example_bash_operator.py for tasks to queue
[2025-02-08T22:14:59.826+0000] {logging_mixin.py:137} INFO - [2025-02-08T22:14:59.825+0000] {dagbag.py:538} INFO - Filling up the DagBag from /home/airflow/.local/lib/python3.7/site-packages/airflow/example_dags/example_bash_operator.py
[2025-02-08T22:14:59.855+0000] {processor.py:753} INFO - DAG(s) dict_keys(['example_bash_operator']) retrieved from /home/airflow/.local/lib/python3.7/site-packages/airflow/example_dags/example_bash_operator.py
[2025-02-08T22:14:59.904+0000] {logging_mixin.py:137} INFO - [2025-02-08T22:14:59.903+0000] {dag.py:2690} INFO - Sync 1 DAGs
[2025-02-08T22:14:59.936+0000] {logging_mixin.py:137} INFO - [2025-02-08T22:14:59.936+0000] {dag.py:3441} INFO - Setting next_dagrun for example_bash_operator to 2025-02-07T00:00:00+00:00, run_after=2025-02-08T00:00:00+00:00
[2025-02-08T22:14:59.961+0000] {processor.py:175} INFO - Processing /home/airflow/.local/lib/python3.7/site-packages/airflow/example_dags/example_bash_operator.py took 0.142 seconds
[2025-02-08T22:15:30.052+0000] {processor.py:153} INFO - Started process (PID=1494) to work on /home/airflow/.local/lib/python3.7/site-packages/airflow/example_dags/example_bash_operator.py
[2025-02-08T22:15:30.053+0000] {processor.py:743} INFO - Processing file /home/airflow/.local/lib/python3.7/site-packages/airflow/example_dags/example_bash_operator.py for tasks to queue
[2025-02-08T22:15:30.054+0000] {logging_mixin.py:137} INFO - [2025-02-08T22:15:30.054+0000] {dagbag.py:538} INFO - Filling up the DagBag from /home/airflow/.local/lib/python3.7/site-packages/airflow/example_dags/example_bash_operator.py
[2025-02-08T22:15:30.082+0000] {processor.py:753} INFO - DAG(s) dict_keys(['example_bash_operator']) retrieved from /home/airflow/.local/lib/python3.7/site-packages/airflow/example_dags/example_bash_operator.py
[2025-02-08T22:15:30.124+0000] {logging_mixin.py:137} INFO - [2025-02-08T22:15:30.124+0000] {dag.py:2690} INFO - Sync 1 DAGs
[2025-02-08T22:15:30.158+0000] {logging_mixin.py:137} INFO - [2025-02-08T22:15:30.158+0000] {dag.py:3441} INFO - Setting next_dagrun for example_bash_operator to 2025-02-07T00:00:00+00:00, run_after=2025-02-08T00:00:00+00:00
[2025-02-08T22:15:30.190+0000] {processor.py:175} INFO - Processing /home/airflow/.local/lib/python3.7/site-packages/airflow/example_dags/example_bash_operator.py took 0.140 seconds
[2025-02-08T22:16:00.758+0000] {processor.py:153} INFO - Started process (PID=1565) to work on /home/airflow/.local/lib/python3.7/site-packages/airflow/example_dags/example_bash_operator.py
[2025-02-08T22:16:00.760+0000] {processor.py:743} INFO - Processing file /home/airflow/.local/lib/python3.7/site-packages/airflow/example_dags/example_bash_operator.py for tasks to queue
[2025-02-08T22:16:00.761+0000] {logging_mixin.py:137} INFO - [2025-02-08T22:16:00.761+0000] {dagbag.py:538} INFO - Filling up the DagBag from /home/airflow/.local/lib/python3.7/site-packages/airflow/example_dags/example_bash_operator.py
[2025-02-08T22:16:00.795+0000] {processor.py:753} INFO - DAG(s) dict_keys(['example_bash_operator']) retrieved from /home/airflow/.local/lib/python3.7/site-packages/airflow/example_dags/example_bash_operator.py
[2025-02-08T22:16:00.861+0000] {logging_mixin.py:137} INFO - [2025-02-08T22:16:00.861+0000] {dag.py:2690} INFO - Sync 1 DAGs
[2025-02-08T22:16:00.899+0000] {logging_mixin.py:137} INFO - [2025-02-08T22:16:00.899+0000] {dag.py:3441} INFO - Setting next_dagrun for example_bash_operator to 2025-02-07T00:00:00+00:00, run_after=2025-02-08T00:00:00+00:00
[2025-02-08T22:16:00.928+0000] {processor.py:175} INFO - Processing /home/airflow/.local/lib/python3.7/site-packages/airflow/example_dags/example_bash_operator.py took 0.175 seconds
[2025-02-08T22:16:31.825+0000] {processor.py:153} INFO - Started process (PID=1652) to work on /home/airflow/.local/lib/python3.7/site-packages/airflow/example_dags/example_bash_operator.py
[2025-02-08T22:16:31.826+0000] {processor.py:743} INFO - Processing file /home/airflow/.local/lib/python3.7/site-packages/airflow/example_dags/example_bash_operator.py for tasks to queue
[2025-02-08T22:16:31.827+0000] {logging_mixin.py:137} INFO - [2025-02-08T22:16:31.827+0000] {dagbag.py:538} INFO - Filling up the DagBag from /home/airflow/.local/lib/python3.7/site-packages/airflow/example_dags/example_bash_operator.py
[2025-02-08T22:16:31.852+0000] {processor.py:753} INFO - DAG(s) dict_keys(['example_bash_operator']) retrieved from /home/airflow/.local/lib/python3.7/site-packages/airflow/example_dags/example_bash_operator.py
[2025-02-08T22:16:31.976+0000] {logging_mixin.py:137} INFO - [2025-02-08T22:16:31.975+0000] {dag.py:2690} INFO - Sync 1 DAGs
[2025-02-08T22:16:32.042+0000] {logging_mixin.py:137} INFO - [2025-02-08T22:16:32.042+0000] {dag.py:3441} INFO - Setting next_dagrun for example_bash_operator to 2025-02-07T00:00:00+00:00, run_after=2025-02-08T00:00:00+00:00
[2025-02-08T22:16:32.078+0000] {processor.py:175} INFO - Processing /home/airflow/.local/lib/python3.7/site-packages/airflow/example_dags/example_bash_operator.py took 0.259 seconds
[2025-02-08T22:17:02.206+0000] {processor.py:153} INFO - Started process (PID=1723) to work on /home/airflow/.local/lib/python3.7/site-packages/airflow/example_dags/example_bash_operator.py
[2025-02-08T22:17:02.208+0000] {processor.py:743} INFO - Processing file /home/airflow/.local/lib/python3.7/site-packages/airflow/example_dags/example_bash_operator.py for tasks to queue
[2025-02-08T22:17:02.209+0000] {logging_mixin.py:137} INFO - [2025-02-08T22:17:02.208+0000] {dagbag.py:538} INFO - Filling up the DagBag from /home/airflow/.local/lib/python3.7/site-packages/airflow/example_dags/example_bash_operator.py
[2025-02-08T22:17:02.234+0000] {processor.py:753} INFO - DAG(s) dict_keys(['example_bash_operator']) retrieved from /home/airflow/.local/lib/python3.7/site-packages/airflow/example_dags/example_bash_operator.py
[2025-02-08T22:17:02.282+0000] {logging_mixin.py:137} INFO - [2025-02-08T22:17:02.282+0000] {dag.py:2690} INFO - Sync 1 DAGs
[2025-02-08T22:17:02.314+0000] {logging_mixin.py:137} INFO - [2025-02-08T22:17:02.314+0000] {dag.py:3441} INFO - Setting next_dagrun for example_bash_operator to 2025-02-07T00:00:00+00:00, run_after=2025-02-08T00:00:00+00:00
[2025-02-08T22:17:02.341+0000] {processor.py:175} INFO - Processing /home/airflow/.local/lib/python3.7/site-packages/airflow/example_dags/example_bash_operator.py took 0.139 seconds
[2025-02-08T22:17:33.119+0000] {processor.py:153} INFO - Started process (PID=1803) to work on /home/airflow/.local/lib/python3.7/site-packages/airflow/example_dags/example_bash_operator.py
[2025-02-08T22:17:33.123+0000] {processor.py:743} INFO - Processing file /home/airflow/.local/lib/python3.7/site-packages/airflow/example_dags/example_bash_operator.py for tasks to queue
[2025-02-08T22:17:33.127+0000] {logging_mixin.py:137} INFO - [2025-02-08T22:17:33.126+0000] {dagbag.py:538} INFO - Filling up the DagBag from /home/airflow/.local/lib/python3.7/site-packages/airflow/example_dags/example_bash_operator.py
[2025-02-08T22:17:33.196+0000] {processor.py:753} INFO - DAG(s) dict_keys(['example_bash_operator']) retrieved from /home/airflow/.local/lib/python3.7/site-packages/airflow/example_dags/example_bash_operator.py
[2025-02-08T22:17:33.313+0000] {logging_mixin.py:137} INFO - [2025-02-08T22:17:33.312+0000] {dag.py:2690} INFO - Sync 1 DAGs
[2025-02-08T22:17:33.408+0000] {logging_mixin.py:137} INFO - [2025-02-08T22:17:33.408+0000] {dag.py:3441} INFO - Setting next_dagrun for example_bash_operator to 2025-02-07T00:00:00+00:00, run_after=2025-02-08T00:00:00+00:00
[2025-02-08T22:17:33.465+0000] {processor.py:175} INFO - Processing /home/airflow/.local/lib/python3.7/site-packages/airflow/example_dags/example_bash_operator.py took 0.352 seconds
[2025-02-08T22:18:03.983+0000] {processor.py:153} INFO - Started process (PID=1881) to work on /home/airflow/.local/lib/python3.7/site-packages/airflow/example_dags/example_bash_operator.py
[2025-02-08T22:18:03.984+0000] {processor.py:743} INFO - Processing file /home/airflow/.local/lib/python3.7/site-packages/airflow/example_dags/example_bash_operator.py for tasks to queue
[2025-02-08T22:18:03.985+0000] {logging_mixin.py:137} INFO - [2025-02-08T22:18:03.985+0000] {dagbag.py:538} INFO - Filling up the DagBag from /home/airflow/.local/lib/python3.7/site-packages/airflow/example_dags/example_bash_operator.py
[2025-02-08T22:18:04.003+0000] {processor.py:753} INFO - DAG(s) dict_keys(['example_bash_operator']) retrieved from /home/airflow/.local/lib/python3.7/site-packages/airflow/example_dags/example_bash_operator.py
[2025-02-08T22:18:04.038+0000] {logging_mixin.py:137} INFO - [2025-02-08T22:18:04.038+0000] {dag.py:2690} INFO - Sync 1 DAGs
[2025-02-08T22:18:04.061+0000] {logging_mixin.py:137} INFO - [2025-02-08T22:18:04.061+0000] {dag.py:3441} INFO - Setting next_dagrun for example_bash_operator to 2025-02-07T00:00:00+00:00, run_after=2025-02-08T00:00:00+00:00
[2025-02-08T22:18:04.082+0000] {processor.py:175} INFO - Processing /home/airflow/.local/lib/python3.7/site-packages/airflow/example_dags/example_bash_operator.py took 0.102 seconds
[2025-02-08T22:18:34.816+0000] {processor.py:153} INFO - Started process (PID=1968) to work on /home/airflow/.local/lib/python3.7/site-packages/airflow/example_dags/example_bash_operator.py
[2025-02-08T22:18:34.817+0000] {processor.py:743} INFO - Processing file /home/airflow/.local/lib/python3.7/site-packages/airflow/example_dags/example_bash_operator.py for tasks to queue
[2025-02-08T22:18:34.817+0000] {logging_mixin.py:137} INFO - [2025-02-08T22:18:34.817+0000] {dagbag.py:538} INFO - Filling up the DagBag from /home/airflow/.local/lib/python3.7/site-packages/airflow/example_dags/example_bash_operator.py
[2025-02-08T22:18:34.848+0000] {processor.py:753} INFO - DAG(s) dict_keys(['example_bash_operator']) retrieved from /home/airflow/.local/lib/python3.7/site-packages/airflow/example_dags/example_bash_operator.py
[2025-02-08T22:18:34.893+0000] {logging_mixin.py:137} INFO - [2025-02-08T22:18:34.893+0000] {dag.py:2690} INFO - Sync 1 DAGs
[2025-02-08T22:18:34.924+0000] {logging_mixin.py:137} INFO - [2025-02-08T22:18:34.924+0000] {dag.py:3441} INFO - Setting next_dagrun for example_bash_operator to 2025-02-07T00:00:00+00:00, run_after=2025-02-08T00:00:00+00:00
[2025-02-08T22:18:34.949+0000] {processor.py:175} INFO - Processing /home/airflow/.local/lib/python3.7/site-packages/airflow/example_dags/example_bash_operator.py took 0.137 seconds
[2025-02-08T22:19:05.689+0000] {processor.py:153} INFO - Started process (PID=2039) to work on /home/airflow/.local/lib/python3.7/site-packages/airflow/example_dags/example_bash_operator.py
[2025-02-08T22:19:05.691+0000] {processor.py:743} INFO - Processing file /home/airflow/.local/lib/python3.7/site-packages/airflow/example_dags/example_bash_operator.py for tasks to queue
[2025-02-08T22:19:05.692+0000] {logging_mixin.py:137} INFO - [2025-02-08T22:19:05.692+0000] {dagbag.py:538} INFO - Filling up the DagBag from /home/airflow/.local/lib/python3.7/site-packages/airflow/example_dags/example_bash_operator.py
[2025-02-08T22:19:05.724+0000] {processor.py:753} INFO - DAG(s) dict_keys(['example_bash_operator']) retrieved from /home/airflow/.local/lib/python3.7/site-packages/airflow/example_dags/example_bash_operator.py
[2025-02-08T22:19:05.777+0000] {logging_mixin.py:137} INFO - [2025-02-08T22:19:05.776+0000] {dag.py:2690} INFO - Sync 1 DAGs
[2025-02-08T22:19:05.821+0000] {logging_mixin.py:137} INFO - [2025-02-08T22:19:05.820+0000] {dag.py:3441} INFO - Setting next_dagrun for example_bash_operator to 2025-02-07T00:00:00+00:00, run_after=2025-02-08T00:00:00+00:00
[2025-02-08T22:19:05.863+0000] {processor.py:175} INFO - Processing /home/airflow/.local/lib/python3.7/site-packages/airflow/example_dags/example_bash_operator.py took 0.178 seconds
[2025-02-08T22:19:36.472+0000] {processor.py:153} INFO - Started process (PID=2116) to work on /home/airflow/.local/lib/python3.7/site-packages/airflow/example_dags/example_bash_operator.py
[2025-02-08T22:19:36.473+0000] {processor.py:743} INFO - Processing file /home/airflow/.local/lib/python3.7/site-packages/airflow/example_dags/example_bash_operator.py for tasks to queue
[2025-02-08T22:19:36.475+0000] {logging_mixin.py:137} INFO - [2025-02-08T22:19:36.475+0000] {dagbag.py:538} INFO - Filling up the DagBag from /home/airflow/.local/lib/python3.7/site-packages/airflow/example_dags/example_bash_operator.py
[2025-02-08T22:19:36.509+0000] {processor.py:753} INFO - DAG(s) dict_keys(['example_bash_operator']) retrieved from /home/airflow/.local/lib/python3.7/site-packages/airflow/example_dags/example_bash_operator.py
[2025-02-08T22:19:36.579+0000] {logging_mixin.py:137} INFO - [2025-02-08T22:19:36.578+0000] {dag.py:2690} INFO - Sync 1 DAGs
[2025-02-08T22:19:36.634+0000] {logging_mixin.py:137} INFO - [2025-02-08T22:19:36.634+0000] {dag.py:3441} INFO - Setting next_dagrun for example_bash_operator to 2025-02-07T00:00:00+00:00, run_after=2025-02-08T00:00:00+00:00
[2025-02-08T22:19:36.688+0000] {processor.py:175} INFO - Processing /home/airflow/.local/lib/python3.7/site-packages/airflow/example_dags/example_bash_operator.py took 0.221 seconds
[2025-02-08T22:20:07.677+0000] {processor.py:153} INFO - Started process (PID=2196) to work on /home/airflow/.local/lib/python3.7/site-packages/airflow/example_dags/example_bash_operator.py
[2025-02-08T22:20:07.678+0000] {processor.py:743} INFO - Processing file /home/airflow/.local/lib/python3.7/site-packages/airflow/example_dags/example_bash_operator.py for tasks to queue
[2025-02-08T22:20:07.679+0000] {logging_mixin.py:137} INFO - [2025-02-08T22:20:07.679+0000] {dagbag.py:538} INFO - Filling up the DagBag from /home/airflow/.local/lib/python3.7/site-packages/airflow/example_dags/example_bash_operator.py
[2025-02-08T22:20:07.699+0000] {processor.py:753} INFO - DAG(s) dict_keys(['example_bash_operator']) retrieved from /home/airflow/.local/lib/python3.7/site-packages/airflow/example_dags/example_bash_operator.py
[2025-02-08T22:20:07.735+0000] {logging_mixin.py:137} INFO - [2025-02-08T22:20:07.735+0000] {dag.py:2690} INFO - Sync 1 DAGs
[2025-02-08T22:20:07.759+0000] {logging_mixin.py:137} INFO - [2025-02-08T22:20:07.758+0000] {dag.py:3441} INFO - Setting next_dagrun for example_bash_operator to 2025-02-07T00:00:00+00:00, run_after=2025-02-08T00:00:00+00:00
[2025-02-08T22:20:07.783+0000] {processor.py:175} INFO - Processing /home/airflow/.local/lib/python3.7/site-packages/airflow/example_dags/example_bash_operator.py took 0.109 seconds
[2025-02-08T22:20:37.902+0000] {processor.py:153} INFO - Started process (PID=2267) to work on /home/airflow/.local/lib/python3.7/site-packages/airflow/example_dags/example_bash_operator.py
[2025-02-08T22:20:37.903+0000] {processor.py:743} INFO - Processing file /home/airflow/.local/lib/python3.7/site-packages/airflow/example_dags/example_bash_operator.py for tasks to queue
[2025-02-08T22:20:37.904+0000] {logging_mixin.py:137} INFO - [2025-02-08T22:20:37.904+0000] {dagbag.py:538} INFO - Filling up the DagBag from /home/airflow/.local/lib/python3.7/site-packages/airflow/example_dags/example_bash_operator.py
[2025-02-08T22:20:37.926+0000] {processor.py:753} INFO - DAG(s) dict_keys(['example_bash_operator']) retrieved from /home/airflow/.local/lib/python3.7/site-packages/airflow/example_dags/example_bash_operator.py
[2025-02-08T22:20:37.962+0000] {logging_mixin.py:137} INFO - [2025-02-08T22:20:37.962+0000] {dag.py:2690} INFO - Sync 1 DAGs
[2025-02-08T22:20:37.987+0000] {logging_mixin.py:137} INFO - [2025-02-08T22:20:37.986+0000] {dag.py:3441} INFO - Setting next_dagrun for example_bash_operator to 2025-02-07T00:00:00+00:00, run_after=2025-02-08T00:00:00+00:00
[2025-02-08T22:20:38.008+0000] {processor.py:175} INFO - Processing /home/airflow/.local/lib/python3.7/site-packages/airflow/example_dags/example_bash_operator.py took 0.111 seconds
[2025-02-08T22:21:08.188+0000] {processor.py:153} INFO - Started process (PID=2353) to work on /home/airflow/.local/lib/python3.7/site-packages/airflow/example_dags/example_bash_operator.py
[2025-02-08T22:21:08.189+0000] {processor.py:743} INFO - Processing file /home/airflow/.local/lib/python3.7/site-packages/airflow/example_dags/example_bash_operator.py for tasks to queue
[2025-02-08T22:21:08.190+0000] {logging_mixin.py:137} INFO - [2025-02-08T22:21:08.190+0000] {dagbag.py:538} INFO - Filling up the DagBag from /home/airflow/.local/lib/python3.7/site-packages/airflow/example_dags/example_bash_operator.py
[2025-02-08T22:21:08.211+0000] {processor.py:753} INFO - DAG(s) dict_keys(['example_bash_operator']) retrieved from /home/airflow/.local/lib/python3.7/site-packages/airflow/example_dags/example_bash_operator.py
[2025-02-08T22:21:08.253+0000] {logging_mixin.py:137} INFO - [2025-02-08T22:21:08.253+0000] {dag.py:2690} INFO - Sync 1 DAGs
[2025-02-08T22:21:08.281+0000] {logging_mixin.py:137} INFO - [2025-02-08T22:21:08.281+0000] {dag.py:3441} INFO - Setting next_dagrun for example_bash_operator to 2025-02-07T00:00:00+00:00, run_after=2025-02-08T00:00:00+00:00
[2025-02-08T22:21:08.307+0000] {processor.py:175} INFO - Processing /home/airflow/.local/lib/python3.7/site-packages/airflow/example_dags/example_bash_operator.py took 0.122 seconds
[2025-02-08T22:21:38.794+0000] {processor.py:153} INFO - Started process (PID=2424) to work on /home/airflow/.local/lib/python3.7/site-packages/airflow/example_dags/example_bash_operator.py
[2025-02-08T22:21:38.795+0000] {processor.py:743} INFO - Processing file /home/airflow/.local/lib/python3.7/site-packages/airflow/example_dags/example_bash_operator.py for tasks to queue
[2025-02-08T22:21:38.796+0000] {logging_mixin.py:137} INFO - [2025-02-08T22:21:38.796+0000] {dagbag.py:538} INFO - Filling up the DagBag from /home/airflow/.local/lib/python3.7/site-packages/airflow/example_dags/example_bash_operator.py
[2025-02-08T22:21:38.818+0000] {processor.py:753} INFO - DAG(s) dict_keys(['example_bash_operator']) retrieved from /home/airflow/.local/lib/python3.7/site-packages/airflow/example_dags/example_bash_operator.py
[2025-02-08T22:21:38.856+0000] {logging_mixin.py:137} INFO - [2025-02-08T22:21:38.856+0000] {dag.py:2690} INFO - Sync 1 DAGs
[2025-02-08T22:21:38.883+0000] {logging_mixin.py:137} INFO - [2025-02-08T22:21:38.883+0000] {dag.py:3441} INFO - Setting next_dagrun for example_bash_operator to 2025-02-07T00:00:00+00:00, run_after=2025-02-08T00:00:00+00:00
[2025-02-08T22:21:38.905+0000] {processor.py:175} INFO - Processing /home/airflow/.local/lib/python3.7/site-packages/airflow/example_dags/example_bash_operator.py took 0.114 seconds
[2025-02-08T22:22:09.151+0000] {processor.py:153} INFO - Started process (PID=2511) to work on /home/airflow/.local/lib/python3.7/site-packages/airflow/example_dags/example_bash_operator.py
[2025-02-08T22:22:09.153+0000] {processor.py:743} INFO - Processing file /home/airflow/.local/lib/python3.7/site-packages/airflow/example_dags/example_bash_operator.py for tasks to queue
[2025-02-08T22:22:09.156+0000] {logging_mixin.py:137} INFO - [2025-02-08T22:22:09.155+0000] {dagbag.py:538} INFO - Filling up the DagBag from /home/airflow/.local/lib/python3.7/site-packages/airflow/example_dags/example_bash_operator.py
[2025-02-08T22:22:09.199+0000] {processor.py:753} INFO - DAG(s) dict_keys(['example_bash_operator']) retrieved from /home/airflow/.local/lib/python3.7/site-packages/airflow/example_dags/example_bash_operator.py
[2025-02-08T22:22:09.278+0000] {logging_mixin.py:137} INFO - [2025-02-08T22:22:09.278+0000] {dag.py:2690} INFO - Sync 1 DAGs
[2025-02-08T22:22:09.358+0000] {logging_mixin.py:137} INFO - [2025-02-08T22:22:09.357+0000] {dag.py:3441} INFO - Setting next_dagrun for example_bash_operator to 2025-02-07T00:00:00+00:00, run_after=2025-02-08T00:00:00+00:00
[2025-02-08T22:22:09.411+0000] {processor.py:175} INFO - Processing /home/airflow/.local/lib/python3.7/site-packages/airflow/example_dags/example_bash_operator.py took 0.266 seconds
[2025-02-08T22:22:40.404+0000] {processor.py:153} INFO - Started process (PID=2582) to work on /home/airflow/.local/lib/python3.7/site-packages/airflow/example_dags/example_bash_operator.py
[2025-02-08T22:22:40.406+0000] {processor.py:743} INFO - Processing file /home/airflow/.local/lib/python3.7/site-packages/airflow/example_dags/example_bash_operator.py for tasks to queue
[2025-02-08T22:22:40.407+0000] {logging_mixin.py:137} INFO - [2025-02-08T22:22:40.406+0000] {dagbag.py:538} INFO - Filling up the DagBag from /home/airflow/.local/lib/python3.7/site-packages/airflow/example_dags/example_bash_operator.py
[2025-02-08T22:22:40.429+0000] {processor.py:753} INFO - DAG(s) dict_keys(['example_bash_operator']) retrieved from /home/airflow/.local/lib/python3.7/site-packages/airflow/example_dags/example_bash_operator.py
[2025-02-08T22:22:40.471+0000] {logging_mixin.py:137} INFO - [2025-02-08T22:22:40.470+0000] {dag.py:2690} INFO - Sync 1 DAGs
[2025-02-08T22:22:40.499+0000] {logging_mixin.py:137} INFO - [2025-02-08T22:22:40.499+0000] {dag.py:3441} INFO - Setting next_dagrun for example_bash_operator to 2025-02-07T00:00:00+00:00, run_after=2025-02-08T00:00:00+00:00
[2025-02-08T22:22:40.524+0000] {processor.py:175} INFO - Processing /home/airflow/.local/lib/python3.7/site-packages/airflow/example_dags/example_bash_operator.py took 0.124 seconds
[2025-02-08T22:23:11.194+0000] {processor.py:153} INFO - Started process (PID=2669) to work on /home/airflow/.local/lib/python3.7/site-packages/airflow/example_dags/example_bash_operator.py
[2025-02-08T22:23:11.195+0000] {processor.py:743} INFO - Processing file /home/airflow/.local/lib/python3.7/site-packages/airflow/example_dags/example_bash_operator.py for tasks to queue
[2025-02-08T22:23:11.197+0000] {logging_mixin.py:137} INFO - [2025-02-08T22:23:11.196+0000] {dagbag.py:538} INFO - Filling up the DagBag from /home/airflow/.local/lib/python3.7/site-packages/airflow/example_dags/example_bash_operator.py
[2025-02-08T22:23:11.228+0000] {processor.py:753} INFO - DAG(s) dict_keys(['example_bash_operator']) retrieved from /home/airflow/.local/lib/python3.7/site-packages/airflow/example_dags/example_bash_operator.py
[2025-02-08T22:23:11.284+0000] {logging_mixin.py:137} INFO - [2025-02-08T22:23:11.283+0000] {dag.py:2690} INFO - Sync 1 DAGs
[2025-02-08T22:23:11.323+0000] {logging_mixin.py:137} INFO - [2025-02-08T22:23:11.323+0000] {dag.py:3441} INFO - Setting next_dagrun for example_bash_operator to 2025-02-07T00:00:00+00:00, run_after=2025-02-08T00:00:00+00:00
[2025-02-08T22:23:11.351+0000] {processor.py:175} INFO - Processing /home/airflow/.local/lib/python3.7/site-packages/airflow/example_dags/example_bash_operator.py took 0.163 seconds
[2025-02-08T22:23:42.170+0000] {processor.py:153} INFO - Started process (PID=2740) to work on /home/airflow/.local/lib/python3.7/site-packages/airflow/example_dags/example_bash_operator.py
[2025-02-08T22:23:42.171+0000] {processor.py:743} INFO - Processing file /home/airflow/.local/lib/python3.7/site-packages/airflow/example_dags/example_bash_operator.py for tasks to queue
[2025-02-08T22:23:42.173+0000] {logging_mixin.py:137} INFO - [2025-02-08T22:23:42.173+0000] {dagbag.py:538} INFO - Filling up the DagBag from /home/airflow/.local/lib/python3.7/site-packages/airflow/example_dags/example_bash_operator.py
[2025-02-08T22:23:42.209+0000] {processor.py:753} INFO - DAG(s) dict_keys(['example_bash_operator']) retrieved from /home/airflow/.local/lib/python3.7/site-packages/airflow/example_dags/example_bash_operator.py
[2025-02-08T22:23:42.283+0000] {logging_mixin.py:137} INFO - [2025-02-08T22:23:42.283+0000] {dag.py:2690} INFO - Sync 1 DAGs
[2025-02-08T22:23:42.339+0000] {logging_mixin.py:137} INFO - [2025-02-08T22:23:42.338+0000] {dag.py:3441} INFO - Setting next_dagrun for example_bash_operator to 2025-02-07T00:00:00+00:00, run_after=2025-02-08T00:00:00+00:00
[2025-02-08T22:23:42.374+0000] {processor.py:175} INFO - Processing /home/airflow/.local/lib/python3.7/site-packages/airflow/example_dags/example_bash_operator.py took 0.210 seconds
[2025-02-08T22:24:12.563+0000] {processor.py:153} INFO - Started process (PID=2812) to work on /home/airflow/.local/lib/python3.7/site-packages/airflow/example_dags/example_bash_operator.py
[2025-02-08T22:24:12.565+0000] {processor.py:743} INFO - Processing file /home/airflow/.local/lib/python3.7/site-packages/airflow/example_dags/example_bash_operator.py for tasks to queue
[2025-02-08T22:24:12.566+0000] {logging_mixin.py:137} INFO - [2025-02-08T22:24:12.566+0000] {dagbag.py:538} INFO - Filling up the DagBag from /home/airflow/.local/lib/python3.7/site-packages/airflow/example_dags/example_bash_operator.py
[2025-02-08T22:24:12.598+0000] {processor.py:753} INFO - DAG(s) dict_keys(['example_bash_operator']) retrieved from /home/airflow/.local/lib/python3.7/site-packages/airflow/example_dags/example_bash_operator.py
[2025-02-08T22:24:12.651+0000] {logging_mixin.py:137} INFO - [2025-02-08T22:24:12.651+0000] {dag.py:2690} INFO - Sync 1 DAGs
[2025-02-08T22:24:12.687+0000] {logging_mixin.py:137} INFO - [2025-02-08T22:24:12.687+0000] {dag.py:3441} INFO - Setting next_dagrun for example_bash_operator to 2025-02-07T00:00:00+00:00, run_after=2025-02-08T00:00:00+00:00
[2025-02-08T22:24:12.719+0000] {processor.py:175} INFO - Processing /home/airflow/.local/lib/python3.7/site-packages/airflow/example_dags/example_bash_operator.py took 0.160 seconds
[2025-02-08T22:24:43.200+0000] {processor.py:153} INFO - Started process (PID=2891) to work on /home/airflow/.local/lib/python3.7/site-packages/airflow/example_dags/example_bash_operator.py
[2025-02-08T22:24:43.201+0000] {processor.py:743} INFO - Processing file /home/airflow/.local/lib/python3.7/site-packages/airflow/example_dags/example_bash_operator.py for tasks to queue
[2025-02-08T22:24:43.203+0000] {logging_mixin.py:137} INFO - [2025-02-08T22:24:43.202+0000] {dagbag.py:538} INFO - Filling up the DagBag from /home/airflow/.local/lib/python3.7/site-packages/airflow/example_dags/example_bash_operator.py
[2025-02-08T22:24:43.244+0000] {processor.py:753} INFO - DAG(s) dict_keys(['example_bash_operator']) retrieved from /home/airflow/.local/lib/python3.7/site-packages/airflow/example_dags/example_bash_operator.py
[2025-02-08T22:24:43.317+0000] {logging_mixin.py:137} INFO - [2025-02-08T22:24:43.317+0000] {dag.py:2690} INFO - Sync 1 DAGs
[2025-02-08T22:24:43.368+0000] {logging_mixin.py:137} INFO - [2025-02-08T22:24:43.368+0000] {dag.py:3441} INFO - Setting next_dagrun for example_bash_operator to 2025-02-07T00:00:00+00:00, run_after=2025-02-08T00:00:00+00:00
[2025-02-08T22:24:43.407+0000] {processor.py:175} INFO - Processing /home/airflow/.local/lib/python3.7/site-packages/airflow/example_dags/example_bash_operator.py took 0.214 seconds
[2025-02-08T22:25:13.626+0000] {processor.py:153} INFO - Started process (PID=2969) to work on /home/airflow/.local/lib/python3.7/site-packages/airflow/example_dags/example_bash_operator.py
[2025-02-08T22:25:13.628+0000] {processor.py:743} INFO - Processing file /home/airflow/.local/lib/python3.7/site-packages/airflow/example_dags/example_bash_operator.py for tasks to queue
[2025-02-08T22:25:13.629+0000] {logging_mixin.py:137} INFO - [2025-02-08T22:25:13.629+0000] {dagbag.py:538} INFO - Filling up the DagBag from /home/airflow/.local/lib/python3.7/site-packages/airflow/example_dags/example_bash_operator.py
[2025-02-08T22:25:13.656+0000] {processor.py:753} INFO - DAG(s) dict_keys(['example_bash_operator']) retrieved from /home/airflow/.local/lib/python3.7/site-packages/airflow/example_dags/example_bash_operator.py
[2025-02-08T22:25:13.712+0000] {logging_mixin.py:137} INFO - [2025-02-08T22:25:13.712+0000] {dag.py:2690} INFO - Sync 1 DAGs
[2025-02-08T22:25:13.750+0000] {logging_mixin.py:137} INFO - [2025-02-08T22:25:13.749+0000] {dag.py:3441} INFO - Setting next_dagrun for example_bash_operator to 2025-02-07T00:00:00+00:00, run_after=2025-02-08T00:00:00+00:00
[2025-02-08T22:25:13.777+0000] {processor.py:175} INFO - Processing /home/airflow/.local/lib/python3.7/site-packages/airflow/example_dags/example_bash_operator.py took 0.155 seconds
[2025-02-08T22:25:43.970+0000] {processor.py:153} INFO - Started process (PID=3040) to work on /home/airflow/.local/lib/python3.7/site-packages/airflow/example_dags/example_bash_operator.py
[2025-02-08T22:25:43.977+0000] {processor.py:743} INFO - Processing file /home/airflow/.local/lib/python3.7/site-packages/airflow/example_dags/example_bash_operator.py for tasks to queue
[2025-02-08T22:25:43.979+0000] {logging_mixin.py:137} INFO - [2025-02-08T22:25:43.978+0000] {dagbag.py:538} INFO - Filling up the DagBag from /home/airflow/.local/lib/python3.7/site-packages/airflow/example_dags/example_bash_operator.py
[2025-02-08T22:25:44.057+0000] {processor.py:753} INFO - DAG(s) dict_keys(['example_bash_operator']) retrieved from /home/airflow/.local/lib/python3.7/site-packages/airflow/example_dags/example_bash_operator.py
[2025-02-08T22:25:44.208+0000] {logging_mixin.py:137} INFO - [2025-02-08T22:25:44.207+0000] {dag.py:2690} INFO - Sync 1 DAGs
[2025-02-08T22:25:44.289+0000] {logging_mixin.py:137} INFO - [2025-02-08T22:25:44.289+0000] {dag.py:3441} INFO - Setting next_dagrun for example_bash_operator to 2025-02-07T00:00:00+00:00, run_after=2025-02-08T00:00:00+00:00
[2025-02-08T22:25:44.408+0000] {processor.py:175} INFO - Processing /home/airflow/.local/lib/python3.7/site-packages/airflow/example_dags/example_bash_operator.py took 0.445 seconds
[2025-02-08T22:26:15.206+0000] {processor.py:153} INFO - Started process (PID=3112) to work on /home/airflow/.local/lib/python3.7/site-packages/airflow/example_dags/example_bash_operator.py
[2025-02-08T22:26:15.207+0000] {processor.py:743} INFO - Processing file /home/airflow/.local/lib/python3.7/site-packages/airflow/example_dags/example_bash_operator.py for tasks to queue
[2025-02-08T22:26:15.208+0000] {logging_mixin.py:137} INFO - [2025-02-08T22:26:15.208+0000] {dagbag.py:538} INFO - Filling up the DagBag from /home/airflow/.local/lib/python3.7/site-packages/airflow/example_dags/example_bash_operator.py
[2025-02-08T22:26:15.229+0000] {processor.py:753} INFO - DAG(s) dict_keys(['example_bash_operator']) retrieved from /home/airflow/.local/lib/python3.7/site-packages/airflow/example_dags/example_bash_operator.py
[2025-02-08T22:26:15.269+0000] {logging_mixin.py:137} INFO - [2025-02-08T22:26:15.269+0000] {dag.py:2690} INFO - Sync 1 DAGs
[2025-02-08T22:26:15.296+0000] {logging_mixin.py:137} INFO - [2025-02-08T22:26:15.296+0000] {dag.py:3441} INFO - Setting next_dagrun for example_bash_operator to 2025-02-07T00:00:00+00:00, run_after=2025-02-08T00:00:00+00:00
[2025-02-08T22:26:15.324+0000] {processor.py:175} INFO - Processing /home/airflow/.local/lib/python3.7/site-packages/airflow/example_dags/example_bash_operator.py took 0.121 seconds
[2025-02-08T22:26:46.007+0000] {processor.py:153} INFO - Started process (PID=3200) to work on /home/airflow/.local/lib/python3.7/site-packages/airflow/example_dags/example_bash_operator.py
[2025-02-08T22:26:46.009+0000] {processor.py:743} INFO - Processing file /home/airflow/.local/lib/python3.7/site-packages/airflow/example_dags/example_bash_operator.py for tasks to queue
[2025-02-08T22:26:46.010+0000] {logging_mixin.py:137} INFO - [2025-02-08T22:26:46.010+0000] {dagbag.py:538} INFO - Filling up the DagBag from /home/airflow/.local/lib/python3.7/site-packages/airflow/example_dags/example_bash_operator.py
[2025-02-08T22:26:46.029+0000] {processor.py:753} INFO - DAG(s) dict_keys(['example_bash_operator']) retrieved from /home/airflow/.local/lib/python3.7/site-packages/airflow/example_dags/example_bash_operator.py
[2025-02-08T22:26:46.076+0000] {logging_mixin.py:137} INFO - [2025-02-08T22:26:46.076+0000] {dag.py:2690} INFO - Sync 1 DAGs
[2025-02-08T22:26:46.111+0000] {logging_mixin.py:137} INFO - [2025-02-08T22:26:46.111+0000] {dag.py:3441} INFO - Setting next_dagrun for example_bash_operator to 2025-02-07T00:00:00+00:00, run_after=2025-02-08T00:00:00+00:00
[2025-02-08T22:26:46.136+0000] {processor.py:175} INFO - Processing /home/airflow/.local/lib/python3.7/site-packages/airflow/example_dags/example_bash_operator.py took 0.132 seconds
[2025-02-08T22:27:16.931+0000] {processor.py:153} INFO - Started process (PID=3272) to work on /home/airflow/.local/lib/python3.7/site-packages/airflow/example_dags/example_bash_operator.py
[2025-02-08T22:27:16.932+0000] {processor.py:743} INFO - Processing file /home/airflow/.local/lib/python3.7/site-packages/airflow/example_dags/example_bash_operator.py for tasks to queue
[2025-02-08T22:27:16.933+0000] {logging_mixin.py:137} INFO - [2025-02-08T22:27:16.933+0000] {dagbag.py:538} INFO - Filling up the DagBag from /home/airflow/.local/lib/python3.7/site-packages/airflow/example_dags/example_bash_operator.py
[2025-02-08T22:27:16.956+0000] {processor.py:753} INFO - DAG(s) dict_keys(['example_bash_operator']) retrieved from /home/airflow/.local/lib/python3.7/site-packages/airflow/example_dags/example_bash_operator.py
[2025-02-08T22:27:16.996+0000] {logging_mixin.py:137} INFO - [2025-02-08T22:27:16.996+0000] {dag.py:2690} INFO - Sync 1 DAGs
[2025-02-08T22:27:17.023+0000] {logging_mixin.py:137} INFO - [2025-02-08T22:27:17.023+0000] {dag.py:3441} INFO - Setting next_dagrun for example_bash_operator to 2025-02-07T00:00:00+00:00, run_after=2025-02-08T00:00:00+00:00
[2025-02-08T22:27:17.052+0000] {processor.py:175} INFO - Processing /home/airflow/.local/lib/python3.7/site-packages/airflow/example_dags/example_bash_operator.py took 0.124 seconds
[2025-02-08T22:27:47.926+0000] {processor.py:153} INFO - Started process (PID=3360) to work on /home/airflow/.local/lib/python3.7/site-packages/airflow/example_dags/example_bash_operator.py
[2025-02-08T22:27:47.933+0000] {processor.py:743} INFO - Processing file /home/airflow/.local/lib/python3.7/site-packages/airflow/example_dags/example_bash_operator.py for tasks to queue
[2025-02-08T22:27:47.937+0000] {logging_mixin.py:137} INFO - [2025-02-08T22:27:47.936+0000] {dagbag.py:538} INFO - Filling up the DagBag from /home/airflow/.local/lib/python3.7/site-packages/airflow/example_dags/example_bash_operator.py
[2025-02-08T22:27:48.016+0000] {processor.py:753} INFO - DAG(s) dict_keys(['example_bash_operator']) retrieved from /home/airflow/.local/lib/python3.7/site-packages/airflow/example_dags/example_bash_operator.py
[2025-02-08T22:27:48.144+0000] {logging_mixin.py:137} INFO - [2025-02-08T22:27:48.141+0000] {dag.py:2690} INFO - Sync 1 DAGs
[2025-02-08T22:27:48.239+0000] {logging_mixin.py:137} INFO - [2025-02-08T22:27:48.239+0000] {dag.py:3441} INFO - Setting next_dagrun for example_bash_operator to 2025-02-07T00:00:00+00:00, run_after=2025-02-08T00:00:00+00:00
[2025-02-08T22:27:48.308+0000] {processor.py:175} INFO - Processing /home/airflow/.local/lib/python3.7/site-packages/airflow/example_dags/example_bash_operator.py took 0.389 seconds
