[2025-02-08T22:06:02.227+0000] {processor.py:153} INFO - Started process (PID=55) to work on /home/airflow/.local/lib/python3.7/site-packages/airflow/example_dags/example_trigger_controller_dag.py
[2025-02-08T22:06:02.229+0000] {processor.py:743} INFO - Processing file /home/airflow/.local/lib/python3.7/site-packages/airflow/example_dags/example_trigger_controller_dag.py for tasks to queue
[2025-02-08T22:06:02.230+0000] {logging_mixin.py:137} INFO - [2025-02-08T22:06:02.230+0000] {dagbag.py:538} INFO - Filling up the DagBag from /home/airflow/.local/lib/python3.7/site-packages/airflow/example_dags/example_trigger_controller_dag.py
[2025-02-08T22:06:02.254+0000] {processor.py:753} INFO - DAG(s) dict_keys(['example_trigger_controller_dag']) retrieved from /home/airflow/.local/lib/python3.7/site-packages/airflow/example_dags/example_trigger_controller_dag.py
[2025-02-08T22:06:02.301+0000] {logging_mixin.py:137} INFO - [2025-02-08T22:06:02.300+0000] {dag.py:2690} INFO - Sync 1 DAGs
[2025-02-08T22:06:02.342+0000] {logging_mixin.py:137} INFO - [2025-02-08T22:06:02.342+0000] {dag.py:3441} INFO - Setting next_dagrun for example_trigger_controller_dag to 2021-01-01T00:00:00+00:00, run_after=2021-01-01T00:00:00+00:00
[2025-02-08T22:06:02.397+0000] {processor.py:175} INFO - Processing /home/airflow/.local/lib/python3.7/site-packages/airflow/example_dags/example_trigger_controller_dag.py took 0.174 seconds
[2025-02-08T22:06:33.984+0000] {processor.py:153} INFO - Started process (PID=126) to work on /home/airflow/.local/lib/python3.7/site-packages/airflow/example_dags/example_trigger_controller_dag.py
[2025-02-08T22:06:33.986+0000] {processor.py:743} INFO - Processing file /home/airflow/.local/lib/python3.7/site-packages/airflow/example_dags/example_trigger_controller_dag.py for tasks to queue
[2025-02-08T22:06:33.987+0000] {logging_mixin.py:137} INFO - [2025-02-08T22:06:33.986+0000] {dagbag.py:538} INFO - Filling up the DagBag from /home/airflow/.local/lib/python3.7/site-packages/airflow/example_dags/example_trigger_controller_dag.py
[2025-02-08T22:06:34.628+0000] {processor.py:753} INFO - DAG(s) dict_keys(['example_trigger_controller_dag']) retrieved from /home/airflow/.local/lib/python3.7/site-packages/airflow/example_dags/example_trigger_controller_dag.py
[2025-02-08T22:06:34.801+0000] {logging_mixin.py:137} INFO - [2025-02-08T22:06:34.800+0000] {dag.py:2690} INFO - Sync 1 DAGs
[2025-02-08T22:06:34.891+0000] {logging_mixin.py:137} INFO - [2025-02-08T22:06:34.890+0000] {dag.py:3441} INFO - Setting next_dagrun for example_trigger_controller_dag to 2021-01-01T00:00:00+00:00, run_after=2021-01-01T00:00:00+00:00
[2025-02-08T22:06:34.971+0000] {processor.py:175} INFO - Processing /home/airflow/.local/lib/python3.7/site-packages/airflow/example_dags/example_trigger_controller_dag.py took 0.990 seconds
[2025-02-08T22:07:05.783+0000] {processor.py:153} INFO - Started process (PID=197) to work on /home/airflow/.local/lib/python3.7/site-packages/airflow/example_dags/example_trigger_controller_dag.py
[2025-02-08T22:07:05.784+0000] {processor.py:743} INFO - Processing file /home/airflow/.local/lib/python3.7/site-packages/airflow/example_dags/example_trigger_controller_dag.py for tasks to queue
[2025-02-08T22:07:05.785+0000] {logging_mixin.py:137} INFO - [2025-02-08T22:07:05.785+0000] {dagbag.py:538} INFO - Filling up the DagBag from /home/airflow/.local/lib/python3.7/site-packages/airflow/example_dags/example_trigger_controller_dag.py
[2025-02-08T22:07:05.794+0000] {processor.py:753} INFO - DAG(s) dict_keys(['example_trigger_controller_dag']) retrieved from /home/airflow/.local/lib/python3.7/site-packages/airflow/example_dags/example_trigger_controller_dag.py
[2025-02-08T22:07:05.820+0000] {logging_mixin.py:137} INFO - [2025-02-08T22:07:05.820+0000] {dag.py:2690} INFO - Sync 1 DAGs
[2025-02-08T22:07:05.842+0000] {logging_mixin.py:137} INFO - [2025-02-08T22:07:05.842+0000] {dag.py:3441} INFO - Setting next_dagrun for example_trigger_controller_dag to 2021-01-01T00:00:00+00:00, run_after=2021-01-01T00:00:00+00:00
[2025-02-08T22:07:05.868+0000] {processor.py:175} INFO - Processing /home/airflow/.local/lib/python3.7/site-packages/airflow/example_dags/example_trigger_controller_dag.py took 0.088 seconds
[2025-02-08T22:07:36.297+0000] {processor.py:153} INFO - Started process (PID=268) to work on /home/airflow/.local/lib/python3.7/site-packages/airflow/example_dags/example_trigger_controller_dag.py
[2025-02-08T22:07:36.298+0000] {processor.py:743} INFO - Processing file /home/airflow/.local/lib/python3.7/site-packages/airflow/example_dags/example_trigger_controller_dag.py for tasks to queue
[2025-02-08T22:07:36.299+0000] {logging_mixin.py:137} INFO - [2025-02-08T22:07:36.299+0000] {dagbag.py:538} INFO - Filling up the DagBag from /home/airflow/.local/lib/python3.7/site-packages/airflow/example_dags/example_trigger_controller_dag.py
[2025-02-08T22:07:36.310+0000] {processor.py:753} INFO - DAG(s) dict_keys(['example_trigger_controller_dag']) retrieved from /home/airflow/.local/lib/python3.7/site-packages/airflow/example_dags/example_trigger_controller_dag.py
[2025-02-08T22:07:36.337+0000] {logging_mixin.py:137} INFO - [2025-02-08T22:07:36.337+0000] {dag.py:2690} INFO - Sync 1 DAGs
[2025-02-08T22:07:36.365+0000] {logging_mixin.py:137} INFO - [2025-02-08T22:07:36.365+0000] {dag.py:3441} INFO - Setting next_dagrun for example_trigger_controller_dag to 2021-01-01T00:00:00+00:00, run_after=2021-01-01T00:00:00+00:00
[2025-02-08T22:07:36.389+0000] {processor.py:175} INFO - Processing /home/airflow/.local/lib/python3.7/site-packages/airflow/example_dags/example_trigger_controller_dag.py took 0.095 seconds
[2025-02-08T22:08:06.979+0000] {processor.py:153} INFO - Started process (PID=355) to work on /home/airflow/.local/lib/python3.7/site-packages/airflow/example_dags/example_trigger_controller_dag.py
[2025-02-08T22:08:06.980+0000] {processor.py:743} INFO - Processing file /home/airflow/.local/lib/python3.7/site-packages/airflow/example_dags/example_trigger_controller_dag.py for tasks to queue
[2025-02-08T22:08:06.981+0000] {logging_mixin.py:137} INFO - [2025-02-08T22:08:06.981+0000] {dagbag.py:538} INFO - Filling up the DagBag from /home/airflow/.local/lib/python3.7/site-packages/airflow/example_dags/example_trigger_controller_dag.py
[2025-02-08T22:08:06.991+0000] {processor.py:753} INFO - DAG(s) dict_keys(['example_trigger_controller_dag']) retrieved from /home/airflow/.local/lib/python3.7/site-packages/airflow/example_dags/example_trigger_controller_dag.py
[2025-02-08T22:08:07.017+0000] {logging_mixin.py:137} INFO - [2025-02-08T22:08:07.017+0000] {dag.py:2690} INFO - Sync 1 DAGs
[2025-02-08T22:08:07.040+0000] {logging_mixin.py:137} INFO - [2025-02-08T22:08:07.039+0000] {dag.py:3441} INFO - Setting next_dagrun for example_trigger_controller_dag to 2021-01-01T00:00:00+00:00, run_after=2021-01-01T00:00:00+00:00
[2025-02-08T22:08:07.063+0000] {processor.py:175} INFO - Processing /home/airflow/.local/lib/python3.7/site-packages/airflow/example_dags/example_trigger_controller_dag.py took 0.087 seconds
[2025-02-08T22:08:37.636+0000] {processor.py:153} INFO - Started process (PID=426) to work on /home/airflow/.local/lib/python3.7/site-packages/airflow/example_dags/example_trigger_controller_dag.py
[2025-02-08T22:08:37.638+0000] {processor.py:743} INFO - Processing file /home/airflow/.local/lib/python3.7/site-packages/airflow/example_dags/example_trigger_controller_dag.py for tasks to queue
[2025-02-08T22:08:37.639+0000] {logging_mixin.py:137} INFO - [2025-02-08T22:08:37.638+0000] {dagbag.py:538} INFO - Filling up the DagBag from /home/airflow/.local/lib/python3.7/site-packages/airflow/example_dags/example_trigger_controller_dag.py
[2025-02-08T22:08:37.661+0000] {processor.py:753} INFO - DAG(s) dict_keys(['example_trigger_controller_dag']) retrieved from /home/airflow/.local/lib/python3.7/site-packages/airflow/example_dags/example_trigger_controller_dag.py
[2025-02-08T22:08:37.705+0000] {logging_mixin.py:137} INFO - [2025-02-08T22:08:37.705+0000] {dag.py:2690} INFO - Sync 1 DAGs
[2025-02-08T22:08:37.748+0000] {logging_mixin.py:137} INFO - [2025-02-08T22:08:37.748+0000] {dag.py:3441} INFO - Setting next_dagrun for example_trigger_controller_dag to 2021-01-01T00:00:00+00:00, run_after=2021-01-01T00:00:00+00:00
[2025-02-08T22:08:37.781+0000] {processor.py:175} INFO - Processing /home/airflow/.local/lib/python3.7/site-packages/airflow/example_dags/example_trigger_controller_dag.py took 0.151 seconds
[2025-02-08T22:09:07.823+0000] {processor.py:153} INFO - Started process (PID=496) to work on /home/airflow/.local/lib/python3.7/site-packages/airflow/example_dags/example_trigger_controller_dag.py
[2025-02-08T22:09:07.824+0000] {processor.py:743} INFO - Processing file /home/airflow/.local/lib/python3.7/site-packages/airflow/example_dags/example_trigger_controller_dag.py for tasks to queue
[2025-02-08T22:09:07.825+0000] {logging_mixin.py:137} INFO - [2025-02-08T22:09:07.825+0000] {dagbag.py:538} INFO - Filling up the DagBag from /home/airflow/.local/lib/python3.7/site-packages/airflow/example_dags/example_trigger_controller_dag.py
[2025-02-08T22:09:07.834+0000] {processor.py:753} INFO - DAG(s) dict_keys(['example_trigger_controller_dag']) retrieved from /home/airflow/.local/lib/python3.7/site-packages/airflow/example_dags/example_trigger_controller_dag.py
[2025-02-08T22:09:07.858+0000] {logging_mixin.py:137} INFO - [2025-02-08T22:09:07.858+0000] {dag.py:2690} INFO - Sync 1 DAGs
[2025-02-08T22:09:07.879+0000] {logging_mixin.py:137} INFO - [2025-02-08T22:09:07.879+0000] {dag.py:3441} INFO - Setting next_dagrun for example_trigger_controller_dag to 2021-01-01T00:00:00+00:00, run_after=2021-01-01T00:00:00+00:00
[2025-02-08T22:09:07.901+0000] {processor.py:175} INFO - Processing /home/airflow/.local/lib/python3.7/site-packages/airflow/example_dags/example_trigger_controller_dag.py took 0.081 seconds
[2025-02-08T22:09:38.127+0000] {processor.py:153} INFO - Started process (PID=583) to work on /home/airflow/.local/lib/python3.7/site-packages/airflow/example_dags/example_trigger_controller_dag.py
[2025-02-08T22:09:38.128+0000] {processor.py:743} INFO - Processing file /home/airflow/.local/lib/python3.7/site-packages/airflow/example_dags/example_trigger_controller_dag.py for tasks to queue
[2025-02-08T22:09:38.130+0000] {logging_mixin.py:137} INFO - [2025-02-08T22:09:38.129+0000] {dagbag.py:538} INFO - Filling up the DagBag from /home/airflow/.local/lib/python3.7/site-packages/airflow/example_dags/example_trigger_controller_dag.py
[2025-02-08T22:09:38.148+0000] {processor.py:753} INFO - DAG(s) dict_keys(['example_trigger_controller_dag']) retrieved from /home/airflow/.local/lib/python3.7/site-packages/airflow/example_dags/example_trigger_controller_dag.py
[2025-02-08T22:09:38.188+0000] {logging_mixin.py:137} INFO - [2025-02-08T22:09:38.188+0000] {dag.py:2690} INFO - Sync 1 DAGs
[2025-02-08T22:09:38.251+0000] {logging_mixin.py:137} INFO - [2025-02-08T22:09:38.251+0000] {dag.py:3441} INFO - Setting next_dagrun for example_trigger_controller_dag to 2021-01-01T00:00:00+00:00, run_after=2021-01-01T00:00:00+00:00
[2025-02-08T22:09:38.284+0000] {processor.py:175} INFO - Processing /home/airflow/.local/lib/python3.7/site-packages/airflow/example_dags/example_trigger_controller_dag.py took 0.161 seconds
[2025-02-08T22:10:08.782+0000] {processor.py:153} INFO - Started process (PID=655) to work on /home/airflow/.local/lib/python3.7/site-packages/airflow/example_dags/example_trigger_controller_dag.py
[2025-02-08T22:10:08.784+0000] {processor.py:743} INFO - Processing file /home/airflow/.local/lib/python3.7/site-packages/airflow/example_dags/example_trigger_controller_dag.py for tasks to queue
[2025-02-08T22:10:08.785+0000] {logging_mixin.py:137} INFO - [2025-02-08T22:10:08.785+0000] {dagbag.py:538} INFO - Filling up the DagBag from /home/airflow/.local/lib/python3.7/site-packages/airflow/example_dags/example_trigger_controller_dag.py
[2025-02-08T22:10:08.799+0000] {processor.py:753} INFO - DAG(s) dict_keys(['example_trigger_controller_dag']) retrieved from /home/airflow/.local/lib/python3.7/site-packages/airflow/example_dags/example_trigger_controller_dag.py
[2025-02-08T22:10:08.825+0000] {logging_mixin.py:137} INFO - [2025-02-08T22:10:08.825+0000] {dag.py:2690} INFO - Sync 1 DAGs
[2025-02-08T22:10:08.855+0000] {logging_mixin.py:137} INFO - [2025-02-08T22:10:08.855+0000] {dag.py:3441} INFO - Setting next_dagrun for example_trigger_controller_dag to 2021-01-01T00:00:00+00:00, run_after=2021-01-01T00:00:00+00:00
[2025-02-08T22:10:08.880+0000] {processor.py:175} INFO - Processing /home/airflow/.local/lib/python3.7/site-packages/airflow/example_dags/example_trigger_controller_dag.py took 0.102 seconds
[2025-02-08T22:10:39.597+0000] {processor.py:153} INFO - Started process (PID=742) to work on /home/airflow/.local/lib/python3.7/site-packages/airflow/example_dags/example_trigger_controller_dag.py
[2025-02-08T22:10:39.600+0000] {processor.py:743} INFO - Processing file /home/airflow/.local/lib/python3.7/site-packages/airflow/example_dags/example_trigger_controller_dag.py for tasks to queue
[2025-02-08T22:10:39.604+0000] {logging_mixin.py:137} INFO - [2025-02-08T22:10:39.604+0000] {dagbag.py:538} INFO - Filling up the DagBag from /home/airflow/.local/lib/python3.7/site-packages/airflow/example_dags/example_trigger_controller_dag.py
[2025-02-08T22:10:39.627+0000] {processor.py:753} INFO - DAG(s) dict_keys(['example_trigger_controller_dag']) retrieved from /home/airflow/.local/lib/python3.7/site-packages/airflow/example_dags/example_trigger_controller_dag.py
[2025-02-08T22:10:39.683+0000] {logging_mixin.py:137} INFO - [2025-02-08T22:10:39.683+0000] {dag.py:2690} INFO - Sync 1 DAGs
[2025-02-08T22:10:39.715+0000] {logging_mixin.py:137} INFO - [2025-02-08T22:10:39.715+0000] {dag.py:3441} INFO - Setting next_dagrun for example_trigger_controller_dag to 2021-01-01T00:00:00+00:00, run_after=2021-01-01T00:00:00+00:00
[2025-02-08T22:10:39.746+0000] {processor.py:175} INFO - Processing /home/airflow/.local/lib/python3.7/site-packages/airflow/example_dags/example_trigger_controller_dag.py took 0.158 seconds
[2025-02-08T22:11:09.791+0000] {processor.py:153} INFO - Started process (PID=812) to work on /home/airflow/.local/lib/python3.7/site-packages/airflow/example_dags/example_trigger_controller_dag.py
[2025-02-08T22:11:09.792+0000] {processor.py:743} INFO - Processing file /home/airflow/.local/lib/python3.7/site-packages/airflow/example_dags/example_trigger_controller_dag.py for tasks to queue
[2025-02-08T22:11:09.793+0000] {logging_mixin.py:137} INFO - [2025-02-08T22:11:09.793+0000] {dagbag.py:538} INFO - Filling up the DagBag from /home/airflow/.local/lib/python3.7/site-packages/airflow/example_dags/example_trigger_controller_dag.py
[2025-02-08T22:11:09.811+0000] {processor.py:753} INFO - DAG(s) dict_keys(['example_trigger_controller_dag']) retrieved from /home/airflow/.local/lib/python3.7/site-packages/airflow/example_dags/example_trigger_controller_dag.py
[2025-02-08T22:11:09.852+0000] {logging_mixin.py:137} INFO - [2025-02-08T22:11:09.852+0000] {dag.py:2690} INFO - Sync 1 DAGs
[2025-02-08T22:11:09.909+0000] {logging_mixin.py:137} INFO - [2025-02-08T22:11:09.909+0000] {dag.py:3441} INFO - Setting next_dagrun for example_trigger_controller_dag to 2021-01-01T00:00:00+00:00, run_after=2021-01-01T00:00:00+00:00
[2025-02-08T22:11:09.963+0000] {processor.py:175} INFO - Processing /home/airflow/.local/lib/python3.7/site-packages/airflow/example_dags/example_trigger_controller_dag.py took 0.176 seconds
[2025-02-08T22:11:40.119+0000] {processor.py:153} INFO - Started process (PID=899) to work on /home/airflow/.local/lib/python3.7/site-packages/airflow/example_dags/example_trigger_controller_dag.py
[2025-02-08T22:11:40.120+0000] {processor.py:743} INFO - Processing file /home/airflow/.local/lib/python3.7/site-packages/airflow/example_dags/example_trigger_controller_dag.py for tasks to queue
[2025-02-08T22:11:40.121+0000] {logging_mixin.py:137} INFO - [2025-02-08T22:11:40.121+0000] {dagbag.py:538} INFO - Filling up the DagBag from /home/airflow/.local/lib/python3.7/site-packages/airflow/example_dags/example_trigger_controller_dag.py
[2025-02-08T22:11:40.132+0000] {processor.py:753} INFO - DAG(s) dict_keys(['example_trigger_controller_dag']) retrieved from /home/airflow/.local/lib/python3.7/site-packages/airflow/example_dags/example_trigger_controller_dag.py
[2025-02-08T22:11:40.158+0000] {logging_mixin.py:137} INFO - [2025-02-08T22:11:40.157+0000] {dag.py:2690} INFO - Sync 1 DAGs
[2025-02-08T22:11:40.182+0000] {logging_mixin.py:137} INFO - [2025-02-08T22:11:40.182+0000] {dag.py:3441} INFO - Setting next_dagrun for example_trigger_controller_dag to 2021-01-01T00:00:00+00:00, run_after=2021-01-01T00:00:00+00:00
[2025-02-08T22:11:40.207+0000] {processor.py:175} INFO - Processing /home/airflow/.local/lib/python3.7/site-packages/airflow/example_dags/example_trigger_controller_dag.py took 0.091 seconds
[2025-02-08T22:12:10.279+0000] {processor.py:153} INFO - Started process (PID=970) to work on /home/airflow/.local/lib/python3.7/site-packages/airflow/example_dags/example_trigger_controller_dag.py
[2025-02-08T22:12:10.281+0000] {processor.py:743} INFO - Processing file /home/airflow/.local/lib/python3.7/site-packages/airflow/example_dags/example_trigger_controller_dag.py for tasks to queue
[2025-02-08T22:12:10.282+0000] {logging_mixin.py:137} INFO - [2025-02-08T22:12:10.281+0000] {dagbag.py:538} INFO - Filling up the DagBag from /home/airflow/.local/lib/python3.7/site-packages/airflow/example_dags/example_trigger_controller_dag.py
[2025-02-08T22:12:10.292+0000] {processor.py:753} INFO - DAG(s) dict_keys(['example_trigger_controller_dag']) retrieved from /home/airflow/.local/lib/python3.7/site-packages/airflow/example_dags/example_trigger_controller_dag.py
[2025-02-08T22:12:10.321+0000] {logging_mixin.py:137} INFO - [2025-02-08T22:12:10.321+0000] {dag.py:2690} INFO - Sync 1 DAGs
[2025-02-08T22:12:10.346+0000] {logging_mixin.py:137} INFO - [2025-02-08T22:12:10.346+0000] {dag.py:3441} INFO - Setting next_dagrun for example_trigger_controller_dag to 2021-01-01T00:00:00+00:00, run_after=2021-01-01T00:00:00+00:00
[2025-02-08T22:12:10.369+0000] {processor.py:175} INFO - Processing /home/airflow/.local/lib/python3.7/site-packages/airflow/example_dags/example_trigger_controller_dag.py took 0.093 seconds
[2025-02-08T22:12:41.043+0000] {processor.py:153} INFO - Started process (PID=1059) to work on /home/airflow/.local/lib/python3.7/site-packages/airflow/example_dags/example_trigger_controller_dag.py
[2025-02-08T22:12:41.044+0000] {processor.py:743} INFO - Processing file /home/airflow/.local/lib/python3.7/site-packages/airflow/example_dags/example_trigger_controller_dag.py for tasks to queue
[2025-02-08T22:12:41.044+0000] {logging_mixin.py:137} INFO - [2025-02-08T22:12:41.044+0000] {dagbag.py:538} INFO - Filling up the DagBag from /home/airflow/.local/lib/python3.7/site-packages/airflow/example_dags/example_trigger_controller_dag.py
[2025-02-08T22:12:41.058+0000] {processor.py:753} INFO - DAG(s) dict_keys(['example_trigger_controller_dag']) retrieved from /home/airflow/.local/lib/python3.7/site-packages/airflow/example_dags/example_trigger_controller_dag.py
[2025-02-08T22:12:41.088+0000] {logging_mixin.py:137} INFO - [2025-02-08T22:12:41.087+0000] {dag.py:2690} INFO - Sync 1 DAGs
[2025-02-08T22:12:41.117+0000] {logging_mixin.py:137} INFO - [2025-02-08T22:12:41.117+0000] {dag.py:3441} INFO - Setting next_dagrun for example_trigger_controller_dag to 2021-01-01T00:00:00+00:00, run_after=2021-01-01T00:00:00+00:00
[2025-02-08T22:12:41.146+0000] {processor.py:175} INFO - Processing /home/airflow/.local/lib/python3.7/site-packages/airflow/example_dags/example_trigger_controller_dag.py took 0.108 seconds
[2025-02-08T22:13:11.284+0000] {processor.py:153} INFO - Started process (PID=1130) to work on /home/airflow/.local/lib/python3.7/site-packages/airflow/example_dags/example_trigger_controller_dag.py
[2025-02-08T22:13:11.286+0000] {processor.py:743} INFO - Processing file /home/airflow/.local/lib/python3.7/site-packages/airflow/example_dags/example_trigger_controller_dag.py for tasks to queue
[2025-02-08T22:13:11.287+0000] {logging_mixin.py:137} INFO - [2025-02-08T22:13:11.287+0000] {dagbag.py:538} INFO - Filling up the DagBag from /home/airflow/.local/lib/python3.7/site-packages/airflow/example_dags/example_trigger_controller_dag.py
[2025-02-08T22:13:11.304+0000] {processor.py:753} INFO - DAG(s) dict_keys(['example_trigger_controller_dag']) retrieved from /home/airflow/.local/lib/python3.7/site-packages/airflow/example_dags/example_trigger_controller_dag.py
[2025-02-08T22:13:11.347+0000] {logging_mixin.py:137} INFO - [2025-02-08T22:13:11.346+0000] {dag.py:2690} INFO - Sync 1 DAGs
[2025-02-08T22:13:11.389+0000] {logging_mixin.py:137} INFO - [2025-02-08T22:13:11.389+0000] {dag.py:3441} INFO - Setting next_dagrun for example_trigger_controller_dag to 2021-01-01T00:00:00+00:00, run_after=2021-01-01T00:00:00+00:00
[2025-02-08T22:13:11.420+0000] {processor.py:175} INFO - Processing /home/airflow/.local/lib/python3.7/site-packages/airflow/example_dags/example_trigger_controller_dag.py took 0.140 seconds
[2025-02-08T22:13:42.253+0000] {processor.py:153} INFO - Started process (PID=1217) to work on /home/airflow/.local/lib/python3.7/site-packages/airflow/example_dags/example_trigger_controller_dag.py
[2025-02-08T22:13:42.254+0000] {processor.py:743} INFO - Processing file /home/airflow/.local/lib/python3.7/site-packages/airflow/example_dags/example_trigger_controller_dag.py for tasks to queue
[2025-02-08T22:13:42.255+0000] {logging_mixin.py:137} INFO - [2025-02-08T22:13:42.254+0000] {dagbag.py:538} INFO - Filling up the DagBag from /home/airflow/.local/lib/python3.7/site-packages/airflow/example_dags/example_trigger_controller_dag.py
[2025-02-08T22:13:42.265+0000] {processor.py:753} INFO - DAG(s) dict_keys(['example_trigger_controller_dag']) retrieved from /home/airflow/.local/lib/python3.7/site-packages/airflow/example_dags/example_trigger_controller_dag.py
[2025-02-08T22:13:42.299+0000] {logging_mixin.py:137} INFO - [2025-02-08T22:13:42.299+0000] {dag.py:2690} INFO - Sync 1 DAGs
[2025-02-08T22:13:42.328+0000] {logging_mixin.py:137} INFO - [2025-02-08T22:13:42.328+0000] {dag.py:3441} INFO - Setting next_dagrun for example_trigger_controller_dag to 2021-01-01T00:00:00+00:00, run_after=2021-01-01T00:00:00+00:00
[2025-02-08T22:13:42.351+0000] {processor.py:175} INFO - Processing /home/airflow/.local/lib/python3.7/site-packages/airflow/example_dags/example_trigger_controller_dag.py took 0.101 seconds
[2025-02-08T22:14:12.718+0000] {processor.py:153} INFO - Started process (PID=1288) to work on /home/airflow/.local/lib/python3.7/site-packages/airflow/example_dags/example_trigger_controller_dag.py
[2025-02-08T22:14:12.719+0000] {processor.py:743} INFO - Processing file /home/airflow/.local/lib/python3.7/site-packages/airflow/example_dags/example_trigger_controller_dag.py for tasks to queue
[2025-02-08T22:14:12.720+0000] {logging_mixin.py:137} INFO - [2025-02-08T22:14:12.719+0000] {dagbag.py:538} INFO - Filling up the DagBag from /home/airflow/.local/lib/python3.7/site-packages/airflow/example_dags/example_trigger_controller_dag.py
[2025-02-08T22:14:12.732+0000] {processor.py:753} INFO - DAG(s) dict_keys(['example_trigger_controller_dag']) retrieved from /home/airflow/.local/lib/python3.7/site-packages/airflow/example_dags/example_trigger_controller_dag.py
[2025-02-08T22:14:12.769+0000] {logging_mixin.py:137} INFO - [2025-02-08T22:14:12.768+0000] {dag.py:2690} INFO - Sync 1 DAGs
[2025-02-08T22:14:12.798+0000] {logging_mixin.py:137} INFO - [2025-02-08T22:14:12.798+0000] {dag.py:3441} INFO - Setting next_dagrun for example_trigger_controller_dag to 2021-01-01T00:00:00+00:00, run_after=2021-01-01T00:00:00+00:00
[2025-02-08T22:14:12.825+0000] {processor.py:175} INFO - Processing /home/airflow/.local/lib/python3.7/site-packages/airflow/example_dags/example_trigger_controller_dag.py took 0.111 seconds
[2025-02-08T22:14:43.062+0000] {processor.py:153} INFO - Started process (PID=1359) to work on /home/airflow/.local/lib/python3.7/site-packages/airflow/example_dags/example_trigger_controller_dag.py
[2025-02-08T22:14:43.065+0000] {processor.py:743} INFO - Processing file /home/airflow/.local/lib/python3.7/site-packages/airflow/example_dags/example_trigger_controller_dag.py for tasks to queue
[2025-02-08T22:14:43.067+0000] {logging_mixin.py:137} INFO - [2025-02-08T22:14:43.066+0000] {dagbag.py:538} INFO - Filling up the DagBag from /home/airflow/.local/lib/python3.7/site-packages/airflow/example_dags/example_trigger_controller_dag.py
[2025-02-08T22:14:43.085+0000] {processor.py:753} INFO - DAG(s) dict_keys(['example_trigger_controller_dag']) retrieved from /home/airflow/.local/lib/python3.7/site-packages/airflow/example_dags/example_trigger_controller_dag.py
[2025-02-08T22:14:43.128+0000] {logging_mixin.py:137} INFO - [2025-02-08T22:14:43.128+0000] {dag.py:2690} INFO - Sync 1 DAGs
[2025-02-08T22:14:43.177+0000] {logging_mixin.py:137} INFO - [2025-02-08T22:14:43.176+0000] {dag.py:3441} INFO - Setting next_dagrun for example_trigger_controller_dag to 2021-01-01T00:00:00+00:00, run_after=2021-01-01T00:00:00+00:00
[2025-02-08T22:14:43.225+0000] {processor.py:175} INFO - Processing /home/airflow/.local/lib/python3.7/site-packages/airflow/example_dags/example_trigger_controller_dag.py took 0.168 seconds
[2025-02-08T22:15:13.409+0000] {processor.py:153} INFO - Started process (PID=1430) to work on /home/airflow/.local/lib/python3.7/site-packages/airflow/example_dags/example_trigger_controller_dag.py
[2025-02-08T22:15:13.410+0000] {processor.py:743} INFO - Processing file /home/airflow/.local/lib/python3.7/site-packages/airflow/example_dags/example_trigger_controller_dag.py for tasks to queue
[2025-02-08T22:15:13.411+0000] {logging_mixin.py:137} INFO - [2025-02-08T22:15:13.411+0000] {dagbag.py:538} INFO - Filling up the DagBag from /home/airflow/.local/lib/python3.7/site-packages/airflow/example_dags/example_trigger_controller_dag.py
[2025-02-08T22:15:13.427+0000] {processor.py:753} INFO - DAG(s) dict_keys(['example_trigger_controller_dag']) retrieved from /home/airflow/.local/lib/python3.7/site-packages/airflow/example_dags/example_trigger_controller_dag.py
[2025-02-08T22:15:13.467+0000] {logging_mixin.py:137} INFO - [2025-02-08T22:15:13.467+0000] {dag.py:2690} INFO - Sync 1 DAGs
[2025-02-08T22:15:13.504+0000] {logging_mixin.py:137} INFO - [2025-02-08T22:15:13.504+0000] {dag.py:3441} INFO - Setting next_dagrun for example_trigger_controller_dag to 2021-01-01T00:00:00+00:00, run_after=2021-01-01T00:00:00+00:00
[2025-02-08T22:15:13.534+0000] {processor.py:175} INFO - Processing /home/airflow/.local/lib/python3.7/site-packages/airflow/example_dags/example_trigger_controller_dag.py took 0.130 seconds
[2025-02-08T22:15:43.572+0000] {processor.py:153} INFO - Started process (PID=1516) to work on /home/airflow/.local/lib/python3.7/site-packages/airflow/example_dags/example_trigger_controller_dag.py
[2025-02-08T22:15:43.573+0000] {processor.py:743} INFO - Processing file /home/airflow/.local/lib/python3.7/site-packages/airflow/example_dags/example_trigger_controller_dag.py for tasks to queue
[2025-02-08T22:15:43.574+0000] {logging_mixin.py:137} INFO - [2025-02-08T22:15:43.574+0000] {dagbag.py:538} INFO - Filling up the DagBag from /home/airflow/.local/lib/python3.7/site-packages/airflow/example_dags/example_trigger_controller_dag.py
[2025-02-08T22:15:43.587+0000] {processor.py:753} INFO - DAG(s) dict_keys(['example_trigger_controller_dag']) retrieved from /home/airflow/.local/lib/python3.7/site-packages/airflow/example_dags/example_trigger_controller_dag.py
[2025-02-08T22:15:43.615+0000] {logging_mixin.py:137} INFO - [2025-02-08T22:15:43.615+0000] {dag.py:2690} INFO - Sync 1 DAGs
[2025-02-08T22:15:43.644+0000] {logging_mixin.py:137} INFO - [2025-02-08T22:15:43.644+0000] {dag.py:3441} INFO - Setting next_dagrun for example_trigger_controller_dag to 2021-01-01T00:00:00+00:00, run_after=2021-01-01T00:00:00+00:00
[2025-02-08T22:15:43.667+0000] {processor.py:175} INFO - Processing /home/airflow/.local/lib/python3.7/site-packages/airflow/example_dags/example_trigger_controller_dag.py took 0.098 seconds
[2025-02-08T22:16:14.427+0000] {processor.py:153} INFO - Started process (PID=1588) to work on /home/airflow/.local/lib/python3.7/site-packages/airflow/example_dags/example_trigger_controller_dag.py
[2025-02-08T22:16:14.428+0000] {processor.py:743} INFO - Processing file /home/airflow/.local/lib/python3.7/site-packages/airflow/example_dags/example_trigger_controller_dag.py for tasks to queue
[2025-02-08T22:16:14.429+0000] {logging_mixin.py:137} INFO - [2025-02-08T22:16:14.429+0000] {dagbag.py:538} INFO - Filling up the DagBag from /home/airflow/.local/lib/python3.7/site-packages/airflow/example_dags/example_trigger_controller_dag.py
[2025-02-08T22:16:14.440+0000] {processor.py:753} INFO - DAG(s) dict_keys(['example_trigger_controller_dag']) retrieved from /home/airflow/.local/lib/python3.7/site-packages/airflow/example_dags/example_trigger_controller_dag.py
[2025-02-08T22:16:14.466+0000] {logging_mixin.py:137} INFO - [2025-02-08T22:16:14.466+0000] {dag.py:2690} INFO - Sync 1 DAGs
[2025-02-08T22:16:14.492+0000] {logging_mixin.py:137} INFO - [2025-02-08T22:16:14.491+0000] {dag.py:3441} INFO - Setting next_dagrun for example_trigger_controller_dag to 2021-01-01T00:00:00+00:00, run_after=2021-01-01T00:00:00+00:00
[2025-02-08T22:16:14.513+0000] {processor.py:175} INFO - Processing /home/airflow/.local/lib/python3.7/site-packages/airflow/example_dags/example_trigger_controller_dag.py took 0.089 seconds
[2025-02-08T22:16:45.066+0000] {processor.py:153} INFO - Started process (PID=1675) to work on /home/airflow/.local/lib/python3.7/site-packages/airflow/example_dags/example_trigger_controller_dag.py
[2025-02-08T22:16:45.068+0000] {processor.py:743} INFO - Processing file /home/airflow/.local/lib/python3.7/site-packages/airflow/example_dags/example_trigger_controller_dag.py for tasks to queue
[2025-02-08T22:16:45.070+0000] {logging_mixin.py:137} INFO - [2025-02-08T22:16:45.069+0000] {dagbag.py:538} INFO - Filling up the DagBag from /home/airflow/.local/lib/python3.7/site-packages/airflow/example_dags/example_trigger_controller_dag.py
[2025-02-08T22:16:45.085+0000] {processor.py:753} INFO - DAG(s) dict_keys(['example_trigger_controller_dag']) retrieved from /home/airflow/.local/lib/python3.7/site-packages/airflow/example_dags/example_trigger_controller_dag.py
[2025-02-08T22:16:45.128+0000] {logging_mixin.py:137} INFO - [2025-02-08T22:16:45.127+0000] {dag.py:2690} INFO - Sync 1 DAGs
[2025-02-08T22:16:45.265+0000] {logging_mixin.py:137} INFO - [2025-02-08T22:16:45.265+0000] {dag.py:3441} INFO - Setting next_dagrun for example_trigger_controller_dag to 2021-01-01T00:00:00+00:00, run_after=2021-01-01T00:00:00+00:00
[2025-02-08T22:16:45.318+0000] {processor.py:175} INFO - Processing /home/airflow/.local/lib/python3.7/site-packages/airflow/example_dags/example_trigger_controller_dag.py took 0.257 seconds
[2025-02-08T22:17:15.663+0000] {processor.py:153} INFO - Started process (PID=1746) to work on /home/airflow/.local/lib/python3.7/site-packages/airflow/example_dags/example_trigger_controller_dag.py
[2025-02-08T22:17:15.664+0000] {processor.py:743} INFO - Processing file /home/airflow/.local/lib/python3.7/site-packages/airflow/example_dags/example_trigger_controller_dag.py for tasks to queue
[2025-02-08T22:17:15.665+0000] {logging_mixin.py:137} INFO - [2025-02-08T22:17:15.665+0000] {dagbag.py:538} INFO - Filling up the DagBag from /home/airflow/.local/lib/python3.7/site-packages/airflow/example_dags/example_trigger_controller_dag.py
[2025-02-08T22:17:15.675+0000] {processor.py:753} INFO - DAG(s) dict_keys(['example_trigger_controller_dag']) retrieved from /home/airflow/.local/lib/python3.7/site-packages/airflow/example_dags/example_trigger_controller_dag.py
[2025-02-08T22:17:15.698+0000] {logging_mixin.py:137} INFO - [2025-02-08T22:17:15.698+0000] {dag.py:2690} INFO - Sync 1 DAGs
[2025-02-08T22:17:15.722+0000] {logging_mixin.py:137} INFO - [2025-02-08T22:17:15.722+0000] {dag.py:3441} INFO - Setting next_dagrun for example_trigger_controller_dag to 2021-01-01T00:00:00+00:00, run_after=2021-01-01T00:00:00+00:00
[2025-02-08T22:17:15.743+0000] {processor.py:175} INFO - Processing /home/airflow/.local/lib/python3.7/site-packages/airflow/example_dags/example_trigger_controller_dag.py took 0.083 seconds
[2025-02-08T22:17:45.929+0000] {processor.py:153} INFO - Started process (PID=1824) to work on /home/airflow/.local/lib/python3.7/site-packages/airflow/example_dags/example_trigger_controller_dag.py
[2025-02-08T22:17:45.931+0000] {processor.py:743} INFO - Processing file /home/airflow/.local/lib/python3.7/site-packages/airflow/example_dags/example_trigger_controller_dag.py for tasks to queue
[2025-02-08T22:17:45.932+0000] {logging_mixin.py:137} INFO - [2025-02-08T22:17:45.931+0000] {dagbag.py:538} INFO - Filling up the DagBag from /home/airflow/.local/lib/python3.7/site-packages/airflow/example_dags/example_trigger_controller_dag.py
[2025-02-08T22:17:45.941+0000] {processor.py:753} INFO - DAG(s) dict_keys(['example_trigger_controller_dag']) retrieved from /home/airflow/.local/lib/python3.7/site-packages/airflow/example_dags/example_trigger_controller_dag.py
[2025-02-08T22:17:45.966+0000] {logging_mixin.py:137} INFO - [2025-02-08T22:17:45.966+0000] {dag.py:2690} INFO - Sync 1 DAGs
[2025-02-08T22:17:45.989+0000] {logging_mixin.py:137} INFO - [2025-02-08T22:17:45.988+0000] {dag.py:3441} INFO - Setting next_dagrun for example_trigger_controller_dag to 2021-01-01T00:00:00+00:00, run_after=2021-01-01T00:00:00+00:00
[2025-02-08T22:17:46.011+0000] {processor.py:175} INFO - Processing /home/airflow/.local/lib/python3.7/site-packages/airflow/example_dags/example_trigger_controller_dag.py took 0.084 seconds
[2025-02-08T22:18:16.476+0000] {processor.py:153} INFO - Started process (PID=1904) to work on /home/airflow/.local/lib/python3.7/site-packages/airflow/example_dags/example_trigger_controller_dag.py
[2025-02-08T22:18:16.477+0000] {processor.py:743} INFO - Processing file /home/airflow/.local/lib/python3.7/site-packages/airflow/example_dags/example_trigger_controller_dag.py for tasks to queue
[2025-02-08T22:18:16.478+0000] {logging_mixin.py:137} INFO - [2025-02-08T22:18:16.478+0000] {dagbag.py:538} INFO - Filling up the DagBag from /home/airflow/.local/lib/python3.7/site-packages/airflow/example_dags/example_trigger_controller_dag.py
[2025-02-08T22:18:16.488+0000] {processor.py:753} INFO - DAG(s) dict_keys(['example_trigger_controller_dag']) retrieved from /home/airflow/.local/lib/python3.7/site-packages/airflow/example_dags/example_trigger_controller_dag.py
[2025-02-08T22:18:16.511+0000] {logging_mixin.py:137} INFO - [2025-02-08T22:18:16.511+0000] {dag.py:2690} INFO - Sync 1 DAGs
[2025-02-08T22:18:16.533+0000] {logging_mixin.py:137} INFO - [2025-02-08T22:18:16.532+0000] {dag.py:3441} INFO - Setting next_dagrun for example_trigger_controller_dag to 2021-01-01T00:00:00+00:00, run_after=2021-01-01T00:00:00+00:00
[2025-02-08T22:18:16.553+0000] {processor.py:175} INFO - Processing /home/airflow/.local/lib/python3.7/site-packages/airflow/example_dags/example_trigger_controller_dag.py took 0.080 seconds
[2025-02-08T22:18:47.417+0000] {processor.py:153} INFO - Started process (PID=1991) to work on /home/airflow/.local/lib/python3.7/site-packages/airflow/example_dags/example_trigger_controller_dag.py
[2025-02-08T22:18:47.418+0000] {processor.py:743} INFO - Processing file /home/airflow/.local/lib/python3.7/site-packages/airflow/example_dags/example_trigger_controller_dag.py for tasks to queue
[2025-02-08T22:18:47.419+0000] {logging_mixin.py:137} INFO - [2025-02-08T22:18:47.418+0000] {dagbag.py:538} INFO - Filling up the DagBag from /home/airflow/.local/lib/python3.7/site-packages/airflow/example_dags/example_trigger_controller_dag.py
[2025-02-08T22:18:47.429+0000] {processor.py:753} INFO - DAG(s) dict_keys(['example_trigger_controller_dag']) retrieved from /home/airflow/.local/lib/python3.7/site-packages/airflow/example_dags/example_trigger_controller_dag.py
[2025-02-08T22:18:47.453+0000] {logging_mixin.py:137} INFO - [2025-02-08T22:18:47.453+0000] {dag.py:2690} INFO - Sync 1 DAGs
[2025-02-08T22:18:47.477+0000] {logging_mixin.py:137} INFO - [2025-02-08T22:18:47.477+0000] {dag.py:3441} INFO - Setting next_dagrun for example_trigger_controller_dag to 2021-01-01T00:00:00+00:00, run_after=2021-01-01T00:00:00+00:00
[2025-02-08T22:18:47.501+0000] {processor.py:175} INFO - Processing /home/airflow/.local/lib/python3.7/site-packages/airflow/example_dags/example_trigger_controller_dag.py took 0.088 seconds
[2025-02-08T22:19:18.553+0000] {processor.py:153} INFO - Started process (PID=2062) to work on /home/airflow/.local/lib/python3.7/site-packages/airflow/example_dags/example_trigger_controller_dag.py
[2025-02-08T22:19:18.554+0000] {processor.py:743} INFO - Processing file /home/airflow/.local/lib/python3.7/site-packages/airflow/example_dags/example_trigger_controller_dag.py for tasks to queue
[2025-02-08T22:19:18.556+0000] {logging_mixin.py:137} INFO - [2025-02-08T22:19:18.555+0000] {dagbag.py:538} INFO - Filling up the DagBag from /home/airflow/.local/lib/python3.7/site-packages/airflow/example_dags/example_trigger_controller_dag.py
[2025-02-08T22:19:18.578+0000] {processor.py:753} INFO - DAG(s) dict_keys(['example_trigger_controller_dag']) retrieved from /home/airflow/.local/lib/python3.7/site-packages/airflow/example_dags/example_trigger_controller_dag.py
[2025-02-08T22:19:18.619+0000] {logging_mixin.py:137} INFO - [2025-02-08T22:19:18.618+0000] {dag.py:2690} INFO - Sync 1 DAGs
[2025-02-08T22:19:18.662+0000] {logging_mixin.py:137} INFO - [2025-02-08T22:19:18.662+0000] {dag.py:3441} INFO - Setting next_dagrun for example_trigger_controller_dag to 2021-01-01T00:00:00+00:00, run_after=2021-01-01T00:00:00+00:00
[2025-02-08T22:19:18.693+0000] {processor.py:175} INFO - Processing /home/airflow/.local/lib/python3.7/site-packages/airflow/example_dags/example_trigger_controller_dag.py took 0.144 seconds
[2025-02-08T22:19:49.201+0000] {processor.py:153} INFO - Started process (PID=2138) to work on /home/airflow/.local/lib/python3.7/site-packages/airflow/example_dags/example_trigger_controller_dag.py
[2025-02-08T22:19:49.202+0000] {processor.py:743} INFO - Processing file /home/airflow/.local/lib/python3.7/site-packages/airflow/example_dags/example_trigger_controller_dag.py for tasks to queue
[2025-02-08T22:19:49.203+0000] {logging_mixin.py:137} INFO - [2025-02-08T22:19:49.202+0000] {dagbag.py:538} INFO - Filling up the DagBag from /home/airflow/.local/lib/python3.7/site-packages/airflow/example_dags/example_trigger_controller_dag.py
[2025-02-08T22:19:49.217+0000] {processor.py:753} INFO - DAG(s) dict_keys(['example_trigger_controller_dag']) retrieved from /home/airflow/.local/lib/python3.7/site-packages/airflow/example_dags/example_trigger_controller_dag.py
[2025-02-08T22:19:49.243+0000] {logging_mixin.py:137} INFO - [2025-02-08T22:19:49.243+0000] {dag.py:2690} INFO - Sync 1 DAGs
[2025-02-08T22:19:49.267+0000] {logging_mixin.py:137} INFO - [2025-02-08T22:19:49.267+0000] {dag.py:3441} INFO - Setting next_dagrun for example_trigger_controller_dag to 2021-01-01T00:00:00+00:00, run_after=2021-01-01T00:00:00+00:00
[2025-02-08T22:19:49.291+0000] {processor.py:175} INFO - Processing /home/airflow/.local/lib/python3.7/site-packages/airflow/example_dags/example_trigger_controller_dag.py took 0.093 seconds
[2025-02-08T22:20:20.154+0000] {processor.py:153} INFO - Started process (PID=2219) to work on /home/airflow/.local/lib/python3.7/site-packages/airflow/example_dags/example_trigger_controller_dag.py
[2025-02-08T22:20:20.155+0000] {processor.py:743} INFO - Processing file /home/airflow/.local/lib/python3.7/site-packages/airflow/example_dags/example_trigger_controller_dag.py for tasks to queue
[2025-02-08T22:20:20.156+0000] {logging_mixin.py:137} INFO - [2025-02-08T22:20:20.156+0000] {dagbag.py:538} INFO - Filling up the DagBag from /home/airflow/.local/lib/python3.7/site-packages/airflow/example_dags/example_trigger_controller_dag.py
[2025-02-08T22:20:20.167+0000] {processor.py:753} INFO - DAG(s) dict_keys(['example_trigger_controller_dag']) retrieved from /home/airflow/.local/lib/python3.7/site-packages/airflow/example_dags/example_trigger_controller_dag.py
[2025-02-08T22:20:20.191+0000] {logging_mixin.py:137} INFO - [2025-02-08T22:20:20.191+0000] {dag.py:2690} INFO - Sync 1 DAGs
[2025-02-08T22:20:20.212+0000] {logging_mixin.py:137} INFO - [2025-02-08T22:20:20.212+0000] {dag.py:3441} INFO - Setting next_dagrun for example_trigger_controller_dag to 2021-01-01T00:00:00+00:00, run_after=2021-01-01T00:00:00+00:00
[2025-02-08T22:20:20.236+0000] {processor.py:175} INFO - Processing /home/airflow/.local/lib/python3.7/site-packages/airflow/example_dags/example_trigger_controller_dag.py took 0.086 seconds
[2025-02-08T22:20:50.400+0000] {processor.py:153} INFO - Started process (PID=2290) to work on /home/airflow/.local/lib/python3.7/site-packages/airflow/example_dags/example_trigger_controller_dag.py
[2025-02-08T22:20:50.401+0000] {processor.py:743} INFO - Processing file /home/airflow/.local/lib/python3.7/site-packages/airflow/example_dags/example_trigger_controller_dag.py for tasks to queue
[2025-02-08T22:20:50.403+0000] {logging_mixin.py:137} INFO - [2025-02-08T22:20:50.402+0000] {dagbag.py:538} INFO - Filling up the DagBag from /home/airflow/.local/lib/python3.7/site-packages/airflow/example_dags/example_trigger_controller_dag.py
[2025-02-08T22:20:50.419+0000] {processor.py:753} INFO - DAG(s) dict_keys(['example_trigger_controller_dag']) retrieved from /home/airflow/.local/lib/python3.7/site-packages/airflow/example_dags/example_trigger_controller_dag.py
[2025-02-08T22:20:50.451+0000] {logging_mixin.py:137} INFO - [2025-02-08T22:20:50.451+0000] {dag.py:2690} INFO - Sync 1 DAGs
[2025-02-08T22:20:50.482+0000] {logging_mixin.py:137} INFO - [2025-02-08T22:20:50.481+0000] {dag.py:3441} INFO - Setting next_dagrun for example_trigger_controller_dag to 2021-01-01T00:00:00+00:00, run_after=2021-01-01T00:00:00+00:00
[2025-02-08T22:20:50.511+0000] {processor.py:175} INFO - Processing /home/airflow/.local/lib/python3.7/site-packages/airflow/example_dags/example_trigger_controller_dag.py took 0.115 seconds
[2025-02-08T22:21:20.735+0000] {processor.py:153} INFO - Started process (PID=2376) to work on /home/airflow/.local/lib/python3.7/site-packages/airflow/example_dags/example_trigger_controller_dag.py
[2025-02-08T22:21:20.736+0000] {processor.py:743} INFO - Processing file /home/airflow/.local/lib/python3.7/site-packages/airflow/example_dags/example_trigger_controller_dag.py for tasks to queue
[2025-02-08T22:21:20.738+0000] {logging_mixin.py:137} INFO - [2025-02-08T22:21:20.738+0000] {dagbag.py:538} INFO - Filling up the DagBag from /home/airflow/.local/lib/python3.7/site-packages/airflow/example_dags/example_trigger_controller_dag.py
[2025-02-08T22:21:20.755+0000] {processor.py:753} INFO - DAG(s) dict_keys(['example_trigger_controller_dag']) retrieved from /home/airflow/.local/lib/python3.7/site-packages/airflow/example_dags/example_trigger_controller_dag.py
[2025-02-08T22:21:20.791+0000] {logging_mixin.py:137} INFO - [2025-02-08T22:21:20.791+0000] {dag.py:2690} INFO - Sync 1 DAGs
[2025-02-08T22:21:20.827+0000] {logging_mixin.py:137} INFO - [2025-02-08T22:21:20.827+0000] {dag.py:3441} INFO - Setting next_dagrun for example_trigger_controller_dag to 2021-01-01T00:00:00+00:00, run_after=2021-01-01T00:00:00+00:00
[2025-02-08T22:21:20.861+0000] {processor.py:175} INFO - Processing /home/airflow/.local/lib/python3.7/site-packages/airflow/example_dags/example_trigger_controller_dag.py took 0.130 seconds
[2025-02-08T22:21:51.322+0000] {processor.py:153} INFO - Started process (PID=2447) to work on /home/airflow/.local/lib/python3.7/site-packages/airflow/example_dags/example_trigger_controller_dag.py
[2025-02-08T22:21:51.324+0000] {processor.py:743} INFO - Processing file /home/airflow/.local/lib/python3.7/site-packages/airflow/example_dags/example_trigger_controller_dag.py for tasks to queue
[2025-02-08T22:21:51.325+0000] {logging_mixin.py:137} INFO - [2025-02-08T22:21:51.325+0000] {dagbag.py:538} INFO - Filling up the DagBag from /home/airflow/.local/lib/python3.7/site-packages/airflow/example_dags/example_trigger_controller_dag.py
[2025-02-08T22:21:51.341+0000] {processor.py:753} INFO - DAG(s) dict_keys(['example_trigger_controller_dag']) retrieved from /home/airflow/.local/lib/python3.7/site-packages/airflow/example_dags/example_trigger_controller_dag.py
[2025-02-08T22:21:51.381+0000] {logging_mixin.py:137} INFO - [2025-02-08T22:21:51.380+0000] {dag.py:2690} INFO - Sync 1 DAGs
[2025-02-08T22:21:51.417+0000] {logging_mixin.py:137} INFO - [2025-02-08T22:21:51.417+0000] {dag.py:3441} INFO - Setting next_dagrun for example_trigger_controller_dag to 2021-01-01T00:00:00+00:00, run_after=2021-01-01T00:00:00+00:00
[2025-02-08T22:21:51.469+0000] {processor.py:175} INFO - Processing /home/airflow/.local/lib/python3.7/site-packages/airflow/example_dags/example_trigger_controller_dag.py took 0.152 seconds
[2025-02-08T22:22:21.995+0000] {processor.py:153} INFO - Started process (PID=2534) to work on /home/airflow/.local/lib/python3.7/site-packages/airflow/example_dags/example_trigger_controller_dag.py
[2025-02-08T22:22:21.997+0000] {processor.py:743} INFO - Processing file /home/airflow/.local/lib/python3.7/site-packages/airflow/example_dags/example_trigger_controller_dag.py for tasks to queue
[2025-02-08T22:22:22.000+0000] {logging_mixin.py:137} INFO - [2025-02-08T22:22:22.000+0000] {dagbag.py:538} INFO - Filling up the DagBag from /home/airflow/.local/lib/python3.7/site-packages/airflow/example_dags/example_trigger_controller_dag.py
[2025-02-08T22:22:22.028+0000] {processor.py:753} INFO - DAG(s) dict_keys(['example_trigger_controller_dag']) retrieved from /home/airflow/.local/lib/python3.7/site-packages/airflow/example_dags/example_trigger_controller_dag.py
[2025-02-08T22:22:22.082+0000] {logging_mixin.py:137} INFO - [2025-02-08T22:22:22.082+0000] {dag.py:2690} INFO - Sync 1 DAGs
[2025-02-08T22:22:22.133+0000] {logging_mixin.py:137} INFO - [2025-02-08T22:22:22.133+0000] {dag.py:3441} INFO - Setting next_dagrun for example_trigger_controller_dag to 2021-01-01T00:00:00+00:00, run_after=2021-01-01T00:00:00+00:00
[2025-02-08T22:22:22.177+0000] {processor.py:175} INFO - Processing /home/airflow/.local/lib/python3.7/site-packages/airflow/example_dags/example_trigger_controller_dag.py took 0.189 seconds
[2025-02-08T22:22:52.913+0000] {processor.py:153} INFO - Started process (PID=2605) to work on /home/airflow/.local/lib/python3.7/site-packages/airflow/example_dags/example_trigger_controller_dag.py
[2025-02-08T22:22:52.914+0000] {processor.py:743} INFO - Processing file /home/airflow/.local/lib/python3.7/site-packages/airflow/example_dags/example_trigger_controller_dag.py for tasks to queue
[2025-02-08T22:22:52.915+0000] {logging_mixin.py:137} INFO - [2025-02-08T22:22:52.915+0000] {dagbag.py:538} INFO - Filling up the DagBag from /home/airflow/.local/lib/python3.7/site-packages/airflow/example_dags/example_trigger_controller_dag.py
[2025-02-08T22:22:52.926+0000] {processor.py:753} INFO - DAG(s) dict_keys(['example_trigger_controller_dag']) retrieved from /home/airflow/.local/lib/python3.7/site-packages/airflow/example_dags/example_trigger_controller_dag.py
[2025-02-08T22:22:52.951+0000] {logging_mixin.py:137} INFO - [2025-02-08T22:22:52.951+0000] {dag.py:2690} INFO - Sync 1 DAGs
[2025-02-08T22:22:52.979+0000] {logging_mixin.py:137} INFO - [2025-02-08T22:22:52.979+0000] {dag.py:3441} INFO - Setting next_dagrun for example_trigger_controller_dag to 2021-01-01T00:00:00+00:00, run_after=2021-01-01T00:00:00+00:00
[2025-02-08T22:22:53.003+0000] {processor.py:175} INFO - Processing /home/airflow/.local/lib/python3.7/site-packages/airflow/example_dags/example_trigger_controller_dag.py took 0.093 seconds
[2025-02-08T22:23:23.729+0000] {processor.py:153} INFO - Started process (PID=2692) to work on /home/airflow/.local/lib/python3.7/site-packages/airflow/example_dags/example_trigger_controller_dag.py
[2025-02-08T22:23:23.730+0000] {processor.py:743} INFO - Processing file /home/airflow/.local/lib/python3.7/site-packages/airflow/example_dags/example_trigger_controller_dag.py for tasks to queue
[2025-02-08T22:23:23.732+0000] {logging_mixin.py:137} INFO - [2025-02-08T22:23:23.731+0000] {dagbag.py:538} INFO - Filling up the DagBag from /home/airflow/.local/lib/python3.7/site-packages/airflow/example_dags/example_trigger_controller_dag.py
[2025-02-08T22:23:23.748+0000] {processor.py:753} INFO - DAG(s) dict_keys(['example_trigger_controller_dag']) retrieved from /home/airflow/.local/lib/python3.7/site-packages/airflow/example_dags/example_trigger_controller_dag.py
[2025-02-08T22:23:23.774+0000] {logging_mixin.py:137} INFO - [2025-02-08T22:23:23.773+0000] {dag.py:2690} INFO - Sync 1 DAGs
[2025-02-08T22:23:23.800+0000] {logging_mixin.py:137} INFO - [2025-02-08T22:23:23.800+0000] {dag.py:3441} INFO - Setting next_dagrun for example_trigger_controller_dag to 2021-01-01T00:00:00+00:00, run_after=2021-01-01T00:00:00+00:00
[2025-02-08T22:23:23.822+0000] {processor.py:175} INFO - Processing /home/airflow/.local/lib/python3.7/site-packages/airflow/example_dags/example_trigger_controller_dag.py took 0.096 seconds
[2025-02-08T22:23:55.049+0000] {processor.py:153} INFO - Started process (PID=2763) to work on /home/airflow/.local/lib/python3.7/site-packages/airflow/example_dags/example_trigger_controller_dag.py
[2025-02-08T22:23:55.052+0000] {processor.py:743} INFO - Processing file /home/airflow/.local/lib/python3.7/site-packages/airflow/example_dags/example_trigger_controller_dag.py for tasks to queue
[2025-02-08T22:23:55.056+0000] {logging_mixin.py:137} INFO - [2025-02-08T22:23:55.056+0000] {dagbag.py:538} INFO - Filling up the DagBag from /home/airflow/.local/lib/python3.7/site-packages/airflow/example_dags/example_trigger_controller_dag.py
[2025-02-08T22:23:55.094+0000] {processor.py:753} INFO - DAG(s) dict_keys(['example_trigger_controller_dag']) retrieved from /home/airflow/.local/lib/python3.7/site-packages/airflow/example_dags/example_trigger_controller_dag.py
[2025-02-08T22:23:55.159+0000] {logging_mixin.py:137} INFO - [2025-02-08T22:23:55.159+0000] {dag.py:2690} INFO - Sync 1 DAGs
[2025-02-08T22:23:55.265+0000] {logging_mixin.py:137} INFO - [2025-02-08T22:23:55.265+0000] {dag.py:3441} INFO - Setting next_dagrun for example_trigger_controller_dag to 2021-01-01T00:00:00+00:00, run_after=2021-01-01T00:00:00+00:00
[2025-02-08T22:23:55.333+0000] {processor.py:175} INFO - Processing /home/airflow/.local/lib/python3.7/site-packages/airflow/example_dags/example_trigger_controller_dag.py took 0.292 seconds
[2025-02-08T22:24:26.030+0000] {processor.py:153} INFO - Started process (PID=2834) to work on /home/airflow/.local/lib/python3.7/site-packages/airflow/example_dags/example_trigger_controller_dag.py
[2025-02-08T22:24:26.031+0000] {processor.py:743} INFO - Processing file /home/airflow/.local/lib/python3.7/site-packages/airflow/example_dags/example_trigger_controller_dag.py for tasks to queue
[2025-02-08T22:24:26.032+0000] {logging_mixin.py:137} INFO - [2025-02-08T22:24:26.032+0000] {dagbag.py:538} INFO - Filling up the DagBag from /home/airflow/.local/lib/python3.7/site-packages/airflow/example_dags/example_trigger_controller_dag.py
[2025-02-08T22:24:26.054+0000] {processor.py:753} INFO - DAG(s) dict_keys(['example_trigger_controller_dag']) retrieved from /home/airflow/.local/lib/python3.7/site-packages/airflow/example_dags/example_trigger_controller_dag.py
[2025-02-08T22:24:26.094+0000] {logging_mixin.py:137} INFO - [2025-02-08T22:24:26.094+0000] {dag.py:2690} INFO - Sync 1 DAGs
[2025-02-08T22:24:26.138+0000] {logging_mixin.py:137} INFO - [2025-02-08T22:24:26.137+0000] {dag.py:3441} INFO - Setting next_dagrun for example_trigger_controller_dag to 2021-01-01T00:00:00+00:00, run_after=2021-01-01T00:00:00+00:00
[2025-02-08T22:24:26.165+0000] {processor.py:175} INFO - Processing /home/airflow/.local/lib/python3.7/site-packages/airflow/example_dags/example_trigger_controller_dag.py took 0.139 seconds
[2025-02-08T22:24:56.900+0000] {processor.py:153} INFO - Started process (PID=2914) to work on /home/airflow/.local/lib/python3.7/site-packages/airflow/example_dags/example_trigger_controller_dag.py
[2025-02-08T22:24:56.901+0000] {processor.py:743} INFO - Processing file /home/airflow/.local/lib/python3.7/site-packages/airflow/example_dags/example_trigger_controller_dag.py for tasks to queue
[2025-02-08T22:24:56.903+0000] {logging_mixin.py:137} INFO - [2025-02-08T22:24:56.902+0000] {dagbag.py:538} INFO - Filling up the DagBag from /home/airflow/.local/lib/python3.7/site-packages/airflow/example_dags/example_trigger_controller_dag.py
[2025-02-08T22:24:56.921+0000] {processor.py:753} INFO - DAG(s) dict_keys(['example_trigger_controller_dag']) retrieved from /home/airflow/.local/lib/python3.7/site-packages/airflow/example_dags/example_trigger_controller_dag.py
[2025-02-08T22:24:56.964+0000] {logging_mixin.py:137} INFO - [2025-02-08T22:24:56.964+0000] {dag.py:2690} INFO - Sync 1 DAGs
[2025-02-08T22:24:57.010+0000] {logging_mixin.py:137} INFO - [2025-02-08T22:24:57.010+0000] {dag.py:3441} INFO - Setting next_dagrun for example_trigger_controller_dag to 2021-01-01T00:00:00+00:00, run_after=2021-01-01T00:00:00+00:00
[2025-02-08T22:24:57.038+0000] {processor.py:175} INFO - Processing /home/airflow/.local/lib/python3.7/site-packages/airflow/example_dags/example_trigger_controller_dag.py took 0.144 seconds
[2025-02-08T22:25:27.146+0000] {processor.py:153} INFO - Started process (PID=2992) to work on /home/airflow/.local/lib/python3.7/site-packages/airflow/example_dags/example_trigger_controller_dag.py
[2025-02-08T22:25:27.148+0000] {processor.py:743} INFO - Processing file /home/airflow/.local/lib/python3.7/site-packages/airflow/example_dags/example_trigger_controller_dag.py for tasks to queue
[2025-02-08T22:25:27.149+0000] {logging_mixin.py:137} INFO - [2025-02-08T22:25:27.149+0000] {dagbag.py:538} INFO - Filling up the DagBag from /home/airflow/.local/lib/python3.7/site-packages/airflow/example_dags/example_trigger_controller_dag.py
[2025-02-08T22:25:27.162+0000] {processor.py:753} INFO - DAG(s) dict_keys(['example_trigger_controller_dag']) retrieved from /home/airflow/.local/lib/python3.7/site-packages/airflow/example_dags/example_trigger_controller_dag.py
[2025-02-08T22:25:27.199+0000] {logging_mixin.py:137} INFO - [2025-02-08T22:25:27.199+0000] {dag.py:2690} INFO - Sync 1 DAGs
[2025-02-08T22:25:27.234+0000] {logging_mixin.py:137} INFO - [2025-02-08T22:25:27.234+0000] {dag.py:3441} INFO - Setting next_dagrun for example_trigger_controller_dag to 2021-01-01T00:00:00+00:00, run_after=2021-01-01T00:00:00+00:00
[2025-02-08T22:25:27.265+0000] {processor.py:175} INFO - Processing /home/airflow/.local/lib/python3.7/site-packages/airflow/example_dags/example_trigger_controller_dag.py took 0.123 seconds
[2025-02-08T22:25:57.881+0000] {processor.py:153} INFO - Started process (PID=3063) to work on /home/airflow/.local/lib/python3.7/site-packages/airflow/example_dags/example_trigger_controller_dag.py
[2025-02-08T22:25:57.882+0000] {processor.py:743} INFO - Processing file /home/airflow/.local/lib/python3.7/site-packages/airflow/example_dags/example_trigger_controller_dag.py for tasks to queue
[2025-02-08T22:25:57.883+0000] {logging_mixin.py:137} INFO - [2025-02-08T22:25:57.883+0000] {dagbag.py:538} INFO - Filling up the DagBag from /home/airflow/.local/lib/python3.7/site-packages/airflow/example_dags/example_trigger_controller_dag.py
[2025-02-08T22:25:57.897+0000] {processor.py:753} INFO - DAG(s) dict_keys(['example_trigger_controller_dag']) retrieved from /home/airflow/.local/lib/python3.7/site-packages/airflow/example_dags/example_trigger_controller_dag.py
[2025-02-08T22:25:57.940+0000] {logging_mixin.py:137} INFO - [2025-02-08T22:25:57.940+0000] {dag.py:2690} INFO - Sync 1 DAGs
[2025-02-08T22:25:57.983+0000] {logging_mixin.py:137} INFO - [2025-02-08T22:25:57.982+0000] {dag.py:3441} INFO - Setting next_dagrun for example_trigger_controller_dag to 2021-01-01T00:00:00+00:00, run_after=2021-01-01T00:00:00+00:00
[2025-02-08T22:25:58.054+0000] {processor.py:175} INFO - Processing /home/airflow/.local/lib/python3.7/site-packages/airflow/example_dags/example_trigger_controller_dag.py took 0.177 seconds
[2025-02-08T22:26:28.736+0000] {processor.py:153} INFO - Started process (PID=3135) to work on /home/airflow/.local/lib/python3.7/site-packages/airflow/example_dags/example_trigger_controller_dag.py
[2025-02-08T22:26:28.738+0000] {processor.py:743} INFO - Processing file /home/airflow/.local/lib/python3.7/site-packages/airflow/example_dags/example_trigger_controller_dag.py for tasks to queue
[2025-02-08T22:26:28.740+0000] {logging_mixin.py:137} INFO - [2025-02-08T22:26:28.739+0000] {dagbag.py:538} INFO - Filling up the DagBag from /home/airflow/.local/lib/python3.7/site-packages/airflow/example_dags/example_trigger_controller_dag.py
[2025-02-08T22:26:28.756+0000] {processor.py:753} INFO - DAG(s) dict_keys(['example_trigger_controller_dag']) retrieved from /home/airflow/.local/lib/python3.7/site-packages/airflow/example_dags/example_trigger_controller_dag.py
[2025-02-08T22:26:28.780+0000] {logging_mixin.py:137} INFO - [2025-02-08T22:26:28.780+0000] {dag.py:2690} INFO - Sync 1 DAGs
[2025-02-08T22:26:28.812+0000] {logging_mixin.py:137} INFO - [2025-02-08T22:26:28.812+0000] {dag.py:3441} INFO - Setting next_dagrun for example_trigger_controller_dag to 2021-01-01T00:00:00+00:00, run_after=2021-01-01T00:00:00+00:00
[2025-02-08T22:26:28.831+0000] {processor.py:175} INFO - Processing /home/airflow/.local/lib/python3.7/site-packages/airflow/example_dags/example_trigger_controller_dag.py took 0.100 seconds
[2025-02-08T22:26:59.563+0000] {processor.py:153} INFO - Started process (PID=3223) to work on /home/airflow/.local/lib/python3.7/site-packages/airflow/example_dags/example_trigger_controller_dag.py
[2025-02-08T22:26:59.564+0000] {processor.py:743} INFO - Processing file /home/airflow/.local/lib/python3.7/site-packages/airflow/example_dags/example_trigger_controller_dag.py for tasks to queue
[2025-02-08T22:26:59.565+0000] {logging_mixin.py:137} INFO - [2025-02-08T22:26:59.565+0000] {dagbag.py:538} INFO - Filling up the DagBag from /home/airflow/.local/lib/python3.7/site-packages/airflow/example_dags/example_trigger_controller_dag.py
[2025-02-08T22:26:59.577+0000] {processor.py:753} INFO - DAG(s) dict_keys(['example_trigger_controller_dag']) retrieved from /home/airflow/.local/lib/python3.7/site-packages/airflow/example_dags/example_trigger_controller_dag.py
[2025-02-08T22:26:59.603+0000] {logging_mixin.py:137} INFO - [2025-02-08T22:26:59.603+0000] {dag.py:2690} INFO - Sync 1 DAGs
[2025-02-08T22:26:59.630+0000] {logging_mixin.py:137} INFO - [2025-02-08T22:26:59.630+0000] {dag.py:3441} INFO - Setting next_dagrun for example_trigger_controller_dag to 2021-01-01T00:00:00+00:00, run_after=2021-01-01T00:00:00+00:00
[2025-02-08T22:26:59.652+0000] {processor.py:175} INFO - Processing /home/airflow/.local/lib/python3.7/site-packages/airflow/example_dags/example_trigger_controller_dag.py took 0.093 seconds
[2025-02-08T22:27:30.489+0000] {processor.py:153} INFO - Started process (PID=3304) to work on /home/airflow/.local/lib/python3.7/site-packages/airflow/example_dags/example_trigger_controller_dag.py
[2025-02-08T22:27:30.490+0000] {processor.py:743} INFO - Processing file /home/airflow/.local/lib/python3.7/site-packages/airflow/example_dags/example_trigger_controller_dag.py for tasks to queue
[2025-02-08T22:27:30.491+0000] {logging_mixin.py:137} INFO - [2025-02-08T22:27:30.491+0000] {dagbag.py:538} INFO - Filling up the DagBag from /home/airflow/.local/lib/python3.7/site-packages/airflow/example_dags/example_trigger_controller_dag.py
[2025-02-08T22:27:30.503+0000] {processor.py:753} INFO - DAG(s) dict_keys(['example_trigger_controller_dag']) retrieved from /home/airflow/.local/lib/python3.7/site-packages/airflow/example_dags/example_trigger_controller_dag.py
[2025-02-08T22:27:30.531+0000] {logging_mixin.py:137} INFO - [2025-02-08T22:27:30.531+0000] {dag.py:2690} INFO - Sync 1 DAGs
[2025-02-08T22:27:30.559+0000] {logging_mixin.py:137} INFO - [2025-02-08T22:27:30.559+0000] {dag.py:3441} INFO - Setting next_dagrun for example_trigger_controller_dag to 2021-01-01T00:00:00+00:00, run_after=2021-01-01T00:00:00+00:00
[2025-02-08T22:27:30.584+0000] {processor.py:175} INFO - Processing /home/airflow/.local/lib/python3.7/site-packages/airflow/example_dags/example_trigger_controller_dag.py took 0.097 seconds
