[2025-02-08T22:06:02.828+0000] {processor.py:153} INFO - Started process (PID=58) to work on /home/airflow/.local/lib/python3.7/site-packages/airflow/example_dags/example_latest_only_with_trigger.py
[2025-02-08T22:06:02.829+0000] {processor.py:743} INFO - Processing file /home/airflow/.local/lib/python3.7/site-packages/airflow/example_dags/example_latest_only_with_trigger.py for tasks to queue
[2025-02-08T22:06:02.831+0000] {logging_mixin.py:137} INFO - [2025-02-08T22:06:02.830+0000] {dagbag.py:538} INFO - Filling up the DagBag from /home/airflow/.local/lib/python3.7/site-packages/airflow/example_dags/example_latest_only_with_trigger.py
[2025-02-08T22:06:02.862+0000] {processor.py:753} INFO - DAG(s) dict_keys(['latest_only_with_trigger']) retrieved from /home/airflow/.local/lib/python3.7/site-packages/airflow/example_dags/example_latest_only_with_trigger.py
[2025-02-08T22:06:02.903+0000] {logging_mixin.py:137} INFO - [2025-02-08T22:06:02.903+0000] {dag.py:2690} INFO - Sync 1 DAGs
[2025-02-08T22:06:02.943+0000] {logging_mixin.py:137} INFO - [2025-02-08T22:06:02.943+0000] {dag.py:3441} INFO - Setting next_dagrun for latest_only_with_trigger to 2025-02-08T18:06:02.942718+00:00, run_after=2025-02-08T22:06:02.942718+00:00
[2025-02-08T22:06:02.972+0000] {processor.py:175} INFO - Processing /home/airflow/.local/lib/python3.7/site-packages/airflow/example_dags/example_latest_only_with_trigger.py took 0.150 seconds
[2025-02-08T22:06:35.466+0000] {processor.py:153} INFO - Started process (PID=129) to work on /home/airflow/.local/lib/python3.7/site-packages/airflow/example_dags/example_latest_only_with_trigger.py
[2025-02-08T22:06:35.469+0000] {processor.py:743} INFO - Processing file /home/airflow/.local/lib/python3.7/site-packages/airflow/example_dags/example_latest_only_with_trigger.py for tasks to queue
[2025-02-08T22:06:35.472+0000] {logging_mixin.py:137} INFO - [2025-02-08T22:06:35.471+0000] {dagbag.py:538} INFO - Filling up the DagBag from /home/airflow/.local/lib/python3.7/site-packages/airflow/example_dags/example_latest_only_with_trigger.py
[2025-02-08T22:06:35.647+0000] {processor.py:753} INFO - DAG(s) dict_keys(['latest_only_with_trigger']) retrieved from /home/airflow/.local/lib/python3.7/site-packages/airflow/example_dags/example_latest_only_with_trigger.py
[2025-02-08T22:06:35.767+0000] {logging_mixin.py:137} INFO - [2025-02-08T22:06:35.767+0000] {dag.py:2690} INFO - Sync 1 DAGs
[2025-02-08T22:06:35.840+0000] {logging_mixin.py:137} INFO - [2025-02-08T22:06:35.839+0000] {dag.py:3441} INFO - Setting next_dagrun for latest_only_with_trigger to 2025-02-08T18:06:35.839334+00:00, run_after=2025-02-08T22:06:35.839334+00:00
[2025-02-08T22:06:36.096+0000] {processor.py:175} INFO - Processing /home/airflow/.local/lib/python3.7/site-packages/airflow/example_dags/example_latest_only_with_trigger.py took 0.639 seconds
[2025-02-08T22:07:07.028+0000] {processor.py:153} INFO - Started process (PID=200) to work on /home/airflow/.local/lib/python3.7/site-packages/airflow/example_dags/example_latest_only_with_trigger.py
[2025-02-08T22:07:07.029+0000] {processor.py:743} INFO - Processing file /home/airflow/.local/lib/python3.7/site-packages/airflow/example_dags/example_latest_only_with_trigger.py for tasks to queue
[2025-02-08T22:07:07.030+0000] {logging_mixin.py:137} INFO - [2025-02-08T22:07:07.030+0000] {dagbag.py:538} INFO - Filling up the DagBag from /home/airflow/.local/lib/python3.7/site-packages/airflow/example_dags/example_latest_only_with_trigger.py
[2025-02-08T22:07:07.043+0000] {processor.py:753} INFO - DAG(s) dict_keys(['latest_only_with_trigger']) retrieved from /home/airflow/.local/lib/python3.7/site-packages/airflow/example_dags/example_latest_only_with_trigger.py
[2025-02-08T22:07:07.068+0000] {logging_mixin.py:137} INFO - [2025-02-08T22:07:07.068+0000] {dag.py:2690} INFO - Sync 1 DAGs
[2025-02-08T22:07:07.091+0000] {logging_mixin.py:137} INFO - [2025-02-08T22:07:07.091+0000] {dag.py:3441} INFO - Setting next_dagrun for latest_only_with_trigger to 2025-02-08T18:07:07.091439+00:00, run_after=2025-02-08T22:07:07.091439+00:00
[2025-02-08T22:07:07.115+0000] {processor.py:175} INFO - Processing /home/airflow/.local/lib/python3.7/site-packages/airflow/example_dags/example_latest_only_with_trigger.py took 0.089 seconds
[2025-02-08T22:07:37.548+0000] {processor.py:153} INFO - Started process (PID=280) to work on /home/airflow/.local/lib/python3.7/site-packages/airflow/example_dags/example_latest_only_with_trigger.py
[2025-02-08T22:07:37.549+0000] {processor.py:743} INFO - Processing file /home/airflow/.local/lib/python3.7/site-packages/airflow/example_dags/example_latest_only_with_trigger.py for tasks to queue
[2025-02-08T22:07:37.550+0000] {logging_mixin.py:137} INFO - [2025-02-08T22:07:37.550+0000] {dagbag.py:538} INFO - Filling up the DagBag from /home/airflow/.local/lib/python3.7/site-packages/airflow/example_dags/example_latest_only_with_trigger.py
[2025-02-08T22:07:37.563+0000] {processor.py:753} INFO - DAG(s) dict_keys(['latest_only_with_trigger']) retrieved from /home/airflow/.local/lib/python3.7/site-packages/airflow/example_dags/example_latest_only_with_trigger.py
[2025-02-08T22:07:37.590+0000] {logging_mixin.py:137} INFO - [2025-02-08T22:07:37.590+0000] {dag.py:2690} INFO - Sync 1 DAGs
[2025-02-08T22:07:37.617+0000] {logging_mixin.py:137} INFO - [2025-02-08T22:07:37.617+0000] {dag.py:3441} INFO - Setting next_dagrun for latest_only_with_trigger to 2025-02-08T18:07:37.617066+00:00, run_after=2025-02-08T22:07:37.617066+00:00
[2025-02-08T22:07:37.647+0000] {processor.py:175} INFO - Processing /home/airflow/.local/lib/python3.7/site-packages/airflow/example_dags/example_latest_only_with_trigger.py took 0.103 seconds
[2025-02-08T22:08:08.219+0000] {processor.py:153} INFO - Started process (PID=358) to work on /home/airflow/.local/lib/python3.7/site-packages/airflow/example_dags/example_latest_only_with_trigger.py
[2025-02-08T22:08:08.220+0000] {processor.py:743} INFO - Processing file /home/airflow/.local/lib/python3.7/site-packages/airflow/example_dags/example_latest_only_with_trigger.py for tasks to queue
[2025-02-08T22:08:08.221+0000] {logging_mixin.py:137} INFO - [2025-02-08T22:08:08.221+0000] {dagbag.py:538} INFO - Filling up the DagBag from /home/airflow/.local/lib/python3.7/site-packages/airflow/example_dags/example_latest_only_with_trigger.py
[2025-02-08T22:08:08.234+0000] {processor.py:753} INFO - DAG(s) dict_keys(['latest_only_with_trigger']) retrieved from /home/airflow/.local/lib/python3.7/site-packages/airflow/example_dags/example_latest_only_with_trigger.py
[2025-02-08T22:08:08.260+0000] {logging_mixin.py:137} INFO - [2025-02-08T22:08:08.260+0000] {dag.py:2690} INFO - Sync 1 DAGs
[2025-02-08T22:08:08.283+0000] {logging_mixin.py:137} INFO - [2025-02-08T22:08:08.282+0000] {dag.py:3441} INFO - Setting next_dagrun for latest_only_with_trigger to 2025-02-08T18:08:08.282746+00:00, run_after=2025-02-08T22:08:08.282746+00:00
[2025-02-08T22:08:08.306+0000] {processor.py:175} INFO - Processing /home/airflow/.local/lib/python3.7/site-packages/airflow/example_dags/example_latest_only_with_trigger.py took 0.089 seconds
[2025-02-08T22:08:39.086+0000] {processor.py:153} INFO - Started process (PID=429) to work on /home/airflow/.local/lib/python3.7/site-packages/airflow/example_dags/example_latest_only_with_trigger.py
[2025-02-08T22:08:39.088+0000] {processor.py:743} INFO - Processing file /home/airflow/.local/lib/python3.7/site-packages/airflow/example_dags/example_latest_only_with_trigger.py for tasks to queue
[2025-02-08T22:08:39.089+0000] {logging_mixin.py:137} INFO - [2025-02-08T22:08:39.089+0000] {dagbag.py:538} INFO - Filling up the DagBag from /home/airflow/.local/lib/python3.7/site-packages/airflow/example_dags/example_latest_only_with_trigger.py
[2025-02-08T22:08:39.114+0000] {processor.py:753} INFO - DAG(s) dict_keys(['latest_only_with_trigger']) retrieved from /home/airflow/.local/lib/python3.7/site-packages/airflow/example_dags/example_latest_only_with_trigger.py
[2025-02-08T22:08:39.154+0000] {logging_mixin.py:137} INFO - [2025-02-08T22:08:39.154+0000] {dag.py:2690} INFO - Sync 1 DAGs
[2025-02-08T22:08:39.210+0000] {logging_mixin.py:137} INFO - [2025-02-08T22:08:39.210+0000] {dag.py:3441} INFO - Setting next_dagrun for latest_only_with_trigger to 2025-02-08T18:08:39.209982+00:00, run_after=2025-02-08T22:08:39.209982+00:00
[2025-02-08T22:08:39.292+0000] {processor.py:175} INFO - Processing /home/airflow/.local/lib/python3.7/site-packages/airflow/example_dags/example_latest_only_with_trigger.py took 0.211 seconds
[2025-02-08T22:09:10.090+0000] {processor.py:153} INFO - Started process (PID=516) to work on /home/airflow/.local/lib/python3.7/site-packages/airflow/example_dags/example_latest_only_with_trigger.py
[2025-02-08T22:09:10.091+0000] {processor.py:743} INFO - Processing file /home/airflow/.local/lib/python3.7/site-packages/airflow/example_dags/example_latest_only_with_trigger.py for tasks to queue
[2025-02-08T22:09:10.092+0000] {logging_mixin.py:137} INFO - [2025-02-08T22:09:10.091+0000] {dagbag.py:538} INFO - Filling up the DagBag from /home/airflow/.local/lib/python3.7/site-packages/airflow/example_dags/example_latest_only_with_trigger.py
[2025-02-08T22:09:10.106+0000] {processor.py:753} INFO - DAG(s) dict_keys(['latest_only_with_trigger']) retrieved from /home/airflow/.local/lib/python3.7/site-packages/airflow/example_dags/example_latest_only_with_trigger.py
[2025-02-08T22:09:10.134+0000] {logging_mixin.py:137} INFO - [2025-02-08T22:09:10.133+0000] {dag.py:2690} INFO - Sync 1 DAGs
[2025-02-08T22:09:10.171+0000] {logging_mixin.py:137} INFO - [2025-02-08T22:09:10.171+0000] {dag.py:3441} INFO - Setting next_dagrun for latest_only_with_trigger to 2025-02-08T18:09:10.170956+00:00, run_after=2025-02-08T22:09:10.170956+00:00
[2025-02-08T22:09:10.200+0000] {processor.py:175} INFO - Processing /home/airflow/.local/lib/python3.7/site-packages/airflow/example_dags/example_latest_only_with_trigger.py took 0.114 seconds
[2025-02-08T22:09:40.642+0000] {processor.py:153} INFO - Started process (PID=587) to work on /home/airflow/.local/lib/python3.7/site-packages/airflow/example_dags/example_latest_only_with_trigger.py
[2025-02-08T22:09:40.644+0000] {processor.py:743} INFO - Processing file /home/airflow/.local/lib/python3.7/site-packages/airflow/example_dags/example_latest_only_with_trigger.py for tasks to queue
[2025-02-08T22:09:40.646+0000] {logging_mixin.py:137} INFO - [2025-02-08T22:09:40.645+0000] {dagbag.py:538} INFO - Filling up the DagBag from /home/airflow/.local/lib/python3.7/site-packages/airflow/example_dags/example_latest_only_with_trigger.py
[2025-02-08T22:09:40.670+0000] {processor.py:753} INFO - DAG(s) dict_keys(['latest_only_with_trigger']) retrieved from /home/airflow/.local/lib/python3.7/site-packages/airflow/example_dags/example_latest_only_with_trigger.py
[2025-02-08T22:09:40.714+0000] {logging_mixin.py:137} INFO - [2025-02-08T22:09:40.713+0000] {dag.py:2690} INFO - Sync 1 DAGs
[2025-02-08T22:09:40.762+0000] {logging_mixin.py:137} INFO - [2025-02-08T22:09:40.761+0000] {dag.py:3441} INFO - Setting next_dagrun for latest_only_with_trigger to 2025-02-08T18:09:40.761305+00:00, run_after=2025-02-08T22:09:40.761305+00:00
[2025-02-08T22:09:40.902+0000] {processor.py:175} INFO - Processing /home/airflow/.local/lib/python3.7/site-packages/airflow/example_dags/example_latest_only_with_trigger.py took 0.267 seconds
[2025-02-08T22:10:11.075+0000] {processor.py:153} INFO - Started process (PID=667) to work on /home/airflow/.local/lib/python3.7/site-packages/airflow/example_dags/example_latest_only_with_trigger.py
[2025-02-08T22:10:11.076+0000] {processor.py:743} INFO - Processing file /home/airflow/.local/lib/python3.7/site-packages/airflow/example_dags/example_latest_only_with_trigger.py for tasks to queue
[2025-02-08T22:10:11.077+0000] {logging_mixin.py:137} INFO - [2025-02-08T22:10:11.077+0000] {dagbag.py:538} INFO - Filling up the DagBag from /home/airflow/.local/lib/python3.7/site-packages/airflow/example_dags/example_latest_only_with_trigger.py
[2025-02-08T22:10:11.091+0000] {processor.py:753} INFO - DAG(s) dict_keys(['latest_only_with_trigger']) retrieved from /home/airflow/.local/lib/python3.7/site-packages/airflow/example_dags/example_latest_only_with_trigger.py
[2025-02-08T22:10:11.119+0000] {logging_mixin.py:137} INFO - [2025-02-08T22:10:11.119+0000] {dag.py:2690} INFO - Sync 1 DAGs
[2025-02-08T22:10:11.145+0000] {logging_mixin.py:137} INFO - [2025-02-08T22:10:11.144+0000] {dag.py:3441} INFO - Setting next_dagrun for latest_only_with_trigger to 2025-02-08T18:10:11.144605+00:00, run_after=2025-02-08T22:10:11.144605+00:00
[2025-02-08T22:10:11.170+0000] {processor.py:175} INFO - Processing /home/airflow/.local/lib/python3.7/site-packages/airflow/example_dags/example_latest_only_with_trigger.py took 0.100 seconds
[2025-02-08T22:10:41.950+0000] {processor.py:153} INFO - Started process (PID=745) to work on /home/airflow/.local/lib/python3.7/site-packages/airflow/example_dags/example_latest_only_with_trigger.py
[2025-02-08T22:10:41.951+0000] {processor.py:743} INFO - Processing file /home/airflow/.local/lib/python3.7/site-packages/airflow/example_dags/example_latest_only_with_trigger.py for tasks to queue
[2025-02-08T22:10:41.952+0000] {logging_mixin.py:137} INFO - [2025-02-08T22:10:41.952+0000] {dagbag.py:538} INFO - Filling up the DagBag from /home/airflow/.local/lib/python3.7/site-packages/airflow/example_dags/example_latest_only_with_trigger.py
[2025-02-08T22:10:41.967+0000] {processor.py:753} INFO - DAG(s) dict_keys(['latest_only_with_trigger']) retrieved from /home/airflow/.local/lib/python3.7/site-packages/airflow/example_dags/example_latest_only_with_trigger.py
[2025-02-08T22:10:41.995+0000] {logging_mixin.py:137} INFO - [2025-02-08T22:10:41.995+0000] {dag.py:2690} INFO - Sync 1 DAGs
[2025-02-08T22:10:42.019+0000] {logging_mixin.py:137} INFO - [2025-02-08T22:10:42.019+0000] {dag.py:3441} INFO - Setting next_dagrun for latest_only_with_trigger to 2025-02-08T18:10:42.019238+00:00, run_after=2025-02-08T22:10:42.019238+00:00
[2025-02-08T22:10:42.042+0000] {processor.py:175} INFO - Processing /home/airflow/.local/lib/python3.7/site-packages/airflow/example_dags/example_latest_only_with_trigger.py took 0.095 seconds
[2025-02-08T22:11:12.247+0000] {processor.py:153} INFO - Started process (PID=825) to work on /home/airflow/.local/lib/python3.7/site-packages/airflow/example_dags/example_latest_only_with_trigger.py
[2025-02-08T22:11:12.331+0000] {processor.py:743} INFO - Processing file /home/airflow/.local/lib/python3.7/site-packages/airflow/example_dags/example_latest_only_with_trigger.py for tasks to queue
[2025-02-08T22:11:12.346+0000] {logging_mixin.py:137} INFO - [2025-02-08T22:11:12.345+0000] {dagbag.py:538} INFO - Filling up the DagBag from /home/airflow/.local/lib/python3.7/site-packages/airflow/example_dags/example_latest_only_with_trigger.py
[2025-02-08T22:11:12.376+0000] {processor.py:753} INFO - DAG(s) dict_keys(['latest_only_with_trigger']) retrieved from /home/airflow/.local/lib/python3.7/site-packages/airflow/example_dags/example_latest_only_with_trigger.py
[2025-02-08T22:11:12.420+0000] {logging_mixin.py:137} INFO - [2025-02-08T22:11:12.419+0000] {dag.py:2690} INFO - Sync 1 DAGs
[2025-02-08T22:11:12.469+0000] {logging_mixin.py:137} INFO - [2025-02-08T22:11:12.468+0000] {dag.py:3441} INFO - Setting next_dagrun for latest_only_with_trigger to 2025-02-08T18:11:12.468168+00:00, run_after=2025-02-08T22:11:12.468168+00:00
[2025-02-08T22:11:12.514+0000] {processor.py:175} INFO - Processing /home/airflow/.local/lib/python3.7/site-packages/airflow/example_dags/example_latest_only_with_trigger.py took 0.271 seconds
[2025-02-08T22:11:43.397+0000] {processor.py:153} INFO - Started process (PID=903) to work on /home/airflow/.local/lib/python3.7/site-packages/airflow/example_dags/example_latest_only_with_trigger.py
[2025-02-08T22:11:43.398+0000] {processor.py:743} INFO - Processing file /home/airflow/.local/lib/python3.7/site-packages/airflow/example_dags/example_latest_only_with_trigger.py for tasks to queue
[2025-02-08T22:11:43.399+0000] {logging_mixin.py:137} INFO - [2025-02-08T22:11:43.399+0000] {dagbag.py:538} INFO - Filling up the DagBag from /home/airflow/.local/lib/python3.7/site-packages/airflow/example_dags/example_latest_only_with_trigger.py
[2025-02-08T22:11:43.411+0000] {processor.py:753} INFO - DAG(s) dict_keys(['latest_only_with_trigger']) retrieved from /home/airflow/.local/lib/python3.7/site-packages/airflow/example_dags/example_latest_only_with_trigger.py
[2025-02-08T22:11:43.438+0000] {logging_mixin.py:137} INFO - [2025-02-08T22:11:43.438+0000] {dag.py:2690} INFO - Sync 1 DAGs
[2025-02-08T22:11:43.463+0000] {logging_mixin.py:137} INFO - [2025-02-08T22:11:43.463+0000] {dag.py:3441} INFO - Setting next_dagrun for latest_only_with_trigger to 2025-02-08T18:11:43.463165+00:00, run_after=2025-02-08T22:11:43.463165+00:00
[2025-02-08T22:11:43.486+0000] {processor.py:175} INFO - Processing /home/airflow/.local/lib/python3.7/site-packages/airflow/example_dags/example_latest_only_with_trigger.py took 0.092 seconds
[2025-02-08T22:12:13.687+0000] {processor.py:153} INFO - Started process (PID=974) to work on /home/airflow/.local/lib/python3.7/site-packages/airflow/example_dags/example_latest_only_with_trigger.py
[2025-02-08T22:12:13.688+0000] {processor.py:743} INFO - Processing file /home/airflow/.local/lib/python3.7/site-packages/airflow/example_dags/example_latest_only_with_trigger.py for tasks to queue
[2025-02-08T22:12:13.689+0000] {logging_mixin.py:137} INFO - [2025-02-08T22:12:13.689+0000] {dagbag.py:538} INFO - Filling up the DagBag from /home/airflow/.local/lib/python3.7/site-packages/airflow/example_dags/example_latest_only_with_trigger.py
[2025-02-08T22:12:13.704+0000] {processor.py:753} INFO - DAG(s) dict_keys(['latest_only_with_trigger']) retrieved from /home/airflow/.local/lib/python3.7/site-packages/airflow/example_dags/example_latest_only_with_trigger.py
[2025-02-08T22:12:13.733+0000] {logging_mixin.py:137} INFO - [2025-02-08T22:12:13.733+0000] {dag.py:2690} INFO - Sync 1 DAGs
[2025-02-08T22:12:13.764+0000] {logging_mixin.py:137} INFO - [2025-02-08T22:12:13.764+0000] {dag.py:3441} INFO - Setting next_dagrun for latest_only_with_trigger to 2025-02-08T18:12:13.764078+00:00, run_after=2025-02-08T22:12:13.764078+00:00
[2025-02-08T22:12:13.790+0000] {processor.py:175} INFO - Processing /home/airflow/.local/lib/python3.7/site-packages/airflow/example_dags/example_latest_only_with_trigger.py took 0.106 seconds
[2025-02-08T22:12:44.466+0000] {processor.py:153} INFO - Started process (PID=1062) to work on /home/airflow/.local/lib/python3.7/site-packages/airflow/example_dags/example_latest_only_with_trigger.py
[2025-02-08T22:12:44.467+0000] {processor.py:743} INFO - Processing file /home/airflow/.local/lib/python3.7/site-packages/airflow/example_dags/example_latest_only_with_trigger.py for tasks to queue
[2025-02-08T22:12:44.468+0000] {logging_mixin.py:137} INFO - [2025-02-08T22:12:44.468+0000] {dagbag.py:538} INFO - Filling up the DagBag from /home/airflow/.local/lib/python3.7/site-packages/airflow/example_dags/example_latest_only_with_trigger.py
[2025-02-08T22:12:44.481+0000] {processor.py:753} INFO - DAG(s) dict_keys(['latest_only_with_trigger']) retrieved from /home/airflow/.local/lib/python3.7/site-packages/airflow/example_dags/example_latest_only_with_trigger.py
[2025-02-08T22:12:44.510+0000] {logging_mixin.py:137} INFO - [2025-02-08T22:12:44.510+0000] {dag.py:2690} INFO - Sync 1 DAGs
[2025-02-08T22:12:44.533+0000] {logging_mixin.py:137} INFO - [2025-02-08T22:12:44.533+0000] {dag.py:3441} INFO - Setting next_dagrun for latest_only_with_trigger to 2025-02-08T18:12:44.533616+00:00, run_after=2025-02-08T22:12:44.533616+00:00
[2025-02-08T22:12:44.560+0000] {processor.py:175} INFO - Processing /home/airflow/.local/lib/python3.7/site-packages/airflow/example_dags/example_latest_only_with_trigger.py took 0.098 seconds
[2025-02-08T22:13:14.626+0000] {processor.py:153} INFO - Started process (PID=1133) to work on /home/airflow/.local/lib/python3.7/site-packages/airflow/example_dags/example_latest_only_with_trigger.py
[2025-02-08T22:13:14.627+0000] {processor.py:743} INFO - Processing file /home/airflow/.local/lib/python3.7/site-packages/airflow/example_dags/example_latest_only_with_trigger.py for tasks to queue
[2025-02-08T22:13:14.628+0000] {logging_mixin.py:137} INFO - [2025-02-08T22:13:14.628+0000] {dagbag.py:538} INFO - Filling up the DagBag from /home/airflow/.local/lib/python3.7/site-packages/airflow/example_dags/example_latest_only_with_trigger.py
[2025-02-08T22:13:14.644+0000] {processor.py:753} INFO - DAG(s) dict_keys(['latest_only_with_trigger']) retrieved from /home/airflow/.local/lib/python3.7/site-packages/airflow/example_dags/example_latest_only_with_trigger.py
[2025-02-08T22:13:14.674+0000] {logging_mixin.py:137} INFO - [2025-02-08T22:13:14.673+0000] {dag.py:2690} INFO - Sync 1 DAGs
[2025-02-08T22:13:14.701+0000] {logging_mixin.py:137} INFO - [2025-02-08T22:13:14.701+0000] {dag.py:3441} INFO - Setting next_dagrun for latest_only_with_trigger to 2025-02-08T18:13:14.701309+00:00, run_after=2025-02-08T22:13:14.701309+00:00
[2025-02-08T22:13:14.733+0000] {processor.py:175} INFO - Processing /home/airflow/.local/lib/python3.7/site-packages/airflow/example_dags/example_latest_only_with_trigger.py took 0.111 seconds
[2025-02-08T22:13:45.520+0000] {processor.py:153} INFO - Started process (PID=1220) to work on /home/airflow/.local/lib/python3.7/site-packages/airflow/example_dags/example_latest_only_with_trigger.py
[2025-02-08T22:13:45.521+0000] {processor.py:743} INFO - Processing file /home/airflow/.local/lib/python3.7/site-packages/airflow/example_dags/example_latest_only_with_trigger.py for tasks to queue
[2025-02-08T22:13:45.522+0000] {logging_mixin.py:137} INFO - [2025-02-08T22:13:45.522+0000] {dagbag.py:538} INFO - Filling up the DagBag from /home/airflow/.local/lib/python3.7/site-packages/airflow/example_dags/example_latest_only_with_trigger.py
[2025-02-08T22:13:45.535+0000] {processor.py:753} INFO - DAG(s) dict_keys(['latest_only_with_trigger']) retrieved from /home/airflow/.local/lib/python3.7/site-packages/airflow/example_dags/example_latest_only_with_trigger.py
[2025-02-08T22:13:45.561+0000] {logging_mixin.py:137} INFO - [2025-02-08T22:13:45.561+0000] {dag.py:2690} INFO - Sync 1 DAGs
[2025-02-08T22:13:45.584+0000] {logging_mixin.py:137} INFO - [2025-02-08T22:13:45.584+0000] {dag.py:3441} INFO - Setting next_dagrun for latest_only_with_trigger to 2025-02-08T18:13:45.584273+00:00, run_after=2025-02-08T22:13:45.584273+00:00
[2025-02-08T22:13:45.604+0000] {processor.py:175} INFO - Processing /home/airflow/.local/lib/python3.7/site-packages/airflow/example_dags/example_latest_only_with_trigger.py took 0.088 seconds
[2025-02-08T22:14:16.009+0000] {processor.py:153} INFO - Started process (PID=1291) to work on /home/airflow/.local/lib/python3.7/site-packages/airflow/example_dags/example_latest_only_with_trigger.py
[2025-02-08T22:14:16.010+0000] {processor.py:743} INFO - Processing file /home/airflow/.local/lib/python3.7/site-packages/airflow/example_dags/example_latest_only_with_trigger.py for tasks to queue
[2025-02-08T22:14:16.012+0000] {logging_mixin.py:137} INFO - [2025-02-08T22:14:16.011+0000] {dagbag.py:538} INFO - Filling up the DagBag from /home/airflow/.local/lib/python3.7/site-packages/airflow/example_dags/example_latest_only_with_trigger.py
[2025-02-08T22:14:16.027+0000] {processor.py:753} INFO - DAG(s) dict_keys(['latest_only_with_trigger']) retrieved from /home/airflow/.local/lib/python3.7/site-packages/airflow/example_dags/example_latest_only_with_trigger.py
[2025-02-08T22:14:16.056+0000] {logging_mixin.py:137} INFO - [2025-02-08T22:14:16.056+0000] {dag.py:2690} INFO - Sync 1 DAGs
[2025-02-08T22:14:16.085+0000] {logging_mixin.py:137} INFO - [2025-02-08T22:14:16.085+0000] {dag.py:3441} INFO - Setting next_dagrun for latest_only_with_trigger to 2025-02-08T18:14:16.085307+00:00, run_after=2025-02-08T22:14:16.085307+00:00
[2025-02-08T22:14:16.116+0000] {processor.py:175} INFO - Processing /home/airflow/.local/lib/python3.7/site-packages/airflow/example_dags/example_latest_only_with_trigger.py took 0.112 seconds
[2025-02-08T22:14:46.532+0000] {processor.py:153} INFO - Started process (PID=1362) to work on /home/airflow/.local/lib/python3.7/site-packages/airflow/example_dags/example_latest_only_with_trigger.py
[2025-02-08T22:14:46.534+0000] {processor.py:743} INFO - Processing file /home/airflow/.local/lib/python3.7/site-packages/airflow/example_dags/example_latest_only_with_trigger.py for tasks to queue
[2025-02-08T22:14:46.535+0000] {logging_mixin.py:137} INFO - [2025-02-08T22:14:46.535+0000] {dagbag.py:538} INFO - Filling up the DagBag from /home/airflow/.local/lib/python3.7/site-packages/airflow/example_dags/example_latest_only_with_trigger.py
[2025-02-08T22:14:46.554+0000] {processor.py:753} INFO - DAG(s) dict_keys(['latest_only_with_trigger']) retrieved from /home/airflow/.local/lib/python3.7/site-packages/airflow/example_dags/example_latest_only_with_trigger.py
[2025-02-08T22:14:46.592+0000] {logging_mixin.py:137} INFO - [2025-02-08T22:14:46.592+0000] {dag.py:2690} INFO - Sync 1 DAGs
[2025-02-08T22:14:46.626+0000] {logging_mixin.py:137} INFO - [2025-02-08T22:14:46.625+0000] {dag.py:3441} INFO - Setting next_dagrun for latest_only_with_trigger to 2025-02-08T18:14:46.625648+00:00, run_after=2025-02-08T22:14:46.625648+00:00
[2025-02-08T22:14:46.662+0000] {processor.py:175} INFO - Processing /home/airflow/.local/lib/python3.7/site-packages/airflow/example_dags/example_latest_only_with_trigger.py took 0.135 seconds
[2025-02-08T22:15:16.737+0000] {processor.py:153} INFO - Started process (PID=1449) to work on /home/airflow/.local/lib/python3.7/site-packages/airflow/example_dags/example_latest_only_with_trigger.py
[2025-02-08T22:15:16.738+0000] {processor.py:743} INFO - Processing file /home/airflow/.local/lib/python3.7/site-packages/airflow/example_dags/example_latest_only_with_trigger.py for tasks to queue
[2025-02-08T22:15:16.739+0000] {logging_mixin.py:137} INFO - [2025-02-08T22:15:16.739+0000] {dagbag.py:538} INFO - Filling up the DagBag from /home/airflow/.local/lib/python3.7/site-packages/airflow/example_dags/example_latest_only_with_trigger.py
[2025-02-08T22:15:16.756+0000] {processor.py:753} INFO - DAG(s) dict_keys(['latest_only_with_trigger']) retrieved from /home/airflow/.local/lib/python3.7/site-packages/airflow/example_dags/example_latest_only_with_trigger.py
[2025-02-08T22:15:16.795+0000] {logging_mixin.py:137} INFO - [2025-02-08T22:15:16.795+0000] {dag.py:2690} INFO - Sync 1 DAGs
[2025-02-08T22:15:16.840+0000] {logging_mixin.py:137} INFO - [2025-02-08T22:15:16.840+0000] {dag.py:3441} INFO - Setting next_dagrun for latest_only_with_trigger to 2025-02-08T18:15:16.839932+00:00, run_after=2025-02-08T22:15:16.839932+00:00
[2025-02-08T22:15:16.875+0000] {processor.py:175} INFO - Processing /home/airflow/.local/lib/python3.7/site-packages/airflow/example_dags/example_latest_only_with_trigger.py took 0.142 seconds
[2025-02-08T22:15:47.005+0000] {processor.py:153} INFO - Started process (PID=1520) to work on /home/airflow/.local/lib/python3.7/site-packages/airflow/example_dags/example_latest_only_with_trigger.py
[2025-02-08T22:15:47.006+0000] {processor.py:743} INFO - Processing file /home/airflow/.local/lib/python3.7/site-packages/airflow/example_dags/example_latest_only_with_trigger.py for tasks to queue
[2025-02-08T22:15:47.008+0000] {logging_mixin.py:137} INFO - [2025-02-08T22:15:47.007+0000] {dagbag.py:538} INFO - Filling up the DagBag from /home/airflow/.local/lib/python3.7/site-packages/airflow/example_dags/example_latest_only_with_trigger.py
[2025-02-08T22:15:47.025+0000] {processor.py:753} INFO - DAG(s) dict_keys(['latest_only_with_trigger']) retrieved from /home/airflow/.local/lib/python3.7/site-packages/airflow/example_dags/example_latest_only_with_trigger.py
[2025-02-08T22:15:47.063+0000] {logging_mixin.py:137} INFO - [2025-02-08T22:15:47.063+0000] {dag.py:2690} INFO - Sync 1 DAGs
[2025-02-08T22:15:47.124+0000] {logging_mixin.py:137} INFO - [2025-02-08T22:15:47.124+0000] {dag.py:3441} INFO - Setting next_dagrun for latest_only_with_trigger to 2025-02-08T18:15:47.124232+00:00, run_after=2025-02-08T22:15:47.124232+00:00
[2025-02-08T22:15:47.179+0000] {processor.py:175} INFO - Processing /home/airflow/.local/lib/python3.7/site-packages/airflow/example_dags/example_latest_only_with_trigger.py took 0.180 seconds
[2025-02-08T22:16:17.571+0000] {processor.py:153} INFO - Started process (PID=1591) to work on /home/airflow/.local/lib/python3.7/site-packages/airflow/example_dags/example_latest_only_with_trigger.py
[2025-02-08T22:16:17.572+0000] {processor.py:743} INFO - Processing file /home/airflow/.local/lib/python3.7/site-packages/airflow/example_dags/example_latest_only_with_trigger.py for tasks to queue
[2025-02-08T22:16:17.573+0000] {logging_mixin.py:137} INFO - [2025-02-08T22:16:17.573+0000] {dagbag.py:538} INFO - Filling up the DagBag from /home/airflow/.local/lib/python3.7/site-packages/airflow/example_dags/example_latest_only_with_trigger.py
[2025-02-08T22:16:17.595+0000] {processor.py:753} INFO - DAG(s) dict_keys(['latest_only_with_trigger']) retrieved from /home/airflow/.local/lib/python3.7/site-packages/airflow/example_dags/example_latest_only_with_trigger.py
[2025-02-08T22:16:17.627+0000] {logging_mixin.py:137} INFO - [2025-02-08T22:16:17.627+0000] {dag.py:2690} INFO - Sync 1 DAGs
[2025-02-08T22:16:17.660+0000] {logging_mixin.py:137} INFO - [2025-02-08T22:16:17.660+0000] {dag.py:3441} INFO - Setting next_dagrun for latest_only_with_trigger to 2025-02-08T18:16:17.659998+00:00, run_after=2025-02-08T22:16:17.659998+00:00
[2025-02-08T22:16:17.689+0000] {processor.py:175} INFO - Processing /home/airflow/.local/lib/python3.7/site-packages/airflow/example_dags/example_latest_only_with_trigger.py took 0.121 seconds
[2025-02-08T22:16:47.940+0000] {processor.py:153} INFO - Started process (PID=1678) to work on /home/airflow/.local/lib/python3.7/site-packages/airflow/example_dags/example_latest_only_with_trigger.py
[2025-02-08T22:16:47.941+0000] {processor.py:743} INFO - Processing file /home/airflow/.local/lib/python3.7/site-packages/airflow/example_dags/example_latest_only_with_trigger.py for tasks to queue
[2025-02-08T22:16:47.942+0000] {logging_mixin.py:137} INFO - [2025-02-08T22:16:47.941+0000] {dagbag.py:538} INFO - Filling up the DagBag from /home/airflow/.local/lib/python3.7/site-packages/airflow/example_dags/example_latest_only_with_trigger.py
[2025-02-08T22:16:47.956+0000] {processor.py:753} INFO - DAG(s) dict_keys(['latest_only_with_trigger']) retrieved from /home/airflow/.local/lib/python3.7/site-packages/airflow/example_dags/example_latest_only_with_trigger.py
[2025-02-08T22:16:48.001+0000] {logging_mixin.py:137} INFO - [2025-02-08T22:16:48.001+0000] {dag.py:2690} INFO - Sync 1 DAGs
[2025-02-08T22:16:48.032+0000] {logging_mixin.py:137} INFO - [2025-02-08T22:16:48.031+0000] {dag.py:3441} INFO - Setting next_dagrun for latest_only_with_trigger to 2025-02-08T18:16:48.031488+00:00, run_after=2025-02-08T22:16:48.031488+00:00
[2025-02-08T22:16:48.080+0000] {processor.py:175} INFO - Processing /home/airflow/.local/lib/python3.7/site-packages/airflow/example_dags/example_latest_only_with_trigger.py took 0.156 seconds
[2025-02-08T22:17:18.816+0000] {processor.py:153} INFO - Started process (PID=1749) to work on /home/airflow/.local/lib/python3.7/site-packages/airflow/example_dags/example_latest_only_with_trigger.py
[2025-02-08T22:17:18.817+0000] {processor.py:743} INFO - Processing file /home/airflow/.local/lib/python3.7/site-packages/airflow/example_dags/example_latest_only_with_trigger.py for tasks to queue
[2025-02-08T22:17:18.818+0000] {logging_mixin.py:137} INFO - [2025-02-08T22:17:18.818+0000] {dagbag.py:538} INFO - Filling up the DagBag from /home/airflow/.local/lib/python3.7/site-packages/airflow/example_dags/example_latest_only_with_trigger.py
[2025-02-08T22:17:18.835+0000] {processor.py:753} INFO - DAG(s) dict_keys(['latest_only_with_trigger']) retrieved from /home/airflow/.local/lib/python3.7/site-packages/airflow/example_dags/example_latest_only_with_trigger.py
[2025-02-08T22:17:18.866+0000] {logging_mixin.py:137} INFO - [2025-02-08T22:17:18.865+0000] {dag.py:2690} INFO - Sync 1 DAGs
[2025-02-08T22:17:18.893+0000] {logging_mixin.py:137} INFO - [2025-02-08T22:17:18.893+0000] {dag.py:3441} INFO - Setting next_dagrun for latest_only_with_trigger to 2025-02-08T18:17:18.893330+00:00, run_after=2025-02-08T22:17:18.893330+00:00
[2025-02-08T22:17:18.916+0000] {processor.py:175} INFO - Processing /home/airflow/.local/lib/python3.7/site-packages/airflow/example_dags/example_latest_only_with_trigger.py took 0.104 seconds
[2025-02-08T22:17:49.083+0000] {processor.py:153} INFO - Started process (PID=1836) to work on /home/airflow/.local/lib/python3.7/site-packages/airflow/example_dags/example_latest_only_with_trigger.py
[2025-02-08T22:17:49.085+0000] {processor.py:743} INFO - Processing file /home/airflow/.local/lib/python3.7/site-packages/airflow/example_dags/example_latest_only_with_trigger.py for tasks to queue
[2025-02-08T22:17:49.086+0000] {logging_mixin.py:137} INFO - [2025-02-08T22:17:49.086+0000] {dagbag.py:538} INFO - Filling up the DagBag from /home/airflow/.local/lib/python3.7/site-packages/airflow/example_dags/example_latest_only_with_trigger.py
[2025-02-08T22:17:49.100+0000] {processor.py:753} INFO - DAG(s) dict_keys(['latest_only_with_trigger']) retrieved from /home/airflow/.local/lib/python3.7/site-packages/airflow/example_dags/example_latest_only_with_trigger.py
[2025-02-08T22:17:49.133+0000] {logging_mixin.py:137} INFO - [2025-02-08T22:17:49.133+0000] {dag.py:2690} INFO - Sync 1 DAGs
[2025-02-08T22:17:49.162+0000] {logging_mixin.py:137} INFO - [2025-02-08T22:17:49.161+0000] {dag.py:3441} INFO - Setting next_dagrun for latest_only_with_trigger to 2025-02-08T18:17:49.161611+00:00, run_after=2025-02-08T22:17:49.161611+00:00
[2025-02-08T22:17:49.189+0000] {processor.py:175} INFO - Processing /home/airflow/.local/lib/python3.7/site-packages/airflow/example_dags/example_latest_only_with_trigger.py took 0.109 seconds
[2025-02-08T22:18:19.628+0000] {processor.py:153} INFO - Started process (PID=1907) to work on /home/airflow/.local/lib/python3.7/site-packages/airflow/example_dags/example_latest_only_with_trigger.py
[2025-02-08T22:18:19.629+0000] {processor.py:743} INFO - Processing file /home/airflow/.local/lib/python3.7/site-packages/airflow/example_dags/example_latest_only_with_trigger.py for tasks to queue
[2025-02-08T22:18:19.630+0000] {logging_mixin.py:137} INFO - [2025-02-08T22:18:19.629+0000] {dagbag.py:538} INFO - Filling up the DagBag from /home/airflow/.local/lib/python3.7/site-packages/airflow/example_dags/example_latest_only_with_trigger.py
[2025-02-08T22:18:19.642+0000] {processor.py:753} INFO - DAG(s) dict_keys(['latest_only_with_trigger']) retrieved from /home/airflow/.local/lib/python3.7/site-packages/airflow/example_dags/example_latest_only_with_trigger.py
[2025-02-08T22:18:19.667+0000] {logging_mixin.py:137} INFO - [2025-02-08T22:18:19.667+0000] {dag.py:2690} INFO - Sync 1 DAGs
[2025-02-08T22:18:19.690+0000] {logging_mixin.py:137} INFO - [2025-02-08T22:18:19.689+0000] {dag.py:3441} INFO - Setting next_dagrun for latest_only_with_trigger to 2025-02-08T18:18:19.689757+00:00, run_after=2025-02-08T22:18:19.689757+00:00
[2025-02-08T22:18:19.713+0000] {processor.py:175} INFO - Processing /home/airflow/.local/lib/python3.7/site-packages/airflow/example_dags/example_latest_only_with_trigger.py took 0.088 seconds
[2025-02-08T22:18:50.566+0000] {processor.py:153} INFO - Started process (PID=1994) to work on /home/airflow/.local/lib/python3.7/site-packages/airflow/example_dags/example_latest_only_with_trigger.py
[2025-02-08T22:18:50.567+0000] {processor.py:743} INFO - Processing file /home/airflow/.local/lib/python3.7/site-packages/airflow/example_dags/example_latest_only_with_trigger.py for tasks to queue
[2025-02-08T22:18:50.568+0000] {logging_mixin.py:137} INFO - [2025-02-08T22:18:50.567+0000] {dagbag.py:538} INFO - Filling up the DagBag from /home/airflow/.local/lib/python3.7/site-packages/airflow/example_dags/example_latest_only_with_trigger.py
[2025-02-08T22:18:50.580+0000] {processor.py:753} INFO - DAG(s) dict_keys(['latest_only_with_trigger']) retrieved from /home/airflow/.local/lib/python3.7/site-packages/airflow/example_dags/example_latest_only_with_trigger.py
[2025-02-08T22:18:50.606+0000] {logging_mixin.py:137} INFO - [2025-02-08T22:18:50.606+0000] {dag.py:2690} INFO - Sync 1 DAGs
[2025-02-08T22:18:50.631+0000] {logging_mixin.py:137} INFO - [2025-02-08T22:18:50.630+0000] {dag.py:3441} INFO - Setting next_dagrun for latest_only_with_trigger to 2025-02-08T18:18:50.630736+00:00, run_after=2025-02-08T22:18:50.630736+00:00
[2025-02-08T22:18:50.654+0000] {processor.py:175} INFO - Processing /home/airflow/.local/lib/python3.7/site-packages/airflow/example_dags/example_latest_only_with_trigger.py took 0.091 seconds
[2025-02-08T22:19:20.928+0000] {processor.py:153} INFO - Started process (PID=2065) to work on /home/airflow/.local/lib/python3.7/site-packages/airflow/example_dags/example_latest_only_with_trigger.py
[2025-02-08T22:19:20.930+0000] {processor.py:743} INFO - Processing file /home/airflow/.local/lib/python3.7/site-packages/airflow/example_dags/example_latest_only_with_trigger.py for tasks to queue
[2025-02-08T22:19:20.931+0000] {logging_mixin.py:137} INFO - [2025-02-08T22:19:20.931+0000] {dagbag.py:538} INFO - Filling up the DagBag from /home/airflow/.local/lib/python3.7/site-packages/airflow/example_dags/example_latest_only_with_trigger.py
[2025-02-08T22:19:20.976+0000] {processor.py:753} INFO - DAG(s) dict_keys(['latest_only_with_trigger']) retrieved from /home/airflow/.local/lib/python3.7/site-packages/airflow/example_dags/example_latest_only_with_trigger.py
[2025-02-08T22:19:21.051+0000] {logging_mixin.py:137} INFO - [2025-02-08T22:19:21.050+0000] {dag.py:2690} INFO - Sync 1 DAGs
[2025-02-08T22:19:21.121+0000] {logging_mixin.py:137} INFO - [2025-02-08T22:19:21.121+0000] {dag.py:3441} INFO - Setting next_dagrun for latest_only_with_trigger to 2025-02-08T18:19:21.120627+00:00, run_after=2025-02-08T22:19:21.120627+00:00
[2025-02-08T22:19:21.195+0000] {processor.py:175} INFO - Processing /home/airflow/.local/lib/python3.7/site-packages/airflow/example_dags/example_latest_only_with_trigger.py took 0.274 seconds
[2025-02-08T22:19:51.461+0000] {processor.py:153} INFO - Started process (PID=2151) to work on /home/airflow/.local/lib/python3.7/site-packages/airflow/example_dags/example_latest_only_with_trigger.py
[2025-02-08T22:19:51.462+0000] {processor.py:743} INFO - Processing file /home/airflow/.local/lib/python3.7/site-packages/airflow/example_dags/example_latest_only_with_trigger.py for tasks to queue
[2025-02-08T22:19:51.463+0000] {logging_mixin.py:137} INFO - [2025-02-08T22:19:51.463+0000] {dagbag.py:538} INFO - Filling up the DagBag from /home/airflow/.local/lib/python3.7/site-packages/airflow/example_dags/example_latest_only_with_trigger.py
[2025-02-08T22:19:51.475+0000] {processor.py:753} INFO - DAG(s) dict_keys(['latest_only_with_trigger']) retrieved from /home/airflow/.local/lib/python3.7/site-packages/airflow/example_dags/example_latest_only_with_trigger.py
[2025-02-08T22:19:51.501+0000] {logging_mixin.py:137} INFO - [2025-02-08T22:19:51.501+0000] {dag.py:2690} INFO - Sync 1 DAGs
[2025-02-08T22:19:51.523+0000] {logging_mixin.py:137} INFO - [2025-02-08T22:19:51.523+0000] {dag.py:3441} INFO - Setting next_dagrun for latest_only_with_trigger to 2025-02-08T18:19:51.523375+00:00, run_after=2025-02-08T22:19:51.523375+00:00
[2025-02-08T22:19:51.547+0000] {processor.py:175} INFO - Processing /home/airflow/.local/lib/python3.7/site-packages/airflow/example_dags/example_latest_only_with_trigger.py took 0.088 seconds
[2025-02-08T22:20:22.422+0000] {processor.py:153} INFO - Started process (PID=2222) to work on /home/airflow/.local/lib/python3.7/site-packages/airflow/example_dags/example_latest_only_with_trigger.py
[2025-02-08T22:20:22.423+0000] {processor.py:743} INFO - Processing file /home/airflow/.local/lib/python3.7/site-packages/airflow/example_dags/example_latest_only_with_trigger.py for tasks to queue
[2025-02-08T22:20:22.424+0000] {logging_mixin.py:137} INFO - [2025-02-08T22:20:22.424+0000] {dagbag.py:538} INFO - Filling up the DagBag from /home/airflow/.local/lib/python3.7/site-packages/airflow/example_dags/example_latest_only_with_trigger.py
[2025-02-08T22:20:22.437+0000] {processor.py:753} INFO - DAG(s) dict_keys(['latest_only_with_trigger']) retrieved from /home/airflow/.local/lib/python3.7/site-packages/airflow/example_dags/example_latest_only_with_trigger.py
[2025-02-08T22:20:22.463+0000] {logging_mixin.py:137} INFO - [2025-02-08T22:20:22.463+0000] {dag.py:2690} INFO - Sync 1 DAGs
[2025-02-08T22:20:22.488+0000] {logging_mixin.py:137} INFO - [2025-02-08T22:20:22.488+0000] {dag.py:3441} INFO - Setting next_dagrun for latest_only_with_trigger to 2025-02-08T18:20:22.488307+00:00, run_after=2025-02-08T22:20:22.488307+00:00
[2025-02-08T22:20:22.516+0000] {processor.py:175} INFO - Processing /home/airflow/.local/lib/python3.7/site-packages/airflow/example_dags/example_latest_only_with_trigger.py took 0.097 seconds
[2025-02-08T22:20:52.769+0000] {processor.py:153} INFO - Started process (PID=2308) to work on /home/airflow/.local/lib/python3.7/site-packages/airflow/example_dags/example_latest_only_with_trigger.py
[2025-02-08T22:20:52.770+0000] {processor.py:743} INFO - Processing file /home/airflow/.local/lib/python3.7/site-packages/airflow/example_dags/example_latest_only_with_trigger.py for tasks to queue
[2025-02-08T22:20:52.771+0000] {logging_mixin.py:137} INFO - [2025-02-08T22:20:52.771+0000] {dagbag.py:538} INFO - Filling up the DagBag from /home/airflow/.local/lib/python3.7/site-packages/airflow/example_dags/example_latest_only_with_trigger.py
[2025-02-08T22:20:52.792+0000] {processor.py:753} INFO - DAG(s) dict_keys(['latest_only_with_trigger']) retrieved from /home/airflow/.local/lib/python3.7/site-packages/airflow/example_dags/example_latest_only_with_trigger.py
[2025-02-08T22:20:52.825+0000] {logging_mixin.py:137} INFO - [2025-02-08T22:20:52.825+0000] {dag.py:2690} INFO - Sync 1 DAGs
[2025-02-08T22:20:52.865+0000] {logging_mixin.py:137} INFO - [2025-02-08T22:20:52.865+0000] {dag.py:3441} INFO - Setting next_dagrun for latest_only_with_trigger to 2025-02-08T18:20:52.864812+00:00, run_after=2025-02-08T22:20:52.864812+00:00
[2025-02-08T22:20:52.891+0000] {processor.py:175} INFO - Processing /home/airflow/.local/lib/python3.7/site-packages/airflow/example_dags/example_latest_only_with_trigger.py took 0.127 seconds
[2025-02-08T22:21:23.173+0000] {processor.py:153} INFO - Started process (PID=2379) to work on /home/airflow/.local/lib/python3.7/site-packages/airflow/example_dags/example_latest_only_with_trigger.py
[2025-02-08T22:21:23.174+0000] {processor.py:743} INFO - Processing file /home/airflow/.local/lib/python3.7/site-packages/airflow/example_dags/example_latest_only_with_trigger.py for tasks to queue
[2025-02-08T22:21:23.176+0000] {logging_mixin.py:137} INFO - [2025-02-08T22:21:23.175+0000] {dagbag.py:538} INFO - Filling up the DagBag from /home/airflow/.local/lib/python3.7/site-packages/airflow/example_dags/example_latest_only_with_trigger.py
[2025-02-08T22:21:23.189+0000] {processor.py:753} INFO - DAG(s) dict_keys(['latest_only_with_trigger']) retrieved from /home/airflow/.local/lib/python3.7/site-packages/airflow/example_dags/example_latest_only_with_trigger.py
[2025-02-08T22:21:23.227+0000] {logging_mixin.py:137} INFO - [2025-02-08T22:21:23.227+0000] {dag.py:2690} INFO - Sync 1 DAGs
[2025-02-08T22:21:23.270+0000] {logging_mixin.py:137} INFO - [2025-02-08T22:21:23.270+0000] {dag.py:3441} INFO - Setting next_dagrun for latest_only_with_trigger to 2025-02-08T18:21:23.269780+00:00, run_after=2025-02-08T22:21:23.269780+00:00
[2025-02-08T22:21:23.311+0000] {processor.py:175} INFO - Processing /home/airflow/.local/lib/python3.7/site-packages/airflow/example_dags/example_latest_only_with_trigger.py took 0.142 seconds
[2025-02-08T22:21:53.686+0000] {processor.py:153} INFO - Started process (PID=2450) to work on /home/airflow/.local/lib/python3.7/site-packages/airflow/example_dags/example_latest_only_with_trigger.py
[2025-02-08T22:21:53.689+0000] {processor.py:743} INFO - Processing file /home/airflow/.local/lib/python3.7/site-packages/airflow/example_dags/example_latest_only_with_trigger.py for tasks to queue
[2025-02-08T22:21:53.690+0000] {logging_mixin.py:137} INFO - [2025-02-08T22:21:53.690+0000] {dagbag.py:538} INFO - Filling up the DagBag from /home/airflow/.local/lib/python3.7/site-packages/airflow/example_dags/example_latest_only_with_trigger.py
[2025-02-08T22:21:53.705+0000] {processor.py:753} INFO - DAG(s) dict_keys(['latest_only_with_trigger']) retrieved from /home/airflow/.local/lib/python3.7/site-packages/airflow/example_dags/example_latest_only_with_trigger.py
[2025-02-08T22:21:53.735+0000] {logging_mixin.py:137} INFO - [2025-02-08T22:21:53.735+0000] {dag.py:2690} INFO - Sync 1 DAGs
[2025-02-08T22:21:53.765+0000] {logging_mixin.py:137} INFO - [2025-02-08T22:21:53.764+0000] {dag.py:3441} INFO - Setting next_dagrun for latest_only_with_trigger to 2025-02-08T18:21:53.764603+00:00, run_after=2025-02-08T22:21:53.764603+00:00
[2025-02-08T22:21:53.808+0000] {processor.py:175} INFO - Processing /home/airflow/.local/lib/python3.7/site-packages/airflow/example_dags/example_latest_only_with_trigger.py took 0.127 seconds
[2025-02-08T22:22:24.271+0000] {processor.py:153} INFO - Started process (PID=2537) to work on /home/airflow/.local/lib/python3.7/site-packages/airflow/example_dags/example_latest_only_with_trigger.py
[2025-02-08T22:22:24.272+0000] {processor.py:743} INFO - Processing file /home/airflow/.local/lib/python3.7/site-packages/airflow/example_dags/example_latest_only_with_trigger.py for tasks to queue
[2025-02-08T22:22:24.273+0000] {logging_mixin.py:137} INFO - [2025-02-08T22:22:24.273+0000] {dagbag.py:538} INFO - Filling up the DagBag from /home/airflow/.local/lib/python3.7/site-packages/airflow/example_dags/example_latest_only_with_trigger.py
[2025-02-08T22:22:24.295+0000] {processor.py:753} INFO - DAG(s) dict_keys(['latest_only_with_trigger']) retrieved from /home/airflow/.local/lib/python3.7/site-packages/airflow/example_dags/example_latest_only_with_trigger.py
[2025-02-08T22:22:24.328+0000] {logging_mixin.py:137} INFO - [2025-02-08T22:22:24.328+0000] {dag.py:2690} INFO - Sync 1 DAGs
[2025-02-08T22:22:24.375+0000] {logging_mixin.py:137} INFO - [2025-02-08T22:22:24.375+0000] {dag.py:3441} INFO - Setting next_dagrun for latest_only_with_trigger to 2025-02-08T18:22:24.375239+00:00, run_after=2025-02-08T22:22:24.375239+00:00
[2025-02-08T22:22:24.413+0000] {processor.py:175} INFO - Processing /home/airflow/.local/lib/python3.7/site-packages/airflow/example_dags/example_latest_only_with_trigger.py took 0.147 seconds
[2025-02-08T22:22:55.078+0000] {processor.py:153} INFO - Started process (PID=2608) to work on /home/airflow/.local/lib/python3.7/site-packages/airflow/example_dags/example_latest_only_with_trigger.py
[2025-02-08T22:22:55.079+0000] {processor.py:743} INFO - Processing file /home/airflow/.local/lib/python3.7/site-packages/airflow/example_dags/example_latest_only_with_trigger.py for tasks to queue
[2025-02-08T22:22:55.080+0000] {logging_mixin.py:137} INFO - [2025-02-08T22:22:55.080+0000] {dagbag.py:538} INFO - Filling up the DagBag from /home/airflow/.local/lib/python3.7/site-packages/airflow/example_dags/example_latest_only_with_trigger.py
[2025-02-08T22:22:55.094+0000] {processor.py:753} INFO - DAG(s) dict_keys(['latest_only_with_trigger']) retrieved from /home/airflow/.local/lib/python3.7/site-packages/airflow/example_dags/example_latest_only_with_trigger.py
[2025-02-08T22:22:55.123+0000] {logging_mixin.py:137} INFO - [2025-02-08T22:22:55.123+0000] {dag.py:2690} INFO - Sync 1 DAGs
[2025-02-08T22:22:55.156+0000] {logging_mixin.py:137} INFO - [2025-02-08T22:22:55.156+0000] {dag.py:3441} INFO - Setting next_dagrun for latest_only_with_trigger to 2025-02-08T18:22:55.156020+00:00, run_after=2025-02-08T22:22:55.156020+00:00
[2025-02-08T22:22:55.184+0000] {processor.py:175} INFO - Processing /home/airflow/.local/lib/python3.7/site-packages/airflow/example_dags/example_latest_only_with_trigger.py took 0.110 seconds
[2025-02-08T22:23:25.985+0000] {processor.py:153} INFO - Started process (PID=2695) to work on /home/airflow/.local/lib/python3.7/site-packages/airflow/example_dags/example_latest_only_with_trigger.py
[2025-02-08T22:23:25.986+0000] {processor.py:743} INFO - Processing file /home/airflow/.local/lib/python3.7/site-packages/airflow/example_dags/example_latest_only_with_trigger.py for tasks to queue
[2025-02-08T22:23:25.987+0000] {logging_mixin.py:137} INFO - [2025-02-08T22:23:25.987+0000] {dagbag.py:538} INFO - Filling up the DagBag from /home/airflow/.local/lib/python3.7/site-packages/airflow/example_dags/example_latest_only_with_trigger.py
[2025-02-08T22:23:26.001+0000] {processor.py:753} INFO - DAG(s) dict_keys(['latest_only_with_trigger']) retrieved from /home/airflow/.local/lib/python3.7/site-packages/airflow/example_dags/example_latest_only_with_trigger.py
[2025-02-08T22:23:26.029+0000] {logging_mixin.py:137} INFO - [2025-02-08T22:23:26.029+0000] {dag.py:2690} INFO - Sync 1 DAGs
[2025-02-08T22:23:26.059+0000] {logging_mixin.py:137} INFO - [2025-02-08T22:23:26.058+0000] {dag.py:3441} INFO - Setting next_dagrun for latest_only_with_trigger to 2025-02-08T18:23:26.058125+00:00, run_after=2025-02-08T22:23:26.058125+00:00
[2025-02-08T22:23:26.093+0000] {processor.py:175} INFO - Processing /home/airflow/.local/lib/python3.7/site-packages/airflow/example_dags/example_latest_only_with_trigger.py took 0.111 seconds
[2025-02-08T22:23:56.524+0000] {processor.py:153} INFO - Started process (PID=2766) to work on /home/airflow/.local/lib/python3.7/site-packages/airflow/example_dags/example_latest_only_with_trigger.py
[2025-02-08T22:23:56.526+0000] {processor.py:743} INFO - Processing file /home/airflow/.local/lib/python3.7/site-packages/airflow/example_dags/example_latest_only_with_trigger.py for tasks to queue
[2025-02-08T22:23:56.527+0000] {logging_mixin.py:137} INFO - [2025-02-08T22:23:56.527+0000] {dagbag.py:538} INFO - Filling up the DagBag from /home/airflow/.local/lib/python3.7/site-packages/airflow/example_dags/example_latest_only_with_trigger.py
[2025-02-08T22:23:56.545+0000] {processor.py:753} INFO - DAG(s) dict_keys(['latest_only_with_trigger']) retrieved from /home/airflow/.local/lib/python3.7/site-packages/airflow/example_dags/example_latest_only_with_trigger.py
[2025-02-08T22:23:56.579+0000] {logging_mixin.py:137} INFO - [2025-02-08T22:23:56.579+0000] {dag.py:2690} INFO - Sync 1 DAGs
[2025-02-08T22:23:56.622+0000] {logging_mixin.py:137} INFO - [2025-02-08T22:23:56.622+0000] {dag.py:3441} INFO - Setting next_dagrun for latest_only_with_trigger to 2025-02-08T18:23:56.621790+00:00, run_after=2025-02-08T22:23:56.621790+00:00
[2025-02-08T22:23:56.652+0000] {processor.py:175} INFO - Processing /home/airflow/.local/lib/python3.7/site-packages/airflow/example_dags/example_latest_only_with_trigger.py took 0.132 seconds
[2025-02-08T22:24:27.398+0000] {processor.py:153} INFO - Started process (PID=2837) to work on /home/airflow/.local/lib/python3.7/site-packages/airflow/example_dags/example_latest_only_with_trigger.py
[2025-02-08T22:24:27.417+0000] {processor.py:743} INFO - Processing file /home/airflow/.local/lib/python3.7/site-packages/airflow/example_dags/example_latest_only_with_trigger.py for tasks to queue
[2025-02-08T22:24:27.423+0000] {logging_mixin.py:137} INFO - [2025-02-08T22:24:27.422+0000] {dagbag.py:538} INFO - Filling up the DagBag from /home/airflow/.local/lib/python3.7/site-packages/airflow/example_dags/example_latest_only_with_trigger.py
[2025-02-08T22:24:27.467+0000] {processor.py:753} INFO - DAG(s) dict_keys(['latest_only_with_trigger']) retrieved from /home/airflow/.local/lib/python3.7/site-packages/airflow/example_dags/example_latest_only_with_trigger.py
[2025-02-08T22:24:27.538+0000] {logging_mixin.py:137} INFO - [2025-02-08T22:24:27.537+0000] {dag.py:2690} INFO - Sync 1 DAGs
[2025-02-08T22:24:27.604+0000] {logging_mixin.py:137} INFO - [2025-02-08T22:24:27.603+0000] {dag.py:3441} INFO - Setting next_dagrun for latest_only_with_trigger to 2025-02-08T18:24:27.603226+00:00, run_after=2025-02-08T22:24:27.603226+00:00
[2025-02-08T22:24:27.650+0000] {processor.py:175} INFO - Processing /home/airflow/.local/lib/python3.7/site-packages/airflow/example_dags/example_latest_only_with_trigger.py took 0.258 seconds
[2025-02-08T22:24:58.141+0000] {processor.py:153} INFO - Started process (PID=2924) to work on /home/airflow/.local/lib/python3.7/site-packages/airflow/example_dags/example_latest_only_with_trigger.py
[2025-02-08T22:24:58.143+0000] {processor.py:743} INFO - Processing file /home/airflow/.local/lib/python3.7/site-packages/airflow/example_dags/example_latest_only_with_trigger.py for tasks to queue
[2025-02-08T22:24:58.144+0000] {logging_mixin.py:137} INFO - [2025-02-08T22:24:58.144+0000] {dagbag.py:538} INFO - Filling up the DagBag from /home/airflow/.local/lib/python3.7/site-packages/airflow/example_dags/example_latest_only_with_trigger.py
[2025-02-08T22:24:58.165+0000] {processor.py:753} INFO - DAG(s) dict_keys(['latest_only_with_trigger']) retrieved from /home/airflow/.local/lib/python3.7/site-packages/airflow/example_dags/example_latest_only_with_trigger.py
[2025-02-08T22:24:58.203+0000] {logging_mixin.py:137} INFO - [2025-02-08T22:24:58.202+0000] {dag.py:2690} INFO - Sync 1 DAGs
[2025-02-08T22:24:58.250+0000] {logging_mixin.py:137} INFO - [2025-02-08T22:24:58.250+0000] {dag.py:3441} INFO - Setting next_dagrun for latest_only_with_trigger to 2025-02-08T18:24:58.249738+00:00, run_after=2025-02-08T22:24:58.249738+00:00
[2025-02-08T22:24:58.289+0000] {processor.py:175} INFO - Processing /home/airflow/.local/lib/python3.7/site-packages/airflow/example_dags/example_latest_only_with_trigger.py took 0.153 seconds
[2025-02-08T22:25:28.517+0000] {processor.py:153} INFO - Started process (PID=2995) to work on /home/airflow/.local/lib/python3.7/site-packages/airflow/example_dags/example_latest_only_with_trigger.py
[2025-02-08T22:25:28.519+0000] {processor.py:743} INFO - Processing file /home/airflow/.local/lib/python3.7/site-packages/airflow/example_dags/example_latest_only_with_trigger.py for tasks to queue
[2025-02-08T22:25:28.521+0000] {logging_mixin.py:137} INFO - [2025-02-08T22:25:28.521+0000] {dagbag.py:538} INFO - Filling up the DagBag from /home/airflow/.local/lib/python3.7/site-packages/airflow/example_dags/example_latest_only_with_trigger.py
[2025-02-08T22:25:28.555+0000] {processor.py:753} INFO - DAG(s) dict_keys(['latest_only_with_trigger']) retrieved from /home/airflow/.local/lib/python3.7/site-packages/airflow/example_dags/example_latest_only_with_trigger.py
[2025-02-08T22:25:28.607+0000] {logging_mixin.py:137} INFO - [2025-02-08T22:25:28.606+0000] {dag.py:2690} INFO - Sync 1 DAGs
[2025-02-08T22:25:28.660+0000] {logging_mixin.py:137} INFO - [2025-02-08T22:25:28.660+0000] {dag.py:3441} INFO - Setting next_dagrun for latest_only_with_trigger to 2025-02-08T18:25:28.659626+00:00, run_after=2025-02-08T22:25:28.659626+00:00
[2025-02-08T22:25:28.698+0000] {processor.py:175} INFO - Processing /home/airflow/.local/lib/python3.7/site-packages/airflow/example_dags/example_latest_only_with_trigger.py took 0.188 seconds
[2025-02-08T22:25:59.128+0000] {processor.py:153} INFO - Started process (PID=3066) to work on /home/airflow/.local/lib/python3.7/site-packages/airflow/example_dags/example_latest_only_with_trigger.py
[2025-02-08T22:25:59.130+0000] {processor.py:743} INFO - Processing file /home/airflow/.local/lib/python3.7/site-packages/airflow/example_dags/example_latest_only_with_trigger.py for tasks to queue
[2025-02-08T22:25:59.131+0000] {logging_mixin.py:137} INFO - [2025-02-08T22:25:59.131+0000] {dagbag.py:538} INFO - Filling up the DagBag from /home/airflow/.local/lib/python3.7/site-packages/airflow/example_dags/example_latest_only_with_trigger.py
[2025-02-08T22:25:59.146+0000] {processor.py:753} INFO - DAG(s) dict_keys(['latest_only_with_trigger']) retrieved from /home/airflow/.local/lib/python3.7/site-packages/airflow/example_dags/example_latest_only_with_trigger.py
[2025-02-08T22:25:59.174+0000] {logging_mixin.py:137} INFO - [2025-02-08T22:25:59.174+0000] {dag.py:2690} INFO - Sync 1 DAGs
[2025-02-08T22:25:59.199+0000] {logging_mixin.py:137} INFO - [2025-02-08T22:25:59.199+0000] {dag.py:3441} INFO - Setting next_dagrun for latest_only_with_trigger to 2025-02-08T18:25:59.199533+00:00, run_after=2025-02-08T22:25:59.199533+00:00
[2025-02-08T22:25:59.225+0000] {processor.py:175} INFO - Processing /home/airflow/.local/lib/python3.7/site-packages/airflow/example_dags/example_latest_only_with_trigger.py took 0.100 seconds
[2025-02-08T22:26:30.002+0000] {processor.py:153} INFO - Started process (PID=3154) to work on /home/airflow/.local/lib/python3.7/site-packages/airflow/example_dags/example_latest_only_with_trigger.py
[2025-02-08T22:26:30.003+0000] {processor.py:743} INFO - Processing file /home/airflow/.local/lib/python3.7/site-packages/airflow/example_dags/example_latest_only_with_trigger.py for tasks to queue
[2025-02-08T22:26:30.004+0000] {logging_mixin.py:137} INFO - [2025-02-08T22:26:30.004+0000] {dagbag.py:538} INFO - Filling up the DagBag from /home/airflow/.local/lib/python3.7/site-packages/airflow/example_dags/example_latest_only_with_trigger.py
[2025-02-08T22:26:30.018+0000] {processor.py:753} INFO - DAG(s) dict_keys(['latest_only_with_trigger']) retrieved from /home/airflow/.local/lib/python3.7/site-packages/airflow/example_dags/example_latest_only_with_trigger.py
[2025-02-08T22:26:30.044+0000] {logging_mixin.py:137} INFO - [2025-02-08T22:26:30.044+0000] {dag.py:2690} INFO - Sync 1 DAGs
[2025-02-08T22:26:30.075+0000] {logging_mixin.py:137} INFO - [2025-02-08T22:26:30.074+0000] {dag.py:3441} INFO - Setting next_dagrun for latest_only_with_trigger to 2025-02-08T18:26:30.074657+00:00, run_after=2025-02-08T22:26:30.074657+00:00
[2025-02-08T22:26:30.100+0000] {processor.py:175} INFO - Processing /home/airflow/.local/lib/python3.7/site-packages/airflow/example_dags/example_latest_only_with_trigger.py took 0.102 seconds
[2025-02-08T22:27:00.823+0000] {processor.py:153} INFO - Started process (PID=3226) to work on /home/airflow/.local/lib/python3.7/site-packages/airflow/example_dags/example_latest_only_with_trigger.py
[2025-02-08T22:27:00.824+0000] {processor.py:743} INFO - Processing file /home/airflow/.local/lib/python3.7/site-packages/airflow/example_dags/example_latest_only_with_trigger.py for tasks to queue
[2025-02-08T22:27:00.825+0000] {logging_mixin.py:137} INFO - [2025-02-08T22:27:00.825+0000] {dagbag.py:538} INFO - Filling up the DagBag from /home/airflow/.local/lib/python3.7/site-packages/airflow/example_dags/example_latest_only_with_trigger.py
[2025-02-08T22:27:00.842+0000] {processor.py:753} INFO - DAG(s) dict_keys(['latest_only_with_trigger']) retrieved from /home/airflow/.local/lib/python3.7/site-packages/airflow/example_dags/example_latest_only_with_trigger.py
[2025-02-08T22:27:00.877+0000] {logging_mixin.py:137} INFO - [2025-02-08T22:27:00.877+0000] {dag.py:2690} INFO - Sync 1 DAGs
[2025-02-08T22:27:00.911+0000] {logging_mixin.py:137} INFO - [2025-02-08T22:27:00.911+0000] {dag.py:3441} INFO - Setting next_dagrun for latest_only_with_trigger to 2025-02-08T18:27:00.911171+00:00, run_after=2025-02-08T22:27:00.911171+00:00
[2025-02-08T22:27:00.945+0000] {processor.py:175} INFO - Processing /home/airflow/.local/lib/python3.7/site-packages/airflow/example_dags/example_latest_only_with_trigger.py took 0.127 seconds
[2025-02-08T22:27:31.657+0000] {processor.py:153} INFO - Started process (PID=3314) to work on /home/airflow/.local/lib/python3.7/site-packages/airflow/example_dags/example_latest_only_with_trigger.py
[2025-02-08T22:27:31.658+0000] {processor.py:743} INFO - Processing file /home/airflow/.local/lib/python3.7/site-packages/airflow/example_dags/example_latest_only_with_trigger.py for tasks to queue
[2025-02-08T22:27:31.660+0000] {logging_mixin.py:137} INFO - [2025-02-08T22:27:31.660+0000] {dagbag.py:538} INFO - Filling up the DagBag from /home/airflow/.local/lib/python3.7/site-packages/airflow/example_dags/example_latest_only_with_trigger.py
[2025-02-08T22:27:31.679+0000] {processor.py:753} INFO - DAG(s) dict_keys(['latest_only_with_trigger']) retrieved from /home/airflow/.local/lib/python3.7/site-packages/airflow/example_dags/example_latest_only_with_trigger.py
[2025-02-08T22:27:31.711+0000] {logging_mixin.py:137} INFO - [2025-02-08T22:27:31.711+0000] {dag.py:2690} INFO - Sync 1 DAGs
[2025-02-08T22:27:31.746+0000] {logging_mixin.py:137} INFO - [2025-02-08T22:27:31.746+0000] {dag.py:3441} INFO - Setting next_dagrun for latest_only_with_trigger to 2025-02-08T18:27:31.745697+00:00, run_after=2025-02-08T22:27:31.745697+00:00
[2025-02-08T22:27:31.787+0000] {processor.py:175} INFO - Processing /home/airflow/.local/lib/python3.7/site-packages/airflow/example_dags/example_latest_only_with_trigger.py took 0.136 seconds
