[2025-02-08T22:06:05.277+0000] {processor.py:153} INFO - Started process (PID=70) to work on /home/airflow/.local/lib/python3.7/site-packages/airflow/example_dags/example_xcom.py
[2025-02-08T22:06:05.279+0000] {processor.py:743} INFO - Processing file /home/airflow/.local/lib/python3.7/site-packages/airflow/example_dags/example_xcom.py for tasks to queue
[2025-02-08T22:06:05.281+0000] {logging_mixin.py:137} INFO - [2025-02-08T22:06:05.281+0000] {dagbag.py:538} INFO - Filling up the DagBag from /home/airflow/.local/lib/python3.7/site-packages/airflow/example_dags/example_xcom.py
[2025-02-08T22:06:05.423+0000] {processor.py:753} INFO - DAG(s) dict_keys(['example_xcom']) retrieved from /home/airflow/.local/lib/python3.7/site-packages/airflow/example_dags/example_xcom.py
[2025-02-08T22:06:05.472+0000] {logging_mixin.py:137} INFO - [2025-02-08T22:06:05.472+0000] {dag.py:2690} INFO - Sync 1 DAGs
[2025-02-08T22:06:05.551+0000] {logging_mixin.py:137} INFO - [2025-02-08T22:06:05.550+0000] {dag.py:3441} INFO - Setting next_dagrun for example_xcom to 2021-01-01T00:00:00+00:00, run_after=2021-01-01T00:00:00+00:00
[2025-02-08T22:06:05.593+0000] {processor.py:175} INFO - Processing /home/airflow/.local/lib/python3.7/site-packages/airflow/example_dags/example_xcom.py took 0.322 seconds
[2025-02-08T22:06:37.333+0000] {processor.py:153} INFO - Started process (PID=141) to work on /home/airflow/.local/lib/python3.7/site-packages/airflow/example_dags/example_xcom.py
[2025-02-08T22:06:37.334+0000] {processor.py:743} INFO - Processing file /home/airflow/.local/lib/python3.7/site-packages/airflow/example_dags/example_xcom.py for tasks to queue
[2025-02-08T22:06:37.337+0000] {logging_mixin.py:137} INFO - [2025-02-08T22:06:37.337+0000] {dagbag.py:538} INFO - Filling up the DagBag from /home/airflow/.local/lib/python3.7/site-packages/airflow/example_dags/example_xcom.py
[2025-02-08T22:06:37.378+0000] {processor.py:753} INFO - DAG(s) dict_keys(['example_xcom']) retrieved from /home/airflow/.local/lib/python3.7/site-packages/airflow/example_dags/example_xcom.py
[2025-02-08T22:06:37.408+0000] {logging_mixin.py:137} INFO - [2025-02-08T22:06:37.408+0000] {dag.py:2690} INFO - Sync 1 DAGs
[2025-02-08T22:06:37.440+0000] {logging_mixin.py:137} INFO - [2025-02-08T22:06:37.439+0000] {dag.py:3441} INFO - Setting next_dagrun for example_xcom to 2021-01-01T00:00:00+00:00, run_after=2021-01-01T00:00:00+00:00
[2025-02-08T22:06:37.472+0000] {processor.py:175} INFO - Processing /home/airflow/.local/lib/python3.7/site-packages/airflow/example_dags/example_xcom.py took 0.144 seconds
[2025-02-08T22:07:07.737+0000] {processor.py:153} INFO - Started process (PID=212) to work on /home/airflow/.local/lib/python3.7/site-packages/airflow/example_dags/example_xcom.py
[2025-02-08T22:07:07.738+0000] {processor.py:743} INFO - Processing file /home/airflow/.local/lib/python3.7/site-packages/airflow/example_dags/example_xcom.py for tasks to queue
[2025-02-08T22:07:07.738+0000] {logging_mixin.py:137} INFO - [2025-02-08T22:07:07.738+0000] {dagbag.py:538} INFO - Filling up the DagBag from /home/airflow/.local/lib/python3.7/site-packages/airflow/example_dags/example_xcom.py
[2025-02-08T22:07:07.760+0000] {processor.py:753} INFO - DAG(s) dict_keys(['example_xcom']) retrieved from /home/airflow/.local/lib/python3.7/site-packages/airflow/example_dags/example_xcom.py
[2025-02-08T22:07:07.785+0000] {logging_mixin.py:137} INFO - [2025-02-08T22:07:07.785+0000] {dag.py:2690} INFO - Sync 1 DAGs
[2025-02-08T22:07:07.812+0000] {logging_mixin.py:137} INFO - [2025-02-08T22:07:07.811+0000] {dag.py:3441} INFO - Setting next_dagrun for example_xcom to 2021-01-01T00:00:00+00:00, run_after=2021-01-01T00:00:00+00:00
[2025-02-08T22:07:07.833+0000] {processor.py:175} INFO - Processing /home/airflow/.local/lib/python3.7/site-packages/airflow/example_dags/example_xcom.py took 0.099 seconds
[2025-02-08T22:07:38.483+0000] {processor.py:153} INFO - Started process (PID=299) to work on /home/airflow/.local/lib/python3.7/site-packages/airflow/example_dags/example_xcom.py
[2025-02-08T22:07:38.484+0000] {processor.py:743} INFO - Processing file /home/airflow/.local/lib/python3.7/site-packages/airflow/example_dags/example_xcom.py for tasks to queue
[2025-02-08T22:07:38.485+0000] {logging_mixin.py:137} INFO - [2025-02-08T22:07:38.485+0000] {dagbag.py:538} INFO - Filling up the DagBag from /home/airflow/.local/lib/python3.7/site-packages/airflow/example_dags/example_xcom.py
[2025-02-08T22:07:38.511+0000] {processor.py:753} INFO - DAG(s) dict_keys(['example_xcom']) retrieved from /home/airflow/.local/lib/python3.7/site-packages/airflow/example_dags/example_xcom.py
[2025-02-08T22:07:38.549+0000] {logging_mixin.py:137} INFO - [2025-02-08T22:07:38.548+0000] {dag.py:2690} INFO - Sync 1 DAGs
[2025-02-08T22:07:38.578+0000] {logging_mixin.py:137} INFO - [2025-02-08T22:07:38.578+0000] {dag.py:3441} INFO - Setting next_dagrun for example_xcom to 2021-01-01T00:00:00+00:00, run_after=2021-01-01T00:00:00+00:00
[2025-02-08T22:07:38.605+0000] {processor.py:175} INFO - Processing /home/airflow/.local/lib/python3.7/site-packages/airflow/example_dags/example_xcom.py took 0.125 seconds
[2025-02-08T22:08:08.967+0000] {processor.py:153} INFO - Started process (PID=370) to work on /home/airflow/.local/lib/python3.7/site-packages/airflow/example_dags/example_xcom.py
[2025-02-08T22:08:08.968+0000] {processor.py:743} INFO - Processing file /home/airflow/.local/lib/python3.7/site-packages/airflow/example_dags/example_xcom.py for tasks to queue
[2025-02-08T22:08:08.969+0000] {logging_mixin.py:137} INFO - [2025-02-08T22:08:08.969+0000] {dagbag.py:538} INFO - Filling up the DagBag from /home/airflow/.local/lib/python3.7/site-packages/airflow/example_dags/example_xcom.py
[2025-02-08T22:08:08.993+0000] {processor.py:753} INFO - DAG(s) dict_keys(['example_xcom']) retrieved from /home/airflow/.local/lib/python3.7/site-packages/airflow/example_dags/example_xcom.py
[2025-02-08T22:08:09.019+0000] {logging_mixin.py:137} INFO - [2025-02-08T22:08:09.019+0000] {dag.py:2690} INFO - Sync 1 DAGs
[2025-02-08T22:08:09.042+0000] {logging_mixin.py:137} INFO - [2025-02-08T22:08:09.042+0000] {dag.py:3441} INFO - Setting next_dagrun for example_xcom to 2021-01-01T00:00:00+00:00, run_after=2021-01-01T00:00:00+00:00
[2025-02-08T22:08:09.063+0000] {processor.py:175} INFO - Processing /home/airflow/.local/lib/python3.7/site-packages/airflow/example_dags/example_xcom.py took 0.100 seconds
[2025-02-08T22:08:40.706+0000] {processor.py:153} INFO - Started process (PID=441) to work on /home/airflow/.local/lib/python3.7/site-packages/airflow/example_dags/example_xcom.py
[2025-02-08T22:08:40.708+0000] {processor.py:743} INFO - Processing file /home/airflow/.local/lib/python3.7/site-packages/airflow/example_dags/example_xcom.py for tasks to queue
[2025-02-08T22:08:40.712+0000] {logging_mixin.py:137} INFO - [2025-02-08T22:08:40.711+0000] {dagbag.py:538} INFO - Filling up the DagBag from /home/airflow/.local/lib/python3.7/site-packages/airflow/example_dags/example_xcom.py
[2025-02-08T22:08:40.765+0000] {processor.py:753} INFO - DAG(s) dict_keys(['example_xcom']) retrieved from /home/airflow/.local/lib/python3.7/site-packages/airflow/example_dags/example_xcom.py
[2025-02-08T22:08:40.813+0000] {logging_mixin.py:137} INFO - [2025-02-08T22:08:40.813+0000] {dag.py:2690} INFO - Sync 1 DAGs
[2025-02-08T22:08:40.868+0000] {logging_mixin.py:137} INFO - [2025-02-08T22:08:40.868+0000] {dag.py:3441} INFO - Setting next_dagrun for example_xcom to 2021-01-01T00:00:00+00:00, run_after=2021-01-01T00:00:00+00:00
[2025-02-08T22:08:40.901+0000] {processor.py:175} INFO - Processing /home/airflow/.local/lib/python3.7/site-packages/airflow/example_dags/example_xcom.py took 0.202 seconds
[2025-02-08T22:09:10.985+0000] {processor.py:153} INFO - Started process (PID=528) to work on /home/airflow/.local/lib/python3.7/site-packages/airflow/example_dags/example_xcom.py
[2025-02-08T22:09:10.986+0000] {processor.py:743} INFO - Processing file /home/airflow/.local/lib/python3.7/site-packages/airflow/example_dags/example_xcom.py for tasks to queue
[2025-02-08T22:09:10.987+0000] {logging_mixin.py:137} INFO - [2025-02-08T22:09:10.987+0000] {dagbag.py:538} INFO - Filling up the DagBag from /home/airflow/.local/lib/python3.7/site-packages/airflow/example_dags/example_xcom.py
[2025-02-08T22:09:11.009+0000] {processor.py:753} INFO - DAG(s) dict_keys(['example_xcom']) retrieved from /home/airflow/.local/lib/python3.7/site-packages/airflow/example_dags/example_xcom.py
[2025-02-08T22:09:11.039+0000] {logging_mixin.py:137} INFO - [2025-02-08T22:09:11.039+0000] {dag.py:2690} INFO - Sync 1 DAGs
[2025-02-08T22:09:11.067+0000] {logging_mixin.py:137} INFO - [2025-02-08T22:09:11.067+0000] {dag.py:3441} INFO - Setting next_dagrun for example_xcom to 2021-01-01T00:00:00+00:00, run_after=2021-01-01T00:00:00+00:00
[2025-02-08T22:09:11.094+0000] {processor.py:175} INFO - Processing /home/airflow/.local/lib/python3.7/site-packages/airflow/example_dags/example_xcom.py took 0.112 seconds
[2025-02-08T22:09:42.734+0000] {processor.py:153} INFO - Started process (PID=599) to work on /home/airflow/.local/lib/python3.7/site-packages/airflow/example_dags/example_xcom.py
[2025-02-08T22:09:42.736+0000] {processor.py:743} INFO - Processing file /home/airflow/.local/lib/python3.7/site-packages/airflow/example_dags/example_xcom.py for tasks to queue
[2025-02-08T22:09:42.738+0000] {logging_mixin.py:137} INFO - [2025-02-08T22:09:42.738+0000] {dagbag.py:538} INFO - Filling up the DagBag from /home/airflow/.local/lib/python3.7/site-packages/airflow/example_dags/example_xcom.py
[2025-02-08T22:09:42.784+0000] {processor.py:753} INFO - DAG(s) dict_keys(['example_xcom']) retrieved from /home/airflow/.local/lib/python3.7/site-packages/airflow/example_dags/example_xcom.py
[2025-02-08T22:09:42.838+0000] {logging_mixin.py:137} INFO - [2025-02-08T22:09:42.837+0000] {dag.py:2690} INFO - Sync 1 DAGs
[2025-02-08T22:09:42.906+0000] {logging_mixin.py:137} INFO - [2025-02-08T22:09:42.906+0000] {dag.py:3441} INFO - Setting next_dagrun for example_xcom to 2021-01-01T00:00:00+00:00, run_after=2021-01-01T00:00:00+00:00
[2025-02-08T22:09:42.946+0000] {processor.py:175} INFO - Processing /home/airflow/.local/lib/python3.7/site-packages/airflow/example_dags/example_xcom.py took 0.219 seconds
[2025-02-08T22:10:14.130+0000] {processor.py:153} INFO - Started process (PID=686) to work on /home/airflow/.local/lib/python3.7/site-packages/airflow/example_dags/example_xcom.py
[2025-02-08T22:10:14.132+0000] {processor.py:743} INFO - Processing file /home/airflow/.local/lib/python3.7/site-packages/airflow/example_dags/example_xcom.py for tasks to queue
[2025-02-08T22:10:14.134+0000] {logging_mixin.py:137} INFO - [2025-02-08T22:10:14.134+0000] {dagbag.py:538} INFO - Filling up the DagBag from /home/airflow/.local/lib/python3.7/site-packages/airflow/example_dags/example_xcom.py
[2025-02-08T22:10:14.182+0000] {processor.py:753} INFO - DAG(s) dict_keys(['example_xcom']) retrieved from /home/airflow/.local/lib/python3.7/site-packages/airflow/example_dags/example_xcom.py
[2025-02-08T22:10:14.228+0000] {logging_mixin.py:137} INFO - [2025-02-08T22:10:14.228+0000] {dag.py:2690} INFO - Sync 1 DAGs
[2025-02-08T22:10:14.273+0000] {logging_mixin.py:137} INFO - [2025-02-08T22:10:14.272+0000] {dag.py:3441} INFO - Setting next_dagrun for example_xcom to 2021-01-01T00:00:00+00:00, run_after=2021-01-01T00:00:00+00:00
[2025-02-08T22:10:14.306+0000] {processor.py:175} INFO - Processing /home/airflow/.local/lib/python3.7/site-packages/airflow/example_dags/example_xcom.py took 0.182 seconds
[2025-02-08T22:10:45.094+0000] {processor.py:153} INFO - Started process (PID=757) to work on /home/airflow/.local/lib/python3.7/site-packages/airflow/example_dags/example_xcom.py
[2025-02-08T22:10:45.095+0000] {processor.py:743} INFO - Processing file /home/airflow/.local/lib/python3.7/site-packages/airflow/example_dags/example_xcom.py for tasks to queue
[2025-02-08T22:10:45.096+0000] {logging_mixin.py:137} INFO - [2025-02-08T22:10:45.096+0000] {dagbag.py:538} INFO - Filling up the DagBag from /home/airflow/.local/lib/python3.7/site-packages/airflow/example_dags/example_xcom.py
[2025-02-08T22:10:45.117+0000] {processor.py:753} INFO - DAG(s) dict_keys(['example_xcom']) retrieved from /home/airflow/.local/lib/python3.7/site-packages/airflow/example_dags/example_xcom.py
[2025-02-08T22:10:45.145+0000] {logging_mixin.py:137} INFO - [2025-02-08T22:10:45.145+0000] {dag.py:2690} INFO - Sync 1 DAGs
[2025-02-08T22:10:45.171+0000] {logging_mixin.py:137} INFO - [2025-02-08T22:10:45.170+0000] {dag.py:3441} INFO - Setting next_dagrun for example_xcom to 2021-01-01T00:00:00+00:00, run_after=2021-01-01T00:00:00+00:00
[2025-02-08T22:10:45.200+0000] {processor.py:175} INFO - Processing /home/airflow/.local/lib/python3.7/site-packages/airflow/example_dags/example_xcom.py took 0.110 seconds
[2025-02-08T22:11:20.929+0000] {processor.py:153} INFO - Started process (PID=844) to work on /home/airflow/.local/lib/python3.7/site-packages/airflow/example_dags/example_xcom.py
[2025-02-08T22:11:20.931+0000] {processor.py:743} INFO - Processing file /home/airflow/.local/lib/python3.7/site-packages/airflow/example_dags/example_xcom.py for tasks to queue
[2025-02-08T22:11:20.932+0000] {logging_mixin.py:137} INFO - [2025-02-08T22:11:20.932+0000] {dagbag.py:538} INFO - Filling up the DagBag from /home/airflow/.local/lib/python3.7/site-packages/airflow/example_dags/example_xcom.py
[2025-02-08T22:11:20.969+0000] {processor.py:753} INFO - DAG(s) dict_keys(['example_xcom']) retrieved from /home/airflow/.local/lib/python3.7/site-packages/airflow/example_dags/example_xcom.py
[2025-02-08T22:11:21.015+0000] {logging_mixin.py:137} INFO - [2025-02-08T22:11:21.014+0000] {dag.py:2690} INFO - Sync 1 DAGs
[2025-02-08T22:11:21.051+0000] {logging_mixin.py:137} INFO - [2025-02-08T22:11:21.050+0000] {dag.py:3441} INFO - Setting next_dagrun for example_xcom to 2021-01-01T00:00:00+00:00, run_after=2021-01-01T00:00:00+00:00
[2025-02-08T22:11:21.085+0000] {processor.py:175} INFO - Processing /home/airflow/.local/lib/python3.7/site-packages/airflow/example_dags/example_xcom.py took 0.160 seconds
[2025-02-08T22:11:51.263+0000] {processor.py:153} INFO - Started process (PID=924) to work on /home/airflow/.local/lib/python3.7/site-packages/airflow/example_dags/example_xcom.py
[2025-02-08T22:11:51.264+0000] {processor.py:743} INFO - Processing file /home/airflow/.local/lib/python3.7/site-packages/airflow/example_dags/example_xcom.py for tasks to queue
[2025-02-08T22:11:51.265+0000] {logging_mixin.py:137} INFO - [2025-02-08T22:11:51.264+0000] {dagbag.py:538} INFO - Filling up the DagBag from /home/airflow/.local/lib/python3.7/site-packages/airflow/example_dags/example_xcom.py
[2025-02-08T22:11:51.288+0000] {processor.py:753} INFO - DAG(s) dict_keys(['example_xcom']) retrieved from /home/airflow/.local/lib/python3.7/site-packages/airflow/example_dags/example_xcom.py
[2025-02-08T22:11:51.314+0000] {logging_mixin.py:137} INFO - [2025-02-08T22:11:51.314+0000] {dag.py:2690} INFO - Sync 1 DAGs
[2025-02-08T22:11:51.338+0000] {logging_mixin.py:137} INFO - [2025-02-08T22:11:51.338+0000] {dag.py:3441} INFO - Setting next_dagrun for example_xcom to 2021-01-01T00:00:00+00:00, run_after=2021-01-01T00:00:00+00:00
[2025-02-08T22:11:51.360+0000] {processor.py:175} INFO - Processing /home/airflow/.local/lib/python3.7/site-packages/airflow/example_dags/example_xcom.py took 0.101 seconds
[2025-02-08T22:12:21.572+0000] {processor.py:153} INFO - Started process (PID=1003) to work on /home/airflow/.local/lib/python3.7/site-packages/airflow/example_dags/example_xcom.py
[2025-02-08T22:12:21.573+0000] {processor.py:743} INFO - Processing file /home/airflow/.local/lib/python3.7/site-packages/airflow/example_dags/example_xcom.py for tasks to queue
[2025-02-08T22:12:21.574+0000] {logging_mixin.py:137} INFO - [2025-02-08T22:12:21.574+0000] {dagbag.py:538} INFO - Filling up the DagBag from /home/airflow/.local/lib/python3.7/site-packages/airflow/example_dags/example_xcom.py
[2025-02-08T22:12:21.598+0000] {processor.py:753} INFO - DAG(s) dict_keys(['example_xcom']) retrieved from /home/airflow/.local/lib/python3.7/site-packages/airflow/example_dags/example_xcom.py
[2025-02-08T22:12:21.625+0000] {logging_mixin.py:137} INFO - [2025-02-08T22:12:21.625+0000] {dag.py:2690} INFO - Sync 1 DAGs
[2025-02-08T22:12:21.654+0000] {logging_mixin.py:137} INFO - [2025-02-08T22:12:21.653+0000] {dag.py:3441} INFO - Setting next_dagrun for example_xcom to 2021-01-01T00:00:00+00:00, run_after=2021-01-01T00:00:00+00:00
[2025-02-08T22:12:21.681+0000] {processor.py:175} INFO - Processing /home/airflow/.local/lib/python3.7/site-packages/airflow/example_dags/example_xcom.py took 0.112 seconds
[2025-02-08T22:12:52.216+0000] {processor.py:153} INFO - Started process (PID=1081) to work on /home/airflow/.local/lib/python3.7/site-packages/airflow/example_dags/example_xcom.py
[2025-02-08T22:12:52.217+0000] {processor.py:743} INFO - Processing file /home/airflow/.local/lib/python3.7/site-packages/airflow/example_dags/example_xcom.py for tasks to queue
[2025-02-08T22:12:52.218+0000] {logging_mixin.py:137} INFO - [2025-02-08T22:12:52.218+0000] {dagbag.py:538} INFO - Filling up the DagBag from /home/airflow/.local/lib/python3.7/site-packages/airflow/example_dags/example_xcom.py
[2025-02-08T22:12:52.244+0000] {processor.py:753} INFO - DAG(s) dict_keys(['example_xcom']) retrieved from /home/airflow/.local/lib/python3.7/site-packages/airflow/example_dags/example_xcom.py
[2025-02-08T22:12:52.273+0000] {logging_mixin.py:137} INFO - [2025-02-08T22:12:52.273+0000] {dag.py:2690} INFO - Sync 1 DAGs
[2025-02-08T22:12:52.304+0000] {logging_mixin.py:137} INFO - [2025-02-08T22:12:52.304+0000] {dag.py:3441} INFO - Setting next_dagrun for example_xcom to 2021-01-01T00:00:00+00:00, run_after=2021-01-01T00:00:00+00:00
[2025-02-08T22:12:52.333+0000] {processor.py:175} INFO - Processing /home/airflow/.local/lib/python3.7/site-packages/airflow/example_dags/example_xcom.py took 0.121 seconds
[2025-02-08T22:13:22.408+0000] {processor.py:153} INFO - Started process (PID=1161) to work on /home/airflow/.local/lib/python3.7/site-packages/airflow/example_dags/example_xcom.py
[2025-02-08T22:13:22.408+0000] {processor.py:743} INFO - Processing file /home/airflow/.local/lib/python3.7/site-packages/airflow/example_dags/example_xcom.py for tasks to queue
[2025-02-08T22:13:22.409+0000] {logging_mixin.py:137} INFO - [2025-02-08T22:13:22.409+0000] {dagbag.py:538} INFO - Filling up the DagBag from /home/airflow/.local/lib/python3.7/site-packages/airflow/example_dags/example_xcom.py
[2025-02-08T22:13:22.432+0000] {processor.py:753} INFO - DAG(s) dict_keys(['example_xcom']) retrieved from /home/airflow/.local/lib/python3.7/site-packages/airflow/example_dags/example_xcom.py
[2025-02-08T22:13:22.458+0000] {logging_mixin.py:137} INFO - [2025-02-08T22:13:22.458+0000] {dag.py:2690} INFO - Sync 1 DAGs
[2025-02-08T22:13:22.483+0000] {logging_mixin.py:137} INFO - [2025-02-08T22:13:22.482+0000] {dag.py:3441} INFO - Setting next_dagrun for example_xcom to 2021-01-01T00:00:00+00:00, run_after=2021-01-01T00:00:00+00:00
[2025-02-08T22:13:22.507+0000] {processor.py:175} INFO - Processing /home/airflow/.local/lib/python3.7/site-packages/airflow/example_dags/example_xcom.py took 0.102 seconds
[2025-02-08T22:13:53.334+0000] {processor.py:153} INFO - Started process (PID=1239) to work on /home/airflow/.local/lib/python3.7/site-packages/airflow/example_dags/example_xcom.py
[2025-02-08T22:13:53.335+0000] {processor.py:743} INFO - Processing file /home/airflow/.local/lib/python3.7/site-packages/airflow/example_dags/example_xcom.py for tasks to queue
[2025-02-08T22:13:53.336+0000] {logging_mixin.py:137} INFO - [2025-02-08T22:13:53.336+0000] {dagbag.py:538} INFO - Filling up the DagBag from /home/airflow/.local/lib/python3.7/site-packages/airflow/example_dags/example_xcom.py
[2025-02-08T22:13:53.368+0000] {processor.py:753} INFO - DAG(s) dict_keys(['example_xcom']) retrieved from /home/airflow/.local/lib/python3.7/site-packages/airflow/example_dags/example_xcom.py
[2025-02-08T22:13:53.404+0000] {logging_mixin.py:137} INFO - [2025-02-08T22:13:53.404+0000] {dag.py:2690} INFO - Sync 1 DAGs
[2025-02-08T22:13:53.439+0000] {logging_mixin.py:137} INFO - [2025-02-08T22:13:53.438+0000] {dag.py:3441} INFO - Setting next_dagrun for example_xcom to 2021-01-01T00:00:00+00:00, run_after=2021-01-01T00:00:00+00:00
[2025-02-08T22:13:53.479+0000] {processor.py:175} INFO - Processing /home/airflow/.local/lib/python3.7/site-packages/airflow/example_dags/example_xcom.py took 0.150 seconds
[2025-02-08T22:14:25.294+0000] {processor.py:153} INFO - Started process (PID=1319) to work on /home/airflow/.local/lib/python3.7/site-packages/airflow/example_dags/example_xcom.py
[2025-02-08T22:14:25.299+0000] {processor.py:743} INFO - Processing file /home/airflow/.local/lib/python3.7/site-packages/airflow/example_dags/example_xcom.py for tasks to queue
[2025-02-08T22:14:25.303+0000] {logging_mixin.py:137} INFO - [2025-02-08T22:14:25.303+0000] {dagbag.py:538} INFO - Filling up the DagBag from /home/airflow/.local/lib/python3.7/site-packages/airflow/example_dags/example_xcom.py
[2025-02-08T22:14:25.392+0000] {processor.py:753} INFO - DAG(s) dict_keys(['example_xcom']) retrieved from /home/airflow/.local/lib/python3.7/site-packages/airflow/example_dags/example_xcom.py
[2025-02-08T22:14:25.474+0000] {logging_mixin.py:137} INFO - [2025-02-08T22:14:25.474+0000] {dag.py:2690} INFO - Sync 1 DAGs
[2025-02-08T22:14:25.541+0000] {logging_mixin.py:137} INFO - [2025-02-08T22:14:25.541+0000] {dag.py:3441} INFO - Setting next_dagrun for example_xcom to 2021-01-01T00:00:00+00:00, run_after=2021-01-01T00:00:00+00:00
[2025-02-08T22:14:25.608+0000] {processor.py:175} INFO - Processing /home/airflow/.local/lib/python3.7/site-packages/airflow/example_dags/example_xcom.py took 0.322 seconds
[2025-02-08T22:14:56.445+0000] {processor.py:153} INFO - Started process (PID=1390) to work on /home/airflow/.local/lib/python3.7/site-packages/airflow/example_dags/example_xcom.py
[2025-02-08T22:14:56.446+0000] {processor.py:743} INFO - Processing file /home/airflow/.local/lib/python3.7/site-packages/airflow/example_dags/example_xcom.py for tasks to queue
[2025-02-08T22:14:56.447+0000] {logging_mixin.py:137} INFO - [2025-02-08T22:14:56.447+0000] {dagbag.py:538} INFO - Filling up the DagBag from /home/airflow/.local/lib/python3.7/site-packages/airflow/example_dags/example_xcom.py
[2025-02-08T22:14:56.473+0000] {processor.py:753} INFO - DAG(s) dict_keys(['example_xcom']) retrieved from /home/airflow/.local/lib/python3.7/site-packages/airflow/example_dags/example_xcom.py
[2025-02-08T22:14:56.509+0000] {logging_mixin.py:137} INFO - [2025-02-08T22:14:56.508+0000] {dag.py:2690} INFO - Sync 1 DAGs
[2025-02-08T22:14:56.558+0000] {logging_mixin.py:137} INFO - [2025-02-08T22:14:56.558+0000] {dag.py:3441} INFO - Setting next_dagrun for example_xcom to 2021-01-01T00:00:00+00:00, run_after=2021-01-01T00:00:00+00:00
[2025-02-08T22:14:56.603+0000] {processor.py:175} INFO - Processing /home/airflow/.local/lib/python3.7/site-packages/airflow/example_dags/example_xcom.py took 0.161 seconds
[2025-02-08T22:15:26.714+0000] {processor.py:153} INFO - Started process (PID=1461) to work on /home/airflow/.local/lib/python3.7/site-packages/airflow/example_dags/example_xcom.py
[2025-02-08T22:15:26.715+0000] {processor.py:743} INFO - Processing file /home/airflow/.local/lib/python3.7/site-packages/airflow/example_dags/example_xcom.py for tasks to queue
[2025-02-08T22:15:26.716+0000] {logging_mixin.py:137} INFO - [2025-02-08T22:15:26.716+0000] {dagbag.py:538} INFO - Filling up the DagBag from /home/airflow/.local/lib/python3.7/site-packages/airflow/example_dags/example_xcom.py
[2025-02-08T22:15:26.736+0000] {processor.py:753} INFO - DAG(s) dict_keys(['example_xcom']) retrieved from /home/airflow/.local/lib/python3.7/site-packages/airflow/example_dags/example_xcom.py
[2025-02-08T22:15:26.766+0000] {logging_mixin.py:137} INFO - [2025-02-08T22:15:26.765+0000] {dag.py:2690} INFO - Sync 1 DAGs
[2025-02-08T22:15:26.789+0000] {logging_mixin.py:137} INFO - [2025-02-08T22:15:26.789+0000] {dag.py:3441} INFO - Setting next_dagrun for example_xcom to 2021-01-01T00:00:00+00:00, run_after=2021-01-01T00:00:00+00:00
[2025-02-08T22:15:26.813+0000] {processor.py:175} INFO - Processing /home/airflow/.local/lib/python3.7/site-packages/airflow/example_dags/example_xcom.py took 0.103 seconds
[2025-02-08T22:15:57.218+0000] {processor.py:153} INFO - Started process (PID=1548) to work on /home/airflow/.local/lib/python3.7/site-packages/airflow/example_dags/example_xcom.py
[2025-02-08T22:15:57.218+0000] {processor.py:743} INFO - Processing file /home/airflow/.local/lib/python3.7/site-packages/airflow/example_dags/example_xcom.py for tasks to queue
[2025-02-08T22:15:57.219+0000] {logging_mixin.py:137} INFO - [2025-02-08T22:15:57.219+0000] {dagbag.py:538} INFO - Filling up the DagBag from /home/airflow/.local/lib/python3.7/site-packages/airflow/example_dags/example_xcom.py
[2025-02-08T22:15:57.243+0000] {processor.py:753} INFO - DAG(s) dict_keys(['example_xcom']) retrieved from /home/airflow/.local/lib/python3.7/site-packages/airflow/example_dags/example_xcom.py
[2025-02-08T22:15:57.270+0000] {logging_mixin.py:137} INFO - [2025-02-08T22:15:57.270+0000] {dag.py:2690} INFO - Sync 1 DAGs
[2025-02-08T22:15:57.299+0000] {logging_mixin.py:137} INFO - [2025-02-08T22:15:57.299+0000] {dag.py:3441} INFO - Setting next_dagrun for example_xcom to 2021-01-01T00:00:00+00:00, run_after=2021-01-01T00:00:00+00:00
[2025-02-08T22:15:57.322+0000] {processor.py:175} INFO - Processing /home/airflow/.local/lib/python3.7/site-packages/airflow/example_dags/example_xcom.py took 0.108 seconds
[2025-02-08T22:16:27.458+0000] {processor.py:153} INFO - Started process (PID=1619) to work on /home/airflow/.local/lib/python3.7/site-packages/airflow/example_dags/example_xcom.py
[2025-02-08T22:16:27.459+0000] {processor.py:743} INFO - Processing file /home/airflow/.local/lib/python3.7/site-packages/airflow/example_dags/example_xcom.py for tasks to queue
[2025-02-08T22:16:27.460+0000] {logging_mixin.py:137} INFO - [2025-02-08T22:16:27.460+0000] {dagbag.py:538} INFO - Filling up the DagBag from /home/airflow/.local/lib/python3.7/site-packages/airflow/example_dags/example_xcom.py
[2025-02-08T22:16:27.481+0000] {processor.py:753} INFO - DAG(s) dict_keys(['example_xcom']) retrieved from /home/airflow/.local/lib/python3.7/site-packages/airflow/example_dags/example_xcom.py
[2025-02-08T22:16:27.508+0000] {logging_mixin.py:137} INFO - [2025-02-08T22:16:27.508+0000] {dag.py:2690} INFO - Sync 1 DAGs
[2025-02-08T22:16:27.532+0000] {logging_mixin.py:137} INFO - [2025-02-08T22:16:27.532+0000] {dag.py:3441} INFO - Setting next_dagrun for example_xcom to 2021-01-01T00:00:00+00:00, run_after=2021-01-01T00:00:00+00:00
[2025-02-08T22:16:27.557+0000] {processor.py:175} INFO - Processing /home/airflow/.local/lib/python3.7/site-packages/airflow/example_dags/example_xcom.py took 0.102 seconds
[2025-02-08T22:16:57.924+0000] {processor.py:153} INFO - Started process (PID=1706) to work on /home/airflow/.local/lib/python3.7/site-packages/airflow/example_dags/example_xcom.py
[2025-02-08T22:16:57.925+0000] {processor.py:743} INFO - Processing file /home/airflow/.local/lib/python3.7/site-packages/airflow/example_dags/example_xcom.py for tasks to queue
[2025-02-08T22:16:57.926+0000] {logging_mixin.py:137} INFO - [2025-02-08T22:16:57.926+0000] {dagbag.py:538} INFO - Filling up the DagBag from /home/airflow/.local/lib/python3.7/site-packages/airflow/example_dags/example_xcom.py
[2025-02-08T22:16:57.948+0000] {processor.py:753} INFO - DAG(s) dict_keys(['example_xcom']) retrieved from /home/airflow/.local/lib/python3.7/site-packages/airflow/example_dags/example_xcom.py
[2025-02-08T22:16:57.974+0000] {logging_mixin.py:137} INFO - [2025-02-08T22:16:57.974+0000] {dag.py:2690} INFO - Sync 1 DAGs
[2025-02-08T22:16:57.998+0000] {logging_mixin.py:137} INFO - [2025-02-08T22:16:57.998+0000] {dag.py:3441} INFO - Setting next_dagrun for example_xcom to 2021-01-01T00:00:00+00:00, run_after=2021-01-01T00:00:00+00:00
[2025-02-08T22:16:58.023+0000] {processor.py:175} INFO - Processing /home/airflow/.local/lib/python3.7/site-packages/airflow/example_dags/example_xcom.py took 0.101 seconds
[2025-02-08T22:17:28.531+0000] {processor.py:153} INFO - Started process (PID=1777) to work on /home/airflow/.local/lib/python3.7/site-packages/airflow/example_dags/example_xcom.py
[2025-02-08T22:17:28.533+0000] {processor.py:743} INFO - Processing file /home/airflow/.local/lib/python3.7/site-packages/airflow/example_dags/example_xcom.py for tasks to queue
[2025-02-08T22:17:28.534+0000] {logging_mixin.py:137} INFO - [2025-02-08T22:17:28.534+0000] {dagbag.py:538} INFO - Filling up the DagBag from /home/airflow/.local/lib/python3.7/site-packages/airflow/example_dags/example_xcom.py
[2025-02-08T22:17:28.560+0000] {processor.py:753} INFO - DAG(s) dict_keys(['example_xcom']) retrieved from /home/airflow/.local/lib/python3.7/site-packages/airflow/example_dags/example_xcom.py
[2025-02-08T22:17:28.586+0000] {logging_mixin.py:137} INFO - [2025-02-08T22:17:28.586+0000] {dag.py:2690} INFO - Sync 1 DAGs
[2025-02-08T22:17:28.609+0000] {logging_mixin.py:137} INFO - [2025-02-08T22:17:28.609+0000] {dag.py:3441} INFO - Setting next_dagrun for example_xcom to 2021-01-01T00:00:00+00:00, run_after=2021-01-01T00:00:00+00:00
[2025-02-08T22:17:28.647+0000] {processor.py:175} INFO - Processing /home/airflow/.local/lib/python3.7/site-packages/airflow/example_dags/example_xcom.py took 0.121 seconds
[2025-02-08T22:17:58.841+0000] {processor.py:153} INFO - Started process (PID=1864) to work on /home/airflow/.local/lib/python3.7/site-packages/airflow/example_dags/example_xcom.py
[2025-02-08T22:17:58.842+0000] {processor.py:743} INFO - Processing file /home/airflow/.local/lib/python3.7/site-packages/airflow/example_dags/example_xcom.py for tasks to queue
[2025-02-08T22:17:58.843+0000] {logging_mixin.py:137} INFO - [2025-02-08T22:17:58.843+0000] {dagbag.py:538} INFO - Filling up the DagBag from /home/airflow/.local/lib/python3.7/site-packages/airflow/example_dags/example_xcom.py
[2025-02-08T22:17:58.869+0000] {processor.py:753} INFO - DAG(s) dict_keys(['example_xcom']) retrieved from /home/airflow/.local/lib/python3.7/site-packages/airflow/example_dags/example_xcom.py
[2025-02-08T22:17:58.896+0000] {logging_mixin.py:137} INFO - [2025-02-08T22:17:58.896+0000] {dag.py:2690} INFO - Sync 1 DAGs
[2025-02-08T22:17:58.922+0000] {logging_mixin.py:137} INFO - [2025-02-08T22:17:58.922+0000] {dag.py:3441} INFO - Setting next_dagrun for example_xcom to 2021-01-01T00:00:00+00:00, run_after=2021-01-01T00:00:00+00:00
[2025-02-08T22:17:58.949+0000] {processor.py:175} INFO - Processing /home/airflow/.local/lib/python3.7/site-packages/airflow/example_dags/example_xcom.py took 0.111 seconds
[2025-02-08T22:18:29.625+0000] {processor.py:153} INFO - Started process (PID=1935) to work on /home/airflow/.local/lib/python3.7/site-packages/airflow/example_dags/example_xcom.py
[2025-02-08T22:18:29.626+0000] {processor.py:743} INFO - Processing file /home/airflow/.local/lib/python3.7/site-packages/airflow/example_dags/example_xcom.py for tasks to queue
[2025-02-08T22:18:29.627+0000] {logging_mixin.py:137} INFO - [2025-02-08T22:18:29.627+0000] {dagbag.py:538} INFO - Filling up the DagBag from /home/airflow/.local/lib/python3.7/site-packages/airflow/example_dags/example_xcom.py
[2025-02-08T22:18:29.654+0000] {processor.py:753} INFO - DAG(s) dict_keys(['example_xcom']) retrieved from /home/airflow/.local/lib/python3.7/site-packages/airflow/example_dags/example_xcom.py
[2025-02-08T22:18:29.684+0000] {logging_mixin.py:137} INFO - [2025-02-08T22:18:29.683+0000] {dag.py:2690} INFO - Sync 1 DAGs
[2025-02-08T22:18:29.712+0000] {logging_mixin.py:137} INFO - [2025-02-08T22:18:29.712+0000] {dag.py:3441} INFO - Setting next_dagrun for example_xcom to 2021-01-01T00:00:00+00:00, run_after=2021-01-01T00:00:00+00:00
[2025-02-08T22:18:29.741+0000] {processor.py:175} INFO - Processing /home/airflow/.local/lib/python3.7/site-packages/airflow/example_dags/example_xcom.py took 0.120 seconds
[2025-02-08T22:19:00.289+0000] {processor.py:153} INFO - Started process (PID=2022) to work on /home/airflow/.local/lib/python3.7/site-packages/airflow/example_dags/example_xcom.py
[2025-02-08T22:19:00.290+0000] {processor.py:743} INFO - Processing file /home/airflow/.local/lib/python3.7/site-packages/airflow/example_dags/example_xcom.py for tasks to queue
[2025-02-08T22:19:00.290+0000] {logging_mixin.py:137} INFO - [2025-02-08T22:19:00.290+0000] {dagbag.py:538} INFO - Filling up the DagBag from /home/airflow/.local/lib/python3.7/site-packages/airflow/example_dags/example_xcom.py
[2025-02-08T22:19:00.321+0000] {processor.py:753} INFO - DAG(s) dict_keys(['example_xcom']) retrieved from /home/airflow/.local/lib/python3.7/site-packages/airflow/example_dags/example_xcom.py
[2025-02-08T22:19:00.352+0000] {logging_mixin.py:137} INFO - [2025-02-08T22:19:00.352+0000] {dag.py:2690} INFO - Sync 1 DAGs
[2025-02-08T22:19:00.379+0000] {logging_mixin.py:137} INFO - [2025-02-08T22:19:00.378+0000] {dag.py:3441} INFO - Setting next_dagrun for example_xcom to 2021-01-01T00:00:00+00:00, run_after=2021-01-01T00:00:00+00:00
[2025-02-08T22:19:00.405+0000] {processor.py:175} INFO - Processing /home/airflow/.local/lib/python3.7/site-packages/airflow/example_dags/example_xcom.py took 0.119 seconds
[2025-02-08T22:19:30.869+0000] {processor.py:153} INFO - Started process (PID=2093) to work on /home/airflow/.local/lib/python3.7/site-packages/airflow/example_dags/example_xcom.py
[2025-02-08T22:19:30.871+0000] {processor.py:743} INFO - Processing file /home/airflow/.local/lib/python3.7/site-packages/airflow/example_dags/example_xcom.py for tasks to queue
[2025-02-08T22:19:30.873+0000] {logging_mixin.py:137} INFO - [2025-02-08T22:19:30.873+0000] {dagbag.py:538} INFO - Filling up the DagBag from /home/airflow/.local/lib/python3.7/site-packages/airflow/example_dags/example_xcom.py
[2025-02-08T22:19:30.939+0000] {processor.py:753} INFO - DAG(s) dict_keys(['example_xcom']) retrieved from /home/airflow/.local/lib/python3.7/site-packages/airflow/example_dags/example_xcom.py
[2025-02-08T22:19:31.022+0000] {logging_mixin.py:137} INFO - [2025-02-08T22:19:31.022+0000] {dag.py:2690} INFO - Sync 1 DAGs
[2025-02-08T22:19:31.124+0000] {logging_mixin.py:137} INFO - [2025-02-08T22:19:31.123+0000] {dag.py:3441} INFO - Setting next_dagrun for example_xcom to 2021-01-01T00:00:00+00:00, run_after=2021-01-01T00:00:00+00:00
[2025-02-08T22:19:31.214+0000] {processor.py:175} INFO - Processing /home/airflow/.local/lib/python3.7/site-packages/airflow/example_dags/example_xcom.py took 0.373 seconds
[2025-02-08T22:20:01.477+0000] {processor.py:153} INFO - Started process (PID=2170) to work on /home/airflow/.local/lib/python3.7/site-packages/airflow/example_dags/example_xcom.py
[2025-02-08T22:20:01.478+0000] {processor.py:743} INFO - Processing file /home/airflow/.local/lib/python3.7/site-packages/airflow/example_dags/example_xcom.py for tasks to queue
[2025-02-08T22:20:01.479+0000] {logging_mixin.py:137} INFO - [2025-02-08T22:20:01.479+0000] {dagbag.py:538} INFO - Filling up the DagBag from /home/airflow/.local/lib/python3.7/site-packages/airflow/example_dags/example_xcom.py
[2025-02-08T22:20:01.513+0000] {processor.py:753} INFO - DAG(s) dict_keys(['example_xcom']) retrieved from /home/airflow/.local/lib/python3.7/site-packages/airflow/example_dags/example_xcom.py
[2025-02-08T22:20:01.548+0000] {logging_mixin.py:137} INFO - [2025-02-08T22:20:01.548+0000] {dag.py:2690} INFO - Sync 1 DAGs
[2025-02-08T22:20:01.583+0000] {logging_mixin.py:137} INFO - [2025-02-08T22:20:01.583+0000] {dag.py:3441} INFO - Setting next_dagrun for example_xcom to 2021-01-01T00:00:00+00:00, run_after=2021-01-01T00:00:00+00:00
[2025-02-08T22:20:01.617+0000] {processor.py:175} INFO - Processing /home/airflow/.local/lib/python3.7/site-packages/airflow/example_dags/example_xcom.py took 0.145 seconds
[2025-02-08T22:20:32.272+0000] {processor.py:153} INFO - Started process (PID=2250) to work on /home/airflow/.local/lib/python3.7/site-packages/airflow/example_dags/example_xcom.py
[2025-02-08T22:20:32.273+0000] {processor.py:743} INFO - Processing file /home/airflow/.local/lib/python3.7/site-packages/airflow/example_dags/example_xcom.py for tasks to queue
[2025-02-08T22:20:32.275+0000] {logging_mixin.py:137} INFO - [2025-02-08T22:20:32.275+0000] {dagbag.py:538} INFO - Filling up the DagBag from /home/airflow/.local/lib/python3.7/site-packages/airflow/example_dags/example_xcom.py
[2025-02-08T22:20:32.303+0000] {processor.py:753} INFO - DAG(s) dict_keys(['example_xcom']) retrieved from /home/airflow/.local/lib/python3.7/site-packages/airflow/example_dags/example_xcom.py
[2025-02-08T22:20:32.350+0000] {logging_mixin.py:137} INFO - [2025-02-08T22:20:32.350+0000] {dag.py:2690} INFO - Sync 1 DAGs
[2025-02-08T22:20:32.401+0000] {logging_mixin.py:137} INFO - [2025-02-08T22:20:32.401+0000] {dag.py:3441} INFO - Setting next_dagrun for example_xcom to 2021-01-01T00:00:00+00:00, run_after=2021-01-01T00:00:00+00:00
[2025-02-08T22:20:32.433+0000] {processor.py:175} INFO - Processing /home/airflow/.local/lib/python3.7/site-packages/airflow/example_dags/example_xcom.py took 0.165 seconds
[2025-02-08T22:21:02.593+0000] {processor.py:153} INFO - Started process (PID=2320) to work on /home/airflow/.local/lib/python3.7/site-packages/airflow/example_dags/example_xcom.py
[2025-02-08T22:21:02.594+0000] {processor.py:743} INFO - Processing file /home/airflow/.local/lib/python3.7/site-packages/airflow/example_dags/example_xcom.py for tasks to queue
[2025-02-08T22:21:02.595+0000] {logging_mixin.py:137} INFO - [2025-02-08T22:21:02.595+0000] {dagbag.py:538} INFO - Filling up the DagBag from /home/airflow/.local/lib/python3.7/site-packages/airflow/example_dags/example_xcom.py
[2025-02-08T22:21:02.617+0000] {processor.py:753} INFO - DAG(s) dict_keys(['example_xcom']) retrieved from /home/airflow/.local/lib/python3.7/site-packages/airflow/example_dags/example_xcom.py
[2025-02-08T22:21:02.644+0000] {logging_mixin.py:137} INFO - [2025-02-08T22:21:02.644+0000] {dag.py:2690} INFO - Sync 1 DAGs
[2025-02-08T22:21:02.670+0000] {logging_mixin.py:137} INFO - [2025-02-08T22:21:02.670+0000] {dag.py:3441} INFO - Setting next_dagrun for example_xcom to 2021-01-01T00:00:00+00:00, run_after=2021-01-01T00:00:00+00:00
[2025-02-08T22:21:02.693+0000] {processor.py:175} INFO - Processing /home/airflow/.local/lib/python3.7/site-packages/airflow/example_dags/example_xcom.py took 0.104 seconds
[2025-02-08T22:21:33.248+0000] {processor.py:153} INFO - Started process (PID=2407) to work on /home/airflow/.local/lib/python3.7/site-packages/airflow/example_dags/example_xcom.py
[2025-02-08T22:21:33.250+0000] {processor.py:743} INFO - Processing file /home/airflow/.local/lib/python3.7/site-packages/airflow/example_dags/example_xcom.py for tasks to queue
[2025-02-08T22:21:33.251+0000] {logging_mixin.py:137} INFO - [2025-02-08T22:21:33.251+0000] {dagbag.py:538} INFO - Filling up the DagBag from /home/airflow/.local/lib/python3.7/site-packages/airflow/example_dags/example_xcom.py
[2025-02-08T22:21:33.290+0000] {processor.py:753} INFO - DAG(s) dict_keys(['example_xcom']) retrieved from /home/airflow/.local/lib/python3.7/site-packages/airflow/example_dags/example_xcom.py
[2025-02-08T22:21:33.323+0000] {logging_mixin.py:137} INFO - [2025-02-08T22:21:33.323+0000] {dag.py:2690} INFO - Sync 1 DAGs
[2025-02-08T22:21:33.356+0000] {logging_mixin.py:137} INFO - [2025-02-08T22:21:33.355+0000] {dag.py:3441} INFO - Setting next_dagrun for example_xcom to 2021-01-01T00:00:00+00:00, run_after=2021-01-01T00:00:00+00:00
[2025-02-08T22:21:33.387+0000] {processor.py:175} INFO - Processing /home/airflow/.local/lib/python3.7/site-packages/airflow/example_dags/example_xcom.py took 0.145 seconds
[2025-02-08T22:22:03.482+0000] {processor.py:153} INFO - Started process (PID=2478) to work on /home/airflow/.local/lib/python3.7/site-packages/airflow/example_dags/example_xcom.py
[2025-02-08T22:22:03.483+0000] {processor.py:743} INFO - Processing file /home/airflow/.local/lib/python3.7/site-packages/airflow/example_dags/example_xcom.py for tasks to queue
[2025-02-08T22:22:03.484+0000] {logging_mixin.py:137} INFO - [2025-02-08T22:22:03.484+0000] {dagbag.py:538} INFO - Filling up the DagBag from /home/airflow/.local/lib/python3.7/site-packages/airflow/example_dags/example_xcom.py
[2025-02-08T22:22:03.506+0000] {processor.py:753} INFO - DAG(s) dict_keys(['example_xcom']) retrieved from /home/airflow/.local/lib/python3.7/site-packages/airflow/example_dags/example_xcom.py
[2025-02-08T22:22:03.539+0000] {logging_mixin.py:137} INFO - [2025-02-08T22:22:03.539+0000] {dag.py:2690} INFO - Sync 1 DAGs
[2025-02-08T22:22:03.569+0000] {logging_mixin.py:137} INFO - [2025-02-08T22:22:03.569+0000] {dag.py:3441} INFO - Setting next_dagrun for example_xcom to 2021-01-01T00:00:00+00:00, run_after=2021-01-01T00:00:00+00:00
[2025-02-08T22:22:03.598+0000] {processor.py:175} INFO - Processing /home/airflow/.local/lib/python3.7/site-packages/airflow/example_dags/example_xcom.py took 0.119 seconds
[2025-02-08T22:22:34.114+0000] {processor.py:153} INFO - Started process (PID=2558) to work on /home/airflow/.local/lib/python3.7/site-packages/airflow/example_dags/example_xcom.py
[2025-02-08T22:22:34.116+0000] {processor.py:743} INFO - Processing file /home/airflow/.local/lib/python3.7/site-packages/airflow/example_dags/example_xcom.py for tasks to queue
[2025-02-08T22:22:34.117+0000] {logging_mixin.py:137} INFO - [2025-02-08T22:22:34.117+0000] {dagbag.py:538} INFO - Filling up the DagBag from /home/airflow/.local/lib/python3.7/site-packages/airflow/example_dags/example_xcom.py
[2025-02-08T22:22:34.143+0000] {processor.py:753} INFO - DAG(s) dict_keys(['example_xcom']) retrieved from /home/airflow/.local/lib/python3.7/site-packages/airflow/example_dags/example_xcom.py
[2025-02-08T22:22:34.174+0000] {logging_mixin.py:137} INFO - [2025-02-08T22:22:34.173+0000] {dag.py:2690} INFO - Sync 1 DAGs
[2025-02-08T22:22:34.204+0000] {logging_mixin.py:137} INFO - [2025-02-08T22:22:34.203+0000] {dag.py:3441} INFO - Setting next_dagrun for example_xcom to 2021-01-01T00:00:00+00:00, run_after=2021-01-01T00:00:00+00:00
[2025-02-08T22:22:34.235+0000] {processor.py:175} INFO - Processing /home/airflow/.local/lib/python3.7/site-packages/airflow/example_dags/example_xcom.py took 0.126 seconds
[2025-02-08T22:23:05.607+0000] {processor.py:153} INFO - Started process (PID=2636) to work on /home/airflow/.local/lib/python3.7/site-packages/airflow/example_dags/example_xcom.py
[2025-02-08T22:23:05.609+0000] {processor.py:743} INFO - Processing file /home/airflow/.local/lib/python3.7/site-packages/airflow/example_dags/example_xcom.py for tasks to queue
[2025-02-08T22:23:05.610+0000] {logging_mixin.py:137} INFO - [2025-02-08T22:23:05.610+0000] {dagbag.py:538} INFO - Filling up the DagBag from /home/airflow/.local/lib/python3.7/site-packages/airflow/example_dags/example_xcom.py
[2025-02-08T22:23:05.647+0000] {processor.py:753} INFO - DAG(s) dict_keys(['example_xcom']) retrieved from /home/airflow/.local/lib/python3.7/site-packages/airflow/example_dags/example_xcom.py
[2025-02-08T22:23:05.694+0000] {logging_mixin.py:137} INFO - [2025-02-08T22:23:05.694+0000] {dag.py:2690} INFO - Sync 1 DAGs
[2025-02-08T22:23:05.752+0000] {logging_mixin.py:137} INFO - [2025-02-08T22:23:05.752+0000] {dag.py:3441} INFO - Setting next_dagrun for example_xcom to 2021-01-01T00:00:00+00:00, run_after=2021-01-01T00:00:00+00:00
[2025-02-08T22:23:05.792+0000] {processor.py:175} INFO - Processing /home/airflow/.local/lib/python3.7/site-packages/airflow/example_dags/example_xcom.py took 0.190 seconds
[2025-02-08T22:23:36.218+0000] {processor.py:153} INFO - Started process (PID=2723) to work on /home/airflow/.local/lib/python3.7/site-packages/airflow/example_dags/example_xcom.py
[2025-02-08T22:23:36.221+0000] {processor.py:743} INFO - Processing file /home/airflow/.local/lib/python3.7/site-packages/airflow/example_dags/example_xcom.py for tasks to queue
[2025-02-08T22:23:36.222+0000] {logging_mixin.py:137} INFO - [2025-02-08T22:23:36.222+0000] {dagbag.py:538} INFO - Filling up the DagBag from /home/airflow/.local/lib/python3.7/site-packages/airflow/example_dags/example_xcom.py
[2025-02-08T22:23:36.267+0000] {processor.py:753} INFO - DAG(s) dict_keys(['example_xcom']) retrieved from /home/airflow/.local/lib/python3.7/site-packages/airflow/example_dags/example_xcom.py
[2025-02-08T22:23:36.313+0000] {logging_mixin.py:137} INFO - [2025-02-08T22:23:36.312+0000] {dag.py:2690} INFO - Sync 1 DAGs
[2025-02-08T22:23:36.368+0000] {logging_mixin.py:137} INFO - [2025-02-08T22:23:36.367+0000] {dag.py:3441} INFO - Setting next_dagrun for example_xcom to 2021-01-01T00:00:00+00:00, run_after=2021-01-01T00:00:00+00:00
[2025-02-08T22:23:36.407+0000] {processor.py:175} INFO - Processing /home/airflow/.local/lib/python3.7/site-packages/airflow/example_dags/example_xcom.py took 0.196 seconds
[2025-02-08T22:24:06.972+0000] {processor.py:153} INFO - Started process (PID=2794) to work on /home/airflow/.local/lib/python3.7/site-packages/airflow/example_dags/example_xcom.py
[2025-02-08T22:24:06.973+0000] {processor.py:743} INFO - Processing file /home/airflow/.local/lib/python3.7/site-packages/airflow/example_dags/example_xcom.py for tasks to queue
[2025-02-08T22:24:06.975+0000] {logging_mixin.py:137} INFO - [2025-02-08T22:24:06.975+0000] {dagbag.py:538} INFO - Filling up the DagBag from /home/airflow/.local/lib/python3.7/site-packages/airflow/example_dags/example_xcom.py
[2025-02-08T22:24:07.022+0000] {processor.py:753} INFO - DAG(s) dict_keys(['example_xcom']) retrieved from /home/airflow/.local/lib/python3.7/site-packages/airflow/example_dags/example_xcom.py
[2025-02-08T22:24:07.070+0000] {logging_mixin.py:137} INFO - [2025-02-08T22:24:07.070+0000] {dag.py:2690} INFO - Sync 1 DAGs
[2025-02-08T22:24:07.130+0000] {logging_mixin.py:137} INFO - [2025-02-08T22:24:07.129+0000] {dag.py:3441} INFO - Setting next_dagrun for example_xcom to 2021-01-01T00:00:00+00:00, run_after=2021-01-01T00:00:00+00:00
[2025-02-08T22:24:07.166+0000] {processor.py:175} INFO - Processing /home/airflow/.local/lib/python3.7/site-packages/airflow/example_dags/example_xcom.py took 0.203 seconds
[2025-02-08T22:24:38.872+0000] {processor.py:153} INFO - Started process (PID=2865) to work on /home/airflow/.local/lib/python3.7/site-packages/airflow/example_dags/example_xcom.py
[2025-02-08T22:24:38.874+0000] {processor.py:743} INFO - Processing file /home/airflow/.local/lib/python3.7/site-packages/airflow/example_dags/example_xcom.py for tasks to queue
[2025-02-08T22:24:38.876+0000] {logging_mixin.py:137} INFO - [2025-02-08T22:24:38.875+0000] {dagbag.py:538} INFO - Filling up the DagBag from /home/airflow/.local/lib/python3.7/site-packages/airflow/example_dags/example_xcom.py
[2025-02-08T22:24:38.918+0000] {processor.py:753} INFO - DAG(s) dict_keys(['example_xcom']) retrieved from /home/airflow/.local/lib/python3.7/site-packages/airflow/example_dags/example_xcom.py
[2025-02-08T22:24:38.960+0000] {logging_mixin.py:137} INFO - [2025-02-08T22:24:38.960+0000] {dag.py:2690} INFO - Sync 1 DAGs
[2025-02-08T22:24:39.012+0000] {logging_mixin.py:137} INFO - [2025-02-08T22:24:39.011+0000] {dag.py:3441} INFO - Setting next_dagrun for example_xcom to 2021-01-01T00:00:00+00:00, run_after=2021-01-01T00:00:00+00:00
[2025-02-08T22:24:39.052+0000] {processor.py:175} INFO - Processing /home/airflow/.local/lib/python3.7/site-packages/airflow/example_dags/example_xcom.py took 0.185 seconds
[2025-02-08T22:25:09.471+0000] {processor.py:153} INFO - Started process (PID=2943) to work on /home/airflow/.local/lib/python3.7/site-packages/airflow/example_dags/example_xcom.py
[2025-02-08T22:25:09.474+0000] {processor.py:743} INFO - Processing file /home/airflow/.local/lib/python3.7/site-packages/airflow/example_dags/example_xcom.py for tasks to queue
[2025-02-08T22:25:09.475+0000] {logging_mixin.py:137} INFO - [2025-02-08T22:25:09.475+0000] {dagbag.py:538} INFO - Filling up the DagBag from /home/airflow/.local/lib/python3.7/site-packages/airflow/example_dags/example_xcom.py
[2025-02-08T22:25:09.518+0000] {processor.py:753} INFO - DAG(s) dict_keys(['example_xcom']) retrieved from /home/airflow/.local/lib/python3.7/site-packages/airflow/example_dags/example_xcom.py
[2025-02-08T22:25:09.564+0000] {logging_mixin.py:137} INFO - [2025-02-08T22:25:09.564+0000] {dag.py:2690} INFO - Sync 1 DAGs
[2025-02-08T22:25:09.627+0000] {logging_mixin.py:137} INFO - [2025-02-08T22:25:09.627+0000] {dag.py:3441} INFO - Setting next_dagrun for example_xcom to 2021-01-01T00:00:00+00:00, run_after=2021-01-01T00:00:00+00:00
[2025-02-08T22:25:09.666+0000] {processor.py:175} INFO - Processing /home/airflow/.local/lib/python3.7/site-packages/airflow/example_dags/example_xcom.py took 0.200 seconds
[2025-02-08T22:25:39.759+0000] {processor.py:153} INFO - Started process (PID=3023) to work on /home/airflow/.local/lib/python3.7/site-packages/airflow/example_dags/example_xcom.py
[2025-02-08T22:25:39.760+0000] {processor.py:743} INFO - Processing file /home/airflow/.local/lib/python3.7/site-packages/airflow/example_dags/example_xcom.py for tasks to queue
[2025-02-08T22:25:39.761+0000] {logging_mixin.py:137} INFO - [2025-02-08T22:25:39.761+0000] {dagbag.py:538} INFO - Filling up the DagBag from /home/airflow/.local/lib/python3.7/site-packages/airflow/example_dags/example_xcom.py
[2025-02-08T22:25:39.803+0000] {processor.py:753} INFO - DAG(s) dict_keys(['example_xcom']) retrieved from /home/airflow/.local/lib/python3.7/site-packages/airflow/example_dags/example_xcom.py
[2025-02-08T22:25:39.858+0000] {logging_mixin.py:137} INFO - [2025-02-08T22:25:39.857+0000] {dag.py:2690} INFO - Sync 1 DAGs
[2025-02-08T22:25:39.913+0000] {logging_mixin.py:137} INFO - [2025-02-08T22:25:39.913+0000] {dag.py:3441} INFO - Setting next_dagrun for example_xcom to 2021-01-01T00:00:00+00:00, run_after=2021-01-01T00:00:00+00:00
[2025-02-08T22:25:39.953+0000] {processor.py:175} INFO - Processing /home/airflow/.local/lib/python3.7/site-packages/airflow/example_dags/example_xcom.py took 0.200 seconds
[2025-02-08T22:26:10.104+0000] {processor.py:153} INFO - Started process (PID=3095) to work on /home/airflow/.local/lib/python3.7/site-packages/airflow/example_dags/example_xcom.py
[2025-02-08T22:26:10.105+0000] {processor.py:743} INFO - Processing file /home/airflow/.local/lib/python3.7/site-packages/airflow/example_dags/example_xcom.py for tasks to queue
[2025-02-08T22:26:10.106+0000] {logging_mixin.py:137} INFO - [2025-02-08T22:26:10.106+0000] {dagbag.py:538} INFO - Filling up the DagBag from /home/airflow/.local/lib/python3.7/site-packages/airflow/example_dags/example_xcom.py
[2025-02-08T22:26:10.134+0000] {processor.py:753} INFO - DAG(s) dict_keys(['example_xcom']) retrieved from /home/airflow/.local/lib/python3.7/site-packages/airflow/example_dags/example_xcom.py
[2025-02-08T22:26:10.167+0000] {logging_mixin.py:137} INFO - [2025-02-08T22:26:10.167+0000] {dag.py:2690} INFO - Sync 1 DAGs
[2025-02-08T22:26:10.199+0000] {logging_mixin.py:137} INFO - [2025-02-08T22:26:10.199+0000] {dag.py:3441} INFO - Setting next_dagrun for example_xcom to 2021-01-01T00:00:00+00:00, run_after=2021-01-01T00:00:00+00:00
[2025-02-08T22:26:10.229+0000] {processor.py:175} INFO - Processing /home/airflow/.local/lib/python3.7/site-packages/airflow/example_dags/example_xcom.py took 0.128 seconds
[2025-02-08T22:26:40.808+0000] {processor.py:153} INFO - Started process (PID=3167) to work on /home/airflow/.local/lib/python3.7/site-packages/airflow/example_dags/example_xcom.py
[2025-02-08T22:26:40.809+0000] {processor.py:743} INFO - Processing file /home/airflow/.local/lib/python3.7/site-packages/airflow/example_dags/example_xcom.py for tasks to queue
[2025-02-08T22:26:40.810+0000] {logging_mixin.py:137} INFO - [2025-02-08T22:26:40.810+0000] {dagbag.py:538} INFO - Filling up the DagBag from /home/airflow/.local/lib/python3.7/site-packages/airflow/example_dags/example_xcom.py
[2025-02-08T22:26:40.831+0000] {processor.py:753} INFO - DAG(s) dict_keys(['example_xcom']) retrieved from /home/airflow/.local/lib/python3.7/site-packages/airflow/example_dags/example_xcom.py
[2025-02-08T22:26:40.872+0000] {logging_mixin.py:137} INFO - [2025-02-08T22:26:40.871+0000] {dag.py:2690} INFO - Sync 1 DAGs
[2025-02-08T22:26:40.906+0000] {logging_mixin.py:137} INFO - [2025-02-08T22:26:40.906+0000] {dag.py:3441} INFO - Setting next_dagrun for example_xcom to 2021-01-01T00:00:00+00:00, run_after=2021-01-01T00:00:00+00:00
[2025-02-08T22:26:40.933+0000] {processor.py:175} INFO - Processing /home/airflow/.local/lib/python3.7/site-packages/airflow/example_dags/example_xcom.py took 0.128 seconds
[2025-02-08T22:27:11.846+0000] {processor.py:153} INFO - Started process (PID=3255) to work on /home/airflow/.local/lib/python3.7/site-packages/airflow/example_dags/example_xcom.py
[2025-02-08T22:27:11.847+0000] {processor.py:743} INFO - Processing file /home/airflow/.local/lib/python3.7/site-packages/airflow/example_dags/example_xcom.py for tasks to queue
[2025-02-08T22:27:11.849+0000] {logging_mixin.py:137} INFO - [2025-02-08T22:27:11.848+0000] {dagbag.py:538} INFO - Filling up the DagBag from /home/airflow/.local/lib/python3.7/site-packages/airflow/example_dags/example_xcom.py
[2025-02-08T22:27:11.884+0000] {processor.py:753} INFO - DAG(s) dict_keys(['example_xcom']) retrieved from /home/airflow/.local/lib/python3.7/site-packages/airflow/example_dags/example_xcom.py
[2025-02-08T22:27:11.925+0000] {logging_mixin.py:137} INFO - [2025-02-08T22:27:11.924+0000] {dag.py:2690} INFO - Sync 1 DAGs
[2025-02-08T22:27:11.970+0000] {logging_mixin.py:137} INFO - [2025-02-08T22:27:11.970+0000] {dag.py:3441} INFO - Setting next_dagrun for example_xcom to 2021-01-01T00:00:00+00:00, run_after=2021-01-01T00:00:00+00:00
[2025-02-08T22:27:12.019+0000] {processor.py:175} INFO - Processing /home/airflow/.local/lib/python3.7/site-packages/airflow/example_dags/example_xcom.py took 0.177 seconds
[2025-02-08T22:27:42.704+0000] {processor.py:153} INFO - Started process (PID=3334) to work on /home/airflow/.local/lib/python3.7/site-packages/airflow/example_dags/example_xcom.py
[2025-02-08T22:27:42.705+0000] {processor.py:743} INFO - Processing file /home/airflow/.local/lib/python3.7/site-packages/airflow/example_dags/example_xcom.py for tasks to queue
[2025-02-08T22:27:42.706+0000] {logging_mixin.py:137} INFO - [2025-02-08T22:27:42.706+0000] {dagbag.py:538} INFO - Filling up the DagBag from /home/airflow/.local/lib/python3.7/site-packages/airflow/example_dags/example_xcom.py
[2025-02-08T22:27:42.746+0000] {processor.py:753} INFO - DAG(s) dict_keys(['example_xcom']) retrieved from /home/airflow/.local/lib/python3.7/site-packages/airflow/example_dags/example_xcom.py
[2025-02-08T22:27:42.785+0000] {logging_mixin.py:137} INFO - [2025-02-08T22:27:42.785+0000] {dag.py:2690} INFO - Sync 1 DAGs
[2025-02-08T22:27:42.885+0000] {logging_mixin.py:137} INFO - [2025-02-08T22:27:42.884+0000] {dag.py:3441} INFO - Setting next_dagrun for example_xcom to 2021-01-01T00:00:00+00:00, run_after=2021-01-01T00:00:00+00:00
[2025-02-08T22:27:42.932+0000] {processor.py:175} INFO - Processing /home/airflow/.local/lib/python3.7/site-packages/airflow/example_dags/example_xcom.py took 0.232 seconds
