[2025-02-08T22:06:01.938+0000] {processor.py:153} INFO - Started process (PID=54) to work on /home/airflow/.local/lib/python3.7/site-packages/airflow/example_dags/example_local_kubernetes_executor.py
[2025-02-08T22:06:01.939+0000] {processor.py:743} INFO - Processing file /home/airflow/.local/lib/python3.7/site-packages/airflow/example_dags/example_local_kubernetes_executor.py for tasks to queue
[2025-02-08T22:06:01.940+0000] {logging_mixin.py:137} INFO - [2025-02-08T22:06:01.940+0000] {dagbag.py:538} INFO - Filling up the DagBag from /home/airflow/.local/lib/python3.7/site-packages/airflow/example_dags/example_local_kubernetes_executor.py
[2025-02-08T22:06:02.029+0000] {processor.py:753} INFO - DAG(s) dict_keys(['example_local_kubernetes_executor']) retrieved from /home/airflow/.local/lib/python3.7/site-packages/airflow/example_dags/example_local_kubernetes_executor.py
[2025-02-08T22:06:02.103+0000] {logging_mixin.py:137} INFO - [2025-02-08T22:06:02.103+0000] {dag.py:2690} INFO - Sync 1 DAGs
[2025-02-08T22:06:02.140+0000] {logging_mixin.py:137} INFO - [2025-02-08T22:06:02.140+0000] {dag.py:3441} INFO - Setting next_dagrun for example_local_kubernetes_executor to None, run_after=None
[2025-02-08T22:06:02.171+0000] {processor.py:175} INFO - Processing /home/airflow/.local/lib/python3.7/site-packages/airflow/example_dags/example_local_kubernetes_executor.py took 0.238 seconds
[2025-02-08T22:06:32.895+0000] {processor.py:153} INFO - Started process (PID=125) to work on /home/airflow/.local/lib/python3.7/site-packages/airflow/example_dags/example_local_kubernetes_executor.py
[2025-02-08T22:06:32.901+0000] {processor.py:743} INFO - Processing file /home/airflow/.local/lib/python3.7/site-packages/airflow/example_dags/example_local_kubernetes_executor.py for tasks to queue
[2025-02-08T22:06:32.905+0000] {logging_mixin.py:137} INFO - [2025-02-08T22:06:32.904+0000] {dagbag.py:538} INFO - Filling up the DagBag from /home/airflow/.local/lib/python3.7/site-packages/airflow/example_dags/example_local_kubernetes_executor.py
[2025-02-08T22:06:34.799+0000] {processor.py:753} INFO - DAG(s) dict_keys(['example_local_kubernetes_executor']) retrieved from /home/airflow/.local/lib/python3.7/site-packages/airflow/example_dags/example_local_kubernetes_executor.py
[2025-02-08T22:06:35.029+0000] {logging_mixin.py:137} INFO - [2025-02-08T22:06:35.028+0000] {dag.py:2690} INFO - Sync 1 DAGs
[2025-02-08T22:06:35.090+0000] {logging_mixin.py:137} INFO - [2025-02-08T22:06:35.090+0000] {dag.py:3441} INFO - Setting next_dagrun for example_local_kubernetes_executor to None, run_after=None
[2025-02-08T22:06:35.148+0000] {processor.py:175} INFO - Processing /home/airflow/.local/lib/python3.7/site-packages/airflow/example_dags/example_local_kubernetes_executor.py took 2.274 seconds
[2025-02-08T22:07:05.783+0000] {processor.py:153} INFO - Started process (PID=196) to work on /home/airflow/.local/lib/python3.7/site-packages/airflow/example_dags/example_local_kubernetes_executor.py
[2025-02-08T22:07:05.784+0000] {processor.py:743} INFO - Processing file /home/airflow/.local/lib/python3.7/site-packages/airflow/example_dags/example_local_kubernetes_executor.py for tasks to queue
[2025-02-08T22:07:05.785+0000] {logging_mixin.py:137} INFO - [2025-02-08T22:07:05.785+0000] {dagbag.py:538} INFO - Filling up the DagBag from /home/airflow/.local/lib/python3.7/site-packages/airflow/example_dags/example_local_kubernetes_executor.py
[2025-02-08T22:07:05.806+0000] {processor.py:753} INFO - DAG(s) dict_keys(['example_local_kubernetes_executor']) retrieved from /home/airflow/.local/lib/python3.7/site-packages/airflow/example_dags/example_local_kubernetes_executor.py
[2025-02-08T22:07:05.832+0000] {logging_mixin.py:137} INFO - [2025-02-08T22:07:05.832+0000] {dag.py:2690} INFO - Sync 1 DAGs
[2025-02-08T22:07:05.856+0000] {logging_mixin.py:137} INFO - [2025-02-08T22:07:05.856+0000] {dag.py:3441} INFO - Setting next_dagrun for example_local_kubernetes_executor to None, run_after=None
[2025-02-08T22:07:05.879+0000] {processor.py:175} INFO - Processing /home/airflow/.local/lib/python3.7/site-packages/airflow/example_dags/example_local_kubernetes_executor.py took 0.099 seconds
[2025-02-08T22:07:36.296+0000] {processor.py:153} INFO - Started process (PID=267) to work on /home/airflow/.local/lib/python3.7/site-packages/airflow/example_dags/example_local_kubernetes_executor.py
[2025-02-08T22:07:36.297+0000] {processor.py:743} INFO - Processing file /home/airflow/.local/lib/python3.7/site-packages/airflow/example_dags/example_local_kubernetes_executor.py for tasks to queue
[2025-02-08T22:07:36.298+0000] {logging_mixin.py:137} INFO - [2025-02-08T22:07:36.298+0000] {dagbag.py:538} INFO - Filling up the DagBag from /home/airflow/.local/lib/python3.7/site-packages/airflow/example_dags/example_local_kubernetes_executor.py
[2025-02-08T22:07:36.320+0000] {processor.py:753} INFO - DAG(s) dict_keys(['example_local_kubernetes_executor']) retrieved from /home/airflow/.local/lib/python3.7/site-packages/airflow/example_dags/example_local_kubernetes_executor.py
[2025-02-08T22:07:36.347+0000] {logging_mixin.py:137} INFO - [2025-02-08T22:07:36.347+0000] {dag.py:2690} INFO - Sync 1 DAGs
[2025-02-08T22:07:36.371+0000] {logging_mixin.py:137} INFO - [2025-02-08T22:07:36.370+0000] {dag.py:3441} INFO - Setting next_dagrun for example_local_kubernetes_executor to None, run_after=None
[2025-02-08T22:07:36.394+0000] {processor.py:175} INFO - Processing /home/airflow/.local/lib/python3.7/site-packages/airflow/example_dags/example_local_kubernetes_executor.py took 0.101 seconds
[2025-02-08T22:08:06.979+0000] {processor.py:153} INFO - Started process (PID=354) to work on /home/airflow/.local/lib/python3.7/site-packages/airflow/example_dags/example_local_kubernetes_executor.py
[2025-02-08T22:08:06.980+0000] {processor.py:743} INFO - Processing file /home/airflow/.local/lib/python3.7/site-packages/airflow/example_dags/example_local_kubernetes_executor.py for tasks to queue
[2025-02-08T22:08:06.981+0000] {logging_mixin.py:137} INFO - [2025-02-08T22:08:06.981+0000] {dagbag.py:538} INFO - Filling up the DagBag from /home/airflow/.local/lib/python3.7/site-packages/airflow/example_dags/example_local_kubernetes_executor.py
[2025-02-08T22:08:07.002+0000] {processor.py:753} INFO - DAG(s) dict_keys(['example_local_kubernetes_executor']) retrieved from /home/airflow/.local/lib/python3.7/site-packages/airflow/example_dags/example_local_kubernetes_executor.py
[2025-02-08T22:08:07.029+0000] {logging_mixin.py:137} INFO - [2025-02-08T22:08:07.029+0000] {dag.py:2690} INFO - Sync 1 DAGs
[2025-02-08T22:08:07.051+0000] {logging_mixin.py:137} INFO - [2025-02-08T22:08:07.051+0000] {dag.py:3441} INFO - Setting next_dagrun for example_local_kubernetes_executor to None, run_after=None
[2025-02-08T22:08:07.076+0000] {processor.py:175} INFO - Processing /home/airflow/.local/lib/python3.7/site-packages/airflow/example_dags/example_local_kubernetes_executor.py took 0.100 seconds
[2025-02-08T22:08:37.634+0000] {processor.py:153} INFO - Started process (PID=425) to work on /home/airflow/.local/lib/python3.7/site-packages/airflow/example_dags/example_local_kubernetes_executor.py
[2025-02-08T22:08:37.636+0000] {processor.py:743} INFO - Processing file /home/airflow/.local/lib/python3.7/site-packages/airflow/example_dags/example_local_kubernetes_executor.py for tasks to queue
[2025-02-08T22:08:37.637+0000] {logging_mixin.py:137} INFO - [2025-02-08T22:08:37.637+0000] {dagbag.py:538} INFO - Filling up the DagBag from /home/airflow/.local/lib/python3.7/site-packages/airflow/example_dags/example_local_kubernetes_executor.py
[2025-02-08T22:08:37.682+0000] {processor.py:753} INFO - DAG(s) dict_keys(['example_local_kubernetes_executor']) retrieved from /home/airflow/.local/lib/python3.7/site-packages/airflow/example_dags/example_local_kubernetes_executor.py
[2025-02-08T22:08:37.723+0000] {logging_mixin.py:137} INFO - [2025-02-08T22:08:37.723+0000] {dag.py:2690} INFO - Sync 1 DAGs
[2025-02-08T22:08:37.763+0000] {logging_mixin.py:137} INFO - [2025-02-08T22:08:37.763+0000] {dag.py:3441} INFO - Setting next_dagrun for example_local_kubernetes_executor to None, run_after=None
[2025-02-08T22:08:37.798+0000] {processor.py:175} INFO - Processing /home/airflow/.local/lib/python3.7/site-packages/airflow/example_dags/example_local_kubernetes_executor.py took 0.170 seconds
[2025-02-08T22:09:07.929+0000] {processor.py:153} INFO - Started process (PID=497) to work on /home/airflow/.local/lib/python3.7/site-packages/airflow/example_dags/example_local_kubernetes_executor.py
[2025-02-08T22:09:07.930+0000] {processor.py:743} INFO - Processing file /home/airflow/.local/lib/python3.7/site-packages/airflow/example_dags/example_local_kubernetes_executor.py for tasks to queue
[2025-02-08T22:09:07.931+0000] {logging_mixin.py:137} INFO - [2025-02-08T22:09:07.931+0000] {dagbag.py:538} INFO - Filling up the DagBag from /home/airflow/.local/lib/python3.7/site-packages/airflow/example_dags/example_local_kubernetes_executor.py
[2025-02-08T22:09:07.950+0000] {processor.py:753} INFO - DAG(s) dict_keys(['example_local_kubernetes_executor']) retrieved from /home/airflow/.local/lib/python3.7/site-packages/airflow/example_dags/example_local_kubernetes_executor.py
[2025-02-08T22:09:07.975+0000] {logging_mixin.py:137} INFO - [2025-02-08T22:09:07.975+0000] {dag.py:2690} INFO - Sync 1 DAGs
[2025-02-08T22:09:07.997+0000] {logging_mixin.py:137} INFO - [2025-02-08T22:09:07.997+0000] {dag.py:3441} INFO - Setting next_dagrun for example_local_kubernetes_executor to None, run_after=None
[2025-02-08T22:09:08.018+0000] {processor.py:175} INFO - Processing /home/airflow/.local/lib/python3.7/site-packages/airflow/example_dags/example_local_kubernetes_executor.py took 0.092 seconds
[2025-02-08T22:09:38.205+0000] {processor.py:153} INFO - Started process (PID=584) to work on /home/airflow/.local/lib/python3.7/site-packages/airflow/example_dags/example_local_kubernetes_executor.py
[2025-02-08T22:09:38.207+0000] {processor.py:743} INFO - Processing file /home/airflow/.local/lib/python3.7/site-packages/airflow/example_dags/example_local_kubernetes_executor.py for tasks to queue
[2025-02-08T22:09:38.210+0000] {logging_mixin.py:137} INFO - [2025-02-08T22:09:38.210+0000] {dagbag.py:538} INFO - Filling up the DagBag from /home/airflow/.local/lib/python3.7/site-packages/airflow/example_dags/example_local_kubernetes_executor.py
[2025-02-08T22:09:38.254+0000] {processor.py:753} INFO - DAG(s) dict_keys(['example_local_kubernetes_executor']) retrieved from /home/airflow/.local/lib/python3.7/site-packages/airflow/example_dags/example_local_kubernetes_executor.py
[2025-02-08T22:09:38.298+0000] {logging_mixin.py:137} INFO - [2025-02-08T22:09:38.298+0000] {dag.py:2690} INFO - Sync 1 DAGs
[2025-02-08T22:09:38.344+0000] {logging_mixin.py:137} INFO - [2025-02-08T22:09:38.344+0000] {dag.py:3441} INFO - Setting next_dagrun for example_local_kubernetes_executor to None, run_after=None
[2025-02-08T22:09:38.382+0000] {processor.py:175} INFO - Processing /home/airflow/.local/lib/python3.7/site-packages/airflow/example_dags/example_local_kubernetes_executor.py took 0.187 seconds
[2025-02-08T22:10:08.782+0000] {processor.py:153} INFO - Started process (PID=654) to work on /home/airflow/.local/lib/python3.7/site-packages/airflow/example_dags/example_local_kubernetes_executor.py
[2025-02-08T22:10:08.784+0000] {processor.py:743} INFO - Processing file /home/airflow/.local/lib/python3.7/site-packages/airflow/example_dags/example_local_kubernetes_executor.py for tasks to queue
[2025-02-08T22:10:08.785+0000] {logging_mixin.py:137} INFO - [2025-02-08T22:10:08.785+0000] {dagbag.py:538} INFO - Filling up the DagBag from /home/airflow/.local/lib/python3.7/site-packages/airflow/example_dags/example_local_kubernetes_executor.py
[2025-02-08T22:10:08.811+0000] {processor.py:753} INFO - DAG(s) dict_keys(['example_local_kubernetes_executor']) retrieved from /home/airflow/.local/lib/python3.7/site-packages/airflow/example_dags/example_local_kubernetes_executor.py
[2025-02-08T22:10:08.843+0000] {logging_mixin.py:137} INFO - [2025-02-08T22:10:08.843+0000] {dag.py:2690} INFO - Sync 1 DAGs
[2025-02-08T22:10:08.868+0000] {logging_mixin.py:137} INFO - [2025-02-08T22:10:08.868+0000] {dag.py:3441} INFO - Setting next_dagrun for example_local_kubernetes_executor to None, run_after=None
[2025-02-08T22:10:08.893+0000] {processor.py:175} INFO - Processing /home/airflow/.local/lib/python3.7/site-packages/airflow/example_dags/example_local_kubernetes_executor.py took 0.115 seconds
[2025-02-08T22:10:39.592+0000] {processor.py:153} INFO - Started process (PID=741) to work on /home/airflow/.local/lib/python3.7/site-packages/airflow/example_dags/example_local_kubernetes_executor.py
[2025-02-08T22:10:39.593+0000] {processor.py:743} INFO - Processing file /home/airflow/.local/lib/python3.7/site-packages/airflow/example_dags/example_local_kubernetes_executor.py for tasks to queue
[2025-02-08T22:10:39.596+0000] {logging_mixin.py:137} INFO - [2025-02-08T22:10:39.596+0000] {dagbag.py:538} INFO - Filling up the DagBag from /home/airflow/.local/lib/python3.7/site-packages/airflow/example_dags/example_local_kubernetes_executor.py
[2025-02-08T22:10:39.666+0000] {processor.py:753} INFO - DAG(s) dict_keys(['example_local_kubernetes_executor']) retrieved from /home/airflow/.local/lib/python3.7/site-packages/airflow/example_dags/example_local_kubernetes_executor.py
[2025-02-08T22:10:39.704+0000] {logging_mixin.py:137} INFO - [2025-02-08T22:10:39.704+0000] {dag.py:2690} INFO - Sync 1 DAGs
[2025-02-08T22:10:39.738+0000] {logging_mixin.py:137} INFO - [2025-02-08T22:10:39.738+0000] {dag.py:3441} INFO - Setting next_dagrun for example_local_kubernetes_executor to None, run_after=None
[2025-02-08T22:10:39.772+0000] {processor.py:175} INFO - Processing /home/airflow/.local/lib/python3.7/site-packages/airflow/example_dags/example_local_kubernetes_executor.py took 0.185 seconds
[2025-02-08T22:11:09.907+0000] {processor.py:153} INFO - Started process (PID=813) to work on /home/airflow/.local/lib/python3.7/site-packages/airflow/example_dags/example_local_kubernetes_executor.py
[2025-02-08T22:11:09.911+0000] {processor.py:743} INFO - Processing file /home/airflow/.local/lib/python3.7/site-packages/airflow/example_dags/example_local_kubernetes_executor.py for tasks to queue
[2025-02-08T22:11:09.912+0000] {logging_mixin.py:137} INFO - [2025-02-08T22:11:09.912+0000] {dagbag.py:538} INFO - Filling up the DagBag from /home/airflow/.local/lib/python3.7/site-packages/airflow/example_dags/example_local_kubernetes_executor.py
[2025-02-08T22:11:09.966+0000] {processor.py:753} INFO - DAG(s) dict_keys(['example_local_kubernetes_executor']) retrieved from /home/airflow/.local/lib/python3.7/site-packages/airflow/example_dags/example_local_kubernetes_executor.py
[2025-02-08T22:11:10.024+0000] {logging_mixin.py:137} INFO - [2025-02-08T22:11:10.023+0000] {dag.py:2690} INFO - Sync 1 DAGs
[2025-02-08T22:11:10.083+0000] {logging_mixin.py:137} INFO - [2025-02-08T22:11:10.083+0000] {dag.py:3441} INFO - Setting next_dagrun for example_local_kubernetes_executor to None, run_after=None
[2025-02-08T22:11:10.128+0000] {processor.py:175} INFO - Processing /home/airflow/.local/lib/python3.7/site-packages/airflow/example_dags/example_local_kubernetes_executor.py took 0.231 seconds
[2025-02-08T22:11:40.241+0000] {processor.py:153} INFO - Started process (PID=900) to work on /home/airflow/.local/lib/python3.7/site-packages/airflow/example_dags/example_local_kubernetes_executor.py
[2025-02-08T22:11:40.242+0000] {processor.py:743} INFO - Processing file /home/airflow/.local/lib/python3.7/site-packages/airflow/example_dags/example_local_kubernetes_executor.py for tasks to queue
[2025-02-08T22:11:40.243+0000] {logging_mixin.py:137} INFO - [2025-02-08T22:11:40.243+0000] {dagbag.py:538} INFO - Filling up the DagBag from /home/airflow/.local/lib/python3.7/site-packages/airflow/example_dags/example_local_kubernetes_executor.py
[2025-02-08T22:11:40.265+0000] {processor.py:753} INFO - DAG(s) dict_keys(['example_local_kubernetes_executor']) retrieved from /home/airflow/.local/lib/python3.7/site-packages/airflow/example_dags/example_local_kubernetes_executor.py
[2025-02-08T22:11:40.295+0000] {logging_mixin.py:137} INFO - [2025-02-08T22:11:40.295+0000] {dag.py:2690} INFO - Sync 1 DAGs
[2025-02-08T22:11:40.324+0000] {logging_mixin.py:137} INFO - [2025-02-08T22:11:40.324+0000] {dag.py:3441} INFO - Setting next_dagrun for example_local_kubernetes_executor to None, run_after=None
[2025-02-08T22:11:40.350+0000] {processor.py:175} INFO - Processing /home/airflow/.local/lib/python3.7/site-packages/airflow/example_dags/example_local_kubernetes_executor.py took 0.113 seconds
[2025-02-08T22:12:10.402+0000] {processor.py:153} INFO - Started process (PID=971) to work on /home/airflow/.local/lib/python3.7/site-packages/airflow/example_dags/example_local_kubernetes_executor.py
[2025-02-08T22:12:10.403+0000] {processor.py:743} INFO - Processing file /home/airflow/.local/lib/python3.7/site-packages/airflow/example_dags/example_local_kubernetes_executor.py for tasks to queue
[2025-02-08T22:12:10.404+0000] {logging_mixin.py:137} INFO - [2025-02-08T22:12:10.404+0000] {dagbag.py:538} INFO - Filling up the DagBag from /home/airflow/.local/lib/python3.7/site-packages/airflow/example_dags/example_local_kubernetes_executor.py
[2025-02-08T22:12:10.432+0000] {processor.py:753} INFO - DAG(s) dict_keys(['example_local_kubernetes_executor']) retrieved from /home/airflow/.local/lib/python3.7/site-packages/airflow/example_dags/example_local_kubernetes_executor.py
[2025-02-08T22:12:10.622+0000] {logging_mixin.py:137} INFO - [2025-02-08T22:12:10.622+0000] {dag.py:2690} INFO - Sync 1 DAGs
[2025-02-08T22:12:10.668+0000] {logging_mixin.py:137} INFO - [2025-02-08T22:12:10.667+0000] {dag.py:3441} INFO - Setting next_dagrun for example_local_kubernetes_executor to None, run_after=None
[2025-02-08T22:12:10.700+0000] {processor.py:175} INFO - Processing /home/airflow/.local/lib/python3.7/site-packages/airflow/example_dags/example_local_kubernetes_executor.py took 0.302 seconds
[2025-02-08T22:12:41.041+0000] {processor.py:153} INFO - Started process (PID=1058) to work on /home/airflow/.local/lib/python3.7/site-packages/airflow/example_dags/example_local_kubernetes_executor.py
[2025-02-08T22:12:41.042+0000] {processor.py:743} INFO - Processing file /home/airflow/.local/lib/python3.7/site-packages/airflow/example_dags/example_local_kubernetes_executor.py for tasks to queue
[2025-02-08T22:12:41.043+0000] {logging_mixin.py:137} INFO - [2025-02-08T22:12:41.043+0000] {dagbag.py:538} INFO - Filling up the DagBag from /home/airflow/.local/lib/python3.7/site-packages/airflow/example_dags/example_local_kubernetes_executor.py
[2025-02-08T22:12:41.071+0000] {processor.py:753} INFO - DAG(s) dict_keys(['example_local_kubernetes_executor']) retrieved from /home/airflow/.local/lib/python3.7/site-packages/airflow/example_dags/example_local_kubernetes_executor.py
[2025-02-08T22:12:41.103+0000] {logging_mixin.py:137} INFO - [2025-02-08T22:12:41.103+0000] {dag.py:2690} INFO - Sync 1 DAGs
[2025-02-08T22:12:41.133+0000] {logging_mixin.py:137} INFO - [2025-02-08T22:12:41.133+0000] {dag.py:3441} INFO - Setting next_dagrun for example_local_kubernetes_executor to None, run_after=None
[2025-02-08T22:12:41.164+0000] {processor.py:175} INFO - Processing /home/airflow/.local/lib/python3.7/site-packages/airflow/example_dags/example_local_kubernetes_executor.py took 0.126 seconds
[2025-02-08T22:13:11.284+0000] {processor.py:153} INFO - Started process (PID=1129) to work on /home/airflow/.local/lib/python3.7/site-packages/airflow/example_dags/example_local_kubernetes_executor.py
[2025-02-08T22:13:11.286+0000] {processor.py:743} INFO - Processing file /home/airflow/.local/lib/python3.7/site-packages/airflow/example_dags/example_local_kubernetes_executor.py for tasks to queue
[2025-02-08T22:13:11.287+0000] {logging_mixin.py:137} INFO - [2025-02-08T22:13:11.287+0000] {dagbag.py:538} INFO - Filling up the DagBag from /home/airflow/.local/lib/python3.7/site-packages/airflow/example_dags/example_local_kubernetes_executor.py
[2025-02-08T22:13:11.329+0000] {processor.py:753} INFO - DAG(s) dict_keys(['example_local_kubernetes_executor']) retrieved from /home/airflow/.local/lib/python3.7/site-packages/airflow/example_dags/example_local_kubernetes_executor.py
[2025-02-08T22:13:11.376+0000] {logging_mixin.py:137} INFO - [2025-02-08T22:13:11.376+0000] {dag.py:2690} INFO - Sync 1 DAGs
[2025-02-08T22:13:11.412+0000] {logging_mixin.py:137} INFO - [2025-02-08T22:13:11.412+0000] {dag.py:3441} INFO - Setting next_dagrun for example_local_kubernetes_executor to None, run_after=None
[2025-02-08T22:13:11.441+0000] {processor.py:175} INFO - Processing /home/airflow/.local/lib/python3.7/site-packages/airflow/example_dags/example_local_kubernetes_executor.py took 0.162 seconds
[2025-02-08T22:13:42.252+0000] {processor.py:153} INFO - Started process (PID=1216) to work on /home/airflow/.local/lib/python3.7/site-packages/airflow/example_dags/example_local_kubernetes_executor.py
[2025-02-08T22:13:42.253+0000] {processor.py:743} INFO - Processing file /home/airflow/.local/lib/python3.7/site-packages/airflow/example_dags/example_local_kubernetes_executor.py for tasks to queue
[2025-02-08T22:13:42.254+0000] {logging_mixin.py:137} INFO - [2025-02-08T22:13:42.254+0000] {dagbag.py:538} INFO - Filling up the DagBag from /home/airflow/.local/lib/python3.7/site-packages/airflow/example_dags/example_local_kubernetes_executor.py
[2025-02-08T22:13:42.281+0000] {processor.py:753} INFO - DAG(s) dict_keys(['example_local_kubernetes_executor']) retrieved from /home/airflow/.local/lib/python3.7/site-packages/airflow/example_dags/example_local_kubernetes_executor.py
[2025-02-08T22:13:42.312+0000] {logging_mixin.py:137} INFO - [2025-02-08T22:13:42.312+0000] {dag.py:2690} INFO - Sync 1 DAGs
[2025-02-08T22:13:42.337+0000] {logging_mixin.py:137} INFO - [2025-02-08T22:13:42.336+0000] {dag.py:3441} INFO - Setting next_dagrun for example_local_kubernetes_executor to None, run_after=None
[2025-02-08T22:13:42.361+0000] {processor.py:175} INFO - Processing /home/airflow/.local/lib/python3.7/site-packages/airflow/example_dags/example_local_kubernetes_executor.py took 0.112 seconds
[2025-02-08T22:14:12.717+0000] {processor.py:153} INFO - Started process (PID=1287) to work on /home/airflow/.local/lib/python3.7/site-packages/airflow/example_dags/example_local_kubernetes_executor.py
[2025-02-08T22:14:12.718+0000] {processor.py:743} INFO - Processing file /home/airflow/.local/lib/python3.7/site-packages/airflow/example_dags/example_local_kubernetes_executor.py for tasks to queue
[2025-02-08T22:14:12.719+0000] {logging_mixin.py:137} INFO - [2025-02-08T22:14:12.719+0000] {dagbag.py:538} INFO - Filling up the DagBag from /home/airflow/.local/lib/python3.7/site-packages/airflow/example_dags/example_local_kubernetes_executor.py
[2025-02-08T22:14:12.754+0000] {processor.py:753} INFO - DAG(s) dict_keys(['example_local_kubernetes_executor']) retrieved from /home/airflow/.local/lib/python3.7/site-packages/airflow/example_dags/example_local_kubernetes_executor.py
[2025-02-08T22:14:12.789+0000] {logging_mixin.py:137} INFO - [2025-02-08T22:14:12.789+0000] {dag.py:2690} INFO - Sync 1 DAGs
[2025-02-08T22:14:12.819+0000] {logging_mixin.py:137} INFO - [2025-02-08T22:14:12.819+0000] {dag.py:3441} INFO - Setting next_dagrun for example_local_kubernetes_executor to None, run_after=None
[2025-02-08T22:14:12.849+0000] {processor.py:175} INFO - Processing /home/airflow/.local/lib/python3.7/site-packages/airflow/example_dags/example_local_kubernetes_executor.py took 0.135 seconds
[2025-02-08T22:14:43.060+0000] {processor.py:153} INFO - Started process (PID=1358) to work on /home/airflow/.local/lib/python3.7/site-packages/airflow/example_dags/example_local_kubernetes_executor.py
[2025-02-08T22:14:43.063+0000] {processor.py:743} INFO - Processing file /home/airflow/.local/lib/python3.7/site-packages/airflow/example_dags/example_local_kubernetes_executor.py for tasks to queue
[2025-02-08T22:14:43.065+0000] {logging_mixin.py:137} INFO - [2025-02-08T22:14:43.065+0000] {dagbag.py:538} INFO - Filling up the DagBag from /home/airflow/.local/lib/python3.7/site-packages/airflow/example_dags/example_local_kubernetes_executor.py
[2025-02-08T22:14:43.103+0000] {processor.py:753} INFO - DAG(s) dict_keys(['example_local_kubernetes_executor']) retrieved from /home/airflow/.local/lib/python3.7/site-packages/airflow/example_dags/example_local_kubernetes_executor.py
[2025-02-08T22:14:43.147+0000] {logging_mixin.py:137} INFO - [2025-02-08T22:14:43.147+0000] {dag.py:2690} INFO - Sync 1 DAGs
[2025-02-08T22:14:43.196+0000] {logging_mixin.py:137} INFO - [2025-02-08T22:14:43.195+0000] {dag.py:3441} INFO - Setting next_dagrun for example_local_kubernetes_executor to None, run_after=None
[2025-02-08T22:14:43.244+0000] {processor.py:175} INFO - Processing /home/airflow/.local/lib/python3.7/site-packages/airflow/example_dags/example_local_kubernetes_executor.py took 0.188 seconds
[2025-02-08T22:15:13.407+0000] {processor.py:153} INFO - Started process (PID=1429) to work on /home/airflow/.local/lib/python3.7/site-packages/airflow/example_dags/example_local_kubernetes_executor.py
[2025-02-08T22:15:13.409+0000] {processor.py:743} INFO - Processing file /home/airflow/.local/lib/python3.7/site-packages/airflow/example_dags/example_local_kubernetes_executor.py for tasks to queue
[2025-02-08T22:15:13.410+0000] {logging_mixin.py:137} INFO - [2025-02-08T22:15:13.410+0000] {dagbag.py:538} INFO - Filling up the DagBag from /home/airflow/.local/lib/python3.7/site-packages/airflow/example_dags/example_local_kubernetes_executor.py
[2025-02-08T22:15:13.446+0000] {processor.py:753} INFO - DAG(s) dict_keys(['example_local_kubernetes_executor']) retrieved from /home/airflow/.local/lib/python3.7/site-packages/airflow/example_dags/example_local_kubernetes_executor.py
[2025-02-08T22:15:13.487+0000] {logging_mixin.py:137} INFO - [2025-02-08T22:15:13.486+0000] {dag.py:2690} INFO - Sync 1 DAGs
[2025-02-08T22:15:13.526+0000] {logging_mixin.py:137} INFO - [2025-02-08T22:15:13.526+0000] {dag.py:3441} INFO - Setting next_dagrun for example_local_kubernetes_executor to None, run_after=None
[2025-02-08T22:15:13.555+0000] {processor.py:175} INFO - Processing /home/airflow/.local/lib/python3.7/site-packages/airflow/example_dags/example_local_kubernetes_executor.py took 0.152 seconds
[2025-02-08T22:15:43.697+0000] {processor.py:153} INFO - Started process (PID=1517) to work on /home/airflow/.local/lib/python3.7/site-packages/airflow/example_dags/example_local_kubernetes_executor.py
[2025-02-08T22:15:43.698+0000] {processor.py:743} INFO - Processing file /home/airflow/.local/lib/python3.7/site-packages/airflow/example_dags/example_local_kubernetes_executor.py for tasks to queue
[2025-02-08T22:15:43.699+0000] {logging_mixin.py:137} INFO - [2025-02-08T22:15:43.699+0000] {dagbag.py:538} INFO - Filling up the DagBag from /home/airflow/.local/lib/python3.7/site-packages/airflow/example_dags/example_local_kubernetes_executor.py
[2025-02-08T22:15:43.721+0000] {processor.py:753} INFO - DAG(s) dict_keys(['example_local_kubernetes_executor']) retrieved from /home/airflow/.local/lib/python3.7/site-packages/airflow/example_dags/example_local_kubernetes_executor.py
[2025-02-08T22:15:43.750+0000] {logging_mixin.py:137} INFO - [2025-02-08T22:15:43.750+0000] {dag.py:2690} INFO - Sync 1 DAGs
[2025-02-08T22:15:43.773+0000] {logging_mixin.py:137} INFO - [2025-02-08T22:15:43.772+0000] {dag.py:3441} INFO - Setting next_dagrun for example_local_kubernetes_executor to None, run_after=None
[2025-02-08T22:15:43.795+0000] {processor.py:175} INFO - Processing /home/airflow/.local/lib/python3.7/site-packages/airflow/example_dags/example_local_kubernetes_executor.py took 0.102 seconds
[2025-02-08T22:16:14.288+0000] {processor.py:153} INFO - Started process (PID=1587) to work on /home/airflow/.local/lib/python3.7/site-packages/airflow/example_dags/example_local_kubernetes_executor.py
[2025-02-08T22:16:14.290+0000] {processor.py:743} INFO - Processing file /home/airflow/.local/lib/python3.7/site-packages/airflow/example_dags/example_local_kubernetes_executor.py for tasks to queue
[2025-02-08T22:16:14.290+0000] {logging_mixin.py:137} INFO - [2025-02-08T22:16:14.290+0000] {dagbag.py:538} INFO - Filling up the DagBag from /home/airflow/.local/lib/python3.7/site-packages/airflow/example_dags/example_local_kubernetes_executor.py
[2025-02-08T22:16:14.315+0000] {processor.py:753} INFO - DAG(s) dict_keys(['example_local_kubernetes_executor']) retrieved from /home/airflow/.local/lib/python3.7/site-packages/airflow/example_dags/example_local_kubernetes_executor.py
[2025-02-08T22:16:14.344+0000] {logging_mixin.py:137} INFO - [2025-02-08T22:16:14.343+0000] {dag.py:2690} INFO - Sync 1 DAGs
[2025-02-08T22:16:14.367+0000] {logging_mixin.py:137} INFO - [2025-02-08T22:16:14.367+0000] {dag.py:3441} INFO - Setting next_dagrun for example_local_kubernetes_executor to None, run_after=None
[2025-02-08T22:16:14.394+0000] {processor.py:175} INFO - Processing /home/airflow/.local/lib/python3.7/site-packages/airflow/example_dags/example_local_kubernetes_executor.py took 0.109 seconds
[2025-02-08T22:16:44.474+0000] {processor.py:153} INFO - Started process (PID=1674) to work on /home/airflow/.local/lib/python3.7/site-packages/airflow/example_dags/example_local_kubernetes_executor.py
[2025-02-08T22:16:44.475+0000] {processor.py:743} INFO - Processing file /home/airflow/.local/lib/python3.7/site-packages/airflow/example_dags/example_local_kubernetes_executor.py for tasks to queue
[2025-02-08T22:16:44.475+0000] {logging_mixin.py:137} INFO - [2025-02-08T22:16:44.475+0000] {dagbag.py:538} INFO - Filling up the DagBag from /home/airflow/.local/lib/python3.7/site-packages/airflow/example_dags/example_local_kubernetes_executor.py
[2025-02-08T22:16:44.501+0000] {processor.py:753} INFO - DAG(s) dict_keys(['example_local_kubernetes_executor']) retrieved from /home/airflow/.local/lib/python3.7/site-packages/airflow/example_dags/example_local_kubernetes_executor.py
[2025-02-08T22:16:44.536+0000] {logging_mixin.py:137} INFO - [2025-02-08T22:16:44.536+0000] {dag.py:2690} INFO - Sync 1 DAGs
[2025-02-08T22:16:44.574+0000] {logging_mixin.py:137} INFO - [2025-02-08T22:16:44.574+0000] {dag.py:3441} INFO - Setting next_dagrun for example_local_kubernetes_executor to None, run_after=None
[2025-02-08T22:16:44.634+0000] {processor.py:175} INFO - Processing /home/airflow/.local/lib/python3.7/site-packages/airflow/example_dags/example_local_kubernetes_executor.py took 0.164 seconds
[2025-02-08T22:17:15.538+0000] {processor.py:153} INFO - Started process (PID=1745) to work on /home/airflow/.local/lib/python3.7/site-packages/airflow/example_dags/example_local_kubernetes_executor.py
[2025-02-08T22:17:15.539+0000] {processor.py:743} INFO - Processing file /home/airflow/.local/lib/python3.7/site-packages/airflow/example_dags/example_local_kubernetes_executor.py for tasks to queue
[2025-02-08T22:17:15.540+0000] {logging_mixin.py:137} INFO - [2025-02-08T22:17:15.540+0000] {dagbag.py:538} INFO - Filling up the DagBag from /home/airflow/.local/lib/python3.7/site-packages/airflow/example_dags/example_local_kubernetes_executor.py
[2025-02-08T22:17:15.560+0000] {processor.py:753} INFO - DAG(s) dict_keys(['example_local_kubernetes_executor']) retrieved from /home/airflow/.local/lib/python3.7/site-packages/airflow/example_dags/example_local_kubernetes_executor.py
[2025-02-08T22:17:15.587+0000] {logging_mixin.py:137} INFO - [2025-02-08T22:17:15.587+0000] {dag.py:2690} INFO - Sync 1 DAGs
[2025-02-08T22:17:15.608+0000] {logging_mixin.py:137} INFO - [2025-02-08T22:17:15.608+0000] {dag.py:3441} INFO - Setting next_dagrun for example_local_kubernetes_executor to None, run_after=None
[2025-02-08T22:17:15.631+0000] {processor.py:175} INFO - Processing /home/airflow/.local/lib/python3.7/site-packages/airflow/example_dags/example_local_kubernetes_executor.py took 0.096 seconds
[2025-02-08T22:17:45.791+0000] {processor.py:153} INFO - Started process (PID=1823) to work on /home/airflow/.local/lib/python3.7/site-packages/airflow/example_dags/example_local_kubernetes_executor.py
[2025-02-08T22:17:45.792+0000] {processor.py:743} INFO - Processing file /home/airflow/.local/lib/python3.7/site-packages/airflow/example_dags/example_local_kubernetes_executor.py for tasks to queue
[2025-02-08T22:17:45.793+0000] {logging_mixin.py:137} INFO - [2025-02-08T22:17:45.793+0000] {dagbag.py:538} INFO - Filling up the DagBag from /home/airflow/.local/lib/python3.7/site-packages/airflow/example_dags/example_local_kubernetes_executor.py
[2025-02-08T22:17:45.817+0000] {processor.py:753} INFO - DAG(s) dict_keys(['example_local_kubernetes_executor']) retrieved from /home/airflow/.local/lib/python3.7/site-packages/airflow/example_dags/example_local_kubernetes_executor.py
[2025-02-08T22:17:45.846+0000] {logging_mixin.py:137} INFO - [2025-02-08T22:17:45.845+0000] {dag.py:2690} INFO - Sync 1 DAGs
[2025-02-08T22:17:45.876+0000] {logging_mixin.py:137} INFO - [2025-02-08T22:17:45.875+0000] {dag.py:3441} INFO - Setting next_dagrun for example_local_kubernetes_executor to None, run_after=None
[2025-02-08T22:17:45.899+0000] {processor.py:175} INFO - Processing /home/airflow/.local/lib/python3.7/site-packages/airflow/example_dags/example_local_kubernetes_executor.py took 0.111 seconds
[2025-02-08T22:18:16.352+0000] {processor.py:153} INFO - Started process (PID=1903) to work on /home/airflow/.local/lib/python3.7/site-packages/airflow/example_dags/example_local_kubernetes_executor.py
[2025-02-08T22:18:16.353+0000] {processor.py:743} INFO - Processing file /home/airflow/.local/lib/python3.7/site-packages/airflow/example_dags/example_local_kubernetes_executor.py for tasks to queue
[2025-02-08T22:18:16.354+0000] {logging_mixin.py:137} INFO - [2025-02-08T22:18:16.353+0000] {dagbag.py:538} INFO - Filling up the DagBag from /home/airflow/.local/lib/python3.7/site-packages/airflow/example_dags/example_local_kubernetes_executor.py
[2025-02-08T22:18:16.374+0000] {processor.py:753} INFO - DAG(s) dict_keys(['example_local_kubernetes_executor']) retrieved from /home/airflow/.local/lib/python3.7/site-packages/airflow/example_dags/example_local_kubernetes_executor.py
[2025-02-08T22:18:16.400+0000] {logging_mixin.py:137} INFO - [2025-02-08T22:18:16.400+0000] {dag.py:2690} INFO - Sync 1 DAGs
[2025-02-08T22:18:16.422+0000] {logging_mixin.py:137} INFO - [2025-02-08T22:18:16.422+0000] {dag.py:3441} INFO - Setting next_dagrun for example_local_kubernetes_executor to None, run_after=None
[2025-02-08T22:18:16.447+0000] {processor.py:175} INFO - Processing /home/airflow/.local/lib/python3.7/site-packages/airflow/example_dags/example_local_kubernetes_executor.py took 0.098 seconds
[2025-02-08T22:18:47.290+0000] {processor.py:153} INFO - Started process (PID=1990) to work on /home/airflow/.local/lib/python3.7/site-packages/airflow/example_dags/example_local_kubernetes_executor.py
[2025-02-08T22:18:47.291+0000] {processor.py:743} INFO - Processing file /home/airflow/.local/lib/python3.7/site-packages/airflow/example_dags/example_local_kubernetes_executor.py for tasks to queue
[2025-02-08T22:18:47.292+0000] {logging_mixin.py:137} INFO - [2025-02-08T22:18:47.292+0000] {dagbag.py:538} INFO - Filling up the DagBag from /home/airflow/.local/lib/python3.7/site-packages/airflow/example_dags/example_local_kubernetes_executor.py
[2025-02-08T22:18:47.313+0000] {processor.py:753} INFO - DAG(s) dict_keys(['example_local_kubernetes_executor']) retrieved from /home/airflow/.local/lib/python3.7/site-packages/airflow/example_dags/example_local_kubernetes_executor.py
[2025-02-08T22:18:47.340+0000] {logging_mixin.py:137} INFO - [2025-02-08T22:18:47.340+0000] {dag.py:2690} INFO - Sync 1 DAGs
[2025-02-08T22:18:47.362+0000] {logging_mixin.py:137} INFO - [2025-02-08T22:18:47.362+0000] {dag.py:3441} INFO - Setting next_dagrun for example_local_kubernetes_executor to None, run_after=None
[2025-02-08T22:18:47.386+0000] {processor.py:175} INFO - Processing /home/airflow/.local/lib/python3.7/site-packages/airflow/example_dags/example_local_kubernetes_executor.py took 0.098 seconds
[2025-02-08T22:19:18.365+0000] {processor.py:153} INFO - Started process (PID=2061) to work on /home/airflow/.local/lib/python3.7/site-packages/airflow/example_dags/example_local_kubernetes_executor.py
[2025-02-08T22:19:18.366+0000] {processor.py:743} INFO - Processing file /home/airflow/.local/lib/python3.7/site-packages/airflow/example_dags/example_local_kubernetes_executor.py for tasks to queue
[2025-02-08T22:19:18.366+0000] {logging_mixin.py:137} INFO - [2025-02-08T22:19:18.366+0000] {dagbag.py:538} INFO - Filling up the DagBag from /home/airflow/.local/lib/python3.7/site-packages/airflow/example_dags/example_local_kubernetes_executor.py
[2025-02-08T22:19:18.396+0000] {processor.py:753} INFO - DAG(s) dict_keys(['example_local_kubernetes_executor']) retrieved from /home/airflow/.local/lib/python3.7/site-packages/airflow/example_dags/example_local_kubernetes_executor.py
[2025-02-08T22:19:18.434+0000] {logging_mixin.py:137} INFO - [2025-02-08T22:19:18.434+0000] {dag.py:2690} INFO - Sync 1 DAGs
[2025-02-08T22:19:18.474+0000] {logging_mixin.py:137} INFO - [2025-02-08T22:19:18.474+0000] {dag.py:3441} INFO - Setting next_dagrun for example_local_kubernetes_executor to None, run_after=None
[2025-02-08T22:19:18.508+0000] {processor.py:175} INFO - Processing /home/airflow/.local/lib/python3.7/site-packages/airflow/example_dags/example_local_kubernetes_executor.py took 0.147 seconds
[2025-02-08T22:19:49.059+0000] {processor.py:153} INFO - Started process (PID=2131) to work on /home/airflow/.local/lib/python3.7/site-packages/airflow/example_dags/example_local_kubernetes_executor.py
[2025-02-08T22:19:49.060+0000] {processor.py:743} INFO - Processing file /home/airflow/.local/lib/python3.7/site-packages/airflow/example_dags/example_local_kubernetes_executor.py for tasks to queue
[2025-02-08T22:19:49.060+0000] {logging_mixin.py:137} INFO - [2025-02-08T22:19:49.060+0000] {dagbag.py:538} INFO - Filling up the DagBag from /home/airflow/.local/lib/python3.7/site-packages/airflow/example_dags/example_local_kubernetes_executor.py
[2025-02-08T22:19:49.081+0000] {processor.py:753} INFO - DAG(s) dict_keys(['example_local_kubernetes_executor']) retrieved from /home/airflow/.local/lib/python3.7/site-packages/airflow/example_dags/example_local_kubernetes_executor.py
[2025-02-08T22:19:49.108+0000] {logging_mixin.py:137} INFO - [2025-02-08T22:19:49.107+0000] {dag.py:2690} INFO - Sync 1 DAGs
[2025-02-08T22:19:49.130+0000] {logging_mixin.py:137} INFO - [2025-02-08T22:19:49.130+0000] {dag.py:3441} INFO - Setting next_dagrun for example_local_kubernetes_executor to None, run_after=None
[2025-02-08T22:19:49.154+0000] {processor.py:175} INFO - Processing /home/airflow/.local/lib/python3.7/site-packages/airflow/example_dags/example_local_kubernetes_executor.py took 0.098 seconds
[2025-02-08T22:20:20.006+0000] {processor.py:153} INFO - Started process (PID=2218) to work on /home/airflow/.local/lib/python3.7/site-packages/airflow/example_dags/example_local_kubernetes_executor.py
[2025-02-08T22:20:20.007+0000] {processor.py:743} INFO - Processing file /home/airflow/.local/lib/python3.7/site-packages/airflow/example_dags/example_local_kubernetes_executor.py for tasks to queue
[2025-02-08T22:20:20.008+0000] {logging_mixin.py:137} INFO - [2025-02-08T22:20:20.007+0000] {dagbag.py:538} INFO - Filling up the DagBag from /home/airflow/.local/lib/python3.7/site-packages/airflow/example_dags/example_local_kubernetes_executor.py
[2025-02-08T22:20:20.032+0000] {processor.py:753} INFO - DAG(s) dict_keys(['example_local_kubernetes_executor']) retrieved from /home/airflow/.local/lib/python3.7/site-packages/airflow/example_dags/example_local_kubernetes_executor.py
[2025-02-08T22:20:20.066+0000] {logging_mixin.py:137} INFO - [2025-02-08T22:20:20.065+0000] {dag.py:2690} INFO - Sync 1 DAGs
[2025-02-08T22:20:20.093+0000] {logging_mixin.py:137} INFO - [2025-02-08T22:20:20.093+0000] {dag.py:3441} INFO - Setting next_dagrun for example_local_kubernetes_executor to None, run_after=None
[2025-02-08T22:20:20.119+0000] {processor.py:175} INFO - Processing /home/airflow/.local/lib/python3.7/site-packages/airflow/example_dags/example_local_kubernetes_executor.py took 0.116 seconds
[2025-02-08T22:20:50.220+0000] {processor.py:153} INFO - Started process (PID=2289) to work on /home/airflow/.local/lib/python3.7/site-packages/airflow/example_dags/example_local_kubernetes_executor.py
[2025-02-08T22:20:50.221+0000] {processor.py:743} INFO - Processing file /home/airflow/.local/lib/python3.7/site-packages/airflow/example_dags/example_local_kubernetes_executor.py for tasks to queue
[2025-02-08T22:20:50.222+0000] {logging_mixin.py:137} INFO - [2025-02-08T22:20:50.222+0000] {dagbag.py:538} INFO - Filling up the DagBag from /home/airflow/.local/lib/python3.7/site-packages/airflow/example_dags/example_local_kubernetes_executor.py
[2025-02-08T22:20:50.258+0000] {processor.py:753} INFO - DAG(s) dict_keys(['example_local_kubernetes_executor']) retrieved from /home/airflow/.local/lib/python3.7/site-packages/airflow/example_dags/example_local_kubernetes_executor.py
[2025-02-08T22:20:50.299+0000] {logging_mixin.py:137} INFO - [2025-02-08T22:20:50.299+0000] {dag.py:2690} INFO - Sync 1 DAGs
[2025-02-08T22:20:50.335+0000] {logging_mixin.py:137} INFO - [2025-02-08T22:20:50.335+0000] {dag.py:3441} INFO - Setting next_dagrun for example_local_kubernetes_executor to None, run_after=None
[2025-02-08T22:20:50.367+0000] {processor.py:175} INFO - Processing /home/airflow/.local/lib/python3.7/site-packages/airflow/example_dags/example_local_kubernetes_executor.py took 0.151 seconds
[2025-02-08T22:21:20.547+0000] {processor.py:153} INFO - Started process (PID=2375) to work on /home/airflow/.local/lib/python3.7/site-packages/airflow/example_dags/example_local_kubernetes_executor.py
[2025-02-08T22:21:20.549+0000] {processor.py:743} INFO - Processing file /home/airflow/.local/lib/python3.7/site-packages/airflow/example_dags/example_local_kubernetes_executor.py for tasks to queue
[2025-02-08T22:21:20.550+0000] {logging_mixin.py:137} INFO - [2025-02-08T22:21:20.550+0000] {dagbag.py:538} INFO - Filling up the DagBag from /home/airflow/.local/lib/python3.7/site-packages/airflow/example_dags/example_local_kubernetes_executor.py
[2025-02-08T22:21:20.581+0000] {processor.py:753} INFO - DAG(s) dict_keys(['example_local_kubernetes_executor']) retrieved from /home/airflow/.local/lib/python3.7/site-packages/airflow/example_dags/example_local_kubernetes_executor.py
[2025-02-08T22:21:20.627+0000] {logging_mixin.py:137} INFO - [2025-02-08T22:21:20.626+0000] {dag.py:2690} INFO - Sync 1 DAGs
[2025-02-08T22:21:20.664+0000] {logging_mixin.py:137} INFO - [2025-02-08T22:21:20.664+0000] {dag.py:3441} INFO - Setting next_dagrun for example_local_kubernetes_executor to None, run_after=None
[2025-02-08T22:21:20.693+0000] {processor.py:175} INFO - Processing /home/airflow/.local/lib/python3.7/site-packages/airflow/example_dags/example_local_kubernetes_executor.py took 0.149 seconds
[2025-02-08T22:21:51.160+0000] {processor.py:153} INFO - Started process (PID=2446) to work on /home/airflow/.local/lib/python3.7/site-packages/airflow/example_dags/example_local_kubernetes_executor.py
[2025-02-08T22:21:51.161+0000] {processor.py:743} INFO - Processing file /home/airflow/.local/lib/python3.7/site-packages/airflow/example_dags/example_local_kubernetes_executor.py for tasks to queue
[2025-02-08T22:21:51.162+0000] {logging_mixin.py:137} INFO - [2025-02-08T22:21:51.162+0000] {dagbag.py:538} INFO - Filling up the DagBag from /home/airflow/.local/lib/python3.7/site-packages/airflow/example_dags/example_local_kubernetes_executor.py
[2025-02-08T22:21:51.194+0000] {processor.py:753} INFO - DAG(s) dict_keys(['example_local_kubernetes_executor']) retrieved from /home/airflow/.local/lib/python3.7/site-packages/airflow/example_dags/example_local_kubernetes_executor.py
[2025-02-08T22:21:51.228+0000] {logging_mixin.py:137} INFO - [2025-02-08T22:21:51.228+0000] {dag.py:2690} INFO - Sync 1 DAGs
[2025-02-08T22:21:51.260+0000] {logging_mixin.py:137} INFO - [2025-02-08T22:21:51.260+0000] {dag.py:3441} INFO - Setting next_dagrun for example_local_kubernetes_executor to None, run_after=None
[2025-02-08T22:21:51.289+0000] {processor.py:175} INFO - Processing /home/airflow/.local/lib/python3.7/site-packages/airflow/example_dags/example_local_kubernetes_executor.py took 0.133 seconds
[2025-02-08T22:22:21.737+0000] {processor.py:153} INFO - Started process (PID=2533) to work on /home/airflow/.local/lib/python3.7/site-packages/airflow/example_dags/example_local_kubernetes_executor.py
[2025-02-08T22:22:21.738+0000] {processor.py:743} INFO - Processing file /home/airflow/.local/lib/python3.7/site-packages/airflow/example_dags/example_local_kubernetes_executor.py for tasks to queue
[2025-02-08T22:22:21.741+0000] {logging_mixin.py:137} INFO - [2025-02-08T22:22:21.740+0000] {dagbag.py:538} INFO - Filling up the DagBag from /home/airflow/.local/lib/python3.7/site-packages/airflow/example_dags/example_local_kubernetes_executor.py
[2025-02-08T22:22:21.794+0000] {processor.py:753} INFO - DAG(s) dict_keys(['example_local_kubernetes_executor']) retrieved from /home/airflow/.local/lib/python3.7/site-packages/airflow/example_dags/example_local_kubernetes_executor.py
[2025-02-08T22:22:21.859+0000] {logging_mixin.py:137} INFO - [2025-02-08T22:22:21.858+0000] {dag.py:2690} INFO - Sync 1 DAGs
[2025-02-08T22:22:21.914+0000] {logging_mixin.py:137} INFO - [2025-02-08T22:22:21.914+0000] {dag.py:3441} INFO - Setting next_dagrun for example_local_kubernetes_executor to None, run_after=None
[2025-02-08T22:22:21.954+0000] {processor.py:175} INFO - Processing /home/airflow/.local/lib/python3.7/site-packages/airflow/example_dags/example_local_kubernetes_executor.py took 0.223 seconds
[2025-02-08T22:22:52.786+0000] {processor.py:153} INFO - Started process (PID=2604) to work on /home/airflow/.local/lib/python3.7/site-packages/airflow/example_dags/example_local_kubernetes_executor.py
[2025-02-08T22:22:52.787+0000] {processor.py:743} INFO - Processing file /home/airflow/.local/lib/python3.7/site-packages/airflow/example_dags/example_local_kubernetes_executor.py for tasks to queue
[2025-02-08T22:22:52.787+0000] {logging_mixin.py:137} INFO - [2025-02-08T22:22:52.787+0000] {dagbag.py:538} INFO - Filling up the DagBag from /home/airflow/.local/lib/python3.7/site-packages/airflow/example_dags/example_local_kubernetes_executor.py
[2025-02-08T22:22:52.808+0000] {processor.py:753} INFO - DAG(s) dict_keys(['example_local_kubernetes_executor']) retrieved from /home/airflow/.local/lib/python3.7/site-packages/airflow/example_dags/example_local_kubernetes_executor.py
[2025-02-08T22:22:52.837+0000] {logging_mixin.py:137} INFO - [2025-02-08T22:22:52.837+0000] {dag.py:2690} INFO - Sync 1 DAGs
[2025-02-08T22:22:52.860+0000] {logging_mixin.py:137} INFO - [2025-02-08T22:22:52.860+0000] {dag.py:3441} INFO - Setting next_dagrun for example_local_kubernetes_executor to None, run_after=None
[2025-02-08T22:22:52.883+0000] {processor.py:175} INFO - Processing /home/airflow/.local/lib/python3.7/site-packages/airflow/example_dags/example_local_kubernetes_executor.py took 0.101 seconds
[2025-02-08T22:23:23.594+0000] {processor.py:153} INFO - Started process (PID=2691) to work on /home/airflow/.local/lib/python3.7/site-packages/airflow/example_dags/example_local_kubernetes_executor.py
[2025-02-08T22:23:23.595+0000] {processor.py:743} INFO - Processing file /home/airflow/.local/lib/python3.7/site-packages/airflow/example_dags/example_local_kubernetes_executor.py for tasks to queue
[2025-02-08T22:23:23.596+0000] {logging_mixin.py:137} INFO - [2025-02-08T22:23:23.595+0000] {dagbag.py:538} INFO - Filling up the DagBag from /home/airflow/.local/lib/python3.7/site-packages/airflow/example_dags/example_local_kubernetes_executor.py
[2025-02-08T22:23:23.622+0000] {processor.py:753} INFO - DAG(s) dict_keys(['example_local_kubernetes_executor']) retrieved from /home/airflow/.local/lib/python3.7/site-packages/airflow/example_dags/example_local_kubernetes_executor.py
[2025-02-08T22:23:23.653+0000] {logging_mixin.py:137} INFO - [2025-02-08T22:23:23.653+0000] {dag.py:2690} INFO - Sync 1 DAGs
[2025-02-08T22:23:23.676+0000] {logging_mixin.py:137} INFO - [2025-02-08T22:23:23.675+0000] {dag.py:3441} INFO - Setting next_dagrun for example_local_kubernetes_executor to None, run_after=None
[2025-02-08T22:23:23.698+0000] {processor.py:175} INFO - Processing /home/airflow/.local/lib/python3.7/site-packages/airflow/example_dags/example_local_kubernetes_executor.py took 0.109 seconds
[2025-02-08T22:23:54.669+0000] {processor.py:153} INFO - Started process (PID=2762) to work on /home/airflow/.local/lib/python3.7/site-packages/airflow/example_dags/example_local_kubernetes_executor.py
[2025-02-08T22:23:54.670+0000] {processor.py:743} INFO - Processing file /home/airflow/.local/lib/python3.7/site-packages/airflow/example_dags/example_local_kubernetes_executor.py for tasks to queue
[2025-02-08T22:23:54.671+0000] {logging_mixin.py:137} INFO - [2025-02-08T22:23:54.671+0000] {dagbag.py:538} INFO - Filling up the DagBag from /home/airflow/.local/lib/python3.7/site-packages/airflow/example_dags/example_local_kubernetes_executor.py
[2025-02-08T22:23:54.721+0000] {processor.py:753} INFO - DAG(s) dict_keys(['example_local_kubernetes_executor']) retrieved from /home/airflow/.local/lib/python3.7/site-packages/airflow/example_dags/example_local_kubernetes_executor.py
[2025-02-08T22:23:54.825+0000] {logging_mixin.py:137} INFO - [2025-02-08T22:23:54.824+0000] {dag.py:2690} INFO - Sync 1 DAGs
[2025-02-08T22:23:54.939+0000] {logging_mixin.py:137} INFO - [2025-02-08T22:23:54.939+0000] {dag.py:3441} INFO - Setting next_dagrun for example_local_kubernetes_executor to None, run_after=None
[2025-02-08T22:23:55.019+0000] {processor.py:175} INFO - Processing /home/airflow/.local/lib/python3.7/site-packages/airflow/example_dags/example_local_kubernetes_executor.py took 0.354 seconds
[2025-02-08T22:24:25.857+0000] {processor.py:153} INFO - Started process (PID=2833) to work on /home/airflow/.local/lib/python3.7/site-packages/airflow/example_dags/example_local_kubernetes_executor.py
[2025-02-08T22:24:25.859+0000] {processor.py:743} INFO - Processing file /home/airflow/.local/lib/python3.7/site-packages/airflow/example_dags/example_local_kubernetes_executor.py for tasks to queue
[2025-02-08T22:24:25.861+0000] {logging_mixin.py:137} INFO - [2025-02-08T22:24:25.861+0000] {dagbag.py:538} INFO - Filling up the DagBag from /home/airflow/.local/lib/python3.7/site-packages/airflow/example_dags/example_local_kubernetes_executor.py
[2025-02-08T22:24:25.889+0000] {processor.py:753} INFO - DAG(s) dict_keys(['example_local_kubernetes_executor']) retrieved from /home/airflow/.local/lib/python3.7/site-packages/airflow/example_dags/example_local_kubernetes_executor.py
[2025-02-08T22:24:25.931+0000] {logging_mixin.py:137} INFO - [2025-02-08T22:24:25.931+0000] {dag.py:2690} INFO - Sync 1 DAGs
[2025-02-08T22:24:25.968+0000] {logging_mixin.py:137} INFO - [2025-02-08T22:24:25.968+0000] {dag.py:3441} INFO - Setting next_dagrun for example_local_kubernetes_executor to None, run_after=None
[2025-02-08T22:24:25.997+0000] {processor.py:175} INFO - Processing /home/airflow/.local/lib/python3.7/site-packages/airflow/example_dags/example_local_kubernetes_executor.py took 0.144 seconds
[2025-02-08T22:24:56.719+0000] {processor.py:153} INFO - Started process (PID=2913) to work on /home/airflow/.local/lib/python3.7/site-packages/airflow/example_dags/example_local_kubernetes_executor.py
[2025-02-08T22:24:56.720+0000] {processor.py:743} INFO - Processing file /home/airflow/.local/lib/python3.7/site-packages/airflow/example_dags/example_local_kubernetes_executor.py for tasks to queue
[2025-02-08T22:24:56.722+0000] {logging_mixin.py:137} INFO - [2025-02-08T22:24:56.721+0000] {dagbag.py:538} INFO - Filling up the DagBag from /home/airflow/.local/lib/python3.7/site-packages/airflow/example_dags/example_local_kubernetes_executor.py
[2025-02-08T22:24:56.762+0000] {processor.py:753} INFO - DAG(s) dict_keys(['example_local_kubernetes_executor']) retrieved from /home/airflow/.local/lib/python3.7/site-packages/airflow/example_dags/example_local_kubernetes_executor.py
[2025-02-08T22:24:56.807+0000] {logging_mixin.py:137} INFO - [2025-02-08T22:24:56.806+0000] {dag.py:2690} INFO - Sync 1 DAGs
[2025-02-08T22:24:56.847+0000] {logging_mixin.py:137} INFO - [2025-02-08T22:24:56.847+0000] {dag.py:3441} INFO - Setting next_dagrun for example_local_kubernetes_executor to None, run_after=None
[2025-02-08T22:24:56.882+0000] {processor.py:175} INFO - Processing /home/airflow/.local/lib/python3.7/site-packages/airflow/example_dags/example_local_kubernetes_executor.py took 0.171 seconds
[2025-02-08T22:25:26.969+0000] {processor.py:153} INFO - Started process (PID=2991) to work on /home/airflow/.local/lib/python3.7/site-packages/airflow/example_dags/example_local_kubernetes_executor.py
[2025-02-08T22:25:26.970+0000] {processor.py:743} INFO - Processing file /home/airflow/.local/lib/python3.7/site-packages/airflow/example_dags/example_local_kubernetes_executor.py for tasks to queue
[2025-02-08T22:25:26.971+0000] {logging_mixin.py:137} INFO - [2025-02-08T22:25:26.971+0000] {dagbag.py:538} INFO - Filling up the DagBag from /home/airflow/.local/lib/python3.7/site-packages/airflow/example_dags/example_local_kubernetes_executor.py
[2025-02-08T22:25:27.001+0000] {processor.py:753} INFO - DAG(s) dict_keys(['example_local_kubernetes_executor']) retrieved from /home/airflow/.local/lib/python3.7/site-packages/airflow/example_dags/example_local_kubernetes_executor.py
[2025-02-08T22:25:27.033+0000] {logging_mixin.py:137} INFO - [2025-02-08T22:25:27.033+0000] {dag.py:2690} INFO - Sync 1 DAGs
[2025-02-08T22:25:27.076+0000] {logging_mixin.py:137} INFO - [2025-02-08T22:25:27.075+0000] {dag.py:3441} INFO - Setting next_dagrun for example_local_kubernetes_executor to None, run_after=None
[2025-02-08T22:25:27.108+0000] {processor.py:175} INFO - Processing /home/airflow/.local/lib/python3.7/site-packages/airflow/example_dags/example_local_kubernetes_executor.py took 0.143 seconds
[2025-02-08T22:25:57.716+0000] {processor.py:153} INFO - Started process (PID=3062) to work on /home/airflow/.local/lib/python3.7/site-packages/airflow/example_dags/example_local_kubernetes_executor.py
[2025-02-08T22:25:57.717+0000] {processor.py:743} INFO - Processing file /home/airflow/.local/lib/python3.7/site-packages/airflow/example_dags/example_local_kubernetes_executor.py for tasks to queue
[2025-02-08T22:25:57.719+0000] {logging_mixin.py:137} INFO - [2025-02-08T22:25:57.718+0000] {dagbag.py:538} INFO - Filling up the DagBag from /home/airflow/.local/lib/python3.7/site-packages/airflow/example_dags/example_local_kubernetes_executor.py
[2025-02-08T22:25:57.747+0000] {processor.py:753} INFO - DAG(s) dict_keys(['example_local_kubernetes_executor']) retrieved from /home/airflow/.local/lib/python3.7/site-packages/airflow/example_dags/example_local_kubernetes_executor.py
[2025-02-08T22:25:57.783+0000] {logging_mixin.py:137} INFO - [2025-02-08T22:25:57.782+0000] {dag.py:2690} INFO - Sync 1 DAGs
[2025-02-08T22:25:57.813+0000] {logging_mixin.py:137} INFO - [2025-02-08T22:25:57.812+0000] {dag.py:3441} INFO - Setting next_dagrun for example_local_kubernetes_executor to None, run_after=None
[2025-02-08T22:25:57.844+0000] {processor.py:175} INFO - Processing /home/airflow/.local/lib/python3.7/site-packages/airflow/example_dags/example_local_kubernetes_executor.py took 0.132 seconds
[2025-02-08T22:26:28.604+0000] {processor.py:153} INFO - Started process (PID=3134) to work on /home/airflow/.local/lib/python3.7/site-packages/airflow/example_dags/example_local_kubernetes_executor.py
[2025-02-08T22:26:28.605+0000] {processor.py:743} INFO - Processing file /home/airflow/.local/lib/python3.7/site-packages/airflow/example_dags/example_local_kubernetes_executor.py for tasks to queue
[2025-02-08T22:26:28.606+0000] {logging_mixin.py:137} INFO - [2025-02-08T22:26:28.606+0000] {dagbag.py:538} INFO - Filling up the DagBag from /home/airflow/.local/lib/python3.7/site-packages/airflow/example_dags/example_local_kubernetes_executor.py
[2025-02-08T22:26:28.627+0000] {processor.py:753} INFO - DAG(s) dict_keys(['example_local_kubernetes_executor']) retrieved from /home/airflow/.local/lib/python3.7/site-packages/airflow/example_dags/example_local_kubernetes_executor.py
[2025-02-08T22:26:28.654+0000] {logging_mixin.py:137} INFO - [2025-02-08T22:26:28.654+0000] {dag.py:2690} INFO - Sync 1 DAGs
[2025-02-08T22:26:28.679+0000] {logging_mixin.py:137} INFO - [2025-02-08T22:26:28.679+0000] {dag.py:3441} INFO - Setting next_dagrun for example_local_kubernetes_executor to None, run_after=None
[2025-02-08T22:26:28.704+0000] {processor.py:175} INFO - Processing /home/airflow/.local/lib/python3.7/site-packages/airflow/example_dags/example_local_kubernetes_executor.py took 0.103 seconds
[2025-02-08T22:26:59.381+0000] {processor.py:153} INFO - Started process (PID=3222) to work on /home/airflow/.local/lib/python3.7/site-packages/airflow/example_dags/example_local_kubernetes_executor.py
[2025-02-08T22:26:59.382+0000] {processor.py:743} INFO - Processing file /home/airflow/.local/lib/python3.7/site-packages/airflow/example_dags/example_local_kubernetes_executor.py for tasks to queue
[2025-02-08T22:26:59.383+0000] {logging_mixin.py:137} INFO - [2025-02-08T22:26:59.383+0000] {dagbag.py:538} INFO - Filling up the DagBag from /home/airflow/.local/lib/python3.7/site-packages/airflow/example_dags/example_local_kubernetes_executor.py
[2025-02-08T22:26:59.416+0000] {processor.py:753} INFO - DAG(s) dict_keys(['example_local_kubernetes_executor']) retrieved from /home/airflow/.local/lib/python3.7/site-packages/airflow/example_dags/example_local_kubernetes_executor.py
[2025-02-08T22:26:59.454+0000] {logging_mixin.py:137} INFO - [2025-02-08T22:26:59.454+0000] {dag.py:2690} INFO - Sync 1 DAGs
[2025-02-08T22:26:59.484+0000] {logging_mixin.py:137} INFO - [2025-02-08T22:26:59.484+0000] {dag.py:3441} INFO - Setting next_dagrun for example_local_kubernetes_executor to None, run_after=None
[2025-02-08T22:26:59.515+0000] {processor.py:175} INFO - Processing /home/airflow/.local/lib/python3.7/site-packages/airflow/example_dags/example_local_kubernetes_executor.py took 0.138 seconds
[2025-02-08T22:27:30.328+0000] {processor.py:153} INFO - Started process (PID=3303) to work on /home/airflow/.local/lib/python3.7/site-packages/airflow/example_dags/example_local_kubernetes_executor.py
[2025-02-08T22:27:30.330+0000] {processor.py:743} INFO - Processing file /home/airflow/.local/lib/python3.7/site-packages/airflow/example_dags/example_local_kubernetes_executor.py for tasks to queue
[2025-02-08T22:27:30.331+0000] {logging_mixin.py:137} INFO - [2025-02-08T22:27:30.331+0000] {dagbag.py:538} INFO - Filling up the DagBag from /home/airflow/.local/lib/python3.7/site-packages/airflow/example_dags/example_local_kubernetes_executor.py
[2025-02-08T22:27:30.359+0000] {processor.py:753} INFO - DAG(s) dict_keys(['example_local_kubernetes_executor']) retrieved from /home/airflow/.local/lib/python3.7/site-packages/airflow/example_dags/example_local_kubernetes_executor.py
[2025-02-08T22:27:30.394+0000] {logging_mixin.py:137} INFO - [2025-02-08T22:27:30.394+0000] {dag.py:2690} INFO - Sync 1 DAGs
[2025-02-08T22:27:30.424+0000] {logging_mixin.py:137} INFO - [2025-02-08T22:27:30.424+0000] {dag.py:3441} INFO - Setting next_dagrun for example_local_kubernetes_executor to None, run_after=None
[2025-02-08T22:27:30.450+0000] {processor.py:175} INFO - Processing /home/airflow/.local/lib/python3.7/site-packages/airflow/example_dags/example_local_kubernetes_executor.py took 0.127 seconds
