[2025-02-08T22:06:03.194+0000] {processor.py:153} INFO - Started process (PID=62) to work on /home/airflow/.local/lib/python3.7/site-packages/airflow/example_dags/example_sla_dag.py
[2025-02-08T22:06:03.196+0000] {processor.py:743} INFO - Processing file /home/airflow/.local/lib/python3.7/site-packages/airflow/example_dags/example_sla_dag.py for tasks to queue
[2025-02-08T22:06:03.197+0000] {logging_mixin.py:137} INFO - [2025-02-08T22:06:03.197+0000] {dagbag.py:538} INFO - Filling up the DagBag from /home/airflow/.local/lib/python3.7/site-packages/airflow/example_dags/example_sla_dag.py
[2025-02-08T22:06:03.233+0000] {processor.py:753} INFO - DAG(s) dict_keys(['example_sla_dag']) retrieved from /home/airflow/.local/lib/python3.7/site-packages/airflow/example_dags/example_sla_dag.py
[2025-02-08T22:06:03.265+0000] {logging_mixin.py:137} INFO - [2025-02-08T22:06:03.265+0000] {dag.py:2690} INFO - Sync 1 DAGs
[2025-02-08T22:06:03.323+0000] {logging_mixin.py:137} INFO - [2025-02-08T22:06:03.323+0000] {dag.py:3441} INFO - Setting next_dagrun for example_sla_dag to 2025-02-08T22:04:00+00:00, run_after=2025-02-08T22:06:00+00:00
[2025-02-08T22:06:03.370+0000] {processor.py:175} INFO - Processing /home/airflow/.local/lib/python3.7/site-packages/airflow/example_dags/example_sla_dag.py took 0.181 seconds
[2025-02-08T22:06:36.445+0000] {processor.py:153} INFO - Started process (PID=133) to work on /home/airflow/.local/lib/python3.7/site-packages/airflow/example_dags/example_sla_dag.py
[2025-02-08T22:06:36.447+0000] {processor.py:743} INFO - Processing file /home/airflow/.local/lib/python3.7/site-packages/airflow/example_dags/example_sla_dag.py for tasks to queue
[2025-02-08T22:06:36.449+0000] {logging_mixin.py:137} INFO - [2025-02-08T22:06:36.448+0000] {dagbag.py:538} INFO - Filling up the DagBag from /home/airflow/.local/lib/python3.7/site-packages/airflow/example_dags/example_sla_dag.py
[2025-02-08T22:06:36.507+0000] {processor.py:753} INFO - DAG(s) dict_keys(['example_sla_dag']) retrieved from /home/airflow/.local/lib/python3.7/site-packages/airflow/example_dags/example_sla_dag.py
[2025-02-08T22:06:36.557+0000] {logging_mixin.py:137} INFO - [2025-02-08T22:06:36.556+0000] {dag.py:2690} INFO - Sync 1 DAGs
[2025-02-08T22:06:36.617+0000] {logging_mixin.py:137} INFO - [2025-02-08T22:06:36.617+0000] {dag.py:3441} INFO - Setting next_dagrun for example_sla_dag to 2025-02-08T22:04:00+00:00, run_after=2025-02-08T22:06:00+00:00
[2025-02-08T22:06:36.653+0000] {processor.py:175} INFO - Processing /home/airflow/.local/lib/python3.7/site-packages/airflow/example_dags/example_sla_dag.py took 0.215 seconds
[2025-02-08T22:07:07.259+0000] {processor.py:153} INFO - Started process (PID=204) to work on /home/airflow/.local/lib/python3.7/site-packages/airflow/example_dags/example_sla_dag.py
[2025-02-08T22:07:07.260+0000] {processor.py:743} INFO - Processing file /home/airflow/.local/lib/python3.7/site-packages/airflow/example_dags/example_sla_dag.py for tasks to queue
[2025-02-08T22:07:07.261+0000] {logging_mixin.py:137} INFO - [2025-02-08T22:07:07.261+0000] {dagbag.py:538} INFO - Filling up the DagBag from /home/airflow/.local/lib/python3.7/site-packages/airflow/example_dags/example_sla_dag.py
[2025-02-08T22:07:07.285+0000] {processor.py:753} INFO - DAG(s) dict_keys(['example_sla_dag']) retrieved from /home/airflow/.local/lib/python3.7/site-packages/airflow/example_dags/example_sla_dag.py
[2025-02-08T22:07:07.307+0000] {logging_mixin.py:137} INFO - [2025-02-08T22:07:07.307+0000] {dag.py:2690} INFO - Sync 1 DAGs
[2025-02-08T22:07:07.334+0000] {logging_mixin.py:137} INFO - [2025-02-08T22:07:07.334+0000] {dag.py:3441} INFO - Setting next_dagrun for example_sla_dag to 2025-02-08T22:04:00+00:00, run_after=2025-02-08T22:06:00+00:00
[2025-02-08T22:07:07.354+0000] {processor.py:175} INFO - Processing /home/airflow/.local/lib/python3.7/site-packages/airflow/example_dags/example_sla_dag.py took 0.098 seconds
[2025-02-08T22:07:37.826+0000] {processor.py:153} INFO - Started process (PID=284) to work on /home/airflow/.local/lib/python3.7/site-packages/airflow/example_dags/example_sla_dag.py
[2025-02-08T22:07:37.828+0000] {processor.py:743} INFO - Processing file /home/airflow/.local/lib/python3.7/site-packages/airflow/example_dags/example_sla_dag.py for tasks to queue
[2025-02-08T22:07:37.829+0000] {logging_mixin.py:137} INFO - [2025-02-08T22:07:37.829+0000] {dagbag.py:538} INFO - Filling up the DagBag from /home/airflow/.local/lib/python3.7/site-packages/airflow/example_dags/example_sla_dag.py
[2025-02-08T22:07:37.867+0000] {processor.py:753} INFO - DAG(s) dict_keys(['example_sla_dag']) retrieved from /home/airflow/.local/lib/python3.7/site-packages/airflow/example_dags/example_sla_dag.py
[2025-02-08T22:07:37.902+0000] {logging_mixin.py:137} INFO - [2025-02-08T22:07:37.901+0000] {dag.py:2690} INFO - Sync 1 DAGs
[2025-02-08T22:07:37.943+0000] {logging_mixin.py:137} INFO - [2025-02-08T22:07:37.943+0000] {dag.py:3441} INFO - Setting next_dagrun for example_sla_dag to 2025-02-08T22:04:00+00:00, run_after=2025-02-08T22:06:00+00:00
[2025-02-08T22:07:37.968+0000] {processor.py:175} INFO - Processing /home/airflow/.local/lib/python3.7/site-packages/airflow/example_dags/example_sla_dag.py took 0.145 seconds
[2025-02-08T22:08:08.457+0000] {processor.py:153} INFO - Started process (PID=362) to work on /home/airflow/.local/lib/python3.7/site-packages/airflow/example_dags/example_sla_dag.py
[2025-02-08T22:08:08.459+0000] {processor.py:743} INFO - Processing file /home/airflow/.local/lib/python3.7/site-packages/airflow/example_dags/example_sla_dag.py for tasks to queue
[2025-02-08T22:08:08.460+0000] {logging_mixin.py:137} INFO - [2025-02-08T22:08:08.459+0000] {dagbag.py:538} INFO - Filling up the DagBag from /home/airflow/.local/lib/python3.7/site-packages/airflow/example_dags/example_sla_dag.py
[2025-02-08T22:08:08.486+0000] {processor.py:753} INFO - DAG(s) dict_keys(['example_sla_dag']) retrieved from /home/airflow/.local/lib/python3.7/site-packages/airflow/example_dags/example_sla_dag.py
[2025-02-08T22:08:08.513+0000] {logging_mixin.py:137} INFO - [2025-02-08T22:08:08.513+0000] {dag.py:2690} INFO - Sync 1 DAGs
[2025-02-08T22:08:08.546+0000] {logging_mixin.py:137} INFO - [2025-02-08T22:08:08.545+0000] {dag.py:3441} INFO - Setting next_dagrun for example_sla_dag to 2025-02-08T22:06:00+00:00, run_after=2025-02-08T22:08:00+00:00
[2025-02-08T22:08:08.568+0000] {processor.py:175} INFO - Processing /home/airflow/.local/lib/python3.7/site-packages/airflow/example_dags/example_sla_dag.py took 0.113 seconds
[2025-02-08T22:08:39.554+0000] {processor.py:153} INFO - Started process (PID=433) to work on /home/airflow/.local/lib/python3.7/site-packages/airflow/example_dags/example_sla_dag.py
[2025-02-08T22:08:39.557+0000] {processor.py:743} INFO - Processing file /home/airflow/.local/lib/python3.7/site-packages/airflow/example_dags/example_sla_dag.py for tasks to queue
[2025-02-08T22:08:39.562+0000] {logging_mixin.py:137} INFO - [2025-02-08T22:08:39.561+0000] {dagbag.py:538} INFO - Filling up the DagBag from /home/airflow/.local/lib/python3.7/site-packages/airflow/example_dags/example_sla_dag.py
[2025-02-08T22:08:39.638+0000] {processor.py:753} INFO - DAG(s) dict_keys(['example_sla_dag']) retrieved from /home/airflow/.local/lib/python3.7/site-packages/airflow/example_dags/example_sla_dag.py
[2025-02-08T22:08:39.701+0000] {logging_mixin.py:137} INFO - [2025-02-08T22:08:39.700+0000] {dag.py:2690} INFO - Sync 1 DAGs
[2025-02-08T22:08:39.786+0000] {logging_mixin.py:137} INFO - [2025-02-08T22:08:39.785+0000] {dag.py:3441} INFO - Setting next_dagrun for example_sla_dag to 2025-02-08T22:06:00+00:00, run_after=2025-02-08T22:08:00+00:00
[2025-02-08T22:08:39.895+0000] {processor.py:175} INFO - Processing /home/airflow/.local/lib/python3.7/site-packages/airflow/example_dags/example_sla_dag.py took 0.347 seconds
[2025-02-08T22:09:10.407+0000] {processor.py:153} INFO - Started process (PID=520) to work on /home/airflow/.local/lib/python3.7/site-packages/airflow/example_dags/example_sla_dag.py
[2025-02-08T22:09:10.408+0000] {processor.py:743} INFO - Processing file /home/airflow/.local/lib/python3.7/site-packages/airflow/example_dags/example_sla_dag.py for tasks to queue
[2025-02-08T22:09:10.409+0000] {logging_mixin.py:137} INFO - [2025-02-08T22:09:10.409+0000] {dagbag.py:538} INFO - Filling up the DagBag from /home/airflow/.local/lib/python3.7/site-packages/airflow/example_dags/example_sla_dag.py
[2025-02-08T22:09:10.444+0000] {processor.py:753} INFO - DAG(s) dict_keys(['example_sla_dag']) retrieved from /home/airflow/.local/lib/python3.7/site-packages/airflow/example_dags/example_sla_dag.py
[2025-02-08T22:09:10.473+0000] {logging_mixin.py:137} INFO - [2025-02-08T22:09:10.473+0000] {dag.py:2690} INFO - Sync 1 DAGs
[2025-02-08T22:09:10.507+0000] {logging_mixin.py:137} INFO - [2025-02-08T22:09:10.506+0000] {dag.py:3441} INFO - Setting next_dagrun for example_sla_dag to 2025-02-08T22:06:00+00:00, run_after=2025-02-08T22:08:00+00:00
[2025-02-08T22:09:10.529+0000] {processor.py:175} INFO - Processing /home/airflow/.local/lib/python3.7/site-packages/airflow/example_dags/example_sla_dag.py took 0.126 seconds
[2025-02-08T22:09:41.196+0000] {processor.py:153} INFO - Started process (PID=591) to work on /home/airflow/.local/lib/python3.7/site-packages/airflow/example_dags/example_sla_dag.py
[2025-02-08T22:09:41.198+0000] {processor.py:743} INFO - Processing file /home/airflow/.local/lib/python3.7/site-packages/airflow/example_dags/example_sla_dag.py for tasks to queue
[2025-02-08T22:09:41.199+0000] {logging_mixin.py:137} INFO - [2025-02-08T22:09:41.199+0000] {dagbag.py:538} INFO - Filling up the DagBag from /home/airflow/.local/lib/python3.7/site-packages/airflow/example_dags/example_sla_dag.py
[2025-02-08T22:09:41.258+0000] {processor.py:753} INFO - DAG(s) dict_keys(['example_sla_dag']) retrieved from /home/airflow/.local/lib/python3.7/site-packages/airflow/example_dags/example_sla_dag.py
[2025-02-08T22:09:41.348+0000] {logging_mixin.py:137} INFO - [2025-02-08T22:09:41.347+0000] {dag.py:2690} INFO - Sync 1 DAGs
[2025-02-08T22:09:41.459+0000] {logging_mixin.py:137} INFO - [2025-02-08T22:09:41.458+0000] {dag.py:3441} INFO - Setting next_dagrun for example_sla_dag to 2025-02-08T22:06:00+00:00, run_after=2025-02-08T22:08:00+00:00
[2025-02-08T22:09:41.508+0000] {processor.py:175} INFO - Processing /home/airflow/.local/lib/python3.7/site-packages/airflow/example_dags/example_sla_dag.py took 0.317 seconds
[2025-02-08T22:10:12.233+0000] {processor.py:153} INFO - Started process (PID=678) to work on /home/airflow/.local/lib/python3.7/site-packages/airflow/example_dags/example_sla_dag.py
[2025-02-08T22:10:12.235+0000] {processor.py:743} INFO - Processing file /home/airflow/.local/lib/python3.7/site-packages/airflow/example_dags/example_sla_dag.py for tasks to queue
[2025-02-08T22:10:12.236+0000] {logging_mixin.py:137} INFO - [2025-02-08T22:10:12.235+0000] {dagbag.py:538} INFO - Filling up the DagBag from /home/airflow/.local/lib/python3.7/site-packages/airflow/example_dags/example_sla_dag.py
[2025-02-08T22:10:12.287+0000] {processor.py:753} INFO - DAG(s) dict_keys(['example_sla_dag']) retrieved from /home/airflow/.local/lib/python3.7/site-packages/airflow/example_dags/example_sla_dag.py
[2025-02-08T22:10:12.520+0000] {logging_mixin.py:137} INFO - [2025-02-08T22:10:12.520+0000] {dag.py:2690} INFO - Sync 1 DAGs
[2025-02-08T22:10:12.631+0000] {logging_mixin.py:137} INFO - [2025-02-08T22:10:12.630+0000] {dag.py:3441} INFO - Setting next_dagrun for example_sla_dag to 2025-02-08T22:08:00+00:00, run_after=2025-02-08T22:10:00+00:00
[2025-02-08T22:10:13.182+0000] {processor.py:175} INFO - Processing /home/airflow/.local/lib/python3.7/site-packages/airflow/example_dags/example_sla_dag.py took 0.953 seconds
[2025-02-08T22:10:43.222+0000] {processor.py:153} INFO - Started process (PID=748) to work on /home/airflow/.local/lib/python3.7/site-packages/airflow/example_dags/example_sla_dag.py
[2025-02-08T22:10:43.223+0000] {processor.py:743} INFO - Processing file /home/airflow/.local/lib/python3.7/site-packages/airflow/example_dags/example_sla_dag.py for tasks to queue
[2025-02-08T22:10:43.224+0000] {logging_mixin.py:137} INFO - [2025-02-08T22:10:43.224+0000] {dagbag.py:538} INFO - Filling up the DagBag from /home/airflow/.local/lib/python3.7/site-packages/airflow/example_dags/example_sla_dag.py
[2025-02-08T22:10:43.244+0000] {processor.py:753} INFO - DAG(s) dict_keys(['example_sla_dag']) retrieved from /home/airflow/.local/lib/python3.7/site-packages/airflow/example_dags/example_sla_dag.py
[2025-02-08T22:10:43.267+0000] {logging_mixin.py:137} INFO - [2025-02-08T22:10:43.267+0000] {dag.py:2690} INFO - Sync 1 DAGs
[2025-02-08T22:10:43.290+0000] {logging_mixin.py:137} INFO - [2025-02-08T22:10:43.290+0000] {dag.py:3441} INFO - Setting next_dagrun for example_sla_dag to 2025-02-08T22:08:00+00:00, run_after=2025-02-08T22:10:00+00:00
[2025-02-08T22:10:43.312+0000] {processor.py:175} INFO - Processing /home/airflow/.local/lib/python3.7/site-packages/airflow/example_dags/example_sla_dag.py took 0.093 seconds
[2025-02-08T22:11:13.761+0000] {processor.py:153} INFO - Started process (PID=836) to work on /home/airflow/.local/lib/python3.7/site-packages/airflow/example_dags/example_sla_dag.py
[2025-02-08T22:11:13.775+0000] {processor.py:743} INFO - Processing file /home/airflow/.local/lib/python3.7/site-packages/airflow/example_dags/example_sla_dag.py for tasks to queue
[2025-02-08T22:11:13.779+0000] {logging_mixin.py:137} INFO - [2025-02-08T22:11:13.779+0000] {dagbag.py:538} INFO - Filling up the DagBag from /home/airflow/.local/lib/python3.7/site-packages/airflow/example_dags/example_sla_dag.py
[2025-02-08T22:11:14.052+0000] {processor.py:753} INFO - DAG(s) dict_keys(['example_sla_dag']) retrieved from /home/airflow/.local/lib/python3.7/site-packages/airflow/example_dags/example_sla_dag.py
[2025-02-08T22:11:14.487+0000] {logging_mixin.py:137} INFO - [2025-02-08T22:11:14.486+0000] {dag.py:2690} INFO - Sync 1 DAGs
[2025-02-08T22:11:15.147+0000] {logging_mixin.py:137} INFO - [2025-02-08T22:11:15.146+0000] {dag.py:3441} INFO - Setting next_dagrun for example_sla_dag to 2025-02-08T22:08:00+00:00, run_after=2025-02-08T22:10:00+00:00
[2025-02-08T22:11:19.725+0000] {processor.py:175} INFO - Processing /home/airflow/.local/lib/python3.7/site-packages/airflow/example_dags/example_sla_dag.py took 6.054 seconds
[2025-02-08T22:11:50.587+0000] {processor.py:153} INFO - Started process (PID=907) to work on /home/airflow/.local/lib/python3.7/site-packages/airflow/example_dags/example_sla_dag.py
[2025-02-08T22:11:50.587+0000] {processor.py:743} INFO - Processing file /home/airflow/.local/lib/python3.7/site-packages/airflow/example_dags/example_sla_dag.py for tasks to queue
[2025-02-08T22:11:50.588+0000] {logging_mixin.py:137} INFO - [2025-02-08T22:11:50.588+0000] {dagbag.py:538} INFO - Filling up the DagBag from /home/airflow/.local/lib/python3.7/site-packages/airflow/example_dags/example_sla_dag.py
[2025-02-08T22:11:50.611+0000] {processor.py:753} INFO - DAG(s) dict_keys(['example_sla_dag']) retrieved from /home/airflow/.local/lib/python3.7/site-packages/airflow/example_dags/example_sla_dag.py
[2025-02-08T22:11:50.645+0000] {logging_mixin.py:137} INFO - [2025-02-08T22:11:50.645+0000] {dag.py:2690} INFO - Sync 1 DAGs
[2025-02-08T22:11:50.681+0000] {logging_mixin.py:137} INFO - [2025-02-08T22:11:50.680+0000] {dag.py:3441} INFO - Setting next_dagrun for example_sla_dag to 2025-02-08T22:08:00+00:00, run_after=2025-02-08T22:10:00+00:00
[2025-02-08T22:11:50.705+0000] {processor.py:175} INFO - Processing /home/airflow/.local/lib/python3.7/site-packages/airflow/example_dags/example_sla_dag.py took 0.122 seconds
[2025-02-08T22:12:20.896+0000] {processor.py:153} INFO - Started process (PID=995) to work on /home/airflow/.local/lib/python3.7/site-packages/airflow/example_dags/example_sla_dag.py
[2025-02-08T22:12:20.898+0000] {processor.py:743} INFO - Processing file /home/airflow/.local/lib/python3.7/site-packages/airflow/example_dags/example_sla_dag.py for tasks to queue
[2025-02-08T22:12:20.899+0000] {logging_mixin.py:137} INFO - [2025-02-08T22:12:20.899+0000] {dagbag.py:538} INFO - Filling up the DagBag from /home/airflow/.local/lib/python3.7/site-packages/airflow/example_dags/example_sla_dag.py
[2025-02-08T22:12:20.922+0000] {processor.py:753} INFO - DAG(s) dict_keys(['example_sla_dag']) retrieved from /home/airflow/.local/lib/python3.7/site-packages/airflow/example_dags/example_sla_dag.py
[2025-02-08T22:12:20.950+0000] {logging_mixin.py:137} INFO - [2025-02-08T22:12:20.950+0000] {dag.py:2690} INFO - Sync 1 DAGs
[2025-02-08T22:12:20.982+0000] {logging_mixin.py:137} INFO - [2025-02-08T22:12:20.981+0000] {dag.py:3441} INFO - Setting next_dagrun for example_sla_dag to 2025-02-08T22:10:00+00:00, run_after=2025-02-08T22:12:00+00:00
[2025-02-08T22:12:21.006+0000] {processor.py:175} INFO - Processing /home/airflow/.local/lib/python3.7/site-packages/airflow/example_dags/example_sla_dag.py took 0.113 seconds
[2025-02-08T22:12:51.656+0000] {processor.py:153} INFO - Started process (PID=1066) to work on /home/airflow/.local/lib/python3.7/site-packages/airflow/example_dags/example_sla_dag.py
[2025-02-08T22:12:51.657+0000] {processor.py:743} INFO - Processing file /home/airflow/.local/lib/python3.7/site-packages/airflow/example_dags/example_sla_dag.py for tasks to queue
[2025-02-08T22:12:51.657+0000] {logging_mixin.py:137} INFO - [2025-02-08T22:12:51.657+0000] {dagbag.py:538} INFO - Filling up the DagBag from /home/airflow/.local/lib/python3.7/site-packages/airflow/example_dags/example_sla_dag.py
[2025-02-08T22:12:51.678+0000] {processor.py:753} INFO - DAG(s) dict_keys(['example_sla_dag']) retrieved from /home/airflow/.local/lib/python3.7/site-packages/airflow/example_dags/example_sla_dag.py
[2025-02-08T22:12:51.703+0000] {logging_mixin.py:137} INFO - [2025-02-08T22:12:51.703+0000] {dag.py:2690} INFO - Sync 1 DAGs
[2025-02-08T22:12:51.731+0000] {logging_mixin.py:137} INFO - [2025-02-08T22:12:51.731+0000] {dag.py:3441} INFO - Setting next_dagrun for example_sla_dag to 2025-02-08T22:10:00+00:00, run_after=2025-02-08T22:12:00+00:00
[2025-02-08T22:12:51.754+0000] {processor.py:175} INFO - Processing /home/airflow/.local/lib/python3.7/site-packages/airflow/example_dags/example_sla_dag.py took 0.102 seconds
[2025-02-08T22:13:21.840+0000] {processor.py:153} INFO - Started process (PID=1153) to work on /home/airflow/.local/lib/python3.7/site-packages/airflow/example_dags/example_sla_dag.py
[2025-02-08T22:13:21.841+0000] {processor.py:743} INFO - Processing file /home/airflow/.local/lib/python3.7/site-packages/airflow/example_dags/example_sla_dag.py for tasks to queue
[2025-02-08T22:13:21.842+0000] {logging_mixin.py:137} INFO - [2025-02-08T22:13:21.842+0000] {dagbag.py:538} INFO - Filling up the DagBag from /home/airflow/.local/lib/python3.7/site-packages/airflow/example_dags/example_sla_dag.py
[2025-02-08T22:13:21.869+0000] {processor.py:753} INFO - DAG(s) dict_keys(['example_sla_dag']) retrieved from /home/airflow/.local/lib/python3.7/site-packages/airflow/example_dags/example_sla_dag.py
[2025-02-08T22:13:21.896+0000] {logging_mixin.py:137} INFO - [2025-02-08T22:13:21.896+0000] {dag.py:2690} INFO - Sync 1 DAGs
[2025-02-08T22:13:21.929+0000] {logging_mixin.py:137} INFO - [2025-02-08T22:13:21.929+0000] {dag.py:3441} INFO - Setting next_dagrun for example_sla_dag to 2025-02-08T22:10:00+00:00, run_after=2025-02-08T22:12:00+00:00
[2025-02-08T22:13:21.952+0000] {processor.py:175} INFO - Processing /home/airflow/.local/lib/python3.7/site-packages/airflow/example_dags/example_sla_dag.py took 0.116 seconds
[2025-02-08T22:13:52.693+0000] {processor.py:153} INFO - Started process (PID=1224) to work on /home/airflow/.local/lib/python3.7/site-packages/airflow/example_dags/example_sla_dag.py
[2025-02-08T22:13:52.694+0000] {processor.py:743} INFO - Processing file /home/airflow/.local/lib/python3.7/site-packages/airflow/example_dags/example_sla_dag.py for tasks to queue
[2025-02-08T22:13:52.695+0000] {logging_mixin.py:137} INFO - [2025-02-08T22:13:52.695+0000] {dagbag.py:538} INFO - Filling up the DagBag from /home/airflow/.local/lib/python3.7/site-packages/airflow/example_dags/example_sla_dag.py
[2025-02-08T22:13:52.719+0000] {processor.py:753} INFO - DAG(s) dict_keys(['example_sla_dag']) retrieved from /home/airflow/.local/lib/python3.7/site-packages/airflow/example_dags/example_sla_dag.py
[2025-02-08T22:13:52.746+0000] {logging_mixin.py:137} INFO - [2025-02-08T22:13:52.746+0000] {dag.py:2690} INFO - Sync 1 DAGs
[2025-02-08T22:13:52.776+0000] {logging_mixin.py:137} INFO - [2025-02-08T22:13:52.776+0000] {dag.py:3441} INFO - Setting next_dagrun for example_sla_dag to 2025-02-08T22:10:00+00:00, run_after=2025-02-08T22:12:00+00:00
[2025-02-08T22:13:52.801+0000] {processor.py:175} INFO - Processing /home/airflow/.local/lib/python3.7/site-packages/airflow/example_dags/example_sla_dag.py took 0.111 seconds
[2025-02-08T22:14:23.257+0000] {processor.py:153} INFO - Started process (PID=1311) to work on /home/airflow/.local/lib/python3.7/site-packages/airflow/example_dags/example_sla_dag.py
[2025-02-08T22:14:23.259+0000] {processor.py:743} INFO - Processing file /home/airflow/.local/lib/python3.7/site-packages/airflow/example_dags/example_sla_dag.py for tasks to queue
[2025-02-08T22:14:23.261+0000] {logging_mixin.py:137} INFO - [2025-02-08T22:14:23.261+0000] {dagbag.py:538} INFO - Filling up the DagBag from /home/airflow/.local/lib/python3.7/site-packages/airflow/example_dags/example_sla_dag.py
[2025-02-08T22:14:23.319+0000] {processor.py:753} INFO - DAG(s) dict_keys(['example_sla_dag']) retrieved from /home/airflow/.local/lib/python3.7/site-packages/airflow/example_dags/example_sla_dag.py
[2025-02-08T22:14:23.370+0000] {logging_mixin.py:137} INFO - [2025-02-08T22:14:23.370+0000] {dag.py:2690} INFO - Sync 1 DAGs
[2025-02-08T22:14:23.470+0000] {logging_mixin.py:137} INFO - [2025-02-08T22:14:23.470+0000] {dag.py:3441} INFO - Setting next_dagrun for example_sla_dag to 2025-02-08T22:12:00+00:00, run_after=2025-02-08T22:14:00+00:00
[2025-02-08T22:14:23.522+0000] {processor.py:175} INFO - Processing /home/airflow/.local/lib/python3.7/site-packages/airflow/example_dags/example_sla_dag.py took 0.273 seconds
[2025-02-08T22:14:53.782+0000] {processor.py:153} INFO - Started process (PID=1382) to work on /home/airflow/.local/lib/python3.7/site-packages/airflow/example_dags/example_sla_dag.py
[2025-02-08T22:14:53.784+0000] {processor.py:743} INFO - Processing file /home/airflow/.local/lib/python3.7/site-packages/airflow/example_dags/example_sla_dag.py for tasks to queue
[2025-02-08T22:14:53.785+0000] {logging_mixin.py:137} INFO - [2025-02-08T22:14:53.784+0000] {dagbag.py:538} INFO - Filling up the DagBag from /home/airflow/.local/lib/python3.7/site-packages/airflow/example_dags/example_sla_dag.py
[2025-02-08T22:14:53.810+0000] {processor.py:753} INFO - DAG(s) dict_keys(['example_sla_dag']) retrieved from /home/airflow/.local/lib/python3.7/site-packages/airflow/example_dags/example_sla_dag.py
[2025-02-08T22:14:53.837+0000] {logging_mixin.py:137} INFO - [2025-02-08T22:14:53.837+0000] {dag.py:2690} INFO - Sync 1 DAGs
[2025-02-08T22:14:53.872+0000] {logging_mixin.py:137} INFO - [2025-02-08T22:14:53.871+0000] {dag.py:3441} INFO - Setting next_dagrun for example_sla_dag to 2025-02-08T22:12:00+00:00, run_after=2025-02-08T22:14:00+00:00
[2025-02-08T22:14:53.896+0000] {processor.py:175} INFO - Processing /home/airflow/.local/lib/python3.7/site-packages/airflow/example_dags/example_sla_dag.py took 0.117 seconds
[2025-02-08T22:15:23.986+0000] {processor.py:153} INFO - Started process (PID=1453) to work on /home/airflow/.local/lib/python3.7/site-packages/airflow/example_dags/example_sla_dag.py
[2025-02-08T22:15:23.987+0000] {processor.py:743} INFO - Processing file /home/airflow/.local/lib/python3.7/site-packages/airflow/example_dags/example_sla_dag.py for tasks to queue
[2025-02-08T22:15:23.988+0000] {logging_mixin.py:137} INFO - [2025-02-08T22:15:23.988+0000] {dagbag.py:538} INFO - Filling up the DagBag from /home/airflow/.local/lib/python3.7/site-packages/airflow/example_dags/example_sla_dag.py
[2025-02-08T22:15:24.009+0000] {processor.py:753} INFO - DAG(s) dict_keys(['example_sla_dag']) retrieved from /home/airflow/.local/lib/python3.7/site-packages/airflow/example_dags/example_sla_dag.py
[2025-02-08T22:15:24.036+0000] {logging_mixin.py:137} INFO - [2025-02-08T22:15:24.035+0000] {dag.py:2690} INFO - Sync 1 DAGs
[2025-02-08T22:15:24.062+0000] {logging_mixin.py:137} INFO - [2025-02-08T22:15:24.062+0000] {dag.py:3441} INFO - Setting next_dagrun for example_sla_dag to 2025-02-08T22:12:00+00:00, run_after=2025-02-08T22:14:00+00:00
[2025-02-08T22:15:24.083+0000] {processor.py:175} INFO - Processing /home/airflow/.local/lib/python3.7/site-packages/airflow/example_dags/example_sla_dag.py took 0.101 seconds
[2025-02-08T22:15:54.332+0000] {processor.py:153} INFO - Started process (PID=1540) to work on /home/airflow/.local/lib/python3.7/site-packages/airflow/example_dags/example_sla_dag.py
[2025-02-08T22:15:54.333+0000] {processor.py:743} INFO - Processing file /home/airflow/.local/lib/python3.7/site-packages/airflow/example_dags/example_sla_dag.py for tasks to queue
[2025-02-08T22:15:54.335+0000] {logging_mixin.py:137} INFO - [2025-02-08T22:15:54.334+0000] {dagbag.py:538} INFO - Filling up the DagBag from /home/airflow/.local/lib/python3.7/site-packages/airflow/example_dags/example_sla_dag.py
[2025-02-08T22:15:54.374+0000] {processor.py:753} INFO - DAG(s) dict_keys(['example_sla_dag']) retrieved from /home/airflow/.local/lib/python3.7/site-packages/airflow/example_dags/example_sla_dag.py
[2025-02-08T22:15:54.417+0000] {logging_mixin.py:137} INFO - [2025-02-08T22:15:54.417+0000] {dag.py:2690} INFO - Sync 1 DAGs
[2025-02-08T22:15:54.464+0000] {logging_mixin.py:137} INFO - [2025-02-08T22:15:54.463+0000] {dag.py:3441} INFO - Setting next_dagrun for example_sla_dag to 2025-02-08T22:12:00+00:00, run_after=2025-02-08T22:14:00+00:00
[2025-02-08T22:15:54.494+0000] {processor.py:175} INFO - Processing /home/airflow/.local/lib/python3.7/site-packages/airflow/example_dags/example_sla_dag.py took 0.168 seconds
[2025-02-08T22:16:24.794+0000] {processor.py:153} INFO - Started process (PID=1611) to work on /home/airflow/.local/lib/python3.7/site-packages/airflow/example_dags/example_sla_dag.py
[2025-02-08T22:16:24.795+0000] {processor.py:743} INFO - Processing file /home/airflow/.local/lib/python3.7/site-packages/airflow/example_dags/example_sla_dag.py for tasks to queue
[2025-02-08T22:16:24.796+0000] {logging_mixin.py:137} INFO - [2025-02-08T22:16:24.796+0000] {dagbag.py:538} INFO - Filling up the DagBag from /home/airflow/.local/lib/python3.7/site-packages/airflow/example_dags/example_sla_dag.py
[2025-02-08T22:16:24.819+0000] {processor.py:753} INFO - DAG(s) dict_keys(['example_sla_dag']) retrieved from /home/airflow/.local/lib/python3.7/site-packages/airflow/example_dags/example_sla_dag.py
[2025-02-08T22:16:24.846+0000] {logging_mixin.py:137} INFO - [2025-02-08T22:16:24.846+0000] {dag.py:2690} INFO - Sync 1 DAGs
[2025-02-08T22:16:24.876+0000] {logging_mixin.py:137} INFO - [2025-02-08T22:16:24.875+0000] {dag.py:3441} INFO - Setting next_dagrun for example_sla_dag to 2025-02-08T22:14:00+00:00, run_after=2025-02-08T22:16:00+00:00
[2025-02-08T22:16:24.898+0000] {processor.py:175} INFO - Processing /home/airflow/.local/lib/python3.7/site-packages/airflow/example_dags/example_sla_dag.py took 0.107 seconds
[2025-02-08T22:16:55.239+0000] {processor.py:153} INFO - Started process (PID=1682) to work on /home/airflow/.local/lib/python3.7/site-packages/airflow/example_dags/example_sla_dag.py
[2025-02-08T22:16:55.240+0000] {processor.py:743} INFO - Processing file /home/airflow/.local/lib/python3.7/site-packages/airflow/example_dags/example_sla_dag.py for tasks to queue
[2025-02-08T22:16:55.241+0000] {logging_mixin.py:137} INFO - [2025-02-08T22:16:55.241+0000] {dagbag.py:538} INFO - Filling up the DagBag from /home/airflow/.local/lib/python3.7/site-packages/airflow/example_dags/example_sla_dag.py
[2025-02-08T22:16:55.262+0000] {processor.py:753} INFO - DAG(s) dict_keys(['example_sla_dag']) retrieved from /home/airflow/.local/lib/python3.7/site-packages/airflow/example_dags/example_sla_dag.py
[2025-02-08T22:16:55.296+0000] {logging_mixin.py:137} INFO - [2025-02-08T22:16:55.296+0000] {dag.py:2690} INFO - Sync 1 DAGs
[2025-02-08T22:16:55.328+0000] {logging_mixin.py:137} INFO - [2025-02-08T22:16:55.328+0000] {dag.py:3441} INFO - Setting next_dagrun for example_sla_dag to 2025-02-08T22:14:00+00:00, run_after=2025-02-08T22:16:00+00:00
[2025-02-08T22:16:55.352+0000] {processor.py:175} INFO - Processing /home/airflow/.local/lib/python3.7/site-packages/airflow/example_dags/example_sla_dag.py took 0.115 seconds
[2025-02-08T22:17:26.008+0000] {processor.py:153} INFO - Started process (PID=1769) to work on /home/airflow/.local/lib/python3.7/site-packages/airflow/example_dags/example_sla_dag.py
[2025-02-08T22:17:26.008+0000] {processor.py:743} INFO - Processing file /home/airflow/.local/lib/python3.7/site-packages/airflow/example_dags/example_sla_dag.py for tasks to queue
[2025-02-08T22:17:26.009+0000] {logging_mixin.py:137} INFO - [2025-02-08T22:17:26.009+0000] {dagbag.py:538} INFO - Filling up the DagBag from /home/airflow/.local/lib/python3.7/site-packages/airflow/example_dags/example_sla_dag.py
[2025-02-08T22:17:26.035+0000] {processor.py:753} INFO - DAG(s) dict_keys(['example_sla_dag']) retrieved from /home/airflow/.local/lib/python3.7/site-packages/airflow/example_dags/example_sla_dag.py
[2025-02-08T22:17:26.060+0000] {logging_mixin.py:137} INFO - [2025-02-08T22:17:26.060+0000] {dag.py:2690} INFO - Sync 1 DAGs
[2025-02-08T22:17:26.086+0000] {logging_mixin.py:137} INFO - [2025-02-08T22:17:26.086+0000] {dag.py:3441} INFO - Setting next_dagrun for example_sla_dag to 2025-02-08T22:14:00+00:00, run_after=2025-02-08T22:16:00+00:00
[2025-02-08T22:17:26.109+0000] {processor.py:175} INFO - Processing /home/airflow/.local/lib/python3.7/site-packages/airflow/example_dags/example_sla_dag.py took 0.105 seconds
[2025-02-08T22:17:56.287+0000] {processor.py:153} INFO - Started process (PID=1840) to work on /home/airflow/.local/lib/python3.7/site-packages/airflow/example_dags/example_sla_dag.py
[2025-02-08T22:17:56.291+0000] {processor.py:743} INFO - Processing file /home/airflow/.local/lib/python3.7/site-packages/airflow/example_dags/example_sla_dag.py for tasks to queue
[2025-02-08T22:17:56.292+0000] {logging_mixin.py:137} INFO - [2025-02-08T22:17:56.292+0000] {dagbag.py:538} INFO - Filling up the DagBag from /home/airflow/.local/lib/python3.7/site-packages/airflow/example_dags/example_sla_dag.py
[2025-02-08T22:17:56.322+0000] {processor.py:753} INFO - DAG(s) dict_keys(['example_sla_dag']) retrieved from /home/airflow/.local/lib/python3.7/site-packages/airflow/example_dags/example_sla_dag.py
[2025-02-08T22:17:56.352+0000] {logging_mixin.py:137} INFO - [2025-02-08T22:17:56.352+0000] {dag.py:2690} INFO - Sync 1 DAGs
[2025-02-08T22:17:56.384+0000] {logging_mixin.py:137} INFO - [2025-02-08T22:17:56.384+0000] {dag.py:3441} INFO - Setting next_dagrun for example_sla_dag to 2025-02-08T22:14:00+00:00, run_after=2025-02-08T22:16:00+00:00
[2025-02-08T22:17:56.412+0000] {processor.py:175} INFO - Processing /home/airflow/.local/lib/python3.7/site-packages/airflow/example_dags/example_sla_dag.py took 0.129 seconds
[2025-02-08T22:18:26.799+0000] {processor.py:153} INFO - Started process (PID=1927) to work on /home/airflow/.local/lib/python3.7/site-packages/airflow/example_dags/example_sla_dag.py
[2025-02-08T22:18:26.800+0000] {processor.py:743} INFO - Processing file /home/airflow/.local/lib/python3.7/site-packages/airflow/example_dags/example_sla_dag.py for tasks to queue
[2025-02-08T22:18:26.801+0000] {logging_mixin.py:137} INFO - [2025-02-08T22:18:26.801+0000] {dagbag.py:538} INFO - Filling up the DagBag from /home/airflow/.local/lib/python3.7/site-packages/airflow/example_dags/example_sla_dag.py
[2025-02-08T22:18:26.823+0000] {processor.py:753} INFO - DAG(s) dict_keys(['example_sla_dag']) retrieved from /home/airflow/.local/lib/python3.7/site-packages/airflow/example_dags/example_sla_dag.py
[2025-02-08T22:18:26.848+0000] {logging_mixin.py:137} INFO - [2025-02-08T22:18:26.847+0000] {dag.py:2690} INFO - Sync 1 DAGs
[2025-02-08T22:18:26.876+0000] {logging_mixin.py:137} INFO - [2025-02-08T22:18:26.876+0000] {dag.py:3441} INFO - Setting next_dagrun for example_sla_dag to 2025-02-08T22:16:00+00:00, run_after=2025-02-08T22:18:00+00:00
[2025-02-08T22:18:26.898+0000] {processor.py:175} INFO - Processing /home/airflow/.local/lib/python3.7/site-packages/airflow/example_dags/example_sla_dag.py took 0.102 seconds
[2025-02-08T22:18:57.755+0000] {processor.py:153} INFO - Started process (PID=2005) to work on /home/airflow/.local/lib/python3.7/site-packages/airflow/example_dags/example_sla_dag.py
[2025-02-08T22:18:57.755+0000] {processor.py:743} INFO - Processing file /home/airflow/.local/lib/python3.7/site-packages/airflow/example_dags/example_sla_dag.py for tasks to queue
[2025-02-08T22:18:57.756+0000] {logging_mixin.py:137} INFO - [2025-02-08T22:18:57.756+0000] {dagbag.py:538} INFO - Filling up the DagBag from /home/airflow/.local/lib/python3.7/site-packages/airflow/example_dags/example_sla_dag.py
[2025-02-08T22:18:57.777+0000] {processor.py:753} INFO - DAG(s) dict_keys(['example_sla_dag']) retrieved from /home/airflow/.local/lib/python3.7/site-packages/airflow/example_dags/example_sla_dag.py
[2025-02-08T22:18:57.802+0000] {logging_mixin.py:137} INFO - [2025-02-08T22:18:57.802+0000] {dag.py:2690} INFO - Sync 1 DAGs
[2025-02-08T22:18:57.829+0000] {logging_mixin.py:137} INFO - [2025-02-08T22:18:57.829+0000] {dag.py:3441} INFO - Setting next_dagrun for example_sla_dag to 2025-02-08T22:16:00+00:00, run_after=2025-02-08T22:18:00+00:00
[2025-02-08T22:18:57.852+0000] {processor.py:175} INFO - Processing /home/airflow/.local/lib/python3.7/site-packages/airflow/example_dags/example_sla_dag.py took 0.100 seconds
[2025-02-08T22:19:28.390+0000] {processor.py:153} INFO - Started process (PID=2085) to work on /home/airflow/.local/lib/python3.7/site-packages/airflow/example_dags/example_sla_dag.py
[2025-02-08T22:19:28.392+0000] {processor.py:743} INFO - Processing file /home/airflow/.local/lib/python3.7/site-packages/airflow/example_dags/example_sla_dag.py for tasks to queue
[2025-02-08T22:19:28.393+0000] {logging_mixin.py:137} INFO - [2025-02-08T22:19:28.393+0000] {dagbag.py:538} INFO - Filling up the DagBag from /home/airflow/.local/lib/python3.7/site-packages/airflow/example_dags/example_sla_dag.py
[2025-02-08T22:19:28.424+0000] {processor.py:753} INFO - DAG(s) dict_keys(['example_sla_dag']) retrieved from /home/airflow/.local/lib/python3.7/site-packages/airflow/example_dags/example_sla_dag.py
[2025-02-08T22:19:28.458+0000] {logging_mixin.py:137} INFO - [2025-02-08T22:19:28.458+0000] {dag.py:2690} INFO - Sync 1 DAGs
[2025-02-08T22:19:28.494+0000] {logging_mixin.py:137} INFO - [2025-02-08T22:19:28.494+0000] {dag.py:3441} INFO - Setting next_dagrun for example_sla_dag to 2025-02-08T22:16:00+00:00, run_after=2025-02-08T22:18:00+00:00
[2025-02-08T22:19:28.523+0000] {processor.py:175} INFO - Processing /home/airflow/.local/lib/python3.7/site-packages/airflow/example_dags/example_sla_dag.py took 0.137 seconds
[2025-02-08T22:19:58.646+0000] {processor.py:153} INFO - Started process (PID=2155) to work on /home/airflow/.local/lib/python3.7/site-packages/airflow/example_dags/example_sla_dag.py
[2025-02-08T22:19:58.647+0000] {processor.py:743} INFO - Processing file /home/airflow/.local/lib/python3.7/site-packages/airflow/example_dags/example_sla_dag.py for tasks to queue
[2025-02-08T22:19:58.648+0000] {logging_mixin.py:137} INFO - [2025-02-08T22:19:58.648+0000] {dagbag.py:538} INFO - Filling up the DagBag from /home/airflow/.local/lib/python3.7/site-packages/airflow/example_dags/example_sla_dag.py
[2025-02-08T22:19:58.683+0000] {processor.py:753} INFO - DAG(s) dict_keys(['example_sla_dag']) retrieved from /home/airflow/.local/lib/python3.7/site-packages/airflow/example_dags/example_sla_dag.py
[2025-02-08T22:19:58.718+0000] {logging_mixin.py:137} INFO - [2025-02-08T22:19:58.717+0000] {dag.py:2690} INFO - Sync 1 DAGs
[2025-02-08T22:19:58.763+0000] {logging_mixin.py:137} INFO - [2025-02-08T22:19:58.763+0000] {dag.py:3441} INFO - Setting next_dagrun for example_sla_dag to 2025-02-08T22:16:00+00:00, run_after=2025-02-08T22:18:00+00:00
[2025-02-08T22:19:58.793+0000] {processor.py:175} INFO - Processing /home/airflow/.local/lib/python3.7/site-packages/airflow/example_dags/example_sla_dag.py took 0.151 seconds
[2025-02-08T22:20:29.626+0000] {processor.py:153} INFO - Started process (PID=2242) to work on /home/airflow/.local/lib/python3.7/site-packages/airflow/example_dags/example_sla_dag.py
[2025-02-08T22:20:29.628+0000] {processor.py:743} INFO - Processing file /home/airflow/.local/lib/python3.7/site-packages/airflow/example_dags/example_sla_dag.py for tasks to queue
[2025-02-08T22:20:29.629+0000] {logging_mixin.py:137} INFO - [2025-02-08T22:20:29.629+0000] {dagbag.py:538} INFO - Filling up the DagBag from /home/airflow/.local/lib/python3.7/site-packages/airflow/example_dags/example_sla_dag.py
[2025-02-08T22:20:29.663+0000] {processor.py:753} INFO - DAG(s) dict_keys(['example_sla_dag']) retrieved from /home/airflow/.local/lib/python3.7/site-packages/airflow/example_dags/example_sla_dag.py
[2025-02-08T22:20:29.698+0000] {logging_mixin.py:137} INFO - [2025-02-08T22:20:29.698+0000] {dag.py:2690} INFO - Sync 1 DAGs
[2025-02-08T22:20:29.742+0000] {logging_mixin.py:137} INFO - [2025-02-08T22:20:29.742+0000] {dag.py:3441} INFO - Setting next_dagrun for example_sla_dag to 2025-02-08T22:18:00+00:00, run_after=2025-02-08T22:20:00+00:00
[2025-02-08T22:20:29.773+0000] {processor.py:175} INFO - Processing /home/airflow/.local/lib/python3.7/site-packages/airflow/example_dags/example_sla_dag.py took 0.153 seconds
[2025-02-08T22:20:59.983+0000] {processor.py:153} INFO - Started process (PID=2312) to work on /home/airflow/.local/lib/python3.7/site-packages/airflow/example_dags/example_sla_dag.py
[2025-02-08T22:20:59.984+0000] {processor.py:743} INFO - Processing file /home/airflow/.local/lib/python3.7/site-packages/airflow/example_dags/example_sla_dag.py for tasks to queue
[2025-02-08T22:20:59.985+0000] {logging_mixin.py:137} INFO - [2025-02-08T22:20:59.984+0000] {dagbag.py:538} INFO - Filling up the DagBag from /home/airflow/.local/lib/python3.7/site-packages/airflow/example_dags/example_sla_dag.py
[2025-02-08T22:21:00.013+0000] {processor.py:753} INFO - DAG(s) dict_keys(['example_sla_dag']) retrieved from /home/airflow/.local/lib/python3.7/site-packages/airflow/example_dags/example_sla_dag.py
[2025-02-08T22:21:00.045+0000] {logging_mixin.py:137} INFO - [2025-02-08T22:21:00.045+0000] {dag.py:2690} INFO - Sync 1 DAGs
[2025-02-08T22:21:00.084+0000] {logging_mixin.py:137} INFO - [2025-02-08T22:21:00.084+0000] {dag.py:3441} INFO - Setting next_dagrun for example_sla_dag to 2025-02-08T22:18:00+00:00, run_after=2025-02-08T22:20:00+00:00
[2025-02-08T22:21:00.118+0000] {processor.py:175} INFO - Processing /home/airflow/.local/lib/python3.7/site-packages/airflow/example_dags/example_sla_dag.py took 0.139 seconds
[2025-02-08T22:21:30.412+0000] {processor.py:153} INFO - Started process (PID=2392) to work on /home/airflow/.local/lib/python3.7/site-packages/airflow/example_dags/example_sla_dag.py
[2025-02-08T22:21:30.413+0000] {processor.py:743} INFO - Processing file /home/airflow/.local/lib/python3.7/site-packages/airflow/example_dags/example_sla_dag.py for tasks to queue
[2025-02-08T22:21:30.413+0000] {logging_mixin.py:137} INFO - [2025-02-08T22:21:30.413+0000] {dagbag.py:538} INFO - Filling up the DagBag from /home/airflow/.local/lib/python3.7/site-packages/airflow/example_dags/example_sla_dag.py
[2025-02-08T22:21:30.438+0000] {processor.py:753} INFO - DAG(s) dict_keys(['example_sla_dag']) retrieved from /home/airflow/.local/lib/python3.7/site-packages/airflow/example_dags/example_sla_dag.py
[2025-02-08T22:21:30.466+0000] {logging_mixin.py:137} INFO - [2025-02-08T22:21:30.466+0000] {dag.py:2690} INFO - Sync 1 DAGs
[2025-02-08T22:21:30.518+0000] {logging_mixin.py:137} INFO - [2025-02-08T22:21:30.518+0000] {dag.py:3441} INFO - Setting next_dagrun for example_sla_dag to 2025-02-08T22:18:00+00:00, run_after=2025-02-08T22:20:00+00:00
[2025-02-08T22:21:30.595+0000] {processor.py:175} INFO - Processing /home/airflow/.local/lib/python3.7/site-packages/airflow/example_dags/example_sla_dag.py took 0.186 seconds
[2025-02-08T22:22:00.902+0000] {processor.py:153} INFO - Started process (PID=2470) to work on /home/airflow/.local/lib/python3.7/site-packages/airflow/example_dags/example_sla_dag.py
[2025-02-08T22:22:00.902+0000] {processor.py:743} INFO - Processing file /home/airflow/.local/lib/python3.7/site-packages/airflow/example_dags/example_sla_dag.py for tasks to queue
[2025-02-08T22:22:00.903+0000] {logging_mixin.py:137} INFO - [2025-02-08T22:22:00.903+0000] {dagbag.py:538} INFO - Filling up the DagBag from /home/airflow/.local/lib/python3.7/site-packages/airflow/example_dags/example_sla_dag.py
[2025-02-08T22:22:00.927+0000] {processor.py:753} INFO - DAG(s) dict_keys(['example_sla_dag']) retrieved from /home/airflow/.local/lib/python3.7/site-packages/airflow/example_dags/example_sla_dag.py
[2025-02-08T22:22:00.954+0000] {logging_mixin.py:137} INFO - [2025-02-08T22:22:00.953+0000] {dag.py:2690} INFO - Sync 1 DAGs
[2025-02-08T22:22:00.988+0000] {logging_mixin.py:137} INFO - [2025-02-08T22:22:00.988+0000] {dag.py:3441} INFO - Setting next_dagrun for example_sla_dag to 2025-02-08T22:20:00+00:00, run_after=2025-02-08T22:22:00+00:00
[2025-02-08T22:22:01.018+0000] {processor.py:175} INFO - Processing /home/airflow/.local/lib/python3.7/site-packages/airflow/example_dags/example_sla_dag.py took 0.119 seconds
[2025-02-08T22:22:31.524+0000] {processor.py:153} INFO - Started process (PID=2541) to work on /home/airflow/.local/lib/python3.7/site-packages/airflow/example_dags/example_sla_dag.py
[2025-02-08T22:22:31.525+0000] {processor.py:743} INFO - Processing file /home/airflow/.local/lib/python3.7/site-packages/airflow/example_dags/example_sla_dag.py for tasks to queue
[2025-02-08T22:22:31.526+0000] {logging_mixin.py:137} INFO - [2025-02-08T22:22:31.526+0000] {dagbag.py:538} INFO - Filling up the DagBag from /home/airflow/.local/lib/python3.7/site-packages/airflow/example_dags/example_sla_dag.py
[2025-02-08T22:22:31.550+0000] {processor.py:753} INFO - DAG(s) dict_keys(['example_sla_dag']) retrieved from /home/airflow/.local/lib/python3.7/site-packages/airflow/example_dags/example_sla_dag.py
[2025-02-08T22:22:31.576+0000] {logging_mixin.py:137} INFO - [2025-02-08T22:22:31.576+0000] {dag.py:2690} INFO - Sync 1 DAGs
[2025-02-08T22:22:31.606+0000] {logging_mixin.py:137} INFO - [2025-02-08T22:22:31.606+0000] {dag.py:3441} INFO - Setting next_dagrun for example_sla_dag to 2025-02-08T22:20:00+00:00, run_after=2025-02-08T22:22:00+00:00
[2025-02-08T22:22:31.633+0000] {processor.py:175} INFO - Processing /home/airflow/.local/lib/python3.7/site-packages/airflow/example_dags/example_sla_dag.py took 0.112 seconds
[2025-02-08T22:23:02.279+0000] {processor.py:153} INFO - Started process (PID=2628) to work on /home/airflow/.local/lib/python3.7/site-packages/airflow/example_dags/example_sla_dag.py
[2025-02-08T22:23:02.281+0000] {processor.py:743} INFO - Processing file /home/airflow/.local/lib/python3.7/site-packages/airflow/example_dags/example_sla_dag.py for tasks to queue
[2025-02-08T22:23:02.282+0000] {logging_mixin.py:137} INFO - [2025-02-08T22:23:02.282+0000] {dagbag.py:538} INFO - Filling up the DagBag from /home/airflow/.local/lib/python3.7/site-packages/airflow/example_dags/example_sla_dag.py
[2025-02-08T22:23:02.316+0000] {processor.py:753} INFO - DAG(s) dict_keys(['example_sla_dag']) retrieved from /home/airflow/.local/lib/python3.7/site-packages/airflow/example_dags/example_sla_dag.py
[2025-02-08T22:23:02.366+0000] {logging_mixin.py:137} INFO - [2025-02-08T22:23:02.366+0000] {dag.py:2690} INFO - Sync 1 DAGs
[2025-02-08T22:23:02.429+0000] {logging_mixin.py:137} INFO - [2025-02-08T22:23:02.428+0000] {dag.py:3441} INFO - Setting next_dagrun for example_sla_dag to 2025-02-08T22:20:00+00:00, run_after=2025-02-08T22:22:00+00:00
[2025-02-08T22:23:02.470+0000] {processor.py:175} INFO - Processing /home/airflow/.local/lib/python3.7/site-packages/airflow/example_dags/example_sla_dag.py took 0.195 seconds
[2025-02-08T22:23:33.213+0000] {processor.py:153} INFO - Started process (PID=2699) to work on /home/airflow/.local/lib/python3.7/site-packages/airflow/example_dags/example_sla_dag.py
[2025-02-08T22:23:33.215+0000] {processor.py:743} INFO - Processing file /home/airflow/.local/lib/python3.7/site-packages/airflow/example_dags/example_sla_dag.py for tasks to queue
[2025-02-08T22:23:33.216+0000] {logging_mixin.py:137} INFO - [2025-02-08T22:23:33.216+0000] {dagbag.py:538} INFO - Filling up the DagBag from /home/airflow/.local/lib/python3.7/site-packages/airflow/example_dags/example_sla_dag.py
[2025-02-08T22:23:33.257+0000] {processor.py:753} INFO - DAG(s) dict_keys(['example_sla_dag']) retrieved from /home/airflow/.local/lib/python3.7/site-packages/airflow/example_dags/example_sla_dag.py
[2025-02-08T22:23:33.289+0000] {logging_mixin.py:137} INFO - [2025-02-08T22:23:33.289+0000] {dag.py:2690} INFO - Sync 1 DAGs
[2025-02-08T22:23:33.328+0000] {logging_mixin.py:137} INFO - [2025-02-08T22:23:33.328+0000] {dag.py:3441} INFO - Setting next_dagrun for example_sla_dag to 2025-02-08T22:20:00+00:00, run_after=2025-02-08T22:22:00+00:00
[2025-02-08T22:23:33.354+0000] {processor.py:175} INFO - Processing /home/airflow/.local/lib/python3.7/site-packages/airflow/example_dags/example_sla_dag.py took 0.147 seconds
[2025-02-08T22:24:03.796+0000] {processor.py:153} INFO - Started process (PID=2786) to work on /home/airflow/.local/lib/python3.7/site-packages/airflow/example_dags/example_sla_dag.py
[2025-02-08T22:24:03.798+0000] {processor.py:743} INFO - Processing file /home/airflow/.local/lib/python3.7/site-packages/airflow/example_dags/example_sla_dag.py for tasks to queue
[2025-02-08T22:24:03.800+0000] {logging_mixin.py:137} INFO - [2025-02-08T22:24:03.800+0000] {dagbag.py:538} INFO - Filling up the DagBag from /home/airflow/.local/lib/python3.7/site-packages/airflow/example_dags/example_sla_dag.py
[2025-02-08T22:24:03.883+0000] {processor.py:753} INFO - DAG(s) dict_keys(['example_sla_dag']) retrieved from /home/airflow/.local/lib/python3.7/site-packages/airflow/example_dags/example_sla_dag.py
[2025-02-08T22:24:03.979+0000] {logging_mixin.py:137} INFO - [2025-02-08T22:24:03.978+0000] {dag.py:2690} INFO - Sync 1 DAGs
[2025-02-08T22:24:04.099+0000] {logging_mixin.py:137} INFO - [2025-02-08T22:24:04.098+0000] {dag.py:3441} INFO - Setting next_dagrun for example_sla_dag to 2025-02-08T22:22:00+00:00, run_after=2025-02-08T22:24:00+00:00
[2025-02-08T22:24:04.208+0000] {processor.py:175} INFO - Processing /home/airflow/.local/lib/python3.7/site-packages/airflow/example_dags/example_sla_dag.py took 0.419 seconds
[2025-02-08T22:24:34.873+0000] {processor.py:153} INFO - Started process (PID=2857) to work on /home/airflow/.local/lib/python3.7/site-packages/airflow/example_dags/example_sla_dag.py
[2025-02-08T22:24:34.875+0000] {processor.py:743} INFO - Processing file /home/airflow/.local/lib/python3.7/site-packages/airflow/example_dags/example_sla_dag.py for tasks to queue
[2025-02-08T22:24:34.877+0000] {logging_mixin.py:137} INFO - [2025-02-08T22:24:34.876+0000] {dagbag.py:538} INFO - Filling up the DagBag from /home/airflow/.local/lib/python3.7/site-packages/airflow/example_dags/example_sla_dag.py
[2025-02-08T22:24:34.937+0000] {processor.py:753} INFO - DAG(s) dict_keys(['example_sla_dag']) retrieved from /home/airflow/.local/lib/python3.7/site-packages/airflow/example_dags/example_sla_dag.py
[2025-02-08T22:24:34.980+0000] {logging_mixin.py:137} INFO - [2025-02-08T22:24:34.980+0000] {dag.py:2690} INFO - Sync 1 DAGs
[2025-02-08T22:24:35.038+0000] {logging_mixin.py:137} INFO - [2025-02-08T22:24:35.038+0000] {dag.py:3441} INFO - Setting next_dagrun for example_sla_dag to 2025-02-08T22:22:00+00:00, run_after=2025-02-08T22:24:00+00:00
[2025-02-08T22:24:35.078+0000] {processor.py:175} INFO - Processing /home/airflow/.local/lib/python3.7/site-packages/airflow/example_dags/example_sla_dag.py took 0.224 seconds
[2025-02-08T22:25:05.432+0000] {processor.py:153} INFO - Started process (PID=2928) to work on /home/airflow/.local/lib/python3.7/site-packages/airflow/example_dags/example_sla_dag.py
[2025-02-08T22:25:05.434+0000] {processor.py:743} INFO - Processing file /home/airflow/.local/lib/python3.7/site-packages/airflow/example_dags/example_sla_dag.py for tasks to queue
[2025-02-08T22:25:05.435+0000] {logging_mixin.py:137} INFO - [2025-02-08T22:25:05.435+0000] {dagbag.py:538} INFO - Filling up the DagBag from /home/airflow/.local/lib/python3.7/site-packages/airflow/example_dags/example_sla_dag.py
[2025-02-08T22:25:05.470+0000] {processor.py:753} INFO - DAG(s) dict_keys(['example_sla_dag']) retrieved from /home/airflow/.local/lib/python3.7/site-packages/airflow/example_dags/example_sla_dag.py
[2025-02-08T22:25:05.510+0000] {logging_mixin.py:137} INFO - [2025-02-08T22:25:05.509+0000] {dag.py:2690} INFO - Sync 1 DAGs
[2025-02-08T22:25:05.567+0000] {logging_mixin.py:137} INFO - [2025-02-08T22:25:05.567+0000] {dag.py:3441} INFO - Setting next_dagrun for example_sla_dag to 2025-02-08T22:22:00+00:00, run_after=2025-02-08T22:24:00+00:00
[2025-02-08T22:25:05.602+0000] {processor.py:175} INFO - Processing /home/airflow/.local/lib/python3.7/site-packages/airflow/example_dags/example_sla_dag.py took 0.175 seconds
[2025-02-08T22:25:35.820+0000] {processor.py:153} INFO - Started process (PID=2999) to work on /home/airflow/.local/lib/python3.7/site-packages/airflow/example_dags/example_sla_dag.py
[2025-02-08T22:25:35.821+0000] {processor.py:743} INFO - Processing file /home/airflow/.local/lib/python3.7/site-packages/airflow/example_dags/example_sla_dag.py for tasks to queue
[2025-02-08T22:25:35.823+0000] {logging_mixin.py:137} INFO - [2025-02-08T22:25:35.823+0000] {dagbag.py:538} INFO - Filling up the DagBag from /home/airflow/.local/lib/python3.7/site-packages/airflow/example_dags/example_sla_dag.py
[2025-02-08T22:25:35.858+0000] {processor.py:753} INFO - DAG(s) dict_keys(['example_sla_dag']) retrieved from /home/airflow/.local/lib/python3.7/site-packages/airflow/example_dags/example_sla_dag.py
[2025-02-08T22:25:35.893+0000] {logging_mixin.py:137} INFO - [2025-02-08T22:25:35.893+0000] {dag.py:2690} INFO - Sync 1 DAGs
[2025-02-08T22:25:35.945+0000] {logging_mixin.py:137} INFO - [2025-02-08T22:25:35.944+0000] {dag.py:3441} INFO - Setting next_dagrun for example_sla_dag to 2025-02-08T22:22:00+00:00, run_after=2025-02-08T22:24:00+00:00
[2025-02-08T22:25:35.982+0000] {processor.py:175} INFO - Processing /home/airflow/.local/lib/python3.7/site-packages/airflow/example_dags/example_sla_dag.py took 0.165 seconds
[2025-02-08T22:26:06.441+0000] {processor.py:153} INFO - Started process (PID=3087) to work on /home/airflow/.local/lib/python3.7/site-packages/airflow/example_dags/example_sla_dag.py
[2025-02-08T22:26:06.441+0000] {processor.py:743} INFO - Processing file /home/airflow/.local/lib/python3.7/site-packages/airflow/example_dags/example_sla_dag.py for tasks to queue
[2025-02-08T22:26:06.442+0000] {logging_mixin.py:137} INFO - [2025-02-08T22:26:06.442+0000] {dagbag.py:538} INFO - Filling up the DagBag from /home/airflow/.local/lib/python3.7/site-packages/airflow/example_dags/example_sla_dag.py
[2025-02-08T22:26:06.464+0000] {processor.py:753} INFO - DAG(s) dict_keys(['example_sla_dag']) retrieved from /home/airflow/.local/lib/python3.7/site-packages/airflow/example_dags/example_sla_dag.py
[2025-02-08T22:26:06.488+0000] {logging_mixin.py:137} INFO - [2025-02-08T22:26:06.488+0000] {dag.py:2690} INFO - Sync 1 DAGs
[2025-02-08T22:26:06.518+0000] {logging_mixin.py:137} INFO - [2025-02-08T22:26:06.518+0000] {dag.py:3441} INFO - Setting next_dagrun for example_sla_dag to 2025-02-08T22:24:00+00:00, run_after=2025-02-08T22:26:00+00:00
[2025-02-08T22:26:06.543+0000] {processor.py:175} INFO - Processing /home/airflow/.local/lib/python3.7/site-packages/airflow/example_dags/example_sla_dag.py took 0.105 seconds
[2025-02-08T22:26:37.227+0000] {processor.py:153} INFO - Started process (PID=3159) to work on /home/airflow/.local/lib/python3.7/site-packages/airflow/example_dags/example_sla_dag.py
[2025-02-08T22:26:37.228+0000] {processor.py:743} INFO - Processing file /home/airflow/.local/lib/python3.7/site-packages/airflow/example_dags/example_sla_dag.py for tasks to queue
[2025-02-08T22:26:37.229+0000] {logging_mixin.py:137} INFO - [2025-02-08T22:26:37.229+0000] {dagbag.py:538} INFO - Filling up the DagBag from /home/airflow/.local/lib/python3.7/site-packages/airflow/example_dags/example_sla_dag.py
[2025-02-08T22:26:37.249+0000] {processor.py:753} INFO - DAG(s) dict_keys(['example_sla_dag']) retrieved from /home/airflow/.local/lib/python3.7/site-packages/airflow/example_dags/example_sla_dag.py
[2025-02-08T22:26:37.274+0000] {logging_mixin.py:137} INFO - [2025-02-08T22:26:37.274+0000] {dag.py:2690} INFO - Sync 1 DAGs
[2025-02-08T22:26:37.300+0000] {logging_mixin.py:137} INFO - [2025-02-08T22:26:37.300+0000] {dag.py:3441} INFO - Setting next_dagrun for example_sla_dag to 2025-02-08T22:24:00+00:00, run_after=2025-02-08T22:26:00+00:00
[2025-02-08T22:26:37.323+0000] {processor.py:175} INFO - Processing /home/airflow/.local/lib/python3.7/site-packages/airflow/example_dags/example_sla_dag.py took 0.099 seconds
[2025-02-08T22:27:08.091+0000] {processor.py:153} INFO - Started process (PID=3247) to work on /home/airflow/.local/lib/python3.7/site-packages/airflow/example_dags/example_sla_dag.py
[2025-02-08T22:27:08.092+0000] {processor.py:743} INFO - Processing file /home/airflow/.local/lib/python3.7/site-packages/airflow/example_dags/example_sla_dag.py for tasks to queue
[2025-02-08T22:27:08.092+0000] {logging_mixin.py:137} INFO - [2025-02-08T22:27:08.092+0000] {dagbag.py:538} INFO - Filling up the DagBag from /home/airflow/.local/lib/python3.7/site-packages/airflow/example_dags/example_sla_dag.py
[2025-02-08T22:27:08.115+0000] {processor.py:753} INFO - DAG(s) dict_keys(['example_sla_dag']) retrieved from /home/airflow/.local/lib/python3.7/site-packages/airflow/example_dags/example_sla_dag.py
[2025-02-08T22:27:08.139+0000] {logging_mixin.py:137} INFO - [2025-02-08T22:27:08.139+0000] {dag.py:2690} INFO - Sync 1 DAGs
[2025-02-08T22:27:08.167+0000] {logging_mixin.py:137} INFO - [2025-02-08T22:27:08.166+0000] {dag.py:3441} INFO - Setting next_dagrun for example_sla_dag to 2025-02-08T22:24:00+00:00, run_after=2025-02-08T22:26:00+00:00
[2025-02-08T22:27:08.188+0000] {processor.py:175} INFO - Processing /home/airflow/.local/lib/python3.7/site-packages/airflow/example_dags/example_sla_dag.py took 0.101 seconds
[2025-02-08T22:27:39.020+0000] {processor.py:153} INFO - Started process (PID=3319) to work on /home/airflow/.local/lib/python3.7/site-packages/airflow/example_dags/example_sla_dag.py
[2025-02-08T22:27:39.021+0000] {processor.py:743} INFO - Processing file /home/airflow/.local/lib/python3.7/site-packages/airflow/example_dags/example_sla_dag.py for tasks to queue
[2025-02-08T22:27:39.022+0000] {logging_mixin.py:137} INFO - [2025-02-08T22:27:39.022+0000] {dagbag.py:538} INFO - Filling up the DagBag from /home/airflow/.local/lib/python3.7/site-packages/airflow/example_dags/example_sla_dag.py
[2025-02-08T22:27:39.046+0000] {processor.py:753} INFO - DAG(s) dict_keys(['example_sla_dag']) retrieved from /home/airflow/.local/lib/python3.7/site-packages/airflow/example_dags/example_sla_dag.py
[2025-02-08T22:27:39.074+0000] {logging_mixin.py:137} INFO - [2025-02-08T22:27:39.074+0000] {dag.py:2690} INFO - Sync 1 DAGs
[2025-02-08T22:27:39.106+0000] {logging_mixin.py:137} INFO - [2025-02-08T22:27:39.106+0000] {dag.py:3441} INFO - Setting next_dagrun for example_sla_dag to 2025-02-08T22:24:00+00:00, run_after=2025-02-08T22:26:00+00:00
[2025-02-08T22:27:39.130+0000] {processor.py:175} INFO - Processing /home/airflow/.local/lib/python3.7/site-packages/airflow/example_dags/example_sla_dag.py took 0.113 seconds
