[2025-02-08T22:06:04.961+0000] {processor.py:153} INFO - Started process (PID=69) to work on /home/airflow/.local/lib/python3.7/site-packages/airflow/example_dags/example_external_task_marker_dag.py
[2025-02-08T22:06:04.966+0000] {processor.py:743} INFO - Processing file /home/airflow/.local/lib/python3.7/site-packages/airflow/example_dags/example_external_task_marker_dag.py for tasks to queue
[2025-02-08T22:06:04.967+0000] {logging_mixin.py:137} INFO - [2025-02-08T22:06:04.967+0000] {dagbag.py:538} INFO - Filling up the DagBag from /home/airflow/.local/lib/python3.7/site-packages/airflow/example_dags/example_external_task_marker_dag.py
[2025-02-08T22:06:05.071+0000] {processor.py:753} INFO - DAG(s) dict_keys(['example_external_task_marker_parent', 'example_external_task_marker_child']) retrieved from /home/airflow/.local/lib/python3.7/site-packages/airflow/example_dags/example_external_task_marker_dag.py
[2025-02-08T22:06:05.264+0000] {logging_mixin.py:137} INFO - [2025-02-08T22:06:05.264+0000] {dag.py:2690} INFO - Sync 2 DAGs
[2025-02-08T22:06:05.339+0000] {logging_mixin.py:137} INFO - [2025-02-08T22:06:05.338+0000] {dag.py:3441} INFO - Setting next_dagrun for example_external_task_marker_child to None, run_after=None
[2025-02-08T22:06:05.354+0000] {logging_mixin.py:137} INFO - [2025-02-08T22:06:05.354+0000] {dag.py:3441} INFO - Setting next_dagrun for example_external_task_marker_parent to None, run_after=None
[2025-02-08T22:06:05.419+0000] {processor.py:175} INFO - Processing /home/airflow/.local/lib/python3.7/site-packages/airflow/example_dags/example_external_task_marker_dag.py took 0.464 seconds
[2025-02-08T22:06:37.242+0000] {processor.py:153} INFO - Started process (PID=140) to work on /home/airflow/.local/lib/python3.7/site-packages/airflow/example_dags/example_external_task_marker_dag.py
[2025-02-08T22:06:37.244+0000] {processor.py:743} INFO - Processing file /home/airflow/.local/lib/python3.7/site-packages/airflow/example_dags/example_external_task_marker_dag.py for tasks to queue
[2025-02-08T22:06:37.245+0000] {logging_mixin.py:137} INFO - [2025-02-08T22:06:37.245+0000] {dagbag.py:538} INFO - Filling up the DagBag from /home/airflow/.local/lib/python3.7/site-packages/airflow/example_dags/example_external_task_marker_dag.py
[2025-02-08T22:06:37.265+0000] {processor.py:753} INFO - DAG(s) dict_keys(['example_external_task_marker_child', 'example_external_task_marker_parent']) retrieved from /home/airflow/.local/lib/python3.7/site-packages/airflow/example_dags/example_external_task_marker_dag.py
[2025-02-08T22:06:37.302+0000] {logging_mixin.py:137} INFO - [2025-02-08T22:06:37.302+0000] {dag.py:2690} INFO - Sync 2 DAGs
[2025-02-08T22:06:37.338+0000] {logging_mixin.py:137} INFO - [2025-02-08T22:06:37.338+0000] {dag.py:3441} INFO - Setting next_dagrun for example_external_task_marker_child to None, run_after=None
[2025-02-08T22:06:37.344+0000] {logging_mixin.py:137} INFO - [2025-02-08T22:06:37.343+0000] {dag.py:3441} INFO - Setting next_dagrun for example_external_task_marker_parent to None, run_after=None
[2025-02-08T22:06:37.369+0000] {processor.py:175} INFO - Processing /home/airflow/.local/lib/python3.7/site-packages/airflow/example_dags/example_external_task_marker_dag.py took 0.132 seconds
[2025-02-08T22:07:07.693+0000] {processor.py:153} INFO - Started process (PID=211) to work on /home/airflow/.local/lib/python3.7/site-packages/airflow/example_dags/example_external_task_marker_dag.py
[2025-02-08T22:07:07.694+0000] {processor.py:743} INFO - Processing file /home/airflow/.local/lib/python3.7/site-packages/airflow/example_dags/example_external_task_marker_dag.py for tasks to queue
[2025-02-08T22:07:07.695+0000] {logging_mixin.py:137} INFO - [2025-02-08T22:07:07.695+0000] {dagbag.py:538} INFO - Filling up the DagBag from /home/airflow/.local/lib/python3.7/site-packages/airflow/example_dags/example_external_task_marker_dag.py
[2025-02-08T22:07:07.708+0000] {processor.py:753} INFO - DAG(s) dict_keys(['example_external_task_marker_parent', 'example_external_task_marker_child']) retrieved from /home/airflow/.local/lib/python3.7/site-packages/airflow/example_dags/example_external_task_marker_dag.py
[2025-02-08T22:07:07.735+0000] {logging_mixin.py:137} INFO - [2025-02-08T22:07:07.735+0000] {dag.py:2690} INFO - Sync 2 DAGs
[2025-02-08T22:07:07.759+0000] {logging_mixin.py:137} INFO - [2025-02-08T22:07:07.759+0000] {dag.py:3441} INFO - Setting next_dagrun for example_external_task_marker_child to None, run_after=None
[2025-02-08T22:07:07.763+0000] {logging_mixin.py:137} INFO - [2025-02-08T22:07:07.763+0000] {dag.py:3441} INFO - Setting next_dagrun for example_external_task_marker_parent to None, run_after=None
[2025-02-08T22:07:07.784+0000] {processor.py:175} INFO - Processing /home/airflow/.local/lib/python3.7/site-packages/airflow/example_dags/example_external_task_marker_dag.py took 0.094 seconds
[2025-02-08T22:07:38.426+0000] {processor.py:153} INFO - Started process (PID=298) to work on /home/airflow/.local/lib/python3.7/site-packages/airflow/example_dags/example_external_task_marker_dag.py
[2025-02-08T22:07:38.428+0000] {processor.py:743} INFO - Processing file /home/airflow/.local/lib/python3.7/site-packages/airflow/example_dags/example_external_task_marker_dag.py for tasks to queue
[2025-02-08T22:07:38.429+0000] {logging_mixin.py:137} INFO - [2025-02-08T22:07:38.429+0000] {dagbag.py:538} INFO - Filling up the DagBag from /home/airflow/.local/lib/python3.7/site-packages/airflow/example_dags/example_external_task_marker_dag.py
[2025-02-08T22:07:38.443+0000] {processor.py:753} INFO - DAG(s) dict_keys(['example_external_task_marker_child', 'example_external_task_marker_parent']) retrieved from /home/airflow/.local/lib/python3.7/site-packages/airflow/example_dags/example_external_task_marker_dag.py
[2025-02-08T22:07:38.478+0000] {logging_mixin.py:137} INFO - [2025-02-08T22:07:38.478+0000] {dag.py:2690} INFO - Sync 2 DAGs
[2025-02-08T22:07:38.504+0000] {logging_mixin.py:137} INFO - [2025-02-08T22:07:38.504+0000] {dag.py:3441} INFO - Setting next_dagrun for example_external_task_marker_child to None, run_after=None
[2025-02-08T22:07:38.508+0000] {logging_mixin.py:137} INFO - [2025-02-08T22:07:38.508+0000] {dag.py:3441} INFO - Setting next_dagrun for example_external_task_marker_parent to None, run_after=None
[2025-02-08T22:07:38.534+0000] {processor.py:175} INFO - Processing /home/airflow/.local/lib/python3.7/site-packages/airflow/example_dags/example_external_task_marker_dag.py took 0.112 seconds
[2025-02-08T22:08:08.929+0000] {processor.py:153} INFO - Started process (PID=369) to work on /home/airflow/.local/lib/python3.7/site-packages/airflow/example_dags/example_external_task_marker_dag.py
[2025-02-08T22:08:08.930+0000] {processor.py:743} INFO - Processing file /home/airflow/.local/lib/python3.7/site-packages/airflow/example_dags/example_external_task_marker_dag.py for tasks to queue
[2025-02-08T22:08:08.931+0000] {logging_mixin.py:137} INFO - [2025-02-08T22:08:08.931+0000] {dagbag.py:538} INFO - Filling up the DagBag from /home/airflow/.local/lib/python3.7/site-packages/airflow/example_dags/example_external_task_marker_dag.py
[2025-02-08T22:08:08.946+0000] {processor.py:753} INFO - DAG(s) dict_keys(['example_external_task_marker_parent', 'example_external_task_marker_child']) retrieved from /home/airflow/.local/lib/python3.7/site-packages/airflow/example_dags/example_external_task_marker_dag.py
[2025-02-08T22:08:08.979+0000] {logging_mixin.py:137} INFO - [2025-02-08T22:08:08.979+0000] {dag.py:2690} INFO - Sync 2 DAGs
[2025-02-08T22:08:09.008+0000] {logging_mixin.py:137} INFO - [2025-02-08T22:08:09.008+0000] {dag.py:3441} INFO - Setting next_dagrun for example_external_task_marker_child to None, run_after=None
[2025-02-08T22:08:09.013+0000] {logging_mixin.py:137} INFO - [2025-02-08T22:08:09.013+0000] {dag.py:3441} INFO - Setting next_dagrun for example_external_task_marker_parent to None, run_after=None
[2025-02-08T22:08:09.032+0000] {processor.py:175} INFO - Processing /home/airflow/.local/lib/python3.7/site-packages/airflow/example_dags/example_external_task_marker_dag.py took 0.106 seconds
[2025-02-08T22:08:40.558+0000] {processor.py:153} INFO - Started process (PID=440) to work on /home/airflow/.local/lib/python3.7/site-packages/airflow/example_dags/example_external_task_marker_dag.py
[2025-02-08T22:08:40.560+0000] {processor.py:743} INFO - Processing file /home/airflow/.local/lib/python3.7/site-packages/airflow/example_dags/example_external_task_marker_dag.py for tasks to queue
[2025-02-08T22:08:40.562+0000] {logging_mixin.py:137} INFO - [2025-02-08T22:08:40.561+0000] {dagbag.py:538} INFO - Filling up the DagBag from /home/airflow/.local/lib/python3.7/site-packages/airflow/example_dags/example_external_task_marker_dag.py
[2025-02-08T22:08:40.620+0000] {processor.py:753} INFO - DAG(s) dict_keys(['example_external_task_marker_parent', 'example_external_task_marker_child']) retrieved from /home/airflow/.local/lib/python3.7/site-packages/airflow/example_dags/example_external_task_marker_dag.py
[2025-02-08T22:08:40.701+0000] {logging_mixin.py:137} INFO - [2025-02-08T22:08:40.700+0000] {dag.py:2690} INFO - Sync 2 DAGs
[2025-02-08T22:08:40.765+0000] {logging_mixin.py:137} INFO - [2025-02-08T22:08:40.765+0000] {dag.py:3441} INFO - Setting next_dagrun for example_external_task_marker_child to None, run_after=None
[2025-02-08T22:08:40.773+0000] {logging_mixin.py:137} INFO - [2025-02-08T22:08:40.773+0000] {dag.py:3441} INFO - Setting next_dagrun for example_external_task_marker_parent to None, run_after=None
[2025-02-08T22:08:40.805+0000] {processor.py:175} INFO - Processing /home/airflow/.local/lib/python3.7/site-packages/airflow/example_dags/example_external_task_marker_dag.py took 0.252 seconds
[2025-02-08T22:09:10.937+0000] {processor.py:153} INFO - Started process (PID=527) to work on /home/airflow/.local/lib/python3.7/site-packages/airflow/example_dags/example_external_task_marker_dag.py
[2025-02-08T22:09:10.938+0000] {processor.py:743} INFO - Processing file /home/airflow/.local/lib/python3.7/site-packages/airflow/example_dags/example_external_task_marker_dag.py for tasks to queue
[2025-02-08T22:09:10.939+0000] {logging_mixin.py:137} INFO - [2025-02-08T22:09:10.939+0000] {dagbag.py:538} INFO - Filling up the DagBag from /home/airflow/.local/lib/python3.7/site-packages/airflow/example_dags/example_external_task_marker_dag.py
[2025-02-08T22:09:10.958+0000] {processor.py:753} INFO - DAG(s) dict_keys(['example_external_task_marker_parent', 'example_external_task_marker_child']) retrieved from /home/airflow/.local/lib/python3.7/site-packages/airflow/example_dags/example_external_task_marker_dag.py
[2025-02-08T22:09:10.993+0000] {logging_mixin.py:137} INFO - [2025-02-08T22:09:10.993+0000] {dag.py:2690} INFO - Sync 2 DAGs
[2025-02-08T22:09:11.026+0000] {logging_mixin.py:137} INFO - [2025-02-08T22:09:11.025+0000] {dag.py:3441} INFO - Setting next_dagrun for example_external_task_marker_child to None, run_after=None
[2025-02-08T22:09:11.029+0000] {logging_mixin.py:137} INFO - [2025-02-08T22:09:11.029+0000] {dag.py:3441} INFO - Setting next_dagrun for example_external_task_marker_parent to None, run_after=None
[2025-02-08T22:09:11.050+0000] {processor.py:175} INFO - Processing /home/airflow/.local/lib/python3.7/site-packages/airflow/example_dags/example_external_task_marker_dag.py took 0.118 seconds
[2025-02-08T22:09:42.628+0000] {processor.py:153} INFO - Started process (PID=598) to work on /home/airflow/.local/lib/python3.7/site-packages/airflow/example_dags/example_external_task_marker_dag.py
[2025-02-08T22:09:42.630+0000] {processor.py:743} INFO - Processing file /home/airflow/.local/lib/python3.7/site-packages/airflow/example_dags/example_external_task_marker_dag.py for tasks to queue
[2025-02-08T22:09:42.632+0000] {logging_mixin.py:137} INFO - [2025-02-08T22:09:42.632+0000] {dagbag.py:538} INFO - Filling up the DagBag from /home/airflow/.local/lib/python3.7/site-packages/airflow/example_dags/example_external_task_marker_dag.py
[2025-02-08T22:09:42.675+0000] {processor.py:753} INFO - DAG(s) dict_keys(['example_external_task_marker_parent', 'example_external_task_marker_child']) retrieved from /home/airflow/.local/lib/python3.7/site-packages/airflow/example_dags/example_external_task_marker_dag.py
[2025-02-08T22:09:42.742+0000] {logging_mixin.py:137} INFO - [2025-02-08T22:09:42.741+0000] {dag.py:2690} INFO - Sync 2 DAGs
[2025-02-08T22:09:42.798+0000] {logging_mixin.py:137} INFO - [2025-02-08T22:09:42.798+0000] {dag.py:3441} INFO - Setting next_dagrun for example_external_task_marker_child to None, run_after=None
[2025-02-08T22:09:42.805+0000] {logging_mixin.py:137} INFO - [2025-02-08T22:09:42.805+0000] {dag.py:3441} INFO - Setting next_dagrun for example_external_task_marker_parent to None, run_after=None
[2025-02-08T22:09:42.843+0000] {processor.py:175} INFO - Processing /home/airflow/.local/lib/python3.7/site-packages/airflow/example_dags/example_external_task_marker_dag.py took 0.221 seconds
[2025-02-08T22:10:13.928+0000] {processor.py:153} INFO - Started process (PID=685) to work on /home/airflow/.local/lib/python3.7/site-packages/airflow/example_dags/example_external_task_marker_dag.py
[2025-02-08T22:10:13.934+0000] {processor.py:743} INFO - Processing file /home/airflow/.local/lib/python3.7/site-packages/airflow/example_dags/example_external_task_marker_dag.py for tasks to queue
[2025-02-08T22:10:13.936+0000] {logging_mixin.py:137} INFO - [2025-02-08T22:10:13.936+0000] {dagbag.py:538} INFO - Filling up the DagBag from /home/airflow/.local/lib/python3.7/site-packages/airflow/example_dags/example_external_task_marker_dag.py
[2025-02-08T22:10:13.968+0000] {processor.py:753} INFO - DAG(s) dict_keys(['example_external_task_marker_child', 'example_external_task_marker_parent']) retrieved from /home/airflow/.local/lib/python3.7/site-packages/airflow/example_dags/example_external_task_marker_dag.py
[2025-02-08T22:10:14.110+0000] {logging_mixin.py:137} INFO - [2025-02-08T22:10:14.108+0000] {dag.py:2690} INFO - Sync 2 DAGs
[2025-02-08T22:10:14.162+0000] {logging_mixin.py:137} INFO - [2025-02-08T22:10:14.162+0000] {dag.py:3441} INFO - Setting next_dagrun for example_external_task_marker_child to None, run_after=None
[2025-02-08T22:10:14.169+0000] {logging_mixin.py:137} INFO - [2025-02-08T22:10:14.169+0000] {dag.py:3441} INFO - Setting next_dagrun for example_external_task_marker_parent to None, run_after=None
[2025-02-08T22:10:14.203+0000] {processor.py:175} INFO - Processing /home/airflow/.local/lib/python3.7/site-packages/airflow/example_dags/example_external_task_marker_dag.py took 0.282 seconds
[2025-02-08T22:10:44.973+0000] {processor.py:153} INFO - Started process (PID=756) to work on /home/airflow/.local/lib/python3.7/site-packages/airflow/example_dags/example_external_task_marker_dag.py
[2025-02-08T22:10:44.974+0000] {processor.py:743} INFO - Processing file /home/airflow/.local/lib/python3.7/site-packages/airflow/example_dags/example_external_task_marker_dag.py for tasks to queue
[2025-02-08T22:10:44.975+0000] {logging_mixin.py:137} INFO - [2025-02-08T22:10:44.975+0000] {dagbag.py:538} INFO - Filling up the DagBag from /home/airflow/.local/lib/python3.7/site-packages/airflow/example_dags/example_external_task_marker_dag.py
[2025-02-08T22:10:44.986+0000] {processor.py:753} INFO - DAG(s) dict_keys(['example_external_task_marker_parent', 'example_external_task_marker_child']) retrieved from /home/airflow/.local/lib/python3.7/site-packages/airflow/example_dags/example_external_task_marker_dag.py
[2025-02-08T22:10:45.012+0000] {logging_mixin.py:137} INFO - [2025-02-08T22:10:45.012+0000] {dag.py:2690} INFO - Sync 2 DAGs
[2025-02-08T22:10:45.035+0000] {logging_mixin.py:137} INFO - [2025-02-08T22:10:45.035+0000] {dag.py:3441} INFO - Setting next_dagrun for example_external_task_marker_child to None, run_after=None
[2025-02-08T22:10:45.039+0000] {logging_mixin.py:137} INFO - [2025-02-08T22:10:45.038+0000] {dag.py:3441} INFO - Setting next_dagrun for example_external_task_marker_parent to None, run_after=None
[2025-02-08T22:10:45.059+0000] {processor.py:175} INFO - Processing /home/airflow/.local/lib/python3.7/site-packages/airflow/example_dags/example_external_task_marker_dag.py took 0.090 seconds
[2025-02-08T22:11:20.853+0000] {processor.py:153} INFO - Started process (PID=843) to work on /home/airflow/.local/lib/python3.7/site-packages/airflow/example_dags/example_external_task_marker_dag.py
[2025-02-08T22:11:20.854+0000] {processor.py:743} INFO - Processing file /home/airflow/.local/lib/python3.7/site-packages/airflow/example_dags/example_external_task_marker_dag.py for tasks to queue
[2025-02-08T22:11:20.856+0000] {logging_mixin.py:137} INFO - [2025-02-08T22:11:20.856+0000] {dagbag.py:538} INFO - Filling up the DagBag from /home/airflow/.local/lib/python3.7/site-packages/airflow/example_dags/example_external_task_marker_dag.py
[2025-02-08T22:11:20.880+0000] {processor.py:753} INFO - DAG(s) dict_keys(['example_external_task_marker_child', 'example_external_task_marker_parent']) retrieved from /home/airflow/.local/lib/python3.7/site-packages/airflow/example_dags/example_external_task_marker_dag.py
[2025-02-08T22:11:20.928+0000] {logging_mixin.py:137} INFO - [2025-02-08T22:11:20.927+0000] {dag.py:2690} INFO - Sync 2 DAGs
[2025-02-08T22:11:20.963+0000] {logging_mixin.py:137} INFO - [2025-02-08T22:11:20.963+0000] {dag.py:3441} INFO - Setting next_dagrun for example_external_task_marker_child to None, run_after=None
[2025-02-08T22:11:20.968+0000] {logging_mixin.py:137} INFO - [2025-02-08T22:11:20.968+0000] {dag.py:3441} INFO - Setting next_dagrun for example_external_task_marker_parent to None, run_after=None
[2025-02-08T22:11:20.994+0000] {processor.py:175} INFO - Processing /home/airflow/.local/lib/python3.7/site-packages/airflow/example_dags/example_external_task_marker_dag.py took 0.147 seconds
[2025-02-08T22:11:51.157+0000] {processor.py:153} INFO - Started process (PID=923) to work on /home/airflow/.local/lib/python3.7/site-packages/airflow/example_dags/example_external_task_marker_dag.py
[2025-02-08T22:11:51.158+0000] {processor.py:743} INFO - Processing file /home/airflow/.local/lib/python3.7/site-packages/airflow/example_dags/example_external_task_marker_dag.py for tasks to queue
[2025-02-08T22:11:51.159+0000] {logging_mixin.py:137} INFO - [2025-02-08T22:11:51.159+0000] {dagbag.py:538} INFO - Filling up the DagBag from /home/airflow/.local/lib/python3.7/site-packages/airflow/example_dags/example_external_task_marker_dag.py
[2025-02-08T22:11:51.173+0000] {processor.py:753} INFO - DAG(s) dict_keys(['example_external_task_marker_parent', 'example_external_task_marker_child']) retrieved from /home/airflow/.local/lib/python3.7/site-packages/airflow/example_dags/example_external_task_marker_dag.py
[2025-02-08T22:11:51.201+0000] {logging_mixin.py:137} INFO - [2025-02-08T22:11:51.201+0000] {dag.py:2690} INFO - Sync 2 DAGs
[2025-02-08T22:11:51.226+0000] {logging_mixin.py:137} INFO - [2025-02-08T22:11:51.225+0000] {dag.py:3441} INFO - Setting next_dagrun for example_external_task_marker_child to None, run_after=None
[2025-02-08T22:11:51.230+0000] {logging_mixin.py:137} INFO - [2025-02-08T22:11:51.230+0000] {dag.py:3441} INFO - Setting next_dagrun for example_external_task_marker_parent to None, run_after=None
[2025-02-08T22:11:51.251+0000] {processor.py:175} INFO - Processing /home/airflow/.local/lib/python3.7/site-packages/airflow/example_dags/example_external_task_marker_dag.py took 0.096 seconds
[2025-02-08T22:12:21.467+0000] {processor.py:153} INFO - Started process (PID=1002) to work on /home/airflow/.local/lib/python3.7/site-packages/airflow/example_dags/example_external_task_marker_dag.py
[2025-02-08T22:12:21.468+0000] {processor.py:743} INFO - Processing file /home/airflow/.local/lib/python3.7/site-packages/airflow/example_dags/example_external_task_marker_dag.py for tasks to queue
[2025-02-08T22:12:21.469+0000] {logging_mixin.py:137} INFO - [2025-02-08T22:12:21.469+0000] {dagbag.py:538} INFO - Filling up the DagBag from /home/airflow/.local/lib/python3.7/site-packages/airflow/example_dags/example_external_task_marker_dag.py
[2025-02-08T22:12:21.482+0000] {processor.py:753} INFO - DAG(s) dict_keys(['example_external_task_marker_child', 'example_external_task_marker_parent']) retrieved from /home/airflow/.local/lib/python3.7/site-packages/airflow/example_dags/example_external_task_marker_dag.py
[2025-02-08T22:12:21.514+0000] {logging_mixin.py:137} INFO - [2025-02-08T22:12:21.514+0000] {dag.py:2690} INFO - Sync 2 DAGs
[2025-02-08T22:12:21.541+0000] {logging_mixin.py:137} INFO - [2025-02-08T22:12:21.541+0000] {dag.py:3441} INFO - Setting next_dagrun for example_external_task_marker_child to None, run_after=None
[2025-02-08T22:12:21.546+0000] {logging_mixin.py:137} INFO - [2025-02-08T22:12:21.546+0000] {dag.py:3441} INFO - Setting next_dagrun for example_external_task_marker_parent to None, run_after=None
[2025-02-08T22:12:21.568+0000] {processor.py:175} INFO - Processing /home/airflow/.local/lib/python3.7/site-packages/airflow/example_dags/example_external_task_marker_dag.py took 0.105 seconds
[2025-02-08T22:12:52.198+0000] {processor.py:153} INFO - Started process (PID=1080) to work on /home/airflow/.local/lib/python3.7/site-packages/airflow/example_dags/example_external_task_marker_dag.py
[2025-02-08T22:12:52.199+0000] {processor.py:743} INFO - Processing file /home/airflow/.local/lib/python3.7/site-packages/airflow/example_dags/example_external_task_marker_dag.py for tasks to queue
[2025-02-08T22:12:52.200+0000] {logging_mixin.py:137} INFO - [2025-02-08T22:12:52.200+0000] {dagbag.py:538} INFO - Filling up the DagBag from /home/airflow/.local/lib/python3.7/site-packages/airflow/example_dags/example_external_task_marker_dag.py
[2025-02-08T22:12:52.217+0000] {processor.py:753} INFO - DAG(s) dict_keys(['example_external_task_marker_parent', 'example_external_task_marker_child']) retrieved from /home/airflow/.local/lib/python3.7/site-packages/airflow/example_dags/example_external_task_marker_dag.py
[2025-02-08T22:12:52.248+0000] {logging_mixin.py:137} INFO - [2025-02-08T22:12:52.248+0000] {dag.py:2690} INFO - Sync 2 DAGs
[2025-02-08T22:12:52.277+0000] {logging_mixin.py:137} INFO - [2025-02-08T22:12:52.277+0000] {dag.py:3441} INFO - Setting next_dagrun for example_external_task_marker_child to None, run_after=None
[2025-02-08T22:12:52.284+0000] {logging_mixin.py:137} INFO - [2025-02-08T22:12:52.283+0000] {dag.py:3441} INFO - Setting next_dagrun for example_external_task_marker_parent to None, run_after=None
[2025-02-08T22:12:52.307+0000] {processor.py:175} INFO - Processing /home/airflow/.local/lib/python3.7/site-packages/airflow/example_dags/example_external_task_marker_dag.py took 0.113 seconds
[2025-02-08T22:13:22.378+0000] {processor.py:153} INFO - Started process (PID=1160) to work on /home/airflow/.local/lib/python3.7/site-packages/airflow/example_dags/example_external_task_marker_dag.py
[2025-02-08T22:13:22.379+0000] {processor.py:743} INFO - Processing file /home/airflow/.local/lib/python3.7/site-packages/airflow/example_dags/example_external_task_marker_dag.py for tasks to queue
[2025-02-08T22:13:22.380+0000] {logging_mixin.py:137} INFO - [2025-02-08T22:13:22.380+0000] {dagbag.py:538} INFO - Filling up the DagBag from /home/airflow/.local/lib/python3.7/site-packages/airflow/example_dags/example_external_task_marker_dag.py
[2025-02-08T22:13:22.394+0000] {processor.py:753} INFO - DAG(s) dict_keys(['example_external_task_marker_parent', 'example_external_task_marker_child']) retrieved from /home/airflow/.local/lib/python3.7/site-packages/airflow/example_dags/example_external_task_marker_dag.py
[2025-02-08T22:13:22.421+0000] {logging_mixin.py:137} INFO - [2025-02-08T22:13:22.421+0000] {dag.py:2690} INFO - Sync 2 DAGs
[2025-02-08T22:13:22.447+0000] {logging_mixin.py:137} INFO - [2025-02-08T22:13:22.447+0000] {dag.py:3441} INFO - Setting next_dagrun for example_external_task_marker_child to None, run_after=None
[2025-02-08T22:13:22.451+0000] {logging_mixin.py:137} INFO - [2025-02-08T22:13:22.451+0000] {dag.py:3441} INFO - Setting next_dagrun for example_external_task_marker_parent to None, run_after=None
[2025-02-08T22:13:22.472+0000] {processor.py:175} INFO - Processing /home/airflow/.local/lib/python3.7/site-packages/airflow/example_dags/example_external_task_marker_dag.py took 0.097 seconds
[2025-02-08T22:13:53.302+0000] {processor.py:153} INFO - Started process (PID=1238) to work on /home/airflow/.local/lib/python3.7/site-packages/airflow/example_dags/example_external_task_marker_dag.py
[2025-02-08T22:13:53.303+0000] {processor.py:743} INFO - Processing file /home/airflow/.local/lib/python3.7/site-packages/airflow/example_dags/example_external_task_marker_dag.py for tasks to queue
[2025-02-08T22:13:53.304+0000] {logging_mixin.py:137} INFO - [2025-02-08T22:13:53.304+0000] {dagbag.py:538} INFO - Filling up the DagBag from /home/airflow/.local/lib/python3.7/site-packages/airflow/example_dags/example_external_task_marker_dag.py
[2025-02-08T22:13:53.325+0000] {processor.py:753} INFO - DAG(s) dict_keys(['example_external_task_marker_child', 'example_external_task_marker_parent']) retrieved from /home/airflow/.local/lib/python3.7/site-packages/airflow/example_dags/example_external_task_marker_dag.py
[2025-02-08T22:13:53.363+0000] {logging_mixin.py:137} INFO - [2025-02-08T22:13:53.363+0000] {dag.py:2690} INFO - Sync 2 DAGs
[2025-02-08T22:13:53.397+0000] {logging_mixin.py:137} INFO - [2025-02-08T22:13:53.397+0000] {dag.py:3441} INFO - Setting next_dagrun for example_external_task_marker_child to None, run_after=None
[2025-02-08T22:13:53.403+0000] {logging_mixin.py:137} INFO - [2025-02-08T22:13:53.403+0000] {dag.py:3441} INFO - Setting next_dagrun for example_external_task_marker_parent to None, run_after=None
[2025-02-08T22:13:53.433+0000] {processor.py:175} INFO - Processing /home/airflow/.local/lib/python3.7/site-packages/airflow/example_dags/example_external_task_marker_dag.py took 0.136 seconds
[2025-02-08T22:14:25.211+0000] {processor.py:153} INFO - Started process (PID=1318) to work on /home/airflow/.local/lib/python3.7/site-packages/airflow/example_dags/example_external_task_marker_dag.py
[2025-02-08T22:14:25.224+0000] {processor.py:743} INFO - Processing file /home/airflow/.local/lib/python3.7/site-packages/airflow/example_dags/example_external_task_marker_dag.py for tasks to queue
[2025-02-08T22:14:25.227+0000] {logging_mixin.py:137} INFO - [2025-02-08T22:14:25.226+0000] {dagbag.py:538} INFO - Filling up the DagBag from /home/airflow/.local/lib/python3.7/site-packages/airflow/example_dags/example_external_task_marker_dag.py
[2025-02-08T22:14:25.293+0000] {processor.py:753} INFO - DAG(s) dict_keys(['example_external_task_marker_parent', 'example_external_task_marker_child']) retrieved from /home/airflow/.local/lib/python3.7/site-packages/airflow/example_dags/example_external_task_marker_dag.py
[2025-02-08T22:14:25.409+0000] {logging_mixin.py:137} INFO - [2025-02-08T22:14:25.409+0000] {dag.py:2690} INFO - Sync 2 DAGs
[2025-02-08T22:14:25.499+0000] {logging_mixin.py:137} INFO - [2025-02-08T22:14:25.499+0000] {dag.py:3441} INFO - Setting next_dagrun for example_external_task_marker_child to None, run_after=None
[2025-02-08T22:14:25.512+0000] {logging_mixin.py:137} INFO - [2025-02-08T22:14:25.512+0000] {dag.py:3441} INFO - Setting next_dagrun for example_external_task_marker_parent to None, run_after=None
[2025-02-08T22:14:25.563+0000] {processor.py:175} INFO - Processing /home/airflow/.local/lib/python3.7/site-packages/airflow/example_dags/example_external_task_marker_dag.py took 0.367 seconds
[2025-02-08T22:14:56.445+0000] {processor.py:153} INFO - Started process (PID=1389) to work on /home/airflow/.local/lib/python3.7/site-packages/airflow/example_dags/example_external_task_marker_dag.py
[2025-02-08T22:14:56.446+0000] {processor.py:743} INFO - Processing file /home/airflow/.local/lib/python3.7/site-packages/airflow/example_dags/example_external_task_marker_dag.py for tasks to queue
[2025-02-08T22:14:56.447+0000] {logging_mixin.py:137} INFO - [2025-02-08T22:14:56.447+0000] {dagbag.py:538} INFO - Filling up the DagBag from /home/airflow/.local/lib/python3.7/site-packages/airflow/example_dags/example_external_task_marker_dag.py
[2025-02-08T22:14:56.461+0000] {processor.py:753} INFO - DAG(s) dict_keys(['example_external_task_marker_child', 'example_external_task_marker_parent']) retrieved from /home/airflow/.local/lib/python3.7/site-packages/airflow/example_dags/example_external_task_marker_dag.py
[2025-02-08T22:14:56.496+0000] {logging_mixin.py:137} INFO - [2025-02-08T22:14:56.496+0000] {dag.py:2690} INFO - Sync 2 DAGs
[2025-02-08T22:14:56.539+0000] {logging_mixin.py:137} INFO - [2025-02-08T22:14:56.538+0000] {dag.py:3441} INFO - Setting next_dagrun for example_external_task_marker_child to None, run_after=None
[2025-02-08T22:14:56.546+0000] {logging_mixin.py:137} INFO - [2025-02-08T22:14:56.545+0000] {dag.py:3441} INFO - Setting next_dagrun for example_external_task_marker_parent to None, run_after=None
[2025-02-08T22:14:56.574+0000] {processor.py:175} INFO - Processing /home/airflow/.local/lib/python3.7/site-packages/airflow/example_dags/example_external_task_marker_dag.py took 0.133 seconds
[2025-02-08T22:15:26.714+0000] {processor.py:153} INFO - Started process (PID=1460) to work on /home/airflow/.local/lib/python3.7/site-packages/airflow/example_dags/example_external_task_marker_dag.py
[2025-02-08T22:15:26.715+0000] {processor.py:743} INFO - Processing file /home/airflow/.local/lib/python3.7/site-packages/airflow/example_dags/example_external_task_marker_dag.py for tasks to queue
[2025-02-08T22:15:26.716+0000] {logging_mixin.py:137} INFO - [2025-02-08T22:15:26.716+0000] {dagbag.py:538} INFO - Filling up the DagBag from /home/airflow/.local/lib/python3.7/site-packages/airflow/example_dags/example_external_task_marker_dag.py
[2025-02-08T22:15:26.727+0000] {processor.py:753} INFO - DAG(s) dict_keys(['example_external_task_marker_child', 'example_external_task_marker_parent']) retrieved from /home/airflow/.local/lib/python3.7/site-packages/airflow/example_dags/example_external_task_marker_dag.py
[2025-02-08T22:15:26.756+0000] {logging_mixin.py:137} INFO - [2025-02-08T22:15:26.756+0000] {dag.py:2690} INFO - Sync 2 DAGs
[2025-02-08T22:15:26.782+0000] {logging_mixin.py:137} INFO - [2025-02-08T22:15:26.782+0000] {dag.py:3441} INFO - Setting next_dagrun for example_external_task_marker_child to None, run_after=None
[2025-02-08T22:15:26.786+0000] {logging_mixin.py:137} INFO - [2025-02-08T22:15:26.786+0000] {dag.py:3441} INFO - Setting next_dagrun for example_external_task_marker_parent to None, run_after=None
[2025-02-08T22:15:26.807+0000] {processor.py:175} INFO - Processing /home/airflow/.local/lib/python3.7/site-packages/airflow/example_dags/example_external_task_marker_dag.py took 0.097 seconds
[2025-02-08T22:15:57.217+0000] {processor.py:153} INFO - Started process (PID=1547) to work on /home/airflow/.local/lib/python3.7/site-packages/airflow/example_dags/example_external_task_marker_dag.py
[2025-02-08T22:15:57.218+0000] {processor.py:743} INFO - Processing file /home/airflow/.local/lib/python3.7/site-packages/airflow/example_dags/example_external_task_marker_dag.py for tasks to queue
[2025-02-08T22:15:57.219+0000] {logging_mixin.py:137} INFO - [2025-02-08T22:15:57.219+0000] {dagbag.py:538} INFO - Filling up the DagBag from /home/airflow/.local/lib/python3.7/site-packages/airflow/example_dags/example_external_task_marker_dag.py
[2025-02-08T22:15:57.233+0000] {processor.py:753} INFO - DAG(s) dict_keys(['example_external_task_marker_parent', 'example_external_task_marker_child']) retrieved from /home/airflow/.local/lib/python3.7/site-packages/airflow/example_dags/example_external_task_marker_dag.py
[2025-02-08T22:15:57.265+0000] {logging_mixin.py:137} INFO - [2025-02-08T22:15:57.265+0000] {dag.py:2690} INFO - Sync 2 DAGs
[2025-02-08T22:15:57.293+0000] {logging_mixin.py:137} INFO - [2025-02-08T22:15:57.293+0000] {dag.py:3441} INFO - Setting next_dagrun for example_external_task_marker_child to None, run_after=None
[2025-02-08T22:15:57.297+0000] {logging_mixin.py:137} INFO - [2025-02-08T22:15:57.297+0000] {dag.py:3441} INFO - Setting next_dagrun for example_external_task_marker_parent to None, run_after=None
[2025-02-08T22:15:57.321+0000] {processor.py:175} INFO - Processing /home/airflow/.local/lib/python3.7/site-packages/airflow/example_dags/example_external_task_marker_dag.py took 0.106 seconds
[2025-02-08T22:16:27.458+0000] {processor.py:153} INFO - Started process (PID=1618) to work on /home/airflow/.local/lib/python3.7/site-packages/airflow/example_dags/example_external_task_marker_dag.py
[2025-02-08T22:16:27.459+0000] {processor.py:743} INFO - Processing file /home/airflow/.local/lib/python3.7/site-packages/airflow/example_dags/example_external_task_marker_dag.py for tasks to queue
[2025-02-08T22:16:27.460+0000] {logging_mixin.py:137} INFO - [2025-02-08T22:16:27.460+0000] {dagbag.py:538} INFO - Filling up the DagBag from /home/airflow/.local/lib/python3.7/site-packages/airflow/example_dags/example_external_task_marker_dag.py
[2025-02-08T22:16:27.472+0000] {processor.py:753} INFO - DAG(s) dict_keys(['example_external_task_marker_child', 'example_external_task_marker_parent']) retrieved from /home/airflow/.local/lib/python3.7/site-packages/airflow/example_dags/example_external_task_marker_dag.py
[2025-02-08T22:16:27.501+0000] {logging_mixin.py:137} INFO - [2025-02-08T22:16:27.500+0000] {dag.py:2690} INFO - Sync 2 DAGs
[2025-02-08T22:16:27.524+0000] {logging_mixin.py:137} INFO - [2025-02-08T22:16:27.524+0000] {dag.py:3441} INFO - Setting next_dagrun for example_external_task_marker_child to None, run_after=None
[2025-02-08T22:16:27.528+0000] {logging_mixin.py:137} INFO - [2025-02-08T22:16:27.528+0000] {dag.py:3441} INFO - Setting next_dagrun for example_external_task_marker_parent to None, run_after=None
[2025-02-08T22:16:27.549+0000] {processor.py:175} INFO - Processing /home/airflow/.local/lib/python3.7/site-packages/airflow/example_dags/example_external_task_marker_dag.py took 0.095 seconds
[2025-02-08T22:16:57.924+0000] {processor.py:153} INFO - Started process (PID=1705) to work on /home/airflow/.local/lib/python3.7/site-packages/airflow/example_dags/example_external_task_marker_dag.py
[2025-02-08T22:16:57.925+0000] {processor.py:743} INFO - Processing file /home/airflow/.local/lib/python3.7/site-packages/airflow/example_dags/example_external_task_marker_dag.py for tasks to queue
[2025-02-08T22:16:57.926+0000] {logging_mixin.py:137} INFO - [2025-02-08T22:16:57.926+0000] {dagbag.py:538} INFO - Filling up the DagBag from /home/airflow/.local/lib/python3.7/site-packages/airflow/example_dags/example_external_task_marker_dag.py
[2025-02-08T22:16:57.938+0000] {processor.py:753} INFO - DAG(s) dict_keys(['example_external_task_marker_parent', 'example_external_task_marker_child']) retrieved from /home/airflow/.local/lib/python3.7/site-packages/airflow/example_dags/example_external_task_marker_dag.py
[2025-02-08T22:16:57.967+0000] {logging_mixin.py:137} INFO - [2025-02-08T22:16:57.966+0000] {dag.py:2690} INFO - Sync 2 DAGs
[2025-02-08T22:16:57.991+0000] {logging_mixin.py:137} INFO - [2025-02-08T22:16:57.991+0000] {dag.py:3441} INFO - Setting next_dagrun for example_external_task_marker_child to None, run_after=None
[2025-02-08T22:16:57.995+0000] {logging_mixin.py:137} INFO - [2025-02-08T22:16:57.994+0000] {dag.py:3441} INFO - Setting next_dagrun for example_external_task_marker_parent to None, run_after=None
[2025-02-08T22:16:58.017+0000] {processor.py:175} INFO - Processing /home/airflow/.local/lib/python3.7/site-packages/airflow/example_dags/example_external_task_marker_dag.py took 0.096 seconds
[2025-02-08T22:17:28.529+0000] {processor.py:153} INFO - Started process (PID=1776) to work on /home/airflow/.local/lib/python3.7/site-packages/airflow/example_dags/example_external_task_marker_dag.py
[2025-02-08T22:17:28.531+0000] {processor.py:743} INFO - Processing file /home/airflow/.local/lib/python3.7/site-packages/airflow/example_dags/example_external_task_marker_dag.py for tasks to queue
[2025-02-08T22:17:28.533+0000] {logging_mixin.py:137} INFO - [2025-02-08T22:17:28.533+0000] {dagbag.py:538} INFO - Filling up the DagBag from /home/airflow/.local/lib/python3.7/site-packages/airflow/example_dags/example_external_task_marker_dag.py
[2025-02-08T22:17:28.551+0000] {processor.py:753} INFO - DAG(s) dict_keys(['example_external_task_marker_parent', 'example_external_task_marker_child']) retrieved from /home/airflow/.local/lib/python3.7/site-packages/airflow/example_dags/example_external_task_marker_dag.py
[2025-02-08T22:17:28.582+0000] {logging_mixin.py:137} INFO - [2025-02-08T22:17:28.581+0000] {dag.py:2690} INFO - Sync 2 DAGs
[2025-02-08T22:17:28.607+0000] {logging_mixin.py:137} INFO - [2025-02-08T22:17:28.607+0000] {dag.py:3441} INFO - Setting next_dagrun for example_external_task_marker_child to None, run_after=None
[2025-02-08T22:17:28.611+0000] {logging_mixin.py:137} INFO - [2025-02-08T22:17:28.610+0000] {dag.py:3441} INFO - Setting next_dagrun for example_external_task_marker_parent to None, run_after=None
[2025-02-08T22:17:28.667+0000] {processor.py:175} INFO - Processing /home/airflow/.local/lib/python3.7/site-packages/airflow/example_dags/example_external_task_marker_dag.py took 0.141 seconds
[2025-02-08T22:17:58.841+0000] {processor.py:153} INFO - Started process (PID=1863) to work on /home/airflow/.local/lib/python3.7/site-packages/airflow/example_dags/example_external_task_marker_dag.py
[2025-02-08T22:17:58.842+0000] {processor.py:743} INFO - Processing file /home/airflow/.local/lib/python3.7/site-packages/airflow/example_dags/example_external_task_marker_dag.py for tasks to queue
[2025-02-08T22:17:58.843+0000] {logging_mixin.py:137} INFO - [2025-02-08T22:17:58.843+0000] {dagbag.py:538} INFO - Filling up the DagBag from /home/airflow/.local/lib/python3.7/site-packages/airflow/example_dags/example_external_task_marker_dag.py
[2025-02-08T22:17:58.860+0000] {processor.py:753} INFO - DAG(s) dict_keys(['example_external_task_marker_child', 'example_external_task_marker_parent']) retrieved from /home/airflow/.local/lib/python3.7/site-packages/airflow/example_dags/example_external_task_marker_dag.py
[2025-02-08T22:17:58.894+0000] {logging_mixin.py:137} INFO - [2025-02-08T22:17:58.894+0000] {dag.py:2690} INFO - Sync 2 DAGs
[2025-02-08T22:17:58.924+0000] {logging_mixin.py:137} INFO - [2025-02-08T22:17:58.924+0000] {dag.py:3441} INFO - Setting next_dagrun for example_external_task_marker_child to None, run_after=None
[2025-02-08T22:17:58.928+0000] {logging_mixin.py:137} INFO - [2025-02-08T22:17:58.928+0000] {dag.py:3441} INFO - Setting next_dagrun for example_external_task_marker_parent to None, run_after=None
[2025-02-08T22:17:58.950+0000] {processor.py:175} INFO - Processing /home/airflow/.local/lib/python3.7/site-packages/airflow/example_dags/example_external_task_marker_dag.py took 0.112 seconds
[2025-02-08T22:18:29.625+0000] {processor.py:153} INFO - Started process (PID=1934) to work on /home/airflow/.local/lib/python3.7/site-packages/airflow/example_dags/example_external_task_marker_dag.py
[2025-02-08T22:18:29.626+0000] {processor.py:743} INFO - Processing file /home/airflow/.local/lib/python3.7/site-packages/airflow/example_dags/example_external_task_marker_dag.py for tasks to queue
[2025-02-08T22:18:29.627+0000] {logging_mixin.py:137} INFO - [2025-02-08T22:18:29.627+0000] {dagbag.py:538} INFO - Filling up the DagBag from /home/airflow/.local/lib/python3.7/site-packages/airflow/example_dags/example_external_task_marker_dag.py
[2025-02-08T22:18:29.643+0000] {processor.py:753} INFO - DAG(s) dict_keys(['example_external_task_marker_parent', 'example_external_task_marker_child']) retrieved from /home/airflow/.local/lib/python3.7/site-packages/airflow/example_dags/example_external_task_marker_dag.py
[2025-02-08T22:18:29.678+0000] {logging_mixin.py:137} INFO - [2025-02-08T22:18:29.678+0000] {dag.py:2690} INFO - Sync 2 DAGs
[2025-02-08T22:18:29.706+0000] {logging_mixin.py:137} INFO - [2025-02-08T22:18:29.706+0000] {dag.py:3441} INFO - Setting next_dagrun for example_external_task_marker_child to None, run_after=None
[2025-02-08T22:18:29.711+0000] {logging_mixin.py:137} INFO - [2025-02-08T22:18:29.711+0000] {dag.py:3441} INFO - Setting next_dagrun for example_external_task_marker_parent to None, run_after=None
[2025-02-08T22:18:29.738+0000] {processor.py:175} INFO - Processing /home/airflow/.local/lib/python3.7/site-packages/airflow/example_dags/example_external_task_marker_dag.py took 0.117 seconds
[2025-02-08T22:19:00.287+0000] {processor.py:153} INFO - Started process (PID=2021) to work on /home/airflow/.local/lib/python3.7/site-packages/airflow/example_dags/example_external_task_marker_dag.py
[2025-02-08T22:19:00.289+0000] {processor.py:743} INFO - Processing file /home/airflow/.local/lib/python3.7/site-packages/airflow/example_dags/example_external_task_marker_dag.py for tasks to queue
[2025-02-08T22:19:00.290+0000] {logging_mixin.py:137} INFO - [2025-02-08T22:19:00.290+0000] {dagbag.py:538} INFO - Filling up the DagBag from /home/airflow/.local/lib/python3.7/site-packages/airflow/example_dags/example_external_task_marker_dag.py
[2025-02-08T22:19:00.309+0000] {processor.py:753} INFO - DAG(s) dict_keys(['example_external_task_marker_child', 'example_external_task_marker_parent']) retrieved from /home/airflow/.local/lib/python3.7/site-packages/airflow/example_dags/example_external_task_marker_dag.py
[2025-02-08T22:19:00.346+0000] {logging_mixin.py:137} INFO - [2025-02-08T22:19:00.346+0000] {dag.py:2690} INFO - Sync 2 DAGs
[2025-02-08T22:19:00.376+0000] {logging_mixin.py:137} INFO - [2025-02-08T22:19:00.376+0000] {dag.py:3441} INFO - Setting next_dagrun for example_external_task_marker_child to None, run_after=None
[2025-02-08T22:19:00.382+0000] {logging_mixin.py:137} INFO - [2025-02-08T22:19:00.382+0000] {dag.py:3441} INFO - Setting next_dagrun for example_external_task_marker_parent to None, run_after=None
[2025-02-08T22:19:00.407+0000] {processor.py:175} INFO - Processing /home/airflow/.local/lib/python3.7/site-packages/airflow/example_dags/example_external_task_marker_dag.py took 0.123 seconds
[2025-02-08T22:19:30.748+0000] {processor.py:153} INFO - Started process (PID=2092) to work on /home/airflow/.local/lib/python3.7/site-packages/airflow/example_dags/example_external_task_marker_dag.py
[2025-02-08T22:19:30.750+0000] {processor.py:743} INFO - Processing file /home/airflow/.local/lib/python3.7/site-packages/airflow/example_dags/example_external_task_marker_dag.py for tasks to queue
[2025-02-08T22:19:30.752+0000] {logging_mixin.py:137} INFO - [2025-02-08T22:19:30.751+0000] {dagbag.py:538} INFO - Filling up the DagBag from /home/airflow/.local/lib/python3.7/site-packages/airflow/example_dags/example_external_task_marker_dag.py
[2025-02-08T22:19:30.806+0000] {processor.py:753} INFO - DAG(s) dict_keys(['example_external_task_marker_parent', 'example_external_task_marker_child']) retrieved from /home/airflow/.local/lib/python3.7/site-packages/airflow/example_dags/example_external_task_marker_dag.py
[2025-02-08T22:19:30.898+0000] {logging_mixin.py:137} INFO - [2025-02-08T22:19:30.898+0000] {dag.py:2690} INFO - Sync 2 DAGs
[2025-02-08T22:19:30.974+0000] {logging_mixin.py:137} INFO - [2025-02-08T22:19:30.974+0000] {dag.py:3441} INFO - Setting next_dagrun for example_external_task_marker_child to None, run_after=None
[2025-02-08T22:19:30.987+0000] {logging_mixin.py:137} INFO - [2025-02-08T22:19:30.985+0000] {dag.py:3441} INFO - Setting next_dagrun for example_external_task_marker_parent to None, run_after=None
[2025-02-08T22:19:31.041+0000] {processor.py:175} INFO - Processing /home/airflow/.local/lib/python3.7/site-packages/airflow/example_dags/example_external_task_marker_dag.py took 0.302 seconds
[2025-02-08T22:20:01.447+0000] {processor.py:153} INFO - Started process (PID=2169) to work on /home/airflow/.local/lib/python3.7/site-packages/airflow/example_dags/example_external_task_marker_dag.py
[2025-02-08T22:20:01.450+0000] {processor.py:743} INFO - Processing file /home/airflow/.local/lib/python3.7/site-packages/airflow/example_dags/example_external_task_marker_dag.py for tasks to queue
[2025-02-08T22:20:01.451+0000] {logging_mixin.py:137} INFO - [2025-02-08T22:20:01.451+0000] {dagbag.py:538} INFO - Filling up the DagBag from /home/airflow/.local/lib/python3.7/site-packages/airflow/example_dags/example_external_task_marker_dag.py
[2025-02-08T22:20:01.475+0000] {processor.py:753} INFO - DAG(s) dict_keys(['example_external_task_marker_parent', 'example_external_task_marker_child']) retrieved from /home/airflow/.local/lib/python3.7/site-packages/airflow/example_dags/example_external_task_marker_dag.py
[2025-02-08T22:20:01.512+0000] {logging_mixin.py:137} INFO - [2025-02-08T22:20:01.512+0000] {dag.py:2690} INFO - Sync 2 DAGs
[2025-02-08T22:20:01.547+0000] {logging_mixin.py:137} INFO - [2025-02-08T22:20:01.547+0000] {dag.py:3441} INFO - Setting next_dagrun for example_external_task_marker_child to None, run_after=None
[2025-02-08T22:20:01.552+0000] {logging_mixin.py:137} INFO - [2025-02-08T22:20:01.552+0000] {dag.py:3441} INFO - Setting next_dagrun for example_external_task_marker_parent to None, run_after=None
[2025-02-08T22:20:01.577+0000] {processor.py:175} INFO - Processing /home/airflow/.local/lib/python3.7/site-packages/airflow/example_dags/example_external_task_marker_dag.py took 0.135 seconds
[2025-02-08T22:20:32.229+0000] {processor.py:153} INFO - Started process (PID=2249) to work on /home/airflow/.local/lib/python3.7/site-packages/airflow/example_dags/example_external_task_marker_dag.py
[2025-02-08T22:20:32.231+0000] {processor.py:743} INFO - Processing file /home/airflow/.local/lib/python3.7/site-packages/airflow/example_dags/example_external_task_marker_dag.py for tasks to queue
[2025-02-08T22:20:32.232+0000] {logging_mixin.py:137} INFO - [2025-02-08T22:20:32.232+0000] {dagbag.py:538} INFO - Filling up the DagBag from /home/airflow/.local/lib/python3.7/site-packages/airflow/example_dags/example_external_task_marker_dag.py
[2025-02-08T22:20:32.248+0000] {processor.py:753} INFO - DAG(s) dict_keys(['example_external_task_marker_parent', 'example_external_task_marker_child']) retrieved from /home/airflow/.local/lib/python3.7/site-packages/airflow/example_dags/example_external_task_marker_dag.py
[2025-02-08T22:20:32.282+0000] {logging_mixin.py:137} INFO - [2025-02-08T22:20:32.282+0000] {dag.py:2690} INFO - Sync 2 DAGs
[2025-02-08T22:20:32.320+0000] {logging_mixin.py:137} INFO - [2025-02-08T22:20:32.319+0000] {dag.py:3441} INFO - Setting next_dagrun for example_external_task_marker_child to None, run_after=None
[2025-02-08T22:20:32.326+0000] {logging_mixin.py:137} INFO - [2025-02-08T22:20:32.326+0000] {dag.py:3441} INFO - Setting next_dagrun for example_external_task_marker_parent to None, run_after=None
[2025-02-08T22:20:32.367+0000] {processor.py:175} INFO - Processing /home/airflow/.local/lib/python3.7/site-packages/airflow/example_dags/example_external_task_marker_dag.py took 0.141 seconds
[2025-02-08T22:21:02.552+0000] {processor.py:153} INFO - Started process (PID=2319) to work on /home/airflow/.local/lib/python3.7/site-packages/airflow/example_dags/example_external_task_marker_dag.py
[2025-02-08T22:21:02.553+0000] {processor.py:743} INFO - Processing file /home/airflow/.local/lib/python3.7/site-packages/airflow/example_dags/example_external_task_marker_dag.py for tasks to queue
[2025-02-08T22:21:02.554+0000] {logging_mixin.py:137} INFO - [2025-02-08T22:21:02.554+0000] {dagbag.py:538} INFO - Filling up the DagBag from /home/airflow/.local/lib/python3.7/site-packages/airflow/example_dags/example_external_task_marker_dag.py
[2025-02-08T22:21:02.568+0000] {processor.py:753} INFO - DAG(s) dict_keys(['example_external_task_marker_child', 'example_external_task_marker_parent']) retrieved from /home/airflow/.local/lib/python3.7/site-packages/airflow/example_dags/example_external_task_marker_dag.py
[2025-02-08T22:21:02.599+0000] {logging_mixin.py:137} INFO - [2025-02-08T22:21:02.599+0000] {dag.py:2690} INFO - Sync 2 DAGs
[2025-02-08T22:21:02.623+0000] {logging_mixin.py:137} INFO - [2025-02-08T22:21:02.623+0000] {dag.py:3441} INFO - Setting next_dagrun for example_external_task_marker_child to None, run_after=None
[2025-02-08T22:21:02.627+0000] {logging_mixin.py:137} INFO - [2025-02-08T22:21:02.627+0000] {dag.py:3441} INFO - Setting next_dagrun for example_external_task_marker_parent to None, run_after=None
[2025-02-08T22:21:02.649+0000] {processor.py:175} INFO - Processing /home/airflow/.local/lib/python3.7/site-packages/airflow/example_dags/example_external_task_marker_dag.py took 0.100 seconds
[2025-02-08T22:21:33.203+0000] {processor.py:153} INFO - Started process (PID=2406) to work on /home/airflow/.local/lib/python3.7/site-packages/airflow/example_dags/example_external_task_marker_dag.py
[2025-02-08T22:21:33.205+0000] {processor.py:743} INFO - Processing file /home/airflow/.local/lib/python3.7/site-packages/airflow/example_dags/example_external_task_marker_dag.py for tasks to queue
[2025-02-08T22:21:33.207+0000] {logging_mixin.py:137} INFO - [2025-02-08T22:21:33.206+0000] {dagbag.py:538} INFO - Filling up the DagBag from /home/airflow/.local/lib/python3.7/site-packages/airflow/example_dags/example_external_task_marker_dag.py
[2025-02-08T22:21:33.233+0000] {processor.py:753} INFO - DAG(s) dict_keys(['example_external_task_marker_parent', 'example_external_task_marker_child']) retrieved from /home/airflow/.local/lib/python3.7/site-packages/airflow/example_dags/example_external_task_marker_dag.py
[2025-02-08T22:21:33.283+0000] {logging_mixin.py:137} INFO - [2025-02-08T22:21:33.283+0000] {dag.py:2690} INFO - Sync 2 DAGs
[2025-02-08T22:21:33.323+0000] {logging_mixin.py:137} INFO - [2025-02-08T22:21:33.322+0000] {dag.py:3441} INFO - Setting next_dagrun for example_external_task_marker_child to None, run_after=None
[2025-02-08T22:21:33.328+0000] {logging_mixin.py:137} INFO - [2025-02-08T22:21:33.328+0000] {dag.py:3441} INFO - Setting next_dagrun for example_external_task_marker_parent to None, run_after=None
[2025-02-08T22:21:33.355+0000] {processor.py:175} INFO - Processing /home/airflow/.local/lib/python3.7/site-packages/airflow/example_dags/example_external_task_marker_dag.py took 0.160 seconds
[2025-02-08T22:22:03.443+0000] {processor.py:153} INFO - Started process (PID=2477) to work on /home/airflow/.local/lib/python3.7/site-packages/airflow/example_dags/example_external_task_marker_dag.py
[2025-02-08T22:22:03.445+0000] {processor.py:743} INFO - Processing file /home/airflow/.local/lib/python3.7/site-packages/airflow/example_dags/example_external_task_marker_dag.py for tasks to queue
[2025-02-08T22:22:03.446+0000] {logging_mixin.py:137} INFO - [2025-02-08T22:22:03.446+0000] {dagbag.py:538} INFO - Filling up the DagBag from /home/airflow/.local/lib/python3.7/site-packages/airflow/example_dags/example_external_task_marker_dag.py
[2025-02-08T22:22:03.460+0000] {processor.py:753} INFO - DAG(s) dict_keys(['example_external_task_marker_child', 'example_external_task_marker_parent']) retrieved from /home/airflow/.local/lib/python3.7/site-packages/airflow/example_dags/example_external_task_marker_dag.py
[2025-02-08T22:22:03.489+0000] {logging_mixin.py:137} INFO - [2025-02-08T22:22:03.489+0000] {dag.py:2690} INFO - Sync 2 DAGs
[2025-02-08T22:22:03.513+0000] {logging_mixin.py:137} INFO - [2025-02-08T22:22:03.513+0000] {dag.py:3441} INFO - Setting next_dagrun for example_external_task_marker_child to None, run_after=None
[2025-02-08T22:22:03.517+0000] {logging_mixin.py:137} INFO - [2025-02-08T22:22:03.517+0000] {dag.py:3441} INFO - Setting next_dagrun for example_external_task_marker_parent to None, run_after=None
[2025-02-08T22:22:03.544+0000] {processor.py:175} INFO - Processing /home/airflow/.local/lib/python3.7/site-packages/airflow/example_dags/example_external_task_marker_dag.py took 0.103 seconds
[2025-02-08T22:22:34.083+0000] {processor.py:153} INFO - Started process (PID=2557) to work on /home/airflow/.local/lib/python3.7/site-packages/airflow/example_dags/example_external_task_marker_dag.py
[2025-02-08T22:22:34.085+0000] {processor.py:743} INFO - Processing file /home/airflow/.local/lib/python3.7/site-packages/airflow/example_dags/example_external_task_marker_dag.py for tasks to queue
[2025-02-08T22:22:34.086+0000] {logging_mixin.py:137} INFO - [2025-02-08T22:22:34.086+0000] {dagbag.py:538} INFO - Filling up the DagBag from /home/airflow/.local/lib/python3.7/site-packages/airflow/example_dags/example_external_task_marker_dag.py
[2025-02-08T22:22:34.102+0000] {processor.py:753} INFO - DAG(s) dict_keys(['example_external_task_marker_parent', 'example_external_task_marker_child']) retrieved from /home/airflow/.local/lib/python3.7/site-packages/airflow/example_dags/example_external_task_marker_dag.py
[2025-02-08T22:22:34.137+0000] {logging_mixin.py:137} INFO - [2025-02-08T22:22:34.137+0000] {dag.py:2690} INFO - Sync 2 DAGs
[2025-02-08T22:22:34.170+0000] {logging_mixin.py:137} INFO - [2025-02-08T22:22:34.170+0000] {dag.py:3441} INFO - Setting next_dagrun for example_external_task_marker_child to None, run_after=None
[2025-02-08T22:22:34.174+0000] {logging_mixin.py:137} INFO - [2025-02-08T22:22:34.174+0000] {dag.py:3441} INFO - Setting next_dagrun for example_external_task_marker_parent to None, run_after=None
[2025-02-08T22:22:34.196+0000] {processor.py:175} INFO - Processing /home/airflow/.local/lib/python3.7/site-packages/airflow/example_dags/example_external_task_marker_dag.py took 0.117 seconds
[2025-02-08T22:23:05.529+0000] {processor.py:153} INFO - Started process (PID=2635) to work on /home/airflow/.local/lib/python3.7/site-packages/airflow/example_dags/example_external_task_marker_dag.py
[2025-02-08T22:23:05.530+0000] {processor.py:743} INFO - Processing file /home/airflow/.local/lib/python3.7/site-packages/airflow/example_dags/example_external_task_marker_dag.py for tasks to queue
[2025-02-08T22:23:05.532+0000] {logging_mixin.py:137} INFO - [2025-02-08T22:23:05.532+0000] {dagbag.py:538} INFO - Filling up the DagBag from /home/airflow/.local/lib/python3.7/site-packages/airflow/example_dags/example_external_task_marker_dag.py
[2025-02-08T22:23:05.557+0000] {processor.py:753} INFO - DAG(s) dict_keys(['example_external_task_marker_parent', 'example_external_task_marker_child']) retrieved from /home/airflow/.local/lib/python3.7/site-packages/airflow/example_dags/example_external_task_marker_dag.py
[2025-02-08T22:23:05.609+0000] {logging_mixin.py:137} INFO - [2025-02-08T22:23:05.609+0000] {dag.py:2690} INFO - Sync 2 DAGs
[2025-02-08T22:23:05.664+0000] {logging_mixin.py:137} INFO - [2025-02-08T22:23:05.663+0000] {dag.py:3441} INFO - Setting next_dagrun for example_external_task_marker_child to None, run_after=None
[2025-02-08T22:23:05.672+0000] {logging_mixin.py:137} INFO - [2025-02-08T22:23:05.672+0000] {dag.py:3441} INFO - Setting next_dagrun for example_external_task_marker_parent to None, run_after=None
[2025-02-08T22:23:05.705+0000] {processor.py:175} INFO - Processing /home/airflow/.local/lib/python3.7/site-packages/airflow/example_dags/example_external_task_marker_dag.py took 0.182 seconds
[2025-02-08T22:23:36.133+0000] {processor.py:153} INFO - Started process (PID=2722) to work on /home/airflow/.local/lib/python3.7/site-packages/airflow/example_dags/example_external_task_marker_dag.py
[2025-02-08T22:23:36.135+0000] {processor.py:743} INFO - Processing file /home/airflow/.local/lib/python3.7/site-packages/airflow/example_dags/example_external_task_marker_dag.py for tasks to queue
[2025-02-08T22:23:36.137+0000] {logging_mixin.py:137} INFO - [2025-02-08T22:23:36.137+0000] {dagbag.py:538} INFO - Filling up the DagBag from /home/airflow/.local/lib/python3.7/site-packages/airflow/example_dags/example_external_task_marker_dag.py
[2025-02-08T22:23:36.169+0000] {processor.py:753} INFO - DAG(s) dict_keys(['example_external_task_marker_parent', 'example_external_task_marker_child']) retrieved from /home/airflow/.local/lib/python3.7/site-packages/airflow/example_dags/example_external_task_marker_dag.py
[2025-02-08T22:23:36.224+0000] {logging_mixin.py:137} INFO - [2025-02-08T22:23:36.224+0000] {dag.py:2690} INFO - Sync 2 DAGs
[2025-02-08T22:23:36.275+0000] {logging_mixin.py:137} INFO - [2025-02-08T22:23:36.275+0000] {dag.py:3441} INFO - Setting next_dagrun for example_external_task_marker_child to None, run_after=None
[2025-02-08T22:23:36.283+0000] {logging_mixin.py:137} INFO - [2025-02-08T22:23:36.283+0000] {dag.py:3441} INFO - Setting next_dagrun for example_external_task_marker_parent to None, run_after=None
[2025-02-08T22:23:36.315+0000] {processor.py:175} INFO - Processing /home/airflow/.local/lib/python3.7/site-packages/airflow/example_dags/example_external_task_marker_dag.py took 0.187 seconds
[2025-02-08T22:24:06.892+0000] {processor.py:153} INFO - Started process (PID=2793) to work on /home/airflow/.local/lib/python3.7/site-packages/airflow/example_dags/example_external_task_marker_dag.py
[2025-02-08T22:24:06.894+0000] {processor.py:743} INFO - Processing file /home/airflow/.local/lib/python3.7/site-packages/airflow/example_dags/example_external_task_marker_dag.py for tasks to queue
[2025-02-08T22:24:06.897+0000] {logging_mixin.py:137} INFO - [2025-02-08T22:24:06.896+0000] {dagbag.py:538} INFO - Filling up the DagBag from /home/airflow/.local/lib/python3.7/site-packages/airflow/example_dags/example_external_task_marker_dag.py
[2025-02-08T22:24:06.927+0000] {processor.py:753} INFO - DAG(s) dict_keys(['example_external_task_marker_child', 'example_external_task_marker_parent']) retrieved from /home/airflow/.local/lib/python3.7/site-packages/airflow/example_dags/example_external_task_marker_dag.py
[2025-02-08T22:24:06.982+0000] {logging_mixin.py:137} INFO - [2025-02-08T22:24:06.981+0000] {dag.py:2690} INFO - Sync 2 DAGs
[2025-02-08T22:24:07.035+0000] {logging_mixin.py:137} INFO - [2025-02-08T22:24:07.035+0000] {dag.py:3441} INFO - Setting next_dagrun for example_external_task_marker_child to None, run_after=None
[2025-02-08T22:24:07.043+0000] {logging_mixin.py:137} INFO - [2025-02-08T22:24:07.043+0000] {dag.py:3441} INFO - Setting next_dagrun for example_external_task_marker_parent to None, run_after=None
[2025-02-08T22:24:07.076+0000] {processor.py:175} INFO - Processing /home/airflow/.local/lib/python3.7/site-packages/airflow/example_dags/example_external_task_marker_dag.py took 0.192 seconds
[2025-02-08T22:24:38.789+0000] {processor.py:153} INFO - Started process (PID=2864) to work on /home/airflow/.local/lib/python3.7/site-packages/airflow/example_dags/example_external_task_marker_dag.py
[2025-02-08T22:24:38.791+0000] {processor.py:743} INFO - Processing file /home/airflow/.local/lib/python3.7/site-packages/airflow/example_dags/example_external_task_marker_dag.py for tasks to queue
[2025-02-08T22:24:38.792+0000] {logging_mixin.py:137} INFO - [2025-02-08T22:24:38.792+0000] {dagbag.py:538} INFO - Filling up the DagBag from /home/airflow/.local/lib/python3.7/site-packages/airflow/example_dags/example_external_task_marker_dag.py
[2025-02-08T22:24:38.814+0000] {processor.py:753} INFO - DAG(s) dict_keys(['example_external_task_marker_parent', 'example_external_task_marker_child']) retrieved from /home/airflow/.local/lib/python3.7/site-packages/airflow/example_dags/example_external_task_marker_dag.py
[2025-02-08T22:24:38.865+0000] {logging_mixin.py:137} INFO - [2025-02-08T22:24:38.864+0000] {dag.py:2690} INFO - Sync 2 DAGs
[2025-02-08T22:24:38.912+0000] {logging_mixin.py:137} INFO - [2025-02-08T22:24:38.912+0000] {dag.py:3441} INFO - Setting next_dagrun for example_external_task_marker_child to None, run_after=None
[2025-02-08T22:24:38.919+0000] {logging_mixin.py:137} INFO - [2025-02-08T22:24:38.919+0000] {dag.py:3441} INFO - Setting next_dagrun for example_external_task_marker_parent to None, run_after=None
[2025-02-08T22:24:38.946+0000] {processor.py:175} INFO - Processing /home/airflow/.local/lib/python3.7/site-packages/airflow/example_dags/example_external_task_marker_dag.py took 0.164 seconds
[2025-02-08T22:25:09.359+0000] {processor.py:153} INFO - Started process (PID=2942) to work on /home/airflow/.local/lib/python3.7/site-packages/airflow/example_dags/example_external_task_marker_dag.py
[2025-02-08T22:25:09.361+0000] {processor.py:743} INFO - Processing file /home/airflow/.local/lib/python3.7/site-packages/airflow/example_dags/example_external_task_marker_dag.py for tasks to queue
[2025-02-08T22:25:09.362+0000] {logging_mixin.py:137} INFO - [2025-02-08T22:25:09.362+0000] {dagbag.py:538} INFO - Filling up the DagBag from /home/airflow/.local/lib/python3.7/site-packages/airflow/example_dags/example_external_task_marker_dag.py
[2025-02-08T22:25:09.389+0000] {processor.py:753} INFO - DAG(s) dict_keys(['example_external_task_marker_parent', 'example_external_task_marker_child']) retrieved from /home/airflow/.local/lib/python3.7/site-packages/airflow/example_dags/example_external_task_marker_dag.py
[2025-02-08T22:25:09.441+0000] {logging_mixin.py:137} INFO - [2025-02-08T22:25:09.441+0000] {dag.py:2690} INFO - Sync 2 DAGs
[2025-02-08T22:25:09.491+0000] {logging_mixin.py:137} INFO - [2025-02-08T22:25:09.491+0000] {dag.py:3441} INFO - Setting next_dagrun for example_external_task_marker_child to None, run_after=None
[2025-02-08T22:25:09.497+0000] {logging_mixin.py:137} INFO - [2025-02-08T22:25:09.496+0000] {dag.py:3441} INFO - Setting next_dagrun for example_external_task_marker_parent to None, run_after=None
[2025-02-08T22:25:09.529+0000] {processor.py:175} INFO - Processing /home/airflow/.local/lib/python3.7/site-packages/airflow/example_dags/example_external_task_marker_dag.py took 0.175 seconds
[2025-02-08T22:25:39.661+0000] {processor.py:153} INFO - Started process (PID=3022) to work on /home/airflow/.local/lib/python3.7/site-packages/airflow/example_dags/example_external_task_marker_dag.py
[2025-02-08T22:25:39.663+0000] {processor.py:743} INFO - Processing file /home/airflow/.local/lib/python3.7/site-packages/airflow/example_dags/example_external_task_marker_dag.py for tasks to queue
[2025-02-08T22:25:39.665+0000] {logging_mixin.py:137} INFO - [2025-02-08T22:25:39.664+0000] {dagbag.py:538} INFO - Filling up the DagBag from /home/airflow/.local/lib/python3.7/site-packages/airflow/example_dags/example_external_task_marker_dag.py
[2025-02-08T22:25:39.693+0000] {processor.py:753} INFO - DAG(s) dict_keys(['example_external_task_marker_parent', 'example_external_task_marker_child']) retrieved from /home/airflow/.local/lib/python3.7/site-packages/airflow/example_dags/example_external_task_marker_dag.py
[2025-02-08T22:25:39.753+0000] {logging_mixin.py:137} INFO - [2025-02-08T22:25:39.753+0000] {dag.py:2690} INFO - Sync 2 DAGs
[2025-02-08T22:25:39.803+0000] {logging_mixin.py:137} INFO - [2025-02-08T22:25:39.803+0000] {dag.py:3441} INFO - Setting next_dagrun for example_external_task_marker_child to None, run_after=None
[2025-02-08T22:25:39.809+0000] {logging_mixin.py:137} INFO - [2025-02-08T22:25:39.809+0000] {dag.py:3441} INFO - Setting next_dagrun for example_external_task_marker_parent to None, run_after=None
[2025-02-08T22:25:39.846+0000] {processor.py:175} INFO - Processing /home/airflow/.local/lib/python3.7/site-packages/airflow/example_dags/example_external_task_marker_dag.py took 0.192 seconds
[2025-02-08T22:26:10.043+0000] {processor.py:153} INFO - Started process (PID=3094) to work on /home/airflow/.local/lib/python3.7/site-packages/airflow/example_dags/example_external_task_marker_dag.py
[2025-02-08T22:26:10.044+0000] {processor.py:743} INFO - Processing file /home/airflow/.local/lib/python3.7/site-packages/airflow/example_dags/example_external_task_marker_dag.py for tasks to queue
[2025-02-08T22:26:10.045+0000] {logging_mixin.py:137} INFO - [2025-02-08T22:26:10.045+0000] {dagbag.py:538} INFO - Filling up the DagBag from /home/airflow/.local/lib/python3.7/site-packages/airflow/example_dags/example_external_task_marker_dag.py
[2025-02-08T22:26:10.058+0000] {processor.py:753} INFO - DAG(s) dict_keys(['example_external_task_marker_parent', 'example_external_task_marker_child']) retrieved from /home/airflow/.local/lib/python3.7/site-packages/airflow/example_dags/example_external_task_marker_dag.py
[2025-02-08T22:26:10.093+0000] {logging_mixin.py:137} INFO - [2025-02-08T22:26:10.093+0000] {dag.py:2690} INFO - Sync 2 DAGs
[2025-02-08T22:26:10.123+0000] {logging_mixin.py:137} INFO - [2025-02-08T22:26:10.123+0000] {dag.py:3441} INFO - Setting next_dagrun for example_external_task_marker_child to None, run_after=None
[2025-02-08T22:26:10.127+0000] {logging_mixin.py:137} INFO - [2025-02-08T22:26:10.127+0000] {dag.py:3441} INFO - Setting next_dagrun for example_external_task_marker_parent to None, run_after=None
[2025-02-08T22:26:10.153+0000] {processor.py:175} INFO - Processing /home/airflow/.local/lib/python3.7/site-packages/airflow/example_dags/example_external_task_marker_dag.py took 0.115 seconds
[2025-02-08T22:26:40.764+0000] {processor.py:153} INFO - Started process (PID=3166) to work on /home/airflow/.local/lib/python3.7/site-packages/airflow/example_dags/example_external_task_marker_dag.py
[2025-02-08T22:26:40.766+0000] {processor.py:743} INFO - Processing file /home/airflow/.local/lib/python3.7/site-packages/airflow/example_dags/example_external_task_marker_dag.py for tasks to queue
[2025-02-08T22:26:40.767+0000] {logging_mixin.py:137} INFO - [2025-02-08T22:26:40.767+0000] {dagbag.py:538} INFO - Filling up the DagBag from /home/airflow/.local/lib/python3.7/site-packages/airflow/example_dags/example_external_task_marker_dag.py
[2025-02-08T22:26:40.780+0000] {processor.py:753} INFO - DAG(s) dict_keys(['example_external_task_marker_parent', 'example_external_task_marker_child']) retrieved from /home/airflow/.local/lib/python3.7/site-packages/airflow/example_dags/example_external_task_marker_dag.py
[2025-02-08T22:26:40.809+0000] {logging_mixin.py:137} INFO - [2025-02-08T22:26:40.809+0000] {dag.py:2690} INFO - Sync 2 DAGs
[2025-02-08T22:26:40.833+0000] {logging_mixin.py:137} INFO - [2025-02-08T22:26:40.833+0000] {dag.py:3441} INFO - Setting next_dagrun for example_external_task_marker_child to None, run_after=None
[2025-02-08T22:26:40.838+0000] {logging_mixin.py:137} INFO - [2025-02-08T22:26:40.838+0000] {dag.py:3441} INFO - Setting next_dagrun for example_external_task_marker_parent to None, run_after=None
[2025-02-08T22:26:40.868+0000] {processor.py:175} INFO - Processing /home/airflow/.local/lib/python3.7/site-packages/airflow/example_dags/example_external_task_marker_dag.py took 0.107 seconds
[2025-02-08T22:27:11.784+0000] {processor.py:153} INFO - Started process (PID=3254) to work on /home/airflow/.local/lib/python3.7/site-packages/airflow/example_dags/example_external_task_marker_dag.py
[2025-02-08T22:27:11.785+0000] {processor.py:743} INFO - Processing file /home/airflow/.local/lib/python3.7/site-packages/airflow/example_dags/example_external_task_marker_dag.py for tasks to queue
[2025-02-08T22:27:11.786+0000] {logging_mixin.py:137} INFO - [2025-02-08T22:27:11.786+0000] {dagbag.py:538} INFO - Filling up the DagBag from /home/airflow/.local/lib/python3.7/site-packages/airflow/example_dags/example_external_task_marker_dag.py
[2025-02-08T22:27:11.805+0000] {processor.py:753} INFO - DAG(s) dict_keys(['example_external_task_marker_child', 'example_external_task_marker_parent']) retrieved from /home/airflow/.local/lib/python3.7/site-packages/airflow/example_dags/example_external_task_marker_dag.py
[2025-02-08T22:27:11.844+0000] {logging_mixin.py:137} INFO - [2025-02-08T22:27:11.843+0000] {dag.py:2690} INFO - Sync 2 DAGs
[2025-02-08T22:27:11.881+0000] {logging_mixin.py:137} INFO - [2025-02-08T22:27:11.881+0000] {dag.py:3441} INFO - Setting next_dagrun for example_external_task_marker_child to None, run_after=None
[2025-02-08T22:27:11.888+0000] {logging_mixin.py:137} INFO - [2025-02-08T22:27:11.888+0000] {dag.py:3441} INFO - Setting next_dagrun for example_external_task_marker_parent to None, run_after=None
[2025-02-08T22:27:11.921+0000] {processor.py:175} INFO - Processing /home/airflow/.local/lib/python3.7/site-packages/airflow/example_dags/example_external_task_marker_dag.py took 0.142 seconds
[2025-02-08T22:27:42.658+0000] {processor.py:153} INFO - Started process (PID=3333) to work on /home/airflow/.local/lib/python3.7/site-packages/airflow/example_dags/example_external_task_marker_dag.py
[2025-02-08T22:27:42.660+0000] {processor.py:743} INFO - Processing file /home/airflow/.local/lib/python3.7/site-packages/airflow/example_dags/example_external_task_marker_dag.py for tasks to queue
[2025-02-08T22:27:42.661+0000] {logging_mixin.py:137} INFO - [2025-02-08T22:27:42.661+0000] {dagbag.py:538} INFO - Filling up the DagBag from /home/airflow/.local/lib/python3.7/site-packages/airflow/example_dags/example_external_task_marker_dag.py
[2025-02-08T22:27:42.682+0000] {processor.py:753} INFO - DAG(s) dict_keys(['example_external_task_marker_parent', 'example_external_task_marker_child']) retrieved from /home/airflow/.local/lib/python3.7/site-packages/airflow/example_dags/example_external_task_marker_dag.py
[2025-02-08T22:27:42.719+0000] {logging_mixin.py:137} INFO - [2025-02-08T22:27:42.719+0000] {dag.py:2690} INFO - Sync 2 DAGs
[2025-02-08T22:27:42.764+0000] {logging_mixin.py:137} INFO - [2025-02-08T22:27:42.764+0000] {dag.py:3441} INFO - Setting next_dagrun for example_external_task_marker_child to None, run_after=None
[2025-02-08T22:27:42.771+0000] {logging_mixin.py:137} INFO - [2025-02-08T22:27:42.770+0000] {dag.py:3441} INFO - Setting next_dagrun for example_external_task_marker_parent to None, run_after=None
[2025-02-08T22:27:42.818+0000] {processor.py:175} INFO - Processing /home/airflow/.local/lib/python3.7/site-packages/airflow/example_dags/example_external_task_marker_dag.py took 0.164 seconds
