[2025-02-08T22:06:03.008+0000] {processor.py:153} INFO - Started process (PID=60) to work on /home/airflow/.local/lib/python3.7/site-packages/airflow/example_dags/example_nested_branch_dag.py
[2025-02-08T22:06:03.010+0000] {processor.py:743} INFO - Processing file /home/airflow/.local/lib/python3.7/site-packages/airflow/example_dags/example_nested_branch_dag.py for tasks to queue
[2025-02-08T22:06:03.011+0000] {logging_mixin.py:137} INFO - [2025-02-08T22:06:03.011+0000] {dagbag.py:538} INFO - Filling up the DagBag from /home/airflow/.local/lib/python3.7/site-packages/airflow/example_dags/example_nested_branch_dag.py
[2025-02-08T22:06:03.054+0000] {processor.py:753} INFO - DAG(s) dict_keys(['example_nested_branch_dag']) retrieved from /home/airflow/.local/lib/python3.7/site-packages/airflow/example_dags/example_nested_branch_dag.py
[2025-02-08T22:06:03.088+0000] {logging_mixin.py:137} INFO - [2025-02-08T22:06:03.088+0000] {dag.py:2690} INFO - Sync 1 DAGs
[2025-02-08T22:06:03.126+0000] {logging_mixin.py:137} INFO - [2025-02-08T22:06:03.126+0000] {dag.py:3441} INFO - Setting next_dagrun for example_nested_branch_dag to 2025-02-07T00:00:00+00:00, run_after=2025-02-08T00:00:00+00:00
[2025-02-08T22:06:03.154+0000] {processor.py:175} INFO - Processing /home/airflow/.local/lib/python3.7/site-packages/airflow/example_dags/example_nested_branch_dag.py took 0.151 seconds
[2025-02-08T22:06:36.188+0000] {processor.py:153} INFO - Started process (PID=131) to work on /home/airflow/.local/lib/python3.7/site-packages/airflow/example_dags/example_nested_branch_dag.py
[2025-02-08T22:06:36.190+0000] {processor.py:743} INFO - Processing file /home/airflow/.local/lib/python3.7/site-packages/airflow/example_dags/example_nested_branch_dag.py for tasks to queue
[2025-02-08T22:06:36.192+0000] {logging_mixin.py:137} INFO - [2025-02-08T22:06:36.191+0000] {dagbag.py:538} INFO - Filling up the DagBag from /home/airflow/.local/lib/python3.7/site-packages/airflow/example_dags/example_nested_branch_dag.py
[2025-02-08T22:06:36.252+0000] {processor.py:753} INFO - DAG(s) dict_keys(['example_nested_branch_dag']) retrieved from /home/airflow/.local/lib/python3.7/site-packages/airflow/example_dags/example_nested_branch_dag.py
[2025-02-08T22:06:36.310+0000] {logging_mixin.py:137} INFO - [2025-02-08T22:06:36.310+0000] {dag.py:2690} INFO - Sync 1 DAGs
[2025-02-08T22:06:36.359+0000] {logging_mixin.py:137} INFO - [2025-02-08T22:06:36.359+0000] {dag.py:3441} INFO - Setting next_dagrun for example_nested_branch_dag to 2025-02-07T00:00:00+00:00, run_after=2025-02-08T00:00:00+00:00
[2025-02-08T22:06:36.398+0000] {processor.py:175} INFO - Processing /home/airflow/.local/lib/python3.7/site-packages/airflow/example_dags/example_nested_branch_dag.py took 0.216 seconds
[2025-02-08T22:07:07.139+0000] {processor.py:153} INFO - Started process (PID=202) to work on /home/airflow/.local/lib/python3.7/site-packages/airflow/example_dags/example_nested_branch_dag.py
[2025-02-08T22:07:07.140+0000] {processor.py:743} INFO - Processing file /home/airflow/.local/lib/python3.7/site-packages/airflow/example_dags/example_nested_branch_dag.py for tasks to queue
[2025-02-08T22:07:07.141+0000] {logging_mixin.py:137} INFO - [2025-02-08T22:07:07.141+0000] {dagbag.py:538} INFO - Filling up the DagBag from /home/airflow/.local/lib/python3.7/site-packages/airflow/example_dags/example_nested_branch_dag.py
[2025-02-08T22:07:07.164+0000] {processor.py:753} INFO - DAG(s) dict_keys(['example_nested_branch_dag']) retrieved from /home/airflow/.local/lib/python3.7/site-packages/airflow/example_dags/example_nested_branch_dag.py
[2025-02-08T22:07:07.189+0000] {logging_mixin.py:137} INFO - [2025-02-08T22:07:07.188+0000] {dag.py:2690} INFO - Sync 1 DAGs
[2025-02-08T22:07:07.213+0000] {logging_mixin.py:137} INFO - [2025-02-08T22:07:07.212+0000] {dag.py:3441} INFO - Setting next_dagrun for example_nested_branch_dag to 2025-02-07T00:00:00+00:00, run_after=2025-02-08T00:00:00+00:00
[2025-02-08T22:07:07.236+0000] {processor.py:175} INFO - Processing /home/airflow/.local/lib/python3.7/site-packages/airflow/example_dags/example_nested_branch_dag.py took 0.101 seconds
[2025-02-08T22:07:37.675+0000] {processor.py:153} INFO - Started process (PID=282) to work on /home/airflow/.local/lib/python3.7/site-packages/airflow/example_dags/example_nested_branch_dag.py
[2025-02-08T22:07:37.676+0000] {processor.py:743} INFO - Processing file /home/airflow/.local/lib/python3.7/site-packages/airflow/example_dags/example_nested_branch_dag.py for tasks to queue
[2025-02-08T22:07:37.678+0000] {logging_mixin.py:137} INFO - [2025-02-08T22:07:37.677+0000] {dagbag.py:538} INFO - Filling up the DagBag from /home/airflow/.local/lib/python3.7/site-packages/airflow/example_dags/example_nested_branch_dag.py
[2025-02-08T22:07:37.716+0000] {processor.py:753} INFO - DAG(s) dict_keys(['example_nested_branch_dag']) retrieved from /home/airflow/.local/lib/python3.7/site-packages/airflow/example_dags/example_nested_branch_dag.py
[2025-02-08T22:07:37.750+0000] {logging_mixin.py:137} INFO - [2025-02-08T22:07:37.750+0000] {dag.py:2690} INFO - Sync 1 DAGs
[2025-02-08T22:07:37.776+0000] {logging_mixin.py:137} INFO - [2025-02-08T22:07:37.776+0000] {dag.py:3441} INFO - Setting next_dagrun for example_nested_branch_dag to 2025-02-07T00:00:00+00:00, run_after=2025-02-08T00:00:00+00:00
[2025-02-08T22:07:37.802+0000] {processor.py:175} INFO - Processing /home/airflow/.local/lib/python3.7/site-packages/airflow/example_dags/example_nested_branch_dag.py took 0.130 seconds
[2025-02-08T22:08:08.332+0000] {processor.py:153} INFO - Started process (PID=360) to work on /home/airflow/.local/lib/python3.7/site-packages/airflow/example_dags/example_nested_branch_dag.py
[2025-02-08T22:08:08.333+0000] {processor.py:743} INFO - Processing file /home/airflow/.local/lib/python3.7/site-packages/airflow/example_dags/example_nested_branch_dag.py for tasks to queue
[2025-02-08T22:08:08.334+0000] {logging_mixin.py:137} INFO - [2025-02-08T22:08:08.334+0000] {dagbag.py:538} INFO - Filling up the DagBag from /home/airflow/.local/lib/python3.7/site-packages/airflow/example_dags/example_nested_branch_dag.py
[2025-02-08T22:08:08.358+0000] {processor.py:753} INFO - DAG(s) dict_keys(['example_nested_branch_dag']) retrieved from /home/airflow/.local/lib/python3.7/site-packages/airflow/example_dags/example_nested_branch_dag.py
[2025-02-08T22:08:08.383+0000] {logging_mixin.py:137} INFO - [2025-02-08T22:08:08.383+0000] {dag.py:2690} INFO - Sync 1 DAGs
[2025-02-08T22:08:08.407+0000] {logging_mixin.py:137} INFO - [2025-02-08T22:08:08.407+0000] {dag.py:3441} INFO - Setting next_dagrun for example_nested_branch_dag to 2025-02-07T00:00:00+00:00, run_after=2025-02-08T00:00:00+00:00
[2025-02-08T22:08:08.431+0000] {processor.py:175} INFO - Processing /home/airflow/.local/lib/python3.7/site-packages/airflow/example_dags/example_nested_branch_dag.py took 0.102 seconds
[2025-02-08T22:08:39.329+0000] {processor.py:153} INFO - Started process (PID=431) to work on /home/airflow/.local/lib/python3.7/site-packages/airflow/example_dags/example_nested_branch_dag.py
[2025-02-08T22:08:39.330+0000] {processor.py:743} INFO - Processing file /home/airflow/.local/lib/python3.7/site-packages/airflow/example_dags/example_nested_branch_dag.py for tasks to queue
[2025-02-08T22:08:39.331+0000] {logging_mixin.py:137} INFO - [2025-02-08T22:08:39.331+0000] {dagbag.py:538} INFO - Filling up the DagBag from /home/airflow/.local/lib/python3.7/site-packages/airflow/example_dags/example_nested_branch_dag.py
[2025-02-08T22:08:39.376+0000] {processor.py:753} INFO - DAG(s) dict_keys(['example_nested_branch_dag']) retrieved from /home/airflow/.local/lib/python3.7/site-packages/airflow/example_dags/example_nested_branch_dag.py
[2025-02-08T22:08:39.423+0000] {logging_mixin.py:137} INFO - [2025-02-08T22:08:39.423+0000] {dag.py:2690} INFO - Sync 1 DAGs
[2025-02-08T22:08:39.462+0000] {logging_mixin.py:137} INFO - [2025-02-08T22:08:39.462+0000] {dag.py:3441} INFO - Setting next_dagrun for example_nested_branch_dag to 2025-02-07T00:00:00+00:00, run_after=2025-02-08T00:00:00+00:00
[2025-02-08T22:08:39.500+0000] {processor.py:175} INFO - Processing /home/airflow/.local/lib/python3.7/site-packages/airflow/example_dags/example_nested_branch_dag.py took 0.177 seconds
[2025-02-08T22:09:10.230+0000] {processor.py:153} INFO - Started process (PID=518) to work on /home/airflow/.local/lib/python3.7/site-packages/airflow/example_dags/example_nested_branch_dag.py
[2025-02-08T22:09:10.231+0000] {processor.py:743} INFO - Processing file /home/airflow/.local/lib/python3.7/site-packages/airflow/example_dags/example_nested_branch_dag.py for tasks to queue
[2025-02-08T22:09:10.233+0000] {logging_mixin.py:137} INFO - [2025-02-08T22:09:10.233+0000] {dagbag.py:538} INFO - Filling up the DagBag from /home/airflow/.local/lib/python3.7/site-packages/airflow/example_dags/example_nested_branch_dag.py
[2025-02-08T22:09:10.270+0000] {processor.py:753} INFO - DAG(s) dict_keys(['example_nested_branch_dag']) retrieved from /home/airflow/.local/lib/python3.7/site-packages/airflow/example_dags/example_nested_branch_dag.py
[2025-02-08T22:09:10.308+0000] {logging_mixin.py:137} INFO - [2025-02-08T22:09:10.308+0000] {dag.py:2690} INFO - Sync 1 DAGs
[2025-02-08T22:09:10.346+0000] {logging_mixin.py:137} INFO - [2025-02-08T22:09:10.346+0000] {dag.py:3441} INFO - Setting next_dagrun for example_nested_branch_dag to 2025-02-07T00:00:00+00:00, run_after=2025-02-08T00:00:00+00:00
[2025-02-08T22:09:10.376+0000] {processor.py:175} INFO - Processing /home/airflow/.local/lib/python3.7/site-packages/airflow/example_dags/example_nested_branch_dag.py took 0.151 seconds
[2025-02-08T22:09:40.952+0000] {processor.py:153} INFO - Started process (PID=589) to work on /home/airflow/.local/lib/python3.7/site-packages/airflow/example_dags/example_nested_branch_dag.py
[2025-02-08T22:09:40.954+0000] {processor.py:743} INFO - Processing file /home/airflow/.local/lib/python3.7/site-packages/airflow/example_dags/example_nested_branch_dag.py for tasks to queue
[2025-02-08T22:09:40.956+0000] {logging_mixin.py:137} INFO - [2025-02-08T22:09:40.955+0000] {dagbag.py:538} INFO - Filling up the DagBag from /home/airflow/.local/lib/python3.7/site-packages/airflow/example_dags/example_nested_branch_dag.py
[2025-02-08T22:09:40.999+0000] {processor.py:753} INFO - DAG(s) dict_keys(['example_nested_branch_dag']) retrieved from /home/airflow/.local/lib/python3.7/site-packages/airflow/example_dags/example_nested_branch_dag.py
[2025-02-08T22:09:41.055+0000] {logging_mixin.py:137} INFO - [2025-02-08T22:09:41.055+0000] {dag.py:2690} INFO - Sync 1 DAGs
[2025-02-08T22:09:41.097+0000] {logging_mixin.py:137} INFO - [2025-02-08T22:09:41.097+0000] {dag.py:3441} INFO - Setting next_dagrun for example_nested_branch_dag to 2025-02-07T00:00:00+00:00, run_after=2025-02-08T00:00:00+00:00
[2025-02-08T22:09:41.143+0000] {processor.py:175} INFO - Processing /home/airflow/.local/lib/python3.7/site-packages/airflow/example_dags/example_nested_branch_dag.py took 0.195 seconds
[2025-02-08T22:10:11.199+0000] {processor.py:153} INFO - Started process (PID=669) to work on /home/airflow/.local/lib/python3.7/site-packages/airflow/example_dags/example_nested_branch_dag.py
[2025-02-08T22:10:11.200+0000] {processor.py:743} INFO - Processing file /home/airflow/.local/lib/python3.7/site-packages/airflow/example_dags/example_nested_branch_dag.py for tasks to queue
[2025-02-08T22:10:11.201+0000] {logging_mixin.py:137} INFO - [2025-02-08T22:10:11.201+0000] {dagbag.py:538} INFO - Filling up the DagBag from /home/airflow/.local/lib/python3.7/site-packages/airflow/example_dags/example_nested_branch_dag.py
[2025-02-08T22:10:11.232+0000] {processor.py:753} INFO - DAG(s) dict_keys(['example_nested_branch_dag']) retrieved from /home/airflow/.local/lib/python3.7/site-packages/airflow/example_dags/example_nested_branch_dag.py
[2025-02-08T22:10:11.261+0000] {logging_mixin.py:137} INFO - [2025-02-08T22:10:11.261+0000] {dag.py:2690} INFO - Sync 1 DAGs
[2025-02-08T22:10:11.292+0000] {logging_mixin.py:137} INFO - [2025-02-08T22:10:11.292+0000] {dag.py:3441} INFO - Setting next_dagrun for example_nested_branch_dag to 2025-02-07T00:00:00+00:00, run_after=2025-02-08T00:00:00+00:00
[2025-02-08T22:10:11.317+0000] {processor.py:175} INFO - Processing /home/airflow/.local/lib/python3.7/site-packages/airflow/example_dags/example_nested_branch_dag.py took 0.123 seconds
[2025-02-08T22:10:42.067+0000] {processor.py:153} INFO - Started process (PID=747) to work on /home/airflow/.local/lib/python3.7/site-packages/airflow/example_dags/example_nested_branch_dag.py
[2025-02-08T22:10:42.068+0000] {processor.py:743} INFO - Processing file /home/airflow/.local/lib/python3.7/site-packages/airflow/example_dags/example_nested_branch_dag.py for tasks to queue
[2025-02-08T22:10:42.069+0000] {logging_mixin.py:137} INFO - [2025-02-08T22:10:42.069+0000] {dagbag.py:538} INFO - Filling up the DagBag from /home/airflow/.local/lib/python3.7/site-packages/airflow/example_dags/example_nested_branch_dag.py
[2025-02-08T22:10:42.098+0000] {processor.py:753} INFO - DAG(s) dict_keys(['example_nested_branch_dag']) retrieved from /home/airflow/.local/lib/python3.7/site-packages/airflow/example_dags/example_nested_branch_dag.py
[2025-02-08T22:10:42.132+0000] {logging_mixin.py:137} INFO - [2025-02-08T22:10:42.132+0000] {dag.py:2690} INFO - Sync 1 DAGs
[2025-02-08T22:10:42.156+0000] {logging_mixin.py:137} INFO - [2025-02-08T22:10:42.156+0000] {dag.py:3441} INFO - Setting next_dagrun for example_nested_branch_dag to 2025-02-07T00:00:00+00:00, run_after=2025-02-08T00:00:00+00:00
[2025-02-08T22:10:42.178+0000] {processor.py:175} INFO - Processing /home/airflow/.local/lib/python3.7/site-packages/airflow/example_dags/example_nested_branch_dag.py took 0.114 seconds
[2025-02-08T22:11:12.557+0000] {processor.py:153} INFO - Started process (PID=834) to work on /home/airflow/.local/lib/python3.7/site-packages/airflow/example_dags/example_nested_branch_dag.py
[2025-02-08T22:11:12.559+0000] {processor.py:743} INFO - Processing file /home/airflow/.local/lib/python3.7/site-packages/airflow/example_dags/example_nested_branch_dag.py for tasks to queue
[2025-02-08T22:11:12.561+0000] {logging_mixin.py:137} INFO - [2025-02-08T22:11:12.561+0000] {dagbag.py:538} INFO - Filling up the DagBag from /home/airflow/.local/lib/python3.7/site-packages/airflow/example_dags/example_nested_branch_dag.py
[2025-02-08T22:11:12.621+0000] {processor.py:753} INFO - DAG(s) dict_keys(['example_nested_branch_dag']) retrieved from /home/airflow/.local/lib/python3.7/site-packages/airflow/example_dags/example_nested_branch_dag.py
[2025-02-08T22:11:12.661+0000] {logging_mixin.py:137} INFO - [2025-02-08T22:11:12.661+0000] {dag.py:2690} INFO - Sync 1 DAGs
[2025-02-08T22:11:12.713+0000] {logging_mixin.py:137} INFO - [2025-02-08T22:11:12.713+0000] {dag.py:3441} INFO - Setting next_dagrun for example_nested_branch_dag to 2025-02-07T00:00:00+00:00, run_after=2025-02-08T00:00:00+00:00
[2025-02-08T22:11:12.742+0000] {processor.py:175} INFO - Processing /home/airflow/.local/lib/python3.7/site-packages/airflow/example_dags/example_nested_branch_dag.py took 0.194 seconds
[2025-02-08T22:11:43.513+0000] {processor.py:153} INFO - Started process (PID=905) to work on /home/airflow/.local/lib/python3.7/site-packages/airflow/example_dags/example_nested_branch_dag.py
[2025-02-08T22:11:43.514+0000] {processor.py:743} INFO - Processing file /home/airflow/.local/lib/python3.7/site-packages/airflow/example_dags/example_nested_branch_dag.py for tasks to queue
[2025-02-08T22:11:43.515+0000] {logging_mixin.py:137} INFO - [2025-02-08T22:11:43.515+0000] {dagbag.py:538} INFO - Filling up the DagBag from /home/airflow/.local/lib/python3.7/site-packages/airflow/example_dags/example_nested_branch_dag.py
[2025-02-08T22:11:43.536+0000] {processor.py:753} INFO - DAG(s) dict_keys(['example_nested_branch_dag']) retrieved from /home/airflow/.local/lib/python3.7/site-packages/airflow/example_dags/example_nested_branch_dag.py
[2025-02-08T22:11:43.559+0000] {logging_mixin.py:137} INFO - [2025-02-08T22:11:43.559+0000] {dag.py:2690} INFO - Sync 1 DAGs
[2025-02-08T22:11:43.581+0000] {logging_mixin.py:137} INFO - [2025-02-08T22:11:43.581+0000] {dag.py:3441} INFO - Setting next_dagrun for example_nested_branch_dag to 2025-02-07T00:00:00+00:00, run_after=2025-02-08T00:00:00+00:00
[2025-02-08T22:11:43.605+0000] {processor.py:175} INFO - Processing /home/airflow/.local/lib/python3.7/site-packages/airflow/example_dags/example_nested_branch_dag.py took 0.096 seconds
[2025-02-08T22:12:13.817+0000] {processor.py:153} INFO - Started process (PID=976) to work on /home/airflow/.local/lib/python3.7/site-packages/airflow/example_dags/example_nested_branch_dag.py
[2025-02-08T22:12:13.818+0000] {processor.py:743} INFO - Processing file /home/airflow/.local/lib/python3.7/site-packages/airflow/example_dags/example_nested_branch_dag.py for tasks to queue
[2025-02-08T22:12:13.819+0000] {logging_mixin.py:137} INFO - [2025-02-08T22:12:13.819+0000] {dagbag.py:538} INFO - Filling up the DagBag from /home/airflow/.local/lib/python3.7/site-packages/airflow/example_dags/example_nested_branch_dag.py
[2025-02-08T22:12:13.847+0000] {processor.py:753} INFO - DAG(s) dict_keys(['example_nested_branch_dag']) retrieved from /home/airflow/.local/lib/python3.7/site-packages/airflow/example_dags/example_nested_branch_dag.py
[2025-02-08T22:12:13.873+0000] {logging_mixin.py:137} INFO - [2025-02-08T22:12:13.872+0000] {dag.py:2690} INFO - Sync 1 DAGs
[2025-02-08T22:12:13.899+0000] {logging_mixin.py:137} INFO - [2025-02-08T22:12:13.899+0000] {dag.py:3441} INFO - Setting next_dagrun for example_nested_branch_dag to 2025-02-07T00:00:00+00:00, run_after=2025-02-08T00:00:00+00:00
[2025-02-08T22:12:13.922+0000] {processor.py:175} INFO - Processing /home/airflow/.local/lib/python3.7/site-packages/airflow/example_dags/example_nested_branch_dag.py took 0.110 seconds
[2025-02-08T22:12:44.584+0000] {processor.py:153} INFO - Started process (PID=1064) to work on /home/airflow/.local/lib/python3.7/site-packages/airflow/example_dags/example_nested_branch_dag.py
[2025-02-08T22:12:44.585+0000] {processor.py:743} INFO - Processing file /home/airflow/.local/lib/python3.7/site-packages/airflow/example_dags/example_nested_branch_dag.py for tasks to queue
[2025-02-08T22:12:44.586+0000] {logging_mixin.py:137} INFO - [2025-02-08T22:12:44.586+0000] {dagbag.py:538} INFO - Filling up the DagBag from /home/airflow/.local/lib/python3.7/site-packages/airflow/example_dags/example_nested_branch_dag.py
[2025-02-08T22:12:44.607+0000] {processor.py:753} INFO - DAG(s) dict_keys(['example_nested_branch_dag']) retrieved from /home/airflow/.local/lib/python3.7/site-packages/airflow/example_dags/example_nested_branch_dag.py
[2025-02-08T22:12:44.630+0000] {logging_mixin.py:137} INFO - [2025-02-08T22:12:44.630+0000] {dag.py:2690} INFO - Sync 1 DAGs
[2025-02-08T22:12:44.654+0000] {logging_mixin.py:137} INFO - [2025-02-08T22:12:44.653+0000] {dag.py:3441} INFO - Setting next_dagrun for example_nested_branch_dag to 2025-02-07T00:00:00+00:00, run_after=2025-02-08T00:00:00+00:00
[2025-02-08T22:12:44.676+0000] {processor.py:175} INFO - Processing /home/airflow/.local/lib/python3.7/site-packages/airflow/example_dags/example_nested_branch_dag.py took 0.094 seconds
[2025-02-08T22:13:14.765+0000] {processor.py:153} INFO - Started process (PID=1135) to work on /home/airflow/.local/lib/python3.7/site-packages/airflow/example_dags/example_nested_branch_dag.py
[2025-02-08T22:13:14.766+0000] {processor.py:743} INFO - Processing file /home/airflow/.local/lib/python3.7/site-packages/airflow/example_dags/example_nested_branch_dag.py for tasks to queue
[2025-02-08T22:13:14.767+0000] {logging_mixin.py:137} INFO - [2025-02-08T22:13:14.767+0000] {dagbag.py:538} INFO - Filling up the DagBag from /home/airflow/.local/lib/python3.7/site-packages/airflow/example_dags/example_nested_branch_dag.py
[2025-02-08T22:13:14.798+0000] {processor.py:753} INFO - DAG(s) dict_keys(['example_nested_branch_dag']) retrieved from /home/airflow/.local/lib/python3.7/site-packages/airflow/example_dags/example_nested_branch_dag.py
[2025-02-08T22:13:14.837+0000] {logging_mixin.py:137} INFO - [2025-02-08T22:13:14.837+0000] {dag.py:2690} INFO - Sync 1 DAGs
[2025-02-08T22:13:14.879+0000] {logging_mixin.py:137} INFO - [2025-02-08T22:13:14.879+0000] {dag.py:3441} INFO - Setting next_dagrun for example_nested_branch_dag to 2025-02-07T00:00:00+00:00, run_after=2025-02-08T00:00:00+00:00
[2025-02-08T22:13:14.905+0000] {processor.py:175} INFO - Processing /home/airflow/.local/lib/python3.7/site-packages/airflow/example_dags/example_nested_branch_dag.py took 0.145 seconds
[2025-02-08T22:13:45.630+0000] {processor.py:153} INFO - Started process (PID=1222) to work on /home/airflow/.local/lib/python3.7/site-packages/airflow/example_dags/example_nested_branch_dag.py
[2025-02-08T22:13:45.631+0000] {processor.py:743} INFO - Processing file /home/airflow/.local/lib/python3.7/site-packages/airflow/example_dags/example_nested_branch_dag.py for tasks to queue
[2025-02-08T22:13:45.631+0000] {logging_mixin.py:137} INFO - [2025-02-08T22:13:45.631+0000] {dagbag.py:538} INFO - Filling up the DagBag from /home/airflow/.local/lib/python3.7/site-packages/airflow/example_dags/example_nested_branch_dag.py
[2025-02-08T22:13:45.654+0000] {processor.py:753} INFO - DAG(s) dict_keys(['example_nested_branch_dag']) retrieved from /home/airflow/.local/lib/python3.7/site-packages/airflow/example_dags/example_nested_branch_dag.py
[2025-02-08T22:13:45.678+0000] {logging_mixin.py:137} INFO - [2025-02-08T22:13:45.678+0000] {dag.py:2690} INFO - Sync 1 DAGs
[2025-02-08T22:13:45.702+0000] {logging_mixin.py:137} INFO - [2025-02-08T22:13:45.702+0000] {dag.py:3441} INFO - Setting next_dagrun for example_nested_branch_dag to 2025-02-07T00:00:00+00:00, run_after=2025-02-08T00:00:00+00:00
[2025-02-08T22:13:45.725+0000] {processor.py:175} INFO - Processing /home/airflow/.local/lib/python3.7/site-packages/airflow/example_dags/example_nested_branch_dag.py took 0.098 seconds
[2025-02-08T22:14:16.146+0000] {processor.py:153} INFO - Started process (PID=1293) to work on /home/airflow/.local/lib/python3.7/site-packages/airflow/example_dags/example_nested_branch_dag.py
[2025-02-08T22:14:16.148+0000] {processor.py:743} INFO - Processing file /home/airflow/.local/lib/python3.7/site-packages/airflow/example_dags/example_nested_branch_dag.py for tasks to queue
[2025-02-08T22:14:16.150+0000] {logging_mixin.py:137} INFO - [2025-02-08T22:14:16.149+0000] {dagbag.py:538} INFO - Filling up the DagBag from /home/airflow/.local/lib/python3.7/site-packages/airflow/example_dags/example_nested_branch_dag.py
[2025-02-08T22:14:16.181+0000] {processor.py:753} INFO - DAG(s) dict_keys(['example_nested_branch_dag']) retrieved from /home/airflow/.local/lib/python3.7/site-packages/airflow/example_dags/example_nested_branch_dag.py
[2025-02-08T22:14:16.213+0000] {logging_mixin.py:137} INFO - [2025-02-08T22:14:16.212+0000] {dag.py:2690} INFO - Sync 1 DAGs
[2025-02-08T22:14:16.243+0000] {logging_mixin.py:137} INFO - [2025-02-08T22:14:16.243+0000] {dag.py:3441} INFO - Setting next_dagrun for example_nested_branch_dag to 2025-02-07T00:00:00+00:00, run_after=2025-02-08T00:00:00+00:00
[2025-02-08T22:14:16.271+0000] {processor.py:175} INFO - Processing /home/airflow/.local/lib/python3.7/site-packages/airflow/example_dags/example_nested_branch_dag.py took 0.129 seconds
[2025-02-08T22:14:46.703+0000] {processor.py:153} INFO - Started process (PID=1364) to work on /home/airflow/.local/lib/python3.7/site-packages/airflow/example_dags/example_nested_branch_dag.py
[2025-02-08T22:14:46.705+0000] {processor.py:743} INFO - Processing file /home/airflow/.local/lib/python3.7/site-packages/airflow/example_dags/example_nested_branch_dag.py for tasks to queue
[2025-02-08T22:14:46.708+0000] {logging_mixin.py:137} INFO - [2025-02-08T22:14:46.707+0000] {dagbag.py:538} INFO - Filling up the DagBag from /home/airflow/.local/lib/python3.7/site-packages/airflow/example_dags/example_nested_branch_dag.py
[2025-02-08T22:14:46.751+0000] {processor.py:753} INFO - DAG(s) dict_keys(['example_nested_branch_dag']) retrieved from /home/airflow/.local/lib/python3.7/site-packages/airflow/example_dags/example_nested_branch_dag.py
[2025-02-08T22:14:46.784+0000] {logging_mixin.py:137} INFO - [2025-02-08T22:14:46.783+0000] {dag.py:2690} INFO - Sync 1 DAGs
[2025-02-08T22:14:46.824+0000] {logging_mixin.py:137} INFO - [2025-02-08T22:14:46.824+0000] {dag.py:3441} INFO - Setting next_dagrun for example_nested_branch_dag to 2025-02-07T00:00:00+00:00, run_after=2025-02-08T00:00:00+00:00
[2025-02-08T22:14:46.854+0000] {processor.py:175} INFO - Processing /home/airflow/.local/lib/python3.7/site-packages/airflow/example_dags/example_nested_branch_dag.py took 0.158 seconds
[2025-02-08T22:15:16.912+0000] {processor.py:153} INFO - Started process (PID=1451) to work on /home/airflow/.local/lib/python3.7/site-packages/airflow/example_dags/example_nested_branch_dag.py
[2025-02-08T22:15:16.914+0000] {processor.py:743} INFO - Processing file /home/airflow/.local/lib/python3.7/site-packages/airflow/example_dags/example_nested_branch_dag.py for tasks to queue
[2025-02-08T22:15:16.915+0000] {logging_mixin.py:137} INFO - [2025-02-08T22:15:16.915+0000] {dagbag.py:538} INFO - Filling up the DagBag from /home/airflow/.local/lib/python3.7/site-packages/airflow/example_dags/example_nested_branch_dag.py
[2025-02-08T22:15:16.958+0000] {processor.py:753} INFO - DAG(s) dict_keys(['example_nested_branch_dag']) retrieved from /home/airflow/.local/lib/python3.7/site-packages/airflow/example_dags/example_nested_branch_dag.py
[2025-02-08T22:15:17.001+0000] {logging_mixin.py:137} INFO - [2025-02-08T22:15:17.001+0000] {dag.py:2690} INFO - Sync 1 DAGs
[2025-02-08T22:15:17.039+0000] {logging_mixin.py:137} INFO - [2025-02-08T22:15:17.039+0000] {dag.py:3441} INFO - Setting next_dagrun for example_nested_branch_dag to 2025-02-07T00:00:00+00:00, run_after=2025-02-08T00:00:00+00:00
[2025-02-08T22:15:17.072+0000] {processor.py:175} INFO - Processing /home/airflow/.local/lib/python3.7/site-packages/airflow/example_dags/example_nested_branch_dag.py took 0.166 seconds
[2025-02-08T22:15:47.229+0000] {processor.py:153} INFO - Started process (PID=1522) to work on /home/airflow/.local/lib/python3.7/site-packages/airflow/example_dags/example_nested_branch_dag.py
[2025-02-08T22:15:47.231+0000] {processor.py:743} INFO - Processing file /home/airflow/.local/lib/python3.7/site-packages/airflow/example_dags/example_nested_branch_dag.py for tasks to queue
[2025-02-08T22:15:47.233+0000] {logging_mixin.py:137} INFO - [2025-02-08T22:15:47.232+0000] {dagbag.py:538} INFO - Filling up the DagBag from /home/airflow/.local/lib/python3.7/site-packages/airflow/example_dags/example_nested_branch_dag.py
[2025-02-08T22:15:47.284+0000] {processor.py:753} INFO - DAG(s) dict_keys(['example_nested_branch_dag']) retrieved from /home/airflow/.local/lib/python3.7/site-packages/airflow/example_dags/example_nested_branch_dag.py
[2025-02-08T22:15:47.330+0000] {logging_mixin.py:137} INFO - [2025-02-08T22:15:47.329+0000] {dag.py:2690} INFO - Sync 1 DAGs
[2025-02-08T22:15:47.378+0000] {logging_mixin.py:137} INFO - [2025-02-08T22:15:47.377+0000] {dag.py:3441} INFO - Setting next_dagrun for example_nested_branch_dag to 2025-02-07T00:00:00+00:00, run_after=2025-02-08T00:00:00+00:00
[2025-02-08T22:15:47.463+0000] {processor.py:175} INFO - Processing /home/airflow/.local/lib/python3.7/site-packages/airflow/example_dags/example_nested_branch_dag.py took 0.244 seconds
[2025-02-08T22:16:17.715+0000] {processor.py:153} INFO - Started process (PID=1600) to work on /home/airflow/.local/lib/python3.7/site-packages/airflow/example_dags/example_nested_branch_dag.py
[2025-02-08T22:16:17.717+0000] {processor.py:743} INFO - Processing file /home/airflow/.local/lib/python3.7/site-packages/airflow/example_dags/example_nested_branch_dag.py for tasks to queue
[2025-02-08T22:16:17.718+0000] {logging_mixin.py:137} INFO - [2025-02-08T22:16:17.718+0000] {dagbag.py:538} INFO - Filling up the DagBag from /home/airflow/.local/lib/python3.7/site-packages/airflow/example_dags/example_nested_branch_dag.py
[2025-02-08T22:16:17.748+0000] {processor.py:753} INFO - DAG(s) dict_keys(['example_nested_branch_dag']) retrieved from /home/airflow/.local/lib/python3.7/site-packages/airflow/example_dags/example_nested_branch_dag.py
[2025-02-08T22:16:17.773+0000] {logging_mixin.py:137} INFO - [2025-02-08T22:16:17.773+0000] {dag.py:2690} INFO - Sync 1 DAGs
[2025-02-08T22:16:17.799+0000] {logging_mixin.py:137} INFO - [2025-02-08T22:16:17.799+0000] {dag.py:3441} INFO - Setting next_dagrun for example_nested_branch_dag to 2025-02-07T00:00:00+00:00, run_after=2025-02-08T00:00:00+00:00
[2025-02-08T22:16:17.823+0000] {processor.py:175} INFO - Processing /home/airflow/.local/lib/python3.7/site-packages/airflow/example_dags/example_nested_branch_dag.py took 0.112 seconds
[2025-02-08T22:16:48.133+0000] {processor.py:153} INFO - Started process (PID=1680) to work on /home/airflow/.local/lib/python3.7/site-packages/airflow/example_dags/example_nested_branch_dag.py
[2025-02-08T22:16:48.134+0000] {processor.py:743} INFO - Processing file /home/airflow/.local/lib/python3.7/site-packages/airflow/example_dags/example_nested_branch_dag.py for tasks to queue
[2025-02-08T22:16:48.139+0000] {logging_mixin.py:137} INFO - [2025-02-08T22:16:48.139+0000] {dagbag.py:538} INFO - Filling up the DagBag from /home/airflow/.local/lib/python3.7/site-packages/airflow/example_dags/example_nested_branch_dag.py
[2025-02-08T22:16:48.182+0000] {processor.py:753} INFO - DAG(s) dict_keys(['example_nested_branch_dag']) retrieved from /home/airflow/.local/lib/python3.7/site-packages/airflow/example_dags/example_nested_branch_dag.py
[2025-02-08T22:16:48.219+0000] {logging_mixin.py:137} INFO - [2025-02-08T22:16:48.219+0000] {dag.py:2690} INFO - Sync 1 DAGs
[2025-02-08T22:16:48.252+0000] {logging_mixin.py:137} INFO - [2025-02-08T22:16:48.252+0000] {dag.py:3441} INFO - Setting next_dagrun for example_nested_branch_dag to 2025-02-07T00:00:00+00:00, run_after=2025-02-08T00:00:00+00:00
[2025-02-08T22:16:48.276+0000] {processor.py:175} INFO - Processing /home/airflow/.local/lib/python3.7/site-packages/airflow/example_dags/example_nested_branch_dag.py took 0.148 seconds
[2025-02-08T22:17:18.940+0000] {processor.py:153} INFO - Started process (PID=1751) to work on /home/airflow/.local/lib/python3.7/site-packages/airflow/example_dags/example_nested_branch_dag.py
[2025-02-08T22:17:18.941+0000] {processor.py:743} INFO - Processing file /home/airflow/.local/lib/python3.7/site-packages/airflow/example_dags/example_nested_branch_dag.py for tasks to queue
[2025-02-08T22:17:18.942+0000] {logging_mixin.py:137} INFO - [2025-02-08T22:17:18.942+0000] {dagbag.py:538} INFO - Filling up the DagBag from /home/airflow/.local/lib/python3.7/site-packages/airflow/example_dags/example_nested_branch_dag.py
[2025-02-08T22:17:18.967+0000] {processor.py:753} INFO - DAG(s) dict_keys(['example_nested_branch_dag']) retrieved from /home/airflow/.local/lib/python3.7/site-packages/airflow/example_dags/example_nested_branch_dag.py
[2025-02-08T22:17:18.991+0000] {logging_mixin.py:137} INFO - [2025-02-08T22:17:18.991+0000] {dag.py:2690} INFO - Sync 1 DAGs
[2025-02-08T22:17:19.013+0000] {logging_mixin.py:137} INFO - [2025-02-08T22:17:19.013+0000] {dag.py:3441} INFO - Setting next_dagrun for example_nested_branch_dag to 2025-02-07T00:00:00+00:00, run_after=2025-02-08T00:00:00+00:00
[2025-02-08T22:17:19.034+0000] {processor.py:175} INFO - Processing /home/airflow/.local/lib/python3.7/site-packages/airflow/example_dags/example_nested_branch_dag.py took 0.097 seconds
[2025-02-08T22:17:49.217+0000] {processor.py:153} INFO - Started process (PID=1838) to work on /home/airflow/.local/lib/python3.7/site-packages/airflow/example_dags/example_nested_branch_dag.py
[2025-02-08T22:17:49.218+0000] {processor.py:743} INFO - Processing file /home/airflow/.local/lib/python3.7/site-packages/airflow/example_dags/example_nested_branch_dag.py for tasks to queue
[2025-02-08T22:17:49.219+0000] {logging_mixin.py:137} INFO - [2025-02-08T22:17:49.219+0000] {dagbag.py:538} INFO - Filling up the DagBag from /home/airflow/.local/lib/python3.7/site-packages/airflow/example_dags/example_nested_branch_dag.py
[2025-02-08T22:17:49.249+0000] {processor.py:753} INFO - DAG(s) dict_keys(['example_nested_branch_dag']) retrieved from /home/airflow/.local/lib/python3.7/site-packages/airflow/example_dags/example_nested_branch_dag.py
[2025-02-08T22:17:49.279+0000] {logging_mixin.py:137} INFO - [2025-02-08T22:17:49.279+0000] {dag.py:2690} INFO - Sync 1 DAGs
[2025-02-08T22:17:49.309+0000] {logging_mixin.py:137} INFO - [2025-02-08T22:17:49.309+0000] {dag.py:3441} INFO - Setting next_dagrun for example_nested_branch_dag to 2025-02-07T00:00:00+00:00, run_after=2025-02-08T00:00:00+00:00
[2025-02-08T22:17:49.336+0000] {processor.py:175} INFO - Processing /home/airflow/.local/lib/python3.7/site-packages/airflow/example_dags/example_nested_branch_dag.py took 0.123 seconds
[2025-02-08T22:18:19.737+0000] {processor.py:153} INFO - Started process (PID=1909) to work on /home/airflow/.local/lib/python3.7/site-packages/airflow/example_dags/example_nested_branch_dag.py
[2025-02-08T22:18:19.738+0000] {processor.py:743} INFO - Processing file /home/airflow/.local/lib/python3.7/site-packages/airflow/example_dags/example_nested_branch_dag.py for tasks to queue
[2025-02-08T22:18:19.739+0000] {logging_mixin.py:137} INFO - [2025-02-08T22:18:19.739+0000] {dagbag.py:538} INFO - Filling up the DagBag from /home/airflow/.local/lib/python3.7/site-packages/airflow/example_dags/example_nested_branch_dag.py
[2025-02-08T22:18:19.762+0000] {processor.py:753} INFO - DAG(s) dict_keys(['example_nested_branch_dag']) retrieved from /home/airflow/.local/lib/python3.7/site-packages/airflow/example_dags/example_nested_branch_dag.py
[2025-02-08T22:18:19.786+0000] {logging_mixin.py:137} INFO - [2025-02-08T22:18:19.785+0000] {dag.py:2690} INFO - Sync 1 DAGs
[2025-02-08T22:18:19.810+0000] {logging_mixin.py:137} INFO - [2025-02-08T22:18:19.809+0000] {dag.py:3441} INFO - Setting next_dagrun for example_nested_branch_dag to 2025-02-07T00:00:00+00:00, run_after=2025-02-08T00:00:00+00:00
[2025-02-08T22:18:19.833+0000] {processor.py:175} INFO - Processing /home/airflow/.local/lib/python3.7/site-packages/airflow/example_dags/example_nested_branch_dag.py took 0.099 seconds
[2025-02-08T22:18:50.681+0000] {processor.py:153} INFO - Started process (PID=1996) to work on /home/airflow/.local/lib/python3.7/site-packages/airflow/example_dags/example_nested_branch_dag.py
[2025-02-08T22:18:50.682+0000] {processor.py:743} INFO - Processing file /home/airflow/.local/lib/python3.7/site-packages/airflow/example_dags/example_nested_branch_dag.py for tasks to queue
[2025-02-08T22:18:50.683+0000] {logging_mixin.py:137} INFO - [2025-02-08T22:18:50.683+0000] {dagbag.py:538} INFO - Filling up the DagBag from /home/airflow/.local/lib/python3.7/site-packages/airflow/example_dags/example_nested_branch_dag.py
[2025-02-08T22:18:50.703+0000] {processor.py:753} INFO - DAG(s) dict_keys(['example_nested_branch_dag']) retrieved from /home/airflow/.local/lib/python3.7/site-packages/airflow/example_dags/example_nested_branch_dag.py
[2025-02-08T22:18:50.726+0000] {logging_mixin.py:137} INFO - [2025-02-08T22:18:50.726+0000] {dag.py:2690} INFO - Sync 1 DAGs
[2025-02-08T22:18:50.749+0000] {logging_mixin.py:137} INFO - [2025-02-08T22:18:50.749+0000] {dag.py:3441} INFO - Setting next_dagrun for example_nested_branch_dag to 2025-02-07T00:00:00+00:00, run_after=2025-02-08T00:00:00+00:00
[2025-02-08T22:18:50.770+0000] {processor.py:175} INFO - Processing /home/airflow/.local/lib/python3.7/site-packages/airflow/example_dags/example_nested_branch_dag.py took 0.094 seconds
[2025-02-08T22:19:21.265+0000] {processor.py:153} INFO - Started process (PID=2067) to work on /home/airflow/.local/lib/python3.7/site-packages/airflow/example_dags/example_nested_branch_dag.py
[2025-02-08T22:19:21.267+0000] {processor.py:743} INFO - Processing file /home/airflow/.local/lib/python3.7/site-packages/airflow/example_dags/example_nested_branch_dag.py for tasks to queue
[2025-02-08T22:19:21.269+0000] {logging_mixin.py:137} INFO - [2025-02-08T22:19:21.269+0000] {dagbag.py:538} INFO - Filling up the DagBag from /home/airflow/.local/lib/python3.7/site-packages/airflow/example_dags/example_nested_branch_dag.py
[2025-02-08T22:19:21.356+0000] {processor.py:753} INFO - DAG(s) dict_keys(['example_nested_branch_dag']) retrieved from /home/airflow/.local/lib/python3.7/site-packages/airflow/example_dags/example_nested_branch_dag.py
[2025-02-08T22:19:21.410+0000] {logging_mixin.py:137} INFO - [2025-02-08T22:19:21.410+0000] {dag.py:2690} INFO - Sync 1 DAGs
[2025-02-08T22:19:21.460+0000] {logging_mixin.py:137} INFO - [2025-02-08T22:19:21.460+0000] {dag.py:3441} INFO - Setting next_dagrun for example_nested_branch_dag to 2025-02-07T00:00:00+00:00, run_after=2025-02-08T00:00:00+00:00
[2025-02-08T22:19:21.501+0000] {processor.py:175} INFO - Processing /home/airflow/.local/lib/python3.7/site-packages/airflow/example_dags/example_nested_branch_dag.py took 0.243 seconds
[2025-02-08T22:19:51.573+0000] {processor.py:153} INFO - Started process (PID=2153) to work on /home/airflow/.local/lib/python3.7/site-packages/airflow/example_dags/example_nested_branch_dag.py
[2025-02-08T22:19:51.574+0000] {processor.py:743} INFO - Processing file /home/airflow/.local/lib/python3.7/site-packages/airflow/example_dags/example_nested_branch_dag.py for tasks to queue
[2025-02-08T22:19:51.575+0000] {logging_mixin.py:137} INFO - [2025-02-08T22:19:51.575+0000] {dagbag.py:538} INFO - Filling up the DagBag from /home/airflow/.local/lib/python3.7/site-packages/airflow/example_dags/example_nested_branch_dag.py
[2025-02-08T22:19:51.598+0000] {processor.py:753} INFO - DAG(s) dict_keys(['example_nested_branch_dag']) retrieved from /home/airflow/.local/lib/python3.7/site-packages/airflow/example_dags/example_nested_branch_dag.py
[2025-02-08T22:19:51.623+0000] {logging_mixin.py:137} INFO - [2025-02-08T22:19:51.622+0000] {dag.py:2690} INFO - Sync 1 DAGs
[2025-02-08T22:19:51.649+0000] {logging_mixin.py:137} INFO - [2025-02-08T22:19:51.649+0000] {dag.py:3441} INFO - Setting next_dagrun for example_nested_branch_dag to 2025-02-07T00:00:00+00:00, run_after=2025-02-08T00:00:00+00:00
[2025-02-08T22:19:51.673+0000] {processor.py:175} INFO - Processing /home/airflow/.local/lib/python3.7/site-packages/airflow/example_dags/example_nested_branch_dag.py took 0.104 seconds
[2025-02-08T22:20:22.543+0000] {processor.py:153} INFO - Started process (PID=2224) to work on /home/airflow/.local/lib/python3.7/site-packages/airflow/example_dags/example_nested_branch_dag.py
[2025-02-08T22:20:22.545+0000] {processor.py:743} INFO - Processing file /home/airflow/.local/lib/python3.7/site-packages/airflow/example_dags/example_nested_branch_dag.py for tasks to queue
[2025-02-08T22:20:22.546+0000] {logging_mixin.py:137} INFO - [2025-02-08T22:20:22.546+0000] {dagbag.py:538} INFO - Filling up the DagBag from /home/airflow/.local/lib/python3.7/site-packages/airflow/example_dags/example_nested_branch_dag.py
[2025-02-08T22:20:22.579+0000] {processor.py:753} INFO - DAG(s) dict_keys(['example_nested_branch_dag']) retrieved from /home/airflow/.local/lib/python3.7/site-packages/airflow/example_dags/example_nested_branch_dag.py
[2025-02-08T22:20:22.607+0000] {logging_mixin.py:137} INFO - [2025-02-08T22:20:22.607+0000] {dag.py:2690} INFO - Sync 1 DAGs
[2025-02-08T22:20:22.636+0000] {logging_mixin.py:137} INFO - [2025-02-08T22:20:22.636+0000] {dag.py:3441} INFO - Setting next_dagrun for example_nested_branch_dag to 2025-02-07T00:00:00+00:00, run_after=2025-02-08T00:00:00+00:00
[2025-02-08T22:20:22.662+0000] {processor.py:175} INFO - Processing /home/airflow/.local/lib/python3.7/site-packages/airflow/example_dags/example_nested_branch_dag.py took 0.122 seconds
[2025-02-08T22:20:52.926+0000] {processor.py:153} INFO - Started process (PID=2310) to work on /home/airflow/.local/lib/python3.7/site-packages/airflow/example_dags/example_nested_branch_dag.py
[2025-02-08T22:20:52.927+0000] {processor.py:743} INFO - Processing file /home/airflow/.local/lib/python3.7/site-packages/airflow/example_dags/example_nested_branch_dag.py for tasks to queue
[2025-02-08T22:20:52.928+0000] {logging_mixin.py:137} INFO - [2025-02-08T22:20:52.928+0000] {dagbag.py:538} INFO - Filling up the DagBag from /home/airflow/.local/lib/python3.7/site-packages/airflow/example_dags/example_nested_branch_dag.py
[2025-02-08T22:20:52.960+0000] {processor.py:753} INFO - DAG(s) dict_keys(['example_nested_branch_dag']) retrieved from /home/airflow/.local/lib/python3.7/site-packages/airflow/example_dags/example_nested_branch_dag.py
[2025-02-08T22:20:52.993+0000] {logging_mixin.py:137} INFO - [2025-02-08T22:20:52.992+0000] {dag.py:2690} INFO - Sync 1 DAGs
[2025-02-08T22:20:53.026+0000] {logging_mixin.py:137} INFO - [2025-02-08T22:20:53.026+0000] {dag.py:3441} INFO - Setting next_dagrun for example_nested_branch_dag to 2025-02-07T00:00:00+00:00, run_after=2025-02-08T00:00:00+00:00
[2025-02-08T22:20:53.055+0000] {processor.py:175} INFO - Processing /home/airflow/.local/lib/python3.7/site-packages/airflow/example_dags/example_nested_branch_dag.py took 0.133 seconds
[2025-02-08T22:21:23.343+0000] {processor.py:153} INFO - Started process (PID=2381) to work on /home/airflow/.local/lib/python3.7/site-packages/airflow/example_dags/example_nested_branch_dag.py
[2025-02-08T22:21:23.345+0000] {processor.py:743} INFO - Processing file /home/airflow/.local/lib/python3.7/site-packages/airflow/example_dags/example_nested_branch_dag.py for tasks to queue
[2025-02-08T22:21:23.346+0000] {logging_mixin.py:137} INFO - [2025-02-08T22:21:23.346+0000] {dagbag.py:538} INFO - Filling up the DagBag from /home/airflow/.local/lib/python3.7/site-packages/airflow/example_dags/example_nested_branch_dag.py
[2025-02-08T22:21:23.381+0000] {processor.py:753} INFO - DAG(s) dict_keys(['example_nested_branch_dag']) retrieved from /home/airflow/.local/lib/python3.7/site-packages/airflow/example_dags/example_nested_branch_dag.py
[2025-02-08T22:21:23.414+0000] {logging_mixin.py:137} INFO - [2025-02-08T22:21:23.413+0000] {dag.py:2690} INFO - Sync 1 DAGs
[2025-02-08T22:21:23.446+0000] {logging_mixin.py:137} INFO - [2025-02-08T22:21:23.446+0000] {dag.py:3441} INFO - Setting next_dagrun for example_nested_branch_dag to 2025-02-07T00:00:00+00:00, run_after=2025-02-08T00:00:00+00:00
[2025-02-08T22:21:23.476+0000] {processor.py:175} INFO - Processing /home/airflow/.local/lib/python3.7/site-packages/airflow/example_dags/example_nested_branch_dag.py took 0.138 seconds
[2025-02-08T22:21:53.836+0000] {processor.py:153} INFO - Started process (PID=2452) to work on /home/airflow/.local/lib/python3.7/site-packages/airflow/example_dags/example_nested_branch_dag.py
[2025-02-08T22:21:53.837+0000] {processor.py:743} INFO - Processing file /home/airflow/.local/lib/python3.7/site-packages/airflow/example_dags/example_nested_branch_dag.py for tasks to queue
[2025-02-08T22:21:53.838+0000] {logging_mixin.py:137} INFO - [2025-02-08T22:21:53.838+0000] {dagbag.py:538} INFO - Filling up the DagBag from /home/airflow/.local/lib/python3.7/site-packages/airflow/example_dags/example_nested_branch_dag.py
[2025-02-08T22:21:53.867+0000] {processor.py:753} INFO - DAG(s) dict_keys(['example_nested_branch_dag']) retrieved from /home/airflow/.local/lib/python3.7/site-packages/airflow/example_dags/example_nested_branch_dag.py
[2025-02-08T22:21:53.893+0000] {logging_mixin.py:137} INFO - [2025-02-08T22:21:53.893+0000] {dag.py:2690} INFO - Sync 1 DAGs
[2025-02-08T22:21:53.923+0000] {logging_mixin.py:137} INFO - [2025-02-08T22:21:53.923+0000] {dag.py:3441} INFO - Setting next_dagrun for example_nested_branch_dag to 2025-02-07T00:00:00+00:00, run_after=2025-02-08T00:00:00+00:00
[2025-02-08T22:21:53.948+0000] {processor.py:175} INFO - Processing /home/airflow/.local/lib/python3.7/site-packages/airflow/example_dags/example_nested_branch_dag.py took 0.116 seconds
[2025-02-08T22:22:24.448+0000] {processor.py:153} INFO - Started process (PID=2539) to work on /home/airflow/.local/lib/python3.7/site-packages/airflow/example_dags/example_nested_branch_dag.py
[2025-02-08T22:22:24.451+0000] {processor.py:743} INFO - Processing file /home/airflow/.local/lib/python3.7/site-packages/airflow/example_dags/example_nested_branch_dag.py for tasks to queue
[2025-02-08T22:22:24.453+0000] {logging_mixin.py:137} INFO - [2025-02-08T22:22:24.453+0000] {dagbag.py:538} INFO - Filling up the DagBag from /home/airflow/.local/lib/python3.7/site-packages/airflow/example_dags/example_nested_branch_dag.py
[2025-02-08T22:22:24.491+0000] {processor.py:753} INFO - DAG(s) dict_keys(['example_nested_branch_dag']) retrieved from /home/airflow/.local/lib/python3.7/site-packages/airflow/example_dags/example_nested_branch_dag.py
[2025-02-08T22:22:24.527+0000] {logging_mixin.py:137} INFO - [2025-02-08T22:22:24.527+0000] {dag.py:2690} INFO - Sync 1 DAGs
[2025-02-08T22:22:24.567+0000] {logging_mixin.py:137} INFO - [2025-02-08T22:22:24.566+0000] {dag.py:3441} INFO - Setting next_dagrun for example_nested_branch_dag to 2025-02-07T00:00:00+00:00, run_after=2025-02-08T00:00:00+00:00
[2025-02-08T22:22:24.594+0000] {processor.py:175} INFO - Processing /home/airflow/.local/lib/python3.7/site-packages/airflow/example_dags/example_nested_branch_dag.py took 0.152 seconds
[2025-02-08T22:22:55.211+0000] {processor.py:153} INFO - Started process (PID=2610) to work on /home/airflow/.local/lib/python3.7/site-packages/airflow/example_dags/example_nested_branch_dag.py
[2025-02-08T22:22:55.212+0000] {processor.py:743} INFO - Processing file /home/airflow/.local/lib/python3.7/site-packages/airflow/example_dags/example_nested_branch_dag.py for tasks to queue
[2025-02-08T22:22:55.214+0000] {logging_mixin.py:137} INFO - [2025-02-08T22:22:55.213+0000] {dagbag.py:538} INFO - Filling up the DagBag from /home/airflow/.local/lib/python3.7/site-packages/airflow/example_dags/example_nested_branch_dag.py
[2025-02-08T22:22:55.239+0000] {processor.py:753} INFO - DAG(s) dict_keys(['example_nested_branch_dag']) retrieved from /home/airflow/.local/lib/python3.7/site-packages/airflow/example_dags/example_nested_branch_dag.py
[2025-02-08T22:22:55.269+0000] {logging_mixin.py:137} INFO - [2025-02-08T22:22:55.268+0000] {dag.py:2690} INFO - Sync 1 DAGs
[2025-02-08T22:22:55.295+0000] {logging_mixin.py:137} INFO - [2025-02-08T22:22:55.295+0000] {dag.py:3441} INFO - Setting next_dagrun for example_nested_branch_dag to 2025-02-07T00:00:00+00:00, run_after=2025-02-08T00:00:00+00:00
[2025-02-08T22:22:55.319+0000] {processor.py:175} INFO - Processing /home/airflow/.local/lib/python3.7/site-packages/airflow/example_dags/example_nested_branch_dag.py took 0.112 seconds
[2025-02-08T22:23:26.126+0000] {processor.py:153} INFO - Started process (PID=2697) to work on /home/airflow/.local/lib/python3.7/site-packages/airflow/example_dags/example_nested_branch_dag.py
[2025-02-08T22:23:26.127+0000] {processor.py:743} INFO - Processing file /home/airflow/.local/lib/python3.7/site-packages/airflow/example_dags/example_nested_branch_dag.py for tasks to queue
[2025-02-08T22:23:26.128+0000] {logging_mixin.py:137} INFO - [2025-02-08T22:23:26.128+0000] {dagbag.py:538} INFO - Filling up the DagBag from /home/airflow/.local/lib/python3.7/site-packages/airflow/example_dags/example_nested_branch_dag.py
[2025-02-08T22:23:26.157+0000] {processor.py:753} INFO - DAG(s) dict_keys(['example_nested_branch_dag']) retrieved from /home/airflow/.local/lib/python3.7/site-packages/airflow/example_dags/example_nested_branch_dag.py
[2025-02-08T22:23:26.184+0000] {logging_mixin.py:137} INFO - [2025-02-08T22:23:26.184+0000] {dag.py:2690} INFO - Sync 1 DAGs
[2025-02-08T22:23:26.216+0000] {logging_mixin.py:137} INFO - [2025-02-08T22:23:26.216+0000] {dag.py:3441} INFO - Setting next_dagrun for example_nested_branch_dag to 2025-02-07T00:00:00+00:00, run_after=2025-02-08T00:00:00+00:00
[2025-02-08T22:23:26.242+0000] {processor.py:175} INFO - Processing /home/airflow/.local/lib/python3.7/site-packages/airflow/example_dags/example_nested_branch_dag.py took 0.119 seconds
[2025-02-08T22:23:56.726+0000] {processor.py:153} INFO - Started process (PID=2768) to work on /home/airflow/.local/lib/python3.7/site-packages/airflow/example_dags/example_nested_branch_dag.py
[2025-02-08T22:23:56.728+0000] {processor.py:743} INFO - Processing file /home/airflow/.local/lib/python3.7/site-packages/airflow/example_dags/example_nested_branch_dag.py for tasks to queue
[2025-02-08T22:23:56.729+0000] {logging_mixin.py:137} INFO - [2025-02-08T22:23:56.728+0000] {dagbag.py:538} INFO - Filling up the DagBag from /home/airflow/.local/lib/python3.7/site-packages/airflow/example_dags/example_nested_branch_dag.py
[2025-02-08T22:23:56.771+0000] {processor.py:753} INFO - DAG(s) dict_keys(['example_nested_branch_dag']) retrieved from /home/airflow/.local/lib/python3.7/site-packages/airflow/example_dags/example_nested_branch_dag.py
[2025-02-08T22:23:56.808+0000] {logging_mixin.py:137} INFO - [2025-02-08T22:23:56.808+0000] {dag.py:2690} INFO - Sync 1 DAGs
[2025-02-08T22:23:56.852+0000] {logging_mixin.py:137} INFO - [2025-02-08T22:23:56.851+0000] {dag.py:3441} INFO - Setting next_dagrun for example_nested_branch_dag to 2025-02-07T00:00:00+00:00, run_after=2025-02-08T00:00:00+00:00
[2025-02-08T22:23:56.901+0000] {processor.py:175} INFO - Processing /home/airflow/.local/lib/python3.7/site-packages/airflow/example_dags/example_nested_branch_dag.py took 0.180 seconds
[2025-02-08T22:24:27.721+0000] {processor.py:153} INFO - Started process (PID=2839) to work on /home/airflow/.local/lib/python3.7/site-packages/airflow/example_dags/example_nested_branch_dag.py
[2025-02-08T22:24:27.724+0000] {processor.py:743} INFO - Processing file /home/airflow/.local/lib/python3.7/site-packages/airflow/example_dags/example_nested_branch_dag.py for tasks to queue
[2025-02-08T22:24:27.726+0000] {logging_mixin.py:137} INFO - [2025-02-08T22:24:27.726+0000] {dagbag.py:538} INFO - Filling up the DagBag from /home/airflow/.local/lib/python3.7/site-packages/airflow/example_dags/example_nested_branch_dag.py
[2025-02-08T22:24:27.821+0000] {processor.py:753} INFO - DAG(s) dict_keys(['example_nested_branch_dag']) retrieved from /home/airflow/.local/lib/python3.7/site-packages/airflow/example_dags/example_nested_branch_dag.py
[2025-02-08T22:24:27.879+0000] {logging_mixin.py:137} INFO - [2025-02-08T22:24:27.878+0000] {dag.py:2690} INFO - Sync 1 DAGs
[2025-02-08T22:24:27.949+0000] {logging_mixin.py:137} INFO - [2025-02-08T22:24:27.948+0000] {dag.py:3441} INFO - Setting next_dagrun for example_nested_branch_dag to 2025-02-07T00:00:00+00:00, run_after=2025-02-08T00:00:00+00:00
[2025-02-08T22:24:27.980+0000] {processor.py:175} INFO - Processing /home/airflow/.local/lib/python3.7/site-packages/airflow/example_dags/example_nested_branch_dag.py took 0.270 seconds
[2025-02-08T22:24:58.329+0000] {processor.py:153} INFO - Started process (PID=2926) to work on /home/airflow/.local/lib/python3.7/site-packages/airflow/example_dags/example_nested_branch_dag.py
[2025-02-08T22:24:58.331+0000] {processor.py:743} INFO - Processing file /home/airflow/.local/lib/python3.7/site-packages/airflow/example_dags/example_nested_branch_dag.py for tasks to queue
[2025-02-08T22:24:58.333+0000] {logging_mixin.py:137} INFO - [2025-02-08T22:24:58.332+0000] {dagbag.py:538} INFO - Filling up the DagBag from /home/airflow/.local/lib/python3.7/site-packages/airflow/example_dags/example_nested_branch_dag.py
[2025-02-08T22:24:58.386+0000] {processor.py:753} INFO - DAG(s) dict_keys(['example_nested_branch_dag']) retrieved from /home/airflow/.local/lib/python3.7/site-packages/airflow/example_dags/example_nested_branch_dag.py
[2025-02-08T22:24:58.423+0000] {logging_mixin.py:137} INFO - [2025-02-08T22:24:58.423+0000] {dag.py:2690} INFO - Sync 1 DAGs
[2025-02-08T22:24:58.467+0000] {logging_mixin.py:137} INFO - [2025-02-08T22:24:58.467+0000] {dag.py:3441} INFO - Setting next_dagrun for example_nested_branch_dag to 2025-02-07T00:00:00+00:00, run_after=2025-02-08T00:00:00+00:00
[2025-02-08T22:24:58.499+0000] {processor.py:175} INFO - Processing /home/airflow/.local/lib/python3.7/site-packages/airflow/example_dags/example_nested_branch_dag.py took 0.178 seconds
[2025-02-08T22:25:28.742+0000] {processor.py:153} INFO - Started process (PID=2997) to work on /home/airflow/.local/lib/python3.7/site-packages/airflow/example_dags/example_nested_branch_dag.py
[2025-02-08T22:25:28.744+0000] {processor.py:743} INFO - Processing file /home/airflow/.local/lib/python3.7/site-packages/airflow/example_dags/example_nested_branch_dag.py for tasks to queue
[2025-02-08T22:25:28.746+0000] {logging_mixin.py:137} INFO - [2025-02-08T22:25:28.746+0000] {dagbag.py:538} INFO - Filling up the DagBag from /home/airflow/.local/lib/python3.7/site-packages/airflow/example_dags/example_nested_branch_dag.py
[2025-02-08T22:25:28.804+0000] {processor.py:753} INFO - DAG(s) dict_keys(['example_nested_branch_dag']) retrieved from /home/airflow/.local/lib/python3.7/site-packages/airflow/example_dags/example_nested_branch_dag.py
[2025-02-08T22:25:28.855+0000] {logging_mixin.py:137} INFO - [2025-02-08T22:25:28.855+0000] {dag.py:2690} INFO - Sync 1 DAGs
[2025-02-08T22:25:28.904+0000] {logging_mixin.py:137} INFO - [2025-02-08T22:25:28.904+0000] {dag.py:3441} INFO - Setting next_dagrun for example_nested_branch_dag to 2025-02-07T00:00:00+00:00, run_after=2025-02-08T00:00:00+00:00
[2025-02-08T22:25:28.940+0000] {processor.py:175} INFO - Processing /home/airflow/.local/lib/python3.7/site-packages/airflow/example_dags/example_nested_branch_dag.py took 0.205 seconds
[2025-02-08T22:25:59.254+0000] {processor.py:153} INFO - Started process (PID=3068) to work on /home/airflow/.local/lib/python3.7/site-packages/airflow/example_dags/example_nested_branch_dag.py
[2025-02-08T22:25:59.256+0000] {processor.py:743} INFO - Processing file /home/airflow/.local/lib/python3.7/site-packages/airflow/example_dags/example_nested_branch_dag.py for tasks to queue
[2025-02-08T22:25:59.258+0000] {logging_mixin.py:137} INFO - [2025-02-08T22:25:59.257+0000] {dagbag.py:538} INFO - Filling up the DagBag from /home/airflow/.local/lib/python3.7/site-packages/airflow/example_dags/example_nested_branch_dag.py
[2025-02-08T22:25:59.284+0000] {processor.py:753} INFO - DAG(s) dict_keys(['example_nested_branch_dag']) retrieved from /home/airflow/.local/lib/python3.7/site-packages/airflow/example_dags/example_nested_branch_dag.py
[2025-02-08T22:25:59.310+0000] {logging_mixin.py:137} INFO - [2025-02-08T22:25:59.310+0000] {dag.py:2690} INFO - Sync 1 DAGs
[2025-02-08T22:25:59.336+0000] {logging_mixin.py:137} INFO - [2025-02-08T22:25:59.335+0000] {dag.py:3441} INFO - Setting next_dagrun for example_nested_branch_dag to 2025-02-07T00:00:00+00:00, run_after=2025-02-08T00:00:00+00:00
[2025-02-08T22:25:59.358+0000] {processor.py:175} INFO - Processing /home/airflow/.local/lib/python3.7/site-packages/airflow/example_dags/example_nested_branch_dag.py took 0.107 seconds
[2025-02-08T22:26:30.125+0000] {processor.py:153} INFO - Started process (PID=3156) to work on /home/airflow/.local/lib/python3.7/site-packages/airflow/example_dags/example_nested_branch_dag.py
[2025-02-08T22:26:30.126+0000] {processor.py:743} INFO - Processing file /home/airflow/.local/lib/python3.7/site-packages/airflow/example_dags/example_nested_branch_dag.py for tasks to queue
[2025-02-08T22:26:30.127+0000] {logging_mixin.py:137} INFO - [2025-02-08T22:26:30.127+0000] {dagbag.py:538} INFO - Filling up the DagBag from /home/airflow/.local/lib/python3.7/site-packages/airflow/example_dags/example_nested_branch_dag.py
[2025-02-08T22:26:30.152+0000] {processor.py:753} INFO - DAG(s) dict_keys(['example_nested_branch_dag']) retrieved from /home/airflow/.local/lib/python3.7/site-packages/airflow/example_dags/example_nested_branch_dag.py
[2025-02-08T22:26:30.176+0000] {logging_mixin.py:137} INFO - [2025-02-08T22:26:30.176+0000] {dag.py:2690} INFO - Sync 1 DAGs
[2025-02-08T22:26:30.201+0000] {logging_mixin.py:137} INFO - [2025-02-08T22:26:30.201+0000] {dag.py:3441} INFO - Setting next_dagrun for example_nested_branch_dag to 2025-02-07T00:00:00+00:00, run_after=2025-02-08T00:00:00+00:00
[2025-02-08T22:26:30.224+0000] {processor.py:175} INFO - Processing /home/airflow/.local/lib/python3.7/site-packages/airflow/example_dags/example_nested_branch_dag.py took 0.102 seconds
[2025-02-08T22:27:00.977+0000] {processor.py:153} INFO - Started process (PID=3228) to work on /home/airflow/.local/lib/python3.7/site-packages/airflow/example_dags/example_nested_branch_dag.py
[2025-02-08T22:27:00.978+0000] {processor.py:743} INFO - Processing file /home/airflow/.local/lib/python3.7/site-packages/airflow/example_dags/example_nested_branch_dag.py for tasks to queue
[2025-02-08T22:27:00.980+0000] {logging_mixin.py:137} INFO - [2025-02-08T22:27:00.979+0000] {dagbag.py:538} INFO - Filling up the DagBag from /home/airflow/.local/lib/python3.7/site-packages/airflow/example_dags/example_nested_branch_dag.py
[2025-02-08T22:27:01.013+0000] {processor.py:753} INFO - DAG(s) dict_keys(['example_nested_branch_dag']) retrieved from /home/airflow/.local/lib/python3.7/site-packages/airflow/example_dags/example_nested_branch_dag.py
[2025-02-08T22:27:01.051+0000] {logging_mixin.py:137} INFO - [2025-02-08T22:27:01.051+0000] {dag.py:2690} INFO - Sync 1 DAGs
[2025-02-08T22:27:01.089+0000] {logging_mixin.py:137} INFO - [2025-02-08T22:27:01.089+0000] {dag.py:3441} INFO - Setting next_dagrun for example_nested_branch_dag to 2025-02-07T00:00:00+00:00, run_after=2025-02-08T00:00:00+00:00
[2025-02-08T22:27:01.116+0000] {processor.py:175} INFO - Processing /home/airflow/.local/lib/python3.7/site-packages/airflow/example_dags/example_nested_branch_dag.py took 0.144 seconds
[2025-02-08T22:27:31.927+0000] {processor.py:153} INFO - Started process (PID=3316) to work on /home/airflow/.local/lib/python3.7/site-packages/airflow/example_dags/example_nested_branch_dag.py
[2025-02-08T22:27:31.929+0000] {processor.py:743} INFO - Processing file /home/airflow/.local/lib/python3.7/site-packages/airflow/example_dags/example_nested_branch_dag.py for tasks to queue
[2025-02-08T22:27:31.931+0000] {logging_mixin.py:137} INFO - [2025-02-08T22:27:31.931+0000] {dagbag.py:538} INFO - Filling up the DagBag from /home/airflow/.local/lib/python3.7/site-packages/airflow/example_dags/example_nested_branch_dag.py
[2025-02-08T22:27:31.971+0000] {processor.py:753} INFO - DAG(s) dict_keys(['example_nested_branch_dag']) retrieved from /home/airflow/.local/lib/python3.7/site-packages/airflow/example_dags/example_nested_branch_dag.py
[2025-02-08T22:27:32.007+0000] {logging_mixin.py:137} INFO - [2025-02-08T22:27:32.006+0000] {dag.py:2690} INFO - Sync 1 DAGs
[2025-02-08T22:27:32.049+0000] {logging_mixin.py:137} INFO - [2025-02-08T22:27:32.048+0000] {dag.py:3441} INFO - Setting next_dagrun for example_nested_branch_dag to 2025-02-07T00:00:00+00:00, run_after=2025-02-08T00:00:00+00:00
[2025-02-08T22:27:32.077+0000] {processor.py:175} INFO - Processing /home/airflow/.local/lib/python3.7/site-packages/airflow/example_dags/example_nested_branch_dag.py took 0.156 seconds
