[2025-02-08T22:06:03.424+0000] {processor.py:153} INFO - Started process (PID=64) to work on /home/airflow/.local/lib/python3.7/site-packages/airflow/example_dags/example_short_circuit_decorator.py
[2025-02-08T22:06:03.430+0000] {processor.py:743} INFO - Processing file /home/airflow/.local/lib/python3.7/site-packages/airflow/example_dags/example_short_circuit_decorator.py for tasks to queue
[2025-02-08T22:06:03.434+0000] {logging_mixin.py:137} INFO - [2025-02-08T22:06:03.434+0000] {dagbag.py:538} INFO - Filling up the DagBag from /home/airflow/.local/lib/python3.7/site-packages/airflow/example_dags/example_short_circuit_decorator.py
[2025-02-08T22:06:03.545+0000] {processor.py:753} INFO - DAG(s) dict_keys(['example_short_circuit_decorator']) retrieved from /home/airflow/.local/lib/python3.7/site-packages/airflow/example_dags/example_short_circuit_decorator.py
[2025-02-08T22:06:03.673+0000] {logging_mixin.py:137} INFO - [2025-02-08T22:06:03.673+0000] {dag.py:2690} INFO - Sync 1 DAGs
[2025-02-08T22:06:03.777+0000] {logging_mixin.py:137} INFO - [2025-02-08T22:06:03.776+0000] {dag.py:3441} INFO - Setting next_dagrun for example_short_circuit_decorator to 2025-02-07T22:06:03.774970+00:00, run_after=2025-02-08T22:06:03.774970+00:00
[2025-02-08T22:06:03.835+0000] {processor.py:175} INFO - Processing /home/airflow/.local/lib/python3.7/site-packages/airflow/example_dags/example_short_circuit_decorator.py took 0.425 seconds
[2025-02-08T22:06:36.685+0000] {processor.py:153} INFO - Started process (PID=135) to work on /home/airflow/.local/lib/python3.7/site-packages/airflow/example_dags/example_short_circuit_decorator.py
[2025-02-08T22:06:36.687+0000] {processor.py:743} INFO - Processing file /home/airflow/.local/lib/python3.7/site-packages/airflow/example_dags/example_short_circuit_decorator.py for tasks to queue
[2025-02-08T22:06:36.688+0000] {logging_mixin.py:137} INFO - [2025-02-08T22:06:36.688+0000] {dagbag.py:538} INFO - Filling up the DagBag from /home/airflow/.local/lib/python3.7/site-packages/airflow/example_dags/example_short_circuit_decorator.py
[2025-02-08T22:06:36.733+0000] {processor.py:753} INFO - DAG(s) dict_keys(['example_short_circuit_decorator']) retrieved from /home/airflow/.local/lib/python3.7/site-packages/airflow/example_dags/example_short_circuit_decorator.py
[2025-02-08T22:06:36.766+0000] {logging_mixin.py:137} INFO - [2025-02-08T22:06:36.766+0000] {dag.py:2690} INFO - Sync 1 DAGs
[2025-02-08T22:06:36.803+0000] {logging_mixin.py:137} INFO - [2025-02-08T22:06:36.803+0000] {dag.py:3441} INFO - Setting next_dagrun for example_short_circuit_decorator to 2025-02-07T22:06:36.802512+00:00, run_after=2025-02-08T22:06:36.802512+00:00
[2025-02-08T22:06:36.834+0000] {processor.py:175} INFO - Processing /home/airflow/.local/lib/python3.7/site-packages/airflow/example_dags/example_short_circuit_decorator.py took 0.153 seconds
[2025-02-08T22:07:07.378+0000] {processor.py:153} INFO - Started process (PID=206) to work on /home/airflow/.local/lib/python3.7/site-packages/airflow/example_dags/example_short_circuit_decorator.py
[2025-02-08T22:07:07.379+0000] {processor.py:743} INFO - Processing file /home/airflow/.local/lib/python3.7/site-packages/airflow/example_dags/example_short_circuit_decorator.py for tasks to queue
[2025-02-08T22:07:07.380+0000] {logging_mixin.py:137} INFO - [2025-02-08T22:07:07.380+0000] {dagbag.py:538} INFO - Filling up the DagBag from /home/airflow/.local/lib/python3.7/site-packages/airflow/example_dags/example_short_circuit_decorator.py
[2025-02-08T22:07:07.403+0000] {processor.py:753} INFO - DAG(s) dict_keys(['example_short_circuit_decorator']) retrieved from /home/airflow/.local/lib/python3.7/site-packages/airflow/example_dags/example_short_circuit_decorator.py
[2025-02-08T22:07:07.429+0000] {logging_mixin.py:137} INFO - [2025-02-08T22:07:07.429+0000] {dag.py:2690} INFO - Sync 1 DAGs
[2025-02-08T22:07:07.460+0000] {logging_mixin.py:137} INFO - [2025-02-08T22:07:07.459+0000] {dag.py:3441} INFO - Setting next_dagrun for example_short_circuit_decorator to 2025-02-07T22:07:07.459663+00:00, run_after=2025-02-08T22:07:07.459663+00:00
[2025-02-08T22:07:07.484+0000] {processor.py:175} INFO - Processing /home/airflow/.local/lib/python3.7/site-packages/airflow/example_dags/example_short_circuit_decorator.py took 0.109 seconds
[2025-02-08T22:07:37.996+0000] {processor.py:153} INFO - Started process (PID=286) to work on /home/airflow/.local/lib/python3.7/site-packages/airflow/example_dags/example_short_circuit_decorator.py
[2025-02-08T22:07:37.998+0000] {processor.py:743} INFO - Processing file /home/airflow/.local/lib/python3.7/site-packages/airflow/example_dags/example_short_circuit_decorator.py for tasks to queue
[2025-02-08T22:07:38.000+0000] {logging_mixin.py:137} INFO - [2025-02-08T22:07:37.999+0000] {dagbag.py:538} INFO - Filling up the DagBag from /home/airflow/.local/lib/python3.7/site-packages/airflow/example_dags/example_short_circuit_decorator.py
[2025-02-08T22:07:38.035+0000] {processor.py:753} INFO - DAG(s) dict_keys(['example_short_circuit_decorator']) retrieved from /home/airflow/.local/lib/python3.7/site-packages/airflow/example_dags/example_short_circuit_decorator.py
[2025-02-08T22:07:38.090+0000] {logging_mixin.py:137} INFO - [2025-02-08T22:07:38.090+0000] {dag.py:2690} INFO - Sync 1 DAGs
[2025-02-08T22:07:38.138+0000] {logging_mixin.py:137} INFO - [2025-02-08T22:07:38.137+0000] {dag.py:3441} INFO - Setting next_dagrun for example_short_circuit_decorator to 2025-02-07T22:07:38.137583+00:00, run_after=2025-02-08T22:07:38.137583+00:00
[2025-02-08T22:07:38.162+0000] {processor.py:175} INFO - Processing /home/airflow/.local/lib/python3.7/site-packages/airflow/example_dags/example_short_circuit_decorator.py took 0.170 seconds
[2025-02-08T22:08:08.593+0000] {processor.py:153} INFO - Started process (PID=364) to work on /home/airflow/.local/lib/python3.7/site-packages/airflow/example_dags/example_short_circuit_decorator.py
[2025-02-08T22:08:08.594+0000] {processor.py:743} INFO - Processing file /home/airflow/.local/lib/python3.7/site-packages/airflow/example_dags/example_short_circuit_decorator.py for tasks to queue
[2025-02-08T22:08:08.595+0000] {logging_mixin.py:137} INFO - [2025-02-08T22:08:08.595+0000] {dagbag.py:538} INFO - Filling up the DagBag from /home/airflow/.local/lib/python3.7/site-packages/airflow/example_dags/example_short_circuit_decorator.py
[2025-02-08T22:08:08.619+0000] {processor.py:753} INFO - DAG(s) dict_keys(['example_short_circuit_decorator']) retrieved from /home/airflow/.local/lib/python3.7/site-packages/airflow/example_dags/example_short_circuit_decorator.py
[2025-02-08T22:08:08.643+0000] {logging_mixin.py:137} INFO - [2025-02-08T22:08:08.642+0000] {dag.py:2690} INFO - Sync 1 DAGs
[2025-02-08T22:08:08.668+0000] {logging_mixin.py:137} INFO - [2025-02-08T22:08:08.668+0000] {dag.py:3441} INFO - Setting next_dagrun for example_short_circuit_decorator to 2025-02-07T22:08:08.667949+00:00, run_after=2025-02-08T22:08:08.667949+00:00
[2025-02-08T22:08:08.690+0000] {processor.py:175} INFO - Processing /home/airflow/.local/lib/python3.7/site-packages/airflow/example_dags/example_short_circuit_decorator.py took 0.100 seconds
[2025-02-08T22:08:39.941+0000] {processor.py:153} INFO - Started process (PID=435) to work on /home/airflow/.local/lib/python3.7/site-packages/airflow/example_dags/example_short_circuit_decorator.py
[2025-02-08T22:08:39.943+0000] {processor.py:743} INFO - Processing file /home/airflow/.local/lib/python3.7/site-packages/airflow/example_dags/example_short_circuit_decorator.py for tasks to queue
[2025-02-08T22:08:39.945+0000] {logging_mixin.py:137} INFO - [2025-02-08T22:08:39.945+0000] {dagbag.py:538} INFO - Filling up the DagBag from /home/airflow/.local/lib/python3.7/site-packages/airflow/example_dags/example_short_circuit_decorator.py
[2025-02-08T22:08:39.992+0000] {processor.py:753} INFO - DAG(s) dict_keys(['example_short_circuit_decorator']) retrieved from /home/airflow/.local/lib/python3.7/site-packages/airflow/example_dags/example_short_circuit_decorator.py
[2025-02-08T22:08:40.036+0000] {logging_mixin.py:137} INFO - [2025-02-08T22:08:40.035+0000] {dag.py:2690} INFO - Sync 1 DAGs
[2025-02-08T22:08:40.087+0000] {logging_mixin.py:137} INFO - [2025-02-08T22:08:40.086+0000] {dag.py:3441} INFO - Setting next_dagrun for example_short_circuit_decorator to 2025-02-07T22:08:40.086457+00:00, run_after=2025-02-08T22:08:40.086457+00:00
[2025-02-08T22:08:40.121+0000] {processor.py:175} INFO - Processing /home/airflow/.local/lib/python3.7/site-packages/airflow/example_dags/example_short_circuit_decorator.py took 0.186 seconds
[2025-02-08T22:09:10.555+0000] {processor.py:153} INFO - Started process (PID=522) to work on /home/airflow/.local/lib/python3.7/site-packages/airflow/example_dags/example_short_circuit_decorator.py
[2025-02-08T22:09:10.556+0000] {processor.py:743} INFO - Processing file /home/airflow/.local/lib/python3.7/site-packages/airflow/example_dags/example_short_circuit_decorator.py for tasks to queue
[2025-02-08T22:09:10.557+0000] {logging_mixin.py:137} INFO - [2025-02-08T22:09:10.557+0000] {dagbag.py:538} INFO - Filling up the DagBag from /home/airflow/.local/lib/python3.7/site-packages/airflow/example_dags/example_short_circuit_decorator.py
[2025-02-08T22:09:10.582+0000] {processor.py:753} INFO - DAG(s) dict_keys(['example_short_circuit_decorator']) retrieved from /home/airflow/.local/lib/python3.7/site-packages/airflow/example_dags/example_short_circuit_decorator.py
[2025-02-08T22:09:10.610+0000] {logging_mixin.py:137} INFO - [2025-02-08T22:09:10.610+0000] {dag.py:2690} INFO - Sync 1 DAGs
[2025-02-08T22:09:10.644+0000] {logging_mixin.py:137} INFO - [2025-02-08T22:09:10.644+0000] {dag.py:3441} INFO - Setting next_dagrun for example_short_circuit_decorator to 2025-02-07T22:09:10.644065+00:00, run_after=2025-02-08T22:09:10.644065+00:00
[2025-02-08T22:09:10.667+0000] {processor.py:175} INFO - Processing /home/airflow/.local/lib/python3.7/site-packages/airflow/example_dags/example_short_circuit_decorator.py took 0.115 seconds
[2025-02-08T22:09:41.610+0000] {processor.py:153} INFO - Started process (PID=593) to work on /home/airflow/.local/lib/python3.7/site-packages/airflow/example_dags/example_short_circuit_decorator.py
[2025-02-08T22:09:41.613+0000] {processor.py:743} INFO - Processing file /home/airflow/.local/lib/python3.7/site-packages/airflow/example_dags/example_short_circuit_decorator.py for tasks to queue
[2025-02-08T22:09:41.615+0000] {logging_mixin.py:137} INFO - [2025-02-08T22:09:41.615+0000] {dagbag.py:538} INFO - Filling up the DagBag from /home/airflow/.local/lib/python3.7/site-packages/airflow/example_dags/example_short_circuit_decorator.py
[2025-02-08T22:09:41.673+0000] {processor.py:753} INFO - DAG(s) dict_keys(['example_short_circuit_decorator']) retrieved from /home/airflow/.local/lib/python3.7/site-packages/airflow/example_dags/example_short_circuit_decorator.py
[2025-02-08T22:09:41.726+0000] {logging_mixin.py:137} INFO - [2025-02-08T22:09:41.726+0000] {dag.py:2690} INFO - Sync 1 DAGs
[2025-02-08T22:09:41.782+0000] {logging_mixin.py:137} INFO - [2025-02-08T22:09:41.782+0000] {dag.py:3441} INFO - Setting next_dagrun for example_short_circuit_decorator to 2025-02-07T22:09:41.781819+00:00, run_after=2025-02-08T22:09:41.781819+00:00
[2025-02-08T22:09:41.823+0000] {processor.py:175} INFO - Processing /home/airflow/.local/lib/python3.7/site-packages/airflow/example_dags/example_short_circuit_decorator.py took 0.218 seconds
[2025-02-08T22:10:13.261+0000] {processor.py:153} INFO - Started process (PID=680) to work on /home/airflow/.local/lib/python3.7/site-packages/airflow/example_dags/example_short_circuit_decorator.py
[2025-02-08T22:10:13.263+0000] {processor.py:743} INFO - Processing file /home/airflow/.local/lib/python3.7/site-packages/airflow/example_dags/example_short_circuit_decorator.py for tasks to queue
[2025-02-08T22:10:13.265+0000] {logging_mixin.py:137} INFO - [2025-02-08T22:10:13.264+0000] {dagbag.py:538} INFO - Filling up the DagBag from /home/airflow/.local/lib/python3.7/site-packages/airflow/example_dags/example_short_circuit_decorator.py
[2025-02-08T22:10:13.304+0000] {processor.py:753} INFO - DAG(s) dict_keys(['example_short_circuit_decorator']) retrieved from /home/airflow/.local/lib/python3.7/site-packages/airflow/example_dags/example_short_circuit_decorator.py
[2025-02-08T22:10:13.359+0000] {logging_mixin.py:137} INFO - [2025-02-08T22:10:13.358+0000] {dag.py:2690} INFO - Sync 1 DAGs
[2025-02-08T22:10:13.403+0000] {logging_mixin.py:137} INFO - [2025-02-08T22:10:13.403+0000] {dag.py:3441} INFO - Setting next_dagrun for example_short_circuit_decorator to 2025-02-07T22:10:13.402801+00:00, run_after=2025-02-08T22:10:13.402801+00:00
[2025-02-08T22:10:13.434+0000] {processor.py:175} INFO - Processing /home/airflow/.local/lib/python3.7/site-packages/airflow/example_dags/example_short_circuit_decorator.py took 0.178 seconds
[2025-02-08T22:10:43.507+0000] {processor.py:153} INFO - Started process (PID=750) to work on /home/airflow/.local/lib/python3.7/site-packages/airflow/example_dags/example_short_circuit_decorator.py
[2025-02-08T22:10:43.508+0000] {processor.py:743} INFO - Processing file /home/airflow/.local/lib/python3.7/site-packages/airflow/example_dags/example_short_circuit_decorator.py for tasks to queue
[2025-02-08T22:10:43.509+0000] {logging_mixin.py:137} INFO - [2025-02-08T22:10:43.509+0000] {dagbag.py:538} INFO - Filling up the DagBag from /home/airflow/.local/lib/python3.7/site-packages/airflow/example_dags/example_short_circuit_decorator.py
[2025-02-08T22:10:43.531+0000] {processor.py:753} INFO - DAG(s) dict_keys(['example_short_circuit_decorator']) retrieved from /home/airflow/.local/lib/python3.7/site-packages/airflow/example_dags/example_short_circuit_decorator.py
[2025-02-08T22:10:43.559+0000] {logging_mixin.py:137} INFO - [2025-02-08T22:10:43.558+0000] {dag.py:2690} INFO - Sync 1 DAGs
[2025-02-08T22:10:43.584+0000] {logging_mixin.py:137} INFO - [2025-02-08T22:10:43.583+0000] {dag.py:3441} INFO - Setting next_dagrun for example_short_circuit_decorator to 2025-02-07T22:10:43.582929+00:00, run_after=2025-02-08T22:10:43.582929+00:00
[2025-02-08T22:10:43.606+0000] {processor.py:175} INFO - Processing /home/airflow/.local/lib/python3.7/site-packages/airflow/example_dags/example_short_circuit_decorator.py took 0.102 seconds
[2025-02-08T22:11:19.784+0000] {processor.py:153} INFO - Started process (PID=837) to work on /home/airflow/.local/lib/python3.7/site-packages/airflow/example_dags/example_short_circuit_decorator.py
[2025-02-08T22:11:19.787+0000] {processor.py:743} INFO - Processing file /home/airflow/.local/lib/python3.7/site-packages/airflow/example_dags/example_short_circuit_decorator.py for tasks to queue
[2025-02-08T22:11:19.789+0000] {logging_mixin.py:137} INFO - [2025-02-08T22:11:19.788+0000] {dagbag.py:538} INFO - Filling up the DagBag from /home/airflow/.local/lib/python3.7/site-packages/airflow/example_dags/example_short_circuit_decorator.py
[2025-02-08T22:11:19.830+0000] {processor.py:753} INFO - DAG(s) dict_keys(['example_short_circuit_decorator']) retrieved from /home/airflow/.local/lib/python3.7/site-packages/airflow/example_dags/example_short_circuit_decorator.py
[2025-02-08T22:11:19.860+0000] {logging_mixin.py:137} INFO - [2025-02-08T22:11:19.860+0000] {dag.py:2690} INFO - Sync 1 DAGs
[2025-02-08T22:11:20.022+0000] {logging_mixin.py:137} INFO - [2025-02-08T22:11:20.021+0000] {dag.py:3441} INFO - Setting next_dagrun for example_short_circuit_decorator to 2025-02-07T22:11:20.014887+00:00, run_after=2025-02-08T22:11:20.014887+00:00
[2025-02-08T22:11:20.055+0000] {processor.py:175} INFO - Processing /home/airflow/.local/lib/python3.7/site-packages/airflow/example_dags/example_short_circuit_decorator.py took 0.286 seconds
[2025-02-08T22:11:50.730+0000] {processor.py:153} INFO - Started process (PID=915) to work on /home/airflow/.local/lib/python3.7/site-packages/airflow/example_dags/example_short_circuit_decorator.py
[2025-02-08T22:11:50.731+0000] {processor.py:743} INFO - Processing file /home/airflow/.local/lib/python3.7/site-packages/airflow/example_dags/example_short_circuit_decorator.py for tasks to queue
[2025-02-08T22:11:50.732+0000] {logging_mixin.py:137} INFO - [2025-02-08T22:11:50.732+0000] {dagbag.py:538} INFO - Filling up the DagBag from /home/airflow/.local/lib/python3.7/site-packages/airflow/example_dags/example_short_circuit_decorator.py
[2025-02-08T22:11:50.756+0000] {processor.py:753} INFO - DAG(s) dict_keys(['example_short_circuit_decorator']) retrieved from /home/airflow/.local/lib/python3.7/site-packages/airflow/example_dags/example_short_circuit_decorator.py
[2025-02-08T22:11:50.783+0000] {logging_mixin.py:137} INFO - [2025-02-08T22:11:50.782+0000] {dag.py:2690} INFO - Sync 1 DAGs
[2025-02-08T22:11:50.808+0000] {logging_mixin.py:137} INFO - [2025-02-08T22:11:50.807+0000] {dag.py:3441} INFO - Setting next_dagrun for example_short_circuit_decorator to 2025-02-07T22:11:50.807679+00:00, run_after=2025-02-08T22:11:50.807679+00:00
[2025-02-08T22:11:50.832+0000] {processor.py:175} INFO - Processing /home/airflow/.local/lib/python3.7/site-packages/airflow/example_dags/example_short_circuit_decorator.py took 0.105 seconds
[2025-02-08T22:12:21.032+0000] {processor.py:153} INFO - Started process (PID=996) to work on /home/airflow/.local/lib/python3.7/site-packages/airflow/example_dags/example_short_circuit_decorator.py
[2025-02-08T22:12:21.033+0000] {processor.py:743} INFO - Processing file /home/airflow/.local/lib/python3.7/site-packages/airflow/example_dags/example_short_circuit_decorator.py for tasks to queue
[2025-02-08T22:12:21.034+0000] {logging_mixin.py:137} INFO - [2025-02-08T22:12:21.033+0000] {dagbag.py:538} INFO - Filling up the DagBag from /home/airflow/.local/lib/python3.7/site-packages/airflow/example_dags/example_short_circuit_decorator.py
[2025-02-08T22:12:21.059+0000] {processor.py:753} INFO - DAG(s) dict_keys(['example_short_circuit_decorator']) retrieved from /home/airflow/.local/lib/python3.7/site-packages/airflow/example_dags/example_short_circuit_decorator.py
[2025-02-08T22:12:21.086+0000] {logging_mixin.py:137} INFO - [2025-02-08T22:12:21.085+0000] {dag.py:2690} INFO - Sync 1 DAGs
[2025-02-08T22:12:21.112+0000] {logging_mixin.py:137} INFO - [2025-02-08T22:12:21.111+0000] {dag.py:3441} INFO - Setting next_dagrun for example_short_circuit_decorator to 2025-02-07T22:12:21.111578+00:00, run_after=2025-02-08T22:12:21.111578+00:00
[2025-02-08T22:12:21.137+0000] {processor.py:175} INFO - Processing /home/airflow/.local/lib/python3.7/site-packages/airflow/example_dags/example_short_circuit_decorator.py took 0.108 seconds
[2025-02-08T22:12:51.797+0000] {processor.py:153} INFO - Started process (PID=1068) to work on /home/airflow/.local/lib/python3.7/site-packages/airflow/example_dags/example_short_circuit_decorator.py
[2025-02-08T22:12:51.798+0000] {processor.py:743} INFO - Processing file /home/airflow/.local/lib/python3.7/site-packages/airflow/example_dags/example_short_circuit_decorator.py for tasks to queue
[2025-02-08T22:12:51.799+0000] {logging_mixin.py:137} INFO - [2025-02-08T22:12:51.799+0000] {dagbag.py:538} INFO - Filling up the DagBag from /home/airflow/.local/lib/python3.7/site-packages/airflow/example_dags/example_short_circuit_decorator.py
[2025-02-08T22:12:51.822+0000] {processor.py:753} INFO - DAG(s) dict_keys(['example_short_circuit_decorator']) retrieved from /home/airflow/.local/lib/python3.7/site-packages/airflow/example_dags/example_short_circuit_decorator.py
[2025-02-08T22:12:51.847+0000] {logging_mixin.py:137} INFO - [2025-02-08T22:12:51.847+0000] {dag.py:2690} INFO - Sync 1 DAGs
[2025-02-08T22:12:51.871+0000] {logging_mixin.py:137} INFO - [2025-02-08T22:12:51.871+0000] {dag.py:3441} INFO - Setting next_dagrun for example_short_circuit_decorator to 2025-02-07T22:12:51.870974+00:00, run_after=2025-02-08T22:12:51.870974+00:00
[2025-02-08T22:12:51.895+0000] {processor.py:175} INFO - Processing /home/airflow/.local/lib/python3.7/site-packages/airflow/example_dags/example_short_circuit_decorator.py took 0.101 seconds
[2025-02-08T22:13:21.998+0000] {processor.py:153} INFO - Started process (PID=1155) to work on /home/airflow/.local/lib/python3.7/site-packages/airflow/example_dags/example_short_circuit_decorator.py
[2025-02-08T22:13:21.999+0000] {processor.py:743} INFO - Processing file /home/airflow/.local/lib/python3.7/site-packages/airflow/example_dags/example_short_circuit_decorator.py for tasks to queue
[2025-02-08T22:13:22.000+0000] {logging_mixin.py:137} INFO - [2025-02-08T22:13:22.000+0000] {dagbag.py:538} INFO - Filling up the DagBag from /home/airflow/.local/lib/python3.7/site-packages/airflow/example_dags/example_short_circuit_decorator.py
[2025-02-08T22:13:22.028+0000] {processor.py:753} INFO - DAG(s) dict_keys(['example_short_circuit_decorator']) retrieved from /home/airflow/.local/lib/python3.7/site-packages/airflow/example_dags/example_short_circuit_decorator.py
[2025-02-08T22:13:22.062+0000] {logging_mixin.py:137} INFO - [2025-02-08T22:13:22.062+0000] {dag.py:2690} INFO - Sync 1 DAGs
[2025-02-08T22:13:22.088+0000] {logging_mixin.py:137} INFO - [2025-02-08T22:13:22.088+0000] {dag.py:3441} INFO - Setting next_dagrun for example_short_circuit_decorator to 2025-02-07T22:13:22.087854+00:00, run_after=2025-02-08T22:13:22.087854+00:00
[2025-02-08T22:13:22.112+0000] {processor.py:175} INFO - Processing /home/airflow/.local/lib/python3.7/site-packages/airflow/example_dags/example_short_circuit_decorator.py took 0.118 seconds
[2025-02-08T22:13:52.841+0000] {processor.py:153} INFO - Started process (PID=1226) to work on /home/airflow/.local/lib/python3.7/site-packages/airflow/example_dags/example_short_circuit_decorator.py
[2025-02-08T22:13:52.842+0000] {processor.py:743} INFO - Processing file /home/airflow/.local/lib/python3.7/site-packages/airflow/example_dags/example_short_circuit_decorator.py for tasks to queue
[2025-02-08T22:13:52.843+0000] {logging_mixin.py:137} INFO - [2025-02-08T22:13:52.843+0000] {dagbag.py:538} INFO - Filling up the DagBag from /home/airflow/.local/lib/python3.7/site-packages/airflow/example_dags/example_short_circuit_decorator.py
[2025-02-08T22:13:52.871+0000] {processor.py:753} INFO - DAG(s) dict_keys(['example_short_circuit_decorator']) retrieved from /home/airflow/.local/lib/python3.7/site-packages/airflow/example_dags/example_short_circuit_decorator.py
[2025-02-08T22:13:52.900+0000] {logging_mixin.py:137} INFO - [2025-02-08T22:13:52.899+0000] {dag.py:2690} INFO - Sync 1 DAGs
[2025-02-08T22:13:52.928+0000] {logging_mixin.py:137} INFO - [2025-02-08T22:13:52.928+0000] {dag.py:3441} INFO - Setting next_dagrun for example_short_circuit_decorator to 2025-02-07T22:13:52.928319+00:00, run_after=2025-02-08T22:13:52.928319+00:00
[2025-02-08T22:13:52.955+0000] {processor.py:175} INFO - Processing /home/airflow/.local/lib/python3.7/site-packages/airflow/example_dags/example_short_circuit_decorator.py took 0.117 seconds
[2025-02-08T22:14:23.604+0000] {processor.py:153} INFO - Started process (PID=1313) to work on /home/airflow/.local/lib/python3.7/site-packages/airflow/example_dags/example_short_circuit_decorator.py
[2025-02-08T22:14:23.606+0000] {processor.py:743} INFO - Processing file /home/airflow/.local/lib/python3.7/site-packages/airflow/example_dags/example_short_circuit_decorator.py for tasks to queue
[2025-02-08T22:14:23.609+0000] {logging_mixin.py:137} INFO - [2025-02-08T22:14:23.609+0000] {dagbag.py:538} INFO - Filling up the DagBag from /home/airflow/.local/lib/python3.7/site-packages/airflow/example_dags/example_short_circuit_decorator.py
[2025-02-08T22:14:23.690+0000] {processor.py:753} INFO - DAG(s) dict_keys(['example_short_circuit_decorator']) retrieved from /home/airflow/.local/lib/python3.7/site-packages/airflow/example_dags/example_short_circuit_decorator.py
[2025-02-08T22:14:23.762+0000] {logging_mixin.py:137} INFO - [2025-02-08T22:14:23.761+0000] {dag.py:2690} INFO - Sync 1 DAGs
[2025-02-08T22:14:23.870+0000] {logging_mixin.py:137} INFO - [2025-02-08T22:14:23.869+0000] {dag.py:3441} INFO - Setting next_dagrun for example_short_circuit_decorator to 2025-02-07T22:14:23.868600+00:00, run_after=2025-02-08T22:14:23.868600+00:00
[2025-02-08T22:14:23.978+0000] {processor.py:175} INFO - Processing /home/airflow/.local/lib/python3.7/site-packages/airflow/example_dags/example_short_circuit_decorator.py took 0.381 seconds
[2025-02-08T22:14:54.935+0000] {processor.py:153} INFO - Started process (PID=1384) to work on /home/airflow/.local/lib/python3.7/site-packages/airflow/example_dags/example_short_circuit_decorator.py
[2025-02-08T22:14:54.936+0000] {processor.py:743} INFO - Processing file /home/airflow/.local/lib/python3.7/site-packages/airflow/example_dags/example_short_circuit_decorator.py for tasks to queue
[2025-02-08T22:14:54.937+0000] {logging_mixin.py:137} INFO - [2025-02-08T22:14:54.937+0000] {dagbag.py:538} INFO - Filling up the DagBag from /home/airflow/.local/lib/python3.7/site-packages/airflow/example_dags/example_short_circuit_decorator.py
[2025-02-08T22:14:54.963+0000] {processor.py:753} INFO - DAG(s) dict_keys(['example_short_circuit_decorator']) retrieved from /home/airflow/.local/lib/python3.7/site-packages/airflow/example_dags/example_short_circuit_decorator.py
[2025-02-08T22:14:54.992+0000] {logging_mixin.py:137} INFO - [2025-02-08T22:14:54.992+0000] {dag.py:2690} INFO - Sync 1 DAGs
[2025-02-08T22:14:55.025+0000] {logging_mixin.py:137} INFO - [2025-02-08T22:14:55.025+0000] {dag.py:3441} INFO - Setting next_dagrun for example_short_circuit_decorator to 2025-02-07T22:14:55.025096+00:00, run_after=2025-02-08T22:14:55.025096+00:00
[2025-02-08T22:14:55.059+0000] {processor.py:175} INFO - Processing /home/airflow/.local/lib/python3.7/site-packages/airflow/example_dags/example_short_circuit_decorator.py took 0.127 seconds
[2025-02-08T22:15:25.127+0000] {processor.py:153} INFO - Started process (PID=1454) to work on /home/airflow/.local/lib/python3.7/site-packages/airflow/example_dags/example_short_circuit_decorator.py
[2025-02-08T22:15:25.128+0000] {processor.py:743} INFO - Processing file /home/airflow/.local/lib/python3.7/site-packages/airflow/example_dags/example_short_circuit_decorator.py for tasks to queue
[2025-02-08T22:15:25.129+0000] {logging_mixin.py:137} INFO - [2025-02-08T22:15:25.128+0000] {dagbag.py:538} INFO - Filling up the DagBag from /home/airflow/.local/lib/python3.7/site-packages/airflow/example_dags/example_short_circuit_decorator.py
[2025-02-08T22:15:25.150+0000] {processor.py:753} INFO - DAG(s) dict_keys(['example_short_circuit_decorator']) retrieved from /home/airflow/.local/lib/python3.7/site-packages/airflow/example_dags/example_short_circuit_decorator.py
[2025-02-08T22:15:25.176+0000] {logging_mixin.py:137} INFO - [2025-02-08T22:15:25.176+0000] {dag.py:2690} INFO - Sync 1 DAGs
[2025-02-08T22:15:25.199+0000] {logging_mixin.py:137} INFO - [2025-02-08T22:15:25.199+0000] {dag.py:3441} INFO - Setting next_dagrun for example_short_circuit_decorator to 2025-02-07T22:15:25.198815+00:00, run_after=2025-02-08T22:15:25.198815+00:00
[2025-02-08T22:15:25.223+0000] {processor.py:175} INFO - Processing /home/airflow/.local/lib/python3.7/site-packages/airflow/example_dags/example_short_circuit_decorator.py took 0.099 seconds
[2025-02-08T22:15:55.563+0000] {processor.py:153} INFO - Started process (PID=1542) to work on /home/airflow/.local/lib/python3.7/site-packages/airflow/example_dags/example_short_circuit_decorator.py
[2025-02-08T22:15:55.564+0000] {processor.py:743} INFO - Processing file /home/airflow/.local/lib/python3.7/site-packages/airflow/example_dags/example_short_circuit_decorator.py for tasks to queue
[2025-02-08T22:15:55.566+0000] {logging_mixin.py:137} INFO - [2025-02-08T22:15:55.566+0000] {dagbag.py:538} INFO - Filling up the DagBag from /home/airflow/.local/lib/python3.7/site-packages/airflow/example_dags/example_short_circuit_decorator.py
[2025-02-08T22:15:55.629+0000] {processor.py:753} INFO - DAG(s) dict_keys(['example_short_circuit_decorator']) retrieved from /home/airflow/.local/lib/python3.7/site-packages/airflow/example_dags/example_short_circuit_decorator.py
[2025-02-08T22:15:55.665+0000] {logging_mixin.py:137} INFO - [2025-02-08T22:15:55.665+0000] {dag.py:2690} INFO - Sync 1 DAGs
[2025-02-08T22:15:55.699+0000] {logging_mixin.py:137} INFO - [2025-02-08T22:15:55.699+0000] {dag.py:3441} INFO - Setting next_dagrun for example_short_circuit_decorator to 2025-02-07T22:15:55.698722+00:00, run_after=2025-02-08T22:15:55.698722+00:00
[2025-02-08T22:15:55.730+0000] {processor.py:175} INFO - Processing /home/airflow/.local/lib/python3.7/site-packages/airflow/example_dags/example_short_circuit_decorator.py took 0.171 seconds
[2025-02-08T22:16:25.926+0000] {processor.py:153} INFO - Started process (PID=1613) to work on /home/airflow/.local/lib/python3.7/site-packages/airflow/example_dags/example_short_circuit_decorator.py
[2025-02-08T22:16:25.926+0000] {processor.py:743} INFO - Processing file /home/airflow/.local/lib/python3.7/site-packages/airflow/example_dags/example_short_circuit_decorator.py for tasks to queue
[2025-02-08T22:16:25.927+0000] {logging_mixin.py:137} INFO - [2025-02-08T22:16:25.927+0000] {dagbag.py:538} INFO - Filling up the DagBag from /home/airflow/.local/lib/python3.7/site-packages/airflow/example_dags/example_short_circuit_decorator.py
[2025-02-08T22:16:25.949+0000] {processor.py:753} INFO - DAG(s) dict_keys(['example_short_circuit_decorator']) retrieved from /home/airflow/.local/lib/python3.7/site-packages/airflow/example_dags/example_short_circuit_decorator.py
[2025-02-08T22:16:25.975+0000] {logging_mixin.py:137} INFO - [2025-02-08T22:16:25.974+0000] {dag.py:2690} INFO - Sync 1 DAGs
[2025-02-08T22:16:25.998+0000] {logging_mixin.py:137} INFO - [2025-02-08T22:16:25.998+0000] {dag.py:3441} INFO - Setting next_dagrun for example_short_circuit_decorator to 2025-02-07T22:16:25.997882+00:00, run_after=2025-02-08T22:16:25.997882+00:00
[2025-02-08T22:16:26.022+0000] {processor.py:175} INFO - Processing /home/airflow/.local/lib/python3.7/site-packages/airflow/example_dags/example_short_circuit_decorator.py took 0.100 seconds
[2025-02-08T22:16:56.385+0000] {processor.py:153} INFO - Started process (PID=1693) to work on /home/airflow/.local/lib/python3.7/site-packages/airflow/example_dags/example_short_circuit_decorator.py
[2025-02-08T22:16:56.386+0000] {processor.py:743} INFO - Processing file /home/airflow/.local/lib/python3.7/site-packages/airflow/example_dags/example_short_circuit_decorator.py for tasks to queue
[2025-02-08T22:16:56.387+0000] {logging_mixin.py:137} INFO - [2025-02-08T22:16:56.386+0000] {dagbag.py:538} INFO - Filling up the DagBag from /home/airflow/.local/lib/python3.7/site-packages/airflow/example_dags/example_short_circuit_decorator.py
[2025-02-08T22:16:56.434+0000] {processor.py:753} INFO - DAG(s) dict_keys(['example_short_circuit_decorator']) retrieved from /home/airflow/.local/lib/python3.7/site-packages/airflow/example_dags/example_short_circuit_decorator.py
[2025-02-08T22:16:56.504+0000] {logging_mixin.py:137} INFO - [2025-02-08T22:16:56.504+0000] {dag.py:2690} INFO - Sync 1 DAGs
[2025-02-08T22:16:56.567+0000] {logging_mixin.py:137} INFO - [2025-02-08T22:16:56.566+0000] {dag.py:3441} INFO - Setting next_dagrun for example_short_circuit_decorator to 2025-02-07T22:16:56.566417+00:00, run_after=2025-02-08T22:16:56.566417+00:00
[2025-02-08T22:16:56.596+0000] {processor.py:175} INFO - Processing /home/airflow/.local/lib/python3.7/site-packages/airflow/example_dags/example_short_circuit_decorator.py took 0.216 seconds
[2025-02-08T22:17:27.147+0000] {processor.py:153} INFO - Started process (PID=1771) to work on /home/airflow/.local/lib/python3.7/site-packages/airflow/example_dags/example_short_circuit_decorator.py
[2025-02-08T22:17:27.148+0000] {processor.py:743} INFO - Processing file /home/airflow/.local/lib/python3.7/site-packages/airflow/example_dags/example_short_circuit_decorator.py for tasks to queue
[2025-02-08T22:17:27.149+0000] {logging_mixin.py:137} INFO - [2025-02-08T22:17:27.149+0000] {dagbag.py:538} INFO - Filling up the DagBag from /home/airflow/.local/lib/python3.7/site-packages/airflow/example_dags/example_short_circuit_decorator.py
[2025-02-08T22:17:27.170+0000] {processor.py:753} INFO - DAG(s) dict_keys(['example_short_circuit_decorator']) retrieved from /home/airflow/.local/lib/python3.7/site-packages/airflow/example_dags/example_short_circuit_decorator.py
[2025-02-08T22:17:27.198+0000] {logging_mixin.py:137} INFO - [2025-02-08T22:17:27.197+0000] {dag.py:2690} INFO - Sync 1 DAGs
[2025-02-08T22:17:27.219+0000] {logging_mixin.py:137} INFO - [2025-02-08T22:17:27.219+0000] {dag.py:3441} INFO - Setting next_dagrun for example_short_circuit_decorator to 2025-02-07T22:17:27.219518+00:00, run_after=2025-02-08T22:17:27.219518+00:00
[2025-02-08T22:17:27.243+0000] {processor.py:175} INFO - Processing /home/airflow/.local/lib/python3.7/site-packages/airflow/example_dags/example_short_circuit_decorator.py took 0.098 seconds
[2025-02-08T22:17:57.455+0000] {processor.py:153} INFO - Started process (PID=1842) to work on /home/airflow/.local/lib/python3.7/site-packages/airflow/example_dags/example_short_circuit_decorator.py
[2025-02-08T22:17:57.456+0000] {processor.py:743} INFO - Processing file /home/airflow/.local/lib/python3.7/site-packages/airflow/example_dags/example_short_circuit_decorator.py for tasks to queue
[2025-02-08T22:17:57.457+0000] {logging_mixin.py:137} INFO - [2025-02-08T22:17:57.457+0000] {dagbag.py:538} INFO - Filling up the DagBag from /home/airflow/.local/lib/python3.7/site-packages/airflow/example_dags/example_short_circuit_decorator.py
[2025-02-08T22:17:57.480+0000] {processor.py:753} INFO - DAG(s) dict_keys(['example_short_circuit_decorator']) retrieved from /home/airflow/.local/lib/python3.7/site-packages/airflow/example_dags/example_short_circuit_decorator.py
[2025-02-08T22:17:57.505+0000] {logging_mixin.py:137} INFO - [2025-02-08T22:17:57.505+0000] {dag.py:2690} INFO - Sync 1 DAGs
[2025-02-08T22:17:57.527+0000] {logging_mixin.py:137} INFO - [2025-02-08T22:17:57.527+0000] {dag.py:3441} INFO - Setting next_dagrun for example_short_circuit_decorator to 2025-02-07T22:17:57.527204+00:00, run_after=2025-02-08T22:17:57.527204+00:00
[2025-02-08T22:17:57.551+0000] {processor.py:175} INFO - Processing /home/airflow/.local/lib/python3.7/site-packages/airflow/example_dags/example_short_circuit_decorator.py took 0.099 seconds
[2025-02-08T22:18:27.954+0000] {processor.py:153} INFO - Started process (PID=1929) to work on /home/airflow/.local/lib/python3.7/site-packages/airflow/example_dags/example_short_circuit_decorator.py
[2025-02-08T22:18:27.955+0000] {processor.py:743} INFO - Processing file /home/airflow/.local/lib/python3.7/site-packages/airflow/example_dags/example_short_circuit_decorator.py for tasks to queue
[2025-02-08T22:18:27.956+0000] {logging_mixin.py:137} INFO - [2025-02-08T22:18:27.956+0000] {dagbag.py:538} INFO - Filling up the DagBag from /home/airflow/.local/lib/python3.7/site-packages/airflow/example_dags/example_short_circuit_decorator.py
[2025-02-08T22:18:28.006+0000] {processor.py:753} INFO - DAG(s) dict_keys(['example_short_circuit_decorator']) retrieved from /home/airflow/.local/lib/python3.7/site-packages/airflow/example_dags/example_short_circuit_decorator.py
[2025-02-08T22:18:28.049+0000] {logging_mixin.py:137} INFO - [2025-02-08T22:18:28.049+0000] {dag.py:2690} INFO - Sync 1 DAGs
[2025-02-08T22:18:28.103+0000] {logging_mixin.py:137} INFO - [2025-02-08T22:18:28.103+0000] {dag.py:3441} INFO - Setting next_dagrun for example_short_circuit_decorator to 2025-02-07T22:18:28.103282+00:00, run_after=2025-02-08T22:18:28.103282+00:00
[2025-02-08T22:18:28.138+0000] {processor.py:175} INFO - Processing /home/airflow/.local/lib/python3.7/site-packages/airflow/example_dags/example_short_circuit_decorator.py took 0.189 seconds
[2025-02-08T22:18:58.898+0000] {processor.py:153} INFO - Started process (PID=2016) to work on /home/airflow/.local/lib/python3.7/site-packages/airflow/example_dags/example_short_circuit_decorator.py
[2025-02-08T22:18:58.899+0000] {processor.py:743} INFO - Processing file /home/airflow/.local/lib/python3.7/site-packages/airflow/example_dags/example_short_circuit_decorator.py for tasks to queue
[2025-02-08T22:18:58.900+0000] {logging_mixin.py:137} INFO - [2025-02-08T22:18:58.900+0000] {dagbag.py:538} INFO - Filling up the DagBag from /home/airflow/.local/lib/python3.7/site-packages/airflow/example_dags/example_short_circuit_decorator.py
[2025-02-08T22:18:58.930+0000] {processor.py:753} INFO - DAG(s) dict_keys(['example_short_circuit_decorator']) retrieved from /home/airflow/.local/lib/python3.7/site-packages/airflow/example_dags/example_short_circuit_decorator.py
[2025-02-08T22:18:58.956+0000] {logging_mixin.py:137} INFO - [2025-02-08T22:18:58.956+0000] {dag.py:2690} INFO - Sync 1 DAGs
[2025-02-08T22:18:58.981+0000] {logging_mixin.py:137} INFO - [2025-02-08T22:18:58.980+0000] {dag.py:3441} INFO - Setting next_dagrun for example_short_circuit_decorator to 2025-02-07T22:18:58.980730+00:00, run_after=2025-02-08T22:18:58.980730+00:00
[2025-02-08T22:18:59.004+0000] {processor.py:175} INFO - Processing /home/airflow/.local/lib/python3.7/site-packages/airflow/example_dags/example_short_circuit_decorator.py took 0.109 seconds
[2025-02-08T22:19:29.601+0000] {processor.py:153} INFO - Started process (PID=2087) to work on /home/airflow/.local/lib/python3.7/site-packages/airflow/example_dags/example_short_circuit_decorator.py
[2025-02-08T22:19:29.604+0000] {processor.py:743} INFO - Processing file /home/airflow/.local/lib/python3.7/site-packages/airflow/example_dags/example_short_circuit_decorator.py for tasks to queue
[2025-02-08T22:19:29.605+0000] {logging_mixin.py:137} INFO - [2025-02-08T22:19:29.605+0000] {dagbag.py:538} INFO - Filling up the DagBag from /home/airflow/.local/lib/python3.7/site-packages/airflow/example_dags/example_short_circuit_decorator.py
[2025-02-08T22:19:29.680+0000] {processor.py:753} INFO - DAG(s) dict_keys(['example_short_circuit_decorator']) retrieved from /home/airflow/.local/lib/python3.7/site-packages/airflow/example_dags/example_short_circuit_decorator.py
[2025-02-08T22:19:29.754+0000] {logging_mixin.py:137} INFO - [2025-02-08T22:19:29.753+0000] {dag.py:2690} INFO - Sync 1 DAGs
[2025-02-08T22:19:29.813+0000] {logging_mixin.py:137} INFO - [2025-02-08T22:19:29.813+0000] {dag.py:3441} INFO - Setting next_dagrun for example_short_circuit_decorator to 2025-02-07T22:19:29.812808+00:00, run_after=2025-02-08T22:19:29.812808+00:00
[2025-02-08T22:19:29.866+0000] {processor.py:175} INFO - Processing /home/airflow/.local/lib/python3.7/site-packages/airflow/example_dags/example_short_circuit_decorator.py took 0.271 seconds
[2025-02-08T22:20:00.852+0000] {processor.py:153} INFO - Started process (PID=2157) to work on /home/airflow/.local/lib/python3.7/site-packages/airflow/example_dags/example_short_circuit_decorator.py
[2025-02-08T22:20:00.853+0000] {processor.py:743} INFO - Processing file /home/airflow/.local/lib/python3.7/site-packages/airflow/example_dags/example_short_circuit_decorator.py for tasks to queue
[2025-02-08T22:20:00.855+0000] {logging_mixin.py:137} INFO - [2025-02-08T22:20:00.854+0000] {dagbag.py:538} INFO - Filling up the DagBag from /home/airflow/.local/lib/python3.7/site-packages/airflow/example_dags/example_short_circuit_decorator.py
[2025-02-08T22:20:00.895+0000] {processor.py:753} INFO - DAG(s) dict_keys(['example_short_circuit_decorator']) retrieved from /home/airflow/.local/lib/python3.7/site-packages/airflow/example_dags/example_short_circuit_decorator.py
[2025-02-08T22:20:00.933+0000] {logging_mixin.py:137} INFO - [2025-02-08T22:20:00.932+0000] {dag.py:2690} INFO - Sync 1 DAGs
[2025-02-08T22:20:00.969+0000] {logging_mixin.py:137} INFO - [2025-02-08T22:20:00.969+0000] {dag.py:3441} INFO - Setting next_dagrun for example_short_circuit_decorator to 2025-02-07T22:20:00.968984+00:00, run_after=2025-02-08T22:20:00.968984+00:00
[2025-02-08T22:20:00.997+0000] {processor.py:175} INFO - Processing /home/airflow/.local/lib/python3.7/site-packages/airflow/example_dags/example_short_circuit_decorator.py took 0.150 seconds
[2025-02-08T22:20:31.819+0000] {processor.py:153} INFO - Started process (PID=2244) to work on /home/airflow/.local/lib/python3.7/site-packages/airflow/example_dags/example_short_circuit_decorator.py
[2025-02-08T22:20:31.820+0000] {processor.py:743} INFO - Processing file /home/airflow/.local/lib/python3.7/site-packages/airflow/example_dags/example_short_circuit_decorator.py for tasks to queue
[2025-02-08T22:20:31.821+0000] {logging_mixin.py:137} INFO - [2025-02-08T22:20:31.821+0000] {dagbag.py:538} INFO - Filling up the DagBag from /home/airflow/.local/lib/python3.7/site-packages/airflow/example_dags/example_short_circuit_decorator.py
[2025-02-08T22:20:31.845+0000] {processor.py:753} INFO - DAG(s) dict_keys(['example_short_circuit_decorator']) retrieved from /home/airflow/.local/lib/python3.7/site-packages/airflow/example_dags/example_short_circuit_decorator.py
[2025-02-08T22:20:31.872+0000] {logging_mixin.py:137} INFO - [2025-02-08T22:20:31.872+0000] {dag.py:2690} INFO - Sync 1 DAGs
[2025-02-08T22:20:31.897+0000] {logging_mixin.py:137} INFO - [2025-02-08T22:20:31.897+0000] {dag.py:3441} INFO - Setting next_dagrun for example_short_circuit_decorator to 2025-02-07T22:20:31.897048+00:00, run_after=2025-02-08T22:20:31.897048+00:00
[2025-02-08T22:20:31.920+0000] {processor.py:175} INFO - Processing /home/airflow/.local/lib/python3.7/site-packages/airflow/example_dags/example_short_circuit_decorator.py took 0.105 seconds
[2025-02-08T22:21:02.169+0000] {processor.py:153} INFO - Started process (PID=2314) to work on /home/airflow/.local/lib/python3.7/site-packages/airflow/example_dags/example_short_circuit_decorator.py
[2025-02-08T22:21:02.170+0000] {processor.py:743} INFO - Processing file /home/airflow/.local/lib/python3.7/site-packages/airflow/example_dags/example_short_circuit_decorator.py for tasks to queue
[2025-02-08T22:21:02.171+0000] {logging_mixin.py:137} INFO - [2025-02-08T22:21:02.171+0000] {dagbag.py:538} INFO - Filling up the DagBag from /home/airflow/.local/lib/python3.7/site-packages/airflow/example_dags/example_short_circuit_decorator.py
[2025-02-08T22:21:02.203+0000] {processor.py:753} INFO - DAG(s) dict_keys(['example_short_circuit_decorator']) retrieved from /home/airflow/.local/lib/python3.7/site-packages/airflow/example_dags/example_short_circuit_decorator.py
[2025-02-08T22:21:02.235+0000] {logging_mixin.py:137} INFO - [2025-02-08T22:21:02.234+0000] {dag.py:2690} INFO - Sync 1 DAGs
[2025-02-08T22:21:02.258+0000] {logging_mixin.py:137} INFO - [2025-02-08T22:21:02.258+0000] {dag.py:3441} INFO - Setting next_dagrun for example_short_circuit_decorator to 2025-02-07T22:21:02.258406+00:00, run_after=2025-02-08T22:21:02.258406+00:00
[2025-02-08T22:21:02.283+0000] {processor.py:175} INFO - Processing /home/airflow/.local/lib/python3.7/site-packages/airflow/example_dags/example_short_circuit_decorator.py took 0.116 seconds
[2025-02-08T22:21:32.647+0000] {processor.py:153} INFO - Started process (PID=2401) to work on /home/airflow/.local/lib/python3.7/site-packages/airflow/example_dags/example_short_circuit_decorator.py
[2025-02-08T22:21:32.648+0000] {processor.py:743} INFO - Processing file /home/airflow/.local/lib/python3.7/site-packages/airflow/example_dags/example_short_circuit_decorator.py for tasks to queue
[2025-02-08T22:21:32.648+0000] {logging_mixin.py:137} INFO - [2025-02-08T22:21:32.648+0000] {dagbag.py:538} INFO - Filling up the DagBag from /home/airflow/.local/lib/python3.7/site-packages/airflow/example_dags/example_short_circuit_decorator.py
[2025-02-08T22:21:32.674+0000] {processor.py:753} INFO - DAG(s) dict_keys(['example_short_circuit_decorator']) retrieved from /home/airflow/.local/lib/python3.7/site-packages/airflow/example_dags/example_short_circuit_decorator.py
[2025-02-08T22:21:32.702+0000] {logging_mixin.py:137} INFO - [2025-02-08T22:21:32.701+0000] {dag.py:2690} INFO - Sync 1 DAGs
[2025-02-08T22:21:32.732+0000] {logging_mixin.py:137} INFO - [2025-02-08T22:21:32.731+0000] {dag.py:3441} INFO - Setting next_dagrun for example_short_circuit_decorator to 2025-02-07T22:21:32.731689+00:00, run_after=2025-02-08T22:21:32.731689+00:00
[2025-02-08T22:21:32.760+0000] {processor.py:175} INFO - Processing /home/airflow/.local/lib/python3.7/site-packages/airflow/example_dags/example_short_circuit_decorator.py took 0.116 seconds
[2025-02-08T22:22:03.071+0000] {processor.py:153} INFO - Started process (PID=2472) to work on /home/airflow/.local/lib/python3.7/site-packages/airflow/example_dags/example_short_circuit_decorator.py
[2025-02-08T22:22:03.072+0000] {processor.py:743} INFO - Processing file /home/airflow/.local/lib/python3.7/site-packages/airflow/example_dags/example_short_circuit_decorator.py for tasks to queue
[2025-02-08T22:22:03.072+0000] {logging_mixin.py:137} INFO - [2025-02-08T22:22:03.072+0000] {dagbag.py:538} INFO - Filling up the DagBag from /home/airflow/.local/lib/python3.7/site-packages/airflow/example_dags/example_short_circuit_decorator.py
[2025-02-08T22:22:03.094+0000] {processor.py:753} INFO - DAG(s) dict_keys(['example_short_circuit_decorator']) retrieved from /home/airflow/.local/lib/python3.7/site-packages/airflow/example_dags/example_short_circuit_decorator.py
[2025-02-08T22:22:03.123+0000] {logging_mixin.py:137} INFO - [2025-02-08T22:22:03.123+0000] {dag.py:2690} INFO - Sync 1 DAGs
[2025-02-08T22:22:03.150+0000] {logging_mixin.py:137} INFO - [2025-02-08T22:22:03.149+0000] {dag.py:3441} INFO - Setting next_dagrun for example_short_circuit_decorator to 2025-02-07T22:22:03.149625+00:00, run_after=2025-02-08T22:22:03.149625+00:00
[2025-02-08T22:22:03.174+0000] {processor.py:175} INFO - Processing /home/airflow/.local/lib/python3.7/site-packages/airflow/example_dags/example_short_circuit_decorator.py took 0.106 seconds
[2025-02-08T22:22:33.672+0000] {processor.py:153} INFO - Started process (PID=2543) to work on /home/airflow/.local/lib/python3.7/site-packages/airflow/example_dags/example_short_circuit_decorator.py
[2025-02-08T22:22:33.673+0000] {processor.py:743} INFO - Processing file /home/airflow/.local/lib/python3.7/site-packages/airflow/example_dags/example_short_circuit_decorator.py for tasks to queue
[2025-02-08T22:22:33.674+0000] {logging_mixin.py:137} INFO - [2025-02-08T22:22:33.674+0000] {dagbag.py:538} INFO - Filling up the DagBag from /home/airflow/.local/lib/python3.7/site-packages/airflow/example_dags/example_short_circuit_decorator.py
[2025-02-08T22:22:33.706+0000] {processor.py:753} INFO - DAG(s) dict_keys(['example_short_circuit_decorator']) retrieved from /home/airflow/.local/lib/python3.7/site-packages/airflow/example_dags/example_short_circuit_decorator.py
[2025-02-08T22:22:33.748+0000] {logging_mixin.py:137} INFO - [2025-02-08T22:22:33.747+0000] {dag.py:2690} INFO - Sync 1 DAGs
[2025-02-08T22:22:33.776+0000] {logging_mixin.py:137} INFO - [2025-02-08T22:22:33.776+0000] {dag.py:3441} INFO - Setting next_dagrun for example_short_circuit_decorator to 2025-02-07T22:22:33.776020+00:00, run_after=2025-02-08T22:22:33.776020+00:00
[2025-02-08T22:22:33.798+0000] {processor.py:175} INFO - Processing /home/airflow/.local/lib/python3.7/site-packages/airflow/example_dags/example_short_circuit_decorator.py took 0.129 seconds
[2025-02-08T22:23:04.537+0000] {processor.py:153} INFO - Started process (PID=2630) to work on /home/airflow/.local/lib/python3.7/site-packages/airflow/example_dags/example_short_circuit_decorator.py
[2025-02-08T22:23:04.538+0000] {processor.py:743} INFO - Processing file /home/airflow/.local/lib/python3.7/site-packages/airflow/example_dags/example_short_circuit_decorator.py for tasks to queue
[2025-02-08T22:23:04.540+0000] {logging_mixin.py:137} INFO - [2025-02-08T22:23:04.539+0000] {dagbag.py:538} INFO - Filling up the DagBag from /home/airflow/.local/lib/python3.7/site-packages/airflow/example_dags/example_short_circuit_decorator.py
[2025-02-08T22:23:04.607+0000] {processor.py:753} INFO - DAG(s) dict_keys(['example_short_circuit_decorator']) retrieved from /home/airflow/.local/lib/python3.7/site-packages/airflow/example_dags/example_short_circuit_decorator.py
[2025-02-08T22:23:04.681+0000] {logging_mixin.py:137} INFO - [2025-02-08T22:23:04.680+0000] {dag.py:2690} INFO - Sync 1 DAGs
[2025-02-08T22:23:04.779+0000] {logging_mixin.py:137} INFO - [2025-02-08T22:23:04.778+0000] {dag.py:3441} INFO - Setting next_dagrun for example_short_circuit_decorator to 2025-02-07T22:23:04.777989+00:00, run_after=2025-02-08T22:23:04.777989+00:00
[2025-02-08T22:23:04.879+0000] {processor.py:175} INFO - Processing /home/airflow/.local/lib/python3.7/site-packages/airflow/example_dags/example_short_circuit_decorator.py took 0.347 seconds
[2025-02-08T22:23:35.411+0000] {processor.py:153} INFO - Started process (PID=2710) to work on /home/airflow/.local/lib/python3.7/site-packages/airflow/example_dags/example_short_circuit_decorator.py
[2025-02-08T22:23:35.413+0000] {processor.py:743} INFO - Processing file /home/airflow/.local/lib/python3.7/site-packages/airflow/example_dags/example_short_circuit_decorator.py for tasks to queue
[2025-02-08T22:23:35.415+0000] {logging_mixin.py:137} INFO - [2025-02-08T22:23:35.414+0000] {dagbag.py:538} INFO - Filling up the DagBag from /home/airflow/.local/lib/python3.7/site-packages/airflow/example_dags/example_short_circuit_decorator.py
[2025-02-08T22:23:35.459+0000] {processor.py:753} INFO - DAG(s) dict_keys(['example_short_circuit_decorator']) retrieved from /home/airflow/.local/lib/python3.7/site-packages/airflow/example_dags/example_short_circuit_decorator.py
[2025-02-08T22:23:35.503+0000] {logging_mixin.py:137} INFO - [2025-02-08T22:23:35.502+0000] {dag.py:2690} INFO - Sync 1 DAGs
[2025-02-08T22:23:35.546+0000] {logging_mixin.py:137} INFO - [2025-02-08T22:23:35.546+0000] {dag.py:3441} INFO - Setting next_dagrun for example_short_circuit_decorator to 2025-02-07T22:23:35.545867+00:00, run_after=2025-02-08T22:23:35.545867+00:00
[2025-02-08T22:23:35.586+0000] {processor.py:175} INFO - Processing /home/airflow/.local/lib/python3.7/site-packages/airflow/example_dags/example_short_circuit_decorator.py took 0.178 seconds
[2025-02-08T22:24:06.286+0000] {processor.py:153} INFO - Started process (PID=2788) to work on /home/airflow/.local/lib/python3.7/site-packages/airflow/example_dags/example_short_circuit_decorator.py
[2025-02-08T22:24:06.289+0000] {processor.py:743} INFO - Processing file /home/airflow/.local/lib/python3.7/site-packages/airflow/example_dags/example_short_circuit_decorator.py for tasks to queue
[2025-02-08T22:24:06.290+0000] {logging_mixin.py:137} INFO - [2025-02-08T22:24:06.290+0000] {dagbag.py:538} INFO - Filling up the DagBag from /home/airflow/.local/lib/python3.7/site-packages/airflow/example_dags/example_short_circuit_decorator.py
[2025-02-08T22:24:06.337+0000] {processor.py:753} INFO - DAG(s) dict_keys(['example_short_circuit_decorator']) retrieved from /home/airflow/.local/lib/python3.7/site-packages/airflow/example_dags/example_short_circuit_decorator.py
[2025-02-08T22:24:06.377+0000] {logging_mixin.py:137} INFO - [2025-02-08T22:24:06.377+0000] {dag.py:2690} INFO - Sync 1 DAGs
[2025-02-08T22:24:06.425+0000] {logging_mixin.py:137} INFO - [2025-02-08T22:24:06.425+0000] {dag.py:3441} INFO - Setting next_dagrun for example_short_circuit_decorator to 2025-02-07T22:24:06.423005+00:00, run_after=2025-02-08T22:24:06.423005+00:00
[2025-02-08T22:24:06.463+0000] {processor.py:175} INFO - Processing /home/airflow/.local/lib/python3.7/site-packages/airflow/example_dags/example_short_circuit_decorator.py took 0.182 seconds
[2025-02-08T22:24:37.090+0000] {processor.py:153} INFO - Started process (PID=2859) to work on /home/airflow/.local/lib/python3.7/site-packages/airflow/example_dags/example_short_circuit_decorator.py
[2025-02-08T22:24:37.092+0000] {processor.py:743} INFO - Processing file /home/airflow/.local/lib/python3.7/site-packages/airflow/example_dags/example_short_circuit_decorator.py for tasks to queue
[2025-02-08T22:24:37.093+0000] {logging_mixin.py:137} INFO - [2025-02-08T22:24:37.093+0000] {dagbag.py:538} INFO - Filling up the DagBag from /home/airflow/.local/lib/python3.7/site-packages/airflow/example_dags/example_short_circuit_decorator.py
[2025-02-08T22:24:37.188+0000] {processor.py:753} INFO - DAG(s) dict_keys(['example_short_circuit_decorator']) retrieved from /home/airflow/.local/lib/python3.7/site-packages/airflow/example_dags/example_short_circuit_decorator.py
[2025-02-08T22:24:37.577+0000] {logging_mixin.py:137} INFO - [2025-02-08T22:24:37.576+0000] {dag.py:2690} INFO - Sync 1 DAGs
[2025-02-08T22:24:37.787+0000] {logging_mixin.py:137} INFO - [2025-02-08T22:24:37.787+0000] {dag.py:3441} INFO - Setting next_dagrun for example_short_circuit_decorator to 2025-02-07T22:24:37.786929+00:00, run_after=2025-02-08T22:24:37.786929+00:00
[2025-02-08T22:24:38.196+0000] {processor.py:175} INFO - Processing /home/airflow/.local/lib/python3.7/site-packages/airflow/example_dags/example_short_circuit_decorator.py took 1.111 seconds
[2025-02-08T22:25:08.676+0000] {processor.py:153} INFO - Started process (PID=2930) to work on /home/airflow/.local/lib/python3.7/site-packages/airflow/example_dags/example_short_circuit_decorator.py
[2025-02-08T22:25:08.678+0000] {processor.py:743} INFO - Processing file /home/airflow/.local/lib/python3.7/site-packages/airflow/example_dags/example_short_circuit_decorator.py for tasks to queue
[2025-02-08T22:25:08.679+0000] {logging_mixin.py:137} INFO - [2025-02-08T22:25:08.679+0000] {dagbag.py:538} INFO - Filling up the DagBag from /home/airflow/.local/lib/python3.7/site-packages/airflow/example_dags/example_short_circuit_decorator.py
[2025-02-08T22:25:08.716+0000] {processor.py:753} INFO - DAG(s) dict_keys(['example_short_circuit_decorator']) retrieved from /home/airflow/.local/lib/python3.7/site-packages/airflow/example_dags/example_short_circuit_decorator.py
[2025-02-08T22:25:08.754+0000] {logging_mixin.py:137} INFO - [2025-02-08T22:25:08.754+0000] {dag.py:2690} INFO - Sync 1 DAGs
[2025-02-08T22:25:08.798+0000] {logging_mixin.py:137} INFO - [2025-02-08T22:25:08.797+0000] {dag.py:3441} INFO - Setting next_dagrun for example_short_circuit_decorator to 2025-02-07T22:25:08.797577+00:00, run_after=2025-02-08T22:25:08.797577+00:00
[2025-02-08T22:25:08.829+0000] {processor.py:175} INFO - Processing /home/airflow/.local/lib/python3.7/site-packages/airflow/example_dags/example_short_circuit_decorator.py took 0.160 seconds
[2025-02-08T22:25:39.051+0000] {processor.py:153} INFO - Started process (PID=3017) to work on /home/airflow/.local/lib/python3.7/site-packages/airflow/example_dags/example_short_circuit_decorator.py
[2025-02-08T22:25:39.052+0000] {processor.py:743} INFO - Processing file /home/airflow/.local/lib/python3.7/site-packages/airflow/example_dags/example_short_circuit_decorator.py for tasks to queue
[2025-02-08T22:25:39.054+0000] {logging_mixin.py:137} INFO - [2025-02-08T22:25:39.053+0000] {dagbag.py:538} INFO - Filling up the DagBag from /home/airflow/.local/lib/python3.7/site-packages/airflow/example_dags/example_short_circuit_decorator.py
[2025-02-08T22:25:39.092+0000] {processor.py:753} INFO - DAG(s) dict_keys(['example_short_circuit_decorator']) retrieved from /home/airflow/.local/lib/python3.7/site-packages/airflow/example_dags/example_short_circuit_decorator.py
[2025-02-08T22:25:39.129+0000] {logging_mixin.py:137} INFO - [2025-02-08T22:25:39.129+0000] {dag.py:2690} INFO - Sync 1 DAGs
[2025-02-08T22:25:39.164+0000] {logging_mixin.py:137} INFO - [2025-02-08T22:25:39.164+0000] {dag.py:3441} INFO - Setting next_dagrun for example_short_circuit_decorator to 2025-02-07T22:25:39.163899+00:00, run_after=2025-02-08T22:25:39.163899+00:00
[2025-02-08T22:25:39.197+0000] {processor.py:175} INFO - Processing /home/airflow/.local/lib/python3.7/site-packages/airflow/example_dags/example_short_circuit_decorator.py took 0.150 seconds
[2025-02-08T22:26:09.601+0000] {processor.py:153} INFO - Started process (PID=3089) to work on /home/airflow/.local/lib/python3.7/site-packages/airflow/example_dags/example_short_circuit_decorator.py
[2025-02-08T22:26:09.602+0000] {processor.py:743} INFO - Processing file /home/airflow/.local/lib/python3.7/site-packages/airflow/example_dags/example_short_circuit_decorator.py for tasks to queue
[2025-02-08T22:26:09.602+0000] {logging_mixin.py:137} INFO - [2025-02-08T22:26:09.602+0000] {dagbag.py:538} INFO - Filling up the DagBag from /home/airflow/.local/lib/python3.7/site-packages/airflow/example_dags/example_short_circuit_decorator.py
[2025-02-08T22:26:09.625+0000] {processor.py:753} INFO - DAG(s) dict_keys(['example_short_circuit_decorator']) retrieved from /home/airflow/.local/lib/python3.7/site-packages/airflow/example_dags/example_short_circuit_decorator.py
[2025-02-08T22:26:09.652+0000] {logging_mixin.py:137} INFO - [2025-02-08T22:26:09.652+0000] {dag.py:2690} INFO - Sync 1 DAGs
[2025-02-08T22:26:09.683+0000] {logging_mixin.py:137} INFO - [2025-02-08T22:26:09.683+0000] {dag.py:3441} INFO - Setting next_dagrun for example_short_circuit_decorator to 2025-02-07T22:26:09.683243+00:00, run_after=2025-02-08T22:26:09.683243+00:00
[2025-02-08T22:26:09.716+0000] {processor.py:175} INFO - Processing /home/airflow/.local/lib/python3.7/site-packages/airflow/example_dags/example_short_circuit_decorator.py took 0.118 seconds
[2025-02-08T22:26:40.388+0000] {processor.py:153} INFO - Started process (PID=3161) to work on /home/airflow/.local/lib/python3.7/site-packages/airflow/example_dags/example_short_circuit_decorator.py
[2025-02-08T22:26:40.389+0000] {processor.py:743} INFO - Processing file /home/airflow/.local/lib/python3.7/site-packages/airflow/example_dags/example_short_circuit_decorator.py for tasks to queue
[2025-02-08T22:26:40.390+0000] {logging_mixin.py:137} INFO - [2025-02-08T22:26:40.390+0000] {dagbag.py:538} INFO - Filling up the DagBag from /home/airflow/.local/lib/python3.7/site-packages/airflow/example_dags/example_short_circuit_decorator.py
[2025-02-08T22:26:40.412+0000] {processor.py:753} INFO - DAG(s) dict_keys(['example_short_circuit_decorator']) retrieved from /home/airflow/.local/lib/python3.7/site-packages/airflow/example_dags/example_short_circuit_decorator.py
[2025-02-08T22:26:40.437+0000] {logging_mixin.py:137} INFO - [2025-02-08T22:26:40.437+0000] {dag.py:2690} INFO - Sync 1 DAGs
[2025-02-08T22:26:40.461+0000] {logging_mixin.py:137} INFO - [2025-02-08T22:26:40.460+0000] {dag.py:3441} INFO - Setting next_dagrun for example_short_circuit_decorator to 2025-02-07T22:26:40.460656+00:00, run_after=2025-02-08T22:26:40.460656+00:00
[2025-02-08T22:26:40.484+0000] {processor.py:175} INFO - Processing /home/airflow/.local/lib/python3.7/site-packages/airflow/example_dags/example_short_circuit_decorator.py took 0.100 seconds
[2025-02-08T22:27:11.244+0000] {processor.py:153} INFO - Started process (PID=3249) to work on /home/airflow/.local/lib/python3.7/site-packages/airflow/example_dags/example_short_circuit_decorator.py
[2025-02-08T22:27:11.245+0000] {processor.py:743} INFO - Processing file /home/airflow/.local/lib/python3.7/site-packages/airflow/example_dags/example_short_circuit_decorator.py for tasks to queue
[2025-02-08T22:27:11.246+0000] {logging_mixin.py:137} INFO - [2025-02-08T22:27:11.246+0000] {dagbag.py:538} INFO - Filling up the DagBag from /home/airflow/.local/lib/python3.7/site-packages/airflow/example_dags/example_short_circuit_decorator.py
[2025-02-08T22:27:11.283+0000] {processor.py:753} INFO - DAG(s) dict_keys(['example_short_circuit_decorator']) retrieved from /home/airflow/.local/lib/python3.7/site-packages/airflow/example_dags/example_short_circuit_decorator.py
[2025-02-08T22:27:11.324+0000] {logging_mixin.py:137} INFO - [2025-02-08T22:27:11.324+0000] {dag.py:2690} INFO - Sync 1 DAGs
[2025-02-08T22:27:11.366+0000] {logging_mixin.py:137} INFO - [2025-02-08T22:27:11.366+0000] {dag.py:3441} INFO - Setting next_dagrun for example_short_circuit_decorator to 2025-02-07T22:27:11.365977+00:00, run_after=2025-02-08T22:27:11.365977+00:00
[2025-02-08T22:27:11.409+0000] {processor.py:175} INFO - Processing /home/airflow/.local/lib/python3.7/site-packages/airflow/example_dags/example_short_circuit_decorator.py took 0.169 seconds
[2025-02-08T22:27:42.188+0000] {processor.py:153} INFO - Started process (PID=3321) to work on /home/airflow/.local/lib/python3.7/site-packages/airflow/example_dags/example_short_circuit_decorator.py
[2025-02-08T22:27:42.189+0000] {processor.py:743} INFO - Processing file /home/airflow/.local/lib/python3.7/site-packages/airflow/example_dags/example_short_circuit_decorator.py for tasks to queue
[2025-02-08T22:27:42.190+0000] {logging_mixin.py:137} INFO - [2025-02-08T22:27:42.190+0000] {dagbag.py:538} INFO - Filling up the DagBag from /home/airflow/.local/lib/python3.7/site-packages/airflow/example_dags/example_short_circuit_decorator.py
[2025-02-08T22:27:42.217+0000] {processor.py:753} INFO - DAG(s) dict_keys(['example_short_circuit_decorator']) retrieved from /home/airflow/.local/lib/python3.7/site-packages/airflow/example_dags/example_short_circuit_decorator.py
[2025-02-08T22:27:42.252+0000] {logging_mixin.py:137} INFO - [2025-02-08T22:27:42.251+0000] {dag.py:2690} INFO - Sync 1 DAGs
[2025-02-08T22:27:42.280+0000] {logging_mixin.py:137} INFO - [2025-02-08T22:27:42.280+0000] {dag.py:3441} INFO - Setting next_dagrun for example_short_circuit_decorator to 2025-02-07T22:27:42.279826+00:00, run_after=2025-02-08T22:27:42.279826+00:00
[2025-02-08T22:27:42.313+0000] {processor.py:175} INFO - Processing /home/airflow/.local/lib/python3.7/site-packages/airflow/example_dags/example_short_circuit_decorator.py took 0.129 seconds
