[2025-02-08T22:06:01.936+0000] {processor.py:153} INFO - Started process (PID=53) to work on /home/airflow/.local/lib/python3.7/site-packages/airflow/example_dags/example_branch_python_dop_operator_3.py
[2025-02-08T22:06:01.938+0000] {processor.py:743} INFO - Processing file /home/airflow/.local/lib/python3.7/site-packages/airflow/example_dags/example_branch_python_dop_operator_3.py for tasks to queue
[2025-02-08T22:06:01.939+0000] {logging_mixin.py:137} INFO - [2025-02-08T22:06:01.939+0000] {dagbag.py:538} INFO - Filling up the DagBag from /home/airflow/.local/lib/python3.7/site-packages/airflow/example_dags/example_branch_python_dop_operator_3.py
[2025-02-08T22:06:02.031+0000] {processor.py:753} INFO - DAG(s) dict_keys(['example_branch_dop_operator_v3']) retrieved from /home/airflow/.local/lib/python3.7/site-packages/airflow/example_dags/example_branch_python_dop_operator_3.py
[2025-02-08T22:06:02.103+0000] {logging_mixin.py:137} INFO - [2025-02-08T22:06:02.103+0000] {dag.py:2690} INFO - Sync 1 DAGs
[2025-02-08T22:06:02.146+0000] {logging_mixin.py:137} INFO - [2025-02-08T22:06:02.145+0000] {dag.py:3441} INFO - Setting next_dagrun for example_branch_dop_operator_v3 to 2025-02-08T22:05:00+00:00, run_after=2025-02-08T22:06:00+00:00
[2025-02-08T22:06:02.174+0000] {processor.py:175} INFO - Processing /home/airflow/.local/lib/python3.7/site-packages/airflow/example_dags/example_branch_python_dop_operator_3.py took 0.243 seconds
[2025-02-08T22:06:32.860+0000] {processor.py:153} INFO - Started process (PID=124) to work on /home/airflow/.local/lib/python3.7/site-packages/airflow/example_dags/example_branch_python_dop_operator_3.py
[2025-02-08T22:06:32.877+0000] {processor.py:743} INFO - Processing file /home/airflow/.local/lib/python3.7/site-packages/airflow/example_dags/example_branch_python_dop_operator_3.py for tasks to queue
[2025-02-08T22:06:32.886+0000] {logging_mixin.py:137} INFO - [2025-02-08T22:06:32.884+0000] {dagbag.py:538} INFO - Filling up the DagBag from /home/airflow/.local/lib/python3.7/site-packages/airflow/example_dags/example_branch_python_dop_operator_3.py
[2025-02-08T22:06:33.534+0000] {processor.py:753} INFO - DAG(s) dict_keys(['example_branch_dop_operator_v3']) retrieved from /home/airflow/.local/lib/python3.7/site-packages/airflow/example_dags/example_branch_python_dop_operator_3.py
[2025-02-08T22:06:33.705+0000] {logging_mixin.py:137} INFO - [2025-02-08T22:06:33.705+0000] {dag.py:2690} INFO - Sync 1 DAGs
[2025-02-08T22:06:33.874+0000] {logging_mixin.py:137} INFO - [2025-02-08T22:06:33.873+0000] {dag.py:3441} INFO - Setting next_dagrun for example_branch_dop_operator_v3 to 2025-02-08T22:05:00+00:00, run_after=2025-02-08T22:06:00+00:00
[2025-02-08T22:06:33.944+0000] {processor.py:175} INFO - Processing /home/airflow/.local/lib/python3.7/site-packages/airflow/example_dags/example_branch_python_dop_operator_3.py took 1.138 seconds
[2025-02-08T22:07:04.760+0000] {processor.py:153} INFO - Started process (PID=195) to work on /home/airflow/.local/lib/python3.7/site-packages/airflow/example_dags/example_branch_python_dop_operator_3.py
[2025-02-08T22:07:04.760+0000] {processor.py:743} INFO - Processing file /home/airflow/.local/lib/python3.7/site-packages/airflow/example_dags/example_branch_python_dop_operator_3.py for tasks to queue
[2025-02-08T22:07:04.761+0000] {logging_mixin.py:137} INFO - [2025-02-08T22:07:04.761+0000] {dagbag.py:538} INFO - Filling up the DagBag from /home/airflow/.local/lib/python3.7/site-packages/airflow/example_dags/example_branch_python_dop_operator_3.py
[2025-02-08T22:07:04.782+0000] {processor.py:753} INFO - DAG(s) dict_keys(['example_branch_dop_operator_v3']) retrieved from /home/airflow/.local/lib/python3.7/site-packages/airflow/example_dags/example_branch_python_dop_operator_3.py
[2025-02-08T22:07:04.804+0000] {logging_mixin.py:137} INFO - [2025-02-08T22:07:04.803+0000] {dag.py:2690} INFO - Sync 1 DAGs
[2025-02-08T22:07:04.835+0000] {logging_mixin.py:137} INFO - [2025-02-08T22:07:04.834+0000] {dag.py:3441} INFO - Setting next_dagrun for example_branch_dop_operator_v3 to 2025-02-08T22:06:00+00:00, run_after=2025-02-08T22:07:00+00:00
[2025-02-08T22:07:04.864+0000] {processor.py:175} INFO - Processing /home/airflow/.local/lib/python3.7/site-packages/airflow/example_dags/example_branch_python_dop_operator_3.py took 0.107 seconds
[2025-02-08T22:07:35.280+0000] {processor.py:153} INFO - Started process (PID=266) to work on /home/airflow/.local/lib/python3.7/site-packages/airflow/example_dags/example_branch_python_dop_operator_3.py
[2025-02-08T22:07:35.281+0000] {processor.py:743} INFO - Processing file /home/airflow/.local/lib/python3.7/site-packages/airflow/example_dags/example_branch_python_dop_operator_3.py for tasks to queue
[2025-02-08T22:07:35.282+0000] {logging_mixin.py:137} INFO - [2025-02-08T22:07:35.282+0000] {dagbag.py:538} INFO - Filling up the DagBag from /home/airflow/.local/lib/python3.7/site-packages/airflow/example_dags/example_branch_python_dop_operator_3.py
[2025-02-08T22:07:35.302+0000] {processor.py:753} INFO - DAG(s) dict_keys(['example_branch_dop_operator_v3']) retrieved from /home/airflow/.local/lib/python3.7/site-packages/airflow/example_dags/example_branch_python_dop_operator_3.py
[2025-02-08T22:07:35.326+0000] {logging_mixin.py:137} INFO - [2025-02-08T22:07:35.325+0000] {dag.py:2690} INFO - Sync 1 DAGs
[2025-02-08T22:07:35.350+0000] {logging_mixin.py:137} INFO - [2025-02-08T22:07:35.350+0000] {dag.py:3441} INFO - Setting next_dagrun for example_branch_dop_operator_v3 to 2025-02-08T22:06:00+00:00, run_after=2025-02-08T22:07:00+00:00
[2025-02-08T22:07:35.371+0000] {processor.py:175} INFO - Processing /home/airflow/.local/lib/python3.7/site-packages/airflow/example_dags/example_branch_python_dop_operator_3.py took 0.094 seconds
[2025-02-08T22:08:05.958+0000] {processor.py:153} INFO - Started process (PID=353) to work on /home/airflow/.local/lib/python3.7/site-packages/airflow/example_dags/example_branch_python_dop_operator_3.py
[2025-02-08T22:08:05.959+0000] {processor.py:743} INFO - Processing file /home/airflow/.local/lib/python3.7/site-packages/airflow/example_dags/example_branch_python_dop_operator_3.py for tasks to queue
[2025-02-08T22:08:05.959+0000] {logging_mixin.py:137} INFO - [2025-02-08T22:08:05.959+0000] {dagbag.py:538} INFO - Filling up the DagBag from /home/airflow/.local/lib/python3.7/site-packages/airflow/example_dags/example_branch_python_dop_operator_3.py
[2025-02-08T22:08:05.979+0000] {processor.py:753} INFO - DAG(s) dict_keys(['example_branch_dop_operator_v3']) retrieved from /home/airflow/.local/lib/python3.7/site-packages/airflow/example_dags/example_branch_python_dop_operator_3.py
[2025-02-08T22:08:06.002+0000] {logging_mixin.py:137} INFO - [2025-02-08T22:08:06.002+0000] {dag.py:2690} INFO - Sync 1 DAGs
[2025-02-08T22:08:06.029+0000] {logging_mixin.py:137} INFO - [2025-02-08T22:08:06.028+0000] {dag.py:3441} INFO - Setting next_dagrun for example_branch_dop_operator_v3 to 2025-02-08T22:07:00+00:00, run_after=2025-02-08T22:08:00+00:00
[2025-02-08T22:08:06.052+0000] {processor.py:175} INFO - Processing /home/airflow/.local/lib/python3.7/site-packages/airflow/example_dags/example_branch_python_dop_operator_3.py took 0.097 seconds
[2025-02-08T22:08:36.605+0000] {processor.py:153} INFO - Started process (PID=424) to work on /home/airflow/.local/lib/python3.7/site-packages/airflow/example_dags/example_branch_python_dop_operator_3.py
[2025-02-08T22:08:36.606+0000] {processor.py:743} INFO - Processing file /home/airflow/.local/lib/python3.7/site-packages/airflow/example_dags/example_branch_python_dop_operator_3.py for tasks to queue
[2025-02-08T22:08:36.607+0000] {logging_mixin.py:137} INFO - [2025-02-08T22:08:36.607+0000] {dagbag.py:538} INFO - Filling up the DagBag from /home/airflow/.local/lib/python3.7/site-packages/airflow/example_dags/example_branch_python_dop_operator_3.py
[2025-02-08T22:08:36.638+0000] {processor.py:753} INFO - DAG(s) dict_keys(['example_branch_dop_operator_v3']) retrieved from /home/airflow/.local/lib/python3.7/site-packages/airflow/example_dags/example_branch_python_dop_operator_3.py
[2025-02-08T22:08:36.671+0000] {logging_mixin.py:137} INFO - [2025-02-08T22:08:36.671+0000] {dag.py:2690} INFO - Sync 1 DAGs
[2025-02-08T22:08:36.713+0000] {logging_mixin.py:137} INFO - [2025-02-08T22:08:36.712+0000] {dag.py:3441} INFO - Setting next_dagrun for example_branch_dop_operator_v3 to 2025-02-08T22:07:00+00:00, run_after=2025-02-08T22:08:00+00:00
[2025-02-08T22:08:36.749+0000] {processor.py:175} INFO - Processing /home/airflow/.local/lib/python3.7/site-packages/airflow/example_dags/example_branch_python_dop_operator_3.py took 0.148 seconds
[2025-02-08T22:09:06.802+0000] {processor.py:153} INFO - Started process (PID=495) to work on /home/airflow/.local/lib/python3.7/site-packages/airflow/example_dags/example_branch_python_dop_operator_3.py
[2025-02-08T22:09:06.803+0000] {processor.py:743} INFO - Processing file /home/airflow/.local/lib/python3.7/site-packages/airflow/example_dags/example_branch_python_dop_operator_3.py for tasks to queue
[2025-02-08T22:09:06.804+0000] {logging_mixin.py:137} INFO - [2025-02-08T22:09:06.804+0000] {dagbag.py:538} INFO - Filling up the DagBag from /home/airflow/.local/lib/python3.7/site-packages/airflow/example_dags/example_branch_python_dop_operator_3.py
[2025-02-08T22:09:06.823+0000] {processor.py:753} INFO - DAG(s) dict_keys(['example_branch_dop_operator_v3']) retrieved from /home/airflow/.local/lib/python3.7/site-packages/airflow/example_dags/example_branch_python_dop_operator_3.py
[2025-02-08T22:09:06.846+0000] {logging_mixin.py:137} INFO - [2025-02-08T22:09:06.846+0000] {dag.py:2690} INFO - Sync 1 DAGs
[2025-02-08T22:09:06.872+0000] {logging_mixin.py:137} INFO - [2025-02-08T22:09:06.872+0000] {dag.py:3441} INFO - Setting next_dagrun for example_branch_dop_operator_v3 to 2025-02-08T22:08:00+00:00, run_after=2025-02-08T22:09:00+00:00
[2025-02-08T22:09:06.894+0000] {processor.py:175} INFO - Processing /home/airflow/.local/lib/python3.7/site-packages/airflow/example_dags/example_branch_python_dop_operator_3.py took 0.094 seconds
[2025-02-08T22:09:37.017+0000] {processor.py:153} INFO - Started process (PID=582) to work on /home/airflow/.local/lib/python3.7/site-packages/airflow/example_dags/example_branch_python_dop_operator_3.py
[2025-02-08T22:09:37.018+0000] {processor.py:743} INFO - Processing file /home/airflow/.local/lib/python3.7/site-packages/airflow/example_dags/example_branch_python_dop_operator_3.py for tasks to queue
[2025-02-08T22:09:37.019+0000] {logging_mixin.py:137} INFO - [2025-02-08T22:09:37.019+0000] {dagbag.py:538} INFO - Filling up the DagBag from /home/airflow/.local/lib/python3.7/site-packages/airflow/example_dags/example_branch_python_dop_operator_3.py
[2025-02-08T22:09:37.049+0000] {processor.py:753} INFO - DAG(s) dict_keys(['example_branch_dop_operator_v3']) retrieved from /home/airflow/.local/lib/python3.7/site-packages/airflow/example_dags/example_branch_python_dop_operator_3.py
[2025-02-08T22:09:37.082+0000] {logging_mixin.py:137} INFO - [2025-02-08T22:09:37.081+0000] {dag.py:2690} INFO - Sync 1 DAGs
[2025-02-08T22:09:37.120+0000] {logging_mixin.py:137} INFO - [2025-02-08T22:09:37.119+0000] {dag.py:3441} INFO - Setting next_dagrun for example_branch_dop_operator_v3 to 2025-02-08T22:08:00+00:00, run_after=2025-02-08T22:09:00+00:00
[2025-02-08T22:09:37.148+0000] {processor.py:175} INFO - Processing /home/airflow/.local/lib/python3.7/site-packages/airflow/example_dags/example_branch_python_dop_operator_3.py took 0.135 seconds
[2025-02-08T22:10:07.769+0000] {processor.py:153} INFO - Started process (PID=653) to work on /home/airflow/.local/lib/python3.7/site-packages/airflow/example_dags/example_branch_python_dop_operator_3.py
[2025-02-08T22:10:07.770+0000] {processor.py:743} INFO - Processing file /home/airflow/.local/lib/python3.7/site-packages/airflow/example_dags/example_branch_python_dop_operator_3.py for tasks to queue
[2025-02-08T22:10:07.771+0000] {logging_mixin.py:137} INFO - [2025-02-08T22:10:07.771+0000] {dagbag.py:538} INFO - Filling up the DagBag from /home/airflow/.local/lib/python3.7/site-packages/airflow/example_dags/example_branch_python_dop_operator_3.py
[2025-02-08T22:10:07.790+0000] {processor.py:753} INFO - DAG(s) dict_keys(['example_branch_dop_operator_v3']) retrieved from /home/airflow/.local/lib/python3.7/site-packages/airflow/example_dags/example_branch_python_dop_operator_3.py
[2025-02-08T22:10:07.813+0000] {logging_mixin.py:137} INFO - [2025-02-08T22:10:07.813+0000] {dag.py:2690} INFO - Sync 1 DAGs
[2025-02-08T22:10:07.839+0000] {logging_mixin.py:137} INFO - [2025-02-08T22:10:07.838+0000] {dag.py:3441} INFO - Setting next_dagrun for example_branch_dop_operator_v3 to 2025-02-08T22:09:00+00:00, run_after=2025-02-08T22:10:00+00:00
[2025-02-08T22:10:07.860+0000] {processor.py:175} INFO - Processing /home/airflow/.local/lib/python3.7/site-packages/airflow/example_dags/example_branch_python_dop_operator_3.py took 0.093 seconds
[2025-02-08T22:10:38.564+0000] {processor.py:153} INFO - Started process (PID=740) to work on /home/airflow/.local/lib/python3.7/site-packages/airflow/example_dags/example_branch_python_dop_operator_3.py
[2025-02-08T22:10:38.565+0000] {processor.py:743} INFO - Processing file /home/airflow/.local/lib/python3.7/site-packages/airflow/example_dags/example_branch_python_dop_operator_3.py for tasks to queue
[2025-02-08T22:10:38.566+0000] {logging_mixin.py:137} INFO - [2025-02-08T22:10:38.565+0000] {dagbag.py:538} INFO - Filling up the DagBag from /home/airflow/.local/lib/python3.7/site-packages/airflow/example_dags/example_branch_python_dop_operator_3.py
[2025-02-08T22:10:38.586+0000] {processor.py:753} INFO - DAG(s) dict_keys(['example_branch_dop_operator_v3']) retrieved from /home/airflow/.local/lib/python3.7/site-packages/airflow/example_dags/example_branch_python_dop_operator_3.py
[2025-02-08T22:10:38.609+0000] {logging_mixin.py:137} INFO - [2025-02-08T22:10:38.609+0000] {dag.py:2690} INFO - Sync 1 DAGs
[2025-02-08T22:10:38.636+0000] {logging_mixin.py:137} INFO - [2025-02-08T22:10:38.636+0000] {dag.py:3441} INFO - Setting next_dagrun for example_branch_dop_operator_v3 to 2025-02-08T22:09:00+00:00, run_after=2025-02-08T22:10:00+00:00
[2025-02-08T22:10:38.658+0000] {processor.py:175} INFO - Processing /home/airflow/.local/lib/python3.7/site-packages/airflow/example_dags/example_branch_python_dop_operator_3.py took 0.097 seconds
[2025-02-08T22:11:08.763+0000] {processor.py:153} INFO - Started process (PID=811) to work on /home/airflow/.local/lib/python3.7/site-packages/airflow/example_dags/example_branch_python_dop_operator_3.py
[2025-02-08T22:11:08.764+0000] {processor.py:743} INFO - Processing file /home/airflow/.local/lib/python3.7/site-packages/airflow/example_dags/example_branch_python_dop_operator_3.py for tasks to queue
[2025-02-08T22:11:08.765+0000] {logging_mixin.py:137} INFO - [2025-02-08T22:11:08.765+0000] {dagbag.py:538} INFO - Filling up the DagBag from /home/airflow/.local/lib/python3.7/site-packages/airflow/example_dags/example_branch_python_dop_operator_3.py
[2025-02-08T22:11:08.785+0000] {processor.py:753} INFO - DAG(s) dict_keys(['example_branch_dop_operator_v3']) retrieved from /home/airflow/.local/lib/python3.7/site-packages/airflow/example_dags/example_branch_python_dop_operator_3.py
[2025-02-08T22:11:08.809+0000] {logging_mixin.py:137} INFO - [2025-02-08T22:11:08.809+0000] {dag.py:2690} INFO - Sync 1 DAGs
[2025-02-08T22:11:08.836+0000] {logging_mixin.py:137} INFO - [2025-02-08T22:11:08.836+0000] {dag.py:3441} INFO - Setting next_dagrun for example_branch_dop_operator_v3 to 2025-02-08T22:10:00+00:00, run_after=2025-02-08T22:11:00+00:00
[2025-02-08T22:11:08.859+0000] {processor.py:175} INFO - Processing /home/airflow/.local/lib/python3.7/site-packages/airflow/example_dags/example_branch_python_dop_operator_3.py took 0.098 seconds
[2025-02-08T22:11:39.102+0000] {processor.py:153} INFO - Started process (PID=891) to work on /home/airflow/.local/lib/python3.7/site-packages/airflow/example_dags/example_branch_python_dop_operator_3.py
[2025-02-08T22:11:39.103+0000] {processor.py:743} INFO - Processing file /home/airflow/.local/lib/python3.7/site-packages/airflow/example_dags/example_branch_python_dop_operator_3.py for tasks to queue
[2025-02-08T22:11:39.103+0000] {logging_mixin.py:137} INFO - [2025-02-08T22:11:39.103+0000] {dagbag.py:538} INFO - Filling up the DagBag from /home/airflow/.local/lib/python3.7/site-packages/airflow/example_dags/example_branch_python_dop_operator_3.py
[2025-02-08T22:11:39.127+0000] {processor.py:753} INFO - DAG(s) dict_keys(['example_branch_dop_operator_v3']) retrieved from /home/airflow/.local/lib/python3.7/site-packages/airflow/example_dags/example_branch_python_dop_operator_3.py
[2025-02-08T22:11:39.158+0000] {logging_mixin.py:137} INFO - [2025-02-08T22:11:39.158+0000] {dag.py:2690} INFO - Sync 1 DAGs
[2025-02-08T22:11:39.198+0000] {logging_mixin.py:137} INFO - [2025-02-08T22:11:39.198+0000] {dag.py:3441} INFO - Setting next_dagrun for example_branch_dop_operator_v3 to 2025-02-08T22:10:00+00:00, run_after=2025-02-08T22:11:00+00:00
[2025-02-08T22:11:39.222+0000] {processor.py:175} INFO - Processing /home/airflow/.local/lib/python3.7/site-packages/airflow/example_dags/example_branch_python_dop_operator_3.py took 0.123 seconds
[2025-02-08T22:12:09.264+0000] {processor.py:153} INFO - Started process (PID=969) to work on /home/airflow/.local/lib/python3.7/site-packages/airflow/example_dags/example_branch_python_dop_operator_3.py
[2025-02-08T22:12:09.265+0000] {processor.py:743} INFO - Processing file /home/airflow/.local/lib/python3.7/site-packages/airflow/example_dags/example_branch_python_dop_operator_3.py for tasks to queue
[2025-02-08T22:12:09.266+0000] {logging_mixin.py:137} INFO - [2025-02-08T22:12:09.266+0000] {dagbag.py:538} INFO - Filling up the DagBag from /home/airflow/.local/lib/python3.7/site-packages/airflow/example_dags/example_branch_python_dop_operator_3.py
[2025-02-08T22:12:09.289+0000] {processor.py:753} INFO - DAG(s) dict_keys(['example_branch_dop_operator_v3']) retrieved from /home/airflow/.local/lib/python3.7/site-packages/airflow/example_dags/example_branch_python_dop_operator_3.py
[2025-02-08T22:12:09.315+0000] {logging_mixin.py:137} INFO - [2025-02-08T22:12:09.315+0000] {dag.py:2690} INFO - Sync 1 DAGs
[2025-02-08T22:12:09.345+0000] {logging_mixin.py:137} INFO - [2025-02-08T22:12:09.344+0000] {dag.py:3441} INFO - Setting next_dagrun for example_branch_dop_operator_v3 to 2025-02-08T22:11:00+00:00, run_after=2025-02-08T22:12:00+00:00
[2025-02-08T22:12:09.366+0000] {processor.py:175} INFO - Processing /home/airflow/.local/lib/python3.7/site-packages/airflow/example_dags/example_branch_python_dop_operator_3.py took 0.105 seconds
[2025-02-08T22:12:40.022+0000] {processor.py:153} INFO - Started process (PID=1048) to work on /home/airflow/.local/lib/python3.7/site-packages/airflow/example_dags/example_branch_python_dop_operator_3.py
[2025-02-08T22:12:40.023+0000] {processor.py:743} INFO - Processing file /home/airflow/.local/lib/python3.7/site-packages/airflow/example_dags/example_branch_python_dop_operator_3.py for tasks to queue
[2025-02-08T22:12:40.024+0000] {logging_mixin.py:137} INFO - [2025-02-08T22:12:40.024+0000] {dagbag.py:538} INFO - Filling up the DagBag from /home/airflow/.local/lib/python3.7/site-packages/airflow/example_dags/example_branch_python_dop_operator_3.py
[2025-02-08T22:12:40.047+0000] {processor.py:753} INFO - DAG(s) dict_keys(['example_branch_dop_operator_v3']) retrieved from /home/airflow/.local/lib/python3.7/site-packages/airflow/example_dags/example_branch_python_dop_operator_3.py
[2025-02-08T22:12:40.082+0000] {logging_mixin.py:137} INFO - [2025-02-08T22:12:40.082+0000] {dag.py:2690} INFO - Sync 1 DAGs
[2025-02-08T22:12:40.112+0000] {logging_mixin.py:137} INFO - [2025-02-08T22:12:40.111+0000] {dag.py:3441} INFO - Setting next_dagrun for example_branch_dop_operator_v3 to 2025-02-08T22:11:00+00:00, run_after=2025-02-08T22:12:00+00:00
[2025-02-08T22:12:40.136+0000] {processor.py:175} INFO - Processing /home/airflow/.local/lib/python3.7/site-packages/airflow/example_dags/example_branch_python_dop_operator_3.py took 0.117 seconds
[2025-02-08T22:13:10.255+0000] {processor.py:153} INFO - Started process (PID=1128) to work on /home/airflow/.local/lib/python3.7/site-packages/airflow/example_dags/example_branch_python_dop_operator_3.py
[2025-02-08T22:13:10.257+0000] {processor.py:743} INFO - Processing file /home/airflow/.local/lib/python3.7/site-packages/airflow/example_dags/example_branch_python_dop_operator_3.py for tasks to queue
[2025-02-08T22:13:10.257+0000] {logging_mixin.py:137} INFO - [2025-02-08T22:13:10.257+0000] {dagbag.py:538} INFO - Filling up the DagBag from /home/airflow/.local/lib/python3.7/site-packages/airflow/example_dags/example_branch_python_dop_operator_3.py
[2025-02-08T22:13:10.289+0000] {processor.py:753} INFO - DAG(s) dict_keys(['example_branch_dop_operator_v3']) retrieved from /home/airflow/.local/lib/python3.7/site-packages/airflow/example_dags/example_branch_python_dop_operator_3.py
[2025-02-08T22:13:10.338+0000] {logging_mixin.py:137} INFO - [2025-02-08T22:13:10.338+0000] {dag.py:2690} INFO - Sync 1 DAGs
[2025-02-08T22:13:10.376+0000] {logging_mixin.py:137} INFO - [2025-02-08T22:13:10.376+0000] {dag.py:3441} INFO - Setting next_dagrun for example_branch_dop_operator_v3 to 2025-02-08T22:12:00+00:00, run_after=2025-02-08T22:13:00+00:00
[2025-02-08T22:13:10.402+0000] {processor.py:175} INFO - Processing /home/airflow/.local/lib/python3.7/site-packages/airflow/example_dags/example_branch_python_dop_operator_3.py took 0.150 seconds
[2025-02-08T22:13:41.190+0000] {processor.py:153} INFO - Started process (PID=1199) to work on /home/airflow/.local/lib/python3.7/site-packages/airflow/example_dags/example_branch_python_dop_operator_3.py
[2025-02-08T22:13:41.191+0000] {processor.py:743} INFO - Processing file /home/airflow/.local/lib/python3.7/site-packages/airflow/example_dags/example_branch_python_dop_operator_3.py for tasks to queue
[2025-02-08T22:13:41.192+0000] {logging_mixin.py:137} INFO - [2025-02-08T22:13:41.192+0000] {dagbag.py:538} INFO - Filling up the DagBag from /home/airflow/.local/lib/python3.7/site-packages/airflow/example_dags/example_branch_python_dop_operator_3.py
[2025-02-08T22:13:41.211+0000] {processor.py:753} INFO - DAG(s) dict_keys(['example_branch_dop_operator_v3']) retrieved from /home/airflow/.local/lib/python3.7/site-packages/airflow/example_dags/example_branch_python_dop_operator_3.py
[2025-02-08T22:13:41.236+0000] {logging_mixin.py:137} INFO - [2025-02-08T22:13:41.236+0000] {dag.py:2690} INFO - Sync 1 DAGs
[2025-02-08T22:13:41.264+0000] {logging_mixin.py:137} INFO - [2025-02-08T22:13:41.263+0000] {dag.py:3441} INFO - Setting next_dagrun for example_branch_dop_operator_v3 to 2025-02-08T22:12:00+00:00, run_after=2025-02-08T22:13:00+00:00
[2025-02-08T22:13:41.299+0000] {processor.py:175} INFO - Processing /home/airflow/.local/lib/python3.7/site-packages/airflow/example_dags/example_branch_python_dop_operator_3.py took 0.111 seconds
[2025-02-08T22:14:11.699+0000] {processor.py:153} INFO - Started process (PID=1286) to work on /home/airflow/.local/lib/python3.7/site-packages/airflow/example_dags/example_branch_python_dop_operator_3.py
[2025-02-08T22:14:11.700+0000] {processor.py:743} INFO - Processing file /home/airflow/.local/lib/python3.7/site-packages/airflow/example_dags/example_branch_python_dop_operator_3.py for tasks to queue
[2025-02-08T22:14:11.701+0000] {logging_mixin.py:137} INFO - [2025-02-08T22:14:11.701+0000] {dagbag.py:538} INFO - Filling up the DagBag from /home/airflow/.local/lib/python3.7/site-packages/airflow/example_dags/example_branch_python_dop_operator_3.py
[2025-02-08T22:14:11.732+0000] {processor.py:753} INFO - DAG(s) dict_keys(['example_branch_dop_operator_v3']) retrieved from /home/airflow/.local/lib/python3.7/site-packages/airflow/example_dags/example_branch_python_dop_operator_3.py
[2025-02-08T22:14:11.762+0000] {logging_mixin.py:137} INFO - [2025-02-08T22:14:11.762+0000] {dag.py:2690} INFO - Sync 1 DAGs
[2025-02-08T22:14:11.795+0000] {logging_mixin.py:137} INFO - [2025-02-08T22:14:11.795+0000] {dag.py:3441} INFO - Setting next_dagrun for example_branch_dop_operator_v3 to 2025-02-08T22:13:00+00:00, run_after=2025-02-08T22:14:00+00:00
[2025-02-08T22:14:11.825+0000] {processor.py:175} INFO - Processing /home/airflow/.local/lib/python3.7/site-packages/airflow/example_dags/example_branch_python_dop_operator_3.py took 0.129 seconds
[2025-02-08T22:14:42.026+0000] {processor.py:153} INFO - Started process (PID=1357) to work on /home/airflow/.local/lib/python3.7/site-packages/airflow/example_dags/example_branch_python_dop_operator_3.py
[2025-02-08T22:14:42.027+0000] {processor.py:743} INFO - Processing file /home/airflow/.local/lib/python3.7/site-packages/airflow/example_dags/example_branch_python_dop_operator_3.py for tasks to queue
[2025-02-08T22:14:42.029+0000] {logging_mixin.py:137} INFO - [2025-02-08T22:14:42.029+0000] {dagbag.py:538} INFO - Filling up the DagBag from /home/airflow/.local/lib/python3.7/site-packages/airflow/example_dags/example_branch_python_dop_operator_3.py
[2025-02-08T22:14:42.070+0000] {processor.py:753} INFO - DAG(s) dict_keys(['example_branch_dop_operator_v3']) retrieved from /home/airflow/.local/lib/python3.7/site-packages/airflow/example_dags/example_branch_python_dop_operator_3.py
[2025-02-08T22:14:42.105+0000] {logging_mixin.py:137} INFO - [2025-02-08T22:14:42.105+0000] {dag.py:2690} INFO - Sync 1 DAGs
[2025-02-08T22:14:42.159+0000] {logging_mixin.py:137} INFO - [2025-02-08T22:14:42.158+0000] {dag.py:3441} INFO - Setting next_dagrun for example_branch_dop_operator_v3 to 2025-02-08T22:13:00+00:00, run_after=2025-02-08T22:14:00+00:00
[2025-02-08T22:14:42.201+0000] {processor.py:175} INFO - Processing /home/airflow/.local/lib/python3.7/site-packages/airflow/example_dags/example_branch_python_dop_operator_3.py took 0.180 seconds
[2025-02-08T22:15:13.223+0000] {processor.py:153} INFO - Started process (PID=1428) to work on /home/airflow/.local/lib/python3.7/site-packages/airflow/example_dags/example_branch_python_dop_operator_3.py
[2025-02-08T22:15:13.224+0000] {processor.py:743} INFO - Processing file /home/airflow/.local/lib/python3.7/site-packages/airflow/example_dags/example_branch_python_dop_operator_3.py for tasks to queue
[2025-02-08T22:15:13.225+0000] {logging_mixin.py:137} INFO - [2025-02-08T22:15:13.224+0000] {dagbag.py:538} INFO - Filling up the DagBag from /home/airflow/.local/lib/python3.7/site-packages/airflow/example_dags/example_branch_python_dop_operator_3.py
[2025-02-08T22:15:13.260+0000] {processor.py:753} INFO - DAG(s) dict_keys(['example_branch_dop_operator_v3']) retrieved from /home/airflow/.local/lib/python3.7/site-packages/airflow/example_dags/example_branch_python_dop_operator_3.py
[2025-02-08T22:15:13.295+0000] {logging_mixin.py:137} INFO - [2025-02-08T22:15:13.295+0000] {dag.py:2690} INFO - Sync 1 DAGs
[2025-02-08T22:15:13.341+0000] {logging_mixin.py:137} INFO - [2025-02-08T22:15:13.341+0000] {dag.py:3441} INFO - Setting next_dagrun for example_branch_dop_operator_v3 to 2025-02-08T22:14:00+00:00, run_after=2025-02-08T22:15:00+00:00
[2025-02-08T22:15:13.369+0000] {processor.py:175} INFO - Processing /home/airflow/.local/lib/python3.7/site-packages/airflow/example_dags/example_branch_python_dop_operator_3.py took 0.149 seconds
[2025-02-08T22:15:43.438+0000] {processor.py:153} INFO - Started process (PID=1515) to work on /home/airflow/.local/lib/python3.7/site-packages/airflow/example_dags/example_branch_python_dop_operator_3.py
[2025-02-08T22:15:43.439+0000] {processor.py:743} INFO - Processing file /home/airflow/.local/lib/python3.7/site-packages/airflow/example_dags/example_branch_python_dop_operator_3.py for tasks to queue
[2025-02-08T22:15:43.439+0000] {logging_mixin.py:137} INFO - [2025-02-08T22:15:43.439+0000] {dagbag.py:538} INFO - Filling up the DagBag from /home/airflow/.local/lib/python3.7/site-packages/airflow/example_dags/example_branch_python_dop_operator_3.py
[2025-02-08T22:15:43.459+0000] {processor.py:753} INFO - DAG(s) dict_keys(['example_branch_dop_operator_v3']) retrieved from /home/airflow/.local/lib/python3.7/site-packages/airflow/example_dags/example_branch_python_dop_operator_3.py
[2025-02-08T22:15:43.484+0000] {logging_mixin.py:137} INFO - [2025-02-08T22:15:43.484+0000] {dag.py:2690} INFO - Sync 1 DAGs
[2025-02-08T22:15:43.514+0000] {logging_mixin.py:137} INFO - [2025-02-08T22:15:43.514+0000] {dag.py:3441} INFO - Setting next_dagrun for example_branch_dop_operator_v3 to 2025-02-08T22:14:00+00:00, run_after=2025-02-08T22:15:00+00:00
[2025-02-08T22:15:43.538+0000] {processor.py:175} INFO - Processing /home/airflow/.local/lib/python3.7/site-packages/airflow/example_dags/example_branch_python_dop_operator_3.py took 0.103 seconds
[2025-02-08T22:16:14.288+0000] {processor.py:153} INFO - Started process (PID=1586) to work on /home/airflow/.local/lib/python3.7/site-packages/airflow/example_dags/example_branch_python_dop_operator_3.py
[2025-02-08T22:16:14.290+0000] {processor.py:743} INFO - Processing file /home/airflow/.local/lib/python3.7/site-packages/airflow/example_dags/example_branch_python_dop_operator_3.py for tasks to queue
[2025-02-08T22:16:14.290+0000] {logging_mixin.py:137} INFO - [2025-02-08T22:16:14.290+0000] {dagbag.py:538} INFO - Filling up the DagBag from /home/airflow/.local/lib/python3.7/site-packages/airflow/example_dags/example_branch_python_dop_operator_3.py
[2025-02-08T22:16:14.315+0000] {processor.py:753} INFO - DAG(s) dict_keys(['example_branch_dop_operator_v3']) retrieved from /home/airflow/.local/lib/python3.7/site-packages/airflow/example_dags/example_branch_python_dop_operator_3.py
[2025-02-08T22:16:14.341+0000] {logging_mixin.py:137} INFO - [2025-02-08T22:16:14.341+0000] {dag.py:2690} INFO - Sync 1 DAGs
[2025-02-08T22:16:14.369+0000] {logging_mixin.py:137} INFO - [2025-02-08T22:16:14.369+0000] {dag.py:3441} INFO - Setting next_dagrun for example_branch_dop_operator_v3 to 2025-02-08T22:15:00+00:00, run_after=2025-02-08T22:16:00+00:00
[2025-02-08T22:16:14.397+0000] {processor.py:175} INFO - Processing /home/airflow/.local/lib/python3.7/site-packages/airflow/example_dags/example_branch_python_dop_operator_3.py took 0.114 seconds
[2025-02-08T22:16:44.473+0000] {processor.py:153} INFO - Started process (PID=1673) to work on /home/airflow/.local/lib/python3.7/site-packages/airflow/example_dags/example_branch_python_dop_operator_3.py
[2025-02-08T22:16:44.474+0000] {processor.py:743} INFO - Processing file /home/airflow/.local/lib/python3.7/site-packages/airflow/example_dags/example_branch_python_dop_operator_3.py for tasks to queue
[2025-02-08T22:16:44.476+0000] {logging_mixin.py:137} INFO - [2025-02-08T22:16:44.475+0000] {dagbag.py:538} INFO - Filling up the DagBag from /home/airflow/.local/lib/python3.7/site-packages/airflow/example_dags/example_branch_python_dop_operator_3.py
[2025-02-08T22:16:44.509+0000] {processor.py:753} INFO - DAG(s) dict_keys(['example_branch_dop_operator_v3']) retrieved from /home/airflow/.local/lib/python3.7/site-packages/airflow/example_dags/example_branch_python_dop_operator_3.py
[2025-02-08T22:16:44.541+0000] {logging_mixin.py:137} INFO - [2025-02-08T22:16:44.541+0000] {dag.py:2690} INFO - Sync 1 DAGs
[2025-02-08T22:16:44.595+0000] {logging_mixin.py:137} INFO - [2025-02-08T22:16:44.594+0000] {dag.py:3441} INFO - Setting next_dagrun for example_branch_dop_operator_v3 to 2025-02-08T22:15:00+00:00, run_after=2025-02-08T22:16:00+00:00
[2025-02-08T22:16:44.658+0000] {processor.py:175} INFO - Processing /home/airflow/.local/lib/python3.7/site-packages/airflow/example_dags/example_branch_python_dop_operator_3.py took 0.189 seconds
[2025-02-08T22:17:15.538+0000] {processor.py:153} INFO - Started process (PID=1744) to work on /home/airflow/.local/lib/python3.7/site-packages/airflow/example_dags/example_branch_python_dop_operator_3.py
[2025-02-08T22:17:15.539+0000] {processor.py:743} INFO - Processing file /home/airflow/.local/lib/python3.7/site-packages/airflow/example_dags/example_branch_python_dop_operator_3.py for tasks to queue
[2025-02-08T22:17:15.539+0000] {logging_mixin.py:137} INFO - [2025-02-08T22:17:15.539+0000] {dagbag.py:538} INFO - Filling up the DagBag from /home/airflow/.local/lib/python3.7/site-packages/airflow/example_dags/example_branch_python_dop_operator_3.py
[2025-02-08T22:17:15.560+0000] {processor.py:753} INFO - DAG(s) dict_keys(['example_branch_dop_operator_v3']) retrieved from /home/airflow/.local/lib/python3.7/site-packages/airflow/example_dags/example_branch_python_dop_operator_3.py
[2025-02-08T22:17:15.585+0000] {logging_mixin.py:137} INFO - [2025-02-08T22:17:15.585+0000] {dag.py:2690} INFO - Sync 1 DAGs
[2025-02-08T22:17:15.611+0000] {logging_mixin.py:137} INFO - [2025-02-08T22:17:15.611+0000] {dag.py:3441} INFO - Setting next_dagrun for example_branch_dop_operator_v3 to 2025-02-08T22:16:00+00:00, run_after=2025-02-08T22:17:00+00:00
[2025-02-08T22:17:15.633+0000] {processor.py:175} INFO - Processing /home/airflow/.local/lib/python3.7/site-packages/airflow/example_dags/example_branch_python_dop_operator_3.py took 0.098 seconds
[2025-02-08T22:17:45.790+0000] {processor.py:153} INFO - Started process (PID=1822) to work on /home/airflow/.local/lib/python3.7/site-packages/airflow/example_dags/example_branch_python_dop_operator_3.py
[2025-02-08T22:17:45.792+0000] {processor.py:743} INFO - Processing file /home/airflow/.local/lib/python3.7/site-packages/airflow/example_dags/example_branch_python_dop_operator_3.py for tasks to queue
[2025-02-08T22:17:45.792+0000] {logging_mixin.py:137} INFO - [2025-02-08T22:17:45.792+0000] {dagbag.py:538} INFO - Filling up the DagBag from /home/airflow/.local/lib/python3.7/site-packages/airflow/example_dags/example_branch_python_dop_operator_3.py
[2025-02-08T22:17:45.818+0000] {processor.py:753} INFO - DAG(s) dict_keys(['example_branch_dop_operator_v3']) retrieved from /home/airflow/.local/lib/python3.7/site-packages/airflow/example_dags/example_branch_python_dop_operator_3.py
[2025-02-08T22:17:45.843+0000] {logging_mixin.py:137} INFO - [2025-02-08T22:17:45.843+0000] {dag.py:2690} INFO - Sync 1 DAGs
[2025-02-08T22:17:45.877+0000] {logging_mixin.py:137} INFO - [2025-02-08T22:17:45.877+0000] {dag.py:3441} INFO - Setting next_dagrun for example_branch_dop_operator_v3 to 2025-02-08T22:16:00+00:00, run_after=2025-02-08T22:17:00+00:00
[2025-02-08T22:17:45.901+0000] {processor.py:175} INFO - Processing /home/airflow/.local/lib/python3.7/site-packages/airflow/example_dags/example_branch_python_dop_operator_3.py took 0.114 seconds
[2025-02-08T22:18:16.352+0000] {processor.py:153} INFO - Started process (PID=1902) to work on /home/airflow/.local/lib/python3.7/site-packages/airflow/example_dags/example_branch_python_dop_operator_3.py
[2025-02-08T22:18:16.353+0000] {processor.py:743} INFO - Processing file /home/airflow/.local/lib/python3.7/site-packages/airflow/example_dags/example_branch_python_dop_operator_3.py for tasks to queue
[2025-02-08T22:18:16.354+0000] {logging_mixin.py:137} INFO - [2025-02-08T22:18:16.354+0000] {dagbag.py:538} INFO - Filling up the DagBag from /home/airflow/.local/lib/python3.7/site-packages/airflow/example_dags/example_branch_python_dop_operator_3.py
[2025-02-08T22:18:16.377+0000] {processor.py:753} INFO - DAG(s) dict_keys(['example_branch_dop_operator_v3']) retrieved from /home/airflow/.local/lib/python3.7/site-packages/airflow/example_dags/example_branch_python_dop_operator_3.py
[2025-02-08T22:18:16.400+0000] {logging_mixin.py:137} INFO - [2025-02-08T22:18:16.400+0000] {dag.py:2690} INFO - Sync 1 DAGs
[2025-02-08T22:18:16.426+0000] {logging_mixin.py:137} INFO - [2025-02-08T22:18:16.426+0000] {dag.py:3441} INFO - Setting next_dagrun for example_branch_dop_operator_v3 to 2025-02-08T22:17:00+00:00, run_after=2025-02-08T22:18:00+00:00
[2025-02-08T22:18:16.451+0000] {processor.py:175} INFO - Processing /home/airflow/.local/lib/python3.7/site-packages/airflow/example_dags/example_branch_python_dop_operator_3.py took 0.102 seconds
[2025-02-08T22:18:47.290+0000] {processor.py:153} INFO - Started process (PID=1989) to work on /home/airflow/.local/lib/python3.7/site-packages/airflow/example_dags/example_branch_python_dop_operator_3.py
[2025-02-08T22:18:47.291+0000] {processor.py:743} INFO - Processing file /home/airflow/.local/lib/python3.7/site-packages/airflow/example_dags/example_branch_python_dop_operator_3.py for tasks to queue
[2025-02-08T22:18:47.292+0000] {logging_mixin.py:137} INFO - [2025-02-08T22:18:47.291+0000] {dagbag.py:538} INFO - Filling up the DagBag from /home/airflow/.local/lib/python3.7/site-packages/airflow/example_dags/example_branch_python_dop_operator_3.py
[2025-02-08T22:18:47.313+0000] {processor.py:753} INFO - DAG(s) dict_keys(['example_branch_dop_operator_v3']) retrieved from /home/airflow/.local/lib/python3.7/site-packages/airflow/example_dags/example_branch_python_dop_operator_3.py
[2025-02-08T22:18:47.338+0000] {logging_mixin.py:137} INFO - [2025-02-08T22:18:47.338+0000] {dag.py:2690} INFO - Sync 1 DAGs
[2025-02-08T22:18:47.366+0000] {logging_mixin.py:137} INFO - [2025-02-08T22:18:47.366+0000] {dag.py:3441} INFO - Setting next_dagrun for example_branch_dop_operator_v3 to 2025-02-08T22:17:00+00:00, run_after=2025-02-08T22:18:00+00:00
[2025-02-08T22:18:47.390+0000] {processor.py:175} INFO - Processing /home/airflow/.local/lib/python3.7/site-packages/airflow/example_dags/example_branch_python_dop_operator_3.py took 0.103 seconds
[2025-02-08T22:19:18.364+0000] {processor.py:153} INFO - Started process (PID=2060) to work on /home/airflow/.local/lib/python3.7/site-packages/airflow/example_dags/example_branch_python_dop_operator_3.py
[2025-02-08T22:19:18.365+0000] {processor.py:743} INFO - Processing file /home/airflow/.local/lib/python3.7/site-packages/airflow/example_dags/example_branch_python_dop_operator_3.py for tasks to queue
[2025-02-08T22:19:18.366+0000] {logging_mixin.py:137} INFO - [2025-02-08T22:19:18.366+0000] {dagbag.py:538} INFO - Filling up the DagBag from /home/airflow/.local/lib/python3.7/site-packages/airflow/example_dags/example_branch_python_dop_operator_3.py
[2025-02-08T22:19:18.397+0000] {processor.py:753} INFO - DAG(s) dict_keys(['example_branch_dop_operator_v3']) retrieved from /home/airflow/.local/lib/python3.7/site-packages/airflow/example_dags/example_branch_python_dop_operator_3.py
[2025-02-08T22:19:18.431+0000] {logging_mixin.py:137} INFO - [2025-02-08T22:19:18.431+0000] {dag.py:2690} INFO - Sync 1 DAGs
[2025-02-08T22:19:18.478+0000] {logging_mixin.py:137} INFO - [2025-02-08T22:19:18.478+0000] {dag.py:3441} INFO - Setting next_dagrun for example_branch_dop_operator_v3 to 2025-02-08T22:18:00+00:00, run_after=2025-02-08T22:19:00+00:00
[2025-02-08T22:19:18.514+0000] {processor.py:175} INFO - Processing /home/airflow/.local/lib/python3.7/site-packages/airflow/example_dags/example_branch_python_dop_operator_3.py took 0.153 seconds
[2025-02-08T22:19:49.058+0000] {processor.py:153} INFO - Started process (PID=2130) to work on /home/airflow/.local/lib/python3.7/site-packages/airflow/example_dags/example_branch_python_dop_operator_3.py
[2025-02-08T22:19:49.060+0000] {processor.py:743} INFO - Processing file /home/airflow/.local/lib/python3.7/site-packages/airflow/example_dags/example_branch_python_dop_operator_3.py for tasks to queue
[2025-02-08T22:19:49.060+0000] {logging_mixin.py:137} INFO - [2025-02-08T22:19:49.060+0000] {dagbag.py:538} INFO - Filling up the DagBag from /home/airflow/.local/lib/python3.7/site-packages/airflow/example_dags/example_branch_python_dop_operator_3.py
[2025-02-08T22:19:49.081+0000] {processor.py:753} INFO - DAG(s) dict_keys(['example_branch_dop_operator_v3']) retrieved from /home/airflow/.local/lib/python3.7/site-packages/airflow/example_dags/example_branch_python_dop_operator_3.py
[2025-02-08T22:19:49.106+0000] {logging_mixin.py:137} INFO - [2025-02-08T22:19:49.105+0000] {dag.py:2690} INFO - Sync 1 DAGs
[2025-02-08T22:19:49.132+0000] {logging_mixin.py:137} INFO - [2025-02-08T22:19:49.132+0000] {dag.py:3441} INFO - Setting next_dagrun for example_branch_dop_operator_v3 to 2025-02-08T22:18:00+00:00, run_after=2025-02-08T22:19:00+00:00
[2025-02-08T22:19:49.159+0000] {processor.py:175} INFO - Processing /home/airflow/.local/lib/python3.7/site-packages/airflow/example_dags/example_branch_python_dop_operator_3.py took 0.104 seconds
[2025-02-08T22:20:20.005+0000] {processor.py:153} INFO - Started process (PID=2217) to work on /home/airflow/.local/lib/python3.7/site-packages/airflow/example_dags/example_branch_python_dop_operator_3.py
[2025-02-08T22:20:20.007+0000] {processor.py:743} INFO - Processing file /home/airflow/.local/lib/python3.7/site-packages/airflow/example_dags/example_branch_python_dop_operator_3.py for tasks to queue
[2025-02-08T22:20:20.007+0000] {logging_mixin.py:137} INFO - [2025-02-08T22:20:20.007+0000] {dagbag.py:538} INFO - Filling up the DagBag from /home/airflow/.local/lib/python3.7/site-packages/airflow/example_dags/example_branch_python_dop_operator_3.py
[2025-02-08T22:20:20.037+0000] {processor.py:753} INFO - DAG(s) dict_keys(['example_branch_dop_operator_v3']) retrieved from /home/airflow/.local/lib/python3.7/site-packages/airflow/example_dags/example_branch_python_dop_operator_3.py
[2025-02-08T22:20:20.062+0000] {logging_mixin.py:137} INFO - [2025-02-08T22:20:20.061+0000] {dag.py:2690} INFO - Sync 1 DAGs
[2025-02-08T22:20:20.100+0000] {logging_mixin.py:137} INFO - [2025-02-08T22:20:20.099+0000] {dag.py:3441} INFO - Setting next_dagrun for example_branch_dop_operator_v3 to 2025-02-08T22:19:00+00:00, run_after=2025-02-08T22:20:00+00:00
[2025-02-08T22:20:20.127+0000] {processor.py:175} INFO - Processing /home/airflow/.local/lib/python3.7/site-packages/airflow/example_dags/example_branch_python_dop_operator_3.py took 0.125 seconds
[2025-02-08T22:20:50.219+0000] {processor.py:153} INFO - Started process (PID=2288) to work on /home/airflow/.local/lib/python3.7/site-packages/airflow/example_dags/example_branch_python_dop_operator_3.py
[2025-02-08T22:20:50.220+0000] {processor.py:743} INFO - Processing file /home/airflow/.local/lib/python3.7/site-packages/airflow/example_dags/example_branch_python_dop_operator_3.py for tasks to queue
[2025-02-08T22:20:50.221+0000] {logging_mixin.py:137} INFO - [2025-02-08T22:20:50.221+0000] {dagbag.py:538} INFO - Filling up the DagBag from /home/airflow/.local/lib/python3.7/site-packages/airflow/example_dags/example_branch_python_dop_operator_3.py
[2025-02-08T22:20:50.257+0000] {processor.py:753} INFO - DAG(s) dict_keys(['example_branch_dop_operator_v3']) retrieved from /home/airflow/.local/lib/python3.7/site-packages/airflow/example_dags/example_branch_python_dop_operator_3.py
[2025-02-08T22:20:50.298+0000] {logging_mixin.py:137} INFO - [2025-02-08T22:20:50.298+0000] {dag.py:2690} INFO - Sync 1 DAGs
[2025-02-08T22:20:50.343+0000] {logging_mixin.py:137} INFO - [2025-02-08T22:20:50.342+0000] {dag.py:3441} INFO - Setting next_dagrun for example_branch_dop_operator_v3 to 2025-02-08T22:19:00+00:00, run_after=2025-02-08T22:20:00+00:00
[2025-02-08T22:20:50.373+0000] {processor.py:175} INFO - Processing /home/airflow/.local/lib/python3.7/site-packages/airflow/example_dags/example_branch_python_dop_operator_3.py took 0.158 seconds
[2025-02-08T22:21:20.546+0000] {processor.py:153} INFO - Started process (PID=2374) to work on /home/airflow/.local/lib/python3.7/site-packages/airflow/example_dags/example_branch_python_dop_operator_3.py
[2025-02-08T22:21:20.548+0000] {processor.py:743} INFO - Processing file /home/airflow/.local/lib/python3.7/site-packages/airflow/example_dags/example_branch_python_dop_operator_3.py for tasks to queue
[2025-02-08T22:21:20.549+0000] {logging_mixin.py:137} INFO - [2025-02-08T22:21:20.549+0000] {dagbag.py:538} INFO - Filling up the DagBag from /home/airflow/.local/lib/python3.7/site-packages/airflow/example_dags/example_branch_python_dop_operator_3.py
[2025-02-08T22:21:20.581+0000] {processor.py:753} INFO - DAG(s) dict_keys(['example_branch_dop_operator_v3']) retrieved from /home/airflow/.local/lib/python3.7/site-packages/airflow/example_dags/example_branch_python_dop_operator_3.py
[2025-02-08T22:21:20.623+0000] {logging_mixin.py:137} INFO - [2025-02-08T22:21:20.623+0000] {dag.py:2690} INFO - Sync 1 DAGs
[2025-02-08T22:21:20.668+0000] {logging_mixin.py:137} INFO - [2025-02-08T22:21:20.668+0000] {dag.py:3441} INFO - Setting next_dagrun for example_branch_dop_operator_v3 to 2025-02-08T22:20:00+00:00, run_after=2025-02-08T22:21:00+00:00
[2025-02-08T22:21:20.697+0000] {processor.py:175} INFO - Processing /home/airflow/.local/lib/python3.7/site-packages/airflow/example_dags/example_branch_python_dop_operator_3.py took 0.154 seconds
[2025-02-08T22:21:51.156+0000] {processor.py:153} INFO - Started process (PID=2445) to work on /home/airflow/.local/lib/python3.7/site-packages/airflow/example_dags/example_branch_python_dop_operator_3.py
[2025-02-08T22:21:51.212+0000] {processor.py:743} INFO - Processing file /home/airflow/.local/lib/python3.7/site-packages/airflow/example_dags/example_branch_python_dop_operator_3.py for tasks to queue
[2025-02-08T22:21:51.213+0000] {logging_mixin.py:137} INFO - [2025-02-08T22:21:51.213+0000] {dagbag.py:538} INFO - Filling up the DagBag from /home/airflow/.local/lib/python3.7/site-packages/airflow/example_dags/example_branch_python_dop_operator_3.py
[2025-02-08T22:21:51.244+0000] {processor.py:753} INFO - DAG(s) dict_keys(['example_branch_dop_operator_v3']) retrieved from /home/airflow/.local/lib/python3.7/site-packages/airflow/example_dags/example_branch_python_dop_operator_3.py
[2025-02-08T22:21:51.276+0000] {logging_mixin.py:137} INFO - [2025-02-08T22:21:51.276+0000] {dag.py:2690} INFO - Sync 1 DAGs
[2025-02-08T22:21:51.320+0000] {logging_mixin.py:137} INFO - [2025-02-08T22:21:51.319+0000] {dag.py:3441} INFO - Setting next_dagrun for example_branch_dop_operator_v3 to 2025-02-08T22:20:00+00:00, run_after=2025-02-08T22:21:00+00:00
[2025-02-08T22:21:51.350+0000] {processor.py:175} INFO - Processing /home/airflow/.local/lib/python3.7/site-packages/airflow/example_dags/example_branch_python_dop_operator_3.py took 0.198 seconds
[2025-02-08T22:22:21.735+0000] {processor.py:153} INFO - Started process (PID=2532) to work on /home/airflow/.local/lib/python3.7/site-packages/airflow/example_dags/example_branch_python_dop_operator_3.py
[2025-02-08T22:22:21.737+0000] {processor.py:743} INFO - Processing file /home/airflow/.local/lib/python3.7/site-packages/airflow/example_dags/example_branch_python_dop_operator_3.py for tasks to queue
[2025-02-08T22:22:21.739+0000] {logging_mixin.py:137} INFO - [2025-02-08T22:22:21.738+0000] {dagbag.py:538} INFO - Filling up the DagBag from /home/airflow/.local/lib/python3.7/site-packages/airflow/example_dags/example_branch_python_dop_operator_3.py
[2025-02-08T22:22:21.793+0000] {processor.py:753} INFO - DAG(s) dict_keys(['example_branch_dop_operator_v3']) retrieved from /home/airflow/.local/lib/python3.7/site-packages/airflow/example_dags/example_branch_python_dop_operator_3.py
[2025-02-08T22:22:21.855+0000] {logging_mixin.py:137} INFO - [2025-02-08T22:22:21.855+0000] {dag.py:2690} INFO - Sync 1 DAGs
[2025-02-08T22:22:21.924+0000] {logging_mixin.py:137} INFO - [2025-02-08T22:22:21.924+0000] {dag.py:3441} INFO - Setting next_dagrun for example_branch_dop_operator_v3 to 2025-02-08T22:21:00+00:00, run_after=2025-02-08T22:22:00+00:00
[2025-02-08T22:22:21.967+0000] {processor.py:175} INFO - Processing /home/airflow/.local/lib/python3.7/site-packages/airflow/example_dags/example_branch_python_dop_operator_3.py took 0.241 seconds
[2025-02-08T22:22:52.786+0000] {processor.py:153} INFO - Started process (PID=2603) to work on /home/airflow/.local/lib/python3.7/site-packages/airflow/example_dags/example_branch_python_dop_operator_3.py
[2025-02-08T22:22:52.787+0000] {processor.py:743} INFO - Processing file /home/airflow/.local/lib/python3.7/site-packages/airflow/example_dags/example_branch_python_dop_operator_3.py for tasks to queue
[2025-02-08T22:22:52.787+0000] {logging_mixin.py:137} INFO - [2025-02-08T22:22:52.787+0000] {dagbag.py:538} INFO - Filling up the DagBag from /home/airflow/.local/lib/python3.7/site-packages/airflow/example_dags/example_branch_python_dop_operator_3.py
[2025-02-08T22:22:52.809+0000] {processor.py:753} INFO - DAG(s) dict_keys(['example_branch_dop_operator_v3']) retrieved from /home/airflow/.local/lib/python3.7/site-packages/airflow/example_dags/example_branch_python_dop_operator_3.py
[2025-02-08T22:22:52.835+0000] {logging_mixin.py:137} INFO - [2025-02-08T22:22:52.835+0000] {dag.py:2690} INFO - Sync 1 DAGs
[2025-02-08T22:22:52.865+0000] {logging_mixin.py:137} INFO - [2025-02-08T22:22:52.865+0000] {dag.py:3441} INFO - Setting next_dagrun for example_branch_dop_operator_v3 to 2025-02-08T22:21:00+00:00, run_after=2025-02-08T22:22:00+00:00
[2025-02-08T22:22:52.889+0000] {processor.py:175} INFO - Processing /home/airflow/.local/lib/python3.7/site-packages/airflow/example_dags/example_branch_python_dop_operator_3.py took 0.107 seconds
[2025-02-08T22:23:23.592+0000] {processor.py:153} INFO - Started process (PID=2690) to work on /home/airflow/.local/lib/python3.7/site-packages/airflow/example_dags/example_branch_python_dop_operator_3.py
[2025-02-08T22:23:23.594+0000] {processor.py:743} INFO - Processing file /home/airflow/.local/lib/python3.7/site-packages/airflow/example_dags/example_branch_python_dop_operator_3.py for tasks to queue
[2025-02-08T22:23:23.595+0000] {logging_mixin.py:137} INFO - [2025-02-08T22:23:23.595+0000] {dagbag.py:538} INFO - Filling up the DagBag from /home/airflow/.local/lib/python3.7/site-packages/airflow/example_dags/example_branch_python_dop_operator_3.py
[2025-02-08T22:23:23.623+0000] {processor.py:753} INFO - DAG(s) dict_keys(['example_branch_dop_operator_v3']) retrieved from /home/airflow/.local/lib/python3.7/site-packages/airflow/example_dags/example_branch_python_dop_operator_3.py
[2025-02-08T22:23:23.655+0000] {logging_mixin.py:137} INFO - [2025-02-08T22:23:23.655+0000] {dag.py:2690} INFO - Sync 1 DAGs
[2025-02-08T22:23:23.684+0000] {logging_mixin.py:137} INFO - [2025-02-08T22:23:23.684+0000] {dag.py:3441} INFO - Setting next_dagrun for example_branch_dop_operator_v3 to 2025-02-08T22:22:00+00:00, run_after=2025-02-08T22:23:00+00:00
[2025-02-08T22:23:23.708+0000] {processor.py:175} INFO - Processing /home/airflow/.local/lib/python3.7/site-packages/airflow/example_dags/example_branch_python_dop_operator_3.py took 0.120 seconds
[2025-02-08T22:23:54.668+0000] {processor.py:153} INFO - Started process (PID=2761) to work on /home/airflow/.local/lib/python3.7/site-packages/airflow/example_dags/example_branch_python_dop_operator_3.py
[2025-02-08T22:23:54.670+0000] {processor.py:743} INFO - Processing file /home/airflow/.local/lib/python3.7/site-packages/airflow/example_dags/example_branch_python_dop_operator_3.py for tasks to queue
[2025-02-08T22:23:54.671+0000] {logging_mixin.py:137} INFO - [2025-02-08T22:23:54.671+0000] {dagbag.py:538} INFO - Filling up the DagBag from /home/airflow/.local/lib/python3.7/site-packages/airflow/example_dags/example_branch_python_dop_operator_3.py
[2025-02-08T22:23:54.711+0000] {processor.py:753} INFO - DAG(s) dict_keys(['example_branch_dop_operator_v3']) retrieved from /home/airflow/.local/lib/python3.7/site-packages/airflow/example_dags/example_branch_python_dop_operator_3.py
[2025-02-08T22:23:54.788+0000] {logging_mixin.py:137} INFO - [2025-02-08T22:23:54.788+0000] {dag.py:2690} INFO - Sync 1 DAGs
[2025-02-08T22:23:54.917+0000] {logging_mixin.py:137} INFO - [2025-02-08T22:23:54.916+0000] {dag.py:3441} INFO - Setting next_dagrun for example_branch_dop_operator_v3 to 2025-02-08T22:22:00+00:00, run_after=2025-02-08T22:23:00+00:00
[2025-02-08T22:23:54.977+0000] {processor.py:175} INFO - Processing /home/airflow/.local/lib/python3.7/site-packages/airflow/example_dags/example_branch_python_dop_operator_3.py took 0.314 seconds
[2025-02-08T22:24:25.856+0000] {processor.py:153} INFO - Started process (PID=2832) to work on /home/airflow/.local/lib/python3.7/site-packages/airflow/example_dags/example_branch_python_dop_operator_3.py
[2025-02-08T22:24:25.858+0000] {processor.py:743} INFO - Processing file /home/airflow/.local/lib/python3.7/site-packages/airflow/example_dags/example_branch_python_dop_operator_3.py for tasks to queue
[2025-02-08T22:24:25.860+0000] {logging_mixin.py:137} INFO - [2025-02-08T22:24:25.859+0000] {dagbag.py:538} INFO - Filling up the DagBag from /home/airflow/.local/lib/python3.7/site-packages/airflow/example_dags/example_branch_python_dop_operator_3.py
[2025-02-08T22:24:25.891+0000] {processor.py:753} INFO - DAG(s) dict_keys(['example_branch_dop_operator_v3']) retrieved from /home/airflow/.local/lib/python3.7/site-packages/airflow/example_dags/example_branch_python_dop_operator_3.py
[2025-02-08T22:24:25.930+0000] {logging_mixin.py:137} INFO - [2025-02-08T22:24:25.930+0000] {dag.py:2690} INFO - Sync 1 DAGs
[2025-02-08T22:24:25.978+0000] {logging_mixin.py:137} INFO - [2025-02-08T22:24:25.978+0000] {dag.py:3441} INFO - Setting next_dagrun for example_branch_dop_operator_v3 to 2025-02-08T22:23:00+00:00, run_after=2025-02-08T22:24:00+00:00
[2025-02-08T22:24:26.010+0000] {processor.py:175} INFO - Processing /home/airflow/.local/lib/python3.7/site-packages/airflow/example_dags/example_branch_python_dop_operator_3.py took 0.160 seconds
[2025-02-08T22:24:56.718+0000] {processor.py:153} INFO - Started process (PID=2912) to work on /home/airflow/.local/lib/python3.7/site-packages/airflow/example_dags/example_branch_python_dop_operator_3.py
[2025-02-08T22:24:56.720+0000] {processor.py:743} INFO - Processing file /home/airflow/.local/lib/python3.7/site-packages/airflow/example_dags/example_branch_python_dop_operator_3.py for tasks to queue
[2025-02-08T22:24:56.721+0000] {logging_mixin.py:137} INFO - [2025-02-08T22:24:56.721+0000] {dagbag.py:538} INFO - Filling up the DagBag from /home/airflow/.local/lib/python3.7/site-packages/airflow/example_dags/example_branch_python_dop_operator_3.py
[2025-02-08T22:24:56.757+0000] {processor.py:753} INFO - DAG(s) dict_keys(['example_branch_dop_operator_v3']) retrieved from /home/airflow/.local/lib/python3.7/site-packages/airflow/example_dags/example_branch_python_dop_operator_3.py
[2025-02-08T22:24:56.799+0000] {logging_mixin.py:137} INFO - [2025-02-08T22:24:56.798+0000] {dag.py:2690} INFO - Sync 1 DAGs
[2025-02-08T22:24:56.839+0000] {logging_mixin.py:137} INFO - [2025-02-08T22:24:56.839+0000] {dag.py:3441} INFO - Setting next_dagrun for example_branch_dop_operator_v3 to 2025-02-08T22:23:00+00:00, run_after=2025-02-08T22:24:00+00:00
[2025-02-08T22:24:56.866+0000] {processor.py:175} INFO - Processing /home/airflow/.local/lib/python3.7/site-packages/airflow/example_dags/example_branch_python_dop_operator_3.py took 0.155 seconds
[2025-02-08T22:25:26.968+0000] {processor.py:153} INFO - Started process (PID=2990) to work on /home/airflow/.local/lib/python3.7/site-packages/airflow/example_dags/example_branch_python_dop_operator_3.py
[2025-02-08T22:25:26.970+0000] {processor.py:743} INFO - Processing file /home/airflow/.local/lib/python3.7/site-packages/airflow/example_dags/example_branch_python_dop_operator_3.py for tasks to queue
[2025-02-08T22:25:26.971+0000] {logging_mixin.py:137} INFO - [2025-02-08T22:25:26.971+0000] {dagbag.py:538} INFO - Filling up the DagBag from /home/airflow/.local/lib/python3.7/site-packages/airflow/example_dags/example_branch_python_dop_operator_3.py
[2025-02-08T22:25:26.998+0000] {processor.py:753} INFO - DAG(s) dict_keys(['example_branch_dop_operator_v3']) retrieved from /home/airflow/.local/lib/python3.7/site-packages/airflow/example_dags/example_branch_python_dop_operator_3.py
[2025-02-08T22:25:27.032+0000] {logging_mixin.py:137} INFO - [2025-02-08T22:25:27.032+0000] {dag.py:2690} INFO - Sync 1 DAGs
[2025-02-08T22:25:27.084+0000] {logging_mixin.py:137} INFO - [2025-02-08T22:25:27.084+0000] {dag.py:3441} INFO - Setting next_dagrun for example_branch_dop_operator_v3 to 2025-02-08T22:24:00+00:00, run_after=2025-02-08T22:25:00+00:00
[2025-02-08T22:25:27.113+0000] {processor.py:175} INFO - Processing /home/airflow/.local/lib/python3.7/site-packages/airflow/example_dags/example_branch_python_dop_operator_3.py took 0.148 seconds
[2025-02-08T22:25:57.716+0000] {processor.py:153} INFO - Started process (PID=3061) to work on /home/airflow/.local/lib/python3.7/site-packages/airflow/example_dags/example_branch_python_dop_operator_3.py
[2025-02-08T22:25:57.717+0000] {processor.py:743} INFO - Processing file /home/airflow/.local/lib/python3.7/site-packages/airflow/example_dags/example_branch_python_dop_operator_3.py for tasks to queue
[2025-02-08T22:25:57.718+0000] {logging_mixin.py:137} INFO - [2025-02-08T22:25:57.718+0000] {dagbag.py:538} INFO - Filling up the DagBag from /home/airflow/.local/lib/python3.7/site-packages/airflow/example_dags/example_branch_python_dop_operator_3.py
[2025-02-08T22:25:57.747+0000] {processor.py:753} INFO - DAG(s) dict_keys(['example_branch_dop_operator_v3']) retrieved from /home/airflow/.local/lib/python3.7/site-packages/airflow/example_dags/example_branch_python_dop_operator_3.py
[2025-02-08T22:25:57.785+0000] {logging_mixin.py:137} INFO - [2025-02-08T22:25:57.785+0000] {dag.py:2690} INFO - Sync 1 DAGs
[2025-02-08T22:25:57.828+0000] {logging_mixin.py:137} INFO - [2025-02-08T22:25:57.828+0000] {dag.py:3441} INFO - Setting next_dagrun for example_branch_dop_operator_v3 to 2025-02-08T22:24:00+00:00, run_after=2025-02-08T22:25:00+00:00
[2025-02-08T22:25:57.859+0000] {processor.py:175} INFO - Processing /home/airflow/.local/lib/python3.7/site-packages/airflow/example_dags/example_branch_python_dop_operator_3.py took 0.148 seconds
[2025-02-08T22:26:28.604+0000] {processor.py:153} INFO - Started process (PID=3133) to work on /home/airflow/.local/lib/python3.7/site-packages/airflow/example_dags/example_branch_python_dop_operator_3.py
[2025-02-08T22:26:28.605+0000] {processor.py:743} INFO - Processing file /home/airflow/.local/lib/python3.7/site-packages/airflow/example_dags/example_branch_python_dop_operator_3.py for tasks to queue
[2025-02-08T22:26:28.606+0000] {logging_mixin.py:137} INFO - [2025-02-08T22:26:28.606+0000] {dagbag.py:538} INFO - Filling up the DagBag from /home/airflow/.local/lib/python3.7/site-packages/airflow/example_dags/example_branch_python_dop_operator_3.py
[2025-02-08T22:26:28.627+0000] {processor.py:753} INFO - DAG(s) dict_keys(['example_branch_dop_operator_v3']) retrieved from /home/airflow/.local/lib/python3.7/site-packages/airflow/example_dags/example_branch_python_dop_operator_3.py
[2025-02-08T22:26:28.652+0000] {logging_mixin.py:137} INFO - [2025-02-08T22:26:28.652+0000] {dag.py:2690} INFO - Sync 1 DAGs
[2025-02-08T22:26:28.684+0000] {logging_mixin.py:137} INFO - [2025-02-08T22:26:28.683+0000] {dag.py:3441} INFO - Setting next_dagrun for example_branch_dop_operator_v3 to 2025-02-08T22:25:00+00:00, run_after=2025-02-08T22:26:00+00:00
[2025-02-08T22:26:28.708+0000] {processor.py:175} INFO - Processing /home/airflow/.local/lib/python3.7/site-packages/airflow/example_dags/example_branch_python_dop_operator_3.py took 0.106 seconds
[2025-02-08T22:26:59.381+0000] {processor.py:153} INFO - Started process (PID=3221) to work on /home/airflow/.local/lib/python3.7/site-packages/airflow/example_dags/example_branch_python_dop_operator_3.py
[2025-02-08T22:26:59.382+0000] {processor.py:743} INFO - Processing file /home/airflow/.local/lib/python3.7/site-packages/airflow/example_dags/example_branch_python_dop_operator_3.py for tasks to queue
[2025-02-08T22:26:59.383+0000] {logging_mixin.py:137} INFO - [2025-02-08T22:26:59.383+0000] {dagbag.py:538} INFO - Filling up the DagBag from /home/airflow/.local/lib/python3.7/site-packages/airflow/example_dags/example_branch_python_dop_operator_3.py
[2025-02-08T22:26:59.415+0000] {processor.py:753} INFO - DAG(s) dict_keys(['example_branch_dop_operator_v3']) retrieved from /home/airflow/.local/lib/python3.7/site-packages/airflow/example_dags/example_branch_python_dop_operator_3.py
[2025-02-08T22:26:59.451+0000] {logging_mixin.py:137} INFO - [2025-02-08T22:26:59.451+0000] {dag.py:2690} INFO - Sync 1 DAGs
[2025-02-08T22:26:59.490+0000] {logging_mixin.py:137} INFO - [2025-02-08T22:26:59.490+0000] {dag.py:3441} INFO - Setting next_dagrun for example_branch_dop_operator_v3 to 2025-02-08T22:25:00+00:00, run_after=2025-02-08T22:26:00+00:00
[2025-02-08T22:26:59.526+0000] {processor.py:175} INFO - Processing /home/airflow/.local/lib/python3.7/site-packages/airflow/example_dags/example_branch_python_dop_operator_3.py took 0.149 seconds
[2025-02-08T22:27:30.328+0000] {processor.py:153} INFO - Started process (PID=3302) to work on /home/airflow/.local/lib/python3.7/site-packages/airflow/example_dags/example_branch_python_dop_operator_3.py
[2025-02-08T22:27:30.330+0000] {processor.py:743} INFO - Processing file /home/airflow/.local/lib/python3.7/site-packages/airflow/example_dags/example_branch_python_dop_operator_3.py for tasks to queue
[2025-02-08T22:27:30.331+0000] {logging_mixin.py:137} INFO - [2025-02-08T22:27:30.331+0000] {dagbag.py:538} INFO - Filling up the DagBag from /home/airflow/.local/lib/python3.7/site-packages/airflow/example_dags/example_branch_python_dop_operator_3.py
[2025-02-08T22:27:30.365+0000] {processor.py:753} INFO - DAG(s) dict_keys(['example_branch_dop_operator_v3']) retrieved from /home/airflow/.local/lib/python3.7/site-packages/airflow/example_dags/example_branch_python_dop_operator_3.py
[2025-02-08T22:27:30.396+0000] {logging_mixin.py:137} INFO - [2025-02-08T22:27:30.395+0000] {dag.py:2690} INFO - Sync 1 DAGs
[2025-02-08T22:27:30.433+0000] {logging_mixin.py:137} INFO - [2025-02-08T22:27:30.433+0000] {dag.py:3441} INFO - Setting next_dagrun for example_branch_dop_operator_v3 to 2025-02-08T22:26:00+00:00, run_after=2025-02-08T22:27:00+00:00
[2025-02-08T22:27:30.458+0000] {processor.py:175} INFO - Processing /home/airflow/.local/lib/python3.7/site-packages/airflow/example_dags/example_branch_python_dop_operator_3.py took 0.135 seconds
