[2025-02-08T22:06:11.387+0000] {processor.py:153} INFO - Started process (PID=91) to work on /home/airflow/.local/lib/python3.7/site-packages/airflow/example_dags/example_skip_dag.py
[2025-02-08T22:06:11.395+0000] {processor.py:743} INFO - Processing file /home/airflow/.local/lib/python3.7/site-packages/airflow/example_dags/example_skip_dag.py for tasks to queue
[2025-02-08T22:06:11.398+0000] {logging_mixin.py:137} INFO - [2025-02-08T22:06:11.398+0000] {dagbag.py:538} INFO - Filling up the DagBag from /home/airflow/.local/lib/python3.7/site-packages/airflow/example_dags/example_skip_dag.py
[2025-02-08T22:06:11.493+0000] {processor.py:753} INFO - DAG(s) dict_keys(['example_skip_dag']) retrieved from /home/airflow/.local/lib/python3.7/site-packages/airflow/example_dags/example_skip_dag.py
[2025-02-08T22:06:11.740+0000] {logging_mixin.py:137} INFO - [2025-02-08T22:06:11.740+0000] {dag.py:2690} INFO - Sync 1 DAGs
[2025-02-08T22:06:11.820+0000] {logging_mixin.py:137} INFO - [2025-02-08T22:06:11.819+0000] {dag.py:3441} INFO - Setting next_dagrun for example_skip_dag to 2025-02-07T22:06:11.819247+00:00, run_after=2025-02-08T22:06:11.819247+00:00
[2025-02-08T22:06:11.873+0000] {processor.py:175} INFO - Processing /home/airflow/.local/lib/python3.7/site-packages/airflow/example_dags/example_skip_dag.py took 0.495 seconds
[2025-02-08T22:06:42.236+0000] {processor.py:153} INFO - Started process (PID=155) to work on /home/airflow/.local/lib/python3.7/site-packages/airflow/example_dags/example_skip_dag.py
[2025-02-08T22:06:42.237+0000] {processor.py:743} INFO - Processing file /home/airflow/.local/lib/python3.7/site-packages/airflow/example_dags/example_skip_dag.py for tasks to queue
[2025-02-08T22:06:42.239+0000] {logging_mixin.py:137} INFO - [2025-02-08T22:06:42.238+0000] {dagbag.py:538} INFO - Filling up the DagBag from /home/airflow/.local/lib/python3.7/site-packages/airflow/example_dags/example_skip_dag.py
[2025-02-08T22:06:42.255+0000] {processor.py:753} INFO - DAG(s) dict_keys(['example_skip_dag']) retrieved from /home/airflow/.local/lib/python3.7/site-packages/airflow/example_dags/example_skip_dag.py
[2025-02-08T22:06:42.285+0000] {logging_mixin.py:137} INFO - [2025-02-08T22:06:42.285+0000] {dag.py:2690} INFO - Sync 1 DAGs
[2025-02-08T22:06:42.313+0000] {logging_mixin.py:137} INFO - [2025-02-08T22:06:42.313+0000] {dag.py:3441} INFO - Setting next_dagrun for example_skip_dag to 2025-02-07T22:06:42.313389+00:00, run_after=2025-02-08T22:06:42.313389+00:00
[2025-02-08T22:06:42.335+0000] {processor.py:175} INFO - Processing /home/airflow/.local/lib/python3.7/site-packages/airflow/example_dags/example_skip_dag.py took 0.102 seconds
[2025-02-08T22:07:13.012+0000] {processor.py:153} INFO - Started process (PID=242) to work on /home/airflow/.local/lib/python3.7/site-packages/airflow/example_dags/example_skip_dag.py
[2025-02-08T22:07:13.020+0000] {processor.py:743} INFO - Processing file /home/airflow/.local/lib/python3.7/site-packages/airflow/example_dags/example_skip_dag.py for tasks to queue
[2025-02-08T22:07:13.022+0000] {logging_mixin.py:137} INFO - [2025-02-08T22:07:13.022+0000] {dagbag.py:538} INFO - Filling up the DagBag from /home/airflow/.local/lib/python3.7/site-packages/airflow/example_dags/example_skip_dag.py
[2025-02-08T22:07:13.051+0000] {processor.py:753} INFO - DAG(s) dict_keys(['example_skip_dag']) retrieved from /home/airflow/.local/lib/python3.7/site-packages/airflow/example_dags/example_skip_dag.py
[2025-02-08T22:07:13.101+0000] {logging_mixin.py:137} INFO - [2025-02-08T22:07:13.100+0000] {dag.py:2690} INFO - Sync 1 DAGs
[2025-02-08T22:07:13.153+0000] {logging_mixin.py:137} INFO - [2025-02-08T22:07:13.153+0000] {dag.py:3441} INFO - Setting next_dagrun for example_skip_dag to 2025-02-07T22:07:13.152774+00:00, run_after=2025-02-08T22:07:13.152774+00:00
[2025-02-08T22:07:13.195+0000] {processor.py:175} INFO - Processing /home/airflow/.local/lib/python3.7/site-packages/airflow/example_dags/example_skip_dag.py took 0.189 seconds
[2025-02-08T22:07:43.349+0000] {processor.py:153} INFO - Started process (PID=313) to work on /home/airflow/.local/lib/python3.7/site-packages/airflow/example_dags/example_skip_dag.py
[2025-02-08T22:07:43.351+0000] {processor.py:743} INFO - Processing file /home/airflow/.local/lib/python3.7/site-packages/airflow/example_dags/example_skip_dag.py for tasks to queue
[2025-02-08T22:07:43.351+0000] {logging_mixin.py:137} INFO - [2025-02-08T22:07:43.351+0000] {dagbag.py:538} INFO - Filling up the DagBag from /home/airflow/.local/lib/python3.7/site-packages/airflow/example_dags/example_skip_dag.py
[2025-02-08T22:07:43.364+0000] {processor.py:753} INFO - DAG(s) dict_keys(['example_skip_dag']) retrieved from /home/airflow/.local/lib/python3.7/site-packages/airflow/example_dags/example_skip_dag.py
[2025-02-08T22:07:43.390+0000] {logging_mixin.py:137} INFO - [2025-02-08T22:07:43.390+0000] {dag.py:2690} INFO - Sync 1 DAGs
[2025-02-08T22:07:43.415+0000] {logging_mixin.py:137} INFO - [2025-02-08T22:07:43.414+0000] {dag.py:3441} INFO - Setting next_dagrun for example_skip_dag to 2025-02-07T22:07:43.414757+00:00, run_after=2025-02-08T22:07:43.414757+00:00
[2025-02-08T22:07:43.439+0000] {processor.py:175} INFO - Processing /home/airflow/.local/lib/python3.7/site-packages/airflow/example_dags/example_skip_dag.py took 0.093 seconds
[2025-02-08T22:08:13.871+0000] {processor.py:153} INFO - Started process (PID=384) to work on /home/airflow/.local/lib/python3.7/site-packages/airflow/example_dags/example_skip_dag.py
[2025-02-08T22:08:13.872+0000] {processor.py:743} INFO - Processing file /home/airflow/.local/lib/python3.7/site-packages/airflow/example_dags/example_skip_dag.py for tasks to queue
[2025-02-08T22:08:13.873+0000] {logging_mixin.py:137} INFO - [2025-02-08T22:08:13.873+0000] {dagbag.py:538} INFO - Filling up the DagBag from /home/airflow/.local/lib/python3.7/site-packages/airflow/example_dags/example_skip_dag.py
[2025-02-08T22:08:13.887+0000] {processor.py:753} INFO - DAG(s) dict_keys(['example_skip_dag']) retrieved from /home/airflow/.local/lib/python3.7/site-packages/airflow/example_dags/example_skip_dag.py
[2025-02-08T22:08:13.911+0000] {logging_mixin.py:137} INFO - [2025-02-08T22:08:13.911+0000] {dag.py:2690} INFO - Sync 1 DAGs
[2025-02-08T22:08:13.936+0000] {logging_mixin.py:137} INFO - [2025-02-08T22:08:13.935+0000] {dag.py:3441} INFO - Setting next_dagrun for example_skip_dag to 2025-02-07T22:08:13.935416+00:00, run_after=2025-02-08T22:08:13.935416+00:00
[2025-02-08T22:08:13.961+0000] {processor.py:175} INFO - Processing /home/airflow/.local/lib/python3.7/site-packages/airflow/example_dags/example_skip_dag.py took 0.094 seconds
[2025-02-08T22:08:44.143+0000] {processor.py:153} INFO - Started process (PID=464) to work on /home/airflow/.local/lib/python3.7/site-packages/airflow/example_dags/example_skip_dag.py
[2025-02-08T22:08:44.146+0000] {processor.py:743} INFO - Processing file /home/airflow/.local/lib/python3.7/site-packages/airflow/example_dags/example_skip_dag.py for tasks to queue
[2025-02-08T22:08:44.147+0000] {logging_mixin.py:137} INFO - [2025-02-08T22:08:44.147+0000] {dagbag.py:538} INFO - Filling up the DagBag from /home/airflow/.local/lib/python3.7/site-packages/airflow/example_dags/example_skip_dag.py
[2025-02-08T22:08:44.165+0000] {processor.py:753} INFO - DAG(s) dict_keys(['example_skip_dag']) retrieved from /home/airflow/.local/lib/python3.7/site-packages/airflow/example_dags/example_skip_dag.py
[2025-02-08T22:08:44.198+0000] {logging_mixin.py:137} INFO - [2025-02-08T22:08:44.198+0000] {dag.py:2690} INFO - Sync 1 DAGs
[2025-02-08T22:08:44.240+0000] {logging_mixin.py:137} INFO - [2025-02-08T22:08:44.240+0000] {dag.py:3441} INFO - Setting next_dagrun for example_skip_dag to 2025-02-07T22:08:44.239745+00:00, run_after=2025-02-08T22:08:44.239745+00:00
[2025-02-08T22:08:44.274+0000] {processor.py:175} INFO - Processing /home/airflow/.local/lib/python3.7/site-packages/airflow/example_dags/example_skip_dag.py took 0.134 seconds
[2025-02-08T22:09:14.332+0000] {processor.py:153} INFO - Started process (PID=542) to work on /home/airflow/.local/lib/python3.7/site-packages/airflow/example_dags/example_skip_dag.py
[2025-02-08T22:09:14.333+0000] {processor.py:743} INFO - Processing file /home/airflow/.local/lib/python3.7/site-packages/airflow/example_dags/example_skip_dag.py for tasks to queue
[2025-02-08T22:09:14.334+0000] {logging_mixin.py:137} INFO - [2025-02-08T22:09:14.334+0000] {dagbag.py:538} INFO - Filling up the DagBag from /home/airflow/.local/lib/python3.7/site-packages/airflow/example_dags/example_skip_dag.py
[2025-02-08T22:09:14.347+0000] {processor.py:753} INFO - DAG(s) dict_keys(['example_skip_dag']) retrieved from /home/airflow/.local/lib/python3.7/site-packages/airflow/example_dags/example_skip_dag.py
[2025-02-08T22:09:14.373+0000] {logging_mixin.py:137} INFO - [2025-02-08T22:09:14.372+0000] {dag.py:2690} INFO - Sync 1 DAGs
[2025-02-08T22:09:14.397+0000] {logging_mixin.py:137} INFO - [2025-02-08T22:09:14.397+0000] {dag.py:3441} INFO - Setting next_dagrun for example_skip_dag to 2025-02-07T22:09:14.397501+00:00, run_after=2025-02-08T22:09:14.397501+00:00
[2025-02-08T22:09:14.424+0000] {processor.py:175} INFO - Processing /home/airflow/.local/lib/python3.7/site-packages/airflow/example_dags/example_skip_dag.py took 0.094 seconds
[2025-02-08T22:09:45.055+0000] {processor.py:153} INFO - Started process (PID=613) to work on /home/airflow/.local/lib/python3.7/site-packages/airflow/example_dags/example_skip_dag.py
[2025-02-08T22:09:45.057+0000] {processor.py:743} INFO - Processing file /home/airflow/.local/lib/python3.7/site-packages/airflow/example_dags/example_skip_dag.py for tasks to queue
[2025-02-08T22:09:45.058+0000] {logging_mixin.py:137} INFO - [2025-02-08T22:09:45.057+0000] {dagbag.py:538} INFO - Filling up the DagBag from /home/airflow/.local/lib/python3.7/site-packages/airflow/example_dags/example_skip_dag.py
[2025-02-08T22:09:45.073+0000] {processor.py:753} INFO - DAG(s) dict_keys(['example_skip_dag']) retrieved from /home/airflow/.local/lib/python3.7/site-packages/airflow/example_dags/example_skip_dag.py
[2025-02-08T22:09:45.099+0000] {logging_mixin.py:137} INFO - [2025-02-08T22:09:45.099+0000] {dag.py:2690} INFO - Sync 1 DAGs
[2025-02-08T22:09:45.130+0000] {logging_mixin.py:137} INFO - [2025-02-08T22:09:45.130+0000] {dag.py:3441} INFO - Setting next_dagrun for example_skip_dag to 2025-02-07T22:09:45.129711+00:00, run_after=2025-02-08T22:09:45.129711+00:00
[2025-02-08T22:09:45.162+0000] {processor.py:175} INFO - Processing /home/airflow/.local/lib/python3.7/site-packages/airflow/example_dags/example_skip_dag.py took 0.111 seconds
[2025-02-08T22:10:15.862+0000] {processor.py:153} INFO - Started process (PID=700) to work on /home/airflow/.local/lib/python3.7/site-packages/airflow/example_dags/example_skip_dag.py
[2025-02-08T22:10:15.863+0000] {processor.py:743} INFO - Processing file /home/airflow/.local/lib/python3.7/site-packages/airflow/example_dags/example_skip_dag.py for tasks to queue
[2025-02-08T22:10:15.864+0000] {logging_mixin.py:137} INFO - [2025-02-08T22:10:15.864+0000] {dagbag.py:538} INFO - Filling up the DagBag from /home/airflow/.local/lib/python3.7/site-packages/airflow/example_dags/example_skip_dag.py
[2025-02-08T22:10:15.884+0000] {processor.py:753} INFO - DAG(s) dict_keys(['example_skip_dag']) retrieved from /home/airflow/.local/lib/python3.7/site-packages/airflow/example_dags/example_skip_dag.py
[2025-02-08T22:10:15.920+0000] {logging_mixin.py:137} INFO - [2025-02-08T22:10:15.920+0000] {dag.py:2690} INFO - Sync 1 DAGs
[2025-02-08T22:10:15.950+0000] {logging_mixin.py:137} INFO - [2025-02-08T22:10:15.950+0000] {dag.py:3441} INFO - Setting next_dagrun for example_skip_dag to 2025-02-07T22:10:15.949734+00:00, run_after=2025-02-08T22:10:15.949734+00:00
[2025-02-08T22:10:15.978+0000] {processor.py:175} INFO - Processing /home/airflow/.local/lib/python3.7/site-packages/airflow/example_dags/example_skip_dag.py took 0.122 seconds
[2025-02-08T22:10:46.165+0000] {processor.py:153} INFO - Started process (PID=771) to work on /home/airflow/.local/lib/python3.7/site-packages/airflow/example_dags/example_skip_dag.py
[2025-02-08T22:10:46.166+0000] {processor.py:743} INFO - Processing file /home/airflow/.local/lib/python3.7/site-packages/airflow/example_dags/example_skip_dag.py for tasks to queue
[2025-02-08T22:10:46.167+0000] {logging_mixin.py:137} INFO - [2025-02-08T22:10:46.167+0000] {dagbag.py:538} INFO - Filling up the DagBag from /home/airflow/.local/lib/python3.7/site-packages/airflow/example_dags/example_skip_dag.py
[2025-02-08T22:10:46.180+0000] {processor.py:753} INFO - DAG(s) dict_keys(['example_skip_dag']) retrieved from /home/airflow/.local/lib/python3.7/site-packages/airflow/example_dags/example_skip_dag.py
[2025-02-08T22:10:46.205+0000] {logging_mixin.py:137} INFO - [2025-02-08T22:10:46.205+0000] {dag.py:2690} INFO - Sync 1 DAGs
[2025-02-08T22:10:46.231+0000] {logging_mixin.py:137} INFO - [2025-02-08T22:10:46.230+0000] {dag.py:3441} INFO - Setting next_dagrun for example_skip_dag to 2025-02-07T22:10:46.230717+00:00, run_after=2025-02-08T22:10:46.230717+00:00
[2025-02-08T22:10:46.256+0000] {processor.py:175} INFO - Processing /home/airflow/.local/lib/python3.7/site-packages/airflow/example_dags/example_skip_dag.py took 0.095 seconds
[2025-02-08T22:11:22.958+0000] {processor.py:153} INFO - Started process (PID=858) to work on /home/airflow/.local/lib/python3.7/site-packages/airflow/example_dags/example_skip_dag.py
[2025-02-08T22:11:22.960+0000] {processor.py:743} INFO - Processing file /home/airflow/.local/lib/python3.7/site-packages/airflow/example_dags/example_skip_dag.py for tasks to queue
[2025-02-08T22:11:22.962+0000] {logging_mixin.py:137} INFO - [2025-02-08T22:11:22.961+0000] {dagbag.py:538} INFO - Filling up the DagBag from /home/airflow/.local/lib/python3.7/site-packages/airflow/example_dags/example_skip_dag.py
[2025-02-08T22:11:22.982+0000] {processor.py:753} INFO - DAG(s) dict_keys(['example_skip_dag']) retrieved from /home/airflow/.local/lib/python3.7/site-packages/airflow/example_dags/example_skip_dag.py
[2025-02-08T22:11:23.039+0000] {logging_mixin.py:137} INFO - [2025-02-08T22:11:23.039+0000] {dag.py:2690} INFO - Sync 1 DAGs
[2025-02-08T22:11:23.128+0000] {logging_mixin.py:137} INFO - [2025-02-08T22:11:23.128+0000] {dag.py:3441} INFO - Setting next_dagrun for example_skip_dag to 2025-02-07T22:11:23.123552+00:00, run_after=2025-02-08T22:11:23.123552+00:00
[2025-02-08T22:11:23.172+0000] {processor.py:175} INFO - Processing /home/airflow/.local/lib/python3.7/site-packages/airflow/example_dags/example_skip_dag.py took 0.218 seconds
[2025-02-08T22:11:53.364+0000] {processor.py:153} INFO - Started process (PID=945) to work on /home/airflow/.local/lib/python3.7/site-packages/airflow/example_dags/example_skip_dag.py
[2025-02-08T22:11:53.366+0000] {processor.py:743} INFO - Processing file /home/airflow/.local/lib/python3.7/site-packages/airflow/example_dags/example_skip_dag.py for tasks to queue
[2025-02-08T22:11:53.367+0000] {logging_mixin.py:137} INFO - [2025-02-08T22:11:53.367+0000] {dagbag.py:538} INFO - Filling up the DagBag from /home/airflow/.local/lib/python3.7/site-packages/airflow/example_dags/example_skip_dag.py
[2025-02-08T22:11:53.387+0000] {processor.py:753} INFO - DAG(s) dict_keys(['example_skip_dag']) retrieved from /home/airflow/.local/lib/python3.7/site-packages/airflow/example_dags/example_skip_dag.py
[2025-02-08T22:11:53.423+0000] {logging_mixin.py:137} INFO - [2025-02-08T22:11:53.422+0000] {dag.py:2690} INFO - Sync 1 DAGs
[2025-02-08T22:11:53.456+0000] {logging_mixin.py:137} INFO - [2025-02-08T22:11:53.456+0000] {dag.py:3441} INFO - Setting next_dagrun for example_skip_dag to 2025-02-07T22:11:53.455920+00:00, run_after=2025-02-08T22:11:53.455920+00:00
[2025-02-08T22:11:53.487+0000] {processor.py:175} INFO - Processing /home/airflow/.local/lib/python3.7/site-packages/airflow/example_dags/example_skip_dag.py took 0.128 seconds
[2025-02-08T22:12:23.928+0000] {processor.py:153} INFO - Started process (PID=1017) to work on /home/airflow/.local/lib/python3.7/site-packages/airflow/example_dags/example_skip_dag.py
[2025-02-08T22:12:23.930+0000] {processor.py:743} INFO - Processing file /home/airflow/.local/lib/python3.7/site-packages/airflow/example_dags/example_skip_dag.py for tasks to queue
[2025-02-08T22:12:23.932+0000] {logging_mixin.py:137} INFO - [2025-02-08T22:12:23.932+0000] {dagbag.py:538} INFO - Filling up the DagBag from /home/airflow/.local/lib/python3.7/site-packages/airflow/example_dags/example_skip_dag.py
[2025-02-08T22:12:23.958+0000] {processor.py:753} INFO - DAG(s) dict_keys(['example_skip_dag']) retrieved from /home/airflow/.local/lib/python3.7/site-packages/airflow/example_dags/example_skip_dag.py
[2025-02-08T22:12:24.006+0000] {logging_mixin.py:137} INFO - [2025-02-08T22:12:24.006+0000] {dag.py:2690} INFO - Sync 1 DAGs
[2025-02-08T22:12:24.113+0000] {logging_mixin.py:137} INFO - [2025-02-08T22:12:24.112+0000] {dag.py:3441} INFO - Setting next_dagrun for example_skip_dag to 2025-02-07T22:12:24.109778+00:00, run_after=2025-02-08T22:12:24.109778+00:00
[2025-02-08T22:12:24.179+0000] {processor.py:175} INFO - Processing /home/airflow/.local/lib/python3.7/site-packages/airflow/example_dags/example_skip_dag.py took 0.257 seconds
[2025-02-08T22:12:54.518+0000] {processor.py:153} INFO - Started process (PID=1104) to work on /home/airflow/.local/lib/python3.7/site-packages/airflow/example_dags/example_skip_dag.py
[2025-02-08T22:12:54.519+0000] {processor.py:743} INFO - Processing file /home/airflow/.local/lib/python3.7/site-packages/airflow/example_dags/example_skip_dag.py for tasks to queue
[2025-02-08T22:12:54.520+0000] {logging_mixin.py:137} INFO - [2025-02-08T22:12:54.520+0000] {dagbag.py:538} INFO - Filling up the DagBag from /home/airflow/.local/lib/python3.7/site-packages/airflow/example_dags/example_skip_dag.py
[2025-02-08T22:12:54.538+0000] {processor.py:753} INFO - DAG(s) dict_keys(['example_skip_dag']) retrieved from /home/airflow/.local/lib/python3.7/site-packages/airflow/example_dags/example_skip_dag.py
[2025-02-08T22:12:54.572+0000] {logging_mixin.py:137} INFO - [2025-02-08T22:12:54.572+0000] {dag.py:2690} INFO - Sync 1 DAGs
[2025-02-08T22:12:54.602+0000] {logging_mixin.py:137} INFO - [2025-02-08T22:12:54.602+0000] {dag.py:3441} INFO - Setting next_dagrun for example_skip_dag to 2025-02-07T22:12:54.601796+00:00, run_after=2025-02-08T22:12:54.601796+00:00
[2025-02-08T22:12:54.631+0000] {processor.py:175} INFO - Processing /home/airflow/.local/lib/python3.7/site-packages/airflow/example_dags/example_skip_dag.py took 0.117 seconds
[2025-02-08T22:13:25.047+0000] {processor.py:153} INFO - Started process (PID=1175) to work on /home/airflow/.local/lib/python3.7/site-packages/airflow/example_dags/example_skip_dag.py
[2025-02-08T22:13:25.049+0000] {processor.py:743} INFO - Processing file /home/airflow/.local/lib/python3.7/site-packages/airflow/example_dags/example_skip_dag.py for tasks to queue
[2025-02-08T22:13:25.050+0000] {logging_mixin.py:137} INFO - [2025-02-08T22:13:25.050+0000] {dagbag.py:538} INFO - Filling up the DagBag from /home/airflow/.local/lib/python3.7/site-packages/airflow/example_dags/example_skip_dag.py
[2025-02-08T22:13:25.077+0000] {processor.py:753} INFO - DAG(s) dict_keys(['example_skip_dag']) retrieved from /home/airflow/.local/lib/python3.7/site-packages/airflow/example_dags/example_skip_dag.py
[2025-02-08T22:13:25.122+0000] {logging_mixin.py:137} INFO - [2025-02-08T22:13:25.122+0000] {dag.py:2690} INFO - Sync 1 DAGs
[2025-02-08T22:13:25.169+0000] {logging_mixin.py:137} INFO - [2025-02-08T22:13:25.168+0000] {dag.py:3441} INFO - Setting next_dagrun for example_skip_dag to 2025-02-07T22:13:25.168514+00:00, run_after=2025-02-08T22:13:25.168514+00:00
[2025-02-08T22:13:25.203+0000] {processor.py:175} INFO - Processing /home/airflow/.local/lib/python3.7/site-packages/airflow/example_dags/example_skip_dag.py took 0.162 seconds
[2025-02-08T22:13:55.798+0000] {processor.py:153} INFO - Started process (PID=1262) to work on /home/airflow/.local/lib/python3.7/site-packages/airflow/example_dags/example_skip_dag.py
[2025-02-08T22:13:55.799+0000] {processor.py:743} INFO - Processing file /home/airflow/.local/lib/python3.7/site-packages/airflow/example_dags/example_skip_dag.py for tasks to queue
[2025-02-08T22:13:55.800+0000] {logging_mixin.py:137} INFO - [2025-02-08T22:13:55.800+0000] {dagbag.py:538} INFO - Filling up the DagBag from /home/airflow/.local/lib/python3.7/site-packages/airflow/example_dags/example_skip_dag.py
[2025-02-08T22:13:55.819+0000] {processor.py:753} INFO - DAG(s) dict_keys(['example_skip_dag']) retrieved from /home/airflow/.local/lib/python3.7/site-packages/airflow/example_dags/example_skip_dag.py
[2025-02-08T22:13:55.860+0000] {logging_mixin.py:137} INFO - [2025-02-08T22:13:55.860+0000] {dag.py:2690} INFO - Sync 1 DAGs
[2025-02-08T22:13:55.902+0000] {logging_mixin.py:137} INFO - [2025-02-08T22:13:55.901+0000] {dag.py:3441} INFO - Setting next_dagrun for example_skip_dag to 2025-02-07T22:13:55.901414+00:00, run_after=2025-02-08T22:13:55.901414+00:00
[2025-02-08T22:13:55.934+0000] {processor.py:175} INFO - Processing /home/airflow/.local/lib/python3.7/site-packages/airflow/example_dags/example_skip_dag.py took 0.147 seconds
[2025-02-08T22:14:28.959+0000] {processor.py:153} INFO - Started process (PID=1333) to work on /home/airflow/.local/lib/python3.7/site-packages/airflow/example_dags/example_skip_dag.py
[2025-02-08T22:14:28.961+0000] {processor.py:743} INFO - Processing file /home/airflow/.local/lib/python3.7/site-packages/airflow/example_dags/example_skip_dag.py for tasks to queue
[2025-02-08T22:14:28.963+0000] {logging_mixin.py:137} INFO - [2025-02-08T22:14:28.962+0000] {dagbag.py:538} INFO - Filling up the DagBag from /home/airflow/.local/lib/python3.7/site-packages/airflow/example_dags/example_skip_dag.py
[2025-02-08T22:14:28.992+0000] {processor.py:753} INFO - DAG(s) dict_keys(['example_skip_dag']) retrieved from /home/airflow/.local/lib/python3.7/site-packages/airflow/example_dags/example_skip_dag.py
[2025-02-08T22:14:29.049+0000] {logging_mixin.py:137} INFO - [2025-02-08T22:14:29.049+0000] {dag.py:2690} INFO - Sync 1 DAGs
[2025-02-08T22:14:29.120+0000] {logging_mixin.py:137} INFO - [2025-02-08T22:14:29.120+0000] {dag.py:3441} INFO - Setting next_dagrun for example_skip_dag to 2025-02-07T22:14:29.119544+00:00, run_after=2025-02-08T22:14:29.119544+00:00
[2025-02-08T22:14:29.178+0000] {processor.py:175} INFO - Processing /home/airflow/.local/lib/python3.7/site-packages/airflow/example_dags/example_skip_dag.py took 0.228 seconds
[2025-02-08T22:14:59.548+0000] {processor.py:153} INFO - Started process (PID=1404) to work on /home/airflow/.local/lib/python3.7/site-packages/airflow/example_dags/example_skip_dag.py
[2025-02-08T22:14:59.550+0000] {processor.py:743} INFO - Processing file /home/airflow/.local/lib/python3.7/site-packages/airflow/example_dags/example_skip_dag.py for tasks to queue
[2025-02-08T22:14:59.551+0000] {logging_mixin.py:137} INFO - [2025-02-08T22:14:59.551+0000] {dagbag.py:538} INFO - Filling up the DagBag from /home/airflow/.local/lib/python3.7/site-packages/airflow/example_dags/example_skip_dag.py
[2025-02-08T22:14:59.566+0000] {processor.py:753} INFO - DAG(s) dict_keys(['example_skip_dag']) retrieved from /home/airflow/.local/lib/python3.7/site-packages/airflow/example_dags/example_skip_dag.py
[2025-02-08T22:14:59.592+0000] {logging_mixin.py:137} INFO - [2025-02-08T22:14:59.592+0000] {dag.py:2690} INFO - Sync 1 DAGs
[2025-02-08T22:14:59.616+0000] {logging_mixin.py:137} INFO - [2025-02-08T22:14:59.616+0000] {dag.py:3441} INFO - Setting next_dagrun for example_skip_dag to 2025-02-07T22:14:59.615913+00:00, run_after=2025-02-08T22:14:59.615913+00:00
[2025-02-08T22:14:59.641+0000] {processor.py:175} INFO - Processing /home/airflow/.local/lib/python3.7/site-packages/airflow/example_dags/example_skip_dag.py took 0.096 seconds
[2025-02-08T22:15:29.780+0000] {processor.py:153} INFO - Started process (PID=1491) to work on /home/airflow/.local/lib/python3.7/site-packages/airflow/example_dags/example_skip_dag.py
[2025-02-08T22:15:29.781+0000] {processor.py:743} INFO - Processing file /home/airflow/.local/lib/python3.7/site-packages/airflow/example_dags/example_skip_dag.py for tasks to queue
[2025-02-08T22:15:29.782+0000] {logging_mixin.py:137} INFO - [2025-02-08T22:15:29.782+0000] {dagbag.py:538} INFO - Filling up the DagBag from /home/airflow/.local/lib/python3.7/site-packages/airflow/example_dags/example_skip_dag.py
[2025-02-08T22:15:29.800+0000] {processor.py:753} INFO - DAG(s) dict_keys(['example_skip_dag']) retrieved from /home/airflow/.local/lib/python3.7/site-packages/airflow/example_dags/example_skip_dag.py
[2025-02-08T22:15:29.831+0000] {logging_mixin.py:137} INFO - [2025-02-08T22:15:29.831+0000] {dag.py:2690} INFO - Sync 1 DAGs
[2025-02-08T22:15:29.869+0000] {logging_mixin.py:137} INFO - [2025-02-08T22:15:29.869+0000] {dag.py:3441} INFO - Setting next_dagrun for example_skip_dag to 2025-02-07T22:15:29.868389+00:00, run_after=2025-02-08T22:15:29.868389+00:00
[2025-02-08T22:15:29.897+0000] {processor.py:175} INFO - Processing /home/airflow/.local/lib/python3.7/site-packages/airflow/example_dags/example_skip_dag.py took 0.121 seconds
[2025-02-08T22:16:00.520+0000] {processor.py:153} INFO - Started process (PID=1562) to work on /home/airflow/.local/lib/python3.7/site-packages/airflow/example_dags/example_skip_dag.py
[2025-02-08T22:16:00.521+0000] {processor.py:743} INFO - Processing file /home/airflow/.local/lib/python3.7/site-packages/airflow/example_dags/example_skip_dag.py for tasks to queue
[2025-02-08T22:16:00.522+0000] {logging_mixin.py:137} INFO - [2025-02-08T22:16:00.522+0000] {dagbag.py:538} INFO - Filling up the DagBag from /home/airflow/.local/lib/python3.7/site-packages/airflow/example_dags/example_skip_dag.py
[2025-02-08T22:16:00.542+0000] {processor.py:753} INFO - DAG(s) dict_keys(['example_skip_dag']) retrieved from /home/airflow/.local/lib/python3.7/site-packages/airflow/example_dags/example_skip_dag.py
[2025-02-08T22:16:00.579+0000] {logging_mixin.py:137} INFO - [2025-02-08T22:16:00.578+0000] {dag.py:2690} INFO - Sync 1 DAGs
[2025-02-08T22:16:00.621+0000] {logging_mixin.py:137} INFO - [2025-02-08T22:16:00.621+0000] {dag.py:3441} INFO - Setting next_dagrun for example_skip_dag to 2025-02-07T22:16:00.621338+00:00, run_after=2025-02-08T22:16:00.621338+00:00
[2025-02-08T22:16:00.653+0000] {processor.py:175} INFO - Processing /home/airflow/.local/lib/python3.7/site-packages/airflow/example_dags/example_skip_dag.py took 0.137 seconds
[2025-02-08T22:16:31.486+0000] {processor.py:153} INFO - Started process (PID=1649) to work on /home/airflow/.local/lib/python3.7/site-packages/airflow/example_dags/example_skip_dag.py
[2025-02-08T22:16:31.488+0000] {processor.py:743} INFO - Processing file /home/airflow/.local/lib/python3.7/site-packages/airflow/example_dags/example_skip_dag.py for tasks to queue
[2025-02-08T22:16:31.488+0000] {logging_mixin.py:137} INFO - [2025-02-08T22:16:31.488+0000] {dagbag.py:538} INFO - Filling up the DagBag from /home/airflow/.local/lib/python3.7/site-packages/airflow/example_dags/example_skip_dag.py
[2025-02-08T22:16:31.504+0000] {processor.py:753} INFO - DAG(s) dict_keys(['example_skip_dag']) retrieved from /home/airflow/.local/lib/python3.7/site-packages/airflow/example_dags/example_skip_dag.py
[2025-02-08T22:16:31.534+0000] {logging_mixin.py:137} INFO - [2025-02-08T22:16:31.534+0000] {dag.py:2690} INFO - Sync 1 DAGs
[2025-02-08T22:16:31.568+0000] {logging_mixin.py:137} INFO - [2025-02-08T22:16:31.568+0000] {dag.py:3441} INFO - Setting next_dagrun for example_skip_dag to 2025-02-07T22:16:31.567745+00:00, run_after=2025-02-08T22:16:31.567745+00:00
[2025-02-08T22:16:31.594+0000] {processor.py:175} INFO - Processing /home/airflow/.local/lib/python3.7/site-packages/airflow/example_dags/example_skip_dag.py took 0.111 seconds
[2025-02-08T22:17:01.754+0000] {processor.py:153} INFO - Started process (PID=1720) to work on /home/airflow/.local/lib/python3.7/site-packages/airflow/example_dags/example_skip_dag.py
[2025-02-08T22:17:01.755+0000] {processor.py:743} INFO - Processing file /home/airflow/.local/lib/python3.7/site-packages/airflow/example_dags/example_skip_dag.py for tasks to queue
[2025-02-08T22:17:01.756+0000] {logging_mixin.py:137} INFO - [2025-02-08T22:17:01.755+0000] {dagbag.py:538} INFO - Filling up the DagBag from /home/airflow/.local/lib/python3.7/site-packages/airflow/example_dags/example_skip_dag.py
[2025-02-08T22:17:01.771+0000] {processor.py:753} INFO - DAG(s) dict_keys(['example_skip_dag']) retrieved from /home/airflow/.local/lib/python3.7/site-packages/airflow/example_dags/example_skip_dag.py
[2025-02-08T22:17:01.800+0000] {logging_mixin.py:137} INFO - [2025-02-08T22:17:01.799+0000] {dag.py:2690} INFO - Sync 1 DAGs
[2025-02-08T22:17:01.833+0000] {logging_mixin.py:137} INFO - [2025-02-08T22:17:01.833+0000] {dag.py:3441} INFO - Setting next_dagrun for example_skip_dag to 2025-02-07T22:17:01.832984+00:00, run_after=2025-02-08T22:17:01.832984+00:00
[2025-02-08T22:17:01.859+0000] {processor.py:175} INFO - Processing /home/airflow/.local/lib/python3.7/site-packages/airflow/example_dags/example_skip_dag.py took 0.110 seconds
[2025-02-08T22:17:32.647+0000] {processor.py:153} INFO - Started process (PID=1800) to work on /home/airflow/.local/lib/python3.7/site-packages/airflow/example_dags/example_skip_dag.py
[2025-02-08T22:17:32.649+0000] {processor.py:743} INFO - Processing file /home/airflow/.local/lib/python3.7/site-packages/airflow/example_dags/example_skip_dag.py for tasks to queue
[2025-02-08T22:17:32.650+0000] {logging_mixin.py:137} INFO - [2025-02-08T22:17:32.650+0000] {dagbag.py:538} INFO - Filling up the DagBag from /home/airflow/.local/lib/python3.7/site-packages/airflow/example_dags/example_skip_dag.py
[2025-02-08T22:17:32.672+0000] {processor.py:753} INFO - DAG(s) dict_keys(['example_skip_dag']) retrieved from /home/airflow/.local/lib/python3.7/site-packages/airflow/example_dags/example_skip_dag.py
[2025-02-08T22:17:32.705+0000] {logging_mixin.py:137} INFO - [2025-02-08T22:17:32.705+0000] {dag.py:2690} INFO - Sync 1 DAGs
[2025-02-08T22:17:32.741+0000] {logging_mixin.py:137} INFO - [2025-02-08T22:17:32.740+0000] {dag.py:3441} INFO - Setting next_dagrun for example_skip_dag to 2025-02-07T22:17:32.740577+00:00, run_after=2025-02-08T22:17:32.740577+00:00
[2025-02-08T22:17:32.776+0000] {processor.py:175} INFO - Processing /home/airflow/.local/lib/python3.7/site-packages/airflow/example_dags/example_skip_dag.py took 0.133 seconds
[2025-02-08T22:18:02.844+0000] {processor.py:153} INFO - Started process (PID=1878) to work on /home/airflow/.local/lib/python3.7/site-packages/airflow/example_dags/example_skip_dag.py
[2025-02-08T22:18:02.845+0000] {processor.py:743} INFO - Processing file /home/airflow/.local/lib/python3.7/site-packages/airflow/example_dags/example_skip_dag.py for tasks to queue
[2025-02-08T22:18:02.846+0000] {logging_mixin.py:137} INFO - [2025-02-08T22:18:02.846+0000] {dagbag.py:538} INFO - Filling up the DagBag from /home/airflow/.local/lib/python3.7/site-packages/airflow/example_dags/example_skip_dag.py
[2025-02-08T22:18:02.862+0000] {processor.py:753} INFO - DAG(s) dict_keys(['example_skip_dag']) retrieved from /home/airflow/.local/lib/python3.7/site-packages/airflow/example_dags/example_skip_dag.py
[2025-02-08T22:18:02.899+0000] {logging_mixin.py:137} INFO - [2025-02-08T22:18:02.899+0000] {dag.py:2690} INFO - Sync 1 DAGs
[2025-02-08T22:18:02.930+0000] {logging_mixin.py:137} INFO - [2025-02-08T22:18:02.930+0000] {dag.py:3441} INFO - Setting next_dagrun for example_skip_dag to 2025-02-07T22:18:02.930449+00:00, run_after=2025-02-08T22:18:02.930449+00:00
[2025-02-08T22:18:02.955+0000] {processor.py:175} INFO - Processing /home/airflow/.local/lib/python3.7/site-packages/airflow/example_dags/example_skip_dag.py took 0.116 seconds
[2025-02-08T22:18:33.661+0000] {processor.py:153} INFO - Started process (PID=1956) to work on /home/airflow/.local/lib/python3.7/site-packages/airflow/example_dags/example_skip_dag.py
[2025-02-08T22:18:33.662+0000] {processor.py:743} INFO - Processing file /home/airflow/.local/lib/python3.7/site-packages/airflow/example_dags/example_skip_dag.py for tasks to queue
[2025-02-08T22:18:33.663+0000] {logging_mixin.py:137} INFO - [2025-02-08T22:18:33.662+0000] {dagbag.py:538} INFO - Filling up the DagBag from /home/airflow/.local/lib/python3.7/site-packages/airflow/example_dags/example_skip_dag.py
[2025-02-08T22:18:33.677+0000] {processor.py:753} INFO - DAG(s) dict_keys(['example_skip_dag']) retrieved from /home/airflow/.local/lib/python3.7/site-packages/airflow/example_dags/example_skip_dag.py
[2025-02-08T22:18:33.704+0000] {logging_mixin.py:137} INFO - [2025-02-08T22:18:33.704+0000] {dag.py:2690} INFO - Sync 1 DAGs
[2025-02-08T22:18:33.735+0000] {logging_mixin.py:137} INFO - [2025-02-08T22:18:33.735+0000] {dag.py:3441} INFO - Setting next_dagrun for example_skip_dag to 2025-02-07T22:18:33.734952+00:00, run_after=2025-02-08T22:18:33.734952+00:00
[2025-02-08T22:18:33.763+0000] {processor.py:175} INFO - Processing /home/airflow/.local/lib/python3.7/site-packages/airflow/example_dags/example_skip_dag.py took 0.105 seconds
[2025-02-08T22:19:04.493+0000] {processor.py:153} INFO - Started process (PID=2036) to work on /home/airflow/.local/lib/python3.7/site-packages/airflow/example_dags/example_skip_dag.py
[2025-02-08T22:19:04.495+0000] {processor.py:743} INFO - Processing file /home/airflow/.local/lib/python3.7/site-packages/airflow/example_dags/example_skip_dag.py for tasks to queue
[2025-02-08T22:19:04.496+0000] {logging_mixin.py:137} INFO - [2025-02-08T22:19:04.496+0000] {dagbag.py:538} INFO - Filling up the DagBag from /home/airflow/.local/lib/python3.7/site-packages/airflow/example_dags/example_skip_dag.py
[2025-02-08T22:19:04.519+0000] {processor.py:753} INFO - DAG(s) dict_keys(['example_skip_dag']) retrieved from /home/airflow/.local/lib/python3.7/site-packages/airflow/example_dags/example_skip_dag.py
[2025-02-08T22:19:04.558+0000] {logging_mixin.py:137} INFO - [2025-02-08T22:19:04.558+0000] {dag.py:2690} INFO - Sync 1 DAGs
[2025-02-08T22:19:04.597+0000] {logging_mixin.py:137} INFO - [2025-02-08T22:19:04.596+0000] {dag.py:3441} INFO - Setting next_dagrun for example_skip_dag to 2025-02-07T22:19:04.596635+00:00, run_after=2025-02-08T22:19:04.596635+00:00
[2025-02-08T22:19:04.630+0000] {processor.py:175} INFO - Processing /home/airflow/.local/lib/python3.7/site-packages/airflow/example_dags/example_skip_dag.py took 0.141 seconds
[2025-02-08T22:19:35.217+0000] {processor.py:153} INFO - Started process (PID=2107) to work on /home/airflow/.local/lib/python3.7/site-packages/airflow/example_dags/example_skip_dag.py
[2025-02-08T22:19:35.218+0000] {processor.py:743} INFO - Processing file /home/airflow/.local/lib/python3.7/site-packages/airflow/example_dags/example_skip_dag.py for tasks to queue
[2025-02-08T22:19:35.220+0000] {logging_mixin.py:137} INFO - [2025-02-08T22:19:35.219+0000] {dagbag.py:538} INFO - Filling up the DagBag from /home/airflow/.local/lib/python3.7/site-packages/airflow/example_dags/example_skip_dag.py
[2025-02-08T22:19:35.242+0000] {processor.py:753} INFO - DAG(s) dict_keys(['example_skip_dag']) retrieved from /home/airflow/.local/lib/python3.7/site-packages/airflow/example_dags/example_skip_dag.py
[2025-02-08T22:19:35.292+0000] {logging_mixin.py:137} INFO - [2025-02-08T22:19:35.292+0000] {dag.py:2690} INFO - Sync 1 DAGs
[2025-02-08T22:19:35.352+0000] {logging_mixin.py:137} INFO - [2025-02-08T22:19:35.352+0000] {dag.py:3441} INFO - Setting next_dagrun for example_skip_dag to 2025-02-07T22:19:35.352111+00:00, run_after=2025-02-08T22:19:35.352111+00:00
[2025-02-08T22:19:35.390+0000] {processor.py:175} INFO - Processing /home/airflow/.local/lib/python3.7/site-packages/airflow/example_dags/example_skip_dag.py took 0.178 seconds
[2025-02-08T22:20:05.540+0000] {processor.py:153} INFO - Started process (PID=2193) to work on /home/airflow/.local/lib/python3.7/site-packages/airflow/example_dags/example_skip_dag.py
[2025-02-08T22:20:05.541+0000] {processor.py:743} INFO - Processing file /home/airflow/.local/lib/python3.7/site-packages/airflow/example_dags/example_skip_dag.py for tasks to queue
[2025-02-08T22:20:05.542+0000] {logging_mixin.py:137} INFO - [2025-02-08T22:20:05.542+0000] {dagbag.py:538} INFO - Filling up the DagBag from /home/airflow/.local/lib/python3.7/site-packages/airflow/example_dags/example_skip_dag.py
[2025-02-08T22:20:05.561+0000] {processor.py:753} INFO - DAG(s) dict_keys(['example_skip_dag']) retrieved from /home/airflow/.local/lib/python3.7/site-packages/airflow/example_dags/example_skip_dag.py
[2025-02-08T22:20:05.594+0000] {logging_mixin.py:137} INFO - [2025-02-08T22:20:05.594+0000] {dag.py:2690} INFO - Sync 1 DAGs
[2025-02-08T22:20:05.629+0000] {logging_mixin.py:137} INFO - [2025-02-08T22:20:05.629+0000] {dag.py:3441} INFO - Setting next_dagrun for example_skip_dag to 2025-02-07T22:20:05.629471+00:00, run_after=2025-02-08T22:20:05.629471+00:00
[2025-02-08T22:20:05.660+0000] {processor.py:175} INFO - Processing /home/airflow/.local/lib/python3.7/site-packages/airflow/example_dags/example_skip_dag.py took 0.124 seconds
[2025-02-08T22:20:35.756+0000] {processor.py:153} INFO - Started process (PID=2264) to work on /home/airflow/.local/lib/python3.7/site-packages/airflow/example_dags/example_skip_dag.py
[2025-02-08T22:20:35.757+0000] {processor.py:743} INFO - Processing file /home/airflow/.local/lib/python3.7/site-packages/airflow/example_dags/example_skip_dag.py for tasks to queue
[2025-02-08T22:20:35.758+0000] {logging_mixin.py:137} INFO - [2025-02-08T22:20:35.758+0000] {dagbag.py:538} INFO - Filling up the DagBag from /home/airflow/.local/lib/python3.7/site-packages/airflow/example_dags/example_skip_dag.py
[2025-02-08T22:20:35.777+0000] {processor.py:753} INFO - DAG(s) dict_keys(['example_skip_dag']) retrieved from /home/airflow/.local/lib/python3.7/site-packages/airflow/example_dags/example_skip_dag.py
[2025-02-08T22:20:35.809+0000] {logging_mixin.py:137} INFO - [2025-02-08T22:20:35.809+0000] {dag.py:2690} INFO - Sync 1 DAGs
[2025-02-08T22:20:35.844+0000] {logging_mixin.py:137} INFO - [2025-02-08T22:20:35.844+0000] {dag.py:3441} INFO - Setting next_dagrun for example_skip_dag to 2025-02-07T22:20:35.844161+00:00, run_after=2025-02-08T22:20:35.844161+00:00
[2025-02-08T22:20:35.875+0000] {processor.py:175} INFO - Processing /home/airflow/.local/lib/python3.7/site-packages/airflow/example_dags/example_skip_dag.py took 0.123 seconds
[2025-02-08T22:21:06.012+0000] {processor.py:153} INFO - Started process (PID=2350) to work on /home/airflow/.local/lib/python3.7/site-packages/airflow/example_dags/example_skip_dag.py
[2025-02-08T22:21:06.013+0000] {processor.py:743} INFO - Processing file /home/airflow/.local/lib/python3.7/site-packages/airflow/example_dags/example_skip_dag.py for tasks to queue
[2025-02-08T22:21:06.015+0000] {logging_mixin.py:137} INFO - [2025-02-08T22:21:06.014+0000] {dagbag.py:538} INFO - Filling up the DagBag from /home/airflow/.local/lib/python3.7/site-packages/airflow/example_dags/example_skip_dag.py
[2025-02-08T22:21:06.040+0000] {processor.py:753} INFO - DAG(s) dict_keys(['example_skip_dag']) retrieved from /home/airflow/.local/lib/python3.7/site-packages/airflow/example_dags/example_skip_dag.py
[2025-02-08T22:21:06.088+0000] {logging_mixin.py:137} INFO - [2025-02-08T22:21:06.087+0000] {dag.py:2690} INFO - Sync 1 DAGs
[2025-02-08T22:21:06.136+0000] {logging_mixin.py:137} INFO - [2025-02-08T22:21:06.136+0000] {dag.py:3441} INFO - Setting next_dagrun for example_skip_dag to 2025-02-07T22:21:06.136051+00:00, run_after=2025-02-08T22:21:06.136051+00:00
[2025-02-08T22:21:06.192+0000] {processor.py:175} INFO - Processing /home/airflow/.local/lib/python3.7/site-packages/airflow/example_dags/example_skip_dag.py took 0.186 seconds
[2025-02-08T22:21:36.650+0000] {processor.py:153} INFO - Started process (PID=2421) to work on /home/airflow/.local/lib/python3.7/site-packages/airflow/example_dags/example_skip_dag.py
[2025-02-08T22:21:36.652+0000] {processor.py:743} INFO - Processing file /home/airflow/.local/lib/python3.7/site-packages/airflow/example_dags/example_skip_dag.py for tasks to queue
[2025-02-08T22:21:36.653+0000] {logging_mixin.py:137} INFO - [2025-02-08T22:21:36.653+0000] {dagbag.py:538} INFO - Filling up the DagBag from /home/airflow/.local/lib/python3.7/site-packages/airflow/example_dags/example_skip_dag.py
[2025-02-08T22:21:36.669+0000] {processor.py:753} INFO - DAG(s) dict_keys(['example_skip_dag']) retrieved from /home/airflow/.local/lib/python3.7/site-packages/airflow/example_dags/example_skip_dag.py
[2025-02-08T22:21:36.703+0000] {logging_mixin.py:137} INFO - [2025-02-08T22:21:36.703+0000] {dag.py:2690} INFO - Sync 1 DAGs
[2025-02-08T22:21:36.733+0000] {logging_mixin.py:137} INFO - [2025-02-08T22:21:36.733+0000] {dag.py:3441} INFO - Setting next_dagrun for example_skip_dag to 2025-02-07T22:21:36.733202+00:00, run_after=2025-02-08T22:21:36.733202+00:00
[2025-02-08T22:21:36.762+0000] {processor.py:175} INFO - Processing /home/airflow/.local/lib/python3.7/site-packages/airflow/example_dags/example_skip_dag.py took 0.116 seconds
[2025-02-08T22:22:06.899+0000] {processor.py:153} INFO - Started process (PID=2501) to work on /home/airflow/.local/lib/python3.7/site-packages/airflow/example_dags/example_skip_dag.py
[2025-02-08T22:22:06.900+0000] {processor.py:743} INFO - Processing file /home/airflow/.local/lib/python3.7/site-packages/airflow/example_dags/example_skip_dag.py for tasks to queue
[2025-02-08T22:22:06.901+0000] {logging_mixin.py:137} INFO - [2025-02-08T22:22:06.901+0000] {dagbag.py:538} INFO - Filling up the DagBag from /home/airflow/.local/lib/python3.7/site-packages/airflow/example_dags/example_skip_dag.py
[2025-02-08T22:22:06.916+0000] {processor.py:753} INFO - DAG(s) dict_keys(['example_skip_dag']) retrieved from /home/airflow/.local/lib/python3.7/site-packages/airflow/example_dags/example_skip_dag.py
[2025-02-08T22:22:06.945+0000] {logging_mixin.py:137} INFO - [2025-02-08T22:22:06.945+0000] {dag.py:2690} INFO - Sync 1 DAGs
[2025-02-08T22:22:06.971+0000] {logging_mixin.py:137} INFO - [2025-02-08T22:22:06.971+0000] {dag.py:3441} INFO - Setting next_dagrun for example_skip_dag to 2025-02-07T22:22:06.971334+00:00, run_after=2025-02-08T22:22:06.971334+00:00
[2025-02-08T22:22:06.996+0000] {processor.py:175} INFO - Processing /home/airflow/.local/lib/python3.7/site-packages/airflow/example_dags/example_skip_dag.py took 0.100 seconds
[2025-02-08T22:22:37.182+0000] {processor.py:153} INFO - Started process (PID=2579) to work on /home/airflow/.local/lib/python3.7/site-packages/airflow/example_dags/example_skip_dag.py
[2025-02-08T22:22:37.184+0000] {processor.py:743} INFO - Processing file /home/airflow/.local/lib/python3.7/site-packages/airflow/example_dags/example_skip_dag.py for tasks to queue
[2025-02-08T22:22:37.185+0000] {logging_mixin.py:137} INFO - [2025-02-08T22:22:37.185+0000] {dagbag.py:538} INFO - Filling up the DagBag from /home/airflow/.local/lib/python3.7/site-packages/airflow/example_dags/example_skip_dag.py
[2025-02-08T22:22:37.207+0000] {processor.py:753} INFO - DAG(s) dict_keys(['example_skip_dag']) retrieved from /home/airflow/.local/lib/python3.7/site-packages/airflow/example_dags/example_skip_dag.py
[2025-02-08T22:22:37.244+0000] {logging_mixin.py:137} INFO - [2025-02-08T22:22:37.243+0000] {dag.py:2690} INFO - Sync 1 DAGs
[2025-02-08T22:22:37.281+0000] {logging_mixin.py:137} INFO - [2025-02-08T22:22:37.281+0000] {dag.py:3441} INFO - Setting next_dagrun for example_skip_dag to 2025-02-07T22:22:37.280683+00:00, run_after=2025-02-08T22:22:37.280683+00:00
[2025-02-08T22:22:37.321+0000] {processor.py:175} INFO - Processing /home/airflow/.local/lib/python3.7/site-packages/airflow/example_dags/example_skip_dag.py took 0.144 seconds
[2025-02-08T22:23:07.979+0000] {processor.py:153} INFO - Started process (PID=2650) to work on /home/airflow/.local/lib/python3.7/site-packages/airflow/example_dags/example_skip_dag.py
[2025-02-08T22:23:07.980+0000] {processor.py:743} INFO - Processing file /home/airflow/.local/lib/python3.7/site-packages/airflow/example_dags/example_skip_dag.py for tasks to queue
[2025-02-08T22:23:07.981+0000] {logging_mixin.py:137} INFO - [2025-02-08T22:23:07.981+0000] {dagbag.py:538} INFO - Filling up the DagBag from /home/airflow/.local/lib/python3.7/site-packages/airflow/example_dags/example_skip_dag.py
[2025-02-08T22:23:07.999+0000] {processor.py:753} INFO - DAG(s) dict_keys(['example_skip_dag']) retrieved from /home/airflow/.local/lib/python3.7/site-packages/airflow/example_dags/example_skip_dag.py
[2025-02-08T22:23:08.029+0000] {logging_mixin.py:137} INFO - [2025-02-08T22:23:08.029+0000] {dag.py:2690} INFO - Sync 1 DAGs
[2025-02-08T22:23:08.063+0000] {logging_mixin.py:137} INFO - [2025-02-08T22:23:08.062+0000] {dag.py:3441} INFO - Setting next_dagrun for example_skip_dag to 2025-02-07T22:23:08.062436+00:00, run_after=2025-02-08T22:23:08.062436+00:00
[2025-02-08T22:23:08.092+0000] {processor.py:175} INFO - Processing /home/airflow/.local/lib/python3.7/site-packages/airflow/example_dags/example_skip_dag.py took 0.118 seconds
[2025-02-08T22:23:38.900+0000] {processor.py:153} INFO - Started process (PID=2737) to work on /home/airflow/.local/lib/python3.7/site-packages/airflow/example_dags/example_skip_dag.py
[2025-02-08T22:23:38.902+0000] {processor.py:743} INFO - Processing file /home/airflow/.local/lib/python3.7/site-packages/airflow/example_dags/example_skip_dag.py for tasks to queue
[2025-02-08T22:23:38.903+0000] {logging_mixin.py:137} INFO - [2025-02-08T22:23:38.903+0000] {dagbag.py:538} INFO - Filling up the DagBag from /home/airflow/.local/lib/python3.7/site-packages/airflow/example_dags/example_skip_dag.py
[2025-02-08T22:23:38.930+0000] {processor.py:753} INFO - DAG(s) dict_keys(['example_skip_dag']) retrieved from /home/airflow/.local/lib/python3.7/site-packages/airflow/example_dags/example_skip_dag.py
[2025-02-08T22:23:38.974+0000] {logging_mixin.py:137} INFO - [2025-02-08T22:23:38.973+0000] {dag.py:2690} INFO - Sync 1 DAGs
[2025-02-08T22:23:39.022+0000] {logging_mixin.py:137} INFO - [2025-02-08T22:23:39.021+0000] {dag.py:3441} INFO - Setting next_dagrun for example_skip_dag to 2025-02-07T22:23:39.021305+00:00, run_after=2025-02-08T22:23:39.021305+00:00
[2025-02-08T22:23:39.069+0000] {processor.py:175} INFO - Processing /home/airflow/.local/lib/python3.7/site-packages/airflow/example_dags/example_skip_dag.py took 0.175 seconds
[2025-02-08T22:24:09.965+0000] {processor.py:153} INFO - Started process (PID=2808) to work on /home/airflow/.local/lib/python3.7/site-packages/airflow/example_dags/example_skip_dag.py
[2025-02-08T22:24:09.967+0000] {processor.py:743} INFO - Processing file /home/airflow/.local/lib/python3.7/site-packages/airflow/example_dags/example_skip_dag.py for tasks to queue
[2025-02-08T22:24:09.969+0000] {logging_mixin.py:137} INFO - [2025-02-08T22:24:09.968+0000] {dagbag.py:538} INFO - Filling up the DagBag from /home/airflow/.local/lib/python3.7/site-packages/airflow/example_dags/example_skip_dag.py
[2025-02-08T22:24:10.005+0000] {processor.py:753} INFO - DAG(s) dict_keys(['example_skip_dag']) retrieved from /home/airflow/.local/lib/python3.7/site-packages/airflow/example_dags/example_skip_dag.py
[2025-02-08T22:24:10.051+0000] {logging_mixin.py:137} INFO - [2025-02-08T22:24:10.051+0000] {dag.py:2690} INFO - Sync 1 DAGs
[2025-02-08T22:24:10.129+0000] {logging_mixin.py:137} INFO - [2025-02-08T22:24:10.129+0000] {dag.py:3441} INFO - Setting next_dagrun for example_skip_dag to 2025-02-07T22:24:10.129235+00:00, run_after=2025-02-08T22:24:10.129235+00:00
[2025-02-08T22:24:10.166+0000] {processor.py:175} INFO - Processing /home/airflow/.local/lib/python3.7/site-packages/airflow/example_dags/example_skip_dag.py took 0.208 seconds
[2025-02-08T22:24:40.464+0000] {processor.py:153} INFO - Started process (PID=2879) to work on /home/airflow/.local/lib/python3.7/site-packages/airflow/example_dags/example_skip_dag.py
[2025-02-08T22:24:40.466+0000] {processor.py:743} INFO - Processing file /home/airflow/.local/lib/python3.7/site-packages/airflow/example_dags/example_skip_dag.py for tasks to queue
[2025-02-08T22:24:40.468+0000] {logging_mixin.py:137} INFO - [2025-02-08T22:24:40.468+0000] {dagbag.py:538} INFO - Filling up the DagBag from /home/airflow/.local/lib/python3.7/site-packages/airflow/example_dags/example_skip_dag.py
[2025-02-08T22:24:40.493+0000] {processor.py:753} INFO - DAG(s) dict_keys(['example_skip_dag']) retrieved from /home/airflow/.local/lib/python3.7/site-packages/airflow/example_dags/example_skip_dag.py
[2025-02-08T22:24:40.536+0000] {logging_mixin.py:137} INFO - [2025-02-08T22:24:40.536+0000] {dag.py:2690} INFO - Sync 1 DAGs
[2025-02-08T22:24:40.574+0000] {logging_mixin.py:137} INFO - [2025-02-08T22:24:40.574+0000] {dag.py:3441} INFO - Setting next_dagrun for example_skip_dag to 2025-02-07T22:24:40.573654+00:00, run_after=2025-02-08T22:24:40.573654+00:00
[2025-02-08T22:24:40.603+0000] {processor.py:175} INFO - Processing /home/airflow/.local/lib/python3.7/site-packages/airflow/example_dags/example_skip_dag.py took 0.149 seconds
[2025-02-08T22:25:11.072+0000] {processor.py:153} INFO - Started process (PID=2959) to work on /home/airflow/.local/lib/python3.7/site-packages/airflow/example_dags/example_skip_dag.py
[2025-02-08T22:25:11.074+0000] {processor.py:743} INFO - Processing file /home/airflow/.local/lib/python3.7/site-packages/airflow/example_dags/example_skip_dag.py for tasks to queue
[2025-02-08T22:25:11.075+0000] {logging_mixin.py:137} INFO - [2025-02-08T22:25:11.075+0000] {dagbag.py:538} INFO - Filling up the DagBag from /home/airflow/.local/lib/python3.7/site-packages/airflow/example_dags/example_skip_dag.py
[2025-02-08T22:25:11.099+0000] {processor.py:753} INFO - DAG(s) dict_keys(['example_skip_dag']) retrieved from /home/airflow/.local/lib/python3.7/site-packages/airflow/example_dags/example_skip_dag.py
[2025-02-08T22:25:11.147+0000] {logging_mixin.py:137} INFO - [2025-02-08T22:25:11.146+0000] {dag.py:2690} INFO - Sync 1 DAGs
[2025-02-08T22:25:11.284+0000] {logging_mixin.py:137} INFO - [2025-02-08T22:25:11.284+0000] {dag.py:3441} INFO - Setting next_dagrun for example_skip_dag to 2025-02-07T22:25:11.283478+00:00, run_after=2025-02-08T22:25:11.283478+00:00
[2025-02-08T22:25:11.348+0000] {processor.py:175} INFO - Processing /home/airflow/.local/lib/python3.7/site-packages/airflow/example_dags/example_skip_dag.py took 0.282 seconds
[2025-02-08T22:25:42.159+0000] {processor.py:153} INFO - Started process (PID=3037) to work on /home/airflow/.local/lib/python3.7/site-packages/airflow/example_dags/example_skip_dag.py
[2025-02-08T22:25:42.161+0000] {processor.py:743} INFO - Processing file /home/airflow/.local/lib/python3.7/site-packages/airflow/example_dags/example_skip_dag.py for tasks to queue
[2025-02-08T22:25:42.164+0000] {logging_mixin.py:137} INFO - [2025-02-08T22:25:42.164+0000] {dagbag.py:538} INFO - Filling up the DagBag from /home/airflow/.local/lib/python3.7/site-packages/airflow/example_dags/example_skip_dag.py
[2025-02-08T22:25:42.242+0000] {processor.py:753} INFO - DAG(s) dict_keys(['example_skip_dag']) retrieved from /home/airflow/.local/lib/python3.7/site-packages/airflow/example_dags/example_skip_dag.py
[2025-02-08T22:25:42.357+0000] {logging_mixin.py:137} INFO - [2025-02-08T22:25:42.356+0000] {dag.py:2690} INFO - Sync 1 DAGs
[2025-02-08T22:25:42.460+0000] {logging_mixin.py:137} INFO - [2025-02-08T22:25:42.460+0000] {dag.py:3441} INFO - Setting next_dagrun for example_skip_dag to 2025-02-07T22:25:42.460032+00:00, run_after=2025-02-08T22:25:42.460032+00:00
[2025-02-08T22:25:42.518+0000] {processor.py:175} INFO - Processing /home/airflow/.local/lib/python3.7/site-packages/airflow/example_dags/example_skip_dag.py took 0.379 seconds
[2025-02-08T22:26:13.006+0000] {processor.py:153} INFO - Started process (PID=3109) to work on /home/airflow/.local/lib/python3.7/site-packages/airflow/example_dags/example_skip_dag.py
[2025-02-08T22:26:13.008+0000] {processor.py:743} INFO - Processing file /home/airflow/.local/lib/python3.7/site-packages/airflow/example_dags/example_skip_dag.py for tasks to queue
[2025-02-08T22:26:13.009+0000] {logging_mixin.py:137} INFO - [2025-02-08T22:26:13.009+0000] {dagbag.py:538} INFO - Filling up the DagBag from /home/airflow/.local/lib/python3.7/site-packages/airflow/example_dags/example_skip_dag.py
[2025-02-08T22:26:13.041+0000] {processor.py:753} INFO - DAG(s) dict_keys(['example_skip_dag']) retrieved from /home/airflow/.local/lib/python3.7/site-packages/airflow/example_dags/example_skip_dag.py
[2025-02-08T22:26:13.078+0000] {logging_mixin.py:137} INFO - [2025-02-08T22:26:13.078+0000] {dag.py:2690} INFO - Sync 1 DAGs
[2025-02-08T22:26:13.118+0000] {logging_mixin.py:137} INFO - [2025-02-08T22:26:13.118+0000] {dag.py:3441} INFO - Setting next_dagrun for example_skip_dag to 2025-02-07T22:26:13.118405+00:00, run_after=2025-02-08T22:26:13.118405+00:00
[2025-02-08T22:26:13.152+0000] {processor.py:175} INFO - Processing /home/airflow/.local/lib/python3.7/site-packages/airflow/example_dags/example_skip_dag.py took 0.152 seconds
[2025-02-08T22:26:43.753+0000] {processor.py:153} INFO - Started process (PID=3197) to work on /home/airflow/.local/lib/python3.7/site-packages/airflow/example_dags/example_skip_dag.py
[2025-02-08T22:26:43.755+0000] {processor.py:743} INFO - Processing file /home/airflow/.local/lib/python3.7/site-packages/airflow/example_dags/example_skip_dag.py for tasks to queue
[2025-02-08T22:26:43.756+0000] {logging_mixin.py:137} INFO - [2025-02-08T22:26:43.756+0000] {dagbag.py:538} INFO - Filling up the DagBag from /home/airflow/.local/lib/python3.7/site-packages/airflow/example_dags/example_skip_dag.py
[2025-02-08T22:26:43.769+0000] {processor.py:753} INFO - DAG(s) dict_keys(['example_skip_dag']) retrieved from /home/airflow/.local/lib/python3.7/site-packages/airflow/example_dags/example_skip_dag.py
[2025-02-08T22:26:43.794+0000] {logging_mixin.py:137} INFO - [2025-02-08T22:26:43.793+0000] {dag.py:2690} INFO - Sync 1 DAGs
[2025-02-08T22:26:43.818+0000] {logging_mixin.py:137} INFO - [2025-02-08T22:26:43.818+0000] {dag.py:3441} INFO - Setting next_dagrun for example_skip_dag to 2025-02-07T22:26:43.818044+00:00, run_after=2025-02-08T22:26:43.818044+00:00
[2025-02-08T22:26:43.842+0000] {processor.py:175} INFO - Processing /home/airflow/.local/lib/python3.7/site-packages/airflow/example_dags/example_skip_dag.py took 0.091 seconds
[2025-02-08T22:27:14.362+0000] {processor.py:153} INFO - Started process (PID=3269) to work on /home/airflow/.local/lib/python3.7/site-packages/airflow/example_dags/example_skip_dag.py
[2025-02-08T22:27:14.363+0000] {processor.py:743} INFO - Processing file /home/airflow/.local/lib/python3.7/site-packages/airflow/example_dags/example_skip_dag.py for tasks to queue
[2025-02-08T22:27:14.365+0000] {logging_mixin.py:137} INFO - [2025-02-08T22:27:14.364+0000] {dagbag.py:538} INFO - Filling up the DagBag from /home/airflow/.local/lib/python3.7/site-packages/airflow/example_dags/example_skip_dag.py
[2025-02-08T22:27:14.402+0000] {processor.py:753} INFO - DAG(s) dict_keys(['example_skip_dag']) retrieved from /home/airflow/.local/lib/python3.7/site-packages/airflow/example_dags/example_skip_dag.py
[2025-02-08T22:27:14.456+0000] {logging_mixin.py:137} INFO - [2025-02-08T22:27:14.455+0000] {dag.py:2690} INFO - Sync 1 DAGs
[2025-02-08T22:27:14.534+0000] {logging_mixin.py:137} INFO - [2025-02-08T22:27:14.533+0000] {dag.py:3441} INFO - Setting next_dagrun for example_skip_dag to 2025-02-07T22:27:14.533317+00:00, run_after=2025-02-08T22:27:14.533317+00:00
[2025-02-08T22:27:14.608+0000] {processor.py:175} INFO - Processing /home/airflow/.local/lib/python3.7/site-packages/airflow/example_dags/example_skip_dag.py took 0.251 seconds
[2025-02-08T22:27:45.403+0000] {processor.py:153} INFO - Started process (PID=3357) to work on /home/airflow/.local/lib/python3.7/site-packages/airflow/example_dags/example_skip_dag.py
[2025-02-08T22:27:45.404+0000] {processor.py:743} INFO - Processing file /home/airflow/.local/lib/python3.7/site-packages/airflow/example_dags/example_skip_dag.py for tasks to queue
[2025-02-08T22:27:45.406+0000] {logging_mixin.py:137} INFO - [2025-02-08T22:27:45.406+0000] {dagbag.py:538} INFO - Filling up the DagBag from /home/airflow/.local/lib/python3.7/site-packages/airflow/example_dags/example_skip_dag.py
[2025-02-08T22:27:45.436+0000] {processor.py:753} INFO - DAG(s) dict_keys(['example_skip_dag']) retrieved from /home/airflow/.local/lib/python3.7/site-packages/airflow/example_dags/example_skip_dag.py
[2025-02-08T22:27:45.475+0000] {logging_mixin.py:137} INFO - [2025-02-08T22:27:45.475+0000] {dag.py:2690} INFO - Sync 1 DAGs
[2025-02-08T22:27:45.515+0000] {logging_mixin.py:137} INFO - [2025-02-08T22:27:45.515+0000] {dag.py:3441} INFO - Setting next_dagrun for example_skip_dag to 2025-02-07T22:27:45.514769+00:00, run_after=2025-02-08T22:27:45.514769+00:00
[2025-02-08T22:27:45.563+0000] {processor.py:175} INFO - Processing /home/airflow/.local/lib/python3.7/site-packages/airflow/example_dags/example_skip_dag.py took 0.167 seconds
