[2025-02-08T22:06:08.195+0000] {processor.py:153} INFO - Started process (PID=79) to work on /home/airflow/.local/lib/python3.7/site-packages/airflow/example_dags/example_kubernetes_executor.py
[2025-02-08T22:06:08.200+0000] {processor.py:743} INFO - Processing file /home/airflow/.local/lib/python3.7/site-packages/airflow/example_dags/example_kubernetes_executor.py for tasks to queue
[2025-02-08T22:06:08.203+0000] {logging_mixin.py:137} INFO - [2025-02-08T22:06:08.202+0000] {dagbag.py:538} INFO - Filling up the DagBag from /home/airflow/.local/lib/python3.7/site-packages/airflow/example_dags/example_kubernetes_executor.py
[2025-02-08T22:06:08.273+0000] {processor.py:753} INFO - DAG(s) dict_keys(['example_kubernetes_executor']) retrieved from /home/airflow/.local/lib/python3.7/site-packages/airflow/example_dags/example_kubernetes_executor.py
[2025-02-08T22:06:08.421+0000] {logging_mixin.py:137} INFO - [2025-02-08T22:06:08.421+0000] {dag.py:2690} INFO - Sync 1 DAGs
[2025-02-08T22:06:08.541+0000] {logging_mixin.py:137} INFO - [2025-02-08T22:06:08.540+0000] {dag.py:3441} INFO - Setting next_dagrun for example_kubernetes_executor to None, run_after=None
[2025-02-08T22:06:08.625+0000] {processor.py:175} INFO - Processing /home/airflow/.local/lib/python3.7/site-packages/airflow/example_dags/example_kubernetes_executor.py took 0.436 seconds
[2025-02-08T22:06:39.008+0000] {processor.py:153} INFO - Started process (PID=150) to work on /home/airflow/.local/lib/python3.7/site-packages/airflow/example_dags/example_kubernetes_executor.py
[2025-02-08T22:06:39.009+0000] {processor.py:743} INFO - Processing file /home/airflow/.local/lib/python3.7/site-packages/airflow/example_dags/example_kubernetes_executor.py for tasks to queue
[2025-02-08T22:06:39.011+0000] {logging_mixin.py:137} INFO - [2025-02-08T22:06:39.010+0000] {dagbag.py:538} INFO - Filling up the DagBag from /home/airflow/.local/lib/python3.7/site-packages/airflow/example_dags/example_kubernetes_executor.py
[2025-02-08T22:06:39.074+0000] {processor.py:753} INFO - DAG(s) dict_keys(['example_kubernetes_executor']) retrieved from /home/airflow/.local/lib/python3.7/site-packages/airflow/example_dags/example_kubernetes_executor.py
[2025-02-08T22:06:39.113+0000] {logging_mixin.py:137} INFO - [2025-02-08T22:06:39.113+0000] {dag.py:2690} INFO - Sync 1 DAGs
[2025-02-08T22:06:39.134+0000] {logging_mixin.py:137} INFO - [2025-02-08T22:06:39.134+0000] {dag.py:3441} INFO - Setting next_dagrun for example_kubernetes_executor to None, run_after=None
[2025-02-08T22:06:39.156+0000] {processor.py:175} INFO - Processing /home/airflow/.local/lib/python3.7/site-packages/airflow/example_dags/example_kubernetes_executor.py took 0.150 seconds
[2025-02-08T22:07:09.279+0000] {processor.py:153} INFO - Started process (PID=221) to work on /home/airflow/.local/lib/python3.7/site-packages/airflow/example_dags/example_kubernetes_executor.py
[2025-02-08T22:07:09.280+0000] {processor.py:743} INFO - Processing file /home/airflow/.local/lib/python3.7/site-packages/airflow/example_dags/example_kubernetes_executor.py for tasks to queue
[2025-02-08T22:07:09.281+0000] {logging_mixin.py:137} INFO - [2025-02-08T22:07:09.281+0000] {dagbag.py:538} INFO - Filling up the DagBag from /home/airflow/.local/lib/python3.7/site-packages/airflow/example_dags/example_kubernetes_executor.py
[2025-02-08T22:07:09.310+0000] {processor.py:753} INFO - DAG(s) dict_keys(['example_kubernetes_executor']) retrieved from /home/airflow/.local/lib/python3.7/site-packages/airflow/example_dags/example_kubernetes_executor.py
[2025-02-08T22:07:09.340+0000] {logging_mixin.py:137} INFO - [2025-02-08T22:07:09.339+0000] {dag.py:2690} INFO - Sync 1 DAGs
[2025-02-08T22:07:09.365+0000] {logging_mixin.py:137} INFO - [2025-02-08T22:07:09.365+0000] {dag.py:3441} INFO - Setting next_dagrun for example_kubernetes_executor to None, run_after=None
[2025-02-08T22:07:09.388+0000] {processor.py:175} INFO - Processing /home/airflow/.local/lib/python3.7/site-packages/airflow/example_dags/example_kubernetes_executor.py took 0.112 seconds
[2025-02-08T22:07:40.120+0000] {processor.py:153} INFO - Started process (PID=308) to work on /home/airflow/.local/lib/python3.7/site-packages/airflow/example_dags/example_kubernetes_executor.py
[2025-02-08T22:07:40.121+0000] {processor.py:743} INFO - Processing file /home/airflow/.local/lib/python3.7/site-packages/airflow/example_dags/example_kubernetes_executor.py for tasks to queue
[2025-02-08T22:07:40.122+0000] {logging_mixin.py:137} INFO - [2025-02-08T22:07:40.122+0000] {dagbag.py:538} INFO - Filling up the DagBag from /home/airflow/.local/lib/python3.7/site-packages/airflow/example_dags/example_kubernetes_executor.py
[2025-02-08T22:07:40.149+0000] {processor.py:753} INFO - DAG(s) dict_keys(['example_kubernetes_executor']) retrieved from /home/airflow/.local/lib/python3.7/site-packages/airflow/example_dags/example_kubernetes_executor.py
[2025-02-08T22:07:40.178+0000] {logging_mixin.py:137} INFO - [2025-02-08T22:07:40.178+0000] {dag.py:2690} INFO - Sync 1 DAGs
[2025-02-08T22:07:40.207+0000] {logging_mixin.py:137} INFO - [2025-02-08T22:07:40.207+0000] {dag.py:3441} INFO - Setting next_dagrun for example_kubernetes_executor to None, run_after=None
[2025-02-08T22:07:40.235+0000] {processor.py:175} INFO - Processing /home/airflow/.local/lib/python3.7/site-packages/airflow/example_dags/example_kubernetes_executor.py took 0.118 seconds
[2025-02-08T22:08:10.535+0000] {processor.py:153} INFO - Started process (PID=379) to work on /home/airflow/.local/lib/python3.7/site-packages/airflow/example_dags/example_kubernetes_executor.py
[2025-02-08T22:08:10.537+0000] {processor.py:743} INFO - Processing file /home/airflow/.local/lib/python3.7/site-packages/airflow/example_dags/example_kubernetes_executor.py for tasks to queue
[2025-02-08T22:08:10.538+0000] {logging_mixin.py:137} INFO - [2025-02-08T22:08:10.537+0000] {dagbag.py:538} INFO - Filling up the DagBag from /home/airflow/.local/lib/python3.7/site-packages/airflow/example_dags/example_kubernetes_executor.py
[2025-02-08T22:08:10.562+0000] {processor.py:753} INFO - DAG(s) dict_keys(['example_kubernetes_executor']) retrieved from /home/airflow/.local/lib/python3.7/site-packages/airflow/example_dags/example_kubernetes_executor.py
[2025-02-08T22:08:10.588+0000] {logging_mixin.py:137} INFO - [2025-02-08T22:08:10.588+0000] {dag.py:2690} INFO - Sync 1 DAGs
[2025-02-08T22:08:10.610+0000] {logging_mixin.py:137} INFO - [2025-02-08T22:08:10.609+0000] {dag.py:3441} INFO - Setting next_dagrun for example_kubernetes_executor to None, run_after=None
[2025-02-08T22:08:10.632+0000] {processor.py:175} INFO - Processing /home/airflow/.local/lib/python3.7/site-packages/airflow/example_dags/example_kubernetes_executor.py took 0.099 seconds
[2025-02-08T22:08:41.692+0000] {processor.py:153} INFO - Started process (PID=450) to work on /home/airflow/.local/lib/python3.7/site-packages/airflow/example_dags/example_kubernetes_executor.py
[2025-02-08T22:08:41.697+0000] {processor.py:743} INFO - Processing file /home/airflow/.local/lib/python3.7/site-packages/airflow/example_dags/example_kubernetes_executor.py for tasks to queue
[2025-02-08T22:08:41.699+0000] {logging_mixin.py:137} INFO - [2025-02-08T22:08:41.698+0000] {dagbag.py:538} INFO - Filling up the DagBag from /home/airflow/.local/lib/python3.7/site-packages/airflow/example_dags/example_kubernetes_executor.py
[2025-02-08T22:08:41.757+0000] {processor.py:753} INFO - DAG(s) dict_keys(['example_kubernetes_executor']) retrieved from /home/airflow/.local/lib/python3.7/site-packages/airflow/example_dags/example_kubernetes_executor.py
[2025-02-08T22:08:41.813+0000] {logging_mixin.py:137} INFO - [2025-02-08T22:08:41.812+0000] {dag.py:2690} INFO - Sync 1 DAGs
[2025-02-08T22:08:41.854+0000] {logging_mixin.py:137} INFO - [2025-02-08T22:08:41.853+0000] {dag.py:3441} INFO - Setting next_dagrun for example_kubernetes_executor to None, run_after=None
[2025-02-08T22:08:41.883+0000] {processor.py:175} INFO - Processing /home/airflow/.local/lib/python3.7/site-packages/airflow/example_dags/example_kubernetes_executor.py took 0.199 seconds
[2025-02-08T22:09:12.019+0000] {processor.py:153} INFO - Started process (PID=537) to work on /home/airflow/.local/lib/python3.7/site-packages/airflow/example_dags/example_kubernetes_executor.py
[2025-02-08T22:09:12.021+0000] {processor.py:743} INFO - Processing file /home/airflow/.local/lib/python3.7/site-packages/airflow/example_dags/example_kubernetes_executor.py for tasks to queue
[2025-02-08T22:09:12.021+0000] {logging_mixin.py:137} INFO - [2025-02-08T22:09:12.021+0000] {dagbag.py:538} INFO - Filling up the DagBag from /home/airflow/.local/lib/python3.7/site-packages/airflow/example_dags/example_kubernetes_executor.py
[2025-02-08T22:09:12.051+0000] {processor.py:753} INFO - DAG(s) dict_keys(['example_kubernetes_executor']) retrieved from /home/airflow/.local/lib/python3.7/site-packages/airflow/example_dags/example_kubernetes_executor.py
[2025-02-08T22:09:12.081+0000] {logging_mixin.py:137} INFO - [2025-02-08T22:09:12.080+0000] {dag.py:2690} INFO - Sync 1 DAGs
[2025-02-08T22:09:12.106+0000] {logging_mixin.py:137} INFO - [2025-02-08T22:09:12.106+0000] {dag.py:3441} INFO - Setting next_dagrun for example_kubernetes_executor to None, run_after=None
[2025-02-08T22:09:12.131+0000] {processor.py:175} INFO - Processing /home/airflow/.local/lib/python3.7/site-packages/airflow/example_dags/example_kubernetes_executor.py took 0.115 seconds
[2025-02-08T22:09:43.649+0000] {processor.py:153} INFO - Started process (PID=608) to work on /home/airflow/.local/lib/python3.7/site-packages/airflow/example_dags/example_kubernetes_executor.py
[2025-02-08T22:09:43.651+0000] {processor.py:743} INFO - Processing file /home/airflow/.local/lib/python3.7/site-packages/airflow/example_dags/example_kubernetes_executor.py for tasks to queue
[2025-02-08T22:09:43.653+0000] {logging_mixin.py:137} INFO - [2025-02-08T22:09:43.653+0000] {dagbag.py:538} INFO - Filling up the DagBag from /home/airflow/.local/lib/python3.7/site-packages/airflow/example_dags/example_kubernetes_executor.py
[2025-02-08T22:09:43.696+0000] {processor.py:753} INFO - DAG(s) dict_keys(['example_kubernetes_executor']) retrieved from /home/airflow/.local/lib/python3.7/site-packages/airflow/example_dags/example_kubernetes_executor.py
[2025-02-08T22:09:43.736+0000] {logging_mixin.py:137} INFO - [2025-02-08T22:09:43.736+0000] {dag.py:2690} INFO - Sync 1 DAGs
[2025-02-08T22:09:43.775+0000] {logging_mixin.py:137} INFO - [2025-02-08T22:09:43.775+0000] {dag.py:3441} INFO - Setting next_dagrun for example_kubernetes_executor to None, run_after=None
[2025-02-08T22:09:43.806+0000] {processor.py:175} INFO - Processing /home/airflow/.local/lib/python3.7/site-packages/airflow/example_dags/example_kubernetes_executor.py took 0.161 seconds
[2025-02-08T22:10:15.034+0000] {processor.py:153} INFO - Started process (PID=695) to work on /home/airflow/.local/lib/python3.7/site-packages/airflow/example_dags/example_kubernetes_executor.py
[2025-02-08T22:10:15.036+0000] {processor.py:743} INFO - Processing file /home/airflow/.local/lib/python3.7/site-packages/airflow/example_dags/example_kubernetes_executor.py for tasks to queue
[2025-02-08T22:10:15.038+0000] {logging_mixin.py:137} INFO - [2025-02-08T22:10:15.038+0000] {dagbag.py:538} INFO - Filling up the DagBag from /home/airflow/.local/lib/python3.7/site-packages/airflow/example_dags/example_kubernetes_executor.py
[2025-02-08T22:10:15.109+0000] {processor.py:753} INFO - DAG(s) dict_keys(['example_kubernetes_executor']) retrieved from /home/airflow/.local/lib/python3.7/site-packages/airflow/example_dags/example_kubernetes_executor.py
[2025-02-08T22:10:15.204+0000] {logging_mixin.py:137} INFO - [2025-02-08T22:10:15.204+0000] {dag.py:2690} INFO - Sync 1 DAGs
[2025-02-08T22:10:15.290+0000] {logging_mixin.py:137} INFO - [2025-02-08T22:10:15.289+0000] {dag.py:3441} INFO - Setting next_dagrun for example_kubernetes_executor to None, run_after=None
[2025-02-08T22:10:15.352+0000] {processor.py:175} INFO - Processing /home/airflow/.local/lib/python3.7/site-packages/airflow/example_dags/example_kubernetes_executor.py took 0.324 seconds
[2025-02-08T22:10:45.882+0000] {processor.py:153} INFO - Started process (PID=766) to work on /home/airflow/.local/lib/python3.7/site-packages/airflow/example_dags/example_kubernetes_executor.py
[2025-02-08T22:10:45.883+0000] {processor.py:743} INFO - Processing file /home/airflow/.local/lib/python3.7/site-packages/airflow/example_dags/example_kubernetes_executor.py for tasks to queue
[2025-02-08T22:10:45.884+0000] {logging_mixin.py:137} INFO - [2025-02-08T22:10:45.884+0000] {dagbag.py:538} INFO - Filling up the DagBag from /home/airflow/.local/lib/python3.7/site-packages/airflow/example_dags/example_kubernetes_executor.py
[2025-02-08T22:10:45.911+0000] {processor.py:753} INFO - DAG(s) dict_keys(['example_kubernetes_executor']) retrieved from /home/airflow/.local/lib/python3.7/site-packages/airflow/example_dags/example_kubernetes_executor.py
[2025-02-08T22:10:45.940+0000] {logging_mixin.py:137} INFO - [2025-02-08T22:10:45.940+0000] {dag.py:2690} INFO - Sync 1 DAGs
[2025-02-08T22:10:45.964+0000] {logging_mixin.py:137} INFO - [2025-02-08T22:10:45.964+0000] {dag.py:3441} INFO - Setting next_dagrun for example_kubernetes_executor to None, run_after=None
[2025-02-08T22:10:45.988+0000] {processor.py:175} INFO - Processing /home/airflow/.local/lib/python3.7/site-packages/airflow/example_dags/example_kubernetes_executor.py took 0.109 seconds
[2025-02-08T22:11:21.978+0000] {processor.py:153} INFO - Started process (PID=853) to work on /home/airflow/.local/lib/python3.7/site-packages/airflow/example_dags/example_kubernetes_executor.py
[2025-02-08T22:11:21.980+0000] {processor.py:743} INFO - Processing file /home/airflow/.local/lib/python3.7/site-packages/airflow/example_dags/example_kubernetes_executor.py for tasks to queue
[2025-02-08T22:11:21.982+0000] {logging_mixin.py:137} INFO - [2025-02-08T22:11:21.981+0000] {dagbag.py:538} INFO - Filling up the DagBag from /home/airflow/.local/lib/python3.7/site-packages/airflow/example_dags/example_kubernetes_executor.py
[2025-02-08T22:11:22.098+0000] {processor.py:753} INFO - DAG(s) dict_keys(['example_kubernetes_executor']) retrieved from /home/airflow/.local/lib/python3.7/site-packages/airflow/example_dags/example_kubernetes_executor.py
[2025-02-08T22:11:22.178+0000] {logging_mixin.py:137} INFO - [2025-02-08T22:11:22.178+0000] {dag.py:2690} INFO - Sync 1 DAGs
[2025-02-08T22:11:22.248+0000] {logging_mixin.py:137} INFO - [2025-02-08T22:11:22.248+0000] {dag.py:3441} INFO - Setting next_dagrun for example_kubernetes_executor to None, run_after=None
[2025-02-08T22:11:22.301+0000] {processor.py:175} INFO - Processing /home/airflow/.local/lib/python3.7/site-packages/airflow/example_dags/example_kubernetes_executor.py took 0.328 seconds
[2025-02-08T22:11:52.894+0000] {processor.py:153} INFO - Started process (PID=940) to work on /home/airflow/.local/lib/python3.7/site-packages/airflow/example_dags/example_kubernetes_executor.py
[2025-02-08T22:11:52.897+0000] {processor.py:743} INFO - Processing file /home/airflow/.local/lib/python3.7/site-packages/airflow/example_dags/example_kubernetes_executor.py for tasks to queue
[2025-02-08T22:11:52.899+0000] {logging_mixin.py:137} INFO - [2025-02-08T22:11:52.898+0000] {dagbag.py:538} INFO - Filling up the DagBag from /home/airflow/.local/lib/python3.7/site-packages/airflow/example_dags/example_kubernetes_executor.py
[2025-02-08T22:11:52.943+0000] {processor.py:753} INFO - DAG(s) dict_keys(['example_kubernetes_executor']) retrieved from /home/airflow/.local/lib/python3.7/site-packages/airflow/example_dags/example_kubernetes_executor.py
[2025-02-08T22:11:52.988+0000] {logging_mixin.py:137} INFO - [2025-02-08T22:11:52.988+0000] {dag.py:2690} INFO - Sync 1 DAGs
[2025-02-08T22:11:53.037+0000] {logging_mixin.py:137} INFO - [2025-02-08T22:11:53.037+0000] {dag.py:3441} INFO - Setting next_dagrun for example_kubernetes_executor to None, run_after=None
[2025-02-08T22:11:53.072+0000] {processor.py:175} INFO - Processing /home/airflow/.local/lib/python3.7/site-packages/airflow/example_dags/example_kubernetes_executor.py took 0.183 seconds
[2025-02-08T22:12:23.264+0000] {processor.py:153} INFO - Started process (PID=1012) to work on /home/airflow/.local/lib/python3.7/site-packages/airflow/example_dags/example_kubernetes_executor.py
[2025-02-08T22:12:23.265+0000] {processor.py:743} INFO - Processing file /home/airflow/.local/lib/python3.7/site-packages/airflow/example_dags/example_kubernetes_executor.py for tasks to queue
[2025-02-08T22:12:23.267+0000] {logging_mixin.py:137} INFO - [2025-02-08T22:12:23.267+0000] {dagbag.py:538} INFO - Filling up the DagBag from /home/airflow/.local/lib/python3.7/site-packages/airflow/example_dags/example_kubernetes_executor.py
[2025-02-08T22:12:23.306+0000] {processor.py:753} INFO - DAG(s) dict_keys(['example_kubernetes_executor']) retrieved from /home/airflow/.local/lib/python3.7/site-packages/airflow/example_dags/example_kubernetes_executor.py
[2025-02-08T22:12:23.344+0000] {logging_mixin.py:137} INFO - [2025-02-08T22:12:23.344+0000] {dag.py:2690} INFO - Sync 1 DAGs
[2025-02-08T22:12:23.395+0000] {logging_mixin.py:137} INFO - [2025-02-08T22:12:23.394+0000] {dag.py:3441} INFO - Setting next_dagrun for example_kubernetes_executor to None, run_after=None
[2025-02-08T22:12:23.433+0000] {processor.py:175} INFO - Processing /home/airflow/.local/lib/python3.7/site-packages/airflow/example_dags/example_kubernetes_executor.py took 0.173 seconds
[2025-02-08T22:12:53.950+0000] {processor.py:153} INFO - Started process (PID=1099) to work on /home/airflow/.local/lib/python3.7/site-packages/airflow/example_dags/example_kubernetes_executor.py
[2025-02-08T22:12:53.951+0000] {processor.py:743} INFO - Processing file /home/airflow/.local/lib/python3.7/site-packages/airflow/example_dags/example_kubernetes_executor.py for tasks to queue
[2025-02-08T22:12:53.952+0000] {logging_mixin.py:137} INFO - [2025-02-08T22:12:53.952+0000] {dagbag.py:538} INFO - Filling up the DagBag from /home/airflow/.local/lib/python3.7/site-packages/airflow/example_dags/example_kubernetes_executor.py
[2025-02-08T22:12:53.992+0000] {processor.py:753} INFO - DAG(s) dict_keys(['example_kubernetes_executor']) retrieved from /home/airflow/.local/lib/python3.7/site-packages/airflow/example_dags/example_kubernetes_executor.py
[2025-02-08T22:12:54.039+0000] {logging_mixin.py:137} INFO - [2025-02-08T22:12:54.039+0000] {dag.py:2690} INFO - Sync 1 DAGs
[2025-02-08T22:12:54.076+0000] {logging_mixin.py:137} INFO - [2025-02-08T22:12:54.076+0000] {dag.py:3441} INFO - Setting next_dagrun for example_kubernetes_executor to None, run_after=None
[2025-02-08T22:12:54.106+0000] {processor.py:175} INFO - Processing /home/airflow/.local/lib/python3.7/site-packages/airflow/example_dags/example_kubernetes_executor.py took 0.159 seconds
[2025-02-08T22:13:24.233+0000] {processor.py:153} INFO - Started process (PID=1170) to work on /home/airflow/.local/lib/python3.7/site-packages/airflow/example_dags/example_kubernetes_executor.py
[2025-02-08T22:13:24.235+0000] {processor.py:743} INFO - Processing file /home/airflow/.local/lib/python3.7/site-packages/airflow/example_dags/example_kubernetes_executor.py for tasks to queue
[2025-02-08T22:13:24.236+0000] {logging_mixin.py:137} INFO - [2025-02-08T22:13:24.236+0000] {dagbag.py:538} INFO - Filling up the DagBag from /home/airflow/.local/lib/python3.7/site-packages/airflow/example_dags/example_kubernetes_executor.py
[2025-02-08T22:13:24.285+0000] {processor.py:753} INFO - DAG(s) dict_keys(['example_kubernetes_executor']) retrieved from /home/airflow/.local/lib/python3.7/site-packages/airflow/example_dags/example_kubernetes_executor.py
[2025-02-08T22:13:24.331+0000] {logging_mixin.py:137} INFO - [2025-02-08T22:13:24.331+0000] {dag.py:2690} INFO - Sync 1 DAGs
[2025-02-08T22:13:24.378+0000] {logging_mixin.py:137} INFO - [2025-02-08T22:13:24.378+0000] {dag.py:3441} INFO - Setting next_dagrun for example_kubernetes_executor to None, run_after=None
[2025-02-08T22:13:24.414+0000] {processor.py:175} INFO - Processing /home/airflow/.local/lib/python3.7/site-packages/airflow/example_dags/example_kubernetes_executor.py took 0.185 seconds
[2025-02-08T22:13:55.209+0000] {processor.py:153} INFO - Started process (PID=1257) to work on /home/airflow/.local/lib/python3.7/site-packages/airflow/example_dags/example_kubernetes_executor.py
[2025-02-08T22:13:55.210+0000] {processor.py:743} INFO - Processing file /home/airflow/.local/lib/python3.7/site-packages/airflow/example_dags/example_kubernetes_executor.py for tasks to queue
[2025-02-08T22:13:55.211+0000] {logging_mixin.py:137} INFO - [2025-02-08T22:13:55.211+0000] {dagbag.py:538} INFO - Filling up the DagBag from /home/airflow/.local/lib/python3.7/site-packages/airflow/example_dags/example_kubernetes_executor.py
[2025-02-08T22:13:55.252+0000] {processor.py:753} INFO - DAG(s) dict_keys(['example_kubernetes_executor']) retrieved from /home/airflow/.local/lib/python3.7/site-packages/airflow/example_dags/example_kubernetes_executor.py
[2025-02-08T22:13:55.294+0000] {logging_mixin.py:137} INFO - [2025-02-08T22:13:55.293+0000] {dag.py:2690} INFO - Sync 1 DAGs
[2025-02-08T22:13:55.325+0000] {logging_mixin.py:137} INFO - [2025-02-08T22:13:55.325+0000] {dag.py:3441} INFO - Setting next_dagrun for example_kubernetes_executor to None, run_after=None
[2025-02-08T22:13:55.354+0000] {processor.py:175} INFO - Processing /home/airflow/.local/lib/python3.7/site-packages/airflow/example_dags/example_kubernetes_executor.py took 0.151 seconds
[2025-02-08T22:14:28.140+0000] {processor.py:153} INFO - Started process (PID=1328) to work on /home/airflow/.local/lib/python3.7/site-packages/airflow/example_dags/example_kubernetes_executor.py
[2025-02-08T22:14:28.141+0000] {processor.py:743} INFO - Processing file /home/airflow/.local/lib/python3.7/site-packages/airflow/example_dags/example_kubernetes_executor.py for tasks to queue
[2025-02-08T22:14:28.143+0000] {logging_mixin.py:137} INFO - [2025-02-08T22:14:28.143+0000] {dagbag.py:538} INFO - Filling up the DagBag from /home/airflow/.local/lib/python3.7/site-packages/airflow/example_dags/example_kubernetes_executor.py
[2025-02-08T22:14:28.198+0000] {processor.py:753} INFO - DAG(s) dict_keys(['example_kubernetes_executor']) retrieved from /home/airflow/.local/lib/python3.7/site-packages/airflow/example_dags/example_kubernetes_executor.py
[2025-02-08T22:14:28.276+0000] {logging_mixin.py:137} INFO - [2025-02-08T22:14:28.275+0000] {dag.py:2690} INFO - Sync 1 DAGs
[2025-02-08T22:14:28.360+0000] {logging_mixin.py:137} INFO - [2025-02-08T22:14:28.359+0000] {dag.py:3441} INFO - Setting next_dagrun for example_kubernetes_executor to None, run_after=None
[2025-02-08T22:14:28.409+0000] {processor.py:175} INFO - Processing /home/airflow/.local/lib/python3.7/site-packages/airflow/example_dags/example_kubernetes_executor.py took 0.275 seconds
[2025-02-08T22:14:59.138+0000] {processor.py:153} INFO - Started process (PID=1399) to work on /home/airflow/.local/lib/python3.7/site-packages/airflow/example_dags/example_kubernetes_executor.py
[2025-02-08T22:14:59.139+0000] {processor.py:743} INFO - Processing file /home/airflow/.local/lib/python3.7/site-packages/airflow/example_dags/example_kubernetes_executor.py for tasks to queue
[2025-02-08T22:14:59.140+0000] {logging_mixin.py:137} INFO - [2025-02-08T22:14:59.140+0000] {dagbag.py:538} INFO - Filling up the DagBag from /home/airflow/.local/lib/python3.7/site-packages/airflow/example_dags/example_kubernetes_executor.py
[2025-02-08T22:14:59.168+0000] {processor.py:753} INFO - DAG(s) dict_keys(['example_kubernetes_executor']) retrieved from /home/airflow/.local/lib/python3.7/site-packages/airflow/example_dags/example_kubernetes_executor.py
[2025-02-08T22:14:59.196+0000] {logging_mixin.py:137} INFO - [2025-02-08T22:14:59.196+0000] {dag.py:2690} INFO - Sync 1 DAGs
[2025-02-08T22:14:59.219+0000] {logging_mixin.py:137} INFO - [2025-02-08T22:14:59.218+0000] {dag.py:3441} INFO - Setting next_dagrun for example_kubernetes_executor to None, run_after=None
[2025-02-08T22:14:59.243+0000] {processor.py:175} INFO - Processing /home/airflow/.local/lib/python3.7/site-packages/airflow/example_dags/example_kubernetes_executor.py took 0.108 seconds
[2025-02-08T22:15:29.336+0000] {processor.py:153} INFO - Started process (PID=1486) to work on /home/airflow/.local/lib/python3.7/site-packages/airflow/example_dags/example_kubernetes_executor.py
[2025-02-08T22:15:29.338+0000] {processor.py:743} INFO - Processing file /home/airflow/.local/lib/python3.7/site-packages/airflow/example_dags/example_kubernetes_executor.py for tasks to queue
[2025-02-08T22:15:29.339+0000] {logging_mixin.py:137} INFO - [2025-02-08T22:15:29.338+0000] {dagbag.py:538} INFO - Filling up the DagBag from /home/airflow/.local/lib/python3.7/site-packages/airflow/example_dags/example_kubernetes_executor.py
[2025-02-08T22:15:29.370+0000] {processor.py:753} INFO - DAG(s) dict_keys(['example_kubernetes_executor']) retrieved from /home/airflow/.local/lib/python3.7/site-packages/airflow/example_dags/example_kubernetes_executor.py
[2025-02-08T22:15:29.403+0000] {logging_mixin.py:137} INFO - [2025-02-08T22:15:29.403+0000] {dag.py:2690} INFO - Sync 1 DAGs
[2025-02-08T22:15:29.428+0000] {logging_mixin.py:137} INFO - [2025-02-08T22:15:29.428+0000] {dag.py:3441} INFO - Setting next_dagrun for example_kubernetes_executor to None, run_after=None
[2025-02-08T22:15:29.453+0000] {processor.py:175} INFO - Processing /home/airflow/.local/lib/python3.7/site-packages/airflow/example_dags/example_kubernetes_executor.py took 0.120 seconds
[2025-02-08T22:15:59.924+0000] {processor.py:153} INFO - Started process (PID=1557) to work on /home/airflow/.local/lib/python3.7/site-packages/airflow/example_dags/example_kubernetes_executor.py
[2025-02-08T22:15:59.925+0000] {processor.py:743} INFO - Processing file /home/airflow/.local/lib/python3.7/site-packages/airflow/example_dags/example_kubernetes_executor.py for tasks to queue
[2025-02-08T22:15:59.926+0000] {logging_mixin.py:137} INFO - [2025-02-08T22:15:59.926+0000] {dagbag.py:538} INFO - Filling up the DagBag from /home/airflow/.local/lib/python3.7/site-packages/airflow/example_dags/example_kubernetes_executor.py
[2025-02-08T22:15:59.968+0000] {processor.py:753} INFO - DAG(s) dict_keys(['example_kubernetes_executor']) retrieved from /home/airflow/.local/lib/python3.7/site-packages/airflow/example_dags/example_kubernetes_executor.py
[2025-02-08T22:16:00.011+0000] {logging_mixin.py:137} INFO - [2025-02-08T22:16:00.010+0000] {dag.py:2690} INFO - Sync 1 DAGs
[2025-02-08T22:16:00.048+0000] {logging_mixin.py:137} INFO - [2025-02-08T22:16:00.047+0000] {dag.py:3441} INFO - Setting next_dagrun for example_kubernetes_executor to None, run_after=None
[2025-02-08T22:16:00.079+0000] {processor.py:175} INFO - Processing /home/airflow/.local/lib/python3.7/site-packages/airflow/example_dags/example_kubernetes_executor.py took 0.160 seconds
[2025-02-08T22:16:31.092+0000] {processor.py:153} INFO - Started process (PID=1644) to work on /home/airflow/.local/lib/python3.7/site-packages/airflow/example_dags/example_kubernetes_executor.py
[2025-02-08T22:16:31.094+0000] {processor.py:743} INFO - Processing file /home/airflow/.local/lib/python3.7/site-packages/airflow/example_dags/example_kubernetes_executor.py for tasks to queue
[2025-02-08T22:16:31.095+0000] {logging_mixin.py:137} INFO - [2025-02-08T22:16:31.095+0000] {dagbag.py:538} INFO - Filling up the DagBag from /home/airflow/.local/lib/python3.7/site-packages/airflow/example_dags/example_kubernetes_executor.py
[2025-02-08T22:16:31.144+0000] {processor.py:753} INFO - DAG(s) dict_keys(['example_kubernetes_executor']) retrieved from /home/airflow/.local/lib/python3.7/site-packages/airflow/example_dags/example_kubernetes_executor.py
[2025-02-08T22:16:31.200+0000] {logging_mixin.py:137} INFO - [2025-02-08T22:16:31.200+0000] {dag.py:2690} INFO - Sync 1 DAGs
[2025-02-08T22:16:31.240+0000] {logging_mixin.py:137} INFO - [2025-02-08T22:16:31.239+0000] {dag.py:3441} INFO - Setting next_dagrun for example_kubernetes_executor to None, run_after=None
[2025-02-08T22:16:31.267+0000] {processor.py:175} INFO - Processing /home/airflow/.local/lib/python3.7/site-packages/airflow/example_dags/example_kubernetes_executor.py took 0.179 seconds
[2025-02-08T22:17:01.430+0000] {processor.py:153} INFO - Started process (PID=1715) to work on /home/airflow/.local/lib/python3.7/site-packages/airflow/example_dags/example_kubernetes_executor.py
[2025-02-08T22:17:01.431+0000] {processor.py:743} INFO - Processing file /home/airflow/.local/lib/python3.7/site-packages/airflow/example_dags/example_kubernetes_executor.py for tasks to queue
[2025-02-08T22:17:01.432+0000] {logging_mixin.py:137} INFO - [2025-02-08T22:17:01.432+0000] {dagbag.py:538} INFO - Filling up the DagBag from /home/airflow/.local/lib/python3.7/site-packages/airflow/example_dags/example_kubernetes_executor.py
[2025-02-08T22:17:01.461+0000] {processor.py:753} INFO - DAG(s) dict_keys(['example_kubernetes_executor']) retrieved from /home/airflow/.local/lib/python3.7/site-packages/airflow/example_dags/example_kubernetes_executor.py
[2025-02-08T22:17:01.495+0000] {logging_mixin.py:137} INFO - [2025-02-08T22:17:01.494+0000] {dag.py:2690} INFO - Sync 1 DAGs
[2025-02-08T22:17:01.522+0000] {logging_mixin.py:137} INFO - [2025-02-08T22:17:01.522+0000] {dag.py:3441} INFO - Setting next_dagrun for example_kubernetes_executor to None, run_after=None
[2025-02-08T22:17:01.550+0000] {processor.py:175} INFO - Processing /home/airflow/.local/lib/python3.7/site-packages/airflow/example_dags/example_kubernetes_executor.py took 0.123 seconds
[2025-02-08T22:17:32.225+0000] {processor.py:153} INFO - Started process (PID=1795) to work on /home/airflow/.local/lib/python3.7/site-packages/airflow/example_dags/example_kubernetes_executor.py
[2025-02-08T22:17:32.226+0000] {processor.py:743} INFO - Processing file /home/airflow/.local/lib/python3.7/site-packages/airflow/example_dags/example_kubernetes_executor.py for tasks to queue
[2025-02-08T22:17:32.227+0000] {logging_mixin.py:137} INFO - [2025-02-08T22:17:32.227+0000] {dagbag.py:538} INFO - Filling up the DagBag from /home/airflow/.local/lib/python3.7/site-packages/airflow/example_dags/example_kubernetes_executor.py
[2025-02-08T22:17:32.265+0000] {processor.py:753} INFO - DAG(s) dict_keys(['example_kubernetes_executor']) retrieved from /home/airflow/.local/lib/python3.7/site-packages/airflow/example_dags/example_kubernetes_executor.py
[2025-02-08T22:17:32.302+0000] {logging_mixin.py:137} INFO - [2025-02-08T22:17:32.302+0000] {dag.py:2690} INFO - Sync 1 DAGs
[2025-02-08T22:17:32.343+0000] {logging_mixin.py:137} INFO - [2025-02-08T22:17:32.343+0000] {dag.py:3441} INFO - Setting next_dagrun for example_kubernetes_executor to None, run_after=None
[2025-02-08T22:17:32.398+0000] {processor.py:175} INFO - Processing /home/airflow/.local/lib/python3.7/site-packages/airflow/example_dags/example_kubernetes_executor.py took 0.177 seconds
[2025-02-08T22:18:02.552+0000] {processor.py:153} INFO - Started process (PID=1873) to work on /home/airflow/.local/lib/python3.7/site-packages/airflow/example_dags/example_kubernetes_executor.py
[2025-02-08T22:18:02.553+0000] {processor.py:743} INFO - Processing file /home/airflow/.local/lib/python3.7/site-packages/airflow/example_dags/example_kubernetes_executor.py for tasks to queue
[2025-02-08T22:18:02.553+0000] {logging_mixin.py:137} INFO - [2025-02-08T22:18:02.553+0000] {dagbag.py:538} INFO - Filling up the DagBag from /home/airflow/.local/lib/python3.7/site-packages/airflow/example_dags/example_kubernetes_executor.py
[2025-02-08T22:18:02.580+0000] {processor.py:753} INFO - DAG(s) dict_keys(['example_kubernetes_executor']) retrieved from /home/airflow/.local/lib/python3.7/site-packages/airflow/example_dags/example_kubernetes_executor.py
[2025-02-08T22:18:02.611+0000] {logging_mixin.py:137} INFO - [2025-02-08T22:18:02.611+0000] {dag.py:2690} INFO - Sync 1 DAGs
[2025-02-08T22:18:02.635+0000] {logging_mixin.py:137} INFO - [2025-02-08T22:18:02.635+0000] {dag.py:3441} INFO - Setting next_dagrun for example_kubernetes_executor to None, run_after=None
[2025-02-08T22:18:02.660+0000] {processor.py:175} INFO - Processing /home/airflow/.local/lib/python3.7/site-packages/airflow/example_dags/example_kubernetes_executor.py took 0.111 seconds
[2025-02-08T22:18:33.363+0000] {processor.py:153} INFO - Started process (PID=1944) to work on /home/airflow/.local/lib/python3.7/site-packages/airflow/example_dags/example_kubernetes_executor.py
[2025-02-08T22:18:33.364+0000] {processor.py:743} INFO - Processing file /home/airflow/.local/lib/python3.7/site-packages/airflow/example_dags/example_kubernetes_executor.py for tasks to queue
[2025-02-08T22:18:33.365+0000] {logging_mixin.py:137} INFO - [2025-02-08T22:18:33.365+0000] {dagbag.py:538} INFO - Filling up the DagBag from /home/airflow/.local/lib/python3.7/site-packages/airflow/example_dags/example_kubernetes_executor.py
[2025-02-08T22:18:33.391+0000] {processor.py:753} INFO - DAG(s) dict_keys(['example_kubernetes_executor']) retrieved from /home/airflow/.local/lib/python3.7/site-packages/airflow/example_dags/example_kubernetes_executor.py
[2025-02-08T22:18:33.420+0000] {logging_mixin.py:137} INFO - [2025-02-08T22:18:33.420+0000] {dag.py:2690} INFO - Sync 1 DAGs
[2025-02-08T22:18:33.452+0000] {logging_mixin.py:137} INFO - [2025-02-08T22:18:33.452+0000] {dag.py:3441} INFO - Setting next_dagrun for example_kubernetes_executor to None, run_after=None
[2025-02-08T22:18:33.483+0000] {processor.py:175} INFO - Processing /home/airflow/.local/lib/python3.7/site-packages/airflow/example_dags/example_kubernetes_executor.py took 0.123 seconds
[2025-02-08T22:19:04.056+0000] {processor.py:153} INFO - Started process (PID=2031) to work on /home/airflow/.local/lib/python3.7/site-packages/airflow/example_dags/example_kubernetes_executor.py
[2025-02-08T22:19:04.057+0000] {processor.py:743} INFO - Processing file /home/airflow/.local/lib/python3.7/site-packages/airflow/example_dags/example_kubernetes_executor.py for tasks to queue
[2025-02-08T22:19:04.059+0000] {logging_mixin.py:137} INFO - [2025-02-08T22:19:04.058+0000] {dagbag.py:538} INFO - Filling up the DagBag from /home/airflow/.local/lib/python3.7/site-packages/airflow/example_dags/example_kubernetes_executor.py
[2025-02-08T22:19:04.103+0000] {processor.py:753} INFO - DAG(s) dict_keys(['example_kubernetes_executor']) retrieved from /home/airflow/.local/lib/python3.7/site-packages/airflow/example_dags/example_kubernetes_executor.py
[2025-02-08T22:19:04.151+0000] {logging_mixin.py:137} INFO - [2025-02-08T22:19:04.150+0000] {dag.py:2690} INFO - Sync 1 DAGs
[2025-02-08T22:19:04.191+0000] {logging_mixin.py:137} INFO - [2025-02-08T22:19:04.191+0000] {dag.py:3441} INFO - Setting next_dagrun for example_kubernetes_executor to None, run_after=None
[2025-02-08T22:19:04.226+0000] {processor.py:175} INFO - Processing /home/airflow/.local/lib/python3.7/site-packages/airflow/example_dags/example_kubernetes_executor.py took 0.174 seconds
[2025-02-08T22:19:34.529+0000] {processor.py:153} INFO - Started process (PID=2102) to work on /home/airflow/.local/lib/python3.7/site-packages/airflow/example_dags/example_kubernetes_executor.py
[2025-02-08T22:19:34.531+0000] {processor.py:743} INFO - Processing file /home/airflow/.local/lib/python3.7/site-packages/airflow/example_dags/example_kubernetes_executor.py for tasks to queue
[2025-02-08T22:19:34.532+0000] {logging_mixin.py:137} INFO - [2025-02-08T22:19:34.532+0000] {dagbag.py:538} INFO - Filling up the DagBag from /home/airflow/.local/lib/python3.7/site-packages/airflow/example_dags/example_kubernetes_executor.py
[2025-02-08T22:19:34.575+0000] {processor.py:753} INFO - DAG(s) dict_keys(['example_kubernetes_executor']) retrieved from /home/airflow/.local/lib/python3.7/site-packages/airflow/example_dags/example_kubernetes_executor.py
[2025-02-08T22:19:34.622+0000] {logging_mixin.py:137} INFO - [2025-02-08T22:19:34.622+0000] {dag.py:2690} INFO - Sync 1 DAGs
[2025-02-08T22:19:34.676+0000] {logging_mixin.py:137} INFO - [2025-02-08T22:19:34.675+0000] {dag.py:3441} INFO - Setting next_dagrun for example_kubernetes_executor to None, run_after=None
[2025-02-08T22:19:34.715+0000] {processor.py:175} INFO - Processing /home/airflow/.local/lib/python3.7/site-packages/airflow/example_dags/example_kubernetes_executor.py took 0.197 seconds
[2025-02-08T22:20:04.864+0000] {processor.py:153} INFO - Started process (PID=2188) to work on /home/airflow/.local/lib/python3.7/site-packages/airflow/example_dags/example_kubernetes_executor.py
[2025-02-08T22:20:04.869+0000] {processor.py:743} INFO - Processing file /home/airflow/.local/lib/python3.7/site-packages/airflow/example_dags/example_kubernetes_executor.py for tasks to queue
[2025-02-08T22:20:04.871+0000] {logging_mixin.py:137} INFO - [2025-02-08T22:20:04.871+0000] {dagbag.py:538} INFO - Filling up the DagBag from /home/airflow/.local/lib/python3.7/site-packages/airflow/example_dags/example_kubernetes_executor.py
[2025-02-08T22:20:04.948+0000] {processor.py:753} INFO - DAG(s) dict_keys(['example_kubernetes_executor']) retrieved from /home/airflow/.local/lib/python3.7/site-packages/airflow/example_dags/example_kubernetes_executor.py
[2025-02-08T22:20:04.987+0000] {logging_mixin.py:137} INFO - [2025-02-08T22:20:04.987+0000] {dag.py:2690} INFO - Sync 1 DAGs
[2025-02-08T22:20:05.026+0000] {logging_mixin.py:137} INFO - [2025-02-08T22:20:05.026+0000] {dag.py:3441} INFO - Setting next_dagrun for example_kubernetes_executor to None, run_after=None
[2025-02-08T22:20:05.064+0000] {processor.py:175} INFO - Processing /home/airflow/.local/lib/python3.7/site-packages/airflow/example_dags/example_kubernetes_executor.py took 0.204 seconds
[2025-02-08T22:20:35.182+0000] {processor.py:153} INFO - Started process (PID=2259) to work on /home/airflow/.local/lib/python3.7/site-packages/airflow/example_dags/example_kubernetes_executor.py
[2025-02-08T22:20:35.183+0000] {processor.py:743} INFO - Processing file /home/airflow/.local/lib/python3.7/site-packages/airflow/example_dags/example_kubernetes_executor.py for tasks to queue
[2025-02-08T22:20:35.184+0000] {logging_mixin.py:137} INFO - [2025-02-08T22:20:35.184+0000] {dagbag.py:538} INFO - Filling up the DagBag from /home/airflow/.local/lib/python3.7/site-packages/airflow/example_dags/example_kubernetes_executor.py
[2025-02-08T22:20:35.216+0000] {processor.py:753} INFO - DAG(s) dict_keys(['example_kubernetes_executor']) retrieved from /home/airflow/.local/lib/python3.7/site-packages/airflow/example_dags/example_kubernetes_executor.py
[2025-02-08T22:20:35.263+0000] {logging_mixin.py:137} INFO - [2025-02-08T22:20:35.263+0000] {dag.py:2690} INFO - Sync 1 DAGs
[2025-02-08T22:20:35.304+0000] {logging_mixin.py:137} INFO - [2025-02-08T22:20:35.303+0000] {dag.py:3441} INFO - Setting next_dagrun for example_kubernetes_executor to None, run_after=None
[2025-02-08T22:20:35.337+0000] {processor.py:175} INFO - Processing /home/airflow/.local/lib/python3.7/site-packages/airflow/example_dags/example_kubernetes_executor.py took 0.158 seconds
[2025-02-08T22:21:05.429+0000] {processor.py:153} INFO - Started process (PID=2345) to work on /home/airflow/.local/lib/python3.7/site-packages/airflow/example_dags/example_kubernetes_executor.py
[2025-02-08T22:21:05.431+0000] {processor.py:743} INFO - Processing file /home/airflow/.local/lib/python3.7/site-packages/airflow/example_dags/example_kubernetes_executor.py for tasks to queue
[2025-02-08T22:21:05.433+0000] {logging_mixin.py:137} INFO - [2025-02-08T22:21:05.433+0000] {dagbag.py:538} INFO - Filling up the DagBag from /home/airflow/.local/lib/python3.7/site-packages/airflow/example_dags/example_kubernetes_executor.py
[2025-02-08T22:21:05.511+0000] {processor.py:753} INFO - DAG(s) dict_keys(['example_kubernetes_executor']) retrieved from /home/airflow/.local/lib/python3.7/site-packages/airflow/example_dags/example_kubernetes_executor.py
[2025-02-08T22:21:05.559+0000] {logging_mixin.py:137} INFO - [2025-02-08T22:21:05.559+0000] {dag.py:2690} INFO - Sync 1 DAGs
[2025-02-08T22:21:05.605+0000] {logging_mixin.py:137} INFO - [2025-02-08T22:21:05.604+0000] {dag.py:3441} INFO - Setting next_dagrun for example_kubernetes_executor to None, run_after=None
[2025-02-08T22:21:05.640+0000] {processor.py:175} INFO - Processing /home/airflow/.local/lib/python3.7/site-packages/airflow/example_dags/example_kubernetes_executor.py took 0.226 seconds
[2025-02-08T22:21:36.109+0000] {processor.py:153} INFO - Started process (PID=2416) to work on /home/airflow/.local/lib/python3.7/site-packages/airflow/example_dags/example_kubernetes_executor.py
[2025-02-08T22:21:36.111+0000] {processor.py:743} INFO - Processing file /home/airflow/.local/lib/python3.7/site-packages/airflow/example_dags/example_kubernetes_executor.py for tasks to queue
[2025-02-08T22:21:36.112+0000] {logging_mixin.py:137} INFO - [2025-02-08T22:21:36.112+0000] {dagbag.py:538} INFO - Filling up the DagBag from /home/airflow/.local/lib/python3.7/site-packages/airflow/example_dags/example_kubernetes_executor.py
[2025-02-08T22:21:36.153+0000] {processor.py:753} INFO - DAG(s) dict_keys(['example_kubernetes_executor']) retrieved from /home/airflow/.local/lib/python3.7/site-packages/airflow/example_dags/example_kubernetes_executor.py
[2025-02-08T22:21:36.204+0000] {logging_mixin.py:137} INFO - [2025-02-08T22:21:36.204+0000] {dag.py:2690} INFO - Sync 1 DAGs
[2025-02-08T22:21:36.242+0000] {logging_mixin.py:137} INFO - [2025-02-08T22:21:36.241+0000] {dag.py:3441} INFO - Setting next_dagrun for example_kubernetes_executor to None, run_after=None
[2025-02-08T22:21:36.275+0000] {processor.py:175} INFO - Processing /home/airflow/.local/lib/python3.7/site-packages/airflow/example_dags/example_kubernetes_executor.py took 0.172 seconds
[2025-02-08T22:22:06.380+0000] {processor.py:153} INFO - Started process (PID=2494) to work on /home/airflow/.local/lib/python3.7/site-packages/airflow/example_dags/example_kubernetes_executor.py
[2025-02-08T22:22:06.381+0000] {processor.py:743} INFO - Processing file /home/airflow/.local/lib/python3.7/site-packages/airflow/example_dags/example_kubernetes_executor.py for tasks to queue
[2025-02-08T22:22:06.382+0000] {logging_mixin.py:137} INFO - [2025-02-08T22:22:06.381+0000] {dagbag.py:538} INFO - Filling up the DagBag from /home/airflow/.local/lib/python3.7/site-packages/airflow/example_dags/example_kubernetes_executor.py
[2025-02-08T22:22:06.414+0000] {processor.py:753} INFO - DAG(s) dict_keys(['example_kubernetes_executor']) retrieved from /home/airflow/.local/lib/python3.7/site-packages/airflow/example_dags/example_kubernetes_executor.py
[2025-02-08T22:22:06.451+0000] {logging_mixin.py:137} INFO - [2025-02-08T22:22:06.450+0000] {dag.py:2690} INFO - Sync 1 DAGs
[2025-02-08T22:22:06.481+0000] {logging_mixin.py:137} INFO - [2025-02-08T22:22:06.481+0000] {dag.py:3441} INFO - Setting next_dagrun for example_kubernetes_executor to None, run_after=None
[2025-02-08T22:22:06.509+0000] {processor.py:175} INFO - Processing /home/airflow/.local/lib/python3.7/site-packages/airflow/example_dags/example_kubernetes_executor.py took 0.134 seconds
[2025-02-08T22:22:36.831+0000] {processor.py:153} INFO - Started process (PID=2574) to work on /home/airflow/.local/lib/python3.7/site-packages/airflow/example_dags/example_kubernetes_executor.py
[2025-02-08T22:22:36.833+0000] {processor.py:743} INFO - Processing file /home/airflow/.local/lib/python3.7/site-packages/airflow/example_dags/example_kubernetes_executor.py for tasks to queue
[2025-02-08T22:22:36.834+0000] {logging_mixin.py:137} INFO - [2025-02-08T22:22:36.834+0000] {dagbag.py:538} INFO - Filling up the DagBag from /home/airflow/.local/lib/python3.7/site-packages/airflow/example_dags/example_kubernetes_executor.py
[2025-02-08T22:22:36.862+0000] {processor.py:753} INFO - DAG(s) dict_keys(['example_kubernetes_executor']) retrieved from /home/airflow/.local/lib/python3.7/site-packages/airflow/example_dags/example_kubernetes_executor.py
[2025-02-08T22:22:36.896+0000] {logging_mixin.py:137} INFO - [2025-02-08T22:22:36.895+0000] {dag.py:2690} INFO - Sync 1 DAGs
[2025-02-08T22:22:36.925+0000] {logging_mixin.py:137} INFO - [2025-02-08T22:22:36.925+0000] {dag.py:3441} INFO - Setting next_dagrun for example_kubernetes_executor to None, run_after=None
[2025-02-08T22:22:36.953+0000] {processor.py:175} INFO - Processing /home/airflow/.local/lib/python3.7/site-packages/airflow/example_dags/example_kubernetes_executor.py took 0.126 seconds
[2025-02-08T22:23:07.636+0000] {processor.py:153} INFO - Started process (PID=2645) to work on /home/airflow/.local/lib/python3.7/site-packages/airflow/example_dags/example_kubernetes_executor.py
[2025-02-08T22:23:07.637+0000] {processor.py:743} INFO - Processing file /home/airflow/.local/lib/python3.7/site-packages/airflow/example_dags/example_kubernetes_executor.py for tasks to queue
[2025-02-08T22:23:07.638+0000] {logging_mixin.py:137} INFO - [2025-02-08T22:23:07.638+0000] {dagbag.py:538} INFO - Filling up the DagBag from /home/airflow/.local/lib/python3.7/site-packages/airflow/example_dags/example_kubernetes_executor.py
[2025-02-08T22:23:07.669+0000] {processor.py:753} INFO - DAG(s) dict_keys(['example_kubernetes_executor']) retrieved from /home/airflow/.local/lib/python3.7/site-packages/airflow/example_dags/example_kubernetes_executor.py
[2025-02-08T22:23:07.703+0000] {logging_mixin.py:137} INFO - [2025-02-08T22:23:07.703+0000] {dag.py:2690} INFO - Sync 1 DAGs
[2025-02-08T22:23:07.733+0000] {logging_mixin.py:137} INFO - [2025-02-08T22:23:07.733+0000] {dag.py:3441} INFO - Setting next_dagrun for example_kubernetes_executor to None, run_after=None
[2025-02-08T22:23:07.763+0000] {processor.py:175} INFO - Processing /home/airflow/.local/lib/python3.7/site-packages/airflow/example_dags/example_kubernetes_executor.py took 0.131 seconds
[2025-02-08T22:23:38.257+0000] {processor.py:153} INFO - Started process (PID=2732) to work on /home/airflow/.local/lib/python3.7/site-packages/airflow/example_dags/example_kubernetes_executor.py
[2025-02-08T22:23:38.259+0000] {processor.py:743} INFO - Processing file /home/airflow/.local/lib/python3.7/site-packages/airflow/example_dags/example_kubernetes_executor.py for tasks to queue
[2025-02-08T22:23:38.260+0000] {logging_mixin.py:137} INFO - [2025-02-08T22:23:38.260+0000] {dagbag.py:538} INFO - Filling up the DagBag from /home/airflow/.local/lib/python3.7/site-packages/airflow/example_dags/example_kubernetes_executor.py
[2025-02-08T22:23:38.344+0000] {processor.py:753} INFO - DAG(s) dict_keys(['example_kubernetes_executor']) retrieved from /home/airflow/.local/lib/python3.7/site-packages/airflow/example_dags/example_kubernetes_executor.py
[2025-02-08T22:23:38.412+0000] {logging_mixin.py:137} INFO - [2025-02-08T22:23:38.412+0000] {dag.py:2690} INFO - Sync 1 DAGs
[2025-02-08T22:23:38.482+0000] {logging_mixin.py:137} INFO - [2025-02-08T22:23:38.481+0000] {dag.py:3441} INFO - Setting next_dagrun for example_kubernetes_executor to None, run_after=None
[2025-02-08T22:23:38.519+0000] {processor.py:175} INFO - Processing /home/airflow/.local/lib/python3.7/site-packages/airflow/example_dags/example_kubernetes_executor.py took 0.267 seconds
[2025-02-08T22:24:09.232+0000] {processor.py:153} INFO - Started process (PID=2803) to work on /home/airflow/.local/lib/python3.7/site-packages/airflow/example_dags/example_kubernetes_executor.py
[2025-02-08T22:24:09.234+0000] {processor.py:743} INFO - Processing file /home/airflow/.local/lib/python3.7/site-packages/airflow/example_dags/example_kubernetes_executor.py for tasks to queue
[2025-02-08T22:24:09.235+0000] {logging_mixin.py:137} INFO - [2025-02-08T22:24:09.235+0000] {dagbag.py:538} INFO - Filling up the DagBag from /home/airflow/.local/lib/python3.7/site-packages/airflow/example_dags/example_kubernetes_executor.py
[2025-02-08T22:24:09.289+0000] {processor.py:753} INFO - DAG(s) dict_keys(['example_kubernetes_executor']) retrieved from /home/airflow/.local/lib/python3.7/site-packages/airflow/example_dags/example_kubernetes_executor.py
[2025-02-08T22:24:09.368+0000] {logging_mixin.py:137} INFO - [2025-02-08T22:24:09.367+0000] {dag.py:2690} INFO - Sync 1 DAGs
[2025-02-08T22:24:09.443+0000] {logging_mixin.py:137} INFO - [2025-02-08T22:24:09.443+0000] {dag.py:3441} INFO - Setting next_dagrun for example_kubernetes_executor to None, run_after=None
[2025-02-08T22:24:09.480+0000] {processor.py:175} INFO - Processing /home/airflow/.local/lib/python3.7/site-packages/airflow/example_dags/example_kubernetes_executor.py took 0.255 seconds
[2025-02-08T22:24:39.957+0000] {processor.py:153} INFO - Started process (PID=2874) to work on /home/airflow/.local/lib/python3.7/site-packages/airflow/example_dags/example_kubernetes_executor.py
[2025-02-08T22:24:39.959+0000] {processor.py:743} INFO - Processing file /home/airflow/.local/lib/python3.7/site-packages/airflow/example_dags/example_kubernetes_executor.py for tasks to queue
[2025-02-08T22:24:39.960+0000] {logging_mixin.py:137} INFO - [2025-02-08T22:24:39.960+0000] {dagbag.py:538} INFO - Filling up the DagBag from /home/airflow/.local/lib/python3.7/site-packages/airflow/example_dags/example_kubernetes_executor.py
[2025-02-08T22:24:40.008+0000] {processor.py:753} INFO - DAG(s) dict_keys(['example_kubernetes_executor']) retrieved from /home/airflow/.local/lib/python3.7/site-packages/airflow/example_dags/example_kubernetes_executor.py
[2025-02-08T22:24:40.054+0000] {logging_mixin.py:137} INFO - [2025-02-08T22:24:40.053+0000] {dag.py:2690} INFO - Sync 1 DAGs
[2025-02-08T22:24:40.090+0000] {logging_mixin.py:137} INFO - [2025-02-08T22:24:40.090+0000] {dag.py:3441} INFO - Setting next_dagrun for example_kubernetes_executor to None, run_after=None
[2025-02-08T22:24:40.125+0000] {processor.py:175} INFO - Processing /home/airflow/.local/lib/python3.7/site-packages/airflow/example_dags/example_kubernetes_executor.py took 0.173 seconds
[2025-02-08T22:25:10.449+0000] {processor.py:153} INFO - Started process (PID=2954) to work on /home/airflow/.local/lib/python3.7/site-packages/airflow/example_dags/example_kubernetes_executor.py
[2025-02-08T22:25:10.452+0000] {processor.py:743} INFO - Processing file /home/airflow/.local/lib/python3.7/site-packages/airflow/example_dags/example_kubernetes_executor.py for tasks to queue
[2025-02-08T22:25:10.453+0000] {logging_mixin.py:137} INFO - [2025-02-08T22:25:10.453+0000] {dagbag.py:538} INFO - Filling up the DagBag from /home/airflow/.local/lib/python3.7/site-packages/airflow/example_dags/example_kubernetes_executor.py
[2025-02-08T22:25:10.506+0000] {processor.py:753} INFO - DAG(s) dict_keys(['example_kubernetes_executor']) retrieved from /home/airflow/.local/lib/python3.7/site-packages/airflow/example_dags/example_kubernetes_executor.py
[2025-02-08T22:25:10.556+0000] {logging_mixin.py:137} INFO - [2025-02-08T22:25:10.556+0000] {dag.py:2690} INFO - Sync 1 DAGs
[2025-02-08T22:25:10.601+0000] {logging_mixin.py:137} INFO - [2025-02-08T22:25:10.601+0000] {dag.py:3441} INFO - Setting next_dagrun for example_kubernetes_executor to None, run_after=None
[2025-02-08T22:25:10.637+0000] {processor.py:175} INFO - Processing /home/airflow/.local/lib/python3.7/site-packages/airflow/example_dags/example_kubernetes_executor.py took 0.195 seconds
[2025-02-08T22:25:40.795+0000] {processor.py:153} INFO - Started process (PID=3032) to work on /home/airflow/.local/lib/python3.7/site-packages/airflow/example_dags/example_kubernetes_executor.py
[2025-02-08T22:25:40.797+0000] {processor.py:743} INFO - Processing file /home/airflow/.local/lib/python3.7/site-packages/airflow/example_dags/example_kubernetes_executor.py for tasks to queue
[2025-02-08T22:25:40.798+0000] {logging_mixin.py:137} INFO - [2025-02-08T22:25:40.798+0000] {dagbag.py:538} INFO - Filling up the DagBag from /home/airflow/.local/lib/python3.7/site-packages/airflow/example_dags/example_kubernetes_executor.py
[2025-02-08T22:25:40.892+0000] {processor.py:753} INFO - DAG(s) dict_keys(['example_kubernetes_executor']) retrieved from /home/airflow/.local/lib/python3.7/site-packages/airflow/example_dags/example_kubernetes_executor.py
[2025-02-08T22:25:40.999+0000] {logging_mixin.py:137} INFO - [2025-02-08T22:25:40.998+0000] {dag.py:2690} INFO - Sync 1 DAGs
[2025-02-08T22:25:41.103+0000] {logging_mixin.py:137} INFO - [2025-02-08T22:25:41.102+0000] {dag.py:3441} INFO - Setting next_dagrun for example_kubernetes_executor to None, run_after=None
[2025-02-08T22:25:41.197+0000] {processor.py:175} INFO - Processing /home/airflow/.local/lib/python3.7/site-packages/airflow/example_dags/example_kubernetes_executor.py took 0.408 seconds
[2025-02-08T22:26:11.398+0000] {processor.py:153} INFO - Started process (PID=3104) to work on /home/airflow/.local/lib/python3.7/site-packages/airflow/example_dags/example_kubernetes_executor.py
[2025-02-08T22:26:11.399+0000] {processor.py:743} INFO - Processing file /home/airflow/.local/lib/python3.7/site-packages/airflow/example_dags/example_kubernetes_executor.py for tasks to queue
[2025-02-08T22:26:11.401+0000] {logging_mixin.py:137} INFO - [2025-02-08T22:26:11.401+0000] {dagbag.py:538} INFO - Filling up the DagBag from /home/airflow/.local/lib/python3.7/site-packages/airflow/example_dags/example_kubernetes_executor.py
[2025-02-08T22:26:11.471+0000] {processor.py:753} INFO - DAG(s) dict_keys(['example_kubernetes_executor']) retrieved from /home/airflow/.local/lib/python3.7/site-packages/airflow/example_dags/example_kubernetes_executor.py
[2025-02-08T22:26:11.538+0000] {logging_mixin.py:137} INFO - [2025-02-08T22:26:11.538+0000] {dag.py:2690} INFO - Sync 1 DAGs
[2025-02-08T22:26:11.588+0000] {logging_mixin.py:137} INFO - [2025-02-08T22:26:11.587+0000] {dag.py:3441} INFO - Setting next_dagrun for example_kubernetes_executor to None, run_after=None
[2025-02-08T22:26:11.620+0000] {processor.py:175} INFO - Processing /home/airflow/.local/lib/python3.7/site-packages/airflow/example_dags/example_kubernetes_executor.py took 0.228 seconds
[2025-02-08T22:26:42.441+0000] {processor.py:153} INFO - Started process (PID=3192) to work on /home/airflow/.local/lib/python3.7/site-packages/airflow/example_dags/example_kubernetes_executor.py
[2025-02-08T22:26:42.442+0000] {processor.py:743} INFO - Processing file /home/airflow/.local/lib/python3.7/site-packages/airflow/example_dags/example_kubernetes_executor.py for tasks to queue
[2025-02-08T22:26:42.443+0000] {logging_mixin.py:137} INFO - [2025-02-08T22:26:42.443+0000] {dagbag.py:538} INFO - Filling up the DagBag from /home/airflow/.local/lib/python3.7/site-packages/airflow/example_dags/example_kubernetes_executor.py
[2025-02-08T22:26:42.469+0000] {processor.py:753} INFO - DAG(s) dict_keys(['example_kubernetes_executor']) retrieved from /home/airflow/.local/lib/python3.7/site-packages/airflow/example_dags/example_kubernetes_executor.py
[2025-02-08T22:26:42.509+0000] {logging_mixin.py:137} INFO - [2025-02-08T22:26:42.508+0000] {dag.py:2690} INFO - Sync 1 DAGs
[2025-02-08T22:26:42.543+0000] {logging_mixin.py:137} INFO - [2025-02-08T22:26:42.542+0000] {dag.py:3441} INFO - Setting next_dagrun for example_kubernetes_executor to None, run_after=None
[2025-02-08T22:26:42.567+0000] {processor.py:175} INFO - Processing /home/airflow/.local/lib/python3.7/site-packages/airflow/example_dags/example_kubernetes_executor.py took 0.129 seconds
[2025-02-08T22:27:12.791+0000] {processor.py:153} INFO - Started process (PID=3264) to work on /home/airflow/.local/lib/python3.7/site-packages/airflow/example_dags/example_kubernetes_executor.py
[2025-02-08T22:27:12.792+0000] {processor.py:743} INFO - Processing file /home/airflow/.local/lib/python3.7/site-packages/airflow/example_dags/example_kubernetes_executor.py for tasks to queue
[2025-02-08T22:27:12.794+0000] {logging_mixin.py:137} INFO - [2025-02-08T22:27:12.793+0000] {dagbag.py:538} INFO - Filling up the DagBag from /home/airflow/.local/lib/python3.7/site-packages/airflow/example_dags/example_kubernetes_executor.py
[2025-02-08T22:27:12.836+0000] {processor.py:753} INFO - DAG(s) dict_keys(['example_kubernetes_executor']) retrieved from /home/airflow/.local/lib/python3.7/site-packages/airflow/example_dags/example_kubernetes_executor.py
[2025-02-08T22:27:12.878+0000] {logging_mixin.py:137} INFO - [2025-02-08T22:27:12.877+0000] {dag.py:2690} INFO - Sync 1 DAGs
[2025-02-08T22:27:12.911+0000] {logging_mixin.py:137} INFO - [2025-02-08T22:27:12.911+0000] {dag.py:3441} INFO - Setting next_dagrun for example_kubernetes_executor to None, run_after=None
[2025-02-08T22:27:12.940+0000] {processor.py:175} INFO - Processing /home/airflow/.local/lib/python3.7/site-packages/airflow/example_dags/example_kubernetes_executor.py took 0.154 seconds
[2025-02-08T22:27:43.789+0000] {processor.py:153} INFO - Started process (PID=3345) to work on /home/airflow/.local/lib/python3.7/site-packages/airflow/example_dags/example_kubernetes_executor.py
[2025-02-08T22:27:43.791+0000] {processor.py:743} INFO - Processing file /home/airflow/.local/lib/python3.7/site-packages/airflow/example_dags/example_kubernetes_executor.py for tasks to queue
[2025-02-08T22:27:43.792+0000] {logging_mixin.py:137} INFO - [2025-02-08T22:27:43.792+0000] {dagbag.py:538} INFO - Filling up the DagBag from /home/airflow/.local/lib/python3.7/site-packages/airflow/example_dags/example_kubernetes_executor.py
[2025-02-08T22:27:43.848+0000] {processor.py:753} INFO - DAG(s) dict_keys(['example_kubernetes_executor']) retrieved from /home/airflow/.local/lib/python3.7/site-packages/airflow/example_dags/example_kubernetes_executor.py
[2025-02-08T22:27:43.899+0000] {logging_mixin.py:137} INFO - [2025-02-08T22:27:43.899+0000] {dag.py:2690} INFO - Sync 1 DAGs
[2025-02-08T22:27:43.943+0000] {logging_mixin.py:137} INFO - [2025-02-08T22:27:43.943+0000] {dag.py:3441} INFO - Setting next_dagrun for example_kubernetes_executor to None, run_after=None
[2025-02-08T22:27:43.975+0000] {processor.py:175} INFO - Processing /home/airflow/.local/lib/python3.7/site-packages/airflow/example_dags/example_kubernetes_executor.py took 0.193 seconds
