[2025-02-08T22:06:03.339+0000] {processor.py:153} INFO - Started process (PID=63) to work on /home/airflow/.local/lib/python3.7/site-packages/airflow/example_dags/example_dag_decorator.py
[2025-02-08T22:06:03.343+0000] {processor.py:743} INFO - Processing file /home/airflow/.local/lib/python3.7/site-packages/airflow/example_dags/example_dag_decorator.py for tasks to queue
[2025-02-08T22:06:03.348+0000] {logging_mixin.py:137} INFO - [2025-02-08T22:06:03.348+0000] {dagbag.py:538} INFO - Filling up the DagBag from /home/airflow/.local/lib/python3.7/site-packages/airflow/example_dags/example_dag_decorator.py
[2025-02-08T22:06:03.393+0000] {logging_mixin.py:137} INFO - [2025-02-08T22:06:03.392+0000] {taskmixin.py:205} WARNING - Dependency <Task(_PythonDecoratedOperator): prepare_email>, send_email already registered for DAG: example_dag_decorator
[2025-02-08T22:06:03.393+0000] {logging_mixin.py:137} INFO - [2025-02-08T22:06:03.393+0000] {taskmixin.py:205} WARNING - Dependency <Task(EmailOperator): send_email>, prepare_email already registered for DAG: example_dag_decorator
[2025-02-08T22:06:03.442+0000] {processor.py:753} INFO - DAG(s) dict_keys(['example_dag_decorator']) retrieved from /home/airflow/.local/lib/python3.7/site-packages/airflow/example_dags/example_dag_decorator.py
[2025-02-08T22:06:03.589+0000] {logging_mixin.py:137} INFO - [2025-02-08T22:06:03.589+0000] {dag.py:2690} INFO - Sync 1 DAGs
[2025-02-08T22:06:03.677+0000] {logging_mixin.py:137} INFO - [2025-02-08T22:06:03.677+0000] {dag.py:3441} INFO - Setting next_dagrun for example_dag_decorator to None, run_after=None
[2025-02-08T22:06:03.734+0000] {processor.py:175} INFO - Processing /home/airflow/.local/lib/python3.7/site-packages/airflow/example_dags/example_dag_decorator.py took 0.409 seconds
[2025-02-08T22:06:36.660+0000] {processor.py:153} INFO - Started process (PID=134) to work on /home/airflow/.local/lib/python3.7/site-packages/airflow/example_dags/example_dag_decorator.py
[2025-02-08T22:06:36.662+0000] {processor.py:743} INFO - Processing file /home/airflow/.local/lib/python3.7/site-packages/airflow/example_dags/example_dag_decorator.py for tasks to queue
[2025-02-08T22:06:36.663+0000] {logging_mixin.py:137} INFO - [2025-02-08T22:06:36.663+0000] {dagbag.py:538} INFO - Filling up the DagBag from /home/airflow/.local/lib/python3.7/site-packages/airflow/example_dags/example_dag_decorator.py
[2025-02-08T22:06:36.692+0000] {logging_mixin.py:137} INFO - [2025-02-08T22:06:36.692+0000] {taskmixin.py:205} WARNING - Dependency <Task(_PythonDecoratedOperator): prepare_email>, send_email already registered for DAG: example_dag_decorator
[2025-02-08T22:06:36.693+0000] {logging_mixin.py:137} INFO - [2025-02-08T22:06:36.693+0000] {taskmixin.py:205} WARNING - Dependency <Task(EmailOperator): send_email>, prepare_email already registered for DAG: example_dag_decorator
[2025-02-08T22:06:36.764+0000] {processor.py:753} INFO - DAG(s) dict_keys(['example_dag_decorator']) retrieved from /home/airflow/.local/lib/python3.7/site-packages/airflow/example_dags/example_dag_decorator.py
[2025-02-08T22:06:36.893+0000] {logging_mixin.py:137} INFO - [2025-02-08T22:06:36.893+0000] {dag.py:2690} INFO - Sync 1 DAGs
[2025-02-08T22:06:36.923+0000] {logging_mixin.py:137} INFO - [2025-02-08T22:06:36.923+0000] {dag.py:3441} INFO - Setting next_dagrun for example_dag_decorator to None, run_after=None
[2025-02-08T22:06:36.957+0000] {processor.py:175} INFO - Processing /home/airflow/.local/lib/python3.7/site-packages/airflow/example_dags/example_dag_decorator.py took 0.305 seconds
[2025-02-08T22:07:07.288+0000] {processor.py:153} INFO - Started process (PID=205) to work on /home/airflow/.local/lib/python3.7/site-packages/airflow/example_dags/example_dag_decorator.py
[2025-02-08T22:07:07.289+0000] {processor.py:743} INFO - Processing file /home/airflow/.local/lib/python3.7/site-packages/airflow/example_dags/example_dag_decorator.py for tasks to queue
[2025-02-08T22:07:07.290+0000] {logging_mixin.py:137} INFO - [2025-02-08T22:07:07.290+0000] {dagbag.py:538} INFO - Filling up the DagBag from /home/airflow/.local/lib/python3.7/site-packages/airflow/example_dags/example_dag_decorator.py
[2025-02-08T22:07:07.307+0000] {logging_mixin.py:137} INFO - [2025-02-08T22:07:07.307+0000] {taskmixin.py:205} WARNING - Dependency <Task(_PythonDecoratedOperator): prepare_email>, send_email already registered for DAG: example_dag_decorator
[2025-02-08T22:07:07.307+0000] {logging_mixin.py:137} INFO - [2025-02-08T22:07:07.307+0000] {taskmixin.py:205} WARNING - Dependency <Task(EmailOperator): send_email>, prepare_email already registered for DAG: example_dag_decorator
[2025-02-08T22:07:07.318+0000] {processor.py:753} INFO - DAG(s) dict_keys(['example_dag_decorator']) retrieved from /home/airflow/.local/lib/python3.7/site-packages/airflow/example_dags/example_dag_decorator.py
[2025-02-08T22:07:07.382+0000] {logging_mixin.py:137} INFO - [2025-02-08T22:07:07.382+0000] {dag.py:2690} INFO - Sync 1 DAGs
[2025-02-08T22:07:07.404+0000] {logging_mixin.py:137} INFO - [2025-02-08T22:07:07.403+0000] {dag.py:3441} INFO - Setting next_dagrun for example_dag_decorator to None, run_after=None
[2025-02-08T22:07:07.426+0000] {processor.py:175} INFO - Processing /home/airflow/.local/lib/python3.7/site-packages/airflow/example_dags/example_dag_decorator.py took 0.141 seconds
[2025-02-08T22:07:37.868+0000] {processor.py:153} INFO - Started process (PID=285) to work on /home/airflow/.local/lib/python3.7/site-packages/airflow/example_dags/example_dag_decorator.py
[2025-02-08T22:07:37.870+0000] {processor.py:743} INFO - Processing file /home/airflow/.local/lib/python3.7/site-packages/airflow/example_dags/example_dag_decorator.py for tasks to queue
[2025-02-08T22:07:37.872+0000] {logging_mixin.py:137} INFO - [2025-02-08T22:07:37.871+0000] {dagbag.py:538} INFO - Filling up the DagBag from /home/airflow/.local/lib/python3.7/site-packages/airflow/example_dags/example_dag_decorator.py
[2025-02-08T22:07:37.899+0000] {logging_mixin.py:137} INFO - [2025-02-08T22:07:37.899+0000] {taskmixin.py:205} WARNING - Dependency <Task(_PythonDecoratedOperator): prepare_email>, send_email already registered for DAG: example_dag_decorator
[2025-02-08T22:07:37.900+0000] {logging_mixin.py:137} INFO - [2025-02-08T22:07:37.900+0000] {taskmixin.py:205} WARNING - Dependency <Task(EmailOperator): send_email>, prepare_email already registered for DAG: example_dag_decorator
[2025-02-08T22:07:37.917+0000] {processor.py:753} INFO - DAG(s) dict_keys(['example_dag_decorator']) retrieved from /home/airflow/.local/lib/python3.7/site-packages/airflow/example_dags/example_dag_decorator.py
[2025-02-08T22:07:38.027+0000] {logging_mixin.py:137} INFO - [2025-02-08T22:07:38.026+0000] {dag.py:2690} INFO - Sync 1 DAGs
[2025-02-08T22:07:38.063+0000] {logging_mixin.py:137} INFO - [2025-02-08T22:07:38.063+0000] {dag.py:3441} INFO - Setting next_dagrun for example_dag_decorator to None, run_after=None
[2025-02-08T22:07:38.092+0000] {processor.py:175} INFO - Processing /home/airflow/.local/lib/python3.7/site-packages/airflow/example_dags/example_dag_decorator.py took 0.228 seconds
[2025-02-08T22:08:08.493+0000] {processor.py:153} INFO - Started process (PID=363) to work on /home/airflow/.local/lib/python3.7/site-packages/airflow/example_dags/example_dag_decorator.py
[2025-02-08T22:08:08.494+0000] {processor.py:743} INFO - Processing file /home/airflow/.local/lib/python3.7/site-packages/airflow/example_dags/example_dag_decorator.py for tasks to queue
[2025-02-08T22:08:08.495+0000] {logging_mixin.py:137} INFO - [2025-02-08T22:08:08.495+0000] {dagbag.py:538} INFO - Filling up the DagBag from /home/airflow/.local/lib/python3.7/site-packages/airflow/example_dags/example_dag_decorator.py
[2025-02-08T22:08:08.516+0000] {logging_mixin.py:137} INFO - [2025-02-08T22:08:08.516+0000] {taskmixin.py:205} WARNING - Dependency <Task(_PythonDecoratedOperator): prepare_email>, send_email already registered for DAG: example_dag_decorator
[2025-02-08T22:08:08.517+0000] {logging_mixin.py:137} INFO - [2025-02-08T22:08:08.517+0000] {taskmixin.py:205} WARNING - Dependency <Task(EmailOperator): send_email>, prepare_email already registered for DAG: example_dag_decorator
[2025-02-08T22:08:08.529+0000] {processor.py:753} INFO - DAG(s) dict_keys(['example_dag_decorator']) retrieved from /home/airflow/.local/lib/python3.7/site-packages/airflow/example_dags/example_dag_decorator.py
[2025-02-08T22:08:08.602+0000] {logging_mixin.py:137} INFO - [2025-02-08T22:08:08.601+0000] {dag.py:2690} INFO - Sync 1 DAGs
[2025-02-08T22:08:08.623+0000] {logging_mixin.py:137} INFO - [2025-02-08T22:08:08.623+0000] {dag.py:3441} INFO - Setting next_dagrun for example_dag_decorator to None, run_after=None
[2025-02-08T22:08:08.646+0000] {processor.py:175} INFO - Processing /home/airflow/.local/lib/python3.7/site-packages/airflow/example_dags/example_dag_decorator.py took 0.156 seconds
[2025-02-08T22:08:39.621+0000] {processor.py:153} INFO - Started process (PID=434) to work on /home/airflow/.local/lib/python3.7/site-packages/airflow/example_dags/example_dag_decorator.py
[2025-02-08T22:08:39.624+0000] {processor.py:743} INFO - Processing file /home/airflow/.local/lib/python3.7/site-packages/airflow/example_dags/example_dag_decorator.py for tasks to queue
[2025-02-08T22:08:39.628+0000] {logging_mixin.py:137} INFO - [2025-02-08T22:08:39.628+0000] {dagbag.py:538} INFO - Filling up the DagBag from /home/airflow/.local/lib/python3.7/site-packages/airflow/example_dags/example_dag_decorator.py
[2025-02-08T22:08:39.673+0000] {logging_mixin.py:137} INFO - [2025-02-08T22:08:39.673+0000] {taskmixin.py:205} WARNING - Dependency <Task(_PythonDecoratedOperator): prepare_email>, send_email already registered for DAG: example_dag_decorator
[2025-02-08T22:08:39.675+0000] {logging_mixin.py:137} INFO - [2025-02-08T22:08:39.674+0000] {taskmixin.py:205} WARNING - Dependency <Task(EmailOperator): send_email>, prepare_email already registered for DAG: example_dag_decorator
[2025-02-08T22:08:39.709+0000] {processor.py:753} INFO - DAG(s) dict_keys(['example_dag_decorator']) retrieved from /home/airflow/.local/lib/python3.7/site-packages/airflow/example_dags/example_dag_decorator.py
[2025-02-08T22:08:39.933+0000] {logging_mixin.py:137} INFO - [2025-02-08T22:08:39.933+0000] {dag.py:2690} INFO - Sync 1 DAGs
[2025-02-08T22:08:39.981+0000] {logging_mixin.py:137} INFO - [2025-02-08T22:08:39.981+0000] {dag.py:3441} INFO - Setting next_dagrun for example_dag_decorator to None, run_after=None
[2025-02-08T22:08:40.017+0000] {processor.py:175} INFO - Processing /home/airflow/.local/lib/python3.7/site-packages/airflow/example_dags/example_dag_decorator.py took 0.404 seconds
[2025-02-08T22:09:10.466+0000] {processor.py:153} INFO - Started process (PID=521) to work on /home/airflow/.local/lib/python3.7/site-packages/airflow/example_dags/example_dag_decorator.py
[2025-02-08T22:09:10.467+0000] {processor.py:743} INFO - Processing file /home/airflow/.local/lib/python3.7/site-packages/airflow/example_dags/example_dag_decorator.py for tasks to queue
[2025-02-08T22:09:10.469+0000] {logging_mixin.py:137} INFO - [2025-02-08T22:09:10.469+0000] {dagbag.py:538} INFO - Filling up the DagBag from /home/airflow/.local/lib/python3.7/site-packages/airflow/example_dags/example_dag_decorator.py
[2025-02-08T22:09:10.488+0000] {logging_mixin.py:137} INFO - [2025-02-08T22:09:10.488+0000] {taskmixin.py:205} WARNING - Dependency <Task(_PythonDecoratedOperator): prepare_email>, send_email already registered for DAG: example_dag_decorator
[2025-02-08T22:09:10.489+0000] {logging_mixin.py:137} INFO - [2025-02-08T22:09:10.489+0000] {taskmixin.py:205} WARNING - Dependency <Task(EmailOperator): send_email>, prepare_email already registered for DAG: example_dag_decorator
[2025-02-08T22:09:10.501+0000] {processor.py:753} INFO - DAG(s) dict_keys(['example_dag_decorator']) retrieved from /home/airflow/.local/lib/python3.7/site-packages/airflow/example_dags/example_dag_decorator.py
[2025-02-08T22:09:10.578+0000] {logging_mixin.py:137} INFO - [2025-02-08T22:09:10.578+0000] {dag.py:2690} INFO - Sync 1 DAGs
[2025-02-08T22:09:10.603+0000] {logging_mixin.py:137} INFO - [2025-02-08T22:09:10.603+0000] {dag.py:3441} INFO - Setting next_dagrun for example_dag_decorator to None, run_after=None
[2025-02-08T22:09:10.630+0000] {processor.py:175} INFO - Processing /home/airflow/.local/lib/python3.7/site-packages/airflow/example_dags/example_dag_decorator.py took 0.169 seconds
[2025-02-08T22:09:41.566+0000] {processor.py:153} INFO - Started process (PID=592) to work on /home/airflow/.local/lib/python3.7/site-packages/airflow/example_dags/example_dag_decorator.py
[2025-02-08T22:09:41.575+0000] {processor.py:743} INFO - Processing file /home/airflow/.local/lib/python3.7/site-packages/airflow/example_dags/example_dag_decorator.py for tasks to queue
[2025-02-08T22:09:41.587+0000] {logging_mixin.py:137} INFO - [2025-02-08T22:09:41.585+0000] {dagbag.py:538} INFO - Filling up the DagBag from /home/airflow/.local/lib/python3.7/site-packages/airflow/example_dags/example_dag_decorator.py
[2025-02-08T22:09:41.619+0000] {logging_mixin.py:137} INFO - [2025-02-08T22:09:41.618+0000] {taskmixin.py:205} WARNING - Dependency <Task(_PythonDecoratedOperator): prepare_email>, send_email already registered for DAG: example_dag_decorator
[2025-02-08T22:09:41.621+0000] {logging_mixin.py:137} INFO - [2025-02-08T22:09:41.621+0000] {taskmixin.py:205} WARNING - Dependency <Task(EmailOperator): send_email>, prepare_email already registered for DAG: example_dag_decorator
[2025-02-08T22:09:41.646+0000] {processor.py:753} INFO - DAG(s) dict_keys(['example_dag_decorator']) retrieved from /home/airflow/.local/lib/python3.7/site-packages/airflow/example_dags/example_dag_decorator.py
[2025-02-08T22:09:41.794+0000] {logging_mixin.py:137} INFO - [2025-02-08T22:09:41.793+0000] {dag.py:2690} INFO - Sync 1 DAGs
[2025-02-08T22:09:41.850+0000] {logging_mixin.py:137} INFO - [2025-02-08T22:09:41.850+0000] {dag.py:3441} INFO - Setting next_dagrun for example_dag_decorator to None, run_after=None
[2025-02-08T22:09:41.948+0000] {processor.py:175} INFO - Processing /home/airflow/.local/lib/python3.7/site-packages/airflow/example_dags/example_dag_decorator.py took 0.385 seconds
[2025-02-08T22:10:13.243+0000] {processor.py:153} INFO - Started process (PID=679) to work on /home/airflow/.local/lib/python3.7/site-packages/airflow/example_dags/example_dag_decorator.py
[2025-02-08T22:10:13.253+0000] {processor.py:743} INFO - Processing file /home/airflow/.local/lib/python3.7/site-packages/airflow/example_dags/example_dag_decorator.py for tasks to queue
[2025-02-08T22:10:13.255+0000] {logging_mixin.py:137} INFO - [2025-02-08T22:10:13.254+0000] {dagbag.py:538} INFO - Filling up the DagBag from /home/airflow/.local/lib/python3.7/site-packages/airflow/example_dags/example_dag_decorator.py
[2025-02-08T22:10:13.296+0000] {logging_mixin.py:137} INFO - [2025-02-08T22:10:13.296+0000] {taskmixin.py:205} WARNING - Dependency <Task(_PythonDecoratedOperator): prepare_email>, send_email already registered for DAG: example_dag_decorator
[2025-02-08T22:10:13.297+0000] {logging_mixin.py:137} INFO - [2025-02-08T22:10:13.297+0000] {taskmixin.py:205} WARNING - Dependency <Task(EmailOperator): send_email>, prepare_email already registered for DAG: example_dag_decorator
[2025-02-08T22:10:13.334+0000] {processor.py:753} INFO - DAG(s) dict_keys(['example_dag_decorator']) retrieved from /home/airflow/.local/lib/python3.7/site-packages/airflow/example_dags/example_dag_decorator.py
[2025-02-08T22:10:13.451+0000] {logging_mixin.py:137} INFO - [2025-02-08T22:10:13.451+0000] {dag.py:2690} INFO - Sync 1 DAGs
[2025-02-08T22:10:13.481+0000] {logging_mixin.py:137} INFO - [2025-02-08T22:10:13.481+0000] {dag.py:3441} INFO - Setting next_dagrun for example_dag_decorator to None, run_after=None
[2025-02-08T22:10:13.514+0000] {processor.py:175} INFO - Processing /home/airflow/.local/lib/python3.7/site-packages/airflow/example_dags/example_dag_decorator.py took 0.275 seconds
[2025-02-08T22:10:43.639+0000] {processor.py:153} INFO - Started process (PID=751) to work on /home/airflow/.local/lib/python3.7/site-packages/airflow/example_dags/example_dag_decorator.py
[2025-02-08T22:10:43.640+0000] {processor.py:743} INFO - Processing file /home/airflow/.local/lib/python3.7/site-packages/airflow/example_dags/example_dag_decorator.py for tasks to queue
[2025-02-08T22:10:43.641+0000] {logging_mixin.py:137} INFO - [2025-02-08T22:10:43.641+0000] {dagbag.py:538} INFO - Filling up the DagBag from /home/airflow/.local/lib/python3.7/site-packages/airflow/example_dags/example_dag_decorator.py
[2025-02-08T22:10:43.658+0000] {logging_mixin.py:137} INFO - [2025-02-08T22:10:43.658+0000] {taskmixin.py:205} WARNING - Dependency <Task(_PythonDecoratedOperator): prepare_email>, send_email already registered for DAG: example_dag_decorator
[2025-02-08T22:10:43.659+0000] {logging_mixin.py:137} INFO - [2025-02-08T22:10:43.659+0000] {taskmixin.py:205} WARNING - Dependency <Task(EmailOperator): send_email>, prepare_email already registered for DAG: example_dag_decorator
[2025-02-08T22:10:43.671+0000] {processor.py:753} INFO - DAG(s) dict_keys(['example_dag_decorator']) retrieved from /home/airflow/.local/lib/python3.7/site-packages/airflow/example_dags/example_dag_decorator.py
[2025-02-08T22:10:43.741+0000] {logging_mixin.py:137} INFO - [2025-02-08T22:10:43.741+0000] {dag.py:2690} INFO - Sync 1 DAGs
[2025-02-08T22:10:43.767+0000] {logging_mixin.py:137} INFO - [2025-02-08T22:10:43.767+0000] {dag.py:3441} INFO - Setting next_dagrun for example_dag_decorator to None, run_after=None
[2025-02-08T22:10:43.791+0000] {processor.py:175} INFO - Processing /home/airflow/.local/lib/python3.7/site-packages/airflow/example_dags/example_dag_decorator.py took 0.155 seconds
[2025-02-08T22:11:20.356+0000] {processor.py:153} INFO - Started process (PID=839) to work on /home/airflow/.local/lib/python3.7/site-packages/airflow/example_dags/example_dag_decorator.py
[2025-02-08T22:11:20.357+0000] {processor.py:743} INFO - Processing file /home/airflow/.local/lib/python3.7/site-packages/airflow/example_dags/example_dag_decorator.py for tasks to queue
[2025-02-08T22:11:20.359+0000] {logging_mixin.py:137} INFO - [2025-02-08T22:11:20.359+0000] {dagbag.py:538} INFO - Filling up the DagBag from /home/airflow/.local/lib/python3.7/site-packages/airflow/example_dags/example_dag_decorator.py
[2025-02-08T22:11:20.399+0000] {logging_mixin.py:137} INFO - [2025-02-08T22:11:20.398+0000] {taskmixin.py:205} WARNING - Dependency <Task(_PythonDecoratedOperator): prepare_email>, send_email already registered for DAG: example_dag_decorator
[2025-02-08T22:11:20.399+0000] {logging_mixin.py:137} INFO - [2025-02-08T22:11:20.399+0000] {taskmixin.py:205} WARNING - Dependency <Task(EmailOperator): send_email>, prepare_email already registered for DAG: example_dag_decorator
[2025-02-08T22:11:20.446+0000] {processor.py:753} INFO - DAG(s) dict_keys(['example_dag_decorator']) retrieved from /home/airflow/.local/lib/python3.7/site-packages/airflow/example_dags/example_dag_decorator.py
[2025-02-08T22:11:20.573+0000] {logging_mixin.py:137} INFO - [2025-02-08T22:11:20.572+0000] {dag.py:2690} INFO - Sync 1 DAGs
[2025-02-08T22:11:20.619+0000] {logging_mixin.py:137} INFO - [2025-02-08T22:11:20.619+0000] {dag.py:3441} INFO - Setting next_dagrun for example_dag_decorator to None, run_after=None
[2025-02-08T22:11:20.656+0000] {processor.py:175} INFO - Processing /home/airflow/.local/lib/python3.7/site-packages/airflow/example_dags/example_dag_decorator.py took 0.303 seconds
[2025-02-08T22:11:50.862+0000] {processor.py:153} INFO - Started process (PID=917) to work on /home/airflow/.local/lib/python3.7/site-packages/airflow/example_dags/example_dag_decorator.py
[2025-02-08T22:11:50.863+0000] {processor.py:743} INFO - Processing file /home/airflow/.local/lib/python3.7/site-packages/airflow/example_dags/example_dag_decorator.py for tasks to queue
[2025-02-08T22:11:50.864+0000] {logging_mixin.py:137} INFO - [2025-02-08T22:11:50.864+0000] {dagbag.py:538} INFO - Filling up the DagBag from /home/airflow/.local/lib/python3.7/site-packages/airflow/example_dags/example_dag_decorator.py
[2025-02-08T22:11:50.880+0000] {logging_mixin.py:137} INFO - [2025-02-08T22:11:50.880+0000] {taskmixin.py:205} WARNING - Dependency <Task(_PythonDecoratedOperator): prepare_email>, send_email already registered for DAG: example_dag_decorator
[2025-02-08T22:11:50.881+0000] {logging_mixin.py:137} INFO - [2025-02-08T22:11:50.881+0000] {taskmixin.py:205} WARNING - Dependency <Task(EmailOperator): send_email>, prepare_email already registered for DAG: example_dag_decorator
[2025-02-08T22:11:50.893+0000] {processor.py:753} INFO - DAG(s) dict_keys(['example_dag_decorator']) retrieved from /home/airflow/.local/lib/python3.7/site-packages/airflow/example_dags/example_dag_decorator.py
[2025-02-08T22:11:50.955+0000] {logging_mixin.py:137} INFO - [2025-02-08T22:11:50.955+0000] {dag.py:2690} INFO - Sync 1 DAGs
[2025-02-08T22:11:50.977+0000] {logging_mixin.py:137} INFO - [2025-02-08T22:11:50.977+0000] {dag.py:3441} INFO - Setting next_dagrun for example_dag_decorator to None, run_after=None
[2025-02-08T22:11:50.998+0000] {processor.py:175} INFO - Processing /home/airflow/.local/lib/python3.7/site-packages/airflow/example_dags/example_dag_decorator.py took 0.139 seconds
[2025-02-08T22:12:21.167+0000] {processor.py:153} INFO - Started process (PID=998) to work on /home/airflow/.local/lib/python3.7/site-packages/airflow/example_dags/example_dag_decorator.py
[2025-02-08T22:12:21.167+0000] {processor.py:743} INFO - Processing file /home/airflow/.local/lib/python3.7/site-packages/airflow/example_dags/example_dag_decorator.py for tasks to queue
[2025-02-08T22:12:21.168+0000] {logging_mixin.py:137} INFO - [2025-02-08T22:12:21.168+0000] {dagbag.py:538} INFO - Filling up the DagBag from /home/airflow/.local/lib/python3.7/site-packages/airflow/example_dags/example_dag_decorator.py
[2025-02-08T22:12:21.184+0000] {logging_mixin.py:137} INFO - [2025-02-08T22:12:21.184+0000] {taskmixin.py:205} WARNING - Dependency <Task(_PythonDecoratedOperator): prepare_email>, send_email already registered for DAG: example_dag_decorator
[2025-02-08T22:12:21.184+0000] {logging_mixin.py:137} INFO - [2025-02-08T22:12:21.184+0000] {taskmixin.py:205} WARNING - Dependency <Task(EmailOperator): send_email>, prepare_email already registered for DAG: example_dag_decorator
[2025-02-08T22:12:21.195+0000] {processor.py:753} INFO - DAG(s) dict_keys(['example_dag_decorator']) retrieved from /home/airflow/.local/lib/python3.7/site-packages/airflow/example_dags/example_dag_decorator.py
[2025-02-08T22:12:21.255+0000] {logging_mixin.py:137} INFO - [2025-02-08T22:12:21.255+0000] {dag.py:2690} INFO - Sync 1 DAGs
[2025-02-08T22:12:21.276+0000] {logging_mixin.py:137} INFO - [2025-02-08T22:12:21.276+0000] {dag.py:3441} INFO - Setting next_dagrun for example_dag_decorator to None, run_after=None
[2025-02-08T22:12:21.301+0000] {processor.py:175} INFO - Processing /home/airflow/.local/lib/python3.7/site-packages/airflow/example_dags/example_dag_decorator.py took 0.137 seconds
[2025-02-08T22:12:51.780+0000] {processor.py:153} INFO - Started process (PID=1067) to work on /home/airflow/.local/lib/python3.7/site-packages/airflow/example_dags/example_dag_decorator.py
[2025-02-08T22:12:51.781+0000] {processor.py:743} INFO - Processing file /home/airflow/.local/lib/python3.7/site-packages/airflow/example_dags/example_dag_decorator.py for tasks to queue
[2025-02-08T22:12:51.782+0000] {logging_mixin.py:137} INFO - [2025-02-08T22:12:51.782+0000] {dagbag.py:538} INFO - Filling up the DagBag from /home/airflow/.local/lib/python3.7/site-packages/airflow/example_dags/example_dag_decorator.py
[2025-02-08T22:12:51.798+0000] {logging_mixin.py:137} INFO - [2025-02-08T22:12:51.798+0000] {taskmixin.py:205} WARNING - Dependency <Task(_PythonDecoratedOperator): prepare_email>, send_email already registered for DAG: example_dag_decorator
[2025-02-08T22:12:51.799+0000] {logging_mixin.py:137} INFO - [2025-02-08T22:12:51.799+0000] {taskmixin.py:205} WARNING - Dependency <Task(EmailOperator): send_email>, prepare_email already registered for DAG: example_dag_decorator
[2025-02-08T22:12:51.809+0000] {processor.py:753} INFO - DAG(s) dict_keys(['example_dag_decorator']) retrieved from /home/airflow/.local/lib/python3.7/site-packages/airflow/example_dags/example_dag_decorator.py
[2025-02-08T22:12:51.872+0000] {logging_mixin.py:137} INFO - [2025-02-08T22:12:51.872+0000] {dag.py:2690} INFO - Sync 1 DAGs
[2025-02-08T22:12:51.894+0000] {logging_mixin.py:137} INFO - [2025-02-08T22:12:51.894+0000] {dag.py:3441} INFO - Setting next_dagrun for example_dag_decorator to None, run_after=None
[2025-02-08T22:12:51.923+0000] {processor.py:175} INFO - Processing /home/airflow/.local/lib/python3.7/site-packages/airflow/example_dags/example_dag_decorator.py took 0.146 seconds
[2025-02-08T22:13:21.984+0000] {processor.py:153} INFO - Started process (PID=1154) to work on /home/airflow/.local/lib/python3.7/site-packages/airflow/example_dags/example_dag_decorator.py
[2025-02-08T22:13:21.985+0000] {processor.py:743} INFO - Processing file /home/airflow/.local/lib/python3.7/site-packages/airflow/example_dags/example_dag_decorator.py for tasks to queue
[2025-02-08T22:13:21.986+0000] {logging_mixin.py:137} INFO - [2025-02-08T22:13:21.986+0000] {dagbag.py:538} INFO - Filling up the DagBag from /home/airflow/.local/lib/python3.7/site-packages/airflow/example_dags/example_dag_decorator.py
[2025-02-08T22:13:22.006+0000] {logging_mixin.py:137} INFO - [2025-02-08T22:13:22.006+0000] {taskmixin.py:205} WARNING - Dependency <Task(_PythonDecoratedOperator): prepare_email>, send_email already registered for DAG: example_dag_decorator
[2025-02-08T22:13:22.007+0000] {logging_mixin.py:137} INFO - [2025-02-08T22:13:22.007+0000] {taskmixin.py:205} WARNING - Dependency <Task(EmailOperator): send_email>, prepare_email already registered for DAG: example_dag_decorator
[2025-02-08T22:13:22.019+0000] {processor.py:753} INFO - DAG(s) dict_keys(['example_dag_decorator']) retrieved from /home/airflow/.local/lib/python3.7/site-packages/airflow/example_dags/example_dag_decorator.py
[2025-02-08T22:13:22.102+0000] {logging_mixin.py:137} INFO - [2025-02-08T22:13:22.102+0000] {dag.py:2690} INFO - Sync 1 DAGs
[2025-02-08T22:13:22.131+0000] {logging_mixin.py:137} INFO - [2025-02-08T22:13:22.131+0000] {dag.py:3441} INFO - Setting next_dagrun for example_dag_decorator to None, run_after=None
[2025-02-08T22:13:22.157+0000] {processor.py:175} INFO - Processing /home/airflow/.local/lib/python3.7/site-packages/airflow/example_dags/example_dag_decorator.py took 0.177 seconds
[2025-02-08T22:13:52.828+0000] {processor.py:153} INFO - Started process (PID=1225) to work on /home/airflow/.local/lib/python3.7/site-packages/airflow/example_dags/example_dag_decorator.py
[2025-02-08T22:13:52.829+0000] {processor.py:743} INFO - Processing file /home/airflow/.local/lib/python3.7/site-packages/airflow/example_dags/example_dag_decorator.py for tasks to queue
[2025-02-08T22:13:52.830+0000] {logging_mixin.py:137} INFO - [2025-02-08T22:13:52.830+0000] {dagbag.py:538} INFO - Filling up the DagBag from /home/airflow/.local/lib/python3.7/site-packages/airflow/example_dags/example_dag_decorator.py
[2025-02-08T22:13:52.850+0000] {logging_mixin.py:137} INFO - [2025-02-08T22:13:52.849+0000] {taskmixin.py:205} WARNING - Dependency <Task(_PythonDecoratedOperator): prepare_email>, send_email already registered for DAG: example_dag_decorator
[2025-02-08T22:13:52.850+0000] {logging_mixin.py:137} INFO - [2025-02-08T22:13:52.850+0000] {taskmixin.py:205} WARNING - Dependency <Task(EmailOperator): send_email>, prepare_email already registered for DAG: example_dag_decorator
[2025-02-08T22:13:52.864+0000] {processor.py:753} INFO - DAG(s) dict_keys(['example_dag_decorator']) retrieved from /home/airflow/.local/lib/python3.7/site-packages/airflow/example_dags/example_dag_decorator.py
[2025-02-08T22:13:52.939+0000] {logging_mixin.py:137} INFO - [2025-02-08T22:13:52.938+0000] {dag.py:2690} INFO - Sync 1 DAGs
[2025-02-08T22:13:52.968+0000] {logging_mixin.py:137} INFO - [2025-02-08T22:13:52.968+0000] {dag.py:3441} INFO - Setting next_dagrun for example_dag_decorator to None, run_after=None
[2025-02-08T22:13:52.995+0000] {processor.py:175} INFO - Processing /home/airflow/.local/lib/python3.7/site-packages/airflow/example_dags/example_dag_decorator.py took 0.170 seconds
[2025-02-08T22:14:23.576+0000] {processor.py:153} INFO - Started process (PID=1312) to work on /home/airflow/.local/lib/python3.7/site-packages/airflow/example_dags/example_dag_decorator.py
[2025-02-08T22:14:23.578+0000] {processor.py:743} INFO - Processing file /home/airflow/.local/lib/python3.7/site-packages/airflow/example_dags/example_dag_decorator.py for tasks to queue
[2025-02-08T22:14:23.580+0000] {logging_mixin.py:137} INFO - [2025-02-08T22:14:23.580+0000] {dagbag.py:538} INFO - Filling up the DagBag from /home/airflow/.local/lib/python3.7/site-packages/airflow/example_dags/example_dag_decorator.py
[2025-02-08T22:14:23.629+0000] {logging_mixin.py:137} INFO - [2025-02-08T22:14:23.628+0000] {taskmixin.py:205} WARNING - Dependency <Task(_PythonDecoratedOperator): prepare_email>, send_email already registered for DAG: example_dag_decorator
[2025-02-08T22:14:23.630+0000] {logging_mixin.py:137} INFO - [2025-02-08T22:14:23.629+0000] {taskmixin.py:205} WARNING - Dependency <Task(EmailOperator): send_email>, prepare_email already registered for DAG: example_dag_decorator
[2025-02-08T22:14:23.669+0000] {processor.py:753} INFO - DAG(s) dict_keys(['example_dag_decorator']) retrieved from /home/airflow/.local/lib/python3.7/site-packages/airflow/example_dags/example_dag_decorator.py
[2025-02-08T22:14:23.893+0000] {logging_mixin.py:137} INFO - [2025-02-08T22:14:23.892+0000] {dag.py:2690} INFO - Sync 1 DAGs
[2025-02-08T22:14:24.014+0000] {logging_mixin.py:137} INFO - [2025-02-08T22:14:24.013+0000] {dag.py:3441} INFO - Setting next_dagrun for example_dag_decorator to None, run_after=None
[2025-02-08T22:14:24.088+0000] {processor.py:175} INFO - Processing /home/airflow/.local/lib/python3.7/site-packages/airflow/example_dags/example_dag_decorator.py took 0.518 seconds
[2025-02-08T22:14:54.935+0000] {processor.py:153} INFO - Started process (PID=1383) to work on /home/airflow/.local/lib/python3.7/site-packages/airflow/example_dags/example_dag_decorator.py
[2025-02-08T22:14:54.936+0000] {processor.py:743} INFO - Processing file /home/airflow/.local/lib/python3.7/site-packages/airflow/example_dags/example_dag_decorator.py for tasks to queue
[2025-02-08T22:14:54.937+0000] {logging_mixin.py:137} INFO - [2025-02-08T22:14:54.937+0000] {dagbag.py:538} INFO - Filling up the DagBag from /home/airflow/.local/lib/python3.7/site-packages/airflow/example_dags/example_dag_decorator.py
[2025-02-08T22:14:54.956+0000] {logging_mixin.py:137} INFO - [2025-02-08T22:14:54.956+0000] {taskmixin.py:205} WARNING - Dependency <Task(_PythonDecoratedOperator): prepare_email>, send_email already registered for DAG: example_dag_decorator
[2025-02-08T22:14:54.957+0000] {logging_mixin.py:137} INFO - [2025-02-08T22:14:54.957+0000] {taskmixin.py:205} WARNING - Dependency <Task(EmailOperator): send_email>, prepare_email already registered for DAG: example_dag_decorator
[2025-02-08T22:14:54.969+0000] {processor.py:753} INFO - DAG(s) dict_keys(['example_dag_decorator']) retrieved from /home/airflow/.local/lib/python3.7/site-packages/airflow/example_dags/example_dag_decorator.py
[2025-02-08T22:14:55.054+0000] {logging_mixin.py:137} INFO - [2025-02-08T22:14:55.053+0000] {dag.py:2690} INFO - Sync 1 DAGs
[2025-02-08T22:14:55.092+0000] {logging_mixin.py:137} INFO - [2025-02-08T22:14:55.092+0000] {dag.py:3441} INFO - Setting next_dagrun for example_dag_decorator to None, run_after=None
[2025-02-08T22:14:55.125+0000] {processor.py:175} INFO - Processing /home/airflow/.local/lib/python3.7/site-packages/airflow/example_dags/example_dag_decorator.py took 0.193 seconds
[2025-02-08T22:15:25.252+0000] {processor.py:153} INFO - Started process (PID=1455) to work on /home/airflow/.local/lib/python3.7/site-packages/airflow/example_dags/example_dag_decorator.py
[2025-02-08T22:15:25.253+0000] {processor.py:743} INFO - Processing file /home/airflow/.local/lib/python3.7/site-packages/airflow/example_dags/example_dag_decorator.py for tasks to queue
[2025-02-08T22:15:25.254+0000] {logging_mixin.py:137} INFO - [2025-02-08T22:15:25.254+0000] {dagbag.py:538} INFO - Filling up the DagBag from /home/airflow/.local/lib/python3.7/site-packages/airflow/example_dags/example_dag_decorator.py
[2025-02-08T22:15:25.269+0000] {logging_mixin.py:137} INFO - [2025-02-08T22:15:25.269+0000] {taskmixin.py:205} WARNING - Dependency <Task(_PythonDecoratedOperator): prepare_email>, send_email already registered for DAG: example_dag_decorator
[2025-02-08T22:15:25.271+0000] {logging_mixin.py:137} INFO - [2025-02-08T22:15:25.270+0000] {taskmixin.py:205} WARNING - Dependency <Task(EmailOperator): send_email>, prepare_email already registered for DAG: example_dag_decorator
[2025-02-08T22:15:25.282+0000] {processor.py:753} INFO - DAG(s) dict_keys(['example_dag_decorator']) retrieved from /home/airflow/.local/lib/python3.7/site-packages/airflow/example_dags/example_dag_decorator.py
[2025-02-08T22:15:25.351+0000] {logging_mixin.py:137} INFO - [2025-02-08T22:15:25.350+0000] {dag.py:2690} INFO - Sync 1 DAGs
[2025-02-08T22:15:25.375+0000] {logging_mixin.py:137} INFO - [2025-02-08T22:15:25.375+0000] {dag.py:3441} INFO - Setting next_dagrun for example_dag_decorator to None, run_after=None
[2025-02-08T22:15:25.399+0000] {processor.py:175} INFO - Processing /home/airflow/.local/lib/python3.7/site-packages/airflow/example_dags/example_dag_decorator.py took 0.150 seconds
[2025-02-08T22:15:55.551+0000] {processor.py:153} INFO - Started process (PID=1541) to work on /home/airflow/.local/lib/python3.7/site-packages/airflow/example_dags/example_dag_decorator.py
[2025-02-08T22:15:55.552+0000] {processor.py:743} INFO - Processing file /home/airflow/.local/lib/python3.7/site-packages/airflow/example_dags/example_dag_decorator.py for tasks to queue
[2025-02-08T22:15:55.553+0000] {logging_mixin.py:137} INFO - [2025-02-08T22:15:55.553+0000] {dagbag.py:538} INFO - Filling up the DagBag from /home/airflow/.local/lib/python3.7/site-packages/airflow/example_dags/example_dag_decorator.py
[2025-02-08T22:15:55.577+0000] {logging_mixin.py:137} INFO - [2025-02-08T22:15:55.577+0000] {taskmixin.py:205} WARNING - Dependency <Task(_PythonDecoratedOperator): prepare_email>, send_email already registered for DAG: example_dag_decorator
[2025-02-08T22:15:55.578+0000] {logging_mixin.py:137} INFO - [2025-02-08T22:15:55.578+0000] {taskmixin.py:205} WARNING - Dependency <Task(EmailOperator): send_email>, prepare_email already registered for DAG: example_dag_decorator
[2025-02-08T22:15:55.622+0000] {processor.py:753} INFO - DAG(s) dict_keys(['example_dag_decorator']) retrieved from /home/airflow/.local/lib/python3.7/site-packages/airflow/example_dags/example_dag_decorator.py
[2025-02-08T22:15:55.720+0000] {logging_mixin.py:137} INFO - [2025-02-08T22:15:55.720+0000] {dag.py:2690} INFO - Sync 1 DAGs
[2025-02-08T22:15:55.761+0000] {logging_mixin.py:137} INFO - [2025-02-08T22:15:55.761+0000] {dag.py:3441} INFO - Setting next_dagrun for example_dag_decorator to None, run_after=None
[2025-02-08T22:15:55.796+0000] {processor.py:175} INFO - Processing /home/airflow/.local/lib/python3.7/site-packages/airflow/example_dags/example_dag_decorator.py took 0.251 seconds
[2025-02-08T22:16:25.925+0000] {processor.py:153} INFO - Started process (PID=1612) to work on /home/airflow/.local/lib/python3.7/site-packages/airflow/example_dags/example_dag_decorator.py
[2025-02-08T22:16:25.926+0000] {processor.py:743} INFO - Processing file /home/airflow/.local/lib/python3.7/site-packages/airflow/example_dags/example_dag_decorator.py for tasks to queue
[2025-02-08T22:16:25.926+0000] {logging_mixin.py:137} INFO - [2025-02-08T22:16:25.926+0000] {dagbag.py:538} INFO - Filling up the DagBag from /home/airflow/.local/lib/python3.7/site-packages/airflow/example_dags/example_dag_decorator.py
[2025-02-08T22:16:25.942+0000] {logging_mixin.py:137} INFO - [2025-02-08T22:16:25.942+0000] {taskmixin.py:205} WARNING - Dependency <Task(_PythonDecoratedOperator): prepare_email>, send_email already registered for DAG: example_dag_decorator
[2025-02-08T22:16:25.943+0000] {logging_mixin.py:137} INFO - [2025-02-08T22:16:25.943+0000] {taskmixin.py:205} WARNING - Dependency <Task(EmailOperator): send_email>, prepare_email already registered for DAG: example_dag_decorator
[2025-02-08T22:16:25.954+0000] {processor.py:753} INFO - DAG(s) dict_keys(['example_dag_decorator']) retrieved from /home/airflow/.local/lib/python3.7/site-packages/airflow/example_dags/example_dag_decorator.py
[2025-02-08T22:16:26.017+0000] {logging_mixin.py:137} INFO - [2025-02-08T22:16:26.017+0000] {dag.py:2690} INFO - Sync 1 DAGs
[2025-02-08T22:16:26.040+0000] {logging_mixin.py:137} INFO - [2025-02-08T22:16:26.040+0000] {dag.py:3441} INFO - Setting next_dagrun for example_dag_decorator to None, run_after=None
[2025-02-08T22:16:26.066+0000] {processor.py:175} INFO - Processing /home/airflow/.local/lib/python3.7/site-packages/airflow/example_dags/example_dag_decorator.py took 0.146 seconds
[2025-02-08T22:16:56.384+0000] {processor.py:153} INFO - Started process (PID=1692) to work on /home/airflow/.local/lib/python3.7/site-packages/airflow/example_dags/example_dag_decorator.py
[2025-02-08T22:16:56.385+0000] {processor.py:743} INFO - Processing file /home/airflow/.local/lib/python3.7/site-packages/airflow/example_dags/example_dag_decorator.py for tasks to queue
[2025-02-08T22:16:56.386+0000] {logging_mixin.py:137} INFO - [2025-02-08T22:16:56.386+0000] {dagbag.py:538} INFO - Filling up the DagBag from /home/airflow/.local/lib/python3.7/site-packages/airflow/example_dags/example_dag_decorator.py
[2025-02-08T22:16:56.421+0000] {logging_mixin.py:137} INFO - [2025-02-08T22:16:56.421+0000] {taskmixin.py:205} WARNING - Dependency <Task(_PythonDecoratedOperator): prepare_email>, send_email already registered for DAG: example_dag_decorator
[2025-02-08T22:16:56.422+0000] {logging_mixin.py:137} INFO - [2025-02-08T22:16:56.422+0000] {taskmixin.py:205} WARNING - Dependency <Task(EmailOperator): send_email>, prepare_email already registered for DAG: example_dag_decorator
[2025-02-08T22:16:56.448+0000] {processor.py:753} INFO - DAG(s) dict_keys(['example_dag_decorator']) retrieved from /home/airflow/.local/lib/python3.7/site-packages/airflow/example_dags/example_dag_decorator.py
[2025-02-08T22:16:56.639+0000] {logging_mixin.py:137} INFO - [2025-02-08T22:16:56.639+0000] {dag.py:2690} INFO - Sync 1 DAGs
[2025-02-08T22:16:56.662+0000] {logging_mixin.py:137} INFO - [2025-02-08T22:16:56.662+0000] {dag.py:3441} INFO - Setting next_dagrun for example_dag_decorator to None, run_after=None
[2025-02-08T22:16:56.686+0000] {processor.py:175} INFO - Processing /home/airflow/.local/lib/python3.7/site-packages/airflow/example_dags/example_dag_decorator.py took 0.307 seconds
[2025-02-08T22:17:27.147+0000] {processor.py:153} INFO - Started process (PID=1770) to work on /home/airflow/.local/lib/python3.7/site-packages/airflow/example_dags/example_dag_decorator.py
[2025-02-08T22:17:27.148+0000] {processor.py:743} INFO - Processing file /home/airflow/.local/lib/python3.7/site-packages/airflow/example_dags/example_dag_decorator.py for tasks to queue
[2025-02-08T22:17:27.149+0000] {logging_mixin.py:137} INFO - [2025-02-08T22:17:27.149+0000] {dagbag.py:538} INFO - Filling up the DagBag from /home/airflow/.local/lib/python3.7/site-packages/airflow/example_dags/example_dag_decorator.py
[2025-02-08T22:17:27.164+0000] {logging_mixin.py:137} INFO - [2025-02-08T22:17:27.164+0000] {taskmixin.py:205} WARNING - Dependency <Task(_PythonDecoratedOperator): prepare_email>, send_email already registered for DAG: example_dag_decorator
[2025-02-08T22:17:27.165+0000] {logging_mixin.py:137} INFO - [2025-02-08T22:17:27.165+0000] {taskmixin.py:205} WARNING - Dependency <Task(EmailOperator): send_email>, prepare_email already registered for DAG: example_dag_decorator
[2025-02-08T22:17:27.176+0000] {processor.py:753} INFO - DAG(s) dict_keys(['example_dag_decorator']) retrieved from /home/airflow/.local/lib/python3.7/site-packages/airflow/example_dags/example_dag_decorator.py
[2025-02-08T22:17:27.237+0000] {logging_mixin.py:137} INFO - [2025-02-08T22:17:27.236+0000] {dag.py:2690} INFO - Sync 1 DAGs
[2025-02-08T22:17:27.260+0000] {logging_mixin.py:137} INFO - [2025-02-08T22:17:27.260+0000] {dag.py:3441} INFO - Setting next_dagrun for example_dag_decorator to None, run_after=None
[2025-02-08T22:17:27.285+0000] {processor.py:175} INFO - Processing /home/airflow/.local/lib/python3.7/site-packages/airflow/example_dags/example_dag_decorator.py took 0.141 seconds
[2025-02-08T22:17:57.455+0000] {processor.py:153} INFO - Started process (PID=1841) to work on /home/airflow/.local/lib/python3.7/site-packages/airflow/example_dags/example_dag_decorator.py
[2025-02-08T22:17:57.456+0000] {processor.py:743} INFO - Processing file /home/airflow/.local/lib/python3.7/site-packages/airflow/example_dags/example_dag_decorator.py for tasks to queue
[2025-02-08T22:17:57.457+0000] {logging_mixin.py:137} INFO - [2025-02-08T22:17:57.457+0000] {dagbag.py:538} INFO - Filling up the DagBag from /home/airflow/.local/lib/python3.7/site-packages/airflow/example_dags/example_dag_decorator.py
[2025-02-08T22:17:57.473+0000] {logging_mixin.py:137} INFO - [2025-02-08T22:17:57.473+0000] {taskmixin.py:205} WARNING - Dependency <Task(_PythonDecoratedOperator): prepare_email>, send_email already registered for DAG: example_dag_decorator
[2025-02-08T22:17:57.474+0000] {logging_mixin.py:137} INFO - [2025-02-08T22:17:57.474+0000] {taskmixin.py:205} WARNING - Dependency <Task(EmailOperator): send_email>, prepare_email already registered for DAG: example_dag_decorator
[2025-02-08T22:17:57.485+0000] {processor.py:753} INFO - DAG(s) dict_keys(['example_dag_decorator']) retrieved from /home/airflow/.local/lib/python3.7/site-packages/airflow/example_dags/example_dag_decorator.py
[2025-02-08T22:17:57.544+0000] {logging_mixin.py:137} INFO - [2025-02-08T22:17:57.544+0000] {dag.py:2690} INFO - Sync 1 DAGs
[2025-02-08T22:17:57.570+0000] {logging_mixin.py:137} INFO - [2025-02-08T22:17:57.569+0000] {dag.py:3441} INFO - Setting next_dagrun for example_dag_decorator to None, run_after=None
[2025-02-08T22:17:57.595+0000] {processor.py:175} INFO - Processing /home/airflow/.local/lib/python3.7/site-packages/airflow/example_dags/example_dag_decorator.py took 0.143 seconds
[2025-02-08T22:18:27.954+0000] {processor.py:153} INFO - Started process (PID=1928) to work on /home/airflow/.local/lib/python3.7/site-packages/airflow/example_dags/example_dag_decorator.py
[2025-02-08T22:18:27.955+0000] {processor.py:743} INFO - Processing file /home/airflow/.local/lib/python3.7/site-packages/airflow/example_dags/example_dag_decorator.py for tasks to queue
[2025-02-08T22:18:27.956+0000] {logging_mixin.py:137} INFO - [2025-02-08T22:18:27.956+0000] {dagbag.py:538} INFO - Filling up the DagBag from /home/airflow/.local/lib/python3.7/site-packages/airflow/example_dags/example_dag_decorator.py
[2025-02-08T22:18:27.992+0000] {logging_mixin.py:137} INFO - [2025-02-08T22:18:27.991+0000] {taskmixin.py:205} WARNING - Dependency <Task(_PythonDecoratedOperator): prepare_email>, send_email already registered for DAG: example_dag_decorator
[2025-02-08T22:18:27.992+0000] {logging_mixin.py:137} INFO - [2025-02-08T22:18:27.992+0000] {taskmixin.py:205} WARNING - Dependency <Task(EmailOperator): send_email>, prepare_email already registered for DAG: example_dag_decorator
[2025-02-08T22:18:28.016+0000] {processor.py:753} INFO - DAG(s) dict_keys(['example_dag_decorator']) retrieved from /home/airflow/.local/lib/python3.7/site-packages/airflow/example_dags/example_dag_decorator.py
[2025-02-08T22:18:28.139+0000] {logging_mixin.py:137} INFO - [2025-02-08T22:18:28.138+0000] {dag.py:2690} INFO - Sync 1 DAGs
[2025-02-08T22:18:28.180+0000] {logging_mixin.py:137} INFO - [2025-02-08T22:18:28.180+0000] {dag.py:3441} INFO - Setting next_dagrun for example_dag_decorator to None, run_after=None
[2025-02-08T22:18:28.217+0000] {processor.py:175} INFO - Processing /home/airflow/.local/lib/python3.7/site-packages/airflow/example_dags/example_dag_decorator.py took 0.270 seconds
[2025-02-08T22:18:58.898+0000] {processor.py:153} INFO - Started process (PID=2015) to work on /home/airflow/.local/lib/python3.7/site-packages/airflow/example_dags/example_dag_decorator.py
[2025-02-08T22:18:58.899+0000] {processor.py:743} INFO - Processing file /home/airflow/.local/lib/python3.7/site-packages/airflow/example_dags/example_dag_decorator.py for tasks to queue
[2025-02-08T22:18:58.900+0000] {logging_mixin.py:137} INFO - [2025-02-08T22:18:58.900+0000] {dagbag.py:538} INFO - Filling up the DagBag from /home/airflow/.local/lib/python3.7/site-packages/airflow/example_dags/example_dag_decorator.py
[2025-02-08T22:18:58.922+0000] {logging_mixin.py:137} INFO - [2025-02-08T22:18:58.922+0000] {taskmixin.py:205} WARNING - Dependency <Task(_PythonDecoratedOperator): prepare_email>, send_email already registered for DAG: example_dag_decorator
[2025-02-08T22:18:58.923+0000] {logging_mixin.py:137} INFO - [2025-02-08T22:18:58.923+0000] {taskmixin.py:205} WARNING - Dependency <Task(EmailOperator): send_email>, prepare_email already registered for DAG: example_dag_decorator
[2025-02-08T22:18:58.935+0000] {processor.py:753} INFO - DAG(s) dict_keys(['example_dag_decorator']) retrieved from /home/airflow/.local/lib/python3.7/site-packages/airflow/example_dags/example_dag_decorator.py
[2025-02-08T22:18:59.000+0000] {logging_mixin.py:137} INFO - [2025-02-08T22:18:59.000+0000] {dag.py:2690} INFO - Sync 1 DAGs
[2025-02-08T22:18:59.025+0000] {logging_mixin.py:137} INFO - [2025-02-08T22:18:59.025+0000] {dag.py:3441} INFO - Setting next_dagrun for example_dag_decorator to None, run_after=None
[2025-02-08T22:18:59.048+0000] {processor.py:175} INFO - Processing /home/airflow/.local/lib/python3.7/site-packages/airflow/example_dags/example_dag_decorator.py took 0.153 seconds
[2025-02-08T22:19:29.604+0000] {processor.py:153} INFO - Started process (PID=2086) to work on /home/airflow/.local/lib/python3.7/site-packages/airflow/example_dags/example_dag_decorator.py
[2025-02-08T22:19:29.605+0000] {processor.py:743} INFO - Processing file /home/airflow/.local/lib/python3.7/site-packages/airflow/example_dags/example_dag_decorator.py for tasks to queue
[2025-02-08T22:19:29.608+0000] {logging_mixin.py:137} INFO - [2025-02-08T22:19:29.607+0000] {dagbag.py:538} INFO - Filling up the DagBag from /home/airflow/.local/lib/python3.7/site-packages/airflow/example_dags/example_dag_decorator.py
[2025-02-08T22:19:29.662+0000] {logging_mixin.py:137} INFO - [2025-02-08T22:19:29.662+0000] {taskmixin.py:205} WARNING - Dependency <Task(_PythonDecoratedOperator): prepare_email>, send_email already registered for DAG: example_dag_decorator
[2025-02-08T22:19:29.663+0000] {logging_mixin.py:137} INFO - [2025-02-08T22:19:29.663+0000] {taskmixin.py:205} WARNING - Dependency <Task(EmailOperator): send_email>, prepare_email already registered for DAG: example_dag_decorator
[2025-02-08T22:19:29.697+0000] {processor.py:753} INFO - DAG(s) dict_keys(['example_dag_decorator']) retrieved from /home/airflow/.local/lib/python3.7/site-packages/airflow/example_dags/example_dag_decorator.py
[2025-02-08T22:19:29.870+0000] {logging_mixin.py:137} INFO - [2025-02-08T22:19:29.869+0000] {dag.py:2690} INFO - Sync 1 DAGs
[2025-02-08T22:19:29.922+0000] {logging_mixin.py:137} INFO - [2025-02-08T22:19:29.922+0000] {dag.py:3441} INFO - Setting next_dagrun for example_dag_decorator to None, run_after=None
[2025-02-08T22:19:29.966+0000] {processor.py:175} INFO - Processing /home/airflow/.local/lib/python3.7/site-packages/airflow/example_dags/example_dag_decorator.py took 0.378 seconds
[2025-02-08T22:20:00.847+0000] {processor.py:153} INFO - Started process (PID=2156) to work on /home/airflow/.local/lib/python3.7/site-packages/airflow/example_dags/example_dag_decorator.py
[2025-02-08T22:20:00.849+0000] {processor.py:743} INFO - Processing file /home/airflow/.local/lib/python3.7/site-packages/airflow/example_dags/example_dag_decorator.py for tasks to queue
[2025-02-08T22:20:00.850+0000] {logging_mixin.py:137} INFO - [2025-02-08T22:20:00.850+0000] {dagbag.py:538} INFO - Filling up the DagBag from /home/airflow/.local/lib/python3.7/site-packages/airflow/example_dags/example_dag_decorator.py
[2025-02-08T22:20:00.878+0000] {logging_mixin.py:137} INFO - [2025-02-08T22:20:00.878+0000] {taskmixin.py:205} WARNING - Dependency <Task(_PythonDecoratedOperator): prepare_email>, send_email already registered for DAG: example_dag_decorator
[2025-02-08T22:20:00.879+0000] {logging_mixin.py:137} INFO - [2025-02-08T22:20:00.879+0000] {taskmixin.py:205} WARNING - Dependency <Task(EmailOperator): send_email>, prepare_email already registered for DAG: example_dag_decorator
[2025-02-08T22:20:00.895+0000] {processor.py:753} INFO - DAG(s) dict_keys(['example_dag_decorator']) retrieved from /home/airflow/.local/lib/python3.7/site-packages/airflow/example_dags/example_dag_decorator.py
[2025-02-08T22:20:00.991+0000] {logging_mixin.py:137} INFO - [2025-02-08T22:20:00.991+0000] {dag.py:2690} INFO - Sync 1 DAGs
[2025-02-08T22:20:01.033+0000] {logging_mixin.py:137} INFO - [2025-02-08T22:20:01.033+0000] {dag.py:3441} INFO - Setting next_dagrun for example_dag_decorator to None, run_after=None
[2025-02-08T22:20:01.069+0000] {processor.py:175} INFO - Processing /home/airflow/.local/lib/python3.7/site-packages/airflow/example_dags/example_dag_decorator.py took 0.227 seconds
[2025-02-08T22:20:31.819+0000] {processor.py:153} INFO - Started process (PID=2243) to work on /home/airflow/.local/lib/python3.7/site-packages/airflow/example_dags/example_dag_decorator.py
[2025-02-08T22:20:31.820+0000] {processor.py:743} INFO - Processing file /home/airflow/.local/lib/python3.7/site-packages/airflow/example_dags/example_dag_decorator.py for tasks to queue
[2025-02-08T22:20:31.821+0000] {logging_mixin.py:137} INFO - [2025-02-08T22:20:31.821+0000] {dagbag.py:538} INFO - Filling up the DagBag from /home/airflow/.local/lib/python3.7/site-packages/airflow/example_dags/example_dag_decorator.py
[2025-02-08T22:20:31.838+0000] {logging_mixin.py:137} INFO - [2025-02-08T22:20:31.838+0000] {taskmixin.py:205} WARNING - Dependency <Task(_PythonDecoratedOperator): prepare_email>, send_email already registered for DAG: example_dag_decorator
[2025-02-08T22:20:31.839+0000] {logging_mixin.py:137} INFO - [2025-02-08T22:20:31.838+0000] {taskmixin.py:205} WARNING - Dependency <Task(EmailOperator): send_email>, prepare_email already registered for DAG: example_dag_decorator
[2025-02-08T22:20:31.851+0000] {processor.py:753} INFO - DAG(s) dict_keys(['example_dag_decorator']) retrieved from /home/airflow/.local/lib/python3.7/site-packages/airflow/example_dags/example_dag_decorator.py
[2025-02-08T22:20:31.914+0000] {logging_mixin.py:137} INFO - [2025-02-08T22:20:31.914+0000] {dag.py:2690} INFO - Sync 1 DAGs
[2025-02-08T22:20:31.938+0000] {logging_mixin.py:137} INFO - [2025-02-08T22:20:31.937+0000] {dag.py:3441} INFO - Setting next_dagrun for example_dag_decorator to None, run_after=None
[2025-02-08T22:20:31.962+0000] {processor.py:175} INFO - Processing /home/airflow/.local/lib/python3.7/site-packages/airflow/example_dags/example_dag_decorator.py took 0.148 seconds
[2025-02-08T22:21:02.167+0000] {processor.py:153} INFO - Started process (PID=2313) to work on /home/airflow/.local/lib/python3.7/site-packages/airflow/example_dags/example_dag_decorator.py
[2025-02-08T22:21:02.168+0000] {processor.py:743} INFO - Processing file /home/airflow/.local/lib/python3.7/site-packages/airflow/example_dags/example_dag_decorator.py for tasks to queue
[2025-02-08T22:21:02.169+0000] {logging_mixin.py:137} INFO - [2025-02-08T22:21:02.169+0000] {dagbag.py:538} INFO - Filling up the DagBag from /home/airflow/.local/lib/python3.7/site-packages/airflow/example_dags/example_dag_decorator.py
[2025-02-08T22:21:02.185+0000] {logging_mixin.py:137} INFO - [2025-02-08T22:21:02.185+0000] {taskmixin.py:205} WARNING - Dependency <Task(_PythonDecoratedOperator): prepare_email>, send_email already registered for DAG: example_dag_decorator
[2025-02-08T22:21:02.186+0000] {logging_mixin.py:137} INFO - [2025-02-08T22:21:02.186+0000] {taskmixin.py:205} WARNING - Dependency <Task(EmailOperator): send_email>, prepare_email already registered for DAG: example_dag_decorator
[2025-02-08T22:21:02.208+0000] {processor.py:753} INFO - DAG(s) dict_keys(['example_dag_decorator']) retrieved from /home/airflow/.local/lib/python3.7/site-packages/airflow/example_dags/example_dag_decorator.py
[2025-02-08T22:21:02.272+0000] {logging_mixin.py:137} INFO - [2025-02-08T22:21:02.272+0000] {dag.py:2690} INFO - Sync 1 DAGs
[2025-02-08T22:21:02.296+0000] {logging_mixin.py:137} INFO - [2025-02-08T22:21:02.296+0000] {dag.py:3441} INFO - Setting next_dagrun for example_dag_decorator to None, run_after=None
[2025-02-08T22:21:02.325+0000] {processor.py:175} INFO - Processing /home/airflow/.local/lib/python3.7/site-packages/airflow/example_dags/example_dag_decorator.py took 0.161 seconds
[2025-02-08T22:21:32.646+0000] {processor.py:153} INFO - Started process (PID=2400) to work on /home/airflow/.local/lib/python3.7/site-packages/airflow/example_dags/example_dag_decorator.py
[2025-02-08T22:21:32.648+0000] {processor.py:743} INFO - Processing file /home/airflow/.local/lib/python3.7/site-packages/airflow/example_dags/example_dag_decorator.py for tasks to queue
[2025-02-08T22:21:32.648+0000] {logging_mixin.py:137} INFO - [2025-02-08T22:21:32.648+0000] {dagbag.py:538} INFO - Filling up the DagBag from /home/airflow/.local/lib/python3.7/site-packages/airflow/example_dags/example_dag_decorator.py
[2025-02-08T22:21:32.665+0000] {logging_mixin.py:137} INFO - [2025-02-08T22:21:32.665+0000] {taskmixin.py:205} WARNING - Dependency <Task(_PythonDecoratedOperator): prepare_email>, send_email already registered for DAG: example_dag_decorator
[2025-02-08T22:21:32.666+0000] {logging_mixin.py:137} INFO - [2025-02-08T22:21:32.666+0000] {taskmixin.py:205} WARNING - Dependency <Task(EmailOperator): send_email>, prepare_email already registered for DAG: example_dag_decorator
[2025-02-08T22:21:32.682+0000] {processor.py:753} INFO - DAG(s) dict_keys(['example_dag_decorator']) retrieved from /home/airflow/.local/lib/python3.7/site-packages/airflow/example_dags/example_dag_decorator.py
[2025-02-08T22:21:32.751+0000] {logging_mixin.py:137} INFO - [2025-02-08T22:21:32.751+0000] {dag.py:2690} INFO - Sync 1 DAGs
[2025-02-08T22:21:32.779+0000] {logging_mixin.py:137} INFO - [2025-02-08T22:21:32.779+0000] {dag.py:3441} INFO - Setting next_dagrun for example_dag_decorator to None, run_after=None
[2025-02-08T22:21:32.807+0000] {processor.py:175} INFO - Processing /home/airflow/.local/lib/python3.7/site-packages/airflow/example_dags/example_dag_decorator.py took 0.164 seconds
[2025-02-08T22:22:03.071+0000] {processor.py:153} INFO - Started process (PID=2471) to work on /home/airflow/.local/lib/python3.7/site-packages/airflow/example_dags/example_dag_decorator.py
[2025-02-08T22:22:03.072+0000] {processor.py:743} INFO - Processing file /home/airflow/.local/lib/python3.7/site-packages/airflow/example_dags/example_dag_decorator.py for tasks to queue
[2025-02-08T22:22:03.072+0000] {logging_mixin.py:137} INFO - [2025-02-08T22:22:03.072+0000] {dagbag.py:538} INFO - Filling up the DagBag from /home/airflow/.local/lib/python3.7/site-packages/airflow/example_dags/example_dag_decorator.py
[2025-02-08T22:22:03.087+0000] {logging_mixin.py:137} INFO - [2025-02-08T22:22:03.087+0000] {taskmixin.py:205} WARNING - Dependency <Task(_PythonDecoratedOperator): prepare_email>, send_email already registered for DAG: example_dag_decorator
[2025-02-08T22:22:03.088+0000] {logging_mixin.py:137} INFO - [2025-02-08T22:22:03.088+0000] {taskmixin.py:205} WARNING - Dependency <Task(EmailOperator): send_email>, prepare_email already registered for DAG: example_dag_decorator
[2025-02-08T22:22:03.099+0000] {processor.py:753} INFO - DAG(s) dict_keys(['example_dag_decorator']) retrieved from /home/airflow/.local/lib/python3.7/site-packages/airflow/example_dags/example_dag_decorator.py
[2025-02-08T22:22:03.172+0000] {logging_mixin.py:137} INFO - [2025-02-08T22:22:03.172+0000] {dag.py:2690} INFO - Sync 1 DAGs
[2025-02-08T22:22:03.197+0000] {logging_mixin.py:137} INFO - [2025-02-08T22:22:03.197+0000] {dag.py:3441} INFO - Setting next_dagrun for example_dag_decorator to None, run_after=None
[2025-02-08T22:22:03.221+0000] {processor.py:175} INFO - Processing /home/airflow/.local/lib/python3.7/site-packages/airflow/example_dags/example_dag_decorator.py took 0.153 seconds
[2025-02-08T22:22:33.672+0000] {processor.py:153} INFO - Started process (PID=2542) to work on /home/airflow/.local/lib/python3.7/site-packages/airflow/example_dags/example_dag_decorator.py
[2025-02-08T22:22:33.673+0000] {processor.py:743} INFO - Processing file /home/airflow/.local/lib/python3.7/site-packages/airflow/example_dags/example_dag_decorator.py for tasks to queue
[2025-02-08T22:22:33.674+0000] {logging_mixin.py:137} INFO - [2025-02-08T22:22:33.674+0000] {dagbag.py:538} INFO - Filling up the DagBag from /home/airflow/.local/lib/python3.7/site-packages/airflow/example_dags/example_dag_decorator.py
[2025-02-08T22:22:33.689+0000] {logging_mixin.py:137} INFO - [2025-02-08T22:22:33.689+0000] {taskmixin.py:205} WARNING - Dependency <Task(_PythonDecoratedOperator): prepare_email>, send_email already registered for DAG: example_dag_decorator
[2025-02-08T22:22:33.690+0000] {logging_mixin.py:137} INFO - [2025-02-08T22:22:33.690+0000] {taskmixin.py:205} WARNING - Dependency <Task(EmailOperator): send_email>, prepare_email already registered for DAG: example_dag_decorator
[2025-02-08T22:22:33.716+0000] {processor.py:753} INFO - DAG(s) dict_keys(['example_dag_decorator']) retrieved from /home/airflow/.local/lib/python3.7/site-packages/airflow/example_dags/example_dag_decorator.py
[2025-02-08T22:22:33.791+0000] {logging_mixin.py:137} INFO - [2025-02-08T22:22:33.791+0000] {dag.py:2690} INFO - Sync 1 DAGs
[2025-02-08T22:22:33.814+0000] {logging_mixin.py:137} INFO - [2025-02-08T22:22:33.814+0000] {dag.py:3441} INFO - Setting next_dagrun for example_dag_decorator to None, run_after=None
[2025-02-08T22:22:33.842+0000] {processor.py:175} INFO - Processing /home/airflow/.local/lib/python3.7/site-packages/airflow/example_dags/example_dag_decorator.py took 0.173 seconds
[2025-02-08T22:23:04.532+0000] {processor.py:153} INFO - Started process (PID=2629) to work on /home/airflow/.local/lib/python3.7/site-packages/airflow/example_dags/example_dag_decorator.py
[2025-02-08T22:23:04.535+0000] {processor.py:743} INFO - Processing file /home/airflow/.local/lib/python3.7/site-packages/airflow/example_dags/example_dag_decorator.py for tasks to queue
[2025-02-08T22:23:04.542+0000] {logging_mixin.py:137} INFO - [2025-02-08T22:23:04.541+0000] {dagbag.py:538} INFO - Filling up the DagBag from /home/airflow/.local/lib/python3.7/site-packages/airflow/example_dags/example_dag_decorator.py
[2025-02-08T22:23:04.585+0000] {logging_mixin.py:137} INFO - [2025-02-08T22:23:04.585+0000] {taskmixin.py:205} WARNING - Dependency <Task(_PythonDecoratedOperator): prepare_email>, send_email already registered for DAG: example_dag_decorator
[2025-02-08T22:23:04.586+0000] {logging_mixin.py:137} INFO - [2025-02-08T22:23:04.586+0000] {taskmixin.py:205} WARNING - Dependency <Task(EmailOperator): send_email>, prepare_email already registered for DAG: example_dag_decorator
[2025-02-08T22:23:04.627+0000] {processor.py:753} INFO - DAG(s) dict_keys(['example_dag_decorator']) retrieved from /home/airflow/.local/lib/python3.7/site-packages/airflow/example_dags/example_dag_decorator.py
[2025-02-08T22:23:04.898+0000] {logging_mixin.py:137} INFO - [2025-02-08T22:23:04.898+0000] {dag.py:2690} INFO - Sync 1 DAGs
[2025-02-08T22:23:04.954+0000] {logging_mixin.py:137} INFO - [2025-02-08T22:23:04.953+0000] {dag.py:3441} INFO - Setting next_dagrun for example_dag_decorator to None, run_after=None
[2025-02-08T22:23:05.022+0000] {processor.py:175} INFO - Processing /home/airflow/.local/lib/python3.7/site-packages/airflow/example_dags/example_dag_decorator.py took 0.495 seconds
[2025-02-08T22:23:35.411+0000] {processor.py:153} INFO - Started process (PID=2709) to work on /home/airflow/.local/lib/python3.7/site-packages/airflow/example_dags/example_dag_decorator.py
[2025-02-08T22:23:35.413+0000] {processor.py:743} INFO - Processing file /home/airflow/.local/lib/python3.7/site-packages/airflow/example_dags/example_dag_decorator.py for tasks to queue
[2025-02-08T22:23:35.415+0000] {logging_mixin.py:137} INFO - [2025-02-08T22:23:35.414+0000] {dagbag.py:538} INFO - Filling up the DagBag from /home/airflow/.local/lib/python3.7/site-packages/airflow/example_dags/example_dag_decorator.py
[2025-02-08T22:23:35.442+0000] {logging_mixin.py:137} INFO - [2025-02-08T22:23:35.442+0000] {taskmixin.py:205} WARNING - Dependency <Task(_PythonDecoratedOperator): prepare_email>, send_email already registered for DAG: example_dag_decorator
[2025-02-08T22:23:35.443+0000] {logging_mixin.py:137} INFO - [2025-02-08T22:23:35.443+0000] {taskmixin.py:205} WARNING - Dependency <Task(EmailOperator): send_email>, prepare_email already registered for DAG: example_dag_decorator
[2025-02-08T22:23:35.464+0000] {processor.py:753} INFO - DAG(s) dict_keys(['example_dag_decorator']) retrieved from /home/airflow/.local/lib/python3.7/site-packages/airflow/example_dags/example_dag_decorator.py
[2025-02-08T22:23:35.597+0000] {logging_mixin.py:137} INFO - [2025-02-08T22:23:35.596+0000] {dag.py:2690} INFO - Sync 1 DAGs
[2025-02-08T22:23:35.649+0000] {logging_mixin.py:137} INFO - [2025-02-08T22:23:35.649+0000] {dag.py:3441} INFO - Setting next_dagrun for example_dag_decorator to None, run_after=None
[2025-02-08T22:23:35.689+0000] {processor.py:175} INFO - Processing /home/airflow/.local/lib/python3.7/site-packages/airflow/example_dags/example_dag_decorator.py took 0.284 seconds
[2025-02-08T22:24:06.283+0000] {processor.py:153} INFO - Started process (PID=2787) to work on /home/airflow/.local/lib/python3.7/site-packages/airflow/example_dags/example_dag_decorator.py
[2025-02-08T22:24:06.285+0000] {processor.py:743} INFO - Processing file /home/airflow/.local/lib/python3.7/site-packages/airflow/example_dags/example_dag_decorator.py for tasks to queue
[2025-02-08T22:24:06.287+0000] {logging_mixin.py:137} INFO - [2025-02-08T22:24:06.286+0000] {dagbag.py:538} INFO - Filling up the DagBag from /home/airflow/.local/lib/python3.7/site-packages/airflow/example_dags/example_dag_decorator.py
[2025-02-08T22:24:06.316+0000] {logging_mixin.py:137} INFO - [2025-02-08T22:24:06.315+0000] {taskmixin.py:205} WARNING - Dependency <Task(_PythonDecoratedOperator): prepare_email>, send_email already registered for DAG: example_dag_decorator
[2025-02-08T22:24:06.317+0000] {logging_mixin.py:137} INFO - [2025-02-08T22:24:06.317+0000] {taskmixin.py:205} WARNING - Dependency <Task(EmailOperator): send_email>, prepare_email already registered for DAG: example_dag_decorator
[2025-02-08T22:24:06.337+0000] {processor.py:753} INFO - DAG(s) dict_keys(['example_dag_decorator']) retrieved from /home/airflow/.local/lib/python3.7/site-packages/airflow/example_dags/example_dag_decorator.py
[2025-02-08T22:24:06.458+0000] {logging_mixin.py:137} INFO - [2025-02-08T22:24:06.457+0000] {dag.py:2690} INFO - Sync 1 DAGs
[2025-02-08T22:24:06.496+0000] {logging_mixin.py:137} INFO - [2025-02-08T22:24:06.495+0000] {dag.py:3441} INFO - Setting next_dagrun for example_dag_decorator to None, run_after=None
[2025-02-08T22:24:06.529+0000] {processor.py:175} INFO - Processing /home/airflow/.local/lib/python3.7/site-packages/airflow/example_dags/example_dag_decorator.py took 0.250 seconds
[2025-02-08T22:24:37.090+0000] {processor.py:153} INFO - Started process (PID=2858) to work on /home/airflow/.local/lib/python3.7/site-packages/airflow/example_dags/example_dag_decorator.py
[2025-02-08T22:24:37.092+0000] {processor.py:743} INFO - Processing file /home/airflow/.local/lib/python3.7/site-packages/airflow/example_dags/example_dag_decorator.py for tasks to queue
[2025-02-08T22:24:37.094+0000] {logging_mixin.py:137} INFO - [2025-02-08T22:24:37.093+0000] {dagbag.py:538} INFO - Filling up the DagBag from /home/airflow/.local/lib/python3.7/site-packages/airflow/example_dags/example_dag_decorator.py
[2025-02-08T22:24:37.173+0000] {logging_mixin.py:137} INFO - [2025-02-08T22:24:37.172+0000] {taskmixin.py:205} WARNING - Dependency <Task(_PythonDecoratedOperator): prepare_email>, send_email already registered for DAG: example_dag_decorator
[2025-02-08T22:24:37.173+0000] {logging_mixin.py:137} INFO - [2025-02-08T22:24:37.173+0000] {taskmixin.py:205} WARNING - Dependency <Task(EmailOperator): send_email>, prepare_email already registered for DAG: example_dag_decorator
[2025-02-08T22:24:37.285+0000] {processor.py:753} INFO - DAG(s) dict_keys(['example_dag_decorator']) retrieved from /home/airflow/.local/lib/python3.7/site-packages/airflow/example_dags/example_dag_decorator.py
[2025-02-08T22:24:37.850+0000] {logging_mixin.py:137} INFO - [2025-02-08T22:24:37.850+0000] {dag.py:2690} INFO - Sync 1 DAGs
[2025-02-08T22:24:37.914+0000] {logging_mixin.py:137} INFO - [2025-02-08T22:24:37.914+0000] {dag.py:3441} INFO - Setting next_dagrun for example_dag_decorator to None, run_after=None
[2025-02-08T22:24:38.200+0000] {processor.py:175} INFO - Processing /home/airflow/.local/lib/python3.7/site-packages/airflow/example_dags/example_dag_decorator.py took 1.115 seconds
[2025-02-08T22:25:08.676+0000] {processor.py:153} INFO - Started process (PID=2929) to work on /home/airflow/.local/lib/python3.7/site-packages/airflow/example_dags/example_dag_decorator.py
[2025-02-08T22:25:08.678+0000] {processor.py:743} INFO - Processing file /home/airflow/.local/lib/python3.7/site-packages/airflow/example_dags/example_dag_decorator.py for tasks to queue
[2025-02-08T22:25:08.679+0000] {logging_mixin.py:137} INFO - [2025-02-08T22:25:08.679+0000] {dagbag.py:538} INFO - Filling up the DagBag from /home/airflow/.local/lib/python3.7/site-packages/airflow/example_dags/example_dag_decorator.py
[2025-02-08T22:25:08.705+0000] {logging_mixin.py:137} INFO - [2025-02-08T22:25:08.705+0000] {taskmixin.py:205} WARNING - Dependency <Task(_PythonDecoratedOperator): prepare_email>, send_email already registered for DAG: example_dag_decorator
[2025-02-08T22:25:08.706+0000] {logging_mixin.py:137} INFO - [2025-02-08T22:25:08.705+0000] {taskmixin.py:205} WARNING - Dependency <Task(EmailOperator): send_email>, prepare_email already registered for DAG: example_dag_decorator
[2025-02-08T22:25:08.723+0000] {processor.py:753} INFO - DAG(s) dict_keys(['example_dag_decorator']) retrieved from /home/airflow/.local/lib/python3.7/site-packages/airflow/example_dags/example_dag_decorator.py
[2025-02-08T22:25:08.865+0000] {logging_mixin.py:137} INFO - [2025-02-08T22:25:08.864+0000] {dag.py:2690} INFO - Sync 1 DAGs
[2025-02-08T22:25:08.912+0000] {logging_mixin.py:137} INFO - [2025-02-08T22:25:08.912+0000] {dag.py:3441} INFO - Setting next_dagrun for example_dag_decorator to None, run_after=None
[2025-02-08T22:25:08.950+0000] {processor.py:175} INFO - Processing /home/airflow/.local/lib/python3.7/site-packages/airflow/example_dags/example_dag_decorator.py took 0.280 seconds
[2025-02-08T22:25:39.051+0000] {processor.py:153} INFO - Started process (PID=3016) to work on /home/airflow/.local/lib/python3.7/site-packages/airflow/example_dags/example_dag_decorator.py
[2025-02-08T22:25:39.052+0000] {processor.py:743} INFO - Processing file /home/airflow/.local/lib/python3.7/site-packages/airflow/example_dags/example_dag_decorator.py for tasks to queue
[2025-02-08T22:25:39.054+0000] {logging_mixin.py:137} INFO - [2025-02-08T22:25:39.053+0000] {dagbag.py:538} INFO - Filling up the DagBag from /home/airflow/.local/lib/python3.7/site-packages/airflow/example_dags/example_dag_decorator.py
[2025-02-08T22:25:39.077+0000] {logging_mixin.py:137} INFO - [2025-02-08T22:25:39.077+0000] {taskmixin.py:205} WARNING - Dependency <Task(_PythonDecoratedOperator): prepare_email>, send_email already registered for DAG: example_dag_decorator
[2025-02-08T22:25:39.078+0000] {logging_mixin.py:137} INFO - [2025-02-08T22:25:39.078+0000] {taskmixin.py:205} WARNING - Dependency <Task(EmailOperator): send_email>, prepare_email already registered for DAG: example_dag_decorator
[2025-02-08T22:25:39.095+0000] {processor.py:753} INFO - DAG(s) dict_keys(['example_dag_decorator']) retrieved from /home/airflow/.local/lib/python3.7/site-packages/airflow/example_dags/example_dag_decorator.py
[2025-02-08T22:25:39.208+0000] {logging_mixin.py:137} INFO - [2025-02-08T22:25:39.207+0000] {dag.py:2690} INFO - Sync 1 DAGs
[2025-02-08T22:25:39.248+0000] {logging_mixin.py:137} INFO - [2025-02-08T22:25:39.248+0000] {dag.py:3441} INFO - Setting next_dagrun for example_dag_decorator to None, run_after=None
[2025-02-08T22:25:39.279+0000] {processor.py:175} INFO - Processing /home/airflow/.local/lib/python3.7/site-packages/airflow/example_dags/example_dag_decorator.py took 0.234 seconds
[2025-02-08T22:26:09.599+0000] {processor.py:153} INFO - Started process (PID=3088) to work on /home/airflow/.local/lib/python3.7/site-packages/airflow/example_dags/example_dag_decorator.py
[2025-02-08T22:26:09.600+0000] {processor.py:743} INFO - Processing file /home/airflow/.local/lib/python3.7/site-packages/airflow/example_dags/example_dag_decorator.py for tasks to queue
[2025-02-08T22:26:09.601+0000] {logging_mixin.py:137} INFO - [2025-02-08T22:26:09.601+0000] {dagbag.py:538} INFO - Filling up the DagBag from /home/airflow/.local/lib/python3.7/site-packages/airflow/example_dags/example_dag_decorator.py
[2025-02-08T22:26:09.618+0000] {logging_mixin.py:137} INFO - [2025-02-08T22:26:09.618+0000] {taskmixin.py:205} WARNING - Dependency <Task(_PythonDecoratedOperator): prepare_email>, send_email already registered for DAG: example_dag_decorator
[2025-02-08T22:26:09.619+0000] {logging_mixin.py:137} INFO - [2025-02-08T22:26:09.619+0000] {taskmixin.py:205} WARNING - Dependency <Task(EmailOperator): send_email>, prepare_email already registered for DAG: example_dag_decorator
[2025-02-08T22:26:09.631+0000] {processor.py:753} INFO - DAG(s) dict_keys(['example_dag_decorator']) retrieved from /home/airflow/.local/lib/python3.7/site-packages/airflow/example_dags/example_dag_decorator.py
[2025-02-08T22:26:09.719+0000] {logging_mixin.py:137} INFO - [2025-02-08T22:26:09.718+0000] {dag.py:2690} INFO - Sync 1 DAGs
[2025-02-08T22:26:09.754+0000] {logging_mixin.py:137} INFO - [2025-02-08T22:26:09.754+0000] {dag.py:3441} INFO - Setting next_dagrun for example_dag_decorator to None, run_after=None
[2025-02-08T22:26:09.790+0000] {processor.py:175} INFO - Processing /home/airflow/.local/lib/python3.7/site-packages/airflow/example_dags/example_dag_decorator.py took 0.195 seconds
[2025-02-08T22:26:40.388+0000] {processor.py:153} INFO - Started process (PID=3160) to work on /home/airflow/.local/lib/python3.7/site-packages/airflow/example_dags/example_dag_decorator.py
[2025-02-08T22:26:40.389+0000] {processor.py:743} INFO - Processing file /home/airflow/.local/lib/python3.7/site-packages/airflow/example_dags/example_dag_decorator.py for tasks to queue
[2025-02-08T22:26:40.390+0000] {logging_mixin.py:137} INFO - [2025-02-08T22:26:40.390+0000] {dagbag.py:538} INFO - Filling up the DagBag from /home/airflow/.local/lib/python3.7/site-packages/airflow/example_dags/example_dag_decorator.py
[2025-02-08T22:26:40.405+0000] {logging_mixin.py:137} INFO - [2025-02-08T22:26:40.405+0000] {taskmixin.py:205} WARNING - Dependency <Task(_PythonDecoratedOperator): prepare_email>, send_email already registered for DAG: example_dag_decorator
[2025-02-08T22:26:40.406+0000] {logging_mixin.py:137} INFO - [2025-02-08T22:26:40.406+0000] {taskmixin.py:205} WARNING - Dependency <Task(EmailOperator): send_email>, prepare_email already registered for DAG: example_dag_decorator
[2025-02-08T22:26:40.418+0000] {processor.py:753} INFO - DAG(s) dict_keys(['example_dag_decorator']) retrieved from /home/airflow/.local/lib/python3.7/site-packages/airflow/example_dags/example_dag_decorator.py
[2025-02-08T22:26:40.483+0000] {logging_mixin.py:137} INFO - [2025-02-08T22:26:40.483+0000] {dag.py:2690} INFO - Sync 1 DAGs
[2025-02-08T22:26:40.508+0000] {logging_mixin.py:137} INFO - [2025-02-08T22:26:40.507+0000] {dag.py:3441} INFO - Setting next_dagrun for example_dag_decorator to None, run_after=None
[2025-02-08T22:26:40.535+0000] {processor.py:175} INFO - Processing /home/airflow/.local/lib/python3.7/site-packages/airflow/example_dags/example_dag_decorator.py took 0.150 seconds
[2025-02-08T22:27:11.243+0000] {processor.py:153} INFO - Started process (PID=3248) to work on /home/airflow/.local/lib/python3.7/site-packages/airflow/example_dags/example_dag_decorator.py
[2025-02-08T22:27:11.244+0000] {processor.py:743} INFO - Processing file /home/airflow/.local/lib/python3.7/site-packages/airflow/example_dags/example_dag_decorator.py for tasks to queue
[2025-02-08T22:27:11.246+0000] {logging_mixin.py:137} INFO - [2025-02-08T22:27:11.245+0000] {dagbag.py:538} INFO - Filling up the DagBag from /home/airflow/.local/lib/python3.7/site-packages/airflow/example_dags/example_dag_decorator.py
[2025-02-08T22:27:11.271+0000] {logging_mixin.py:137} INFO - [2025-02-08T22:27:11.271+0000] {taskmixin.py:205} WARNING - Dependency <Task(_PythonDecoratedOperator): prepare_email>, send_email already registered for DAG: example_dag_decorator
[2025-02-08T22:27:11.272+0000] {logging_mixin.py:137} INFO - [2025-02-08T22:27:11.271+0000] {taskmixin.py:205} WARNING - Dependency <Task(EmailOperator): send_email>, prepare_email already registered for DAG: example_dag_decorator
[2025-02-08T22:27:11.292+0000] {processor.py:753} INFO - DAG(s) dict_keys(['example_dag_decorator']) retrieved from /home/airflow/.local/lib/python3.7/site-packages/airflow/example_dags/example_dag_decorator.py
[2025-02-08T22:27:11.417+0000] {logging_mixin.py:137} INFO - [2025-02-08T22:27:11.417+0000] {dag.py:2690} INFO - Sync 1 DAGs
[2025-02-08T22:27:11.466+0000] {logging_mixin.py:137} INFO - [2025-02-08T22:27:11.466+0000] {dag.py:3441} INFO - Setting next_dagrun for example_dag_decorator to None, run_after=None
[2025-02-08T22:27:11.507+0000] {processor.py:175} INFO - Processing /home/airflow/.local/lib/python3.7/site-packages/airflow/example_dags/example_dag_decorator.py took 0.268 seconds
[2025-02-08T22:27:42.187+0000] {processor.py:153} INFO - Started process (PID=3320) to work on /home/airflow/.local/lib/python3.7/site-packages/airflow/example_dags/example_dag_decorator.py
[2025-02-08T22:27:42.188+0000] {processor.py:743} INFO - Processing file /home/airflow/.local/lib/python3.7/site-packages/airflow/example_dags/example_dag_decorator.py for tasks to queue
[2025-02-08T22:27:42.189+0000] {logging_mixin.py:137} INFO - [2025-02-08T22:27:42.189+0000] {dagbag.py:538} INFO - Filling up the DagBag from /home/airflow/.local/lib/python3.7/site-packages/airflow/example_dags/example_dag_decorator.py
[2025-02-08T22:27:42.208+0000] {logging_mixin.py:137} INFO - [2025-02-08T22:27:42.208+0000] {taskmixin.py:205} WARNING - Dependency <Task(_PythonDecoratedOperator): prepare_email>, send_email already registered for DAG: example_dag_decorator
[2025-02-08T22:27:42.209+0000] {logging_mixin.py:137} INFO - [2025-02-08T22:27:42.209+0000] {taskmixin.py:205} WARNING - Dependency <Task(EmailOperator): send_email>, prepare_email already registered for DAG: example_dag_decorator
[2025-02-08T22:27:42.222+0000] {processor.py:753} INFO - DAG(s) dict_keys(['example_dag_decorator']) retrieved from /home/airflow/.local/lib/python3.7/site-packages/airflow/example_dags/example_dag_decorator.py
[2025-02-08T22:27:42.303+0000] {logging_mixin.py:137} INFO - [2025-02-08T22:27:42.303+0000] {dag.py:2690} INFO - Sync 1 DAGs
[2025-02-08T22:27:42.336+0000] {logging_mixin.py:137} INFO - [2025-02-08T22:27:42.335+0000] {dag.py:3441} INFO - Setting next_dagrun for example_dag_decorator to None, run_after=None
[2025-02-08T22:27:42.363+0000] {processor.py:175} INFO - Processing /home/airflow/.local/lib/python3.7/site-packages/airflow/example_dags/example_dag_decorator.py took 0.180 seconds
