[2025-02-08T22:06:12.017+0000] {processor.py:153} INFO - Started process (PID=95) to work on /home/airflow/.local/lib/python3.7/site-packages/airflow/example_dags/example_branch_labels.py
[2025-02-08T22:06:12.019+0000] {processor.py:743} INFO - Processing file /home/airflow/.local/lib/python3.7/site-packages/airflow/example_dags/example_branch_labels.py for tasks to queue
[2025-02-08T22:06:12.022+0000] {logging_mixin.py:137} INFO - [2025-02-08T22:06:12.020+0000] {dagbag.py:538} INFO - Filling up the DagBag from /home/airflow/.local/lib/python3.7/site-packages/airflow/example_dags/example_branch_labels.py
[2025-02-08T22:06:12.167+0000] {processor.py:753} INFO - DAG(s) dict_keys(['example_branch_labels']) retrieved from /home/airflow/.local/lib/python3.7/site-packages/airflow/example_dags/example_branch_labels.py
[2025-02-08T22:06:12.477+0000] {logging_mixin.py:137} INFO - [2025-02-08T22:06:12.477+0000] {dag.py:2690} INFO - Sync 1 DAGs
[2025-02-08T22:06:12.645+0000] {logging_mixin.py:137} INFO - [2025-02-08T22:06:12.645+0000] {dag.py:3441} INFO - Setting next_dagrun for example_branch_labels to 2025-02-07T00:00:00+00:00, run_after=2025-02-08T00:00:00+00:00
[2025-02-08T22:06:12.741+0000] {processor.py:175} INFO - Processing /home/airflow/.local/lib/python3.7/site-packages/airflow/example_dags/example_branch_labels.py took 0.751 seconds
[2025-02-08T22:06:43.342+0000] {processor.py:153} INFO - Started process (PID=157) to work on /home/airflow/.local/lib/python3.7/site-packages/airflow/example_dags/example_branch_labels.py
[2025-02-08T22:06:43.343+0000] {processor.py:743} INFO - Processing file /home/airflow/.local/lib/python3.7/site-packages/airflow/example_dags/example_branch_labels.py for tasks to queue
[2025-02-08T22:06:43.344+0000] {logging_mixin.py:137} INFO - [2025-02-08T22:06:43.344+0000] {dagbag.py:538} INFO - Filling up the DagBag from /home/airflow/.local/lib/python3.7/site-packages/airflow/example_dags/example_branch_labels.py
[2025-02-08T22:06:43.365+0000] {processor.py:753} INFO - DAG(s) dict_keys(['example_branch_labels']) retrieved from /home/airflow/.local/lib/python3.7/site-packages/airflow/example_dags/example_branch_labels.py
[2025-02-08T22:06:43.397+0000] {logging_mixin.py:137} INFO - [2025-02-08T22:06:43.397+0000] {dag.py:2690} INFO - Sync 1 DAGs
[2025-02-08T22:06:43.427+0000] {logging_mixin.py:137} INFO - [2025-02-08T22:06:43.427+0000] {dag.py:3441} INFO - Setting next_dagrun for example_branch_labels to 2025-02-07T00:00:00+00:00, run_after=2025-02-08T00:00:00+00:00
[2025-02-08T22:06:43.451+0000] {processor.py:175} INFO - Processing /home/airflow/.local/lib/python3.7/site-packages/airflow/example_dags/example_branch_labels.py took 0.112 seconds
[2025-02-08T22:07:14.138+0000] {processor.py:153} INFO - Started process (PID=244) to work on /home/airflow/.local/lib/python3.7/site-packages/airflow/example_dags/example_branch_labels.py
[2025-02-08T22:07:14.140+0000] {processor.py:743} INFO - Processing file /home/airflow/.local/lib/python3.7/site-packages/airflow/example_dags/example_branch_labels.py for tasks to queue
[2025-02-08T22:07:14.142+0000] {logging_mixin.py:137} INFO - [2025-02-08T22:07:14.141+0000] {dagbag.py:538} INFO - Filling up the DagBag from /home/airflow/.local/lib/python3.7/site-packages/airflow/example_dags/example_branch_labels.py
[2025-02-08T22:07:14.175+0000] {processor.py:753} INFO - DAG(s) dict_keys(['example_branch_labels']) retrieved from /home/airflow/.local/lib/python3.7/site-packages/airflow/example_dags/example_branch_labels.py
[2025-02-08T22:07:14.215+0000] {logging_mixin.py:137} INFO - [2025-02-08T22:07:14.215+0000] {dag.py:2690} INFO - Sync 1 DAGs
[2025-02-08T22:07:14.258+0000] {logging_mixin.py:137} INFO - [2025-02-08T22:07:14.258+0000] {dag.py:3441} INFO - Setting next_dagrun for example_branch_labels to 2025-02-07T00:00:00+00:00, run_after=2025-02-08T00:00:00+00:00
[2025-02-08T22:07:14.825+0000] {processor.py:175} INFO - Processing /home/airflow/.local/lib/python3.7/site-packages/airflow/example_dags/example_branch_labels.py took 0.693 seconds
[2025-02-08T22:07:45.468+0000] {processor.py:153} INFO - Started process (PID=315) to work on /home/airflow/.local/lib/python3.7/site-packages/airflow/example_dags/example_branch_labels.py
[2025-02-08T22:07:45.469+0000] {processor.py:743} INFO - Processing file /home/airflow/.local/lib/python3.7/site-packages/airflow/example_dags/example_branch_labels.py for tasks to queue
[2025-02-08T22:07:45.470+0000] {logging_mixin.py:137} INFO - [2025-02-08T22:07:45.470+0000] {dagbag.py:538} INFO - Filling up the DagBag from /home/airflow/.local/lib/python3.7/site-packages/airflow/example_dags/example_branch_labels.py
[2025-02-08T22:07:45.483+0000] {processor.py:753} INFO - DAG(s) dict_keys(['example_branch_labels']) retrieved from /home/airflow/.local/lib/python3.7/site-packages/airflow/example_dags/example_branch_labels.py
[2025-02-08T22:07:45.508+0000] {logging_mixin.py:137} INFO - [2025-02-08T22:07:45.508+0000] {dag.py:2690} INFO - Sync 1 DAGs
[2025-02-08T22:07:45.537+0000] {logging_mixin.py:137} INFO - [2025-02-08T22:07:45.537+0000] {dag.py:3441} INFO - Setting next_dagrun for example_branch_labels to 2025-02-07T00:00:00+00:00, run_after=2025-02-08T00:00:00+00:00
[2025-02-08T22:07:45.560+0000] {processor.py:175} INFO - Processing /home/airflow/.local/lib/python3.7/site-packages/airflow/example_dags/example_branch_labels.py took 0.095 seconds
[2025-02-08T22:08:15.994+0000] {processor.py:153} INFO - Started process (PID=402) to work on /home/airflow/.local/lib/python3.7/site-packages/airflow/example_dags/example_branch_labels.py
[2025-02-08T22:08:15.995+0000] {processor.py:743} INFO - Processing file /home/airflow/.local/lib/python3.7/site-packages/airflow/example_dags/example_branch_labels.py for tasks to queue
[2025-02-08T22:08:15.996+0000] {logging_mixin.py:137} INFO - [2025-02-08T22:08:15.996+0000] {dagbag.py:538} INFO - Filling up the DagBag from /home/airflow/.local/lib/python3.7/site-packages/airflow/example_dags/example_branch_labels.py
[2025-02-08T22:08:16.010+0000] {processor.py:753} INFO - DAG(s) dict_keys(['example_branch_labels']) retrieved from /home/airflow/.local/lib/python3.7/site-packages/airflow/example_dags/example_branch_labels.py
[2025-02-08T22:08:16.038+0000] {logging_mixin.py:137} INFO - [2025-02-08T22:08:16.038+0000] {dag.py:2690} INFO - Sync 1 DAGs
[2025-02-08T22:08:16.069+0000] {logging_mixin.py:137} INFO - [2025-02-08T22:08:16.069+0000] {dag.py:3441} INFO - Setting next_dagrun for example_branch_labels to 2025-02-07T00:00:00+00:00, run_after=2025-02-08T00:00:00+00:00
[2025-02-08T22:08:16.095+0000] {processor.py:175} INFO - Processing /home/airflow/.local/lib/python3.7/site-packages/airflow/example_dags/example_branch_labels.py took 0.105 seconds
[2025-02-08T22:08:46.168+0000] {processor.py:153} INFO - Started process (PID=473) to work on /home/airflow/.local/lib/python3.7/site-packages/airflow/example_dags/example_branch_labels.py
[2025-02-08T22:08:46.170+0000] {processor.py:743} INFO - Processing file /home/airflow/.local/lib/python3.7/site-packages/airflow/example_dags/example_branch_labels.py for tasks to queue
[2025-02-08T22:08:46.171+0000] {logging_mixin.py:137} INFO - [2025-02-08T22:08:46.171+0000] {dagbag.py:538} INFO - Filling up the DagBag from /home/airflow/.local/lib/python3.7/site-packages/airflow/example_dags/example_branch_labels.py
[2025-02-08T22:08:46.189+0000] {processor.py:753} INFO - DAG(s) dict_keys(['example_branch_labels']) retrieved from /home/airflow/.local/lib/python3.7/site-packages/airflow/example_dags/example_branch_labels.py
[2025-02-08T22:08:46.225+0000] {logging_mixin.py:137} INFO - [2025-02-08T22:08:46.224+0000] {dag.py:2690} INFO - Sync 1 DAGs
[2025-02-08T22:08:46.258+0000] {logging_mixin.py:137} INFO - [2025-02-08T22:08:46.258+0000] {dag.py:3441} INFO - Setting next_dagrun for example_branch_labels to 2025-02-07T00:00:00+00:00, run_after=2025-02-08T00:00:00+00:00
[2025-02-08T22:08:46.289+0000] {processor.py:175} INFO - Processing /home/airflow/.local/lib/python3.7/site-packages/airflow/example_dags/example_branch_labels.py took 0.126 seconds
[2025-02-08T22:09:16.470+0000] {processor.py:153} INFO - Started process (PID=544) to work on /home/airflow/.local/lib/python3.7/site-packages/airflow/example_dags/example_branch_labels.py
[2025-02-08T22:09:16.471+0000] {processor.py:743} INFO - Processing file /home/airflow/.local/lib/python3.7/site-packages/airflow/example_dags/example_branch_labels.py for tasks to queue
[2025-02-08T22:09:16.472+0000] {logging_mixin.py:137} INFO - [2025-02-08T22:09:16.472+0000] {dagbag.py:538} INFO - Filling up the DagBag from /home/airflow/.local/lib/python3.7/site-packages/airflow/example_dags/example_branch_labels.py
[2025-02-08T22:09:16.498+0000] {processor.py:753} INFO - DAG(s) dict_keys(['example_branch_labels']) retrieved from /home/airflow/.local/lib/python3.7/site-packages/airflow/example_dags/example_branch_labels.py
[2025-02-08T22:09:16.536+0000] {logging_mixin.py:137} INFO - [2025-02-08T22:09:16.535+0000] {dag.py:2690} INFO - Sync 1 DAGs
[2025-02-08T22:09:16.585+0000] {logging_mixin.py:137} INFO - [2025-02-08T22:09:16.585+0000] {dag.py:3441} INFO - Setting next_dagrun for example_branch_labels to 2025-02-07T00:00:00+00:00, run_after=2025-02-08T00:00:00+00:00
[2025-02-08T22:09:16.609+0000] {processor.py:175} INFO - Processing /home/airflow/.local/lib/python3.7/site-packages/airflow/example_dags/example_branch_labels.py took 0.142 seconds
[2025-02-08T22:09:47.180+0000] {processor.py:153} INFO - Started process (PID=631) to work on /home/airflow/.local/lib/python3.7/site-packages/airflow/example_dags/example_branch_labels.py
[2025-02-08T22:09:47.182+0000] {processor.py:743} INFO - Processing file /home/airflow/.local/lib/python3.7/site-packages/airflow/example_dags/example_branch_labels.py for tasks to queue
[2025-02-08T22:09:47.183+0000] {logging_mixin.py:137} INFO - [2025-02-08T22:09:47.183+0000] {dagbag.py:538} INFO - Filling up the DagBag from /home/airflow/.local/lib/python3.7/site-packages/airflow/example_dags/example_branch_labels.py
[2025-02-08T22:09:47.198+0000] {processor.py:753} INFO - DAG(s) dict_keys(['example_branch_labels']) retrieved from /home/airflow/.local/lib/python3.7/site-packages/airflow/example_dags/example_branch_labels.py
[2025-02-08T22:09:47.230+0000] {logging_mixin.py:137} INFO - [2025-02-08T22:09:47.229+0000] {dag.py:2690} INFO - Sync 1 DAGs
[2025-02-08T22:09:47.257+0000] {logging_mixin.py:137} INFO - [2025-02-08T22:09:47.257+0000] {dag.py:3441} INFO - Setting next_dagrun for example_branch_labels to 2025-02-07T00:00:00+00:00, run_after=2025-02-08T00:00:00+00:00
[2025-02-08T22:09:47.283+0000] {processor.py:175} INFO - Processing /home/airflow/.local/lib/python3.7/site-packages/airflow/example_dags/example_branch_labels.py took 0.107 seconds
[2025-02-08T22:10:17.875+0000] {processor.py:153} INFO - Started process (PID=702) to work on /home/airflow/.local/lib/python3.7/site-packages/airflow/example_dags/example_branch_labels.py
[2025-02-08T22:10:17.880+0000] {processor.py:743} INFO - Processing file /home/airflow/.local/lib/python3.7/site-packages/airflow/example_dags/example_branch_labels.py for tasks to queue
[2025-02-08T22:10:17.889+0000] {logging_mixin.py:137} INFO - [2025-02-08T22:10:17.888+0000] {dagbag.py:538} INFO - Filling up the DagBag from /home/airflow/.local/lib/python3.7/site-packages/airflow/example_dags/example_branch_labels.py
[2025-02-08T22:10:17.904+0000] {processor.py:753} INFO - DAG(s) dict_keys(['example_branch_labels']) retrieved from /home/airflow/.local/lib/python3.7/site-packages/airflow/example_dags/example_branch_labels.py
[2025-02-08T22:10:17.932+0000] {logging_mixin.py:137} INFO - [2025-02-08T22:10:17.932+0000] {dag.py:2690} INFO - Sync 1 DAGs
[2025-02-08T22:10:17.960+0000] {logging_mixin.py:137} INFO - [2025-02-08T22:10:17.959+0000] {dag.py:3441} INFO - Setting next_dagrun for example_branch_labels to 2025-02-07T00:00:00+00:00, run_after=2025-02-08T00:00:00+00:00
[2025-02-08T22:10:17.998+0000] {processor.py:175} INFO - Processing /home/airflow/.local/lib/python3.7/site-packages/airflow/example_dags/example_branch_labels.py took 0.126 seconds
[2025-02-08T22:10:48.186+0000] {processor.py:153} INFO - Started process (PID=789) to work on /home/airflow/.local/lib/python3.7/site-packages/airflow/example_dags/example_branch_labels.py
[2025-02-08T22:10:48.187+0000] {processor.py:743} INFO - Processing file /home/airflow/.local/lib/python3.7/site-packages/airflow/example_dags/example_branch_labels.py for tasks to queue
[2025-02-08T22:10:48.188+0000] {logging_mixin.py:137} INFO - [2025-02-08T22:10:48.187+0000] {dagbag.py:538} INFO - Filling up the DagBag from /home/airflow/.local/lib/python3.7/site-packages/airflow/example_dags/example_branch_labels.py
[2025-02-08T22:10:48.201+0000] {processor.py:753} INFO - DAG(s) dict_keys(['example_branch_labels']) retrieved from /home/airflow/.local/lib/python3.7/site-packages/airflow/example_dags/example_branch_labels.py
[2025-02-08T22:10:48.226+0000] {logging_mixin.py:137} INFO - [2025-02-08T22:10:48.226+0000] {dag.py:2690} INFO - Sync 1 DAGs
[2025-02-08T22:10:48.252+0000] {logging_mixin.py:137} INFO - [2025-02-08T22:10:48.252+0000] {dag.py:3441} INFO - Setting next_dagrun for example_branch_labels to 2025-02-07T00:00:00+00:00, run_after=2025-02-08T00:00:00+00:00
[2025-02-08T22:10:48.277+0000] {processor.py:175} INFO - Processing /home/airflow/.local/lib/python3.7/site-packages/airflow/example_dags/example_branch_labels.py took 0.094 seconds
[2025-02-08T22:11:23.212+0000] {processor.py:153} INFO - Started process (PID=860) to work on /home/airflow/.local/lib/python3.7/site-packages/airflow/example_dags/example_branch_labels.py
[2025-02-08T22:11:23.213+0000] {processor.py:743} INFO - Processing file /home/airflow/.local/lib/python3.7/site-packages/airflow/example_dags/example_branch_labels.py for tasks to queue
[2025-02-08T22:11:23.215+0000] {logging_mixin.py:137} INFO - [2025-02-08T22:11:23.215+0000] {dagbag.py:538} INFO - Filling up the DagBag from /home/airflow/.local/lib/python3.7/site-packages/airflow/example_dags/example_branch_labels.py
[2025-02-08T22:11:23.243+0000] {processor.py:753} INFO - DAG(s) dict_keys(['example_branch_labels']) retrieved from /home/airflow/.local/lib/python3.7/site-packages/airflow/example_dags/example_branch_labels.py
[2025-02-08T22:11:23.349+0000] {logging_mixin.py:137} INFO - [2025-02-08T22:11:23.348+0000] {dag.py:2690} INFO - Sync 1 DAGs
[2025-02-08T22:11:23.419+0000] {logging_mixin.py:137} INFO - [2025-02-08T22:11:23.419+0000] {dag.py:3441} INFO - Setting next_dagrun for example_branch_labels to 2025-02-07T00:00:00+00:00, run_after=2025-02-08T00:00:00+00:00
[2025-02-08T22:11:23.465+0000] {processor.py:175} INFO - Processing /home/airflow/.local/lib/python3.7/site-packages/airflow/example_dags/example_branch_labels.py took 0.259 seconds
[2025-02-08T22:11:53.691+0000] {processor.py:153} INFO - Started process (PID=947) to work on /home/airflow/.local/lib/python3.7/site-packages/airflow/example_dags/example_branch_labels.py
[2025-02-08T22:11:53.692+0000] {processor.py:743} INFO - Processing file /home/airflow/.local/lib/python3.7/site-packages/airflow/example_dags/example_branch_labels.py for tasks to queue
[2025-02-08T22:11:53.693+0000] {logging_mixin.py:137} INFO - [2025-02-08T22:11:53.693+0000] {dagbag.py:538} INFO - Filling up the DagBag from /home/airflow/.local/lib/python3.7/site-packages/airflow/example_dags/example_branch_labels.py
[2025-02-08T22:11:53.714+0000] {processor.py:753} INFO - DAG(s) dict_keys(['example_branch_labels']) retrieved from /home/airflow/.local/lib/python3.7/site-packages/airflow/example_dags/example_branch_labels.py
[2025-02-08T22:11:53.749+0000] {logging_mixin.py:137} INFO - [2025-02-08T22:11:53.749+0000] {dag.py:2690} INFO - Sync 1 DAGs
[2025-02-08T22:11:53.790+0000] {logging_mixin.py:137} INFO - [2025-02-08T22:11:53.790+0000] {dag.py:3441} INFO - Setting next_dagrun for example_branch_labels to 2025-02-07T00:00:00+00:00, run_after=2025-02-08T00:00:00+00:00
[2025-02-08T22:11:53.818+0000] {processor.py:175} INFO - Processing /home/airflow/.local/lib/python3.7/site-packages/airflow/example_dags/example_branch_labels.py took 0.131 seconds
[2025-02-08T22:12:24.251+0000] {processor.py:153} INFO - Started process (PID=1019) to work on /home/airflow/.local/lib/python3.7/site-packages/airflow/example_dags/example_branch_labels.py
[2025-02-08T22:12:24.254+0000] {processor.py:743} INFO - Processing file /home/airflow/.local/lib/python3.7/site-packages/airflow/example_dags/example_branch_labels.py for tasks to queue
[2025-02-08T22:12:24.261+0000] {logging_mixin.py:137} INFO - [2025-02-08T22:12:24.260+0000] {dagbag.py:538} INFO - Filling up the DagBag from /home/airflow/.local/lib/python3.7/site-packages/airflow/example_dags/example_branch_labels.py
[2025-02-08T22:12:24.308+0000] {processor.py:753} INFO - DAG(s) dict_keys(['example_branch_labels']) retrieved from /home/airflow/.local/lib/python3.7/site-packages/airflow/example_dags/example_branch_labels.py
[2025-02-08T22:12:24.365+0000] {logging_mixin.py:137} INFO - [2025-02-08T22:12:24.365+0000] {dag.py:2690} INFO - Sync 1 DAGs
[2025-02-08T22:12:24.428+0000] {logging_mixin.py:137} INFO - [2025-02-08T22:12:24.427+0000] {dag.py:3441} INFO - Setting next_dagrun for example_branch_labels to 2025-02-07T00:00:00+00:00, run_after=2025-02-08T00:00:00+00:00
[2025-02-08T22:12:24.464+0000] {processor.py:175} INFO - Processing /home/airflow/.local/lib/python3.7/site-packages/airflow/example_dags/example_branch_labels.py took 0.220 seconds
[2025-02-08T22:12:54.685+0000] {processor.py:153} INFO - Started process (PID=1106) to work on /home/airflow/.local/lib/python3.7/site-packages/airflow/example_dags/example_branch_labels.py
[2025-02-08T22:12:54.686+0000] {processor.py:743} INFO - Processing file /home/airflow/.local/lib/python3.7/site-packages/airflow/example_dags/example_branch_labels.py for tasks to queue
[2025-02-08T22:12:54.687+0000] {logging_mixin.py:137} INFO - [2025-02-08T22:12:54.687+0000] {dagbag.py:538} INFO - Filling up the DagBag from /home/airflow/.local/lib/python3.7/site-packages/airflow/example_dags/example_branch_labels.py
[2025-02-08T22:12:54.703+0000] {processor.py:753} INFO - DAG(s) dict_keys(['example_branch_labels']) retrieved from /home/airflow/.local/lib/python3.7/site-packages/airflow/example_dags/example_branch_labels.py
[2025-02-08T22:12:54.733+0000] {logging_mixin.py:137} INFO - [2025-02-08T22:12:54.733+0000] {dag.py:2690} INFO - Sync 1 DAGs
[2025-02-08T22:12:54.763+0000] {logging_mixin.py:137} INFO - [2025-02-08T22:12:54.763+0000] {dag.py:3441} INFO - Setting next_dagrun for example_branch_labels to 2025-02-07T00:00:00+00:00, run_after=2025-02-08T00:00:00+00:00
[2025-02-08T22:12:54.791+0000] {processor.py:175} INFO - Processing /home/airflow/.local/lib/python3.7/site-packages/airflow/example_dags/example_branch_labels.py took 0.110 seconds
[2025-02-08T22:13:25.254+0000] {processor.py:153} INFO - Started process (PID=1177) to work on /home/airflow/.local/lib/python3.7/site-packages/airflow/example_dags/example_branch_labels.py
[2025-02-08T22:13:25.256+0000] {processor.py:743} INFO - Processing file /home/airflow/.local/lib/python3.7/site-packages/airflow/example_dags/example_branch_labels.py for tasks to queue
[2025-02-08T22:13:25.258+0000] {logging_mixin.py:137} INFO - [2025-02-08T22:13:25.257+0000] {dagbag.py:538} INFO - Filling up the DagBag from /home/airflow/.local/lib/python3.7/site-packages/airflow/example_dags/example_branch_labels.py
[2025-02-08T22:13:25.292+0000] {processor.py:753} INFO - DAG(s) dict_keys(['example_branch_labels']) retrieved from /home/airflow/.local/lib/python3.7/site-packages/airflow/example_dags/example_branch_labels.py
[2025-02-08T22:13:25.369+0000] {logging_mixin.py:137} INFO - [2025-02-08T22:13:25.369+0000] {dag.py:2690} INFO - Sync 1 DAGs
[2025-02-08T22:13:25.435+0000] {logging_mixin.py:137} INFO - [2025-02-08T22:13:25.435+0000] {dag.py:3441} INFO - Setting next_dagrun for example_branch_labels to 2025-02-07T00:00:00+00:00, run_after=2025-02-08T00:00:00+00:00
[2025-02-08T22:13:25.467+0000] {processor.py:175} INFO - Processing /home/airflow/.local/lib/python3.7/site-packages/airflow/example_dags/example_branch_labels.py took 0.221 seconds
[2025-02-08T22:13:55.976+0000] {processor.py:153} INFO - Started process (PID=1264) to work on /home/airflow/.local/lib/python3.7/site-packages/airflow/example_dags/example_branch_labels.py
[2025-02-08T22:13:55.977+0000] {processor.py:743} INFO - Processing file /home/airflow/.local/lib/python3.7/site-packages/airflow/example_dags/example_branch_labels.py for tasks to queue
[2025-02-08T22:13:55.978+0000] {logging_mixin.py:137} INFO - [2025-02-08T22:13:55.978+0000] {dagbag.py:538} INFO - Filling up the DagBag from /home/airflow/.local/lib/python3.7/site-packages/airflow/example_dags/example_branch_labels.py
[2025-02-08T22:13:56.007+0000] {processor.py:753} INFO - DAG(s) dict_keys(['example_branch_labels']) retrieved from /home/airflow/.local/lib/python3.7/site-packages/airflow/example_dags/example_branch_labels.py
[2025-02-08T22:13:56.046+0000] {logging_mixin.py:137} INFO - [2025-02-08T22:13:56.046+0000] {dag.py:2690} INFO - Sync 1 DAGs
[2025-02-08T22:13:56.086+0000] {logging_mixin.py:137} INFO - [2025-02-08T22:13:56.086+0000] {dag.py:3441} INFO - Setting next_dagrun for example_branch_labels to 2025-02-07T00:00:00+00:00, run_after=2025-02-08T00:00:00+00:00
[2025-02-08T22:13:56.115+0000] {processor.py:175} INFO - Processing /home/airflow/.local/lib/python3.7/site-packages/airflow/example_dags/example_branch_labels.py took 0.144 seconds
[2025-02-08T22:14:29.229+0000] {processor.py:153} INFO - Started process (PID=1335) to work on /home/airflow/.local/lib/python3.7/site-packages/airflow/example_dags/example_branch_labels.py
[2025-02-08T22:14:29.231+0000] {processor.py:743} INFO - Processing file /home/airflow/.local/lib/python3.7/site-packages/airflow/example_dags/example_branch_labels.py for tasks to queue
[2025-02-08T22:14:29.232+0000] {logging_mixin.py:137} INFO - [2025-02-08T22:14:29.232+0000] {dagbag.py:538} INFO - Filling up the DagBag from /home/airflow/.local/lib/python3.7/site-packages/airflow/example_dags/example_branch_labels.py
[2025-02-08T22:14:29.259+0000] {processor.py:753} INFO - DAG(s) dict_keys(['example_branch_labels']) retrieved from /home/airflow/.local/lib/python3.7/site-packages/airflow/example_dags/example_branch_labels.py
[2025-02-08T22:14:29.304+0000] {logging_mixin.py:137} INFO - [2025-02-08T22:14:29.304+0000] {dag.py:2690} INFO - Sync 1 DAGs
[2025-02-08T22:14:29.360+0000] {logging_mixin.py:137} INFO - [2025-02-08T22:14:29.360+0000] {dag.py:3441} INFO - Setting next_dagrun for example_branch_labels to 2025-02-07T00:00:00+00:00, run_after=2025-02-08T00:00:00+00:00
[2025-02-08T22:14:29.398+0000] {processor.py:175} INFO - Processing /home/airflow/.local/lib/python3.7/site-packages/airflow/example_dags/example_branch_labels.py took 0.175 seconds
[2025-02-08T22:14:59.702+0000] {processor.py:153} INFO - Started process (PID=1406) to work on /home/airflow/.local/lib/python3.7/site-packages/airflow/example_dags/example_branch_labels.py
[2025-02-08T22:14:59.704+0000] {processor.py:743} INFO - Processing file /home/airflow/.local/lib/python3.7/site-packages/airflow/example_dags/example_branch_labels.py for tasks to queue
[2025-02-08T22:14:59.705+0000] {logging_mixin.py:137} INFO - [2025-02-08T22:14:59.705+0000] {dagbag.py:538} INFO - Filling up the DagBag from /home/airflow/.local/lib/python3.7/site-packages/airflow/example_dags/example_branch_labels.py
[2025-02-08T22:14:59.724+0000] {processor.py:753} INFO - DAG(s) dict_keys(['example_branch_labels']) retrieved from /home/airflow/.local/lib/python3.7/site-packages/airflow/example_dags/example_branch_labels.py
[2025-02-08T22:14:59.757+0000] {logging_mixin.py:137} INFO - [2025-02-08T22:14:59.757+0000] {dag.py:2690} INFO - Sync 1 DAGs
[2025-02-08T22:14:59.789+0000] {logging_mixin.py:137} INFO - [2025-02-08T22:14:59.789+0000] {dag.py:3441} INFO - Setting next_dagrun for example_branch_labels to 2025-02-07T00:00:00+00:00, run_after=2025-02-08T00:00:00+00:00
[2025-02-08T22:14:59.816+0000] {processor.py:175} INFO - Processing /home/airflow/.local/lib/python3.7/site-packages/airflow/example_dags/example_branch_labels.py took 0.117 seconds
[2025-02-08T22:15:29.946+0000] {processor.py:153} INFO - Started process (PID=1493) to work on /home/airflow/.local/lib/python3.7/site-packages/airflow/example_dags/example_branch_labels.py
[2025-02-08T22:15:29.947+0000] {processor.py:743} INFO - Processing file /home/airflow/.local/lib/python3.7/site-packages/airflow/example_dags/example_branch_labels.py for tasks to queue
[2025-02-08T22:15:29.948+0000] {logging_mixin.py:137} INFO - [2025-02-08T22:15:29.948+0000] {dagbag.py:538} INFO - Filling up the DagBag from /home/airflow/.local/lib/python3.7/site-packages/airflow/example_dags/example_branch_labels.py
[2025-02-08T22:15:29.962+0000] {processor.py:753} INFO - DAG(s) dict_keys(['example_branch_labels']) retrieved from /home/airflow/.local/lib/python3.7/site-packages/airflow/example_dags/example_branch_labels.py
[2025-02-08T22:15:29.993+0000] {logging_mixin.py:137} INFO - [2025-02-08T22:15:29.993+0000] {dag.py:2690} INFO - Sync 1 DAGs
[2025-02-08T22:15:30.019+0000] {logging_mixin.py:137} INFO - [2025-02-08T22:15:30.019+0000] {dag.py:3441} INFO - Setting next_dagrun for example_branch_labels to 2025-02-07T00:00:00+00:00, run_after=2025-02-08T00:00:00+00:00
[2025-02-08T22:15:30.043+0000] {processor.py:175} INFO - Processing /home/airflow/.local/lib/python3.7/site-packages/airflow/example_dags/example_branch_labels.py took 0.100 seconds
[2025-02-08T22:16:00.687+0000] {processor.py:153} INFO - Started process (PID=1564) to work on /home/airflow/.local/lib/python3.7/site-packages/airflow/example_dags/example_branch_labels.py
[2025-02-08T22:16:00.688+0000] {processor.py:743} INFO - Processing file /home/airflow/.local/lib/python3.7/site-packages/airflow/example_dags/example_branch_labels.py for tasks to queue
[2025-02-08T22:16:00.690+0000] {logging_mixin.py:137} INFO - [2025-02-08T22:16:00.689+0000] {dagbag.py:538} INFO - Filling up the DagBag from /home/airflow/.local/lib/python3.7/site-packages/airflow/example_dags/example_branch_labels.py
[2025-02-08T22:16:00.713+0000] {processor.py:753} INFO - DAG(s) dict_keys(['example_branch_labels']) retrieved from /home/airflow/.local/lib/python3.7/site-packages/airflow/example_dags/example_branch_labels.py
[2025-02-08T22:16:00.752+0000] {logging_mixin.py:137} INFO - [2025-02-08T22:16:00.752+0000] {dag.py:2690} INFO - Sync 1 DAGs
[2025-02-08T22:16:00.794+0000] {logging_mixin.py:137} INFO - [2025-02-08T22:16:00.794+0000] {dag.py:3441} INFO - Setting next_dagrun for example_branch_labels to 2025-02-07T00:00:00+00:00, run_after=2025-02-08T00:00:00+00:00
[2025-02-08T22:16:00.828+0000] {processor.py:175} INFO - Processing /home/airflow/.local/lib/python3.7/site-packages/airflow/example_dags/example_branch_labels.py took 0.146 seconds
[2025-02-08T22:16:31.823+0000] {processor.py:153} INFO - Started process (PID=1651) to work on /home/airflow/.local/lib/python3.7/site-packages/airflow/example_dags/example_branch_labels.py
[2025-02-08T22:16:31.824+0000] {processor.py:743} INFO - Processing file /home/airflow/.local/lib/python3.7/site-packages/airflow/example_dags/example_branch_labels.py for tasks to queue
[2025-02-08T22:16:31.825+0000] {logging_mixin.py:137} INFO - [2025-02-08T22:16:31.825+0000] {dagbag.py:538} INFO - Filling up the DagBag from /home/airflow/.local/lib/python3.7/site-packages/airflow/example_dags/example_branch_labels.py
[2025-02-08T22:16:31.842+0000] {processor.py:753} INFO - DAG(s) dict_keys(['example_branch_labels']) retrieved from /home/airflow/.local/lib/python3.7/site-packages/airflow/example_dags/example_branch_labels.py
[2025-02-08T22:16:31.889+0000] {logging_mixin.py:137} INFO - [2025-02-08T22:16:31.889+0000] {dag.py:2690} INFO - Sync 1 DAGs
[2025-02-08T22:16:31.950+0000] {logging_mixin.py:137} INFO - [2025-02-08T22:16:31.950+0000] {dag.py:3441} INFO - Setting next_dagrun for example_branch_labels to 2025-02-07T00:00:00+00:00, run_after=2025-02-08T00:00:00+00:00
[2025-02-08T22:16:31.986+0000] {processor.py:175} INFO - Processing /home/airflow/.local/lib/python3.7/site-packages/airflow/example_dags/example_branch_labels.py took 0.167 seconds
[2025-02-08T22:17:02.059+0000] {processor.py:153} INFO - Started process (PID=1722) to work on /home/airflow/.local/lib/python3.7/site-packages/airflow/example_dags/example_branch_labels.py
[2025-02-08T22:17:02.060+0000] {processor.py:743} INFO - Processing file /home/airflow/.local/lib/python3.7/site-packages/airflow/example_dags/example_branch_labels.py for tasks to queue
[2025-02-08T22:17:02.061+0000] {logging_mixin.py:137} INFO - [2025-02-08T22:17:02.061+0000] {dagbag.py:538} INFO - Filling up the DagBag from /home/airflow/.local/lib/python3.7/site-packages/airflow/example_dags/example_branch_labels.py
[2025-02-08T22:17:02.079+0000] {processor.py:753} INFO - DAG(s) dict_keys(['example_branch_labels']) retrieved from /home/airflow/.local/lib/python3.7/site-packages/airflow/example_dags/example_branch_labels.py
[2025-02-08T22:17:02.114+0000] {logging_mixin.py:137} INFO - [2025-02-08T22:17:02.114+0000] {dag.py:2690} INFO - Sync 1 DAGs
[2025-02-08T22:17:02.146+0000] {logging_mixin.py:137} INFO - [2025-02-08T22:17:02.146+0000] {dag.py:3441} INFO - Setting next_dagrun for example_branch_labels to 2025-02-07T00:00:00+00:00, run_after=2025-02-08T00:00:00+00:00
[2025-02-08T22:17:02.172+0000] {processor.py:175} INFO - Processing /home/airflow/.local/lib/python3.7/site-packages/airflow/example_dags/example_branch_labels.py took 0.118 seconds
[2025-02-08T22:17:32.813+0000] {processor.py:153} INFO - Started process (PID=1802) to work on /home/airflow/.local/lib/python3.7/site-packages/airflow/example_dags/example_branch_labels.py
[2025-02-08T22:17:32.815+0000] {processor.py:743} INFO - Processing file /home/airflow/.local/lib/python3.7/site-packages/airflow/example_dags/example_branch_labels.py for tasks to queue
[2025-02-08T22:17:32.816+0000] {logging_mixin.py:137} INFO - [2025-02-08T22:17:32.816+0000] {dagbag.py:538} INFO - Filling up the DagBag from /home/airflow/.local/lib/python3.7/site-packages/airflow/example_dags/example_branch_labels.py
[2025-02-08T22:17:32.846+0000] {processor.py:753} INFO - DAG(s) dict_keys(['example_branch_labels']) retrieved from /home/airflow/.local/lib/python3.7/site-packages/airflow/example_dags/example_branch_labels.py
[2025-02-08T22:17:32.902+0000] {logging_mixin.py:137} INFO - [2025-02-08T22:17:32.901+0000] {dag.py:2690} INFO - Sync 1 DAGs
[2025-02-08T22:17:32.964+0000] {logging_mixin.py:137} INFO - [2025-02-08T22:17:32.964+0000] {dag.py:3441} INFO - Setting next_dagrun for example_branch_labels to 2025-02-07T00:00:00+00:00, run_after=2025-02-08T00:00:00+00:00
[2025-02-08T22:17:33.034+0000] {processor.py:175} INFO - Processing /home/airflow/.local/lib/python3.7/site-packages/airflow/example_dags/example_branch_labels.py took 0.226 seconds
[2025-02-08T22:18:03.860+0000] {processor.py:153} INFO - Started process (PID=1880) to work on /home/airflow/.local/lib/python3.7/site-packages/airflow/example_dags/example_branch_labels.py
[2025-02-08T22:18:03.861+0000] {processor.py:743} INFO - Processing file /home/airflow/.local/lib/python3.7/site-packages/airflow/example_dags/example_branch_labels.py for tasks to queue
[2025-02-08T22:18:03.862+0000] {logging_mixin.py:137} INFO - [2025-02-08T22:18:03.862+0000] {dagbag.py:538} INFO - Filling up the DagBag from /home/airflow/.local/lib/python3.7/site-packages/airflow/example_dags/example_branch_labels.py
[2025-02-08T22:18:03.875+0000] {processor.py:753} INFO - DAG(s) dict_keys(['example_branch_labels']) retrieved from /home/airflow/.local/lib/python3.7/site-packages/airflow/example_dags/example_branch_labels.py
[2025-02-08T22:18:03.903+0000] {logging_mixin.py:137} INFO - [2025-02-08T22:18:03.902+0000] {dag.py:2690} INFO - Sync 1 DAGs
[2025-02-08T22:18:03.926+0000] {logging_mixin.py:137} INFO - [2025-02-08T22:18:03.926+0000] {dag.py:3441} INFO - Setting next_dagrun for example_branch_labels to 2025-02-07T00:00:00+00:00, run_after=2025-02-08T00:00:00+00:00
[2025-02-08T22:18:03.949+0000] {processor.py:175} INFO - Processing /home/airflow/.local/lib/python3.7/site-packages/airflow/example_dags/example_branch_labels.py took 0.092 seconds
[2025-02-08T22:18:34.680+0000] {processor.py:153} INFO - Started process (PID=1967) to work on /home/airflow/.local/lib/python3.7/site-packages/airflow/example_dags/example_branch_labels.py
[2025-02-08T22:18:34.681+0000] {processor.py:743} INFO - Processing file /home/airflow/.local/lib/python3.7/site-packages/airflow/example_dags/example_branch_labels.py for tasks to queue
[2025-02-08T22:18:34.682+0000] {logging_mixin.py:137} INFO - [2025-02-08T22:18:34.682+0000] {dagbag.py:538} INFO - Filling up the DagBag from /home/airflow/.local/lib/python3.7/site-packages/airflow/example_dags/example_branch_labels.py
[2025-02-08T22:18:34.698+0000] {processor.py:753} INFO - DAG(s) dict_keys(['example_branch_labels']) retrieved from /home/airflow/.local/lib/python3.7/site-packages/airflow/example_dags/example_branch_labels.py
[2025-02-08T22:18:34.725+0000] {logging_mixin.py:137} INFO - [2025-02-08T22:18:34.725+0000] {dag.py:2690} INFO - Sync 1 DAGs
[2025-02-08T22:18:34.753+0000] {logging_mixin.py:137} INFO - [2025-02-08T22:18:34.753+0000] {dag.py:3441} INFO - Setting next_dagrun for example_branch_labels to 2025-02-07T00:00:00+00:00, run_after=2025-02-08T00:00:00+00:00
[2025-02-08T22:18:34.781+0000] {processor.py:175} INFO - Processing /home/airflow/.local/lib/python3.7/site-packages/airflow/example_dags/example_branch_labels.py took 0.105 seconds
[2025-02-08T22:19:05.517+0000] {processor.py:153} INFO - Started process (PID=2038) to work on /home/airflow/.local/lib/python3.7/site-packages/airflow/example_dags/example_branch_labels.py
[2025-02-08T22:19:05.518+0000] {processor.py:743} INFO - Processing file /home/airflow/.local/lib/python3.7/site-packages/airflow/example_dags/example_branch_labels.py for tasks to queue
[2025-02-08T22:19:05.520+0000] {logging_mixin.py:137} INFO - [2025-02-08T22:19:05.520+0000] {dagbag.py:538} INFO - Filling up the DagBag from /home/airflow/.local/lib/python3.7/site-packages/airflow/example_dags/example_branch_labels.py
[2025-02-08T22:19:05.543+0000] {processor.py:753} INFO - DAG(s) dict_keys(['example_branch_labels']) retrieved from /home/airflow/.local/lib/python3.7/site-packages/airflow/example_dags/example_branch_labels.py
[2025-02-08T22:19:05.584+0000] {logging_mixin.py:137} INFO - [2025-02-08T22:19:05.584+0000] {dag.py:2690} INFO - Sync 1 DAGs
[2025-02-08T22:19:05.622+0000] {logging_mixin.py:137} INFO - [2025-02-08T22:19:05.621+0000] {dag.py:3441} INFO - Setting next_dagrun for example_branch_labels to 2025-02-07T00:00:00+00:00, run_after=2025-02-08T00:00:00+00:00
[2025-02-08T22:19:05.651+0000] {processor.py:175} INFO - Processing /home/airflow/.local/lib/python3.7/site-packages/airflow/example_dags/example_branch_labels.py took 0.141 seconds
[2025-02-08T22:19:36.231+0000] {processor.py:153} INFO - Started process (PID=2109) to work on /home/airflow/.local/lib/python3.7/site-packages/airflow/example_dags/example_branch_labels.py
[2025-02-08T22:19:36.232+0000] {processor.py:743} INFO - Processing file /home/airflow/.local/lib/python3.7/site-packages/airflow/example_dags/example_branch_labels.py for tasks to queue
[2025-02-08T22:19:36.234+0000] {logging_mixin.py:137} INFO - [2025-02-08T22:19:36.233+0000] {dagbag.py:538} INFO - Filling up the DagBag from /home/airflow/.local/lib/python3.7/site-packages/airflow/example_dags/example_branch_labels.py
[2025-02-08T22:19:36.270+0000] {processor.py:753} INFO - DAG(s) dict_keys(['example_branch_labels']) retrieved from /home/airflow/.local/lib/python3.7/site-packages/airflow/example_dags/example_branch_labels.py
[2025-02-08T22:19:36.340+0000] {logging_mixin.py:137} INFO - [2025-02-08T22:19:36.340+0000] {dag.py:2690} INFO - Sync 1 DAGs
[2025-02-08T22:19:36.393+0000] {logging_mixin.py:137} INFO - [2025-02-08T22:19:36.393+0000] {dag.py:3441} INFO - Setting next_dagrun for example_branch_labels to 2025-02-07T00:00:00+00:00, run_after=2025-02-08T00:00:00+00:00
[2025-02-08T22:19:36.429+0000] {processor.py:175} INFO - Processing /home/airflow/.local/lib/python3.7/site-packages/airflow/example_dags/example_branch_labels.py took 0.203 seconds
[2025-02-08T22:20:06.544+0000] {processor.py:153} INFO - Started process (PID=2195) to work on /home/airflow/.local/lib/python3.7/site-packages/airflow/example_dags/example_branch_labels.py
[2025-02-08T22:20:06.545+0000] {processor.py:743} INFO - Processing file /home/airflow/.local/lib/python3.7/site-packages/airflow/example_dags/example_branch_labels.py for tasks to queue
[2025-02-08T22:20:06.546+0000] {logging_mixin.py:137} INFO - [2025-02-08T22:20:06.545+0000] {dagbag.py:538} INFO - Filling up the DagBag from /home/airflow/.local/lib/python3.7/site-packages/airflow/example_dags/example_branch_labels.py
[2025-02-08T22:20:06.558+0000] {processor.py:753} INFO - DAG(s) dict_keys(['example_branch_labels']) retrieved from /home/airflow/.local/lib/python3.7/site-packages/airflow/example_dags/example_branch_labels.py
[2025-02-08T22:20:06.584+0000] {logging_mixin.py:137} INFO - [2025-02-08T22:20:06.584+0000] {dag.py:2690} INFO - Sync 1 DAGs
[2025-02-08T22:20:06.608+0000] {logging_mixin.py:137} INFO - [2025-02-08T22:20:06.608+0000] {dag.py:3441} INFO - Setting next_dagrun for example_branch_labels to 2025-02-07T00:00:00+00:00, run_after=2025-02-08T00:00:00+00:00
[2025-02-08T22:20:06.632+0000] {processor.py:175} INFO - Processing /home/airflow/.local/lib/python3.7/site-packages/airflow/example_dags/example_branch_labels.py took 0.091 seconds
[2025-02-08T22:20:36.768+0000] {processor.py:153} INFO - Started process (PID=2266) to work on /home/airflow/.local/lib/python3.7/site-packages/airflow/example_dags/example_branch_labels.py
[2025-02-08T22:20:36.769+0000] {processor.py:743} INFO - Processing file /home/airflow/.local/lib/python3.7/site-packages/airflow/example_dags/example_branch_labels.py for tasks to queue
[2025-02-08T22:20:36.770+0000] {logging_mixin.py:137} INFO - [2025-02-08T22:20:36.769+0000] {dagbag.py:538} INFO - Filling up the DagBag from /home/airflow/.local/lib/python3.7/site-packages/airflow/example_dags/example_branch_labels.py
[2025-02-08T22:20:36.786+0000] {processor.py:753} INFO - DAG(s) dict_keys(['example_branch_labels']) retrieved from /home/airflow/.local/lib/python3.7/site-packages/airflow/example_dags/example_branch_labels.py
[2025-02-08T22:20:36.815+0000] {logging_mixin.py:137} INFO - [2025-02-08T22:20:36.814+0000] {dag.py:2690} INFO - Sync 1 DAGs
[2025-02-08T22:20:36.842+0000] {logging_mixin.py:137} INFO - [2025-02-08T22:20:36.841+0000] {dag.py:3441} INFO - Setting next_dagrun for example_branch_labels to 2025-02-07T00:00:00+00:00, run_after=2025-02-08T00:00:00+00:00
[2025-02-08T22:20:36.867+0000] {processor.py:175} INFO - Processing /home/airflow/.local/lib/python3.7/site-packages/airflow/example_dags/example_branch_labels.py took 0.103 seconds
[2025-02-08T22:21:07.025+0000] {processor.py:153} INFO - Started process (PID=2352) to work on /home/airflow/.local/lib/python3.7/site-packages/airflow/example_dags/example_branch_labels.py
[2025-02-08T22:21:07.026+0000] {processor.py:743} INFO - Processing file /home/airflow/.local/lib/python3.7/site-packages/airflow/example_dags/example_branch_labels.py for tasks to queue
[2025-02-08T22:21:07.027+0000] {logging_mixin.py:137} INFO - [2025-02-08T22:21:07.027+0000] {dagbag.py:538} INFO - Filling up the DagBag from /home/airflow/.local/lib/python3.7/site-packages/airflow/example_dags/example_branch_labels.py
[2025-02-08T22:21:07.050+0000] {processor.py:753} INFO - DAG(s) dict_keys(['example_branch_labels']) retrieved from /home/airflow/.local/lib/python3.7/site-packages/airflow/example_dags/example_branch_labels.py
[2025-02-08T22:21:07.087+0000] {logging_mixin.py:137} INFO - [2025-02-08T22:21:07.087+0000] {dag.py:2690} INFO - Sync 1 DAGs
[2025-02-08T22:21:07.121+0000] {logging_mixin.py:137} INFO - [2025-02-08T22:21:07.121+0000] {dag.py:3441} INFO - Setting next_dagrun for example_branch_labels to 2025-02-07T00:00:00+00:00, run_after=2025-02-08T00:00:00+00:00
[2025-02-08T22:21:07.151+0000] {processor.py:175} INFO - Processing /home/airflow/.local/lib/python3.7/site-packages/airflow/example_dags/example_branch_labels.py took 0.130 seconds
[2025-02-08T22:21:37.661+0000] {processor.py:153} INFO - Started process (PID=2423) to work on /home/airflow/.local/lib/python3.7/site-packages/airflow/example_dags/example_branch_labels.py
[2025-02-08T22:21:37.662+0000] {processor.py:743} INFO - Processing file /home/airflow/.local/lib/python3.7/site-packages/airflow/example_dags/example_branch_labels.py for tasks to queue
[2025-02-08T22:21:37.663+0000] {logging_mixin.py:137} INFO - [2025-02-08T22:21:37.662+0000] {dagbag.py:538} INFO - Filling up the DagBag from /home/airflow/.local/lib/python3.7/site-packages/airflow/example_dags/example_branch_labels.py
[2025-02-08T22:21:37.676+0000] {processor.py:753} INFO - DAG(s) dict_keys(['example_branch_labels']) retrieved from /home/airflow/.local/lib/python3.7/site-packages/airflow/example_dags/example_branch_labels.py
[2025-02-08T22:21:37.703+0000] {logging_mixin.py:137} INFO - [2025-02-08T22:21:37.703+0000] {dag.py:2690} INFO - Sync 1 DAGs
[2025-02-08T22:21:37.729+0000] {logging_mixin.py:137} INFO - [2025-02-08T22:21:37.729+0000] {dag.py:3441} INFO - Setting next_dagrun for example_branch_labels to 2025-02-07T00:00:00+00:00, run_after=2025-02-08T00:00:00+00:00
[2025-02-08T22:21:37.753+0000] {processor.py:175} INFO - Processing /home/airflow/.local/lib/python3.7/site-packages/airflow/example_dags/example_branch_labels.py took 0.095 seconds
[2025-02-08T22:22:07.915+0000] {processor.py:153} INFO - Started process (PID=2510) to work on /home/airflow/.local/lib/python3.7/site-packages/airflow/example_dags/example_branch_labels.py
[2025-02-08T22:22:07.916+0000] {processor.py:743} INFO - Processing file /home/airflow/.local/lib/python3.7/site-packages/airflow/example_dags/example_branch_labels.py for tasks to queue
[2025-02-08T22:22:07.917+0000] {logging_mixin.py:137} INFO - [2025-02-08T22:22:07.917+0000] {dagbag.py:538} INFO - Filling up the DagBag from /home/airflow/.local/lib/python3.7/site-packages/airflow/example_dags/example_branch_labels.py
[2025-02-08T22:22:07.941+0000] {processor.py:753} INFO - DAG(s) dict_keys(['example_branch_labels']) retrieved from /home/airflow/.local/lib/python3.7/site-packages/airflow/example_dags/example_branch_labels.py
[2025-02-08T22:22:07.980+0000] {logging_mixin.py:137} INFO - [2025-02-08T22:22:07.979+0000] {dag.py:2690} INFO - Sync 1 DAGs
[2025-02-08T22:22:08.043+0000] {logging_mixin.py:137} INFO - [2025-02-08T22:22:08.042+0000] {dag.py:3441} INFO - Setting next_dagrun for example_branch_labels to 2025-02-07T00:00:00+00:00, run_after=2025-02-08T00:00:00+00:00
[2025-02-08T22:22:08.083+0000] {processor.py:175} INFO - Processing /home/airflow/.local/lib/python3.7/site-packages/airflow/example_dags/example_branch_labels.py took 0.173 seconds
[2025-02-08T22:22:38.204+0000] {processor.py:153} INFO - Started process (PID=2581) to work on /home/airflow/.local/lib/python3.7/site-packages/airflow/example_dags/example_branch_labels.py
[2025-02-08T22:22:38.206+0000] {processor.py:743} INFO - Processing file /home/airflow/.local/lib/python3.7/site-packages/airflow/example_dags/example_branch_labels.py for tasks to queue
[2025-02-08T22:22:38.207+0000] {logging_mixin.py:137} INFO - [2025-02-08T22:22:38.207+0000] {dagbag.py:538} INFO - Filling up the DagBag from /home/airflow/.local/lib/python3.7/site-packages/airflow/example_dags/example_branch_labels.py
[2025-02-08T22:22:38.231+0000] {processor.py:753} INFO - DAG(s) dict_keys(['example_branch_labels']) retrieved from /home/airflow/.local/lib/python3.7/site-packages/airflow/example_dags/example_branch_labels.py
[2025-02-08T22:22:38.268+0000] {logging_mixin.py:137} INFO - [2025-02-08T22:22:38.267+0000] {dag.py:2690} INFO - Sync 1 DAGs
[2025-02-08T22:22:38.311+0000] {logging_mixin.py:137} INFO - [2025-02-08T22:22:38.311+0000] {dag.py:3441} INFO - Setting next_dagrun for example_branch_labels to 2025-02-07T00:00:00+00:00, run_after=2025-02-08T00:00:00+00:00
[2025-02-08T22:22:38.348+0000] {processor.py:175} INFO - Processing /home/airflow/.local/lib/python3.7/site-packages/airflow/example_dags/example_branch_labels.py took 0.148 seconds
[2025-02-08T22:23:09.149+0000] {processor.py:153} INFO - Started process (PID=2652) to work on /home/airflow/.local/lib/python3.7/site-packages/airflow/example_dags/example_branch_labels.py
[2025-02-08T22:23:09.150+0000] {processor.py:743} INFO - Processing file /home/airflow/.local/lib/python3.7/site-packages/airflow/example_dags/example_branch_labels.py for tasks to queue
[2025-02-08T22:23:09.151+0000] {logging_mixin.py:137} INFO - [2025-02-08T22:23:09.151+0000] {dagbag.py:538} INFO - Filling up the DagBag from /home/airflow/.local/lib/python3.7/site-packages/airflow/example_dags/example_branch_labels.py
[2025-02-08T22:23:09.176+0000] {processor.py:753} INFO - DAG(s) dict_keys(['example_branch_labels']) retrieved from /home/airflow/.local/lib/python3.7/site-packages/airflow/example_dags/example_branch_labels.py
[2025-02-08T22:23:09.209+0000] {logging_mixin.py:137} INFO - [2025-02-08T22:23:09.209+0000] {dag.py:2690} INFO - Sync 1 DAGs
[2025-02-08T22:23:09.241+0000] {logging_mixin.py:137} INFO - [2025-02-08T22:23:09.241+0000] {dag.py:3441} INFO - Setting next_dagrun for example_branch_labels to 2025-02-07T00:00:00+00:00, run_after=2025-02-08T00:00:00+00:00
[2025-02-08T22:23:09.270+0000] {processor.py:175} INFO - Processing /home/airflow/.local/lib/python3.7/site-packages/airflow/example_dags/example_branch_labels.py took 0.126 seconds
[2025-02-08T22:23:40.112+0000] {processor.py:153} INFO - Started process (PID=2739) to work on /home/airflow/.local/lib/python3.7/site-packages/airflow/example_dags/example_branch_labels.py
[2025-02-08T22:23:40.117+0000] {processor.py:743} INFO - Processing file /home/airflow/.local/lib/python3.7/site-packages/airflow/example_dags/example_branch_labels.py for tasks to queue
[2025-02-08T22:23:40.123+0000] {logging_mixin.py:137} INFO - [2025-02-08T22:23:40.122+0000] {dagbag.py:538} INFO - Filling up the DagBag from /home/airflow/.local/lib/python3.7/site-packages/airflow/example_dags/example_branch_labels.py
[2025-02-08T22:23:40.161+0000] {processor.py:753} INFO - DAG(s) dict_keys(['example_branch_labels']) retrieved from /home/airflow/.local/lib/python3.7/site-packages/airflow/example_dags/example_branch_labels.py
[2025-02-08T22:23:40.206+0000] {logging_mixin.py:137} INFO - [2025-02-08T22:23:40.206+0000] {dag.py:2690} INFO - Sync 1 DAGs
[2025-02-08T22:23:40.257+0000] {logging_mixin.py:137} INFO - [2025-02-08T22:23:40.256+0000] {dag.py:3441} INFO - Setting next_dagrun for example_branch_labels to 2025-02-07T00:00:00+00:00, run_after=2025-02-08T00:00:00+00:00
[2025-02-08T22:23:40.290+0000] {processor.py:175} INFO - Processing /home/airflow/.local/lib/python3.7/site-packages/airflow/example_dags/example_branch_labels.py took 0.185 seconds
[2025-02-08T22:24:11.184+0000] {processor.py:153} INFO - Started process (PID=2810) to work on /home/airflow/.local/lib/python3.7/site-packages/airflow/example_dags/example_branch_labels.py
[2025-02-08T22:24:11.185+0000] {processor.py:743} INFO - Processing file /home/airflow/.local/lib/python3.7/site-packages/airflow/example_dags/example_branch_labels.py for tasks to queue
[2025-02-08T22:24:11.187+0000] {logging_mixin.py:137} INFO - [2025-02-08T22:24:11.186+0000] {dagbag.py:538} INFO - Filling up the DagBag from /home/airflow/.local/lib/python3.7/site-packages/airflow/example_dags/example_branch_labels.py
[2025-02-08T22:24:11.214+0000] {processor.py:753} INFO - DAG(s) dict_keys(['example_branch_labels']) retrieved from /home/airflow/.local/lib/python3.7/site-packages/airflow/example_dags/example_branch_labels.py
[2025-02-08T22:24:11.260+0000] {logging_mixin.py:137} INFO - [2025-02-08T22:24:11.260+0000] {dag.py:2690} INFO - Sync 1 DAGs
[2025-02-08T22:24:11.307+0000] {logging_mixin.py:137} INFO - [2025-02-08T22:24:11.307+0000] {dag.py:3441} INFO - Setting next_dagrun for example_branch_labels to 2025-02-07T00:00:00+00:00, run_after=2025-02-08T00:00:00+00:00
[2025-02-08T22:24:11.342+0000] {processor.py:175} INFO - Processing /home/airflow/.local/lib/python3.7/site-packages/airflow/example_dags/example_branch_labels.py took 0.164 seconds
[2025-02-08T22:24:41.718+0000] {processor.py:153} INFO - Started process (PID=2881) to work on /home/airflow/.local/lib/python3.7/site-packages/airflow/example_dags/example_branch_labels.py
[2025-02-08T22:24:41.722+0000] {processor.py:743} INFO - Processing file /home/airflow/.local/lib/python3.7/site-packages/airflow/example_dags/example_branch_labels.py for tasks to queue
[2025-02-08T22:24:41.725+0000] {logging_mixin.py:137} INFO - [2025-02-08T22:24:41.725+0000] {dagbag.py:538} INFO - Filling up the DagBag from /home/airflow/.local/lib/python3.7/site-packages/airflow/example_dags/example_branch_labels.py
[2025-02-08T22:24:41.793+0000] {processor.py:753} INFO - DAG(s) dict_keys(['example_branch_labels']) retrieved from /home/airflow/.local/lib/python3.7/site-packages/airflow/example_dags/example_branch_labels.py
[2025-02-08T22:24:41.924+0000] {logging_mixin.py:137} INFO - [2025-02-08T22:24:41.924+0000] {dag.py:2690} INFO - Sync 1 DAGs
[2025-02-08T22:24:42.034+0000] {logging_mixin.py:137} INFO - [2025-02-08T22:24:42.033+0000] {dag.py:3441} INFO - Setting next_dagrun for example_branch_labels to 2025-02-07T00:00:00+00:00, run_after=2025-02-08T00:00:00+00:00
[2025-02-08T22:24:42.144+0000] {processor.py:175} INFO - Processing /home/airflow/.local/lib/python3.7/site-packages/airflow/example_dags/example_branch_labels.py took 0.437 seconds
[2025-02-08T22:25:12.397+0000] {processor.py:153} INFO - Started process (PID=2968) to work on /home/airflow/.local/lib/python3.7/site-packages/airflow/example_dags/example_branch_labels.py
[2025-02-08T22:25:12.400+0000] {processor.py:743} INFO - Processing file /home/airflow/.local/lib/python3.7/site-packages/airflow/example_dags/example_branch_labels.py for tasks to queue
[2025-02-08T22:25:12.402+0000] {logging_mixin.py:137} INFO - [2025-02-08T22:25:12.402+0000] {dagbag.py:538} INFO - Filling up the DagBag from /home/airflow/.local/lib/python3.7/site-packages/airflow/example_dags/example_branch_labels.py
[2025-02-08T22:25:12.423+0000] {processor.py:753} INFO - DAG(s) dict_keys(['example_branch_labels']) retrieved from /home/airflow/.local/lib/python3.7/site-packages/airflow/example_dags/example_branch_labels.py
[2025-02-08T22:25:12.469+0000] {logging_mixin.py:137} INFO - [2025-02-08T22:25:12.468+0000] {dag.py:2690} INFO - Sync 1 DAGs
[2025-02-08T22:25:12.539+0000] {logging_mixin.py:137} INFO - [2025-02-08T22:25:12.538+0000] {dag.py:3441} INFO - Setting next_dagrun for example_branch_labels to 2025-02-07T00:00:00+00:00, run_after=2025-02-08T00:00:00+00:00
[2025-02-08T22:25:12.575+0000] {processor.py:175} INFO - Processing /home/airflow/.local/lib/python3.7/site-packages/airflow/example_dags/example_branch_labels.py took 0.185 seconds
[2025-02-08T22:25:43.693+0000] {processor.py:153} INFO - Started process (PID=3039) to work on /home/airflow/.local/lib/python3.7/site-packages/airflow/example_dags/example_branch_labels.py
[2025-02-08T22:25:43.695+0000] {processor.py:743} INFO - Processing file /home/airflow/.local/lib/python3.7/site-packages/airflow/example_dags/example_branch_labels.py for tasks to queue
[2025-02-08T22:25:43.698+0000] {logging_mixin.py:137} INFO - [2025-02-08T22:25:43.696+0000] {dagbag.py:538} INFO - Filling up the DagBag from /home/airflow/.local/lib/python3.7/site-packages/airflow/example_dags/example_branch_labels.py
[2025-02-08T22:25:43.744+0000] {processor.py:753} INFO - DAG(s) dict_keys(['example_branch_labels']) retrieved from /home/airflow/.local/lib/python3.7/site-packages/airflow/example_dags/example_branch_labels.py
[2025-02-08T22:25:43.808+0000] {logging_mixin.py:137} INFO - [2025-02-08T22:25:43.808+0000] {dag.py:2690} INFO - Sync 1 DAGs
[2025-02-08T22:25:43.876+0000] {logging_mixin.py:137} INFO - [2025-02-08T22:25:43.876+0000] {dag.py:3441} INFO - Setting next_dagrun for example_branch_labels to 2025-02-07T00:00:00+00:00, run_after=2025-02-08T00:00:00+00:00
[2025-02-08T22:25:43.924+0000] {processor.py:175} INFO - Processing /home/airflow/.local/lib/python3.7/site-packages/airflow/example_dags/example_branch_labels.py took 0.237 seconds
[2025-02-08T22:26:14.177+0000] {processor.py:153} INFO - Started process (PID=3111) to work on /home/airflow/.local/lib/python3.7/site-packages/airflow/example_dags/example_branch_labels.py
[2025-02-08T22:26:14.178+0000] {processor.py:743} INFO - Processing file /home/airflow/.local/lib/python3.7/site-packages/airflow/example_dags/example_branch_labels.py for tasks to queue
[2025-02-08T22:26:14.179+0000] {logging_mixin.py:137} INFO - [2025-02-08T22:26:14.179+0000] {dagbag.py:538} INFO - Filling up the DagBag from /home/airflow/.local/lib/python3.7/site-packages/airflow/example_dags/example_branch_labels.py
[2025-02-08T22:26:14.198+0000] {processor.py:753} INFO - DAG(s) dict_keys(['example_branch_labels']) retrieved from /home/airflow/.local/lib/python3.7/site-packages/airflow/example_dags/example_branch_labels.py
[2025-02-08T22:26:14.229+0000] {logging_mixin.py:137} INFO - [2025-02-08T22:26:14.229+0000] {dag.py:2690} INFO - Sync 1 DAGs
[2025-02-08T22:26:14.258+0000] {logging_mixin.py:137} INFO - [2025-02-08T22:26:14.258+0000] {dag.py:3441} INFO - Setting next_dagrun for example_branch_labels to 2025-02-07T00:00:00+00:00, run_after=2025-02-08T00:00:00+00:00
[2025-02-08T22:26:14.293+0000] {processor.py:175} INFO - Processing /home/airflow/.local/lib/python3.7/site-packages/airflow/example_dags/example_branch_labels.py took 0.119 seconds
[2025-02-08T22:26:44.866+0000] {processor.py:153} INFO - Started process (PID=3199) to work on /home/airflow/.local/lib/python3.7/site-packages/airflow/example_dags/example_branch_labels.py
[2025-02-08T22:26:44.867+0000] {processor.py:743} INFO - Processing file /home/airflow/.local/lib/python3.7/site-packages/airflow/example_dags/example_branch_labels.py for tasks to queue
[2025-02-08T22:26:44.868+0000] {logging_mixin.py:137} INFO - [2025-02-08T22:26:44.867+0000] {dagbag.py:538} INFO - Filling up the DagBag from /home/airflow/.local/lib/python3.7/site-packages/airflow/example_dags/example_branch_labels.py
[2025-02-08T22:26:44.883+0000] {processor.py:753} INFO - DAG(s) dict_keys(['example_branch_labels']) retrieved from /home/airflow/.local/lib/python3.7/site-packages/airflow/example_dags/example_branch_labels.py
[2025-02-08T22:26:44.915+0000] {logging_mixin.py:137} INFO - [2025-02-08T22:26:44.915+0000] {dag.py:2690} INFO - Sync 1 DAGs
[2025-02-08T22:26:44.941+0000] {logging_mixin.py:137} INFO - [2025-02-08T22:26:44.941+0000] {dag.py:3441} INFO - Setting next_dagrun for example_branch_labels to 2025-02-07T00:00:00+00:00, run_after=2025-02-08T00:00:00+00:00
[2025-02-08T22:26:44.965+0000] {processor.py:175} INFO - Processing /home/airflow/.local/lib/python3.7/site-packages/airflow/example_dags/example_branch_labels.py took 0.102 seconds
[2025-02-08T22:27:15.694+0000] {processor.py:153} INFO - Started process (PID=3271) to work on /home/airflow/.local/lib/python3.7/site-packages/airflow/example_dags/example_branch_labels.py
[2025-02-08T22:27:15.697+0000] {processor.py:743} INFO - Processing file /home/airflow/.local/lib/python3.7/site-packages/airflow/example_dags/example_branch_labels.py for tasks to queue
[2025-02-08T22:27:15.699+0000] {logging_mixin.py:137} INFO - [2025-02-08T22:27:15.698+0000] {dagbag.py:538} INFO - Filling up the DagBag from /home/airflow/.local/lib/python3.7/site-packages/airflow/example_dags/example_branch_labels.py
[2025-02-08T22:27:15.736+0000] {processor.py:753} INFO - DAG(s) dict_keys(['example_branch_labels']) retrieved from /home/airflow/.local/lib/python3.7/site-packages/airflow/example_dags/example_branch_labels.py
[2025-02-08T22:27:15.788+0000] {logging_mixin.py:137} INFO - [2025-02-08T22:27:15.787+0000] {dag.py:2690} INFO - Sync 1 DAGs
[2025-02-08T22:27:15.836+0000] {logging_mixin.py:137} INFO - [2025-02-08T22:27:15.836+0000] {dag.py:3441} INFO - Setting next_dagrun for example_branch_labels to 2025-02-07T00:00:00+00:00, run_after=2025-02-08T00:00:00+00:00
[2025-02-08T22:27:15.882+0000] {processor.py:175} INFO - Processing /home/airflow/.local/lib/python3.7/site-packages/airflow/example_dags/example_branch_labels.py took 0.196 seconds
[2025-02-08T22:27:46.621+0000] {processor.py:153} INFO - Started process (PID=3359) to work on /home/airflow/.local/lib/python3.7/site-packages/airflow/example_dags/example_branch_labels.py
[2025-02-08T22:27:46.623+0000] {processor.py:743} INFO - Processing file /home/airflow/.local/lib/python3.7/site-packages/airflow/example_dags/example_branch_labels.py for tasks to queue
[2025-02-08T22:27:46.626+0000] {logging_mixin.py:137} INFO - [2025-02-08T22:27:46.625+0000] {dagbag.py:538} INFO - Filling up the DagBag from /home/airflow/.local/lib/python3.7/site-packages/airflow/example_dags/example_branch_labels.py
[2025-02-08T22:27:46.658+0000] {processor.py:753} INFO - DAG(s) dict_keys(['example_branch_labels']) retrieved from /home/airflow/.local/lib/python3.7/site-packages/airflow/example_dags/example_branch_labels.py
[2025-02-08T22:27:46.720+0000] {logging_mixin.py:137} INFO - [2025-02-08T22:27:46.720+0000] {dag.py:2690} INFO - Sync 1 DAGs
[2025-02-08T22:27:46.779+0000] {logging_mixin.py:137} INFO - [2025-02-08T22:27:46.779+0000] {dag.py:3441} INFO - Setting next_dagrun for example_branch_labels to 2025-02-07T00:00:00+00:00, run_after=2025-02-08T00:00:00+00:00
[2025-02-08T22:27:46.815+0000] {processor.py:175} INFO - Processing /home/airflow/.local/lib/python3.7/site-packages/airflow/example_dags/example_branch_labels.py took 0.201 seconds
