[2025-02-08T22:06:02.603+0000] {processor.py:153} INFO - Started process (PID=56) to work on /home/airflow/.local/lib/python3.7/site-packages/airflow/example_dags/example_branch_operator.py
[2025-02-08T22:06:02.605+0000] {processor.py:743} INFO - Processing file /home/airflow/.local/lib/python3.7/site-packages/airflow/example_dags/example_branch_operator.py for tasks to queue
[2025-02-08T22:06:02.606+0000] {logging_mixin.py:137} INFO - [2025-02-08T22:06:02.606+0000] {dagbag.py:538} INFO - Filling up the DagBag from /home/airflow/.local/lib/python3.7/site-packages/airflow/example_dags/example_branch_operator.py
[2025-02-08T22:06:02.636+0000] {processor.py:753} INFO - DAG(s) dict_keys(['example_branch_operator']) retrieved from /home/airflow/.local/lib/python3.7/site-packages/airflow/example_dags/example_branch_operator.py
[2025-02-08T22:06:02.681+0000] {logging_mixin.py:137} INFO - [2025-02-08T22:06:02.681+0000] {dag.py:2690} INFO - Sync 1 DAGs
[2025-02-08T22:06:02.731+0000] {logging_mixin.py:137} INFO - [2025-02-08T22:06:02.731+0000] {dag.py:3441} INFO - Setting next_dagrun for example_branch_operator to 2025-02-07T00:00:00+00:00, run_after=2025-02-08T00:00:00+00:00
[2025-02-08T22:06:02.770+0000] {processor.py:175} INFO - Processing /home/airflow/.local/lib/python3.7/site-packages/airflow/example_dags/example_branch_operator.py took 0.173 seconds
[2025-02-08T22:06:35.035+0000] {processor.py:153} INFO - Started process (PID=127) to work on /home/airflow/.local/lib/python3.7/site-packages/airflow/example_dags/example_branch_operator.py
[2025-02-08T22:06:35.036+0000] {processor.py:743} INFO - Processing file /home/airflow/.local/lib/python3.7/site-packages/airflow/example_dags/example_branch_operator.py for tasks to queue
[2025-02-08T22:06:35.038+0000] {logging_mixin.py:137} INFO - [2025-02-08T22:06:35.038+0000] {dagbag.py:538} INFO - Filling up the DagBag from /home/airflow/.local/lib/python3.7/site-packages/airflow/example_dags/example_branch_operator.py
[2025-02-08T22:06:35.156+0000] {processor.py:753} INFO - DAG(s) dict_keys(['example_branch_operator']) retrieved from /home/airflow/.local/lib/python3.7/site-packages/airflow/example_dags/example_branch_operator.py
[2025-02-08T22:06:35.211+0000] {logging_mixin.py:137} INFO - [2025-02-08T22:06:35.211+0000] {dag.py:2690} INFO - Sync 1 DAGs
[2025-02-08T22:06:35.304+0000] {logging_mixin.py:137} INFO - [2025-02-08T22:06:35.304+0000] {dag.py:3441} INFO - Setting next_dagrun for example_branch_operator to 2025-02-07T00:00:00+00:00, run_after=2025-02-08T00:00:00+00:00
[2025-02-08T22:06:35.391+0000] {processor.py:175} INFO - Processing /home/airflow/.local/lib/python3.7/site-packages/airflow/example_dags/example_branch_operator.py took 0.374 seconds
[2025-02-08T22:07:05.896+0000] {processor.py:153} INFO - Started process (PID=198) to work on /home/airflow/.local/lib/python3.7/site-packages/airflow/example_dags/example_branch_operator.py
[2025-02-08T22:07:05.897+0000] {processor.py:743} INFO - Processing file /home/airflow/.local/lib/python3.7/site-packages/airflow/example_dags/example_branch_operator.py for tasks to queue
[2025-02-08T22:07:05.898+0000] {logging_mixin.py:137} INFO - [2025-02-08T22:07:05.898+0000] {dagbag.py:538} INFO - Filling up the DagBag from /home/airflow/.local/lib/python3.7/site-packages/airflow/example_dags/example_branch_operator.py
[2025-02-08T22:07:05.914+0000] {processor.py:753} INFO - DAG(s) dict_keys(['example_branch_operator']) retrieved from /home/airflow/.local/lib/python3.7/site-packages/airflow/example_dags/example_branch_operator.py
[2025-02-08T22:07:05.940+0000] {logging_mixin.py:137} INFO - [2025-02-08T22:07:05.940+0000] {dag.py:2690} INFO - Sync 1 DAGs
[2025-02-08T22:07:05.966+0000] {logging_mixin.py:137} INFO - [2025-02-08T22:07:05.965+0000] {dag.py:3441} INFO - Setting next_dagrun for example_branch_operator to 2025-02-07T00:00:00+00:00, run_after=2025-02-08T00:00:00+00:00
[2025-02-08T22:07:05.988+0000] {processor.py:175} INFO - Processing /home/airflow/.local/lib/python3.7/site-packages/airflow/example_dags/example_branch_operator.py took 0.095 seconds
[2025-02-08T22:07:36.416+0000] {processor.py:153} INFO - Started process (PID=269) to work on /home/airflow/.local/lib/python3.7/site-packages/airflow/example_dags/example_branch_operator.py
[2025-02-08T22:07:36.418+0000] {processor.py:743} INFO - Processing file /home/airflow/.local/lib/python3.7/site-packages/airflow/example_dags/example_branch_operator.py for tasks to queue
[2025-02-08T22:07:36.418+0000] {logging_mixin.py:137} INFO - [2025-02-08T22:07:36.418+0000] {dagbag.py:538} INFO - Filling up the DagBag from /home/airflow/.local/lib/python3.7/site-packages/airflow/example_dags/example_branch_operator.py
[2025-02-08T22:07:36.433+0000] {processor.py:753} INFO - DAG(s) dict_keys(['example_branch_operator']) retrieved from /home/airflow/.local/lib/python3.7/site-packages/airflow/example_dags/example_branch_operator.py
[2025-02-08T22:07:36.459+0000] {logging_mixin.py:137} INFO - [2025-02-08T22:07:36.459+0000] {dag.py:2690} INFO - Sync 1 DAGs
[2025-02-08T22:07:36.486+0000] {logging_mixin.py:137} INFO - [2025-02-08T22:07:36.486+0000] {dag.py:3441} INFO - Setting next_dagrun for example_branch_operator to 2025-02-07T00:00:00+00:00, run_after=2025-02-08T00:00:00+00:00
[2025-02-08T22:07:36.510+0000] {processor.py:175} INFO - Processing /home/airflow/.local/lib/python3.7/site-packages/airflow/example_dags/example_branch_operator.py took 0.096 seconds
[2025-02-08T22:08:07.087+0000] {processor.py:153} INFO - Started process (PID=356) to work on /home/airflow/.local/lib/python3.7/site-packages/airflow/example_dags/example_branch_operator.py
[2025-02-08T22:08:07.088+0000] {processor.py:743} INFO - Processing file /home/airflow/.local/lib/python3.7/site-packages/airflow/example_dags/example_branch_operator.py for tasks to queue
[2025-02-08T22:08:07.089+0000] {logging_mixin.py:137} INFO - [2025-02-08T22:08:07.089+0000] {dagbag.py:538} INFO - Filling up the DagBag from /home/airflow/.local/lib/python3.7/site-packages/airflow/example_dags/example_branch_operator.py
[2025-02-08T22:08:07.106+0000] {processor.py:753} INFO - DAG(s) dict_keys(['example_branch_operator']) retrieved from /home/airflow/.local/lib/python3.7/site-packages/airflow/example_dags/example_branch_operator.py
[2025-02-08T22:08:07.132+0000] {logging_mixin.py:137} INFO - [2025-02-08T22:08:07.132+0000] {dag.py:2690} INFO - Sync 1 DAGs
[2025-02-08T22:08:07.156+0000] {logging_mixin.py:137} INFO - [2025-02-08T22:08:07.156+0000] {dag.py:3441} INFO - Setting next_dagrun for example_branch_operator to 2025-02-07T00:00:00+00:00, run_after=2025-02-08T00:00:00+00:00
[2025-02-08T22:08:07.180+0000] {processor.py:175} INFO - Processing /home/airflow/.local/lib/python3.7/site-packages/airflow/example_dags/example_branch_operator.py took 0.095 seconds
[2025-02-08T22:08:37.817+0000] {processor.py:153} INFO - Started process (PID=427) to work on /home/airflow/.local/lib/python3.7/site-packages/airflow/example_dags/example_branch_operator.py
[2025-02-08T22:08:37.819+0000] {processor.py:743} INFO - Processing file /home/airflow/.local/lib/python3.7/site-packages/airflow/example_dags/example_branch_operator.py for tasks to queue
[2025-02-08T22:08:37.821+0000] {logging_mixin.py:137} INFO - [2025-02-08T22:08:37.821+0000] {dagbag.py:538} INFO - Filling up the DagBag from /home/airflow/.local/lib/python3.7/site-packages/airflow/example_dags/example_branch_operator.py
[2025-02-08T22:08:37.854+0000] {processor.py:753} INFO - DAG(s) dict_keys(['example_branch_operator']) retrieved from /home/airflow/.local/lib/python3.7/site-packages/airflow/example_dags/example_branch_operator.py
[2025-02-08T22:08:37.916+0000] {logging_mixin.py:137} INFO - [2025-02-08T22:08:37.916+0000] {dag.py:2690} INFO - Sync 1 DAGs
[2025-02-08T22:08:37.982+0000] {logging_mixin.py:137} INFO - [2025-02-08T22:08:37.981+0000] {dag.py:3441} INFO - Setting next_dagrun for example_branch_operator to 2025-02-07T00:00:00+00:00, run_after=2025-02-08T00:00:00+00:00
[2025-02-08T22:08:38.031+0000] {processor.py:175} INFO - Processing /home/airflow/.local/lib/python3.7/site-packages/airflow/example_dags/example_branch_operator.py took 0.219 seconds
[2025-02-08T22:09:08.947+0000] {processor.py:153} INFO - Started process (PID=498) to work on /home/airflow/.local/lib/python3.7/site-packages/airflow/example_dags/example_branch_operator.py
[2025-02-08T22:09:08.948+0000] {processor.py:743} INFO - Processing file /home/airflow/.local/lib/python3.7/site-packages/airflow/example_dags/example_branch_operator.py for tasks to queue
[2025-02-08T22:09:08.949+0000] {logging_mixin.py:137} INFO - [2025-02-08T22:09:08.949+0000] {dagbag.py:538} INFO - Filling up the DagBag from /home/airflow/.local/lib/python3.7/site-packages/airflow/example_dags/example_branch_operator.py
[2025-02-08T22:09:08.966+0000] {processor.py:753} INFO - DAG(s) dict_keys(['example_branch_operator']) retrieved from /home/airflow/.local/lib/python3.7/site-packages/airflow/example_dags/example_branch_operator.py
[2025-02-08T22:09:08.993+0000] {logging_mixin.py:137} INFO - [2025-02-08T22:09:08.993+0000] {dag.py:2690} INFO - Sync 1 DAGs
[2025-02-08T22:09:09.023+0000] {logging_mixin.py:137} INFO - [2025-02-08T22:09:09.023+0000] {dag.py:3441} INFO - Setting next_dagrun for example_branch_operator to 2025-02-07T00:00:00+00:00, run_after=2025-02-08T00:00:00+00:00
[2025-02-08T22:09:09.049+0000] {processor.py:175} INFO - Processing /home/airflow/.local/lib/python3.7/site-packages/airflow/example_dags/example_branch_operator.py took 0.106 seconds
[2025-02-08T22:09:39.345+0000] {processor.py:153} INFO - Started process (PID=585) to work on /home/airflow/.local/lib/python3.7/site-packages/airflow/example_dags/example_branch_operator.py
[2025-02-08T22:09:39.347+0000] {processor.py:743} INFO - Processing file /home/airflow/.local/lib/python3.7/site-packages/airflow/example_dags/example_branch_operator.py for tasks to queue
[2025-02-08T22:09:39.349+0000] {logging_mixin.py:137} INFO - [2025-02-08T22:09:39.349+0000] {dagbag.py:538} INFO - Filling up the DagBag from /home/airflow/.local/lib/python3.7/site-packages/airflow/example_dags/example_branch_operator.py
[2025-02-08T22:09:39.393+0000] {processor.py:753} INFO - DAG(s) dict_keys(['example_branch_operator']) retrieved from /home/airflow/.local/lib/python3.7/site-packages/airflow/example_dags/example_branch_operator.py
[2025-02-08T22:09:39.456+0000] {logging_mixin.py:137} INFO - [2025-02-08T22:09:39.456+0000] {dag.py:2690} INFO - Sync 1 DAGs
[2025-02-08T22:09:39.517+0000] {logging_mixin.py:137} INFO - [2025-02-08T22:09:39.517+0000] {dag.py:3441} INFO - Setting next_dagrun for example_branch_operator to 2025-02-07T00:00:00+00:00, run_after=2025-02-08T00:00:00+00:00
[2025-02-08T22:09:39.556+0000] {processor.py:175} INFO - Processing /home/airflow/.local/lib/python3.7/site-packages/airflow/example_dags/example_branch_operator.py took 0.218 seconds
[2025-02-08T22:10:09.919+0000] {processor.py:153} INFO - Started process (PID=656) to work on /home/airflow/.local/lib/python3.7/site-packages/airflow/example_dags/example_branch_operator.py
[2025-02-08T22:10:09.921+0000] {processor.py:743} INFO - Processing file /home/airflow/.local/lib/python3.7/site-packages/airflow/example_dags/example_branch_operator.py for tasks to queue
[2025-02-08T22:10:09.923+0000] {logging_mixin.py:137} INFO - [2025-02-08T22:10:09.922+0000] {dagbag.py:538} INFO - Filling up the DagBag from /home/airflow/.local/lib/python3.7/site-packages/airflow/example_dags/example_branch_operator.py
[2025-02-08T22:10:09.943+0000] {processor.py:753} INFO - DAG(s) dict_keys(['example_branch_operator']) retrieved from /home/airflow/.local/lib/python3.7/site-packages/airflow/example_dags/example_branch_operator.py
[2025-02-08T22:10:09.976+0000] {logging_mixin.py:137} INFO - [2025-02-08T22:10:09.976+0000] {dag.py:2690} INFO - Sync 1 DAGs
[2025-02-08T22:10:10.006+0000] {logging_mixin.py:137} INFO - [2025-02-08T22:10:10.006+0000] {dag.py:3441} INFO - Setting next_dagrun for example_branch_operator to 2025-02-07T00:00:00+00:00, run_after=2025-02-08T00:00:00+00:00
[2025-02-08T22:10:10.033+0000] {processor.py:175} INFO - Processing /home/airflow/.local/lib/python3.7/site-packages/airflow/example_dags/example_branch_operator.py took 0.117 seconds
[2025-02-08T22:10:40.791+0000] {processor.py:153} INFO - Started process (PID=743) to work on /home/airflow/.local/lib/python3.7/site-packages/airflow/example_dags/example_branch_operator.py
[2025-02-08T22:10:40.792+0000] {processor.py:743} INFO - Processing file /home/airflow/.local/lib/python3.7/site-packages/airflow/example_dags/example_branch_operator.py for tasks to queue
[2025-02-08T22:10:40.793+0000] {logging_mixin.py:137} INFO - [2025-02-08T22:10:40.793+0000] {dagbag.py:538} INFO - Filling up the DagBag from /home/airflow/.local/lib/python3.7/site-packages/airflow/example_dags/example_branch_operator.py
[2025-02-08T22:10:40.812+0000] {processor.py:753} INFO - DAG(s) dict_keys(['example_branch_operator']) retrieved from /home/airflow/.local/lib/python3.7/site-packages/airflow/example_dags/example_branch_operator.py
[2025-02-08T22:10:40.842+0000] {logging_mixin.py:137} INFO - [2025-02-08T22:10:40.842+0000] {dag.py:2690} INFO - Sync 1 DAGs
[2025-02-08T22:10:40.880+0000] {logging_mixin.py:137} INFO - [2025-02-08T22:10:40.879+0000] {dag.py:3441} INFO - Setting next_dagrun for example_branch_operator to 2025-02-07T00:00:00+00:00, run_after=2025-02-08T00:00:00+00:00
[2025-02-08T22:10:40.915+0000] {processor.py:175} INFO - Processing /home/airflow/.local/lib/python3.7/site-packages/airflow/example_dags/example_branch_operator.py took 0.126 seconds
[2025-02-08T22:11:11.023+0000] {processor.py:153} INFO - Started process (PID=821) to work on /home/airflow/.local/lib/python3.7/site-packages/airflow/example_dags/example_branch_operator.py
[2025-02-08T22:11:11.024+0000] {processor.py:743} INFO - Processing file /home/airflow/.local/lib/python3.7/site-packages/airflow/example_dags/example_branch_operator.py for tasks to queue
[2025-02-08T22:11:11.025+0000] {logging_mixin.py:137} INFO - [2025-02-08T22:11:11.025+0000] {dagbag.py:538} INFO - Filling up the DagBag from /home/airflow/.local/lib/python3.7/site-packages/airflow/example_dags/example_branch_operator.py
[2025-02-08T22:11:11.048+0000] {processor.py:753} INFO - DAG(s) dict_keys(['example_branch_operator']) retrieved from /home/airflow/.local/lib/python3.7/site-packages/airflow/example_dags/example_branch_operator.py
[2025-02-08T22:11:11.095+0000] {logging_mixin.py:137} INFO - [2025-02-08T22:11:11.095+0000] {dag.py:2690} INFO - Sync 1 DAGs
[2025-02-08T22:11:11.128+0000] {logging_mixin.py:137} INFO - [2025-02-08T22:11:11.128+0000] {dag.py:3441} INFO - Setting next_dagrun for example_branch_operator to 2025-02-07T00:00:00+00:00, run_after=2025-02-08T00:00:00+00:00
[2025-02-08T22:11:11.168+0000] {processor.py:175} INFO - Processing /home/airflow/.local/lib/python3.7/site-packages/airflow/example_dags/example_branch_operator.py took 0.149 seconds
[2025-02-08T22:11:41.256+0000] {processor.py:153} INFO - Started process (PID=901) to work on /home/airflow/.local/lib/python3.7/site-packages/airflow/example_dags/example_branch_operator.py
[2025-02-08T22:11:41.257+0000] {processor.py:743} INFO - Processing file /home/airflow/.local/lib/python3.7/site-packages/airflow/example_dags/example_branch_operator.py for tasks to queue
[2025-02-08T22:11:41.258+0000] {logging_mixin.py:137} INFO - [2025-02-08T22:11:41.258+0000] {dagbag.py:538} INFO - Filling up the DagBag from /home/airflow/.local/lib/python3.7/site-packages/airflow/example_dags/example_branch_operator.py
[2025-02-08T22:11:41.272+0000] {processor.py:753} INFO - DAG(s) dict_keys(['example_branch_operator']) retrieved from /home/airflow/.local/lib/python3.7/site-packages/airflow/example_dags/example_branch_operator.py
[2025-02-08T22:11:41.300+0000] {logging_mixin.py:137} INFO - [2025-02-08T22:11:41.300+0000] {dag.py:2690} INFO - Sync 1 DAGs
[2025-02-08T22:11:41.326+0000] {logging_mixin.py:137} INFO - [2025-02-08T22:11:41.325+0000] {dag.py:3441} INFO - Setting next_dagrun for example_branch_operator to 2025-02-07T00:00:00+00:00, run_after=2025-02-08T00:00:00+00:00
[2025-02-08T22:11:41.349+0000] {processor.py:175} INFO - Processing /home/airflow/.local/lib/python3.7/site-packages/airflow/example_dags/example_branch_operator.py took 0.096 seconds
[2025-02-08T22:12:11.433+0000] {processor.py:153} INFO - Started process (PID=972) to work on /home/airflow/.local/lib/python3.7/site-packages/airflow/example_dags/example_branch_operator.py
[2025-02-08T22:12:11.436+0000] {processor.py:743} INFO - Processing file /home/airflow/.local/lib/python3.7/site-packages/airflow/example_dags/example_branch_operator.py for tasks to queue
[2025-02-08T22:12:11.438+0000] {logging_mixin.py:137} INFO - [2025-02-08T22:12:11.437+0000] {dagbag.py:538} INFO - Filling up the DagBag from /home/airflow/.local/lib/python3.7/site-packages/airflow/example_dags/example_branch_operator.py
[2025-02-08T22:12:11.474+0000] {processor.py:753} INFO - DAG(s) dict_keys(['example_branch_operator']) retrieved from /home/airflow/.local/lib/python3.7/site-packages/airflow/example_dags/example_branch_operator.py
[2025-02-08T22:12:11.533+0000] {logging_mixin.py:137} INFO - [2025-02-08T22:12:11.533+0000] {dag.py:2690} INFO - Sync 1 DAGs
[2025-02-08T22:12:11.599+0000] {logging_mixin.py:137} INFO - [2025-02-08T22:12:11.599+0000] {dag.py:3441} INFO - Setting next_dagrun for example_branch_operator to 2025-02-07T00:00:00+00:00, run_after=2025-02-08T00:00:00+00:00
[2025-02-08T22:12:11.635+0000] {processor.py:175} INFO - Processing /home/airflow/.local/lib/python3.7/site-packages/airflow/example_dags/example_branch_operator.py took 0.218 seconds
[2025-02-08T22:12:42.295+0000] {processor.py:153} INFO - Started process (PID=1060) to work on /home/airflow/.local/lib/python3.7/site-packages/airflow/example_dags/example_branch_operator.py
[2025-02-08T22:12:42.296+0000] {processor.py:743} INFO - Processing file /home/airflow/.local/lib/python3.7/site-packages/airflow/example_dags/example_branch_operator.py for tasks to queue
[2025-02-08T22:12:42.297+0000] {logging_mixin.py:137} INFO - [2025-02-08T22:12:42.297+0000] {dagbag.py:538} INFO - Filling up the DagBag from /home/airflow/.local/lib/python3.7/site-packages/airflow/example_dags/example_branch_operator.py
[2025-02-08T22:12:42.320+0000] {processor.py:753} INFO - DAG(s) dict_keys(['example_branch_operator']) retrieved from /home/airflow/.local/lib/python3.7/site-packages/airflow/example_dags/example_branch_operator.py
[2025-02-08T22:12:42.355+0000] {logging_mixin.py:137} INFO - [2025-02-08T22:12:42.354+0000] {dag.py:2690} INFO - Sync 1 DAGs
[2025-02-08T22:12:42.392+0000] {logging_mixin.py:137} INFO - [2025-02-08T22:12:42.392+0000] {dag.py:3441} INFO - Setting next_dagrun for example_branch_operator to 2025-02-07T00:00:00+00:00, run_after=2025-02-08T00:00:00+00:00
[2025-02-08T22:12:42.424+0000] {processor.py:175} INFO - Processing /home/airflow/.local/lib/python3.7/site-packages/airflow/example_dags/example_branch_operator.py took 0.139 seconds
[2025-02-08T22:13:12.461+0000] {processor.py:153} INFO - Started process (PID=1131) to work on /home/airflow/.local/lib/python3.7/site-packages/airflow/example_dags/example_branch_operator.py
[2025-02-08T22:13:12.462+0000] {processor.py:743} INFO - Processing file /home/airflow/.local/lib/python3.7/site-packages/airflow/example_dags/example_branch_operator.py for tasks to queue
[2025-02-08T22:13:12.462+0000] {logging_mixin.py:137} INFO - [2025-02-08T22:13:12.462+0000] {dagbag.py:538} INFO - Filling up the DagBag from /home/airflow/.local/lib/python3.7/site-packages/airflow/example_dags/example_branch_operator.py
[2025-02-08T22:13:12.483+0000] {processor.py:753} INFO - DAG(s) dict_keys(['example_branch_operator']) retrieved from /home/airflow/.local/lib/python3.7/site-packages/airflow/example_dags/example_branch_operator.py
[2025-02-08T22:13:12.517+0000] {logging_mixin.py:137} INFO - [2025-02-08T22:13:12.517+0000] {dag.py:2690} INFO - Sync 1 DAGs
[2025-02-08T22:13:12.554+0000] {logging_mixin.py:137} INFO - [2025-02-08T22:13:12.553+0000] {dag.py:3441} INFO - Setting next_dagrun for example_branch_operator to 2025-02-07T00:00:00+00:00, run_after=2025-02-08T00:00:00+00:00
[2025-02-08T22:13:12.583+0000] {processor.py:175} INFO - Processing /home/airflow/.local/lib/python3.7/site-packages/airflow/example_dags/example_branch_operator.py took 0.126 seconds
[2025-02-08T22:13:43.386+0000] {processor.py:153} INFO - Started process (PID=1218) to work on /home/airflow/.local/lib/python3.7/site-packages/airflow/example_dags/example_branch_operator.py
[2025-02-08T22:13:43.387+0000] {processor.py:743} INFO - Processing file /home/airflow/.local/lib/python3.7/site-packages/airflow/example_dags/example_branch_operator.py for tasks to queue
[2025-02-08T22:13:43.388+0000] {logging_mixin.py:137} INFO - [2025-02-08T22:13:43.388+0000] {dagbag.py:538} INFO - Filling up the DagBag from /home/airflow/.local/lib/python3.7/site-packages/airflow/example_dags/example_branch_operator.py
[2025-02-08T22:13:43.402+0000] {processor.py:753} INFO - DAG(s) dict_keys(['example_branch_operator']) retrieved from /home/airflow/.local/lib/python3.7/site-packages/airflow/example_dags/example_branch_operator.py
[2025-02-08T22:13:43.430+0000] {logging_mixin.py:137} INFO - [2025-02-08T22:13:43.429+0000] {dag.py:2690} INFO - Sync 1 DAGs
[2025-02-08T22:13:43.453+0000] {logging_mixin.py:137} INFO - [2025-02-08T22:13:43.453+0000] {dag.py:3441} INFO - Setting next_dagrun for example_branch_operator to 2025-02-07T00:00:00+00:00, run_after=2025-02-08T00:00:00+00:00
[2025-02-08T22:13:43.477+0000] {processor.py:175} INFO - Processing /home/airflow/.local/lib/python3.7/site-packages/airflow/example_dags/example_branch_operator.py took 0.094 seconds
[2025-02-08T22:14:13.869+0000] {processor.py:153} INFO - Started process (PID=1289) to work on /home/airflow/.local/lib/python3.7/site-packages/airflow/example_dags/example_branch_operator.py
[2025-02-08T22:14:13.870+0000] {processor.py:743} INFO - Processing file /home/airflow/.local/lib/python3.7/site-packages/airflow/example_dags/example_branch_operator.py for tasks to queue
[2025-02-08T22:14:13.871+0000] {logging_mixin.py:137} INFO - [2025-02-08T22:14:13.871+0000] {dagbag.py:538} INFO - Filling up the DagBag from /home/airflow/.local/lib/python3.7/site-packages/airflow/example_dags/example_branch_operator.py
[2025-02-08T22:14:13.887+0000] {processor.py:753} INFO - DAG(s) dict_keys(['example_branch_operator']) retrieved from /home/airflow/.local/lib/python3.7/site-packages/airflow/example_dags/example_branch_operator.py
[2025-02-08T22:14:13.914+0000] {logging_mixin.py:137} INFO - [2025-02-08T22:14:13.914+0000] {dag.py:2690} INFO - Sync 1 DAGs
[2025-02-08T22:14:13.939+0000] {logging_mixin.py:137} INFO - [2025-02-08T22:14:13.938+0000] {dag.py:3441} INFO - Setting next_dagrun for example_branch_operator to 2025-02-07T00:00:00+00:00, run_after=2025-02-08T00:00:00+00:00
[2025-02-08T22:14:13.962+0000] {processor.py:175} INFO - Processing /home/airflow/.local/lib/python3.7/site-packages/airflow/example_dags/example_branch_operator.py took 0.096 seconds
[2025-02-08T22:14:44.279+0000] {processor.py:153} INFO - Started process (PID=1360) to work on /home/airflow/.local/lib/python3.7/site-packages/airflow/example_dags/example_branch_operator.py
[2025-02-08T22:14:44.280+0000] {processor.py:743} INFO - Processing file /home/airflow/.local/lib/python3.7/site-packages/airflow/example_dags/example_branch_operator.py for tasks to queue
[2025-02-08T22:14:44.282+0000] {logging_mixin.py:137} INFO - [2025-02-08T22:14:44.282+0000] {dagbag.py:538} INFO - Filling up the DagBag from /home/airflow/.local/lib/python3.7/site-packages/airflow/example_dags/example_branch_operator.py
[2025-02-08T22:14:44.315+0000] {processor.py:753} INFO - DAG(s) dict_keys(['example_branch_operator']) retrieved from /home/airflow/.local/lib/python3.7/site-packages/airflow/example_dags/example_branch_operator.py
[2025-02-08T22:14:44.364+0000] {logging_mixin.py:137} INFO - [2025-02-08T22:14:44.364+0000] {dag.py:2690} INFO - Sync 1 DAGs
[2025-02-08T22:14:44.418+0000] {logging_mixin.py:137} INFO - [2025-02-08T22:14:44.418+0000] {dag.py:3441} INFO - Setting next_dagrun for example_branch_operator to 2025-02-07T00:00:00+00:00, run_after=2025-02-08T00:00:00+00:00
[2025-02-08T22:14:44.475+0000] {processor.py:175} INFO - Processing /home/airflow/.local/lib/python3.7/site-packages/airflow/example_dags/example_branch_operator.py took 0.202 seconds
[2025-02-08T22:15:14.577+0000] {processor.py:153} INFO - Started process (PID=1431) to work on /home/airflow/.local/lib/python3.7/site-packages/airflow/example_dags/example_branch_operator.py
[2025-02-08T22:15:14.578+0000] {processor.py:743} INFO - Processing file /home/airflow/.local/lib/python3.7/site-packages/airflow/example_dags/example_branch_operator.py for tasks to queue
[2025-02-08T22:15:14.580+0000] {logging_mixin.py:137} INFO - [2025-02-08T22:15:14.579+0000] {dagbag.py:538} INFO - Filling up the DagBag from /home/airflow/.local/lib/python3.7/site-packages/airflow/example_dags/example_branch_operator.py
[2025-02-08T22:15:14.596+0000] {processor.py:753} INFO - DAG(s) dict_keys(['example_branch_operator']) retrieved from /home/airflow/.local/lib/python3.7/site-packages/airflow/example_dags/example_branch_operator.py
[2025-02-08T22:15:14.625+0000] {logging_mixin.py:137} INFO - [2025-02-08T22:15:14.625+0000] {dag.py:2690} INFO - Sync 1 DAGs
[2025-02-08T22:15:14.656+0000] {logging_mixin.py:137} INFO - [2025-02-08T22:15:14.656+0000] {dag.py:3441} INFO - Setting next_dagrun for example_branch_operator to 2025-02-07T00:00:00+00:00, run_after=2025-02-08T00:00:00+00:00
[2025-02-08T22:15:14.683+0000] {processor.py:175} INFO - Processing /home/airflow/.local/lib/python3.7/site-packages/airflow/example_dags/example_branch_operator.py took 0.109 seconds
[2025-02-08T22:15:44.832+0000] {processor.py:153} INFO - Started process (PID=1518) to work on /home/airflow/.local/lib/python3.7/site-packages/airflow/example_dags/example_branch_operator.py
[2025-02-08T22:15:44.833+0000] {processor.py:743} INFO - Processing file /home/airflow/.local/lib/python3.7/site-packages/airflow/example_dags/example_branch_operator.py for tasks to queue
[2025-02-08T22:15:44.834+0000] {logging_mixin.py:137} INFO - [2025-02-08T22:15:44.834+0000] {dagbag.py:538} INFO - Filling up the DagBag from /home/airflow/.local/lib/python3.7/site-packages/airflow/example_dags/example_branch_operator.py
[2025-02-08T22:15:44.851+0000] {processor.py:753} INFO - DAG(s) dict_keys(['example_branch_operator']) retrieved from /home/airflow/.local/lib/python3.7/site-packages/airflow/example_dags/example_branch_operator.py
[2025-02-08T22:15:44.883+0000] {logging_mixin.py:137} INFO - [2025-02-08T22:15:44.883+0000] {dag.py:2690} INFO - Sync 1 DAGs
[2025-02-08T22:15:44.919+0000] {logging_mixin.py:137} INFO - [2025-02-08T22:15:44.919+0000] {dag.py:3441} INFO - Setting next_dagrun for example_branch_operator to 2025-02-07T00:00:00+00:00, run_after=2025-02-08T00:00:00+00:00
[2025-02-08T22:15:44.950+0000] {processor.py:175} INFO - Processing /home/airflow/.local/lib/python3.7/site-packages/airflow/example_dags/example_branch_operator.py took 0.122 seconds
[2025-02-08T22:16:15.435+0000] {processor.py:153} INFO - Started process (PID=1589) to work on /home/airflow/.local/lib/python3.7/site-packages/airflow/example_dags/example_branch_operator.py
[2025-02-08T22:16:15.436+0000] {processor.py:743} INFO - Processing file /home/airflow/.local/lib/python3.7/site-packages/airflow/example_dags/example_branch_operator.py for tasks to queue
[2025-02-08T22:16:15.437+0000] {logging_mixin.py:137} INFO - [2025-02-08T22:16:15.437+0000] {dagbag.py:538} INFO - Filling up the DagBag from /home/airflow/.local/lib/python3.7/site-packages/airflow/example_dags/example_branch_operator.py
[2025-02-08T22:16:15.452+0000] {processor.py:753} INFO - DAG(s) dict_keys(['example_branch_operator']) retrieved from /home/airflow/.local/lib/python3.7/site-packages/airflow/example_dags/example_branch_operator.py
[2025-02-08T22:16:15.478+0000] {logging_mixin.py:137} INFO - [2025-02-08T22:16:15.478+0000] {dag.py:2690} INFO - Sync 1 DAGs
[2025-02-08T22:16:15.504+0000] {logging_mixin.py:137} INFO - [2025-02-08T22:16:15.504+0000] {dag.py:3441} INFO - Setting next_dagrun for example_branch_operator to 2025-02-07T00:00:00+00:00, run_after=2025-02-08T00:00:00+00:00
[2025-02-08T22:16:15.527+0000] {processor.py:175} INFO - Processing /home/airflow/.local/lib/python3.7/site-packages/airflow/example_dags/example_branch_operator.py took 0.096 seconds
[2025-02-08T22:16:45.707+0000] {processor.py:153} INFO - Started process (PID=1676) to work on /home/airflow/.local/lib/python3.7/site-packages/airflow/example_dags/example_branch_operator.py
[2025-02-08T22:16:45.708+0000] {processor.py:743} INFO - Processing file /home/airflow/.local/lib/python3.7/site-packages/airflow/example_dags/example_branch_operator.py for tasks to queue
[2025-02-08T22:16:45.709+0000] {logging_mixin.py:137} INFO - [2025-02-08T22:16:45.708+0000] {dagbag.py:538} INFO - Filling up the DagBag from /home/airflow/.local/lib/python3.7/site-packages/airflow/example_dags/example_branch_operator.py
[2025-02-08T22:16:45.728+0000] {processor.py:753} INFO - DAG(s) dict_keys(['example_branch_operator']) retrieved from /home/airflow/.local/lib/python3.7/site-packages/airflow/example_dags/example_branch_operator.py
[2025-02-08T22:16:45.809+0000] {logging_mixin.py:137} INFO - [2025-02-08T22:16:45.809+0000] {dag.py:2690} INFO - Sync 1 DAGs
[2025-02-08T22:16:45.868+0000] {logging_mixin.py:137} INFO - [2025-02-08T22:16:45.868+0000] {dag.py:3441} INFO - Setting next_dagrun for example_branch_operator to 2025-02-07T00:00:00+00:00, run_after=2025-02-08T00:00:00+00:00
[2025-02-08T22:16:45.906+0000] {processor.py:175} INFO - Processing /home/airflow/.local/lib/python3.7/site-packages/airflow/example_dags/example_branch_operator.py took 0.203 seconds
[2025-02-08T22:17:16.677+0000] {processor.py:153} INFO - Started process (PID=1747) to work on /home/airflow/.local/lib/python3.7/site-packages/airflow/example_dags/example_branch_operator.py
[2025-02-08T22:17:16.678+0000] {processor.py:743} INFO - Processing file /home/airflow/.local/lib/python3.7/site-packages/airflow/example_dags/example_branch_operator.py for tasks to queue
[2025-02-08T22:17:16.679+0000] {logging_mixin.py:137} INFO - [2025-02-08T22:17:16.679+0000] {dagbag.py:538} INFO - Filling up the DagBag from /home/airflow/.local/lib/python3.7/site-packages/airflow/example_dags/example_branch_operator.py
[2025-02-08T22:17:16.695+0000] {processor.py:753} INFO - DAG(s) dict_keys(['example_branch_operator']) retrieved from /home/airflow/.local/lib/python3.7/site-packages/airflow/example_dags/example_branch_operator.py
[2025-02-08T22:17:16.721+0000] {logging_mixin.py:137} INFO - [2025-02-08T22:17:16.721+0000] {dag.py:2690} INFO - Sync 1 DAGs
[2025-02-08T22:17:16.745+0000] {logging_mixin.py:137} INFO - [2025-02-08T22:17:16.745+0000] {dag.py:3441} INFO - Setting next_dagrun for example_branch_operator to 2025-02-07T00:00:00+00:00, run_after=2025-02-08T00:00:00+00:00
[2025-02-08T22:17:16.769+0000] {processor.py:175} INFO - Processing /home/airflow/.local/lib/python3.7/site-packages/airflow/example_dags/example_branch_operator.py took 0.094 seconds
[2025-02-08T22:17:46.941+0000] {processor.py:153} INFO - Started process (PID=1834) to work on /home/airflow/.local/lib/python3.7/site-packages/airflow/example_dags/example_branch_operator.py
[2025-02-08T22:17:46.942+0000] {processor.py:743} INFO - Processing file /home/airflow/.local/lib/python3.7/site-packages/airflow/example_dags/example_branch_operator.py for tasks to queue
[2025-02-08T22:17:46.943+0000] {logging_mixin.py:137} INFO - [2025-02-08T22:17:46.943+0000] {dagbag.py:538} INFO - Filling up the DagBag from /home/airflow/.local/lib/python3.7/site-packages/airflow/example_dags/example_branch_operator.py
[2025-02-08T22:17:46.959+0000] {processor.py:753} INFO - DAG(s) dict_keys(['example_branch_operator']) retrieved from /home/airflow/.local/lib/python3.7/site-packages/airflow/example_dags/example_branch_operator.py
[2025-02-08T22:17:46.986+0000] {logging_mixin.py:137} INFO - [2025-02-08T22:17:46.986+0000] {dag.py:2690} INFO - Sync 1 DAGs
[2025-02-08T22:17:47.013+0000] {logging_mixin.py:137} INFO - [2025-02-08T22:17:47.013+0000] {dag.py:3441} INFO - Setting next_dagrun for example_branch_operator to 2025-02-07T00:00:00+00:00, run_after=2025-02-08T00:00:00+00:00
[2025-02-08T22:17:47.038+0000] {processor.py:175} INFO - Processing /home/airflow/.local/lib/python3.7/site-packages/airflow/example_dags/example_branch_operator.py took 0.100 seconds
[2025-02-08T22:18:17.493+0000] {processor.py:153} INFO - Started process (PID=1905) to work on /home/airflow/.local/lib/python3.7/site-packages/airflow/example_dags/example_branch_operator.py
[2025-02-08T22:18:17.494+0000] {processor.py:743} INFO - Processing file /home/airflow/.local/lib/python3.7/site-packages/airflow/example_dags/example_branch_operator.py for tasks to queue
[2025-02-08T22:18:17.495+0000] {logging_mixin.py:137} INFO - [2025-02-08T22:18:17.495+0000] {dagbag.py:538} INFO - Filling up the DagBag from /home/airflow/.local/lib/python3.7/site-packages/airflow/example_dags/example_branch_operator.py
[2025-02-08T22:18:17.510+0000] {processor.py:753} INFO - DAG(s) dict_keys(['example_branch_operator']) retrieved from /home/airflow/.local/lib/python3.7/site-packages/airflow/example_dags/example_branch_operator.py
[2025-02-08T22:18:17.536+0000] {logging_mixin.py:137} INFO - [2025-02-08T22:18:17.536+0000] {dag.py:2690} INFO - Sync 1 DAGs
[2025-02-08T22:18:17.559+0000] {logging_mixin.py:137} INFO - [2025-02-08T22:18:17.559+0000] {dag.py:3441} INFO - Setting next_dagrun for example_branch_operator to 2025-02-07T00:00:00+00:00, run_after=2025-02-08T00:00:00+00:00
[2025-02-08T22:18:17.583+0000] {processor.py:175} INFO - Processing /home/airflow/.local/lib/python3.7/site-packages/airflow/example_dags/example_branch_operator.py took 0.093 seconds
[2025-02-08T22:18:48.426+0000] {processor.py:153} INFO - Started process (PID=1992) to work on /home/airflow/.local/lib/python3.7/site-packages/airflow/example_dags/example_branch_operator.py
[2025-02-08T22:18:48.427+0000] {processor.py:743} INFO - Processing file /home/airflow/.local/lib/python3.7/site-packages/airflow/example_dags/example_branch_operator.py for tasks to queue
[2025-02-08T22:18:48.428+0000] {logging_mixin.py:137} INFO - [2025-02-08T22:18:48.428+0000] {dagbag.py:538} INFO - Filling up the DagBag from /home/airflow/.local/lib/python3.7/site-packages/airflow/example_dags/example_branch_operator.py
[2025-02-08T22:18:48.443+0000] {processor.py:753} INFO - DAG(s) dict_keys(['example_branch_operator']) retrieved from /home/airflow/.local/lib/python3.7/site-packages/airflow/example_dags/example_branch_operator.py
[2025-02-08T22:18:48.470+0000] {logging_mixin.py:137} INFO - [2025-02-08T22:18:48.470+0000] {dag.py:2690} INFO - Sync 1 DAGs
[2025-02-08T22:18:48.496+0000] {logging_mixin.py:137} INFO - [2025-02-08T22:18:48.496+0000] {dag.py:3441} INFO - Setting next_dagrun for example_branch_operator to 2025-02-07T00:00:00+00:00, run_after=2025-02-08T00:00:00+00:00
[2025-02-08T22:18:48.520+0000] {processor.py:175} INFO - Processing /home/airflow/.local/lib/python3.7/site-packages/airflow/example_dags/example_branch_operator.py took 0.097 seconds
[2025-02-08T22:19:18.731+0000] {processor.py:153} INFO - Started process (PID=2063) to work on /home/airflow/.local/lib/python3.7/site-packages/airflow/example_dags/example_branch_operator.py
[2025-02-08T22:19:18.732+0000] {processor.py:743} INFO - Processing file /home/airflow/.local/lib/python3.7/site-packages/airflow/example_dags/example_branch_operator.py for tasks to queue
[2025-02-08T22:19:18.734+0000] {logging_mixin.py:137} INFO - [2025-02-08T22:19:18.733+0000] {dagbag.py:538} INFO - Filling up the DagBag from /home/airflow/.local/lib/python3.7/site-packages/airflow/example_dags/example_branch_operator.py
[2025-02-08T22:19:18.758+0000] {processor.py:753} INFO - DAG(s) dict_keys(['example_branch_operator']) retrieved from /home/airflow/.local/lib/python3.7/site-packages/airflow/example_dags/example_branch_operator.py
[2025-02-08T22:19:18.796+0000] {logging_mixin.py:137} INFO - [2025-02-08T22:19:18.796+0000] {dag.py:2690} INFO - Sync 1 DAGs
[2025-02-08T22:19:18.835+0000] {logging_mixin.py:137} INFO - [2025-02-08T22:19:18.835+0000] {dag.py:3441} INFO - Setting next_dagrun for example_branch_operator to 2025-02-07T00:00:00+00:00, run_after=2025-02-08T00:00:00+00:00
[2025-02-08T22:19:18.866+0000] {processor.py:175} INFO - Processing /home/airflow/.local/lib/python3.7/site-packages/airflow/example_dags/example_branch_operator.py took 0.141 seconds
[2025-02-08T22:19:49.320+0000] {processor.py:153} INFO - Started process (PID=2140) to work on /home/airflow/.local/lib/python3.7/site-packages/airflow/example_dags/example_branch_operator.py
[2025-02-08T22:19:49.321+0000] {processor.py:743} INFO - Processing file /home/airflow/.local/lib/python3.7/site-packages/airflow/example_dags/example_branch_operator.py for tasks to queue
[2025-02-08T22:19:49.322+0000] {logging_mixin.py:137} INFO - [2025-02-08T22:19:49.322+0000] {dagbag.py:538} INFO - Filling up the DagBag from /home/airflow/.local/lib/python3.7/site-packages/airflow/example_dags/example_branch_operator.py
[2025-02-08T22:19:49.338+0000] {processor.py:753} INFO - DAG(s) dict_keys(['example_branch_operator']) retrieved from /home/airflow/.local/lib/python3.7/site-packages/airflow/example_dags/example_branch_operator.py
[2025-02-08T22:19:49.364+0000] {logging_mixin.py:137} INFO - [2025-02-08T22:19:49.364+0000] {dag.py:2690} INFO - Sync 1 DAGs
[2025-02-08T22:19:49.389+0000] {logging_mixin.py:137} INFO - [2025-02-08T22:19:49.389+0000] {dag.py:3441} INFO - Setting next_dagrun for example_branch_operator to 2025-02-07T00:00:00+00:00, run_after=2025-02-08T00:00:00+00:00
[2025-02-08T22:19:49.413+0000] {processor.py:175} INFO - Processing /home/airflow/.local/lib/python3.7/site-packages/airflow/example_dags/example_branch_operator.py took 0.096 seconds
[2025-02-08T22:20:20.268+0000] {processor.py:153} INFO - Started process (PID=2220) to work on /home/airflow/.local/lib/python3.7/site-packages/airflow/example_dags/example_branch_operator.py
[2025-02-08T22:20:20.269+0000] {processor.py:743} INFO - Processing file /home/airflow/.local/lib/python3.7/site-packages/airflow/example_dags/example_branch_operator.py for tasks to queue
[2025-02-08T22:20:20.270+0000] {logging_mixin.py:137} INFO - [2025-02-08T22:20:20.270+0000] {dagbag.py:538} INFO - Filling up the DagBag from /home/airflow/.local/lib/python3.7/site-packages/airflow/example_dags/example_branch_operator.py
[2025-02-08T22:20:20.288+0000] {processor.py:753} INFO - DAG(s) dict_keys(['example_branch_operator']) retrieved from /home/airflow/.local/lib/python3.7/site-packages/airflow/example_dags/example_branch_operator.py
[2025-02-08T22:20:20.316+0000] {logging_mixin.py:137} INFO - [2025-02-08T22:20:20.316+0000] {dag.py:2690} INFO - Sync 1 DAGs
[2025-02-08T22:20:20.350+0000] {logging_mixin.py:137} INFO - [2025-02-08T22:20:20.349+0000] {dag.py:3441} INFO - Setting next_dagrun for example_branch_operator to 2025-02-07T00:00:00+00:00, run_after=2025-02-08T00:00:00+00:00
[2025-02-08T22:20:20.377+0000] {processor.py:175} INFO - Processing /home/airflow/.local/lib/python3.7/site-packages/airflow/example_dags/example_branch_operator.py took 0.113 seconds
[2025-02-08T22:20:50.569+0000] {processor.py:153} INFO - Started process (PID=2296) to work on /home/airflow/.local/lib/python3.7/site-packages/airflow/example_dags/example_branch_operator.py
[2025-02-08T22:20:50.571+0000] {processor.py:743} INFO - Processing file /home/airflow/.local/lib/python3.7/site-packages/airflow/example_dags/example_branch_operator.py for tasks to queue
[2025-02-08T22:20:50.572+0000] {logging_mixin.py:137} INFO - [2025-02-08T22:20:50.572+0000] {dagbag.py:538} INFO - Filling up the DagBag from /home/airflow/.local/lib/python3.7/site-packages/airflow/example_dags/example_branch_operator.py
[2025-02-08T22:20:50.599+0000] {processor.py:753} INFO - DAG(s) dict_keys(['example_branch_operator']) retrieved from /home/airflow/.local/lib/python3.7/site-packages/airflow/example_dags/example_branch_operator.py
[2025-02-08T22:20:50.637+0000] {logging_mixin.py:137} INFO - [2025-02-08T22:20:50.637+0000] {dag.py:2690} INFO - Sync 1 DAGs
[2025-02-08T22:20:50.673+0000] {logging_mixin.py:137} INFO - [2025-02-08T22:20:50.672+0000] {dag.py:3441} INFO - Setting next_dagrun for example_branch_operator to 2025-02-07T00:00:00+00:00, run_after=2025-02-08T00:00:00+00:00
[2025-02-08T22:20:50.709+0000] {processor.py:175} INFO - Processing /home/airflow/.local/lib/python3.7/site-packages/airflow/example_dags/example_branch_operator.py took 0.143 seconds
[2025-02-08T22:21:20.917+0000] {processor.py:153} INFO - Started process (PID=2377) to work on /home/airflow/.local/lib/python3.7/site-packages/airflow/example_dags/example_branch_operator.py
[2025-02-08T22:21:20.920+0000] {processor.py:743} INFO - Processing file /home/airflow/.local/lib/python3.7/site-packages/airflow/example_dags/example_branch_operator.py for tasks to queue
[2025-02-08T22:21:20.923+0000] {logging_mixin.py:137} INFO - [2025-02-08T22:21:20.922+0000] {dagbag.py:538} INFO - Filling up the DagBag from /home/airflow/.local/lib/python3.7/site-packages/airflow/example_dags/example_branch_operator.py
[2025-02-08T22:21:20.962+0000] {processor.py:753} INFO - DAG(s) dict_keys(['example_branch_operator']) retrieved from /home/airflow/.local/lib/python3.7/site-packages/airflow/example_dags/example_branch_operator.py
[2025-02-08T22:21:21.029+0000] {logging_mixin.py:137} INFO - [2025-02-08T22:21:21.029+0000] {dag.py:2690} INFO - Sync 1 DAGs
[2025-02-08T22:21:21.081+0000] {logging_mixin.py:137} INFO - [2025-02-08T22:21:21.081+0000] {dag.py:3441} INFO - Setting next_dagrun for example_branch_operator to 2025-02-07T00:00:00+00:00, run_after=2025-02-08T00:00:00+00:00
[2025-02-08T22:21:21.116+0000] {processor.py:175} INFO - Processing /home/airflow/.local/lib/python3.7/site-packages/airflow/example_dags/example_branch_operator.py took 0.205 seconds
[2025-02-08T22:21:51.384+0000] {processor.py:153} INFO - Started process (PID=2448) to work on /home/airflow/.local/lib/python3.7/site-packages/airflow/example_dags/example_branch_operator.py
[2025-02-08T22:21:51.386+0000] {processor.py:743} INFO - Processing file /home/airflow/.local/lib/python3.7/site-packages/airflow/example_dags/example_branch_operator.py for tasks to queue
[2025-02-08T22:21:51.388+0000] {logging_mixin.py:137} INFO - [2025-02-08T22:21:51.387+0000] {dagbag.py:538} INFO - Filling up the DagBag from /home/airflow/.local/lib/python3.7/site-packages/airflow/example_dags/example_branch_operator.py
[2025-02-08T22:21:51.413+0000] {processor.py:753} INFO - DAG(s) dict_keys(['example_branch_operator']) retrieved from /home/airflow/.local/lib/python3.7/site-packages/airflow/example_dags/example_branch_operator.py
[2025-02-08T22:21:51.488+0000] {logging_mixin.py:137} INFO - [2025-02-08T22:21:51.487+0000] {dag.py:2690} INFO - Sync 1 DAGs
[2025-02-08T22:21:51.574+0000] {logging_mixin.py:137} INFO - [2025-02-08T22:21:51.573+0000] {dag.py:3441} INFO - Setting next_dagrun for example_branch_operator to 2025-02-07T00:00:00+00:00, run_after=2025-02-08T00:00:00+00:00
[2025-02-08T22:21:51.628+0000] {processor.py:175} INFO - Processing /home/airflow/.local/lib/python3.7/site-packages/airflow/example_dags/example_branch_operator.py took 0.249 seconds
[2025-02-08T22:22:22.023+0000] {processor.py:153} INFO - Started process (PID=2535) to work on /home/airflow/.local/lib/python3.7/site-packages/airflow/example_dags/example_branch_operator.py
[2025-02-08T22:22:22.026+0000] {processor.py:743} INFO - Processing file /home/airflow/.local/lib/python3.7/site-packages/airflow/example_dags/example_branch_operator.py for tasks to queue
[2025-02-08T22:22:22.028+0000] {logging_mixin.py:137} INFO - [2025-02-08T22:22:22.028+0000] {dagbag.py:538} INFO - Filling up the DagBag from /home/airflow/.local/lib/python3.7/site-packages/airflow/example_dags/example_branch_operator.py
[2025-02-08T22:22:22.062+0000] {processor.py:753} INFO - DAG(s) dict_keys(['example_branch_operator']) retrieved from /home/airflow/.local/lib/python3.7/site-packages/airflow/example_dags/example_branch_operator.py
[2025-02-08T22:22:22.109+0000] {logging_mixin.py:137} INFO - [2025-02-08T22:22:22.109+0000] {dag.py:2690} INFO - Sync 1 DAGs
[2025-02-08T22:22:22.165+0000] {logging_mixin.py:137} INFO - [2025-02-08T22:22:22.164+0000] {dag.py:3441} INFO - Setting next_dagrun for example_branch_operator to 2025-02-07T00:00:00+00:00, run_after=2025-02-08T00:00:00+00:00
[2025-02-08T22:22:22.211+0000] {processor.py:175} INFO - Processing /home/airflow/.local/lib/python3.7/site-packages/airflow/example_dags/example_branch_operator.py took 0.196 seconds
[2025-02-08T22:22:52.921+0000] {processor.py:153} INFO - Started process (PID=2606) to work on /home/airflow/.local/lib/python3.7/site-packages/airflow/example_dags/example_branch_operator.py
[2025-02-08T22:22:52.923+0000] {processor.py:743} INFO - Processing file /home/airflow/.local/lib/python3.7/site-packages/airflow/example_dags/example_branch_operator.py for tasks to queue
[2025-02-08T22:22:52.924+0000] {logging_mixin.py:137} INFO - [2025-02-08T22:22:52.923+0000] {dagbag.py:538} INFO - Filling up the DagBag from /home/airflow/.local/lib/python3.7/site-packages/airflow/example_dags/example_branch_operator.py
[2025-02-08T22:22:52.941+0000] {processor.py:753} INFO - DAG(s) dict_keys(['example_branch_operator']) retrieved from /home/airflow/.local/lib/python3.7/site-packages/airflow/example_dags/example_branch_operator.py
[2025-02-08T22:22:52.970+0000] {logging_mixin.py:137} INFO - [2025-02-08T22:22:52.969+0000] {dag.py:2690} INFO - Sync 1 DAGs
[2025-02-08T22:22:53.005+0000] {logging_mixin.py:137} INFO - [2025-02-08T22:22:53.005+0000] {dag.py:3441} INFO - Setting next_dagrun for example_branch_operator to 2025-02-07T00:00:00+00:00, run_after=2025-02-08T00:00:00+00:00
[2025-02-08T22:22:53.032+0000] {processor.py:175} INFO - Processing /home/airflow/.local/lib/python3.7/site-packages/airflow/example_dags/example_branch_operator.py took 0.113 seconds
[2025-02-08T22:23:23.749+0000] {processor.py:153} INFO - Started process (PID=2693) to work on /home/airflow/.local/lib/python3.7/site-packages/airflow/example_dags/example_branch_operator.py
[2025-02-08T22:23:23.750+0000] {processor.py:743} INFO - Processing file /home/airflow/.local/lib/python3.7/site-packages/airflow/example_dags/example_branch_operator.py for tasks to queue
[2025-02-08T22:23:23.751+0000] {logging_mixin.py:137} INFO - [2025-02-08T22:23:23.751+0000] {dagbag.py:538} INFO - Filling up the DagBag from /home/airflow/.local/lib/python3.7/site-packages/airflow/example_dags/example_branch_operator.py
[2025-02-08T22:23:23.767+0000] {processor.py:753} INFO - DAG(s) dict_keys(['example_branch_operator']) retrieved from /home/airflow/.local/lib/python3.7/site-packages/airflow/example_dags/example_branch_operator.py
[2025-02-08T22:23:23.793+0000] {logging_mixin.py:137} INFO - [2025-02-08T22:23:23.793+0000] {dag.py:2690} INFO - Sync 1 DAGs
[2025-02-08T22:23:23.819+0000] {logging_mixin.py:137} INFO - [2025-02-08T22:23:23.819+0000] {dag.py:3441} INFO - Setting next_dagrun for example_branch_operator to 2025-02-07T00:00:00+00:00, run_after=2025-02-08T00:00:00+00:00
[2025-02-08T22:23:23.845+0000] {processor.py:175} INFO - Processing /home/airflow/.local/lib/python3.7/site-packages/airflow/example_dags/example_branch_operator.py took 0.099 seconds
[2025-02-08T22:23:55.101+0000] {processor.py:153} INFO - Started process (PID=2764) to work on /home/airflow/.local/lib/python3.7/site-packages/airflow/example_dags/example_branch_operator.py
[2025-02-08T22:23:55.103+0000] {processor.py:743} INFO - Processing file /home/airflow/.local/lib/python3.7/site-packages/airflow/example_dags/example_branch_operator.py for tasks to queue
[2025-02-08T22:23:55.105+0000] {logging_mixin.py:137} INFO - [2025-02-08T22:23:55.105+0000] {dagbag.py:538} INFO - Filling up the DagBag from /home/airflow/.local/lib/python3.7/site-packages/airflow/example_dags/example_branch_operator.py
[2025-02-08T22:23:55.149+0000] {processor.py:753} INFO - DAG(s) dict_keys(['example_branch_operator']) retrieved from /home/airflow/.local/lib/python3.7/site-packages/airflow/example_dags/example_branch_operator.py
[2025-02-08T22:23:55.275+0000] {logging_mixin.py:137} INFO - [2025-02-08T22:23:55.274+0000] {dag.py:2690} INFO - Sync 1 DAGs
[2025-02-08T22:23:55.390+0000] {logging_mixin.py:137} INFO - [2025-02-08T22:23:55.390+0000] {dag.py:3441} INFO - Setting next_dagrun for example_branch_operator to 2025-02-07T00:00:00+00:00, run_after=2025-02-08T00:00:00+00:00
[2025-02-08T22:23:55.464+0000] {processor.py:175} INFO - Processing /home/airflow/.local/lib/python3.7/site-packages/airflow/example_dags/example_branch_operator.py took 0.377 seconds
[2025-02-08T22:24:26.047+0000] {processor.py:153} INFO - Started process (PID=2835) to work on /home/airflow/.local/lib/python3.7/site-packages/airflow/example_dags/example_branch_operator.py
[2025-02-08T22:24:26.049+0000] {processor.py:743} INFO - Processing file /home/airflow/.local/lib/python3.7/site-packages/airflow/example_dags/example_branch_operator.py for tasks to queue
[2025-02-08T22:24:26.051+0000] {logging_mixin.py:137} INFO - [2025-02-08T22:24:26.051+0000] {dagbag.py:538} INFO - Filling up the DagBag from /home/airflow/.local/lib/python3.7/site-packages/airflow/example_dags/example_branch_operator.py
[2025-02-08T22:24:26.082+0000] {processor.py:753} INFO - DAG(s) dict_keys(['example_branch_operator']) retrieved from /home/airflow/.local/lib/python3.7/site-packages/airflow/example_dags/example_branch_operator.py
[2025-02-08T22:24:26.123+0000] {logging_mixin.py:137} INFO - [2025-02-08T22:24:26.123+0000] {dag.py:2690} INFO - Sync 1 DAGs
[2025-02-08T22:24:26.163+0000] {logging_mixin.py:137} INFO - [2025-02-08T22:24:26.163+0000] {dag.py:3441} INFO - Setting next_dagrun for example_branch_operator to 2025-02-07T00:00:00+00:00, run_after=2025-02-08T00:00:00+00:00
[2025-02-08T22:24:26.198+0000] {processor.py:175} INFO - Processing /home/airflow/.local/lib/python3.7/site-packages/airflow/example_dags/example_branch_operator.py took 0.157 seconds
[2025-02-08T22:24:56.922+0000] {processor.py:153} INFO - Started process (PID=2915) to work on /home/airflow/.local/lib/python3.7/site-packages/airflow/example_dags/example_branch_operator.py
[2025-02-08T22:24:56.923+0000] {processor.py:743} INFO - Processing file /home/airflow/.local/lib/python3.7/site-packages/airflow/example_dags/example_branch_operator.py for tasks to queue
[2025-02-08T22:24:56.925+0000] {logging_mixin.py:137} INFO - [2025-02-08T22:24:56.924+0000] {dagbag.py:538} INFO - Filling up the DagBag from /home/airflow/.local/lib/python3.7/site-packages/airflow/example_dags/example_branch_operator.py
[2025-02-08T22:24:56.955+0000] {processor.py:753} INFO - DAG(s) dict_keys(['example_branch_operator']) retrieved from /home/airflow/.local/lib/python3.7/site-packages/airflow/example_dags/example_branch_operator.py
[2025-02-08T22:24:57.000+0000] {logging_mixin.py:137} INFO - [2025-02-08T22:24:57.000+0000] {dag.py:2690} INFO - Sync 1 DAGs
[2025-02-08T22:24:57.044+0000] {logging_mixin.py:137} INFO - [2025-02-08T22:24:57.044+0000] {dag.py:3441} INFO - Setting next_dagrun for example_branch_operator to 2025-02-07T00:00:00+00:00, run_after=2025-02-08T00:00:00+00:00
[2025-02-08T22:24:57.085+0000] {processor.py:175} INFO - Processing /home/airflow/.local/lib/python3.7/site-packages/airflow/example_dags/example_branch_operator.py took 0.169 seconds
[2025-02-08T22:25:27.308+0000] {processor.py:153} INFO - Started process (PID=2993) to work on /home/airflow/.local/lib/python3.7/site-packages/airflow/example_dags/example_branch_operator.py
[2025-02-08T22:25:27.310+0000] {processor.py:743} INFO - Processing file /home/airflow/.local/lib/python3.7/site-packages/airflow/example_dags/example_branch_operator.py for tasks to queue
[2025-02-08T22:25:27.311+0000] {logging_mixin.py:137} INFO - [2025-02-08T22:25:27.311+0000] {dagbag.py:538} INFO - Filling up the DagBag from /home/airflow/.local/lib/python3.7/site-packages/airflow/example_dags/example_branch_operator.py
[2025-02-08T22:25:27.339+0000] {processor.py:753} INFO - DAG(s) dict_keys(['example_branch_operator']) retrieved from /home/airflow/.local/lib/python3.7/site-packages/airflow/example_dags/example_branch_operator.py
[2025-02-08T22:25:27.385+0000] {logging_mixin.py:137} INFO - [2025-02-08T22:25:27.384+0000] {dag.py:2690} INFO - Sync 1 DAGs
[2025-02-08T22:25:27.428+0000] {logging_mixin.py:137} INFO - [2025-02-08T22:25:27.428+0000] {dag.py:3441} INFO - Setting next_dagrun for example_branch_operator to 2025-02-07T00:00:00+00:00, run_after=2025-02-08T00:00:00+00:00
[2025-02-08T22:25:27.459+0000] {processor.py:175} INFO - Processing /home/airflow/.local/lib/python3.7/site-packages/airflow/example_dags/example_branch_operator.py took 0.156 seconds
[2025-02-08T22:25:57.895+0000] {processor.py:153} INFO - Started process (PID=3064) to work on /home/airflow/.local/lib/python3.7/site-packages/airflow/example_dags/example_branch_operator.py
[2025-02-08T22:25:57.896+0000] {processor.py:743} INFO - Processing file /home/airflow/.local/lib/python3.7/site-packages/airflow/example_dags/example_branch_operator.py for tasks to queue
[2025-02-08T22:25:57.898+0000] {logging_mixin.py:137} INFO - [2025-02-08T22:25:57.898+0000] {dagbag.py:538} INFO - Filling up the DagBag from /home/airflow/.local/lib/python3.7/site-packages/airflow/example_dags/example_branch_operator.py
[2025-02-08T22:25:57.927+0000] {processor.py:753} INFO - DAG(s) dict_keys(['example_branch_operator']) retrieved from /home/airflow/.local/lib/python3.7/site-packages/airflow/example_dags/example_branch_operator.py
[2025-02-08T22:25:57.970+0000] {logging_mixin.py:137} INFO - [2025-02-08T22:25:57.970+0000] {dag.py:2690} INFO - Sync 1 DAGs
[2025-02-08T22:25:58.024+0000] {logging_mixin.py:137} INFO - [2025-02-08T22:25:58.023+0000] {dag.py:3441} INFO - Setting next_dagrun for example_branch_operator to 2025-02-07T00:00:00+00:00, run_after=2025-02-08T00:00:00+00:00
[2025-02-08T22:25:58.081+0000] {processor.py:175} INFO - Processing /home/airflow/.local/lib/python3.7/site-packages/airflow/example_dags/example_branch_operator.py took 0.190 seconds
[2025-02-08T22:26:28.860+0000] {processor.py:153} INFO - Started process (PID=3136) to work on /home/airflow/.local/lib/python3.7/site-packages/airflow/example_dags/example_branch_operator.py
[2025-02-08T22:26:28.861+0000] {processor.py:743} INFO - Processing file /home/airflow/.local/lib/python3.7/site-packages/airflow/example_dags/example_branch_operator.py for tasks to queue
[2025-02-08T22:26:28.862+0000] {logging_mixin.py:137} INFO - [2025-02-08T22:26:28.861+0000] {dagbag.py:538} INFO - Filling up the DagBag from /home/airflow/.local/lib/python3.7/site-packages/airflow/example_dags/example_branch_operator.py
[2025-02-08T22:26:28.878+0000] {processor.py:753} INFO - DAG(s) dict_keys(['example_branch_operator']) retrieved from /home/airflow/.local/lib/python3.7/site-packages/airflow/example_dags/example_branch_operator.py
[2025-02-08T22:26:28.905+0000] {logging_mixin.py:137} INFO - [2025-02-08T22:26:28.905+0000] {dag.py:2690} INFO - Sync 1 DAGs
[2025-02-08T22:26:28.935+0000] {logging_mixin.py:137} INFO - [2025-02-08T22:26:28.935+0000] {dag.py:3441} INFO - Setting next_dagrun for example_branch_operator to 2025-02-07T00:00:00+00:00, run_after=2025-02-08T00:00:00+00:00
[2025-02-08T22:26:28.962+0000] {processor.py:175} INFO - Processing /home/airflow/.local/lib/python3.7/site-packages/airflow/example_dags/example_branch_operator.py took 0.105 seconds
[2025-02-08T22:26:59.681+0000] {processor.py:153} INFO - Started process (PID=3224) to work on /home/airflow/.local/lib/python3.7/site-packages/airflow/example_dags/example_branch_operator.py
[2025-02-08T22:26:59.682+0000] {processor.py:743} INFO - Processing file /home/airflow/.local/lib/python3.7/site-packages/airflow/example_dags/example_branch_operator.py for tasks to queue
[2025-02-08T22:26:59.683+0000] {logging_mixin.py:137} INFO - [2025-02-08T22:26:59.683+0000] {dagbag.py:538} INFO - Filling up the DagBag from /home/airflow/.local/lib/python3.7/site-packages/airflow/example_dags/example_branch_operator.py
[2025-02-08T22:26:59.699+0000] {processor.py:753} INFO - DAG(s) dict_keys(['example_branch_operator']) retrieved from /home/airflow/.local/lib/python3.7/site-packages/airflow/example_dags/example_branch_operator.py
[2025-02-08T22:26:59.729+0000] {logging_mixin.py:137} INFO - [2025-02-08T22:26:59.728+0000] {dag.py:2690} INFO - Sync 1 DAGs
[2025-02-08T22:26:59.756+0000] {logging_mixin.py:137} INFO - [2025-02-08T22:26:59.756+0000] {dag.py:3441} INFO - Setting next_dagrun for example_branch_operator to 2025-02-07T00:00:00+00:00, run_after=2025-02-08T00:00:00+00:00
[2025-02-08T22:26:59.781+0000] {processor.py:175} INFO - Processing /home/airflow/.local/lib/python3.7/site-packages/airflow/example_dags/example_branch_operator.py took 0.103 seconds
[2025-02-08T22:27:30.493+0000] {processor.py:153} INFO - Started process (PID=3305) to work on /home/airflow/.local/lib/python3.7/site-packages/airflow/example_dags/example_branch_operator.py
[2025-02-08T22:27:30.494+0000] {processor.py:743} INFO - Processing file /home/airflow/.local/lib/python3.7/site-packages/airflow/example_dags/example_branch_operator.py for tasks to queue
[2025-02-08T22:27:30.495+0000] {logging_mixin.py:137} INFO - [2025-02-08T22:27:30.495+0000] {dagbag.py:538} INFO - Filling up the DagBag from /home/airflow/.local/lib/python3.7/site-packages/airflow/example_dags/example_branch_operator.py
[2025-02-08T22:27:30.515+0000] {processor.py:753} INFO - DAG(s) dict_keys(['example_branch_operator']) retrieved from /home/airflow/.local/lib/python3.7/site-packages/airflow/example_dags/example_branch_operator.py
[2025-02-08T22:27:30.546+0000] {logging_mixin.py:137} INFO - [2025-02-08T22:27:30.546+0000] {dag.py:2690} INFO - Sync 1 DAGs
[2025-02-08T22:27:30.575+0000] {logging_mixin.py:137} INFO - [2025-02-08T22:27:30.575+0000] {dag.py:3441} INFO - Setting next_dagrun for example_branch_operator to 2025-02-07T00:00:00+00:00, run_after=2025-02-08T00:00:00+00:00
[2025-02-08T22:27:30.605+0000] {processor.py:175} INFO - Processing /home/airflow/.local/lib/python3.7/site-packages/airflow/example_dags/example_branch_operator.py took 0.115 seconds
