[2025-02-08T22:06:06.149+0000] {processor.py:153} INFO - Started process (PID=74) to work on /home/airflow/.local/lib/python3.7/site-packages/airflow/example_dags/example_xcomargs.py
[2025-02-08T22:06:06.151+0000] {processor.py:743} INFO - Processing file /home/airflow/.local/lib/python3.7/site-packages/airflow/example_dags/example_xcomargs.py for tasks to queue
[2025-02-08T22:06:06.155+0000] {logging_mixin.py:137} INFO - [2025-02-08T22:06:06.154+0000] {dagbag.py:538} INFO - Filling up the DagBag from /home/airflow/.local/lib/python3.7/site-packages/airflow/example_dags/example_xcomargs.py
[2025-02-08T22:06:06.426+0000] {processor.py:753} INFO - DAG(s) dict_keys(['example_xcom_args_with_operators', 'example_xcom_args']) retrieved from /home/airflow/.local/lib/python3.7/site-packages/airflow/example_dags/example_xcomargs.py
[2025-02-08T22:06:06.673+0000] {logging_mixin.py:137} INFO - [2025-02-08T22:06:06.673+0000] {dag.py:2690} INFO - Sync 2 DAGs
[2025-02-08T22:06:06.812+0000] {logging_mixin.py:137} INFO - [2025-02-08T22:06:06.812+0000] {dag.py:3441} INFO - Setting next_dagrun for example_xcom_args to None, run_after=None
[2025-02-08T22:06:06.826+0000] {logging_mixin.py:137} INFO - [2025-02-08T22:06:06.825+0000] {dag.py:3441} INFO - Setting next_dagrun for example_xcom_args_with_operators to None, run_after=None
[2025-02-08T22:06:07.010+0000] {processor.py:175} INFO - Processing /home/airflow/.local/lib/python3.7/site-packages/airflow/example_dags/example_xcomargs.py took 0.866 seconds
[2025-02-08T22:06:37.665+0000] {processor.py:153} INFO - Started process (PID=145) to work on /home/airflow/.local/lib/python3.7/site-packages/airflow/example_dags/example_xcomargs.py
[2025-02-08T22:06:37.667+0000] {processor.py:743} INFO - Processing file /home/airflow/.local/lib/python3.7/site-packages/airflow/example_dags/example_xcomargs.py for tasks to queue
[2025-02-08T22:06:37.668+0000] {logging_mixin.py:137} INFO - [2025-02-08T22:06:37.668+0000] {dagbag.py:538} INFO - Filling up the DagBag from /home/airflow/.local/lib/python3.7/site-packages/airflow/example_dags/example_xcomargs.py
[2025-02-08T22:06:37.709+0000] {processor.py:753} INFO - DAG(s) dict_keys(['example_xcom_args_with_operators', 'example_xcom_args']) retrieved from /home/airflow/.local/lib/python3.7/site-packages/airflow/example_dags/example_xcomargs.py
[2025-02-08T22:06:37.746+0000] {logging_mixin.py:137} INFO - [2025-02-08T22:06:37.746+0000] {dag.py:2690} INFO - Sync 2 DAGs
[2025-02-08T22:06:37.783+0000] {logging_mixin.py:137} INFO - [2025-02-08T22:06:37.783+0000] {dag.py:3441} INFO - Setting next_dagrun for example_xcom_args to None, run_after=None
[2025-02-08T22:06:37.788+0000] {logging_mixin.py:137} INFO - [2025-02-08T22:06:37.788+0000] {dag.py:3441} INFO - Setting next_dagrun for example_xcom_args_with_operators to None, run_after=None
[2025-02-08T22:06:37.816+0000] {processor.py:175} INFO - Processing /home/airflow/.local/lib/python3.7/site-packages/airflow/example_dags/example_xcomargs.py took 0.156 seconds
[2025-02-08T22:07:07.976+0000] {processor.py:153} INFO - Started process (PID=216) to work on /home/airflow/.local/lib/python3.7/site-packages/airflow/example_dags/example_xcomargs.py
[2025-02-08T22:07:07.977+0000] {processor.py:743} INFO - Processing file /home/airflow/.local/lib/python3.7/site-packages/airflow/example_dags/example_xcomargs.py for tasks to queue
[2025-02-08T22:07:07.978+0000] {logging_mixin.py:137} INFO - [2025-02-08T22:07:07.978+0000] {dagbag.py:538} INFO - Filling up the DagBag from /home/airflow/.local/lib/python3.7/site-packages/airflow/example_dags/example_xcomargs.py
[2025-02-08T22:07:08.001+0000] {processor.py:753} INFO - DAG(s) dict_keys(['example_xcom_args_with_operators', 'example_xcom_args']) retrieved from /home/airflow/.local/lib/python3.7/site-packages/airflow/example_dags/example_xcomargs.py
[2025-02-08T22:07:08.030+0000] {logging_mixin.py:137} INFO - [2025-02-08T22:07:08.029+0000] {dag.py:2690} INFO - Sync 2 DAGs
[2025-02-08T22:07:08.054+0000] {logging_mixin.py:137} INFO - [2025-02-08T22:07:08.054+0000] {dag.py:3441} INFO - Setting next_dagrun for example_xcom_args to None, run_after=None
[2025-02-08T22:07:08.058+0000] {logging_mixin.py:137} INFO - [2025-02-08T22:07:08.058+0000] {dag.py:3441} INFO - Setting next_dagrun for example_xcom_args_with_operators to None, run_after=None
[2025-02-08T22:07:08.076+0000] {processor.py:175} INFO - Processing /home/airflow/.local/lib/python3.7/site-packages/airflow/example_dags/example_xcomargs.py took 0.103 seconds
[2025-02-08T22:07:38.788+0000] {processor.py:153} INFO - Started process (PID=303) to work on /home/airflow/.local/lib/python3.7/site-packages/airflow/example_dags/example_xcomargs.py
[2025-02-08T22:07:38.790+0000] {processor.py:743} INFO - Processing file /home/airflow/.local/lib/python3.7/site-packages/airflow/example_dags/example_xcomargs.py for tasks to queue
[2025-02-08T22:07:38.791+0000] {logging_mixin.py:137} INFO - [2025-02-08T22:07:38.791+0000] {dagbag.py:538} INFO - Filling up the DagBag from /home/airflow/.local/lib/python3.7/site-packages/airflow/example_dags/example_xcomargs.py
[2025-02-08T22:07:38.822+0000] {processor.py:753} INFO - DAG(s) dict_keys(['example_xcom_args', 'example_xcom_args_with_operators']) retrieved from /home/airflow/.local/lib/python3.7/site-packages/airflow/example_dags/example_xcomargs.py
[2025-02-08T22:07:38.858+0000] {logging_mixin.py:137} INFO - [2025-02-08T22:07:38.858+0000] {dag.py:2690} INFO - Sync 2 DAGs
[2025-02-08T22:07:38.892+0000] {logging_mixin.py:137} INFO - [2025-02-08T22:07:38.892+0000] {dag.py:3441} INFO - Setting next_dagrun for example_xcom_args to None, run_after=None
[2025-02-08T22:07:38.896+0000] {logging_mixin.py:137} INFO - [2025-02-08T22:07:38.896+0000] {dag.py:3441} INFO - Setting next_dagrun for example_xcom_args_with_operators to None, run_after=None
[2025-02-08T22:07:38.917+0000] {processor.py:175} INFO - Processing /home/airflow/.local/lib/python3.7/site-packages/airflow/example_dags/example_xcomargs.py took 0.134 seconds
[2025-02-08T22:08:09.205+0000] {processor.py:153} INFO - Started process (PID=374) to work on /home/airflow/.local/lib/python3.7/site-packages/airflow/example_dags/example_xcomargs.py
[2025-02-08T22:08:09.206+0000] {processor.py:743} INFO - Processing file /home/airflow/.local/lib/python3.7/site-packages/airflow/example_dags/example_xcomargs.py for tasks to queue
[2025-02-08T22:08:09.207+0000] {logging_mixin.py:137} INFO - [2025-02-08T22:08:09.207+0000] {dagbag.py:538} INFO - Filling up the DagBag from /home/airflow/.local/lib/python3.7/site-packages/airflow/example_dags/example_xcomargs.py
[2025-02-08T22:08:09.230+0000] {processor.py:753} INFO - DAG(s) dict_keys(['example_xcom_args_with_operators', 'example_xcom_args']) retrieved from /home/airflow/.local/lib/python3.7/site-packages/airflow/example_dags/example_xcomargs.py
[2025-02-08T22:08:09.258+0000] {logging_mixin.py:137} INFO - [2025-02-08T22:08:09.258+0000] {dag.py:2690} INFO - Sync 2 DAGs
[2025-02-08T22:08:09.283+0000] {logging_mixin.py:137} INFO - [2025-02-08T22:08:09.283+0000] {dag.py:3441} INFO - Setting next_dagrun for example_xcom_args to None, run_after=None
[2025-02-08T22:08:09.287+0000] {logging_mixin.py:137} INFO - [2025-02-08T22:08:09.287+0000] {dag.py:3441} INFO - Setting next_dagrun for example_xcom_args_with_operators to None, run_after=None
[2025-02-08T22:08:09.309+0000] {processor.py:175} INFO - Processing /home/airflow/.local/lib/python3.7/site-packages/airflow/example_dags/example_xcomargs.py took 0.107 seconds
[2025-02-08T22:08:41.155+0000] {processor.py:153} INFO - Started process (PID=445) to work on /home/airflow/.local/lib/python3.7/site-packages/airflow/example_dags/example_xcomargs.py
[2025-02-08T22:08:41.156+0000] {processor.py:743} INFO - Processing file /home/airflow/.local/lib/python3.7/site-packages/airflow/example_dags/example_xcomargs.py for tasks to queue
[2025-02-08T22:08:41.157+0000] {logging_mixin.py:137} INFO - [2025-02-08T22:08:41.157+0000] {dagbag.py:538} INFO - Filling up the DagBag from /home/airflow/.local/lib/python3.7/site-packages/airflow/example_dags/example_xcomargs.py
[2025-02-08T22:08:41.224+0000] {processor.py:753} INFO - DAG(s) dict_keys(['example_xcom_args', 'example_xcom_args_with_operators']) retrieved from /home/airflow/.local/lib/python3.7/site-packages/airflow/example_dags/example_xcomargs.py
[2025-02-08T22:08:41.274+0000] {logging_mixin.py:137} INFO - [2025-02-08T22:08:41.273+0000] {dag.py:2690} INFO - Sync 2 DAGs
[2025-02-08T22:08:41.316+0000] {logging_mixin.py:137} INFO - [2025-02-08T22:08:41.316+0000] {dag.py:3441} INFO - Setting next_dagrun for example_xcom_args to None, run_after=None
[2025-02-08T22:08:41.324+0000] {logging_mixin.py:137} INFO - [2025-02-08T22:08:41.323+0000] {dag.py:3441} INFO - Setting next_dagrun for example_xcom_args_with_operators to None, run_after=None
[2025-02-08T22:08:41.365+0000] {processor.py:175} INFO - Processing /home/airflow/.local/lib/python3.7/site-packages/airflow/example_dags/example_xcomargs.py took 0.214 seconds
[2025-02-08T22:09:11.518+0000] {processor.py:153} INFO - Started process (PID=532) to work on /home/airflow/.local/lib/python3.7/site-packages/airflow/example_dags/example_xcomargs.py
[2025-02-08T22:09:11.518+0000] {processor.py:743} INFO - Processing file /home/airflow/.local/lib/python3.7/site-packages/airflow/example_dags/example_xcomargs.py for tasks to queue
[2025-02-08T22:09:11.519+0000] {logging_mixin.py:137} INFO - [2025-02-08T22:09:11.519+0000] {dagbag.py:538} INFO - Filling up the DagBag from /home/airflow/.local/lib/python3.7/site-packages/airflow/example_dags/example_xcomargs.py
[2025-02-08T22:09:11.544+0000] {processor.py:753} INFO - DAG(s) dict_keys(['example_xcom_args', 'example_xcom_args_with_operators']) retrieved from /home/airflow/.local/lib/python3.7/site-packages/airflow/example_dags/example_xcomargs.py
[2025-02-08T22:09:11.575+0000] {logging_mixin.py:137} INFO - [2025-02-08T22:09:11.575+0000] {dag.py:2690} INFO - Sync 2 DAGs
[2025-02-08T22:09:11.601+0000] {logging_mixin.py:137} INFO - [2025-02-08T22:09:11.601+0000] {dag.py:3441} INFO - Setting next_dagrun for example_xcom_args to None, run_after=None
[2025-02-08T22:09:11.605+0000] {logging_mixin.py:137} INFO - [2025-02-08T22:09:11.605+0000] {dag.py:3441} INFO - Setting next_dagrun for example_xcom_args_with_operators to None, run_after=None
[2025-02-08T22:09:11.627+0000] {processor.py:175} INFO - Processing /home/airflow/.local/lib/python3.7/site-packages/airflow/example_dags/example_xcomargs.py took 0.113 seconds
[2025-02-08T22:09:43.187+0000] {processor.py:153} INFO - Started process (PID=603) to work on /home/airflow/.local/lib/python3.7/site-packages/airflow/example_dags/example_xcomargs.py
[2025-02-08T22:09:43.189+0000] {processor.py:743} INFO - Processing file /home/airflow/.local/lib/python3.7/site-packages/airflow/example_dags/example_xcomargs.py for tasks to queue
[2025-02-08T22:09:43.190+0000] {logging_mixin.py:137} INFO - [2025-02-08T22:09:43.190+0000] {dagbag.py:538} INFO - Filling up the DagBag from /home/airflow/.local/lib/python3.7/site-packages/airflow/example_dags/example_xcomargs.py
[2025-02-08T22:09:43.226+0000] {processor.py:753} INFO - DAG(s) dict_keys(['example_xcom_args', 'example_xcom_args_with_operators']) retrieved from /home/airflow/.local/lib/python3.7/site-packages/airflow/example_dags/example_xcomargs.py
[2025-02-08T22:09:43.267+0000] {logging_mixin.py:137} INFO - [2025-02-08T22:09:43.266+0000] {dag.py:2690} INFO - Sync 2 DAGs
[2025-02-08T22:09:43.304+0000] {logging_mixin.py:137} INFO - [2025-02-08T22:09:43.303+0000] {dag.py:3441} INFO - Setting next_dagrun for example_xcom_args to None, run_after=None
[2025-02-08T22:09:43.309+0000] {logging_mixin.py:137} INFO - [2025-02-08T22:09:43.309+0000] {dag.py:3441} INFO - Setting next_dagrun for example_xcom_args_with_operators to None, run_after=None
[2025-02-08T22:09:43.334+0000] {processor.py:175} INFO - Processing /home/airflow/.local/lib/python3.7/site-packages/airflow/example_dags/example_xcomargs.py took 0.154 seconds
[2025-02-08T22:10:14.576+0000] {processor.py:153} INFO - Started process (PID=690) to work on /home/airflow/.local/lib/python3.7/site-packages/airflow/example_dags/example_xcomargs.py
[2025-02-08T22:10:14.578+0000] {processor.py:743} INFO - Processing file /home/airflow/.local/lib/python3.7/site-packages/airflow/example_dags/example_xcomargs.py for tasks to queue
[2025-02-08T22:10:14.580+0000] {logging_mixin.py:137} INFO - [2025-02-08T22:10:14.579+0000] {dagbag.py:538} INFO - Filling up the DagBag from /home/airflow/.local/lib/python3.7/site-packages/airflow/example_dags/example_xcomargs.py
[2025-02-08T22:10:14.618+0000] {processor.py:753} INFO - DAG(s) dict_keys(['example_xcom_args', 'example_xcom_args_with_operators']) retrieved from /home/airflow/.local/lib/python3.7/site-packages/airflow/example_dags/example_xcomargs.py
[2025-02-08T22:10:14.663+0000] {logging_mixin.py:137} INFO - [2025-02-08T22:10:14.663+0000] {dag.py:2690} INFO - Sync 2 DAGs
[2025-02-08T22:10:14.699+0000] {logging_mixin.py:137} INFO - [2025-02-08T22:10:14.699+0000] {dag.py:3441} INFO - Setting next_dagrun for example_xcom_args to None, run_after=None
[2025-02-08T22:10:14.704+0000] {logging_mixin.py:137} INFO - [2025-02-08T22:10:14.704+0000] {dag.py:3441} INFO - Setting next_dagrun for example_xcom_args_with_operators to None, run_after=None
[2025-02-08T22:10:14.730+0000] {processor.py:175} INFO - Processing /home/airflow/.local/lib/python3.7/site-packages/airflow/example_dags/example_xcomargs.py took 0.160 seconds
[2025-02-08T22:10:45.348+0000] {processor.py:153} INFO - Started process (PID=761) to work on /home/airflow/.local/lib/python3.7/site-packages/airflow/example_dags/example_xcomargs.py
[2025-02-08T22:10:45.349+0000] {processor.py:743} INFO - Processing file /home/airflow/.local/lib/python3.7/site-packages/airflow/example_dags/example_xcomargs.py for tasks to queue
[2025-02-08T22:10:45.350+0000] {logging_mixin.py:137} INFO - [2025-02-08T22:10:45.350+0000] {dagbag.py:538} INFO - Filling up the DagBag from /home/airflow/.local/lib/python3.7/site-packages/airflow/example_dags/example_xcomargs.py
[2025-02-08T22:10:45.371+0000] {processor.py:753} INFO - DAG(s) dict_keys(['example_xcom_args_with_operators', 'example_xcom_args']) retrieved from /home/airflow/.local/lib/python3.7/site-packages/airflow/example_dags/example_xcomargs.py
[2025-02-08T22:10:45.400+0000] {logging_mixin.py:137} INFO - [2025-02-08T22:10:45.400+0000] {dag.py:2690} INFO - Sync 2 DAGs
[2025-02-08T22:10:45.423+0000] {logging_mixin.py:137} INFO - [2025-02-08T22:10:45.423+0000] {dag.py:3441} INFO - Setting next_dagrun for example_xcom_args to None, run_after=None
[2025-02-08T22:10:45.428+0000] {logging_mixin.py:137} INFO - [2025-02-08T22:10:45.428+0000] {dag.py:3441} INFO - Setting next_dagrun for example_xcom_args_with_operators to None, run_after=None
[2025-02-08T22:10:45.452+0000] {processor.py:175} INFO - Processing /home/airflow/.local/lib/python3.7/site-packages/airflow/example_dags/example_xcomargs.py took 0.106 seconds
[2025-02-08T22:11:21.328+0000] {processor.py:153} INFO - Started process (PID=848) to work on /home/airflow/.local/lib/python3.7/site-packages/airflow/example_dags/example_xcomargs.py
[2025-02-08T22:11:21.330+0000] {processor.py:743} INFO - Processing file /home/airflow/.local/lib/python3.7/site-packages/airflow/example_dags/example_xcomargs.py for tasks to queue
[2025-02-08T22:11:21.331+0000] {logging_mixin.py:137} INFO - [2025-02-08T22:11:21.331+0000] {dagbag.py:538} INFO - Filling up the DagBag from /home/airflow/.local/lib/python3.7/site-packages/airflow/example_dags/example_xcomargs.py
[2025-02-08T22:11:21.371+0000] {processor.py:753} INFO - DAG(s) dict_keys(['example_xcom_args', 'example_xcom_args_with_operators']) retrieved from /home/airflow/.local/lib/python3.7/site-packages/airflow/example_dags/example_xcomargs.py
[2025-02-08T22:11:21.419+0000] {logging_mixin.py:137} INFO - [2025-02-08T22:11:21.418+0000] {dag.py:2690} INFO - Sync 2 DAGs
[2025-02-08T22:11:21.472+0000] {logging_mixin.py:137} INFO - [2025-02-08T22:11:21.472+0000] {dag.py:3441} INFO - Setting next_dagrun for example_xcom_args to None, run_after=None
[2025-02-08T22:11:21.481+0000] {logging_mixin.py:137} INFO - [2025-02-08T22:11:21.480+0000] {dag.py:3441} INFO - Setting next_dagrun for example_xcom_args_with_operators to None, run_after=None
[2025-02-08T22:11:21.539+0000] {processor.py:175} INFO - Processing /home/airflow/.local/lib/python3.7/site-packages/airflow/example_dags/example_xcomargs.py took 0.217 seconds
[2025-02-08T22:11:52.423+0000] {processor.py:153} INFO - Started process (PID=935) to work on /home/airflow/.local/lib/python3.7/site-packages/airflow/example_dags/example_xcomargs.py
[2025-02-08T22:11:52.424+0000] {processor.py:743} INFO - Processing file /home/airflow/.local/lib/python3.7/site-packages/airflow/example_dags/example_xcomargs.py for tasks to queue
[2025-02-08T22:11:52.425+0000] {logging_mixin.py:137} INFO - [2025-02-08T22:11:52.425+0000] {dagbag.py:538} INFO - Filling up the DagBag from /home/airflow/.local/lib/python3.7/site-packages/airflow/example_dags/example_xcomargs.py
[2025-02-08T22:11:52.448+0000] {processor.py:753} INFO - DAG(s) dict_keys(['example_xcom_args', 'example_xcom_args_with_operators']) retrieved from /home/airflow/.local/lib/python3.7/site-packages/airflow/example_dags/example_xcomargs.py
[2025-02-08T22:11:52.479+0000] {logging_mixin.py:137} INFO - [2025-02-08T22:11:52.479+0000] {dag.py:2690} INFO - Sync 2 DAGs
[2025-02-08T22:11:52.504+0000] {logging_mixin.py:137} INFO - [2025-02-08T22:11:52.504+0000] {dag.py:3441} INFO - Setting next_dagrun for example_xcom_args to None, run_after=None
[2025-02-08T22:11:52.509+0000] {logging_mixin.py:137} INFO - [2025-02-08T22:11:52.509+0000] {dag.py:3441} INFO - Setting next_dagrun for example_xcom_args_with_operators to None, run_after=None
[2025-02-08T22:11:52.541+0000] {processor.py:175} INFO - Processing /home/airflow/.local/lib/python3.7/site-packages/airflow/example_dags/example_xcomargs.py took 0.121 seconds
[2025-02-08T22:12:22.892+0000] {processor.py:153} INFO - Started process (PID=1007) to work on /home/airflow/.local/lib/python3.7/site-packages/airflow/example_dags/example_xcomargs.py
[2025-02-08T22:12:22.893+0000] {processor.py:743} INFO - Processing file /home/airflow/.local/lib/python3.7/site-packages/airflow/example_dags/example_xcomargs.py for tasks to queue
[2025-02-08T22:12:22.894+0000] {logging_mixin.py:137} INFO - [2025-02-08T22:12:22.894+0000] {dagbag.py:538} INFO - Filling up the DagBag from /home/airflow/.local/lib/python3.7/site-packages/airflow/example_dags/example_xcomargs.py
[2025-02-08T22:12:22.920+0000] {processor.py:753} INFO - DAG(s) dict_keys(['example_xcom_args', 'example_xcom_args_with_operators']) retrieved from /home/airflow/.local/lib/python3.7/site-packages/airflow/example_dags/example_xcomargs.py
[2025-02-08T22:12:22.953+0000] {logging_mixin.py:137} INFO - [2025-02-08T22:12:22.953+0000] {dag.py:2690} INFO - Sync 2 DAGs
[2025-02-08T22:12:22.989+0000] {logging_mixin.py:137} INFO - [2025-02-08T22:12:22.989+0000] {dag.py:3441} INFO - Setting next_dagrun for example_xcom_args to None, run_after=None
[2025-02-08T22:12:22.994+0000] {logging_mixin.py:137} INFO - [2025-02-08T22:12:22.993+0000] {dag.py:3441} INFO - Setting next_dagrun for example_xcom_args_with_operators to None, run_after=None
[2025-02-08T22:12:23.027+0000] {processor.py:175} INFO - Processing /home/airflow/.local/lib/python3.7/site-packages/airflow/example_dags/example_xcomargs.py took 0.138 seconds
[2025-02-08T22:12:53.532+0000] {processor.py:153} INFO - Started process (PID=1094) to work on /home/airflow/.local/lib/python3.7/site-packages/airflow/example_dags/example_xcomargs.py
[2025-02-08T22:12:53.533+0000] {processor.py:743} INFO - Processing file /home/airflow/.local/lib/python3.7/site-packages/airflow/example_dags/example_xcomargs.py for tasks to queue
[2025-02-08T22:12:53.534+0000] {logging_mixin.py:137} INFO - [2025-02-08T22:12:53.534+0000] {dagbag.py:538} INFO - Filling up the DagBag from /home/airflow/.local/lib/python3.7/site-packages/airflow/example_dags/example_xcomargs.py
[2025-02-08T22:12:53.555+0000] {processor.py:753} INFO - DAG(s) dict_keys(['example_xcom_args_with_operators', 'example_xcom_args']) retrieved from /home/airflow/.local/lib/python3.7/site-packages/airflow/example_dags/example_xcomargs.py
[2025-02-08T22:12:53.584+0000] {logging_mixin.py:137} INFO - [2025-02-08T22:12:53.584+0000] {dag.py:2690} INFO - Sync 2 DAGs
[2025-02-08T22:12:53.611+0000] {logging_mixin.py:137} INFO - [2025-02-08T22:12:53.611+0000] {dag.py:3441} INFO - Setting next_dagrun for example_xcom_args to None, run_after=None
[2025-02-08T22:12:53.615+0000] {logging_mixin.py:137} INFO - [2025-02-08T22:12:53.615+0000] {dag.py:3441} INFO - Setting next_dagrun for example_xcom_args_with_operators to None, run_after=None
[2025-02-08T22:12:53.636+0000] {processor.py:175} INFO - Processing /home/airflow/.local/lib/python3.7/site-packages/airflow/example_dags/example_xcomargs.py took 0.107 seconds
[2025-02-08T22:13:23.692+0000] {processor.py:153} INFO - Started process (PID=1165) to work on /home/airflow/.local/lib/python3.7/site-packages/airflow/example_dags/example_xcomargs.py
[2025-02-08T22:13:23.693+0000] {processor.py:743} INFO - Processing file /home/airflow/.local/lib/python3.7/site-packages/airflow/example_dags/example_xcomargs.py for tasks to queue
[2025-02-08T22:13:23.694+0000] {logging_mixin.py:137} INFO - [2025-02-08T22:13:23.694+0000] {dagbag.py:538} INFO - Filling up the DagBag from /home/airflow/.local/lib/python3.7/site-packages/airflow/example_dags/example_xcomargs.py
[2025-02-08T22:13:23.723+0000] {processor.py:753} INFO - DAG(s) dict_keys(['example_xcom_args_with_operators', 'example_xcom_args']) retrieved from /home/airflow/.local/lib/python3.7/site-packages/airflow/example_dags/example_xcomargs.py
[2025-02-08T22:13:23.760+0000] {logging_mixin.py:137} INFO - [2025-02-08T22:13:23.760+0000] {dag.py:2690} INFO - Sync 2 DAGs
[2025-02-08T22:13:23.790+0000] {logging_mixin.py:137} INFO - [2025-02-08T22:13:23.790+0000] {dag.py:3441} INFO - Setting next_dagrun for example_xcom_args to None, run_after=None
[2025-02-08T22:13:23.795+0000] {logging_mixin.py:137} INFO - [2025-02-08T22:13:23.795+0000] {dag.py:3441} INFO - Setting next_dagrun for example_xcom_args_with_operators to None, run_after=None
[2025-02-08T22:13:23.822+0000] {processor.py:175} INFO - Processing /home/airflow/.local/lib/python3.7/site-packages/airflow/example_dags/example_xcomargs.py took 0.133 seconds
[2025-02-08T22:13:54.723+0000] {processor.py:153} INFO - Started process (PID=1252) to work on /home/airflow/.local/lib/python3.7/site-packages/airflow/example_dags/example_xcomargs.py
[2025-02-08T22:13:54.724+0000] {processor.py:743} INFO - Processing file /home/airflow/.local/lib/python3.7/site-packages/airflow/example_dags/example_xcomargs.py for tasks to queue
[2025-02-08T22:13:54.726+0000] {logging_mixin.py:137} INFO - [2025-02-08T22:13:54.725+0000] {dagbag.py:538} INFO - Filling up the DagBag from /home/airflow/.local/lib/python3.7/site-packages/airflow/example_dags/example_xcomargs.py
[2025-02-08T22:13:54.760+0000] {processor.py:753} INFO - DAG(s) dict_keys(['example_xcom_args', 'example_xcom_args_with_operators']) retrieved from /home/airflow/.local/lib/python3.7/site-packages/airflow/example_dags/example_xcomargs.py
[2025-02-08T22:13:54.796+0000] {logging_mixin.py:137} INFO - [2025-02-08T22:13:54.796+0000] {dag.py:2690} INFO - Sync 2 DAGs
[2025-02-08T22:13:54.830+0000] {logging_mixin.py:137} INFO - [2025-02-08T22:13:54.829+0000] {dag.py:3441} INFO - Setting next_dagrun for example_xcom_args to None, run_after=None
[2025-02-08T22:13:54.834+0000] {logging_mixin.py:137} INFO - [2025-02-08T22:13:54.834+0000] {dag.py:3441} INFO - Setting next_dagrun for example_xcom_args_with_operators to None, run_after=None
[2025-02-08T22:13:54.864+0000] {processor.py:175} INFO - Processing /home/airflow/.local/lib/python3.7/site-packages/airflow/example_dags/example_xcomargs.py took 0.147 seconds
[2025-02-08T22:14:26.100+0000] {processor.py:153} INFO - Started process (PID=1323) to work on /home/airflow/.local/lib/python3.7/site-packages/airflow/example_dags/example_xcomargs.py
[2025-02-08T22:14:26.103+0000] {processor.py:743} INFO - Processing file /home/airflow/.local/lib/python3.7/site-packages/airflow/example_dags/example_xcomargs.py for tasks to queue
[2025-02-08T22:14:26.106+0000] {logging_mixin.py:137} INFO - [2025-02-08T22:14:26.106+0000] {dagbag.py:538} INFO - Filling up the DagBag from /home/airflow/.local/lib/python3.7/site-packages/airflow/example_dags/example_xcomargs.py
[2025-02-08T22:14:26.190+0000] {processor.py:753} INFO - DAG(s) dict_keys(['example_xcom_args_with_operators', 'example_xcom_args']) retrieved from /home/airflow/.local/lib/python3.7/site-packages/airflow/example_dags/example_xcomargs.py
[2025-02-08T22:14:26.339+0000] {logging_mixin.py:137} INFO - [2025-02-08T22:14:26.339+0000] {dag.py:2690} INFO - Sync 2 DAGs
[2025-02-08T22:14:26.446+0000] {logging_mixin.py:137} INFO - [2025-02-08T22:14:26.445+0000] {dag.py:3441} INFO - Setting next_dagrun for example_xcom_args to None, run_after=None
[2025-02-08T22:14:26.465+0000] {logging_mixin.py:137} INFO - [2025-02-08T22:14:26.465+0000] {dag.py:3441} INFO - Setting next_dagrun for example_xcom_args_with_operators to None, run_after=None
[2025-02-08T22:14:26.550+0000] {processor.py:175} INFO - Processing /home/airflow/.local/lib/python3.7/site-packages/airflow/example_dags/example_xcomargs.py took 0.468 seconds
[2025-02-08T22:14:56.810+0000] {processor.py:153} INFO - Started process (PID=1394) to work on /home/airflow/.local/lib/python3.7/site-packages/airflow/example_dags/example_xcomargs.py
[2025-02-08T22:14:56.812+0000] {processor.py:743} INFO - Processing file /home/airflow/.local/lib/python3.7/site-packages/airflow/example_dags/example_xcomargs.py for tasks to queue
[2025-02-08T22:14:56.813+0000] {logging_mixin.py:137} INFO - [2025-02-08T22:14:56.813+0000] {dagbag.py:538} INFO - Filling up the DagBag from /home/airflow/.local/lib/python3.7/site-packages/airflow/example_dags/example_xcomargs.py
[2025-02-08T22:14:56.848+0000] {processor.py:753} INFO - DAG(s) dict_keys(['example_xcom_args', 'example_xcom_args_with_operators']) retrieved from /home/airflow/.local/lib/python3.7/site-packages/airflow/example_dags/example_xcomargs.py
[2025-02-08T22:14:56.899+0000] {logging_mixin.py:137} INFO - [2025-02-08T22:14:56.899+0000] {dag.py:2690} INFO - Sync 2 DAGs
[2025-02-08T22:14:56.939+0000] {logging_mixin.py:137} INFO - [2025-02-08T22:14:56.938+0000] {dag.py:3441} INFO - Setting next_dagrun for example_xcom_args to None, run_after=None
[2025-02-08T22:14:56.943+0000] {logging_mixin.py:137} INFO - [2025-02-08T22:14:56.943+0000] {dag.py:3441} INFO - Setting next_dagrun for example_xcom_args_with_operators to None, run_after=None
[2025-02-08T22:14:56.967+0000] {processor.py:175} INFO - Processing /home/airflow/.local/lib/python3.7/site-packages/airflow/example_dags/example_xcomargs.py took 0.162 seconds
[2025-02-08T22:15:27.069+0000] {processor.py:153} INFO - Started process (PID=1465) to work on /home/airflow/.local/lib/python3.7/site-packages/airflow/example_dags/example_xcomargs.py
[2025-02-08T22:15:27.070+0000] {processor.py:743} INFO - Processing file /home/airflow/.local/lib/python3.7/site-packages/airflow/example_dags/example_xcomargs.py for tasks to queue
[2025-02-08T22:15:27.071+0000] {logging_mixin.py:137} INFO - [2025-02-08T22:15:27.071+0000] {dagbag.py:538} INFO - Filling up the DagBag from /home/airflow/.local/lib/python3.7/site-packages/airflow/example_dags/example_xcomargs.py
[2025-02-08T22:15:27.093+0000] {processor.py:753} INFO - DAG(s) dict_keys(['example_xcom_args_with_operators', 'example_xcom_args']) retrieved from /home/airflow/.local/lib/python3.7/site-packages/airflow/example_dags/example_xcomargs.py
[2025-02-08T22:15:27.122+0000] {logging_mixin.py:137} INFO - [2025-02-08T22:15:27.122+0000] {dag.py:2690} INFO - Sync 2 DAGs
[2025-02-08T22:15:27.146+0000] {logging_mixin.py:137} INFO - [2025-02-08T22:15:27.146+0000] {dag.py:3441} INFO - Setting next_dagrun for example_xcom_args to None, run_after=None
[2025-02-08T22:15:27.150+0000] {logging_mixin.py:137} INFO - [2025-02-08T22:15:27.150+0000] {dag.py:3441} INFO - Setting next_dagrun for example_xcom_args_with_operators to None, run_after=None
[2025-02-08T22:15:27.173+0000] {processor.py:175} INFO - Processing /home/airflow/.local/lib/python3.7/site-packages/airflow/example_dags/example_xcomargs.py took 0.106 seconds
[2025-02-08T22:15:57.601+0000] {processor.py:153} INFO - Started process (PID=1552) to work on /home/airflow/.local/lib/python3.7/site-packages/airflow/example_dags/example_xcomargs.py
[2025-02-08T22:15:57.602+0000] {processor.py:743} INFO - Processing file /home/airflow/.local/lib/python3.7/site-packages/airflow/example_dags/example_xcomargs.py for tasks to queue
[2025-02-08T22:15:57.603+0000] {logging_mixin.py:137} INFO - [2025-02-08T22:15:57.602+0000] {dagbag.py:538} INFO - Filling up the DagBag from /home/airflow/.local/lib/python3.7/site-packages/airflow/example_dags/example_xcomargs.py
[2025-02-08T22:15:57.624+0000] {processor.py:753} INFO - DAG(s) dict_keys(['example_xcom_args', 'example_xcom_args_with_operators']) retrieved from /home/airflow/.local/lib/python3.7/site-packages/airflow/example_dags/example_xcomargs.py
[2025-02-08T22:15:57.652+0000] {logging_mixin.py:137} INFO - [2025-02-08T22:15:57.652+0000] {dag.py:2690} INFO - Sync 2 DAGs
[2025-02-08T22:15:57.675+0000] {logging_mixin.py:137} INFO - [2025-02-08T22:15:57.675+0000] {dag.py:3441} INFO - Setting next_dagrun for example_xcom_args to None, run_after=None
[2025-02-08T22:15:57.678+0000] {logging_mixin.py:137} INFO - [2025-02-08T22:15:57.678+0000] {dag.py:3441} INFO - Setting next_dagrun for example_xcom_args_with_operators to None, run_after=None
[2025-02-08T22:15:57.695+0000] {processor.py:175} INFO - Processing /home/airflow/.local/lib/python3.7/site-packages/airflow/example_dags/example_xcomargs.py took 0.097 seconds
[2025-02-08T22:16:27.815+0000] {processor.py:153} INFO - Started process (PID=1623) to work on /home/airflow/.local/lib/python3.7/site-packages/airflow/example_dags/example_xcomargs.py
[2025-02-08T22:16:27.816+0000] {processor.py:743} INFO - Processing file /home/airflow/.local/lib/python3.7/site-packages/airflow/example_dags/example_xcomargs.py for tasks to queue
[2025-02-08T22:16:27.817+0000] {logging_mixin.py:137} INFO - [2025-02-08T22:16:27.816+0000] {dagbag.py:538} INFO - Filling up the DagBag from /home/airflow/.local/lib/python3.7/site-packages/airflow/example_dags/example_xcomargs.py
[2025-02-08T22:16:27.836+0000] {processor.py:753} INFO - DAG(s) dict_keys(['example_xcom_args_with_operators', 'example_xcom_args']) retrieved from /home/airflow/.local/lib/python3.7/site-packages/airflow/example_dags/example_xcomargs.py
[2025-02-08T22:16:27.862+0000] {logging_mixin.py:137} INFO - [2025-02-08T22:16:27.862+0000] {dag.py:2690} INFO - Sync 2 DAGs
[2025-02-08T22:16:27.884+0000] {logging_mixin.py:137} INFO - [2025-02-08T22:16:27.884+0000] {dag.py:3441} INFO - Setting next_dagrun for example_xcom_args to None, run_after=None
[2025-02-08T22:16:27.888+0000] {logging_mixin.py:137} INFO - [2025-02-08T22:16:27.887+0000] {dag.py:3441} INFO - Setting next_dagrun for example_xcom_args_with_operators to None, run_after=None
[2025-02-08T22:16:27.910+0000] {processor.py:175} INFO - Processing /home/airflow/.local/lib/python3.7/site-packages/airflow/example_dags/example_xcomargs.py took 0.099 seconds
[2025-02-08T22:16:58.270+0000] {processor.py:153} INFO - Started process (PID=1710) to work on /home/airflow/.local/lib/python3.7/site-packages/airflow/example_dags/example_xcomargs.py
[2025-02-08T22:16:58.271+0000] {processor.py:743} INFO - Processing file /home/airflow/.local/lib/python3.7/site-packages/airflow/example_dags/example_xcomargs.py for tasks to queue
[2025-02-08T22:16:58.272+0000] {logging_mixin.py:137} INFO - [2025-02-08T22:16:58.272+0000] {dagbag.py:538} INFO - Filling up the DagBag from /home/airflow/.local/lib/python3.7/site-packages/airflow/example_dags/example_xcomargs.py
[2025-02-08T22:16:58.292+0000] {processor.py:753} INFO - DAG(s) dict_keys(['example_xcom_args_with_operators', 'example_xcom_args']) retrieved from /home/airflow/.local/lib/python3.7/site-packages/airflow/example_dags/example_xcomargs.py
[2025-02-08T22:16:58.319+0000] {logging_mixin.py:137} INFO - [2025-02-08T22:16:58.319+0000] {dag.py:2690} INFO - Sync 2 DAGs
[2025-02-08T22:16:58.341+0000] {logging_mixin.py:137} INFO - [2025-02-08T22:16:58.341+0000] {dag.py:3441} INFO - Setting next_dagrun for example_xcom_args to None, run_after=None
[2025-02-08T22:16:58.344+0000] {logging_mixin.py:137} INFO - [2025-02-08T22:16:58.344+0000] {dag.py:3441} INFO - Setting next_dagrun for example_xcom_args_with_operators to None, run_after=None
[2025-02-08T22:16:58.366+0000] {processor.py:175} INFO - Processing /home/airflow/.local/lib/python3.7/site-packages/airflow/example_dags/example_xcomargs.py took 0.098 seconds
[2025-02-08T22:17:28.834+0000] {processor.py:153} INFO - Started process (PID=1781) to work on /home/airflow/.local/lib/python3.7/site-packages/airflow/example_dags/example_xcomargs.py
[2025-02-08T22:17:28.835+0000] {processor.py:743} INFO - Processing file /home/airflow/.local/lib/python3.7/site-packages/airflow/example_dags/example_xcomargs.py for tasks to queue
[2025-02-08T22:17:28.836+0000] {logging_mixin.py:137} INFO - [2025-02-08T22:17:28.836+0000] {dagbag.py:538} INFO - Filling up the DagBag from /home/airflow/.local/lib/python3.7/site-packages/airflow/example_dags/example_xcomargs.py
[2025-02-08T22:17:28.858+0000] {processor.py:753} INFO - DAG(s) dict_keys(['example_xcom_args', 'example_xcom_args_with_operators']) retrieved from /home/airflow/.local/lib/python3.7/site-packages/airflow/example_dags/example_xcomargs.py
[2025-02-08T22:17:28.886+0000] {logging_mixin.py:137} INFO - [2025-02-08T22:17:28.886+0000] {dag.py:2690} INFO - Sync 2 DAGs
[2025-02-08T22:17:28.912+0000] {logging_mixin.py:137} INFO - [2025-02-08T22:17:28.912+0000] {dag.py:3441} INFO - Setting next_dagrun for example_xcom_args to None, run_after=None
[2025-02-08T22:17:28.915+0000] {logging_mixin.py:137} INFO - [2025-02-08T22:17:28.915+0000] {dag.py:3441} INFO - Setting next_dagrun for example_xcom_args_with_operators to None, run_after=None
[2025-02-08T22:17:28.935+0000] {processor.py:175} INFO - Processing /home/airflow/.local/lib/python3.7/site-packages/airflow/example_dags/example_xcomargs.py took 0.104 seconds
[2025-02-08T22:17:59.234+0000] {processor.py:153} INFO - Started process (PID=1868) to work on /home/airflow/.local/lib/python3.7/site-packages/airflow/example_dags/example_xcomargs.py
[2025-02-08T22:17:59.236+0000] {processor.py:743} INFO - Processing file /home/airflow/.local/lib/python3.7/site-packages/airflow/example_dags/example_xcomargs.py for tasks to queue
[2025-02-08T22:17:59.237+0000] {logging_mixin.py:137} INFO - [2025-02-08T22:17:59.236+0000] {dagbag.py:538} INFO - Filling up the DagBag from /home/airflow/.local/lib/python3.7/site-packages/airflow/example_dags/example_xcomargs.py
[2025-02-08T22:17:59.261+0000] {processor.py:753} INFO - DAG(s) dict_keys(['example_xcom_args', 'example_xcom_args_with_operators']) retrieved from /home/airflow/.local/lib/python3.7/site-packages/airflow/example_dags/example_xcomargs.py
[2025-02-08T22:17:59.294+0000] {logging_mixin.py:137} INFO - [2025-02-08T22:17:59.294+0000] {dag.py:2690} INFO - Sync 2 DAGs
[2025-02-08T22:17:59.318+0000] {logging_mixin.py:137} INFO - [2025-02-08T22:17:59.318+0000] {dag.py:3441} INFO - Setting next_dagrun for example_xcom_args to None, run_after=None
[2025-02-08T22:17:59.322+0000] {logging_mixin.py:137} INFO - [2025-02-08T22:17:59.322+0000] {dag.py:3441} INFO - Setting next_dagrun for example_xcom_args_with_operators to None, run_after=None
[2025-02-08T22:17:59.342+0000] {processor.py:175} INFO - Processing /home/airflow/.local/lib/python3.7/site-packages/airflow/example_dags/example_xcomargs.py took 0.111 seconds
[2025-02-08T22:18:30.068+0000] {processor.py:153} INFO - Started process (PID=1939) to work on /home/airflow/.local/lib/python3.7/site-packages/airflow/example_dags/example_xcomargs.py
[2025-02-08T22:18:30.069+0000] {processor.py:743} INFO - Processing file /home/airflow/.local/lib/python3.7/site-packages/airflow/example_dags/example_xcomargs.py for tasks to queue
[2025-02-08T22:18:30.070+0000] {logging_mixin.py:137} INFO - [2025-02-08T22:18:30.070+0000] {dagbag.py:538} INFO - Filling up the DagBag from /home/airflow/.local/lib/python3.7/site-packages/airflow/example_dags/example_xcomargs.py
[2025-02-08T22:18:30.096+0000] {processor.py:753} INFO - DAG(s) dict_keys(['example_xcom_args', 'example_xcom_args_with_operators']) retrieved from /home/airflow/.local/lib/python3.7/site-packages/airflow/example_dags/example_xcomargs.py
[2025-02-08T22:18:30.132+0000] {logging_mixin.py:137} INFO - [2025-02-08T22:18:30.132+0000] {dag.py:2690} INFO - Sync 2 DAGs
[2025-02-08T22:18:30.162+0000] {logging_mixin.py:137} INFO - [2025-02-08T22:18:30.162+0000] {dag.py:3441} INFO - Setting next_dagrun for example_xcom_args to None, run_after=None
[2025-02-08T22:18:30.166+0000] {logging_mixin.py:137} INFO - [2025-02-08T22:18:30.166+0000] {dag.py:3441} INFO - Setting next_dagrun for example_xcom_args_with_operators to None, run_after=None
[2025-02-08T22:18:30.189+0000] {processor.py:175} INFO - Processing /home/airflow/.local/lib/python3.7/site-packages/airflow/example_dags/example_xcomargs.py took 0.125 seconds
[2025-02-08T22:19:00.788+0000] {processor.py:153} INFO - Started process (PID=2026) to work on /home/airflow/.local/lib/python3.7/site-packages/airflow/example_dags/example_xcomargs.py
[2025-02-08T22:19:00.789+0000] {processor.py:743} INFO - Processing file /home/airflow/.local/lib/python3.7/site-packages/airflow/example_dags/example_xcomargs.py for tasks to queue
[2025-02-08T22:19:00.791+0000] {logging_mixin.py:137} INFO - [2025-02-08T22:19:00.791+0000] {dagbag.py:538} INFO - Filling up the DagBag from /home/airflow/.local/lib/python3.7/site-packages/airflow/example_dags/example_xcomargs.py
[2025-02-08T22:19:00.836+0000] {processor.py:753} INFO - DAG(s) dict_keys(['example_xcom_args_with_operators', 'example_xcom_args']) retrieved from /home/airflow/.local/lib/python3.7/site-packages/airflow/example_dags/example_xcomargs.py
[2025-02-08T22:19:00.897+0000] {logging_mixin.py:137} INFO - [2025-02-08T22:19:00.897+0000] {dag.py:2690} INFO - Sync 2 DAGs
[2025-02-08T22:19:00.958+0000] {logging_mixin.py:137} INFO - [2025-02-08T22:19:00.957+0000] {dag.py:3441} INFO - Setting next_dagrun for example_xcom_args to None, run_after=None
[2025-02-08T22:19:00.972+0000] {logging_mixin.py:137} INFO - [2025-02-08T22:19:00.972+0000] {dag.py:3441} INFO - Setting next_dagrun for example_xcom_args_with_operators to None, run_after=None
[2025-02-08T22:19:01.036+0000] {processor.py:175} INFO - Processing /home/airflow/.local/lib/python3.7/site-packages/airflow/example_dags/example_xcomargs.py took 0.254 seconds
[2025-02-08T22:19:31.719+0000] {processor.py:153} INFO - Started process (PID=2097) to work on /home/airflow/.local/lib/python3.7/site-packages/airflow/example_dags/example_xcomargs.py
[2025-02-08T22:19:31.728+0000] {processor.py:743} INFO - Processing file /home/airflow/.local/lib/python3.7/site-packages/airflow/example_dags/example_xcomargs.py for tasks to queue
[2025-02-08T22:19:31.731+0000] {logging_mixin.py:137} INFO - [2025-02-08T22:19:31.730+0000] {dagbag.py:538} INFO - Filling up the DagBag from /home/airflow/.local/lib/python3.7/site-packages/airflow/example_dags/example_xcomargs.py
[2025-02-08T22:19:31.807+0000] {processor.py:753} INFO - DAG(s) dict_keys(['example_xcom_args', 'example_xcom_args_with_operators']) retrieved from /home/airflow/.local/lib/python3.7/site-packages/airflow/example_dags/example_xcomargs.py
[2025-02-08T22:19:31.863+0000] {logging_mixin.py:137} INFO - [2025-02-08T22:19:31.863+0000] {dag.py:2690} INFO - Sync 2 DAGs
[2025-02-08T22:19:31.922+0000] {logging_mixin.py:137} INFO - [2025-02-08T22:19:31.922+0000] {dag.py:3441} INFO - Setting next_dagrun for example_xcom_args to None, run_after=None
[2025-02-08T22:19:31.928+0000] {logging_mixin.py:137} INFO - [2025-02-08T22:19:31.928+0000] {dag.py:3441} INFO - Setting next_dagrun for example_xcom_args_with_operators to None, run_after=None
[2025-02-08T22:19:31.971+0000] {processor.py:175} INFO - Processing /home/airflow/.local/lib/python3.7/site-packages/airflow/example_dags/example_xcomargs.py took 0.260 seconds
[2025-02-08T22:20:02.157+0000] {processor.py:153} INFO - Started process (PID=2176) to work on /home/airflow/.local/lib/python3.7/site-packages/airflow/example_dags/example_xcomargs.py
[2025-02-08T22:20:02.159+0000] {processor.py:743} INFO - Processing file /home/airflow/.local/lib/python3.7/site-packages/airflow/example_dags/example_xcomargs.py for tasks to queue
[2025-02-08T22:20:02.160+0000] {logging_mixin.py:137} INFO - [2025-02-08T22:20:02.160+0000] {dagbag.py:538} INFO - Filling up the DagBag from /home/airflow/.local/lib/python3.7/site-packages/airflow/example_dags/example_xcomargs.py
[2025-02-08T22:20:02.191+0000] {processor.py:753} INFO - DAG(s) dict_keys(['example_xcom_args_with_operators', 'example_xcom_args']) retrieved from /home/airflow/.local/lib/python3.7/site-packages/airflow/example_dags/example_xcomargs.py
[2025-02-08T22:20:02.228+0000] {logging_mixin.py:137} INFO - [2025-02-08T22:20:02.228+0000] {dag.py:2690} INFO - Sync 2 DAGs
[2025-02-08T22:20:02.261+0000] {logging_mixin.py:137} INFO - [2025-02-08T22:20:02.261+0000] {dag.py:3441} INFO - Setting next_dagrun for example_xcom_args to None, run_after=None
[2025-02-08T22:20:02.266+0000] {logging_mixin.py:137} INFO - [2025-02-08T22:20:02.266+0000] {dag.py:3441} INFO - Setting next_dagrun for example_xcom_args_with_operators to None, run_after=None
[2025-02-08T22:20:02.297+0000] {processor.py:175} INFO - Processing /home/airflow/.local/lib/python3.7/site-packages/airflow/example_dags/example_xcomargs.py took 0.144 seconds
[2025-02-08T22:20:32.625+0000] {processor.py:153} INFO - Started process (PID=2254) to work on /home/airflow/.local/lib/python3.7/site-packages/airflow/example_dags/example_xcomargs.py
[2025-02-08T22:20:32.626+0000] {processor.py:743} INFO - Processing file /home/airflow/.local/lib/python3.7/site-packages/airflow/example_dags/example_xcomargs.py for tasks to queue
[2025-02-08T22:20:32.628+0000] {logging_mixin.py:137} INFO - [2025-02-08T22:20:32.628+0000] {dagbag.py:538} INFO - Filling up the DagBag from /home/airflow/.local/lib/python3.7/site-packages/airflow/example_dags/example_xcomargs.py
[2025-02-08T22:20:32.661+0000] {processor.py:753} INFO - DAG(s) dict_keys(['example_xcom_args_with_operators', 'example_xcom_args']) retrieved from /home/airflow/.local/lib/python3.7/site-packages/airflow/example_dags/example_xcomargs.py
[2025-02-08T22:20:32.698+0000] {logging_mixin.py:137} INFO - [2025-02-08T22:20:32.697+0000] {dag.py:2690} INFO - Sync 2 DAGs
[2025-02-08T22:20:32.727+0000] {logging_mixin.py:137} INFO - [2025-02-08T22:20:32.727+0000] {dag.py:3441} INFO - Setting next_dagrun for example_xcom_args to None, run_after=None
[2025-02-08T22:20:32.731+0000] {logging_mixin.py:137} INFO - [2025-02-08T22:20:32.731+0000] {dag.py:3441} INFO - Setting next_dagrun for example_xcom_args_with_operators to None, run_after=None
[2025-02-08T22:20:32.754+0000] {processor.py:175} INFO - Processing /home/airflow/.local/lib/python3.7/site-packages/airflow/example_dags/example_xcomargs.py took 0.132 seconds
[2025-02-08T22:21:02.877+0000] {processor.py:153} INFO - Started process (PID=2324) to work on /home/airflow/.local/lib/python3.7/site-packages/airflow/example_dags/example_xcomargs.py
[2025-02-08T22:21:02.878+0000] {processor.py:743} INFO - Processing file /home/airflow/.local/lib/python3.7/site-packages/airflow/example_dags/example_xcomargs.py for tasks to queue
[2025-02-08T22:21:02.879+0000] {logging_mixin.py:137} INFO - [2025-02-08T22:21:02.879+0000] {dagbag.py:538} INFO - Filling up the DagBag from /home/airflow/.local/lib/python3.7/site-packages/airflow/example_dags/example_xcomargs.py
[2025-02-08T22:21:02.909+0000] {processor.py:753} INFO - DAG(s) dict_keys(['example_xcom_args_with_operators', 'example_xcom_args']) retrieved from /home/airflow/.local/lib/python3.7/site-packages/airflow/example_dags/example_xcomargs.py
[2025-02-08T22:21:02.944+0000] {logging_mixin.py:137} INFO - [2025-02-08T22:21:02.943+0000] {dag.py:2690} INFO - Sync 2 DAGs
[2025-02-08T22:21:02.971+0000] {logging_mixin.py:137} INFO - [2025-02-08T22:21:02.970+0000] {dag.py:3441} INFO - Setting next_dagrun for example_xcom_args to None, run_after=None
[2025-02-08T22:21:02.975+0000] {logging_mixin.py:137} INFO - [2025-02-08T22:21:02.975+0000] {dag.py:3441} INFO - Setting next_dagrun for example_xcom_args_with_operators to None, run_after=None
[2025-02-08T22:21:02.997+0000] {processor.py:175} INFO - Processing /home/airflow/.local/lib/python3.7/site-packages/airflow/example_dags/example_xcomargs.py took 0.124 seconds
[2025-02-08T22:21:33.605+0000] {processor.py:153} INFO - Started process (PID=2411) to work on /home/airflow/.local/lib/python3.7/site-packages/airflow/example_dags/example_xcomargs.py
[2025-02-08T22:21:33.607+0000] {processor.py:743} INFO - Processing file /home/airflow/.local/lib/python3.7/site-packages/airflow/example_dags/example_xcomargs.py for tasks to queue
[2025-02-08T22:21:33.609+0000] {logging_mixin.py:137} INFO - [2025-02-08T22:21:33.608+0000] {dagbag.py:538} INFO - Filling up the DagBag from /home/airflow/.local/lib/python3.7/site-packages/airflow/example_dags/example_xcomargs.py
[2025-02-08T22:21:33.650+0000] {processor.py:753} INFO - DAG(s) dict_keys(['example_xcom_args', 'example_xcom_args_with_operators']) retrieved from /home/airflow/.local/lib/python3.7/site-packages/airflow/example_dags/example_xcomargs.py
[2025-02-08T22:21:33.717+0000] {logging_mixin.py:137} INFO - [2025-02-08T22:21:33.717+0000] {dag.py:2690} INFO - Sync 2 DAGs
[2025-02-08T22:21:33.756+0000] {logging_mixin.py:137} INFO - [2025-02-08T22:21:33.755+0000] {dag.py:3441} INFO - Setting next_dagrun for example_xcom_args to None, run_after=None
[2025-02-08T22:21:33.761+0000] {logging_mixin.py:137} INFO - [2025-02-08T22:21:33.761+0000] {dag.py:3441} INFO - Setting next_dagrun for example_xcom_args_with_operators to None, run_after=None
[2025-02-08T22:21:33.789+0000] {processor.py:175} INFO - Processing /home/airflow/.local/lib/python3.7/site-packages/airflow/example_dags/example_xcomargs.py took 0.189 seconds
[2025-02-08T22:22:03.878+0000] {processor.py:153} INFO - Started process (PID=2482) to work on /home/airflow/.local/lib/python3.7/site-packages/airflow/example_dags/example_xcomargs.py
[2025-02-08T22:22:03.879+0000] {processor.py:743} INFO - Processing file /home/airflow/.local/lib/python3.7/site-packages/airflow/example_dags/example_xcomargs.py for tasks to queue
[2025-02-08T22:22:03.880+0000] {logging_mixin.py:137} INFO - [2025-02-08T22:22:03.880+0000] {dagbag.py:538} INFO - Filling up the DagBag from /home/airflow/.local/lib/python3.7/site-packages/airflow/example_dags/example_xcomargs.py
[2025-02-08T22:22:03.902+0000] {processor.py:753} INFO - DAG(s) dict_keys(['example_xcom_args_with_operators', 'example_xcom_args']) retrieved from /home/airflow/.local/lib/python3.7/site-packages/airflow/example_dags/example_xcomargs.py
[2025-02-08T22:22:03.929+0000] {logging_mixin.py:137} INFO - [2025-02-08T22:22:03.929+0000] {dag.py:2690} INFO - Sync 2 DAGs
[2025-02-08T22:22:03.952+0000] {logging_mixin.py:137} INFO - [2025-02-08T22:22:03.952+0000] {dag.py:3441} INFO - Setting next_dagrun for example_xcom_args to None, run_after=None
[2025-02-08T22:22:03.957+0000] {logging_mixin.py:137} INFO - [2025-02-08T22:22:03.956+0000] {dag.py:3441} INFO - Setting next_dagrun for example_xcom_args_with_operators to None, run_after=None
[2025-02-08T22:22:03.977+0000] {processor.py:175} INFO - Processing /home/airflow/.local/lib/python3.7/site-packages/airflow/example_dags/example_xcomargs.py took 0.102 seconds
[2025-02-08T22:22:34.394+0000] {processor.py:153} INFO - Started process (PID=2562) to work on /home/airflow/.local/lib/python3.7/site-packages/airflow/example_dags/example_xcomargs.py
[2025-02-08T22:22:34.396+0000] {processor.py:743} INFO - Processing file /home/airflow/.local/lib/python3.7/site-packages/airflow/example_dags/example_xcomargs.py for tasks to queue
[2025-02-08T22:22:34.397+0000] {logging_mixin.py:137} INFO - [2025-02-08T22:22:34.396+0000] {dagbag.py:538} INFO - Filling up the DagBag from /home/airflow/.local/lib/python3.7/site-packages/airflow/example_dags/example_xcomargs.py
[2025-02-08T22:22:34.440+0000] {processor.py:753} INFO - DAG(s) dict_keys(['example_xcom_args', 'example_xcom_args_with_operators']) retrieved from /home/airflow/.local/lib/python3.7/site-packages/airflow/example_dags/example_xcomargs.py
[2025-02-08T22:22:34.481+0000] {logging_mixin.py:137} INFO - [2025-02-08T22:22:34.481+0000] {dag.py:2690} INFO - Sync 2 DAGs
[2025-02-08T22:22:34.510+0000] {logging_mixin.py:137} INFO - [2025-02-08T22:22:34.510+0000] {dag.py:3441} INFO - Setting next_dagrun for example_xcom_args to None, run_after=None
[2025-02-08T22:22:34.514+0000] {logging_mixin.py:137} INFO - [2025-02-08T22:22:34.513+0000] {dag.py:3441} INFO - Setting next_dagrun for example_xcom_args_with_operators to None, run_after=None
[2025-02-08T22:22:34.534+0000] {processor.py:175} INFO - Processing /home/airflow/.local/lib/python3.7/site-packages/airflow/example_dags/example_xcomargs.py took 0.143 seconds
[2025-02-08T22:23:06.127+0000] {processor.py:153} INFO - Started process (PID=2640) to work on /home/airflow/.local/lib/python3.7/site-packages/airflow/example_dags/example_xcomargs.py
[2025-02-08T22:23:06.129+0000] {processor.py:743} INFO - Processing file /home/airflow/.local/lib/python3.7/site-packages/airflow/example_dags/example_xcomargs.py for tasks to queue
[2025-02-08T22:23:06.131+0000] {logging_mixin.py:137} INFO - [2025-02-08T22:23:06.131+0000] {dagbag.py:538} INFO - Filling up the DagBag from /home/airflow/.local/lib/python3.7/site-packages/airflow/example_dags/example_xcomargs.py
[2025-02-08T22:23:06.181+0000] {processor.py:753} INFO - DAG(s) dict_keys(['example_xcom_args_with_operators', 'example_xcom_args']) retrieved from /home/airflow/.local/lib/python3.7/site-packages/airflow/example_dags/example_xcomargs.py
[2025-02-08T22:23:06.244+0000] {logging_mixin.py:137} INFO - [2025-02-08T22:23:06.244+0000] {dag.py:2690} INFO - Sync 2 DAGs
[2025-02-08T22:23:06.289+0000] {logging_mixin.py:137} INFO - [2025-02-08T22:23:06.288+0000] {dag.py:3441} INFO - Setting next_dagrun for example_xcom_args to None, run_after=None
[2025-02-08T22:23:06.294+0000] {logging_mixin.py:137} INFO - [2025-02-08T22:23:06.294+0000] {dag.py:3441} INFO - Setting next_dagrun for example_xcom_args_with_operators to None, run_after=None
[2025-02-08T22:23:06.325+0000] {processor.py:175} INFO - Processing /home/airflow/.local/lib/python3.7/site-packages/airflow/example_dags/example_xcomargs.py took 0.205 seconds
[2025-02-08T22:23:36.671+0000] {processor.py:153} INFO - Started process (PID=2727) to work on /home/airflow/.local/lib/python3.7/site-packages/airflow/example_dags/example_xcomargs.py
[2025-02-08T22:23:36.673+0000] {processor.py:743} INFO - Processing file /home/airflow/.local/lib/python3.7/site-packages/airflow/example_dags/example_xcomargs.py for tasks to queue
[2025-02-08T22:23:36.674+0000] {logging_mixin.py:137} INFO - [2025-02-08T22:23:36.674+0000] {dagbag.py:538} INFO - Filling up the DagBag from /home/airflow/.local/lib/python3.7/site-packages/airflow/example_dags/example_xcomargs.py
[2025-02-08T22:23:36.726+0000] {processor.py:753} INFO - DAG(s) dict_keys(['example_xcom_args_with_operators', 'example_xcom_args']) retrieved from /home/airflow/.local/lib/python3.7/site-packages/airflow/example_dags/example_xcomargs.py
[2025-02-08T22:23:36.776+0000] {logging_mixin.py:137} INFO - [2025-02-08T22:23:36.776+0000] {dag.py:2690} INFO - Sync 2 DAGs
[2025-02-08T22:23:36.824+0000] {logging_mixin.py:137} INFO - [2025-02-08T22:23:36.824+0000] {dag.py:3441} INFO - Setting next_dagrun for example_xcom_args to None, run_after=None
[2025-02-08T22:23:36.831+0000] {logging_mixin.py:137} INFO - [2025-02-08T22:23:36.830+0000] {dag.py:3441} INFO - Setting next_dagrun for example_xcom_args_with_operators to None, run_after=None
[2025-02-08T22:23:36.862+0000] {processor.py:175} INFO - Processing /home/airflow/.local/lib/python3.7/site-packages/airflow/example_dags/example_xcomargs.py took 0.198 seconds
[2025-02-08T22:24:07.544+0000] {processor.py:153} INFO - Started process (PID=2798) to work on /home/airflow/.local/lib/python3.7/site-packages/airflow/example_dags/example_xcomargs.py
[2025-02-08T22:24:07.545+0000] {processor.py:743} INFO - Processing file /home/airflow/.local/lib/python3.7/site-packages/airflow/example_dags/example_xcomargs.py for tasks to queue
[2025-02-08T22:24:07.547+0000] {logging_mixin.py:137} INFO - [2025-02-08T22:24:07.547+0000] {dagbag.py:538} INFO - Filling up the DagBag from /home/airflow/.local/lib/python3.7/site-packages/airflow/example_dags/example_xcomargs.py
[2025-02-08T22:24:07.594+0000] {processor.py:753} INFO - DAG(s) dict_keys(['example_xcom_args_with_operators', 'example_xcom_args']) retrieved from /home/airflow/.local/lib/python3.7/site-packages/airflow/example_dags/example_xcomargs.py
[2025-02-08T22:24:07.648+0000] {logging_mixin.py:137} INFO - [2025-02-08T22:24:07.647+0000] {dag.py:2690} INFO - Sync 2 DAGs
[2025-02-08T22:24:07.699+0000] {logging_mixin.py:137} INFO - [2025-02-08T22:24:07.699+0000] {dag.py:3441} INFO - Setting next_dagrun for example_xcom_args to None, run_after=None
[2025-02-08T22:24:07.706+0000] {logging_mixin.py:137} INFO - [2025-02-08T22:24:07.706+0000] {dag.py:3441} INFO - Setting next_dagrun for example_xcom_args_with_operators to None, run_after=None
[2025-02-08T22:24:07.741+0000] {processor.py:175} INFO - Processing /home/airflow/.local/lib/python3.7/site-packages/airflow/example_dags/example_xcomargs.py took 0.202 seconds
[2025-02-08T22:24:39.410+0000] {processor.py:153} INFO - Started process (PID=2869) to work on /home/airflow/.local/lib/python3.7/site-packages/airflow/example_dags/example_xcomargs.py
[2025-02-08T22:24:39.411+0000] {processor.py:743} INFO - Processing file /home/airflow/.local/lib/python3.7/site-packages/airflow/example_dags/example_xcomargs.py for tasks to queue
[2025-02-08T22:24:39.413+0000] {logging_mixin.py:137} INFO - [2025-02-08T22:24:39.413+0000] {dagbag.py:538} INFO - Filling up the DagBag from /home/airflow/.local/lib/python3.7/site-packages/airflow/example_dags/example_xcomargs.py
[2025-02-08T22:24:39.464+0000] {processor.py:753} INFO - DAG(s) dict_keys(['example_xcom_args_with_operators', 'example_xcom_args']) retrieved from /home/airflow/.local/lib/python3.7/site-packages/airflow/example_dags/example_xcomargs.py
[2025-02-08T22:24:39.520+0000] {logging_mixin.py:137} INFO - [2025-02-08T22:24:39.519+0000] {dag.py:2690} INFO - Sync 2 DAGs
[2025-02-08T22:24:39.572+0000] {logging_mixin.py:137} INFO - [2025-02-08T22:24:39.572+0000] {dag.py:3441} INFO - Setting next_dagrun for example_xcom_args to None, run_after=None
[2025-02-08T22:24:39.580+0000] {logging_mixin.py:137} INFO - [2025-02-08T22:24:39.579+0000] {dag.py:3441} INFO - Setting next_dagrun for example_xcom_args_with_operators to None, run_after=None
[2025-02-08T22:24:39.622+0000] {processor.py:175} INFO - Processing /home/airflow/.local/lib/python3.7/site-packages/airflow/example_dags/example_xcomargs.py took 0.218 seconds
[2025-02-08T22:25:09.965+0000] {processor.py:153} INFO - Started process (PID=2949) to work on /home/airflow/.local/lib/python3.7/site-packages/airflow/example_dags/example_xcomargs.py
[2025-02-08T22:25:09.967+0000] {processor.py:743} INFO - Processing file /home/airflow/.local/lib/python3.7/site-packages/airflow/example_dags/example_xcomargs.py for tasks to queue
[2025-02-08T22:25:09.968+0000] {logging_mixin.py:137} INFO - [2025-02-08T22:25:09.968+0000] {dagbag.py:538} INFO - Filling up the DagBag from /home/airflow/.local/lib/python3.7/site-packages/airflow/example_dags/example_xcomargs.py
[2025-02-08T22:25:10.006+0000] {processor.py:753} INFO - DAG(s) dict_keys(['example_xcom_args', 'example_xcom_args_with_operators']) retrieved from /home/airflow/.local/lib/python3.7/site-packages/airflow/example_dags/example_xcomargs.py
[2025-02-08T22:25:10.052+0000] {logging_mixin.py:137} INFO - [2025-02-08T22:25:10.052+0000] {dag.py:2690} INFO - Sync 2 DAGs
[2025-02-08T22:25:10.101+0000] {logging_mixin.py:137} INFO - [2025-02-08T22:25:10.101+0000] {dag.py:3441} INFO - Setting next_dagrun for example_xcom_args to None, run_after=None
[2025-02-08T22:25:10.109+0000] {logging_mixin.py:137} INFO - [2025-02-08T22:25:10.108+0000] {dag.py:3441} INFO - Setting next_dagrun for example_xcom_args_with_operators to None, run_after=None
[2025-02-08T22:25:10.139+0000] {processor.py:175} INFO - Processing /home/airflow/.local/lib/python3.7/site-packages/airflow/example_dags/example_xcomargs.py took 0.179 seconds
[2025-02-08T22:25:40.209+0000] {processor.py:153} INFO - Started process (PID=3027) to work on /home/airflow/.local/lib/python3.7/site-packages/airflow/example_dags/example_xcomargs.py
[2025-02-08T22:25:40.211+0000] {processor.py:743} INFO - Processing file /home/airflow/.local/lib/python3.7/site-packages/airflow/example_dags/example_xcomargs.py for tasks to queue
[2025-02-08T22:25:40.212+0000] {logging_mixin.py:137} INFO - [2025-02-08T22:25:40.212+0000] {dagbag.py:538} INFO - Filling up the DagBag from /home/airflow/.local/lib/python3.7/site-packages/airflow/example_dags/example_xcomargs.py
[2025-02-08T22:25:40.262+0000] {processor.py:753} INFO - DAG(s) dict_keys(['example_xcom_args', 'example_xcom_args_with_operators']) retrieved from /home/airflow/.local/lib/python3.7/site-packages/airflow/example_dags/example_xcomargs.py
[2025-02-08T22:25:40.326+0000] {logging_mixin.py:137} INFO - [2025-02-08T22:25:40.326+0000] {dag.py:2690} INFO - Sync 2 DAGs
[2025-02-08T22:25:40.378+0000] {logging_mixin.py:137} INFO - [2025-02-08T22:25:40.378+0000] {dag.py:3441} INFO - Setting next_dagrun for example_xcom_args to None, run_after=None
[2025-02-08T22:25:40.386+0000] {logging_mixin.py:137} INFO - [2025-02-08T22:25:40.385+0000] {dag.py:3441} INFO - Setting next_dagrun for example_xcom_args_with_operators to None, run_after=None
[2025-02-08T22:25:40.422+0000] {processor.py:175} INFO - Processing /home/airflow/.local/lib/python3.7/site-packages/airflow/example_dags/example_xcomargs.py took 0.218 seconds
[2025-02-08T22:26:10.512+0000] {processor.py:153} INFO - Started process (PID=3099) to work on /home/airflow/.local/lib/python3.7/site-packages/airflow/example_dags/example_xcomargs.py
[2025-02-08T22:26:10.514+0000] {processor.py:743} INFO - Processing file /home/airflow/.local/lib/python3.7/site-packages/airflow/example_dags/example_xcomargs.py for tasks to queue
[2025-02-08T22:26:10.515+0000] {logging_mixin.py:137} INFO - [2025-02-08T22:26:10.515+0000] {dagbag.py:538} INFO - Filling up the DagBag from /home/airflow/.local/lib/python3.7/site-packages/airflow/example_dags/example_xcomargs.py
[2025-02-08T22:26:10.550+0000] {processor.py:753} INFO - DAG(s) dict_keys(['example_xcom_args_with_operators', 'example_xcom_args']) retrieved from /home/airflow/.local/lib/python3.7/site-packages/airflow/example_dags/example_xcomargs.py
[2025-02-08T22:26:10.587+0000] {logging_mixin.py:137} INFO - [2025-02-08T22:26:10.587+0000] {dag.py:2690} INFO - Sync 2 DAGs
[2025-02-08T22:26:10.621+0000] {logging_mixin.py:137} INFO - [2025-02-08T22:26:10.621+0000] {dag.py:3441} INFO - Setting next_dagrun for example_xcom_args to None, run_after=None
[2025-02-08T22:26:10.626+0000] {logging_mixin.py:137} INFO - [2025-02-08T22:26:10.626+0000] {dag.py:3441} INFO - Setting next_dagrun for example_xcom_args_with_operators to None, run_after=None
[2025-02-08T22:26:10.657+0000] {processor.py:175} INFO - Processing /home/airflow/.local/lib/python3.7/site-packages/airflow/example_dags/example_xcomargs.py took 0.150 seconds
[2025-02-08T22:26:41.090+0000] {processor.py:153} INFO - Started process (PID=3178) to work on /home/airflow/.local/lib/python3.7/site-packages/airflow/example_dags/example_xcomargs.py
[2025-02-08T22:26:41.092+0000] {processor.py:743} INFO - Processing file /home/airflow/.local/lib/python3.7/site-packages/airflow/example_dags/example_xcomargs.py for tasks to queue
[2025-02-08T22:26:41.092+0000] {logging_mixin.py:137} INFO - [2025-02-08T22:26:41.092+0000] {dagbag.py:538} INFO - Filling up the DagBag from /home/airflow/.local/lib/python3.7/site-packages/airflow/example_dags/example_xcomargs.py
[2025-02-08T22:26:41.116+0000] {processor.py:753} INFO - DAG(s) dict_keys(['example_xcom_args_with_operators', 'example_xcom_args']) retrieved from /home/airflow/.local/lib/python3.7/site-packages/airflow/example_dags/example_xcomargs.py
[2025-02-08T22:26:41.147+0000] {logging_mixin.py:137} INFO - [2025-02-08T22:26:41.146+0000] {dag.py:2690} INFO - Sync 2 DAGs
[2025-02-08T22:26:41.171+0000] {logging_mixin.py:137} INFO - [2025-02-08T22:26:41.171+0000] {dag.py:3441} INFO - Setting next_dagrun for example_xcom_args to None, run_after=None
[2025-02-08T22:26:41.175+0000] {logging_mixin.py:137} INFO - [2025-02-08T22:26:41.175+0000] {dag.py:3441} INFO - Setting next_dagrun for example_xcom_args_with_operators to None, run_after=None
[2025-02-08T22:26:41.195+0000] {processor.py:175} INFO - Processing /home/airflow/.local/lib/python3.7/site-packages/airflow/example_dags/example_xcomargs.py took 0.108 seconds
[2025-02-08T22:27:12.292+0000] {processor.py:153} INFO - Started process (PID=3259) to work on /home/airflow/.local/lib/python3.7/site-packages/airflow/example_dags/example_xcomargs.py
[2025-02-08T22:27:12.293+0000] {processor.py:743} INFO - Processing file /home/airflow/.local/lib/python3.7/site-packages/airflow/example_dags/example_xcomargs.py for tasks to queue
[2025-02-08T22:27:12.294+0000] {logging_mixin.py:137} INFO - [2025-02-08T22:27:12.294+0000] {dagbag.py:538} INFO - Filling up the DagBag from /home/airflow/.local/lib/python3.7/site-packages/airflow/example_dags/example_xcomargs.py
[2025-02-08T22:27:12.344+0000] {processor.py:753} INFO - DAG(s) dict_keys(['example_xcom_args_with_operators', 'example_xcom_args']) retrieved from /home/airflow/.local/lib/python3.7/site-packages/airflow/example_dags/example_xcomargs.py
[2025-02-08T22:27:12.395+0000] {logging_mixin.py:137} INFO - [2025-02-08T22:27:12.395+0000] {dag.py:2690} INFO - Sync 2 DAGs
[2025-02-08T22:27:12.437+0000] {logging_mixin.py:137} INFO - [2025-02-08T22:27:12.437+0000] {dag.py:3441} INFO - Setting next_dagrun for example_xcom_args to None, run_after=None
[2025-02-08T22:27:12.443+0000] {logging_mixin.py:137} INFO - [2025-02-08T22:27:12.443+0000] {dag.py:3441} INFO - Setting next_dagrun for example_xcom_args_with_operators to None, run_after=None
[2025-02-08T22:27:12.474+0000] {processor.py:175} INFO - Processing /home/airflow/.local/lib/python3.7/site-packages/airflow/example_dags/example_xcomargs.py took 0.188 seconds
[2025-02-08T22:27:43.179+0000] {processor.py:153} INFO - Started process (PID=3340) to work on /home/airflow/.local/lib/python3.7/site-packages/airflow/example_dags/example_xcomargs.py
[2025-02-08T22:27:43.180+0000] {processor.py:743} INFO - Processing file /home/airflow/.local/lib/python3.7/site-packages/airflow/example_dags/example_xcomargs.py for tasks to queue
[2025-02-08T22:27:43.182+0000] {logging_mixin.py:137} INFO - [2025-02-08T22:27:43.182+0000] {dagbag.py:538} INFO - Filling up the DagBag from /home/airflow/.local/lib/python3.7/site-packages/airflow/example_dags/example_xcomargs.py
[2025-02-08T22:27:43.226+0000] {processor.py:753} INFO - DAG(s) dict_keys(['example_xcom_args', 'example_xcom_args_with_operators']) retrieved from /home/airflow/.local/lib/python3.7/site-packages/airflow/example_dags/example_xcomargs.py
[2025-02-08T22:27:43.281+0000] {logging_mixin.py:137} INFO - [2025-02-08T22:27:43.281+0000] {dag.py:2690} INFO - Sync 2 DAGs
[2025-02-08T22:27:43.324+0000] {logging_mixin.py:137} INFO - [2025-02-08T22:27:43.324+0000] {dag.py:3441} INFO - Setting next_dagrun for example_xcom_args to None, run_after=None
[2025-02-08T22:27:43.331+0000] {logging_mixin.py:137} INFO - [2025-02-08T22:27:43.331+0000] {dag.py:3441} INFO - Setting next_dagrun for example_xcom_args_with_operators to None, run_after=None
[2025-02-08T22:27:43.360+0000] {processor.py:175} INFO - Processing /home/airflow/.local/lib/python3.7/site-packages/airflow/example_dags/example_xcomargs.py took 0.188 seconds
