[2025-02-08T22:06:11.313+0000] {processor.py:153} INFO - Started process (PID=90) to work on /home/airflow/.local/lib/python3.7/site-packages/airflow/example_dags/example_branch_datetime_operator.py
[2025-02-08T22:06:11.315+0000] {processor.py:743} INFO - Processing file /home/airflow/.local/lib/python3.7/site-packages/airflow/example_dags/example_branch_datetime_operator.py for tasks to queue
[2025-02-08T22:06:11.318+0000] {logging_mixin.py:137} INFO - [2025-02-08T22:06:11.317+0000] {dagbag.py:538} INFO - Filling up the DagBag from /home/airflow/.local/lib/python3.7/site-packages/airflow/example_dags/example_branch_datetime_operator.py
[2025-02-08T22:06:11.376+0000] {processor.py:753} INFO - DAG(s) dict_keys(['example_branch_datetime_operator_2', 'example_branch_datetime_operator_3', 'example_branch_datetime_operator']) retrieved from /home/airflow/.local/lib/python3.7/site-packages/airflow/example_dags/example_branch_datetime_operator.py
[2025-02-08T22:06:11.520+0000] {logging_mixin.py:137} INFO - [2025-02-08T22:06:11.519+0000] {dag.py:2690} INFO - Sync 3 DAGs
[2025-02-08T22:06:11.683+0000] {logging_mixin.py:137} INFO - [2025-02-08T22:06:11.683+0000] {dag.py:3441} INFO - Setting next_dagrun for example_branch_datetime_operator to 2025-02-07T00:00:00+00:00, run_after=2025-02-08T00:00:00+00:00
[2025-02-08T22:06:11.695+0000] {logging_mixin.py:137} INFO - [2025-02-08T22:06:11.694+0000] {dag.py:3441} INFO - Setting next_dagrun for example_branch_datetime_operator_2 to 2025-02-07T00:00:00+00:00, run_after=2025-02-08T00:00:00+00:00
[2025-02-08T22:06:11.702+0000] {logging_mixin.py:137} INFO - [2025-02-08T22:06:11.701+0000] {dag.py:3441} INFO - Setting next_dagrun for example_branch_datetime_operator_3 to 2025-02-07T00:00:00+00:00, run_after=2025-02-08T00:00:00+00:00
[2025-02-08T22:06:11.770+0000] {processor.py:175} INFO - Processing /home/airflow/.local/lib/python3.7/site-packages/airflow/example_dags/example_branch_datetime_operator.py took 0.463 seconds
[2025-02-08T22:06:42.188+0000] {processor.py:153} INFO - Started process (PID=154) to work on /home/airflow/.local/lib/python3.7/site-packages/airflow/example_dags/example_branch_datetime_operator.py
[2025-02-08T22:06:42.189+0000] {processor.py:743} INFO - Processing file /home/airflow/.local/lib/python3.7/site-packages/airflow/example_dags/example_branch_datetime_operator.py for tasks to queue
[2025-02-08T22:06:42.190+0000] {logging_mixin.py:137} INFO - [2025-02-08T22:06:42.190+0000] {dagbag.py:538} INFO - Filling up the DagBag from /home/airflow/.local/lib/python3.7/site-packages/airflow/example_dags/example_branch_datetime_operator.py
[2025-02-08T22:06:42.208+0000] {processor.py:753} INFO - DAG(s) dict_keys(['example_branch_datetime_operator_3', 'example_branch_datetime_operator', 'example_branch_datetime_operator_2']) retrieved from /home/airflow/.local/lib/python3.7/site-packages/airflow/example_dags/example_branch_datetime_operator.py
[2025-02-08T22:06:42.242+0000] {logging_mixin.py:137} INFO - [2025-02-08T22:06:42.242+0000] {dag.py:2690} INFO - Sync 3 DAGs
[2025-02-08T22:06:42.267+0000] {logging_mixin.py:137} INFO - [2025-02-08T22:06:42.267+0000] {dag.py:3441} INFO - Setting next_dagrun for example_branch_datetime_operator to 2025-02-07T00:00:00+00:00, run_after=2025-02-08T00:00:00+00:00
[2025-02-08T22:06:42.274+0000] {logging_mixin.py:137} INFO - [2025-02-08T22:06:42.273+0000] {dag.py:3441} INFO - Setting next_dagrun for example_branch_datetime_operator_2 to 2025-02-07T00:00:00+00:00, run_after=2025-02-08T00:00:00+00:00
[2025-02-08T22:06:42.278+0000] {logging_mixin.py:137} INFO - [2025-02-08T22:06:42.278+0000] {dag.py:3441} INFO - Setting next_dagrun for example_branch_datetime_operator_3 to 2025-02-07T00:00:00+00:00, run_after=2025-02-08T00:00:00+00:00
[2025-02-08T22:06:42.302+0000] {processor.py:175} INFO - Processing /home/airflow/.local/lib/python3.7/site-packages/airflow/example_dags/example_branch_datetime_operator.py took 0.118 seconds
[2025-02-08T22:07:12.720+0000] {processor.py:153} INFO - Started process (PID=241) to work on /home/airflow/.local/lib/python3.7/site-packages/airflow/example_dags/example_branch_datetime_operator.py
[2025-02-08T22:07:12.722+0000] {processor.py:743} INFO - Processing file /home/airflow/.local/lib/python3.7/site-packages/airflow/example_dags/example_branch_datetime_operator.py for tasks to queue
[2025-02-08T22:07:12.724+0000] {logging_mixin.py:137} INFO - [2025-02-08T22:07:12.724+0000] {dagbag.py:538} INFO - Filling up the DagBag from /home/airflow/.local/lib/python3.7/site-packages/airflow/example_dags/example_branch_datetime_operator.py
[2025-02-08T22:07:12.777+0000] {processor.py:753} INFO - DAG(s) dict_keys(['example_branch_datetime_operator', 'example_branch_datetime_operator_3', 'example_branch_datetime_operator_2']) retrieved from /home/airflow/.local/lib/python3.7/site-packages/airflow/example_dags/example_branch_datetime_operator.py
[2025-02-08T22:07:12.942+0000] {logging_mixin.py:137} INFO - [2025-02-08T22:07:12.942+0000] {dag.py:2690} INFO - Sync 3 DAGs
[2025-02-08T22:07:13.019+0000] {logging_mixin.py:137} INFO - [2025-02-08T22:07:13.019+0000] {dag.py:3441} INFO - Setting next_dagrun for example_branch_datetime_operator to 2025-02-07T00:00:00+00:00, run_after=2025-02-08T00:00:00+00:00
[2025-02-08T22:07:13.029+0000] {logging_mixin.py:137} INFO - [2025-02-08T22:07:13.029+0000] {dag.py:3441} INFO - Setting next_dagrun for example_branch_datetime_operator_2 to 2025-02-07T00:00:00+00:00, run_after=2025-02-08T00:00:00+00:00
[2025-02-08T22:07:13.035+0000] {logging_mixin.py:137} INFO - [2025-02-08T22:07:13.035+0000] {dag.py:3441} INFO - Setting next_dagrun for example_branch_datetime_operator_3 to 2025-02-07T00:00:00+00:00, run_after=2025-02-08T00:00:00+00:00
[2025-02-08T22:07:13.080+0000] {processor.py:175} INFO - Processing /home/airflow/.local/lib/python3.7/site-packages/airflow/example_dags/example_branch_datetime_operator.py took 0.371 seconds
[2025-02-08T22:07:43.319+0000] {processor.py:153} INFO - Started process (PID=312) to work on /home/airflow/.local/lib/python3.7/site-packages/airflow/example_dags/example_branch_datetime_operator.py
[2025-02-08T22:07:43.320+0000] {processor.py:743} INFO - Processing file /home/airflow/.local/lib/python3.7/site-packages/airflow/example_dags/example_branch_datetime_operator.py for tasks to queue
[2025-02-08T22:07:43.321+0000] {logging_mixin.py:137} INFO - [2025-02-08T22:07:43.321+0000] {dagbag.py:538} INFO - Filling up the DagBag from /home/airflow/.local/lib/python3.7/site-packages/airflow/example_dags/example_branch_datetime_operator.py
[2025-02-08T22:07:43.338+0000] {processor.py:753} INFO - DAG(s) dict_keys(['example_branch_datetime_operator_2', 'example_branch_datetime_operator_3', 'example_branch_datetime_operator']) retrieved from /home/airflow/.local/lib/python3.7/site-packages/airflow/example_dags/example_branch_datetime_operator.py
[2025-02-08T22:07:43.368+0000] {logging_mixin.py:137} INFO - [2025-02-08T22:07:43.368+0000] {dag.py:2690} INFO - Sync 3 DAGs
[2025-02-08T22:07:43.394+0000] {logging_mixin.py:137} INFO - [2025-02-08T22:07:43.394+0000] {dag.py:3441} INFO - Setting next_dagrun for example_branch_datetime_operator to 2025-02-07T00:00:00+00:00, run_after=2025-02-08T00:00:00+00:00
[2025-02-08T22:07:43.399+0000] {logging_mixin.py:137} INFO - [2025-02-08T22:07:43.399+0000] {dag.py:3441} INFO - Setting next_dagrun for example_branch_datetime_operator_2 to 2025-02-07T00:00:00+00:00, run_after=2025-02-08T00:00:00+00:00
[2025-02-08T22:07:43.402+0000] {logging_mixin.py:137} INFO - [2025-02-08T22:07:43.402+0000] {dag.py:3441} INFO - Setting next_dagrun for example_branch_datetime_operator_3 to 2025-02-07T00:00:00+00:00, run_after=2025-02-08T00:00:00+00:00
[2025-02-08T22:07:43.424+0000] {processor.py:175} INFO - Processing /home/airflow/.local/lib/python3.7/site-packages/airflow/example_dags/example_branch_datetime_operator.py took 0.108 seconds
[2025-02-08T22:08:13.830+0000] {processor.py:153} INFO - Started process (PID=383) to work on /home/airflow/.local/lib/python3.7/site-packages/airflow/example_dags/example_branch_datetime_operator.py
[2025-02-08T22:08:13.831+0000] {processor.py:743} INFO - Processing file /home/airflow/.local/lib/python3.7/site-packages/airflow/example_dags/example_branch_datetime_operator.py for tasks to queue
[2025-02-08T22:08:13.832+0000] {logging_mixin.py:137} INFO - [2025-02-08T22:08:13.831+0000] {dagbag.py:538} INFO - Filling up the DagBag from /home/airflow/.local/lib/python3.7/site-packages/airflow/example_dags/example_branch_datetime_operator.py
[2025-02-08T22:08:13.861+0000] {processor.py:753} INFO - DAG(s) dict_keys(['example_branch_datetime_operator_2', 'example_branch_datetime_operator', 'example_branch_datetime_operator_3']) retrieved from /home/airflow/.local/lib/python3.7/site-packages/airflow/example_dags/example_branch_datetime_operator.py
[2025-02-08T22:08:13.895+0000] {logging_mixin.py:137} INFO - [2025-02-08T22:08:13.895+0000] {dag.py:2690} INFO - Sync 3 DAGs
[2025-02-08T22:08:13.922+0000] {logging_mixin.py:137} INFO - [2025-02-08T22:08:13.922+0000] {dag.py:3441} INFO - Setting next_dagrun for example_branch_datetime_operator to 2025-02-07T00:00:00+00:00, run_after=2025-02-08T00:00:00+00:00
[2025-02-08T22:08:13.927+0000] {logging_mixin.py:137} INFO - [2025-02-08T22:08:13.927+0000] {dag.py:3441} INFO - Setting next_dagrun for example_branch_datetime_operator_2 to 2025-02-07T00:00:00+00:00, run_after=2025-02-08T00:00:00+00:00
[2025-02-08T22:08:13.930+0000] {logging_mixin.py:137} INFO - [2025-02-08T22:08:13.930+0000] {dag.py:3441} INFO - Setting next_dagrun for example_branch_datetime_operator_3 to 2025-02-07T00:00:00+00:00, run_after=2025-02-08T00:00:00+00:00
[2025-02-08T22:08:13.951+0000] {processor.py:175} INFO - Processing /home/airflow/.local/lib/python3.7/site-packages/airflow/example_dags/example_branch_datetime_operator.py took 0.125 seconds
[2025-02-08T22:08:44.101+0000] {processor.py:153} INFO - Started process (PID=463) to work on /home/airflow/.local/lib/python3.7/site-packages/airflow/example_dags/example_branch_datetime_operator.py
[2025-02-08T22:08:44.103+0000] {processor.py:743} INFO - Processing file /home/airflow/.local/lib/python3.7/site-packages/airflow/example_dags/example_branch_datetime_operator.py for tasks to queue
[2025-02-08T22:08:44.104+0000] {logging_mixin.py:137} INFO - [2025-02-08T22:08:44.104+0000] {dagbag.py:538} INFO - Filling up the DagBag from /home/airflow/.local/lib/python3.7/site-packages/airflow/example_dags/example_branch_datetime_operator.py
[2025-02-08T22:08:44.131+0000] {processor.py:753} INFO - DAG(s) dict_keys(['example_branch_datetime_operator_3', 'example_branch_datetime_operator', 'example_branch_datetime_operator_2']) retrieved from /home/airflow/.local/lib/python3.7/site-packages/airflow/example_dags/example_branch_datetime_operator.py
[2025-02-08T22:08:44.173+0000] {logging_mixin.py:137} INFO - [2025-02-08T22:08:44.173+0000] {dag.py:2690} INFO - Sync 3 DAGs
[2025-02-08T22:08:44.211+0000] {logging_mixin.py:137} INFO - [2025-02-08T22:08:44.210+0000] {dag.py:3441} INFO - Setting next_dagrun for example_branch_datetime_operator to 2025-02-07T00:00:00+00:00, run_after=2025-02-08T00:00:00+00:00
[2025-02-08T22:08:44.222+0000] {logging_mixin.py:137} INFO - [2025-02-08T22:08:44.222+0000] {dag.py:3441} INFO - Setting next_dagrun for example_branch_datetime_operator_2 to 2025-02-07T00:00:00+00:00, run_after=2025-02-08T00:00:00+00:00
[2025-02-08T22:08:44.226+0000] {logging_mixin.py:137} INFO - [2025-02-08T22:08:44.226+0000] {dag.py:3441} INFO - Setting next_dagrun for example_branch_datetime_operator_3 to 2025-02-07T00:00:00+00:00, run_after=2025-02-08T00:00:00+00:00
[2025-02-08T22:08:44.255+0000] {processor.py:175} INFO - Processing /home/airflow/.local/lib/python3.7/site-packages/airflow/example_dags/example_branch_datetime_operator.py took 0.158 seconds
[2025-02-08T22:09:14.332+0000] {processor.py:153} INFO - Started process (PID=541) to work on /home/airflow/.local/lib/python3.7/site-packages/airflow/example_dags/example_branch_datetime_operator.py
[2025-02-08T22:09:14.333+0000] {processor.py:743} INFO - Processing file /home/airflow/.local/lib/python3.7/site-packages/airflow/example_dags/example_branch_datetime_operator.py for tasks to queue
[2025-02-08T22:09:14.334+0000] {logging_mixin.py:137} INFO - [2025-02-08T22:09:14.334+0000] {dagbag.py:538} INFO - Filling up the DagBag from /home/airflow/.local/lib/python3.7/site-packages/airflow/example_dags/example_branch_datetime_operator.py
[2025-02-08T22:09:14.351+0000] {processor.py:753} INFO - DAG(s) dict_keys(['example_branch_datetime_operator', 'example_branch_datetime_operator_2', 'example_branch_datetime_operator_3']) retrieved from /home/airflow/.local/lib/python3.7/site-packages/airflow/example_dags/example_branch_datetime_operator.py
[2025-02-08T22:09:14.383+0000] {logging_mixin.py:137} INFO - [2025-02-08T22:09:14.383+0000] {dag.py:2690} INFO - Sync 3 DAGs
[2025-02-08T22:09:14.414+0000] {logging_mixin.py:137} INFO - [2025-02-08T22:09:14.413+0000] {dag.py:3441} INFO - Setting next_dagrun for example_branch_datetime_operator to 2025-02-07T00:00:00+00:00, run_after=2025-02-08T00:00:00+00:00
[2025-02-08T22:09:14.419+0000] {logging_mixin.py:137} INFO - [2025-02-08T22:09:14.419+0000] {dag.py:3441} INFO - Setting next_dagrun for example_branch_datetime_operator_2 to 2025-02-07T00:00:00+00:00, run_after=2025-02-08T00:00:00+00:00
[2025-02-08T22:09:14.422+0000] {logging_mixin.py:137} INFO - [2025-02-08T22:09:14.422+0000] {dag.py:3441} INFO - Setting next_dagrun for example_branch_datetime_operator_3 to 2025-02-07T00:00:00+00:00, run_after=2025-02-08T00:00:00+00:00
[2025-02-08T22:09:14.447+0000] {processor.py:175} INFO - Processing /home/airflow/.local/lib/python3.7/site-packages/airflow/example_dags/example_branch_datetime_operator.py took 0.117 seconds
[2025-02-08T22:09:45.012+0000] {processor.py:153} INFO - Started process (PID=612) to work on /home/airflow/.local/lib/python3.7/site-packages/airflow/example_dags/example_branch_datetime_operator.py
[2025-02-08T22:09:45.013+0000] {processor.py:743} INFO - Processing file /home/airflow/.local/lib/python3.7/site-packages/airflow/example_dags/example_branch_datetime_operator.py for tasks to queue
[2025-02-08T22:09:45.014+0000] {logging_mixin.py:137} INFO - [2025-02-08T22:09:45.014+0000] {dagbag.py:538} INFO - Filling up the DagBag from /home/airflow/.local/lib/python3.7/site-packages/airflow/example_dags/example_branch_datetime_operator.py
[2025-02-08T22:09:45.033+0000] {processor.py:753} INFO - DAG(s) dict_keys(['example_branch_datetime_operator', 'example_branch_datetime_operator_2', 'example_branch_datetime_operator_3']) retrieved from /home/airflow/.local/lib/python3.7/site-packages/airflow/example_dags/example_branch_datetime_operator.py
[2025-02-08T22:09:45.070+0000] {logging_mixin.py:137} INFO - [2025-02-08T22:09:45.069+0000] {dag.py:2690} INFO - Sync 3 DAGs
[2025-02-08T22:09:45.097+0000] {logging_mixin.py:137} INFO - [2025-02-08T22:09:45.097+0000] {dag.py:3441} INFO - Setting next_dagrun for example_branch_datetime_operator to 2025-02-07T00:00:00+00:00, run_after=2025-02-08T00:00:00+00:00
[2025-02-08T22:09:45.103+0000] {logging_mixin.py:137} INFO - [2025-02-08T22:09:45.102+0000] {dag.py:3441} INFO - Setting next_dagrun for example_branch_datetime_operator_2 to 2025-02-07T00:00:00+00:00, run_after=2025-02-08T00:00:00+00:00
[2025-02-08T22:09:45.107+0000] {logging_mixin.py:137} INFO - [2025-02-08T22:09:45.107+0000] {dag.py:3441} INFO - Setting next_dagrun for example_branch_datetime_operator_3 to 2025-02-07T00:00:00+00:00, run_after=2025-02-08T00:00:00+00:00
[2025-02-08T22:09:45.131+0000] {processor.py:175} INFO - Processing /home/airflow/.local/lib/python3.7/site-packages/airflow/example_dags/example_branch_datetime_operator.py took 0.123 seconds
[2025-02-08T22:10:15.674+0000] {processor.py:153} INFO - Started process (PID=699) to work on /home/airflow/.local/lib/python3.7/site-packages/airflow/example_dags/example_branch_datetime_operator.py
[2025-02-08T22:10:15.675+0000] {processor.py:743} INFO - Processing file /home/airflow/.local/lib/python3.7/site-packages/airflow/example_dags/example_branch_datetime_operator.py for tasks to queue
[2025-02-08T22:10:15.676+0000] {logging_mixin.py:137} INFO - [2025-02-08T22:10:15.676+0000] {dagbag.py:538} INFO - Filling up the DagBag from /home/airflow/.local/lib/python3.7/site-packages/airflow/example_dags/example_branch_datetime_operator.py
[2025-02-08T22:10:15.699+0000] {processor.py:753} INFO - DAG(s) dict_keys(['example_branch_datetime_operator_2', 'example_branch_datetime_operator', 'example_branch_datetime_operator_3']) retrieved from /home/airflow/.local/lib/python3.7/site-packages/airflow/example_dags/example_branch_datetime_operator.py
[2025-02-08T22:10:15.741+0000] {logging_mixin.py:137} INFO - [2025-02-08T22:10:15.741+0000] {dag.py:2690} INFO - Sync 3 DAGs
[2025-02-08T22:10:15.784+0000] {logging_mixin.py:137} INFO - [2025-02-08T22:10:15.784+0000] {dag.py:3441} INFO - Setting next_dagrun for example_branch_datetime_operator to 2025-02-07T00:00:00+00:00, run_after=2025-02-08T00:00:00+00:00
[2025-02-08T22:10:15.792+0000] {logging_mixin.py:137} INFO - [2025-02-08T22:10:15.791+0000] {dag.py:3441} INFO - Setting next_dagrun for example_branch_datetime_operator_2 to 2025-02-07T00:00:00+00:00, run_after=2025-02-08T00:00:00+00:00
[2025-02-08T22:10:15.796+0000] {logging_mixin.py:137} INFO - [2025-02-08T22:10:15.796+0000] {dag.py:3441} INFO - Setting next_dagrun for example_branch_datetime_operator_3 to 2025-02-07T00:00:00+00:00, run_after=2025-02-08T00:00:00+00:00
[2025-02-08T22:10:15.822+0000] {processor.py:175} INFO - Processing /home/airflow/.local/lib/python3.7/site-packages/airflow/example_dags/example_branch_datetime_operator.py took 0.152 seconds
[2025-02-08T22:10:46.143+0000] {processor.py:153} INFO - Started process (PID=770) to work on /home/airflow/.local/lib/python3.7/site-packages/airflow/example_dags/example_branch_datetime_operator.py
[2025-02-08T22:10:46.144+0000] {processor.py:743} INFO - Processing file /home/airflow/.local/lib/python3.7/site-packages/airflow/example_dags/example_branch_datetime_operator.py for tasks to queue
[2025-02-08T22:10:46.145+0000] {logging_mixin.py:137} INFO - [2025-02-08T22:10:46.145+0000] {dagbag.py:538} INFO - Filling up the DagBag from /home/airflow/.local/lib/python3.7/site-packages/airflow/example_dags/example_branch_datetime_operator.py
[2025-02-08T22:10:46.163+0000] {processor.py:753} INFO - DAG(s) dict_keys(['example_branch_datetime_operator_3', 'example_branch_datetime_operator', 'example_branch_datetime_operator_2']) retrieved from /home/airflow/.local/lib/python3.7/site-packages/airflow/example_dags/example_branch_datetime_operator.py
[2025-02-08T22:10:46.193+0000] {logging_mixin.py:137} INFO - [2025-02-08T22:10:46.193+0000] {dag.py:2690} INFO - Sync 3 DAGs
[2025-02-08T22:10:46.220+0000] {logging_mixin.py:137} INFO - [2025-02-08T22:10:46.220+0000] {dag.py:3441} INFO - Setting next_dagrun for example_branch_datetime_operator to 2025-02-07T00:00:00+00:00, run_after=2025-02-08T00:00:00+00:00
[2025-02-08T22:10:46.226+0000] {logging_mixin.py:137} INFO - [2025-02-08T22:10:46.225+0000] {dag.py:3441} INFO - Setting next_dagrun for example_branch_datetime_operator_2 to 2025-02-07T00:00:00+00:00, run_after=2025-02-08T00:00:00+00:00
[2025-02-08T22:10:46.229+0000] {logging_mixin.py:137} INFO - [2025-02-08T22:10:46.229+0000] {dag.py:3441} INFO - Setting next_dagrun for example_branch_datetime_operator_3 to 2025-02-07T00:00:00+00:00, run_after=2025-02-08T00:00:00+00:00
[2025-02-08T22:10:46.252+0000] {processor.py:175} INFO - Processing /home/airflow/.local/lib/python3.7/site-packages/airflow/example_dags/example_branch_datetime_operator.py took 0.112 seconds
[2025-02-08T22:11:22.874+0000] {processor.py:153} INFO - Started process (PID=857) to work on /home/airflow/.local/lib/python3.7/site-packages/airflow/example_dags/example_branch_datetime_operator.py
[2025-02-08T22:11:22.876+0000] {processor.py:743} INFO - Processing file /home/airflow/.local/lib/python3.7/site-packages/airflow/example_dags/example_branch_datetime_operator.py for tasks to queue
[2025-02-08T22:11:22.878+0000] {logging_mixin.py:137} INFO - [2025-02-08T22:11:22.877+0000] {dagbag.py:538} INFO - Filling up the DagBag from /home/airflow/.local/lib/python3.7/site-packages/airflow/example_dags/example_branch_datetime_operator.py
[2025-02-08T22:11:22.910+0000] {processor.py:753} INFO - DAG(s) dict_keys(['example_branch_datetime_operator_3', 'example_branch_datetime_operator', 'example_branch_datetime_operator_2']) retrieved from /home/airflow/.local/lib/python3.7/site-packages/airflow/example_dags/example_branch_datetime_operator.py
[2025-02-08T22:11:22.964+0000] {logging_mixin.py:137} INFO - [2025-02-08T22:11:22.964+0000] {dag.py:2690} INFO - Sync 3 DAGs
[2025-02-08T22:11:23.013+0000] {logging_mixin.py:137} INFO - [2025-02-08T22:11:23.012+0000] {dag.py:3441} INFO - Setting next_dagrun for example_branch_datetime_operator to 2025-02-07T00:00:00+00:00, run_after=2025-02-08T00:00:00+00:00
[2025-02-08T22:11:23.024+0000] {logging_mixin.py:137} INFO - [2025-02-08T22:11:23.024+0000] {dag.py:3441} INFO - Setting next_dagrun for example_branch_datetime_operator_2 to 2025-02-07T00:00:00+00:00, run_after=2025-02-08T00:00:00+00:00
[2025-02-08T22:11:23.031+0000] {logging_mixin.py:137} INFO - [2025-02-08T22:11:23.031+0000] {dag.py:3441} INFO - Setting next_dagrun for example_branch_datetime_operator_3 to 2025-02-07T00:00:00+00:00, run_after=2025-02-08T00:00:00+00:00
[2025-02-08T22:11:23.074+0000] {processor.py:175} INFO - Processing /home/airflow/.local/lib/python3.7/site-packages/airflow/example_dags/example_branch_datetime_operator.py took 0.206 seconds
[2025-02-08T22:11:53.332+0000] {processor.py:153} INFO - Started process (PID=944) to work on /home/airflow/.local/lib/python3.7/site-packages/airflow/example_dags/example_branch_datetime_operator.py
[2025-02-08T22:11:53.334+0000] {processor.py:743} INFO - Processing file /home/airflow/.local/lib/python3.7/site-packages/airflow/example_dags/example_branch_datetime_operator.py for tasks to queue
[2025-02-08T22:11:53.335+0000] {logging_mixin.py:137} INFO - [2025-02-08T22:11:53.335+0000] {dagbag.py:538} INFO - Filling up the DagBag from /home/airflow/.local/lib/python3.7/site-packages/airflow/example_dags/example_branch_datetime_operator.py
[2025-02-08T22:11:53.360+0000] {processor.py:753} INFO - DAG(s) dict_keys(['example_branch_datetime_operator', 'example_branch_datetime_operator_3', 'example_branch_datetime_operator_2']) retrieved from /home/airflow/.local/lib/python3.7/site-packages/airflow/example_dags/example_branch_datetime_operator.py
[2025-02-08T22:11:53.405+0000] {logging_mixin.py:137} INFO - [2025-02-08T22:11:53.405+0000] {dag.py:2690} INFO - Sync 3 DAGs
[2025-02-08T22:11:53.442+0000] {logging_mixin.py:137} INFO - [2025-02-08T22:11:53.442+0000] {dag.py:3441} INFO - Setting next_dagrun for example_branch_datetime_operator to 2025-02-07T00:00:00+00:00, run_after=2025-02-08T00:00:00+00:00
[2025-02-08T22:11:53.449+0000] {logging_mixin.py:137} INFO - [2025-02-08T22:11:53.449+0000] {dag.py:3441} INFO - Setting next_dagrun for example_branch_datetime_operator_2 to 2025-02-07T00:00:00+00:00, run_after=2025-02-08T00:00:00+00:00
[2025-02-08T22:11:53.453+0000] {logging_mixin.py:137} INFO - [2025-02-08T22:11:53.453+0000] {dag.py:3441} INFO - Setting next_dagrun for example_branch_datetime_operator_3 to 2025-02-07T00:00:00+00:00, run_after=2025-02-08T00:00:00+00:00
[2025-02-08T22:11:53.481+0000] {processor.py:175} INFO - Processing /home/airflow/.local/lib/python3.7/site-packages/airflow/example_dags/example_branch_datetime_operator.py took 0.154 seconds
[2025-02-08T22:12:23.801+0000] {processor.py:153} INFO - Started process (PID=1016) to work on /home/airflow/.local/lib/python3.7/site-packages/airflow/example_dags/example_branch_datetime_operator.py
[2025-02-08T22:12:23.803+0000] {processor.py:743} INFO - Processing file /home/airflow/.local/lib/python3.7/site-packages/airflow/example_dags/example_branch_datetime_operator.py for tasks to queue
[2025-02-08T22:12:23.804+0000] {logging_mixin.py:137} INFO - [2025-02-08T22:12:23.804+0000] {dagbag.py:538} INFO - Filling up the DagBag from /home/airflow/.local/lib/python3.7/site-packages/airflow/example_dags/example_branch_datetime_operator.py
[2025-02-08T22:12:23.830+0000] {processor.py:753} INFO - DAG(s) dict_keys(['example_branch_datetime_operator_2', 'example_branch_datetime_operator', 'example_branch_datetime_operator_3']) retrieved from /home/airflow/.local/lib/python3.7/site-packages/airflow/example_dags/example_branch_datetime_operator.py
[2025-02-08T22:12:23.893+0000] {logging_mixin.py:137} INFO - [2025-02-08T22:12:23.893+0000] {dag.py:2690} INFO - Sync 3 DAGs
[2025-02-08T22:12:23.958+0000] {logging_mixin.py:137} INFO - [2025-02-08T22:12:23.958+0000] {dag.py:3441} INFO - Setting next_dagrun for example_branch_datetime_operator to 2025-02-07T00:00:00+00:00, run_after=2025-02-08T00:00:00+00:00
[2025-02-08T22:12:23.968+0000] {logging_mixin.py:137} INFO - [2025-02-08T22:12:23.968+0000] {dag.py:3441} INFO - Setting next_dagrun for example_branch_datetime_operator_2 to 2025-02-07T00:00:00+00:00, run_after=2025-02-08T00:00:00+00:00
[2025-02-08T22:12:23.974+0000] {logging_mixin.py:137} INFO - [2025-02-08T22:12:23.974+0000] {dag.py:3441} INFO - Setting next_dagrun for example_branch_datetime_operator_3 to 2025-02-07T00:00:00+00:00, run_after=2025-02-08T00:00:00+00:00
[2025-02-08T22:12:24.014+0000] {processor.py:175} INFO - Processing /home/airflow/.local/lib/python3.7/site-packages/airflow/example_dags/example_branch_datetime_operator.py took 0.217 seconds
[2025-02-08T22:12:54.517+0000] {processor.py:153} INFO - Started process (PID=1103) to work on /home/airflow/.local/lib/python3.7/site-packages/airflow/example_dags/example_branch_datetime_operator.py
[2025-02-08T22:12:54.518+0000] {processor.py:743} INFO - Processing file /home/airflow/.local/lib/python3.7/site-packages/airflow/example_dags/example_branch_datetime_operator.py for tasks to queue
[2025-02-08T22:12:54.519+0000] {logging_mixin.py:137} INFO - [2025-02-08T22:12:54.519+0000] {dagbag.py:538} INFO - Filling up the DagBag from /home/airflow/.local/lib/python3.7/site-packages/airflow/example_dags/example_branch_datetime_operator.py
[2025-02-08T22:12:54.544+0000] {processor.py:753} INFO - DAG(s) dict_keys(['example_branch_datetime_operator_2', 'example_branch_datetime_operator_3', 'example_branch_datetime_operator']) retrieved from /home/airflow/.local/lib/python3.7/site-packages/airflow/example_dags/example_branch_datetime_operator.py
[2025-02-08T22:12:54.584+0000] {logging_mixin.py:137} INFO - [2025-02-08T22:12:54.583+0000] {dag.py:2690} INFO - Sync 3 DAGs
[2025-02-08T22:12:54.617+0000] {logging_mixin.py:137} INFO - [2025-02-08T22:12:54.616+0000] {dag.py:3441} INFO - Setting next_dagrun for example_branch_datetime_operator to 2025-02-07T00:00:00+00:00, run_after=2025-02-08T00:00:00+00:00
[2025-02-08T22:12:54.623+0000] {logging_mixin.py:137} INFO - [2025-02-08T22:12:54.623+0000] {dag.py:3441} INFO - Setting next_dagrun for example_branch_datetime_operator_2 to 2025-02-07T00:00:00+00:00, run_after=2025-02-08T00:00:00+00:00
[2025-02-08T22:12:54.628+0000] {logging_mixin.py:137} INFO - [2025-02-08T22:12:54.628+0000] {dag.py:3441} INFO - Setting next_dagrun for example_branch_datetime_operator_3 to 2025-02-07T00:00:00+00:00, run_after=2025-02-08T00:00:00+00:00
[2025-02-08T22:12:54.655+0000] {processor.py:175} INFO - Processing /home/airflow/.local/lib/python3.7/site-packages/airflow/example_dags/example_branch_datetime_operator.py took 0.142 seconds
[2025-02-08T22:13:24.760+0000] {processor.py:153} INFO - Started process (PID=1174) to work on /home/airflow/.local/lib/python3.7/site-packages/airflow/example_dags/example_branch_datetime_operator.py
[2025-02-08T22:13:24.762+0000] {processor.py:743} INFO - Processing file /home/airflow/.local/lib/python3.7/site-packages/airflow/example_dags/example_branch_datetime_operator.py for tasks to queue
[2025-02-08T22:13:24.764+0000] {logging_mixin.py:137} INFO - [2025-02-08T22:13:24.763+0000] {dagbag.py:538} INFO - Filling up the DagBag from /home/airflow/.local/lib/python3.7/site-packages/airflow/example_dags/example_branch_datetime_operator.py
[2025-02-08T22:13:24.804+0000] {processor.py:753} INFO - DAG(s) dict_keys(['example_branch_datetime_operator_3', 'example_branch_datetime_operator_2', 'example_branch_datetime_operator']) retrieved from /home/airflow/.local/lib/python3.7/site-packages/airflow/example_dags/example_branch_datetime_operator.py
[2025-02-08T22:13:24.868+0000] {logging_mixin.py:137} INFO - [2025-02-08T22:13:24.867+0000] {dag.py:2690} INFO - Sync 3 DAGs
[2025-02-08T22:13:24.935+0000] {logging_mixin.py:137} INFO - [2025-02-08T22:13:24.934+0000] {dag.py:3441} INFO - Setting next_dagrun for example_branch_datetime_operator to 2025-02-07T00:00:00+00:00, run_after=2025-02-08T00:00:00+00:00
[2025-02-08T22:13:24.947+0000] {logging_mixin.py:137} INFO - [2025-02-08T22:13:24.946+0000] {dag.py:3441} INFO - Setting next_dagrun for example_branch_datetime_operator_2 to 2025-02-07T00:00:00+00:00, run_after=2025-02-08T00:00:00+00:00
[2025-02-08T22:13:24.954+0000] {logging_mixin.py:137} INFO - [2025-02-08T22:13:24.954+0000] {dag.py:3441} INFO - Setting next_dagrun for example_branch_datetime_operator_3 to 2025-02-07T00:00:00+00:00, run_after=2025-02-08T00:00:00+00:00
[2025-02-08T22:13:24.995+0000] {processor.py:175} INFO - Processing /home/airflow/.local/lib/python3.7/site-packages/airflow/example_dags/example_branch_datetime_operator.py took 0.244 seconds
[2025-02-08T22:13:55.608+0000] {processor.py:153} INFO - Started process (PID=1261) to work on /home/airflow/.local/lib/python3.7/site-packages/airflow/example_dags/example_branch_datetime_operator.py
[2025-02-08T22:13:55.609+0000] {processor.py:743} INFO - Processing file /home/airflow/.local/lib/python3.7/site-packages/airflow/example_dags/example_branch_datetime_operator.py for tasks to queue
[2025-02-08T22:13:55.610+0000] {logging_mixin.py:137} INFO - [2025-02-08T22:13:55.610+0000] {dagbag.py:538} INFO - Filling up the DagBag from /home/airflow/.local/lib/python3.7/site-packages/airflow/example_dags/example_branch_datetime_operator.py
[2025-02-08T22:13:55.632+0000] {processor.py:753} INFO - DAG(s) dict_keys(['example_branch_datetime_operator_2', 'example_branch_datetime_operator', 'example_branch_datetime_operator_3']) retrieved from /home/airflow/.local/lib/python3.7/site-packages/airflow/example_dags/example_branch_datetime_operator.py
[2025-02-08T22:13:55.675+0000] {logging_mixin.py:137} INFO - [2025-02-08T22:13:55.674+0000] {dag.py:2690} INFO - Sync 3 DAGs
[2025-02-08T22:13:55.713+0000] {logging_mixin.py:137} INFO - [2025-02-08T22:13:55.712+0000] {dag.py:3441} INFO - Setting next_dagrun for example_branch_datetime_operator to 2025-02-07T00:00:00+00:00, run_after=2025-02-08T00:00:00+00:00
[2025-02-08T22:13:55.719+0000] {logging_mixin.py:137} INFO - [2025-02-08T22:13:55.719+0000] {dag.py:3441} INFO - Setting next_dagrun for example_branch_datetime_operator_2 to 2025-02-07T00:00:00+00:00, run_after=2025-02-08T00:00:00+00:00
[2025-02-08T22:13:55.723+0000] {logging_mixin.py:137} INFO - [2025-02-08T22:13:55.723+0000] {dag.py:3441} INFO - Setting next_dagrun for example_branch_datetime_operator_3 to 2025-02-07T00:00:00+00:00, run_after=2025-02-08T00:00:00+00:00
[2025-02-08T22:13:55.751+0000] {processor.py:175} INFO - Processing /home/airflow/.local/lib/python3.7/site-packages/airflow/example_dags/example_branch_datetime_operator.py took 0.147 seconds
[2025-02-08T22:14:28.836+0000] {processor.py:153} INFO - Started process (PID=1332) to work on /home/airflow/.local/lib/python3.7/site-packages/airflow/example_dags/example_branch_datetime_operator.py
[2025-02-08T22:14:28.838+0000] {processor.py:743} INFO - Processing file /home/airflow/.local/lib/python3.7/site-packages/airflow/example_dags/example_branch_datetime_operator.py for tasks to queue
[2025-02-08T22:14:28.842+0000] {logging_mixin.py:137} INFO - [2025-02-08T22:14:28.842+0000] {dagbag.py:538} INFO - Filling up the DagBag from /home/airflow/.local/lib/python3.7/site-packages/airflow/example_dags/example_branch_datetime_operator.py
[2025-02-08T22:14:28.889+0000] {processor.py:753} INFO - DAG(s) dict_keys(['example_branch_datetime_operator_3', 'example_branch_datetime_operator_2', 'example_branch_datetime_operator']) retrieved from /home/airflow/.local/lib/python3.7/site-packages/airflow/example_dags/example_branch_datetime_operator.py
[2025-02-08T22:14:28.971+0000] {logging_mixin.py:137} INFO - [2025-02-08T22:14:28.970+0000] {dag.py:2690} INFO - Sync 3 DAGs
[2025-02-08T22:14:29.020+0000] {logging_mixin.py:137} INFO - [2025-02-08T22:14:29.020+0000] {dag.py:3441} INFO - Setting next_dagrun for example_branch_datetime_operator to 2025-02-07T00:00:00+00:00, run_after=2025-02-08T00:00:00+00:00
[2025-02-08T22:14:29.033+0000] {logging_mixin.py:137} INFO - [2025-02-08T22:14:29.033+0000] {dag.py:3441} INFO - Setting next_dagrun for example_branch_datetime_operator_2 to 2025-02-07T00:00:00+00:00, run_after=2025-02-08T00:00:00+00:00
[2025-02-08T22:14:29.040+0000] {logging_mixin.py:137} INFO - [2025-02-08T22:14:29.039+0000] {dag.py:3441} INFO - Setting next_dagrun for example_branch_datetime_operator_3 to 2025-02-07T00:00:00+00:00, run_after=2025-02-08T00:00:00+00:00
[2025-02-08T22:14:29.095+0000] {processor.py:175} INFO - Processing /home/airflow/.local/lib/python3.7/site-packages/airflow/example_dags/example_branch_datetime_operator.py took 0.266 seconds
[2025-02-08T22:14:59.548+0000] {processor.py:153} INFO - Started process (PID=1403) to work on /home/airflow/.local/lib/python3.7/site-packages/airflow/example_dags/example_branch_datetime_operator.py
[2025-02-08T22:14:59.549+0000] {processor.py:743} INFO - Processing file /home/airflow/.local/lib/python3.7/site-packages/airflow/example_dags/example_branch_datetime_operator.py for tasks to queue
[2025-02-08T22:14:59.551+0000] {logging_mixin.py:137} INFO - [2025-02-08T22:14:59.551+0000] {dagbag.py:538} INFO - Filling up the DagBag from /home/airflow/.local/lib/python3.7/site-packages/airflow/example_dags/example_branch_datetime_operator.py
[2025-02-08T22:14:59.569+0000] {processor.py:753} INFO - DAG(s) dict_keys(['example_branch_datetime_operator_2', 'example_branch_datetime_operator_3', 'example_branch_datetime_operator']) retrieved from /home/airflow/.local/lib/python3.7/site-packages/airflow/example_dags/example_branch_datetime_operator.py
[2025-02-08T22:14:59.601+0000] {logging_mixin.py:137} INFO - [2025-02-08T22:14:59.601+0000] {dag.py:2690} INFO - Sync 3 DAGs
[2025-02-08T22:14:59.626+0000] {logging_mixin.py:137} INFO - [2025-02-08T22:14:59.625+0000] {dag.py:3441} INFO - Setting next_dagrun for example_branch_datetime_operator to 2025-02-07T00:00:00+00:00, run_after=2025-02-08T00:00:00+00:00
[2025-02-08T22:14:59.630+0000] {logging_mixin.py:137} INFO - [2025-02-08T22:14:59.630+0000] {dag.py:3441} INFO - Setting next_dagrun for example_branch_datetime_operator_2 to 2025-02-07T00:00:00+00:00, run_after=2025-02-08T00:00:00+00:00
[2025-02-08T22:14:59.634+0000] {logging_mixin.py:137} INFO - [2025-02-08T22:14:59.633+0000] {dag.py:3441} INFO - Setting next_dagrun for example_branch_datetime_operator_3 to 2025-02-07T00:00:00+00:00, run_after=2025-02-08T00:00:00+00:00
[2025-02-08T22:14:59.668+0000] {processor.py:175} INFO - Processing /home/airflow/.local/lib/python3.7/site-packages/airflow/example_dags/example_branch_datetime_operator.py took 0.123 seconds
[2025-02-08T22:15:29.779+0000] {processor.py:153} INFO - Started process (PID=1490) to work on /home/airflow/.local/lib/python3.7/site-packages/airflow/example_dags/example_branch_datetime_operator.py
[2025-02-08T22:15:29.780+0000] {processor.py:743} INFO - Processing file /home/airflow/.local/lib/python3.7/site-packages/airflow/example_dags/example_branch_datetime_operator.py for tasks to queue
[2025-02-08T22:15:29.782+0000] {logging_mixin.py:137} INFO - [2025-02-08T22:15:29.781+0000] {dagbag.py:538} INFO - Filling up the DagBag from /home/airflow/.local/lib/python3.7/site-packages/airflow/example_dags/example_branch_datetime_operator.py
[2025-02-08T22:15:29.800+0000] {processor.py:753} INFO - DAG(s) dict_keys(['example_branch_datetime_operator_2', 'example_branch_datetime_operator', 'example_branch_datetime_operator_3']) retrieved from /home/airflow/.local/lib/python3.7/site-packages/airflow/example_dags/example_branch_datetime_operator.py
[2025-02-08T22:15:29.837+0000] {logging_mixin.py:137} INFO - [2025-02-08T22:15:29.836+0000] {dag.py:2690} INFO - Sync 3 DAGs
[2025-02-08T22:15:29.881+0000] {logging_mixin.py:137} INFO - [2025-02-08T22:15:29.881+0000] {dag.py:3441} INFO - Setting next_dagrun for example_branch_datetime_operator to 2025-02-07T00:00:00+00:00, run_after=2025-02-08T00:00:00+00:00
[2025-02-08T22:15:29.887+0000] {logging_mixin.py:137} INFO - [2025-02-08T22:15:29.887+0000] {dag.py:3441} INFO - Setting next_dagrun for example_branch_datetime_operator_2 to 2025-02-07T00:00:00+00:00, run_after=2025-02-08T00:00:00+00:00
[2025-02-08T22:15:29.892+0000] {logging_mixin.py:137} INFO - [2025-02-08T22:15:29.891+0000] {dag.py:3441} INFO - Setting next_dagrun for example_branch_datetime_operator_3 to 2025-02-07T00:00:00+00:00, run_after=2025-02-08T00:00:00+00:00
[2025-02-08T22:15:29.917+0000] {processor.py:175} INFO - Processing /home/airflow/.local/lib/python3.7/site-packages/airflow/example_dags/example_branch_datetime_operator.py took 0.142 seconds
[2025-02-08T22:16:00.365+0000] {processor.py:153} INFO - Started process (PID=1561) to work on /home/airflow/.local/lib/python3.7/site-packages/airflow/example_dags/example_branch_datetime_operator.py
[2025-02-08T22:16:00.367+0000] {processor.py:743} INFO - Processing file /home/airflow/.local/lib/python3.7/site-packages/airflow/example_dags/example_branch_datetime_operator.py for tasks to queue
[2025-02-08T22:16:00.369+0000] {logging_mixin.py:137} INFO - [2025-02-08T22:16:00.368+0000] {dagbag.py:538} INFO - Filling up the DagBag from /home/airflow/.local/lib/python3.7/site-packages/airflow/example_dags/example_branch_datetime_operator.py
[2025-02-08T22:16:00.400+0000] {processor.py:753} INFO - DAG(s) dict_keys(['example_branch_datetime_operator_2', 'example_branch_datetime_operator', 'example_branch_datetime_operator_3']) retrieved from /home/airflow/.local/lib/python3.7/site-packages/airflow/example_dags/example_branch_datetime_operator.py
[2025-02-08T22:16:00.457+0000] {logging_mixin.py:137} INFO - [2025-02-08T22:16:00.457+0000] {dag.py:2690} INFO - Sync 3 DAGs
[2025-02-08T22:16:00.499+0000] {logging_mixin.py:137} INFO - [2025-02-08T22:16:00.499+0000] {dag.py:3441} INFO - Setting next_dagrun for example_branch_datetime_operator to 2025-02-07T00:00:00+00:00, run_after=2025-02-08T00:00:00+00:00
[2025-02-08T22:16:00.507+0000] {logging_mixin.py:137} INFO - [2025-02-08T22:16:00.506+0000] {dag.py:3441} INFO - Setting next_dagrun for example_branch_datetime_operator_2 to 2025-02-07T00:00:00+00:00, run_after=2025-02-08T00:00:00+00:00
[2025-02-08T22:16:00.511+0000] {logging_mixin.py:137} INFO - [2025-02-08T22:16:00.511+0000] {dag.py:3441} INFO - Setting next_dagrun for example_branch_datetime_operator_3 to 2025-02-07T00:00:00+00:00, run_after=2025-02-08T00:00:00+00:00
[2025-02-08T22:16:00.537+0000] {processor.py:175} INFO - Processing /home/airflow/.local/lib/python3.7/site-packages/airflow/example_dags/example_branch_datetime_operator.py took 0.176 seconds
[2025-02-08T22:16:31.467+0000] {processor.py:153} INFO - Started process (PID=1648) to work on /home/airflow/.local/lib/python3.7/site-packages/airflow/example_dags/example_branch_datetime_operator.py
[2025-02-08T22:16:31.468+0000] {processor.py:743} INFO - Processing file /home/airflow/.local/lib/python3.7/site-packages/airflow/example_dags/example_branch_datetime_operator.py for tasks to queue
[2025-02-08T22:16:31.469+0000] {logging_mixin.py:137} INFO - [2025-02-08T22:16:31.469+0000] {dagbag.py:538} INFO - Filling up the DagBag from /home/airflow/.local/lib/python3.7/site-packages/airflow/example_dags/example_branch_datetime_operator.py
[2025-02-08T22:16:31.492+0000] {processor.py:753} INFO - DAG(s) dict_keys(['example_branch_datetime_operator', 'example_branch_datetime_operator_2', 'example_branch_datetime_operator_3']) retrieved from /home/airflow/.local/lib/python3.7/site-packages/airflow/example_dags/example_branch_datetime_operator.py
[2025-02-08T22:16:31.530+0000] {logging_mixin.py:137} INFO - [2025-02-08T22:16:31.530+0000] {dag.py:2690} INFO - Sync 3 DAGs
[2025-02-08T22:16:31.558+0000] {logging_mixin.py:137} INFO - [2025-02-08T22:16:31.558+0000] {dag.py:3441} INFO - Setting next_dagrun for example_branch_datetime_operator to 2025-02-07T00:00:00+00:00, run_after=2025-02-08T00:00:00+00:00
[2025-02-08T22:16:31.564+0000] {logging_mixin.py:137} INFO - [2025-02-08T22:16:31.564+0000] {dag.py:3441} INFO - Setting next_dagrun for example_branch_datetime_operator_2 to 2025-02-07T00:00:00+00:00, run_after=2025-02-08T00:00:00+00:00
[2025-02-08T22:16:31.568+0000] {logging_mixin.py:137} INFO - [2025-02-08T22:16:31.568+0000] {dag.py:3441} INFO - Setting next_dagrun for example_branch_datetime_operator_3 to 2025-02-07T00:00:00+00:00, run_after=2025-02-08T00:00:00+00:00
[2025-02-08T22:16:31.600+0000] {processor.py:175} INFO - Processing /home/airflow/.local/lib/python3.7/site-packages/airflow/example_dags/example_branch_datetime_operator.py took 0.136 seconds
[2025-02-08T22:17:01.742+0000] {processor.py:153} INFO - Started process (PID=1719) to work on /home/airflow/.local/lib/python3.7/site-packages/airflow/example_dags/example_branch_datetime_operator.py
[2025-02-08T22:17:01.743+0000] {processor.py:743} INFO - Processing file /home/airflow/.local/lib/python3.7/site-packages/airflow/example_dags/example_branch_datetime_operator.py for tasks to queue
[2025-02-08T22:17:01.744+0000] {logging_mixin.py:137} INFO - [2025-02-08T22:17:01.744+0000] {dagbag.py:538} INFO - Filling up the DagBag from /home/airflow/.local/lib/python3.7/site-packages/airflow/example_dags/example_branch_datetime_operator.py
[2025-02-08T22:17:01.763+0000] {processor.py:753} INFO - DAG(s) dict_keys(['example_branch_datetime_operator_2', 'example_branch_datetime_operator', 'example_branch_datetime_operator_3']) retrieved from /home/airflow/.local/lib/python3.7/site-packages/airflow/example_dags/example_branch_datetime_operator.py
[2025-02-08T22:17:01.800+0000] {logging_mixin.py:137} INFO - [2025-02-08T22:17:01.799+0000] {dag.py:2690} INFO - Sync 3 DAGs
[2025-02-08T22:17:01.834+0000] {logging_mixin.py:137} INFO - [2025-02-08T22:17:01.834+0000] {dag.py:3441} INFO - Setting next_dagrun for example_branch_datetime_operator to 2025-02-07T00:00:00+00:00, run_after=2025-02-08T00:00:00+00:00
[2025-02-08T22:17:01.840+0000] {logging_mixin.py:137} INFO - [2025-02-08T22:17:01.840+0000] {dag.py:3441} INFO - Setting next_dagrun for example_branch_datetime_operator_2 to 2025-02-07T00:00:00+00:00, run_after=2025-02-08T00:00:00+00:00
[2025-02-08T22:17:01.844+0000] {logging_mixin.py:137} INFO - [2025-02-08T22:17:01.844+0000] {dag.py:3441} INFO - Setting next_dagrun for example_branch_datetime_operator_3 to 2025-02-07T00:00:00+00:00, run_after=2025-02-08T00:00:00+00:00
[2025-02-08T22:17:01.869+0000] {processor.py:175} INFO - Processing /home/airflow/.local/lib/python3.7/site-packages/airflow/example_dags/example_branch_datetime_operator.py took 0.131 seconds
[2025-02-08T22:17:32.608+0000] {processor.py:153} INFO - Started process (PID=1799) to work on /home/airflow/.local/lib/python3.7/site-packages/airflow/example_dags/example_branch_datetime_operator.py
[2025-02-08T22:17:32.609+0000] {processor.py:743} INFO - Processing file /home/airflow/.local/lib/python3.7/site-packages/airflow/example_dags/example_branch_datetime_operator.py for tasks to queue
[2025-02-08T22:17:32.611+0000] {logging_mixin.py:137} INFO - [2025-02-08T22:17:32.610+0000] {dagbag.py:538} INFO - Filling up the DagBag from /home/airflow/.local/lib/python3.7/site-packages/airflow/example_dags/example_branch_datetime_operator.py
[2025-02-08T22:17:32.634+0000] {processor.py:753} INFO - DAG(s) dict_keys(['example_branch_datetime_operator_2', 'example_branch_datetime_operator_3', 'example_branch_datetime_operator']) retrieved from /home/airflow/.local/lib/python3.7/site-packages/airflow/example_dags/example_branch_datetime_operator.py
[2025-02-08T22:17:32.684+0000] {logging_mixin.py:137} INFO - [2025-02-08T22:17:32.684+0000] {dag.py:2690} INFO - Sync 3 DAGs
[2025-02-08T22:17:32.718+0000] {logging_mixin.py:137} INFO - [2025-02-08T22:17:32.718+0000] {dag.py:3441} INFO - Setting next_dagrun for example_branch_datetime_operator to 2025-02-07T00:00:00+00:00, run_after=2025-02-08T00:00:00+00:00
[2025-02-08T22:17:32.726+0000] {logging_mixin.py:137} INFO - [2025-02-08T22:17:32.725+0000] {dag.py:3441} INFO - Setting next_dagrun for example_branch_datetime_operator_2 to 2025-02-07T00:00:00+00:00, run_after=2025-02-08T00:00:00+00:00
[2025-02-08T22:17:32.731+0000] {logging_mixin.py:137} INFO - [2025-02-08T22:17:32.730+0000] {dag.py:3441} INFO - Setting next_dagrun for example_branch_datetime_operator_3 to 2025-02-07T00:00:00+00:00, run_after=2025-02-08T00:00:00+00:00
[2025-02-08T22:17:32.761+0000] {processor.py:175} INFO - Processing /home/airflow/.local/lib/python3.7/site-packages/airflow/example_dags/example_branch_datetime_operator.py took 0.157 seconds
[2025-02-08T22:18:02.826+0000] {processor.py:153} INFO - Started process (PID=1877) to work on /home/airflow/.local/lib/python3.7/site-packages/airflow/example_dags/example_branch_datetime_operator.py
[2025-02-08T22:18:02.827+0000] {processor.py:743} INFO - Processing file /home/airflow/.local/lib/python3.7/site-packages/airflow/example_dags/example_branch_datetime_operator.py for tasks to queue
[2025-02-08T22:18:02.828+0000] {logging_mixin.py:137} INFO - [2025-02-08T22:18:02.828+0000] {dagbag.py:538} INFO - Filling up the DagBag from /home/airflow/.local/lib/python3.7/site-packages/airflow/example_dags/example_branch_datetime_operator.py
[2025-02-08T22:18:02.847+0000] {processor.py:753} INFO - DAG(s) dict_keys(['example_branch_datetime_operator_2', 'example_branch_datetime_operator_3', 'example_branch_datetime_operator']) retrieved from /home/airflow/.local/lib/python3.7/site-packages/airflow/example_dags/example_branch_datetime_operator.py
[2025-02-08T22:18:02.890+0000] {logging_mixin.py:137} INFO - [2025-02-08T22:18:02.890+0000] {dag.py:2690} INFO - Sync 3 DAGs
[2025-02-08T22:18:02.924+0000] {logging_mixin.py:137} INFO - [2025-02-08T22:18:02.924+0000] {dag.py:3441} INFO - Setting next_dagrun for example_branch_datetime_operator to 2025-02-07T00:00:00+00:00, run_after=2025-02-08T00:00:00+00:00
[2025-02-08T22:18:02.930+0000] {logging_mixin.py:137} INFO - [2025-02-08T22:18:02.930+0000] {dag.py:3441} INFO - Setting next_dagrun for example_branch_datetime_operator_2 to 2025-02-07T00:00:00+00:00, run_after=2025-02-08T00:00:00+00:00
[2025-02-08T22:18:02.933+0000] {logging_mixin.py:137} INFO - [2025-02-08T22:18:02.933+0000] {dag.py:3441} INFO - Setting next_dagrun for example_branch_datetime_operator_3 to 2025-02-07T00:00:00+00:00, run_after=2025-02-08T00:00:00+00:00
[2025-02-08T22:18:02.960+0000] {processor.py:175} INFO - Processing /home/airflow/.local/lib/python3.7/site-packages/airflow/example_dags/example_branch_datetime_operator.py took 0.138 seconds
[2025-02-08T22:18:33.644+0000] {processor.py:153} INFO - Started process (PID=1955) to work on /home/airflow/.local/lib/python3.7/site-packages/airflow/example_dags/example_branch_datetime_operator.py
[2025-02-08T22:18:33.645+0000] {processor.py:743} INFO - Processing file /home/airflow/.local/lib/python3.7/site-packages/airflow/example_dags/example_branch_datetime_operator.py for tasks to queue
[2025-02-08T22:18:33.647+0000] {logging_mixin.py:137} INFO - [2025-02-08T22:18:33.646+0000] {dagbag.py:538} INFO - Filling up the DagBag from /home/airflow/.local/lib/python3.7/site-packages/airflow/example_dags/example_branch_datetime_operator.py
[2025-02-08T22:18:33.667+0000] {processor.py:753} INFO - DAG(s) dict_keys(['example_branch_datetime_operator_2', 'example_branch_datetime_operator', 'example_branch_datetime_operator_3']) retrieved from /home/airflow/.local/lib/python3.7/site-packages/airflow/example_dags/example_branch_datetime_operator.py
[2025-02-08T22:18:33.700+0000] {logging_mixin.py:137} INFO - [2025-02-08T22:18:33.700+0000] {dag.py:2690} INFO - Sync 3 DAGs
[2025-02-08T22:18:33.731+0000] {logging_mixin.py:137} INFO - [2025-02-08T22:18:33.731+0000] {dag.py:3441} INFO - Setting next_dagrun for example_branch_datetime_operator to 2025-02-07T00:00:00+00:00, run_after=2025-02-08T00:00:00+00:00
[2025-02-08T22:18:33.739+0000] {logging_mixin.py:137} INFO - [2025-02-08T22:18:33.739+0000] {dag.py:3441} INFO - Setting next_dagrun for example_branch_datetime_operator_2 to 2025-02-07T00:00:00+00:00, run_after=2025-02-08T00:00:00+00:00
[2025-02-08T22:18:33.742+0000] {logging_mixin.py:137} INFO - [2025-02-08T22:18:33.742+0000] {dag.py:3441} INFO - Setting next_dagrun for example_branch_datetime_operator_3 to 2025-02-07T00:00:00+00:00, run_after=2025-02-08T00:00:00+00:00
[2025-02-08T22:18:33.765+0000] {processor.py:175} INFO - Processing /home/airflow/.local/lib/python3.7/site-packages/airflow/example_dags/example_branch_datetime_operator.py took 0.124 seconds
[2025-02-08T22:19:04.468+0000] {processor.py:153} INFO - Started process (PID=2035) to work on /home/airflow/.local/lib/python3.7/site-packages/airflow/example_dags/example_branch_datetime_operator.py
[2025-02-08T22:19:04.469+0000] {processor.py:743} INFO - Processing file /home/airflow/.local/lib/python3.7/site-packages/airflow/example_dags/example_branch_datetime_operator.py for tasks to queue
[2025-02-08T22:19:04.471+0000] {logging_mixin.py:137} INFO - [2025-02-08T22:19:04.471+0000] {dagbag.py:538} INFO - Filling up the DagBag from /home/airflow/.local/lib/python3.7/site-packages/airflow/example_dags/example_branch_datetime_operator.py
[2025-02-08T22:19:04.501+0000] {processor.py:753} INFO - DAG(s) dict_keys(['example_branch_datetime_operator', 'example_branch_datetime_operator_3', 'example_branch_datetime_operator_2']) retrieved from /home/airflow/.local/lib/python3.7/site-packages/airflow/example_dags/example_branch_datetime_operator.py
[2025-02-08T22:19:04.547+0000] {logging_mixin.py:137} INFO - [2025-02-08T22:19:04.547+0000] {dag.py:2690} INFO - Sync 3 DAGs
[2025-02-08T22:19:04.589+0000] {logging_mixin.py:137} INFO - [2025-02-08T22:19:04.589+0000] {dag.py:3441} INFO - Setting next_dagrun for example_branch_datetime_operator to 2025-02-07T00:00:00+00:00, run_after=2025-02-08T00:00:00+00:00
[2025-02-08T22:19:04.596+0000] {logging_mixin.py:137} INFO - [2025-02-08T22:19:04.596+0000] {dag.py:3441} INFO - Setting next_dagrun for example_branch_datetime_operator_2 to 2025-02-07T00:00:00+00:00, run_after=2025-02-08T00:00:00+00:00
[2025-02-08T22:19:04.602+0000] {logging_mixin.py:137} INFO - [2025-02-08T22:19:04.602+0000] {dag.py:3441} INFO - Setting next_dagrun for example_branch_datetime_operator_3 to 2025-02-07T00:00:00+00:00, run_after=2025-02-08T00:00:00+00:00
[2025-02-08T22:19:04.633+0000] {processor.py:175} INFO - Processing /home/airflow/.local/lib/python3.7/site-packages/airflow/example_dags/example_branch_datetime_operator.py took 0.172 seconds
[2025-02-08T22:19:34.971+0000] {processor.py:153} INFO - Started process (PID=2106) to work on /home/airflow/.local/lib/python3.7/site-packages/airflow/example_dags/example_branch_datetime_operator.py
[2025-02-08T22:19:34.972+0000] {processor.py:743} INFO - Processing file /home/airflow/.local/lib/python3.7/site-packages/airflow/example_dags/example_branch_datetime_operator.py for tasks to queue
[2025-02-08T22:19:34.974+0000] {logging_mixin.py:137} INFO - [2025-02-08T22:19:34.973+0000] {dagbag.py:538} INFO - Filling up the DagBag from /home/airflow/.local/lib/python3.7/site-packages/airflow/example_dags/example_branch_datetime_operator.py
[2025-02-08T22:19:35.007+0000] {processor.py:753} INFO - DAG(s) dict_keys(['example_branch_datetime_operator_2', 'example_branch_datetime_operator', 'example_branch_datetime_operator_3']) retrieved from /home/airflow/.local/lib/python3.7/site-packages/airflow/example_dags/example_branch_datetime_operator.py
[2025-02-08T22:19:35.079+0000] {logging_mixin.py:137} INFO - [2025-02-08T22:19:35.078+0000] {dag.py:2690} INFO - Sync 3 DAGs
[2025-02-08T22:19:35.136+0000] {logging_mixin.py:137} INFO - [2025-02-08T22:19:35.136+0000] {dag.py:3441} INFO - Setting next_dagrun for example_branch_datetime_operator to 2025-02-07T00:00:00+00:00, run_after=2025-02-08T00:00:00+00:00
[2025-02-08T22:19:35.143+0000] {logging_mixin.py:137} INFO - [2025-02-08T22:19:35.143+0000] {dag.py:3441} INFO - Setting next_dagrun for example_branch_datetime_operator_2 to 2025-02-07T00:00:00+00:00, run_after=2025-02-08T00:00:00+00:00
[2025-02-08T22:19:35.149+0000] {logging_mixin.py:137} INFO - [2025-02-08T22:19:35.148+0000] {dag.py:3441} INFO - Setting next_dagrun for example_branch_datetime_operator_3 to 2025-02-07T00:00:00+00:00, run_after=2025-02-08T00:00:00+00:00
[2025-02-08T22:19:35.177+0000] {processor.py:175} INFO - Processing /home/airflow/.local/lib/python3.7/site-packages/airflow/example_dags/example_branch_datetime_operator.py took 0.211 seconds
[2025-02-08T22:20:05.340+0000] {processor.py:153} INFO - Started process (PID=2192) to work on /home/airflow/.local/lib/python3.7/site-packages/airflow/example_dags/example_branch_datetime_operator.py
[2025-02-08T22:20:05.341+0000] {processor.py:743} INFO - Processing file /home/airflow/.local/lib/python3.7/site-packages/airflow/example_dags/example_branch_datetime_operator.py for tasks to queue
[2025-02-08T22:20:05.343+0000] {logging_mixin.py:137} INFO - [2025-02-08T22:20:05.343+0000] {dagbag.py:538} INFO - Filling up the DagBag from /home/airflow/.local/lib/python3.7/site-packages/airflow/example_dags/example_branch_datetime_operator.py
[2025-02-08T22:20:05.371+0000] {processor.py:753} INFO - DAG(s) dict_keys(['example_branch_datetime_operator_3', 'example_branch_datetime_operator_2', 'example_branch_datetime_operator']) retrieved from /home/airflow/.local/lib/python3.7/site-packages/airflow/example_dags/example_branch_datetime_operator.py
[2025-02-08T22:20:05.419+0000] {logging_mixin.py:137} INFO - [2025-02-08T22:20:05.418+0000] {dag.py:2690} INFO - Sync 3 DAGs
[2025-02-08T22:20:05.456+0000] {logging_mixin.py:137} INFO - [2025-02-08T22:20:05.456+0000] {dag.py:3441} INFO - Setting next_dagrun for example_branch_datetime_operator to 2025-02-07T00:00:00+00:00, run_after=2025-02-08T00:00:00+00:00
[2025-02-08T22:20:05.464+0000] {logging_mixin.py:137} INFO - [2025-02-08T22:20:05.464+0000] {dag.py:3441} INFO - Setting next_dagrun for example_branch_datetime_operator_2 to 2025-02-07T00:00:00+00:00, run_after=2025-02-08T00:00:00+00:00
[2025-02-08T22:20:05.469+0000] {logging_mixin.py:137} INFO - [2025-02-08T22:20:05.469+0000] {dag.py:3441} INFO - Setting next_dagrun for example_branch_datetime_operator_3 to 2025-02-07T00:00:00+00:00, run_after=2025-02-08T00:00:00+00:00
[2025-02-08T22:20:05.499+0000] {processor.py:175} INFO - Processing /home/airflow/.local/lib/python3.7/site-packages/airflow/example_dags/example_branch_datetime_operator.py took 0.166 seconds
[2025-02-08T22:20:35.569+0000] {processor.py:153} INFO - Started process (PID=2263) to work on /home/airflow/.local/lib/python3.7/site-packages/airflow/example_dags/example_branch_datetime_operator.py
[2025-02-08T22:20:35.570+0000] {processor.py:743} INFO - Processing file /home/airflow/.local/lib/python3.7/site-packages/airflow/example_dags/example_branch_datetime_operator.py for tasks to queue
[2025-02-08T22:20:35.571+0000] {logging_mixin.py:137} INFO - [2025-02-08T22:20:35.571+0000] {dagbag.py:538} INFO - Filling up the DagBag from /home/airflow/.local/lib/python3.7/site-packages/airflow/example_dags/example_branch_datetime_operator.py
[2025-02-08T22:20:35.595+0000] {processor.py:753} INFO - DAG(s) dict_keys(['example_branch_datetime_operator_2', 'example_branch_datetime_operator', 'example_branch_datetime_operator_3']) retrieved from /home/airflow/.local/lib/python3.7/site-packages/airflow/example_dags/example_branch_datetime_operator.py
[2025-02-08T22:20:35.639+0000] {logging_mixin.py:137} INFO - [2025-02-08T22:20:35.639+0000] {dag.py:2690} INFO - Sync 3 DAGs
[2025-02-08T22:20:35.676+0000] {logging_mixin.py:137} INFO - [2025-02-08T22:20:35.676+0000] {dag.py:3441} INFO - Setting next_dagrun for example_branch_datetime_operator to 2025-02-07T00:00:00+00:00, run_after=2025-02-08T00:00:00+00:00
[2025-02-08T22:20:35.683+0000] {logging_mixin.py:137} INFO - [2025-02-08T22:20:35.683+0000] {dag.py:3441} INFO - Setting next_dagrun for example_branch_datetime_operator_2 to 2025-02-07T00:00:00+00:00, run_after=2025-02-08T00:00:00+00:00
[2025-02-08T22:20:35.688+0000] {logging_mixin.py:137} INFO - [2025-02-08T22:20:35.688+0000] {dag.py:3441} INFO - Setting next_dagrun for example_branch_datetime_operator_3 to 2025-02-07T00:00:00+00:00, run_after=2025-02-08T00:00:00+00:00
[2025-02-08T22:20:35.715+0000] {processor.py:175} INFO - Processing /home/airflow/.local/lib/python3.7/site-packages/airflow/example_dags/example_branch_datetime_operator.py took 0.150 seconds
[2025-02-08T22:21:05.969+0000] {processor.py:153} INFO - Started process (PID=2349) to work on /home/airflow/.local/lib/python3.7/site-packages/airflow/example_dags/example_branch_datetime_operator.py
[2025-02-08T22:21:05.971+0000] {processor.py:743} INFO - Processing file /home/airflow/.local/lib/python3.7/site-packages/airflow/example_dags/example_branch_datetime_operator.py for tasks to queue
[2025-02-08T22:21:05.973+0000] {logging_mixin.py:137} INFO - [2025-02-08T22:21:05.973+0000] {dagbag.py:538} INFO - Filling up the DagBag from /home/airflow/.local/lib/python3.7/site-packages/airflow/example_dags/example_branch_datetime_operator.py
[2025-02-08T22:21:06.019+0000] {processor.py:753} INFO - DAG(s) dict_keys(['example_branch_datetime_operator', 'example_branch_datetime_operator_3', 'example_branch_datetime_operator_2']) retrieved from /home/airflow/.local/lib/python3.7/site-packages/airflow/example_dags/example_branch_datetime_operator.py
[2025-02-08T22:21:06.070+0000] {logging_mixin.py:137} INFO - [2025-02-08T22:21:06.070+0000] {dag.py:2690} INFO - Sync 3 DAGs
[2025-02-08T22:21:06.127+0000] {logging_mixin.py:137} INFO - [2025-02-08T22:21:06.126+0000] {dag.py:3441} INFO - Setting next_dagrun for example_branch_datetime_operator to 2025-02-07T00:00:00+00:00, run_after=2025-02-08T00:00:00+00:00
[2025-02-08T22:21:06.139+0000] {logging_mixin.py:137} INFO - [2025-02-08T22:21:06.139+0000] {dag.py:3441} INFO - Setting next_dagrun for example_branch_datetime_operator_2 to 2025-02-07T00:00:00+00:00, run_after=2025-02-08T00:00:00+00:00
[2025-02-08T22:21:06.145+0000] {logging_mixin.py:137} INFO - [2025-02-08T22:21:06.145+0000] {dag.py:3441} INFO - Setting next_dagrun for example_branch_datetime_operator_3 to 2025-02-07T00:00:00+00:00, run_after=2025-02-08T00:00:00+00:00
[2025-02-08T22:21:06.193+0000] {processor.py:175} INFO - Processing /home/airflow/.local/lib/python3.7/site-packages/airflow/example_dags/example_branch_datetime_operator.py took 0.241 seconds
[2025-02-08T22:21:36.480+0000] {processor.py:153} INFO - Started process (PID=2420) to work on /home/airflow/.local/lib/python3.7/site-packages/airflow/example_dags/example_branch_datetime_operator.py
[2025-02-08T22:21:36.482+0000] {processor.py:743} INFO - Processing file /home/airflow/.local/lib/python3.7/site-packages/airflow/example_dags/example_branch_datetime_operator.py for tasks to queue
[2025-02-08T22:21:36.483+0000] {logging_mixin.py:137} INFO - [2025-02-08T22:21:36.482+0000] {dagbag.py:538} INFO - Filling up the DagBag from /home/airflow/.local/lib/python3.7/site-packages/airflow/example_dags/example_branch_datetime_operator.py
[2025-02-08T22:21:36.505+0000] {processor.py:753} INFO - DAG(s) dict_keys(['example_branch_datetime_operator_3', 'example_branch_datetime_operator_2', 'example_branch_datetime_operator']) retrieved from /home/airflow/.local/lib/python3.7/site-packages/airflow/example_dags/example_branch_datetime_operator.py
[2025-02-08T22:21:36.547+0000] {logging_mixin.py:137} INFO - [2025-02-08T22:21:36.547+0000] {dag.py:2690} INFO - Sync 3 DAGs
[2025-02-08T22:21:36.580+0000] {logging_mixin.py:137} INFO - [2025-02-08T22:21:36.580+0000] {dag.py:3441} INFO - Setting next_dagrun for example_branch_datetime_operator to 2025-02-07T00:00:00+00:00, run_after=2025-02-08T00:00:00+00:00
[2025-02-08T22:21:36.586+0000] {logging_mixin.py:137} INFO - [2025-02-08T22:21:36.586+0000] {dag.py:3441} INFO - Setting next_dagrun for example_branch_datetime_operator_2 to 2025-02-07T00:00:00+00:00, run_after=2025-02-08T00:00:00+00:00
[2025-02-08T22:21:36.590+0000] {logging_mixin.py:137} INFO - [2025-02-08T22:21:36.590+0000] {dag.py:3441} INFO - Setting next_dagrun for example_branch_datetime_operator_3 to 2025-02-07T00:00:00+00:00, run_after=2025-02-08T00:00:00+00:00
[2025-02-08T22:21:36.614+0000] {processor.py:175} INFO - Processing /home/airflow/.local/lib/python3.7/site-packages/airflow/example_dags/example_branch_datetime_operator.py took 0.138 seconds
[2025-02-08T22:22:06.738+0000] {processor.py:153} INFO - Started process (PID=2500) to work on /home/airflow/.local/lib/python3.7/site-packages/airflow/example_dags/example_branch_datetime_operator.py
[2025-02-08T22:22:06.740+0000] {processor.py:743} INFO - Processing file /home/airflow/.local/lib/python3.7/site-packages/airflow/example_dags/example_branch_datetime_operator.py for tasks to queue
[2025-02-08T22:22:06.742+0000] {logging_mixin.py:137} INFO - [2025-02-08T22:22:06.742+0000] {dagbag.py:538} INFO - Filling up the DagBag from /home/airflow/.local/lib/python3.7/site-packages/airflow/example_dags/example_branch_datetime_operator.py
[2025-02-08T22:22:06.762+0000] {processor.py:753} INFO - DAG(s) dict_keys(['example_branch_datetime_operator_3', 'example_branch_datetime_operator', 'example_branch_datetime_operator_2']) retrieved from /home/airflow/.local/lib/python3.7/site-packages/airflow/example_dags/example_branch_datetime_operator.py
[2025-02-08T22:22:06.799+0000] {logging_mixin.py:137} INFO - [2025-02-08T22:22:06.798+0000] {dag.py:2690} INFO - Sync 3 DAGs
[2025-02-08T22:22:06.831+0000] {logging_mixin.py:137} INFO - [2025-02-08T22:22:06.831+0000] {dag.py:3441} INFO - Setting next_dagrun for example_branch_datetime_operator to 2025-02-07T00:00:00+00:00, run_after=2025-02-08T00:00:00+00:00
[2025-02-08T22:22:06.837+0000] {logging_mixin.py:137} INFO - [2025-02-08T22:22:06.837+0000] {dag.py:3441} INFO - Setting next_dagrun for example_branch_datetime_operator_2 to 2025-02-07T00:00:00+00:00, run_after=2025-02-08T00:00:00+00:00
[2025-02-08T22:22:06.843+0000] {logging_mixin.py:137} INFO - [2025-02-08T22:22:06.843+0000] {dag.py:3441} INFO - Setting next_dagrun for example_branch_datetime_operator_3 to 2025-02-07T00:00:00+00:00, run_after=2025-02-08T00:00:00+00:00
[2025-02-08T22:22:06.866+0000] {processor.py:175} INFO - Processing /home/airflow/.local/lib/python3.7/site-packages/airflow/example_dags/example_branch_datetime_operator.py took 0.132 seconds
[2025-02-08T22:22:37.150+0000] {processor.py:153} INFO - Started process (PID=2578) to work on /home/airflow/.local/lib/python3.7/site-packages/airflow/example_dags/example_branch_datetime_operator.py
[2025-02-08T22:22:37.152+0000] {processor.py:743} INFO - Processing file /home/airflow/.local/lib/python3.7/site-packages/airflow/example_dags/example_branch_datetime_operator.py for tasks to queue
[2025-02-08T22:22:37.153+0000] {logging_mixin.py:137} INFO - [2025-02-08T22:22:37.153+0000] {dagbag.py:538} INFO - Filling up the DagBag from /home/airflow/.local/lib/python3.7/site-packages/airflow/example_dags/example_branch_datetime_operator.py
[2025-02-08T22:22:37.178+0000] {processor.py:753} INFO - DAG(s) dict_keys(['example_branch_datetime_operator_2', 'example_branch_datetime_operator_3', 'example_branch_datetime_operator']) retrieved from /home/airflow/.local/lib/python3.7/site-packages/airflow/example_dags/example_branch_datetime_operator.py
[2025-02-08T22:22:37.227+0000] {logging_mixin.py:137} INFO - [2025-02-08T22:22:37.227+0000] {dag.py:2690} INFO - Sync 3 DAGs
[2025-02-08T22:22:37.268+0000] {logging_mixin.py:137} INFO - [2025-02-08T22:22:37.268+0000] {dag.py:3441} INFO - Setting next_dagrun for example_branch_datetime_operator to 2025-02-07T00:00:00+00:00, run_after=2025-02-08T00:00:00+00:00
[2025-02-08T22:22:37.275+0000] {logging_mixin.py:137} INFO - [2025-02-08T22:22:37.275+0000] {dag.py:3441} INFO - Setting next_dagrun for example_branch_datetime_operator_2 to 2025-02-07T00:00:00+00:00, run_after=2025-02-08T00:00:00+00:00
[2025-02-08T22:22:37.279+0000] {logging_mixin.py:137} INFO - [2025-02-08T22:22:37.279+0000] {dag.py:3441} INFO - Setting next_dagrun for example_branch_datetime_operator_3 to 2025-02-07T00:00:00+00:00, run_after=2025-02-08T00:00:00+00:00
[2025-02-08T22:22:37.324+0000] {processor.py:175} INFO - Processing /home/airflow/.local/lib/python3.7/site-packages/airflow/example_dags/example_branch_datetime_operator.py took 0.179 seconds
[2025-02-08T22:23:07.959+0000] {processor.py:153} INFO - Started process (PID=2649) to work on /home/airflow/.local/lib/python3.7/site-packages/airflow/example_dags/example_branch_datetime_operator.py
[2025-02-08T22:23:07.960+0000] {processor.py:743} INFO - Processing file /home/airflow/.local/lib/python3.7/site-packages/airflow/example_dags/example_branch_datetime_operator.py for tasks to queue
[2025-02-08T22:23:07.961+0000] {logging_mixin.py:137} INFO - [2025-02-08T22:23:07.961+0000] {dagbag.py:538} INFO - Filling up the DagBag from /home/airflow/.local/lib/python3.7/site-packages/airflow/example_dags/example_branch_datetime_operator.py
[2025-02-08T22:23:07.984+0000] {processor.py:753} INFO - DAG(s) dict_keys(['example_branch_datetime_operator_2', 'example_branch_datetime_operator', 'example_branch_datetime_operator_3']) retrieved from /home/airflow/.local/lib/python3.7/site-packages/airflow/example_dags/example_branch_datetime_operator.py
[2025-02-08T22:23:08.027+0000] {logging_mixin.py:137} INFO - [2025-02-08T22:23:08.027+0000] {dag.py:2690} INFO - Sync 3 DAGs
[2025-02-08T22:23:08.064+0000] {logging_mixin.py:137} INFO - [2025-02-08T22:23:08.064+0000] {dag.py:3441} INFO - Setting next_dagrun for example_branch_datetime_operator to 2025-02-07T00:00:00+00:00, run_after=2025-02-08T00:00:00+00:00
[2025-02-08T22:23:08.070+0000] {logging_mixin.py:137} INFO - [2025-02-08T22:23:08.070+0000] {dag.py:3441} INFO - Setting next_dagrun for example_branch_datetime_operator_2 to 2025-02-07T00:00:00+00:00, run_after=2025-02-08T00:00:00+00:00
[2025-02-08T22:23:08.075+0000] {logging_mixin.py:137} INFO - [2025-02-08T22:23:08.075+0000] {dag.py:3441} INFO - Setting next_dagrun for example_branch_datetime_operator_3 to 2025-02-07T00:00:00+00:00, run_after=2025-02-08T00:00:00+00:00
[2025-02-08T22:23:08.101+0000] {processor.py:175} INFO - Processing /home/airflow/.local/lib/python3.7/site-packages/airflow/example_dags/example_branch_datetime_operator.py took 0.146 seconds
[2025-02-08T22:23:38.833+0000] {processor.py:153} INFO - Started process (PID=2736) to work on /home/airflow/.local/lib/python3.7/site-packages/airflow/example_dags/example_branch_datetime_operator.py
[2025-02-08T22:23:38.835+0000] {processor.py:743} INFO - Processing file /home/airflow/.local/lib/python3.7/site-packages/airflow/example_dags/example_branch_datetime_operator.py for tasks to queue
[2025-02-08T22:23:38.836+0000] {logging_mixin.py:137} INFO - [2025-02-08T22:23:38.836+0000] {dagbag.py:538} INFO - Filling up the DagBag from /home/airflow/.local/lib/python3.7/site-packages/airflow/example_dags/example_branch_datetime_operator.py
[2025-02-08T22:23:38.871+0000] {processor.py:753} INFO - DAG(s) dict_keys(['example_branch_datetime_operator_3', 'example_branch_datetime_operator_2', 'example_branch_datetime_operator']) retrieved from /home/airflow/.local/lib/python3.7/site-packages/airflow/example_dags/example_branch_datetime_operator.py
[2025-02-08T22:23:38.931+0000] {logging_mixin.py:137} INFO - [2025-02-08T22:23:38.930+0000] {dag.py:2690} INFO - Sync 3 DAGs
[2025-02-08T22:23:38.979+0000] {logging_mixin.py:137} INFO - [2025-02-08T22:23:38.979+0000] {dag.py:3441} INFO - Setting next_dagrun for example_branch_datetime_operator to 2025-02-07T00:00:00+00:00, run_after=2025-02-08T00:00:00+00:00
[2025-02-08T22:23:38.987+0000] {logging_mixin.py:137} INFO - [2025-02-08T22:23:38.987+0000] {dag.py:3441} INFO - Setting next_dagrun for example_branch_datetime_operator_2 to 2025-02-07T00:00:00+00:00, run_after=2025-02-08T00:00:00+00:00
[2025-02-08T22:23:38.994+0000] {logging_mixin.py:137} INFO - [2025-02-08T22:23:38.994+0000] {dag.py:3441} INFO - Setting next_dagrun for example_branch_datetime_operator_3 to 2025-02-07T00:00:00+00:00, run_after=2025-02-08T00:00:00+00:00
[2025-02-08T22:23:39.033+0000] {processor.py:175} INFO - Processing /home/airflow/.local/lib/python3.7/site-packages/airflow/example_dags/example_branch_datetime_operator.py took 0.204 seconds
[2025-02-08T22:24:09.864+0000] {processor.py:153} INFO - Started process (PID=2807) to work on /home/airflow/.local/lib/python3.7/site-packages/airflow/example_dags/example_branch_datetime_operator.py
[2025-02-08T22:24:09.866+0000] {processor.py:743} INFO - Processing file /home/airflow/.local/lib/python3.7/site-packages/airflow/example_dags/example_branch_datetime_operator.py for tasks to queue
[2025-02-08T22:24:09.868+0000] {logging_mixin.py:137} INFO - [2025-02-08T22:24:09.867+0000] {dagbag.py:538} INFO - Filling up the DagBag from /home/airflow/.local/lib/python3.7/site-packages/airflow/example_dags/example_branch_datetime_operator.py
[2025-02-08T22:24:09.916+0000] {processor.py:753} INFO - DAG(s) dict_keys(['example_branch_datetime_operator', 'example_branch_datetime_operator_2', 'example_branch_datetime_operator_3']) retrieved from /home/airflow/.local/lib/python3.7/site-packages/airflow/example_dags/example_branch_datetime_operator.py
[2025-02-08T22:24:09.989+0000] {logging_mixin.py:137} INFO - [2025-02-08T22:24:09.988+0000] {dag.py:2690} INFO - Sync 3 DAGs
[2025-02-08T22:24:10.049+0000] {logging_mixin.py:137} INFO - [2025-02-08T22:24:10.049+0000] {dag.py:3441} INFO - Setting next_dagrun for example_branch_datetime_operator to 2025-02-07T00:00:00+00:00, run_after=2025-02-08T00:00:00+00:00
[2025-02-08T22:24:10.060+0000] {logging_mixin.py:137} INFO - [2025-02-08T22:24:10.059+0000] {dag.py:3441} INFO - Setting next_dagrun for example_branch_datetime_operator_2 to 2025-02-07T00:00:00+00:00, run_after=2025-02-08T00:00:00+00:00
[2025-02-08T22:24:10.066+0000] {logging_mixin.py:137} INFO - [2025-02-08T22:24:10.066+0000] {dag.py:3441} INFO - Setting next_dagrun for example_branch_datetime_operator_3 to 2025-02-07T00:00:00+00:00, run_after=2025-02-08T00:00:00+00:00
[2025-02-08T22:24:10.127+0000] {processor.py:175} INFO - Processing /home/airflow/.local/lib/python3.7/site-packages/airflow/example_dags/example_branch_datetime_operator.py took 0.273 seconds
[2025-02-08T22:24:40.434+0000] {processor.py:153} INFO - Started process (PID=2878) to work on /home/airflow/.local/lib/python3.7/site-packages/airflow/example_dags/example_branch_datetime_operator.py
[2025-02-08T22:24:40.435+0000] {processor.py:743} INFO - Processing file /home/airflow/.local/lib/python3.7/site-packages/airflow/example_dags/example_branch_datetime_operator.py for tasks to queue
[2025-02-08T22:24:40.437+0000] {logging_mixin.py:137} INFO - [2025-02-08T22:24:40.436+0000] {dagbag.py:538} INFO - Filling up the DagBag from /home/airflow/.local/lib/python3.7/site-packages/airflow/example_dags/example_branch_datetime_operator.py
[2025-02-08T22:24:40.477+0000] {processor.py:753} INFO - DAG(s) dict_keys(['example_branch_datetime_operator_3', 'example_branch_datetime_operator', 'example_branch_datetime_operator_2']) retrieved from /home/airflow/.local/lib/python3.7/site-packages/airflow/example_dags/example_branch_datetime_operator.py
[2025-02-08T22:24:40.531+0000] {logging_mixin.py:137} INFO - [2025-02-08T22:24:40.530+0000] {dag.py:2690} INFO - Sync 3 DAGs
[2025-02-08T22:24:40.574+0000] {logging_mixin.py:137} INFO - [2025-02-08T22:24:40.573+0000] {dag.py:3441} INFO - Setting next_dagrun for example_branch_datetime_operator to 2025-02-07T00:00:00+00:00, run_after=2025-02-08T00:00:00+00:00
[2025-02-08T22:24:40.581+0000] {logging_mixin.py:137} INFO - [2025-02-08T22:24:40.581+0000] {dag.py:3441} INFO - Setting next_dagrun for example_branch_datetime_operator_2 to 2025-02-07T00:00:00+00:00, run_after=2025-02-08T00:00:00+00:00
[2025-02-08T22:24:40.585+0000] {logging_mixin.py:137} INFO - [2025-02-08T22:24:40.585+0000] {dag.py:3441} INFO - Setting next_dagrun for example_branch_datetime_operator_3 to 2025-02-07T00:00:00+00:00, run_after=2025-02-08T00:00:00+00:00
[2025-02-08T22:24:40.612+0000] {processor.py:175} INFO - Processing /home/airflow/.local/lib/python3.7/site-packages/airflow/example_dags/example_branch_datetime_operator.py took 0.183 seconds
[2025-02-08T22:25:11.013+0000] {processor.py:153} INFO - Started process (PID=2958) to work on /home/airflow/.local/lib/python3.7/site-packages/airflow/example_dags/example_branch_datetime_operator.py
[2025-02-08T22:25:11.015+0000] {processor.py:743} INFO - Processing file /home/airflow/.local/lib/python3.7/site-packages/airflow/example_dags/example_branch_datetime_operator.py for tasks to queue
[2025-02-08T22:25:11.016+0000] {logging_mixin.py:137} INFO - [2025-02-08T22:25:11.016+0000] {dagbag.py:538} INFO - Filling up the DagBag from /home/airflow/.local/lib/python3.7/site-packages/airflow/example_dags/example_branch_datetime_operator.py
[2025-02-08T22:25:11.049+0000] {processor.py:753} INFO - DAG(s) dict_keys(['example_branch_datetime_operator_3', 'example_branch_datetime_operator', 'example_branch_datetime_operator_2']) retrieved from /home/airflow/.local/lib/python3.7/site-packages/airflow/example_dags/example_branch_datetime_operator.py
[2025-02-08T22:25:11.105+0000] {logging_mixin.py:137} INFO - [2025-02-08T22:25:11.105+0000] {dag.py:2690} INFO - Sync 3 DAGs
[2025-02-08T22:25:11.165+0000] {logging_mixin.py:137} INFO - [2025-02-08T22:25:11.164+0000] {dag.py:3441} INFO - Setting next_dagrun for example_branch_datetime_operator to 2025-02-07T00:00:00+00:00, run_after=2025-02-08T00:00:00+00:00
[2025-02-08T22:25:11.201+0000] {logging_mixin.py:137} INFO - [2025-02-08T22:25:11.200+0000] {dag.py:3441} INFO - Setting next_dagrun for example_branch_datetime_operator_2 to 2025-02-07T00:00:00+00:00, run_after=2025-02-08T00:00:00+00:00
[2025-02-08T22:25:11.232+0000] {logging_mixin.py:137} INFO - [2025-02-08T22:25:11.232+0000] {dag.py:3441} INFO - Setting next_dagrun for example_branch_datetime_operator_3 to 2025-02-07T00:00:00+00:00, run_after=2025-02-08T00:00:00+00:00
[2025-02-08T22:25:11.324+0000] {processor.py:175} INFO - Processing /home/airflow/.local/lib/python3.7/site-packages/airflow/example_dags/example_branch_datetime_operator.py took 0.316 seconds
[2025-02-08T22:25:42.099+0000] {processor.py:153} INFO - Started process (PID=3036) to work on /home/airflow/.local/lib/python3.7/site-packages/airflow/example_dags/example_branch_datetime_operator.py
[2025-02-08T22:25:42.101+0000] {processor.py:743} INFO - Processing file /home/airflow/.local/lib/python3.7/site-packages/airflow/example_dags/example_branch_datetime_operator.py for tasks to queue
[2025-02-08T22:25:42.113+0000] {logging_mixin.py:137} INFO - [2025-02-08T22:25:42.113+0000] {dagbag.py:538} INFO - Filling up the DagBag from /home/airflow/.local/lib/python3.7/site-packages/airflow/example_dags/example_branch_datetime_operator.py
[2025-02-08T22:25:42.206+0000] {processor.py:753} INFO - DAG(s) dict_keys(['example_branch_datetime_operator_2', 'example_branch_datetime_operator', 'example_branch_datetime_operator_3']) retrieved from /home/airflow/.local/lib/python3.7/site-packages/airflow/example_dags/example_branch_datetime_operator.py
[2025-02-08T22:25:42.327+0000] {logging_mixin.py:137} INFO - [2025-02-08T22:25:42.327+0000] {dag.py:2690} INFO - Sync 3 DAGs
[2025-02-08T22:25:42.466+0000] {logging_mixin.py:137} INFO - [2025-02-08T22:25:42.466+0000] {dag.py:3441} INFO - Setting next_dagrun for example_branch_datetime_operator to 2025-02-07T00:00:00+00:00, run_after=2025-02-08T00:00:00+00:00
[2025-02-08T22:25:42.483+0000] {logging_mixin.py:137} INFO - [2025-02-08T22:25:42.483+0000] {dag.py:3441} INFO - Setting next_dagrun for example_branch_datetime_operator_2 to 2025-02-07T00:00:00+00:00, run_after=2025-02-08T00:00:00+00:00
[2025-02-08T22:25:42.497+0000] {logging_mixin.py:137} INFO - [2025-02-08T22:25:42.496+0000] {dag.py:3441} INFO - Setting next_dagrun for example_branch_datetime_operator_3 to 2025-02-07T00:00:00+00:00, run_after=2025-02-08T00:00:00+00:00
[2025-02-08T22:25:42.548+0000] {processor.py:175} INFO - Processing /home/airflow/.local/lib/python3.7/site-packages/airflow/example_dags/example_branch_datetime_operator.py took 0.455 seconds
[2025-02-08T22:26:12.954+0000] {processor.py:153} INFO - Started process (PID=3108) to work on /home/airflow/.local/lib/python3.7/site-packages/airflow/example_dags/example_branch_datetime_operator.py
[2025-02-08T22:26:12.955+0000] {processor.py:743} INFO - Processing file /home/airflow/.local/lib/python3.7/site-packages/airflow/example_dags/example_branch_datetime_operator.py for tasks to queue
[2025-02-08T22:26:12.956+0000] {logging_mixin.py:137} INFO - [2025-02-08T22:26:12.956+0000] {dagbag.py:538} INFO - Filling up the DagBag from /home/airflow/.local/lib/python3.7/site-packages/airflow/example_dags/example_branch_datetime_operator.py
[2025-02-08T22:26:12.988+0000] {processor.py:753} INFO - DAG(s) dict_keys(['example_branch_datetime_operator_3', 'example_branch_datetime_operator', 'example_branch_datetime_operator_2']) retrieved from /home/airflow/.local/lib/python3.7/site-packages/airflow/example_dags/example_branch_datetime_operator.py
[2025-02-08T22:26:13.050+0000] {logging_mixin.py:137} INFO - [2025-02-08T22:26:13.049+0000] {dag.py:2690} INFO - Sync 3 DAGs
[2025-02-08T22:26:13.088+0000] {logging_mixin.py:137} INFO - [2025-02-08T22:26:13.088+0000] {dag.py:3441} INFO - Setting next_dagrun for example_branch_datetime_operator to 2025-02-07T00:00:00+00:00, run_after=2025-02-08T00:00:00+00:00
[2025-02-08T22:26:13.097+0000] {logging_mixin.py:137} INFO - [2025-02-08T22:26:13.097+0000] {dag.py:3441} INFO - Setting next_dagrun for example_branch_datetime_operator_2 to 2025-02-07T00:00:00+00:00, run_after=2025-02-08T00:00:00+00:00
[2025-02-08T22:26:13.102+0000] {logging_mixin.py:137} INFO - [2025-02-08T22:26:13.102+0000] {dag.py:3441} INFO - Setting next_dagrun for example_branch_datetime_operator_3 to 2025-02-07T00:00:00+00:00, run_after=2025-02-08T00:00:00+00:00
[2025-02-08T22:26:13.129+0000] {processor.py:175} INFO - Processing /home/airflow/.local/lib/python3.7/site-packages/airflow/example_dags/example_branch_datetime_operator.py took 0.180 seconds
[2025-02-08T22:26:43.718+0000] {processor.py:153} INFO - Started process (PID=3196) to work on /home/airflow/.local/lib/python3.7/site-packages/airflow/example_dags/example_branch_datetime_operator.py
[2025-02-08T22:26:43.720+0000] {processor.py:743} INFO - Processing file /home/airflow/.local/lib/python3.7/site-packages/airflow/example_dags/example_branch_datetime_operator.py for tasks to queue
[2025-02-08T22:26:43.721+0000] {logging_mixin.py:137} INFO - [2025-02-08T22:26:43.721+0000] {dagbag.py:538} INFO - Filling up the DagBag from /home/airflow/.local/lib/python3.7/site-packages/airflow/example_dags/example_branch_datetime_operator.py
[2025-02-08T22:26:43.739+0000] {processor.py:753} INFO - DAG(s) dict_keys(['example_branch_datetime_operator', 'example_branch_datetime_operator_3', 'example_branch_datetime_operator_2']) retrieved from /home/airflow/.local/lib/python3.7/site-packages/airflow/example_dags/example_branch_datetime_operator.py
[2025-02-08T22:26:43.773+0000] {logging_mixin.py:137} INFO - [2025-02-08T22:26:43.773+0000] {dag.py:2690} INFO - Sync 3 DAGs
[2025-02-08T22:26:43.798+0000] {logging_mixin.py:137} INFO - [2025-02-08T22:26:43.798+0000] {dag.py:3441} INFO - Setting next_dagrun for example_branch_datetime_operator to 2025-02-07T00:00:00+00:00, run_after=2025-02-08T00:00:00+00:00
[2025-02-08T22:26:43.803+0000] {logging_mixin.py:137} INFO - [2025-02-08T22:26:43.803+0000] {dag.py:3441} INFO - Setting next_dagrun for example_branch_datetime_operator_2 to 2025-02-07T00:00:00+00:00, run_after=2025-02-08T00:00:00+00:00
[2025-02-08T22:26:43.807+0000] {logging_mixin.py:137} INFO - [2025-02-08T22:26:43.806+0000] {dag.py:3441} INFO - Setting next_dagrun for example_branch_datetime_operator_3 to 2025-02-07T00:00:00+00:00, run_after=2025-02-08T00:00:00+00:00
[2025-02-08T22:26:43.829+0000] {processor.py:175} INFO - Processing /home/airflow/.local/lib/python3.7/site-packages/airflow/example_dags/example_branch_datetime_operator.py took 0.113 seconds
[2025-02-08T22:27:14.270+0000] {processor.py:153} INFO - Started process (PID=3268) to work on /home/airflow/.local/lib/python3.7/site-packages/airflow/example_dags/example_branch_datetime_operator.py
[2025-02-08T22:27:14.272+0000] {processor.py:743} INFO - Processing file /home/airflow/.local/lib/python3.7/site-packages/airflow/example_dags/example_branch_datetime_operator.py for tasks to queue
[2025-02-08T22:27:14.274+0000] {logging_mixin.py:137} INFO - [2025-02-08T22:27:14.273+0000] {dagbag.py:538} INFO - Filling up the DagBag from /home/airflow/.local/lib/python3.7/site-packages/airflow/example_dags/example_branch_datetime_operator.py
[2025-02-08T22:27:14.310+0000] {processor.py:753} INFO - DAG(s) dict_keys(['example_branch_datetime_operator_3', 'example_branch_datetime_operator_2', 'example_branch_datetime_operator']) retrieved from /home/airflow/.local/lib/python3.7/site-packages/airflow/example_dags/example_branch_datetime_operator.py
[2025-02-08T22:27:14.388+0000] {logging_mixin.py:137} INFO - [2025-02-08T22:27:14.388+0000] {dag.py:2690} INFO - Sync 3 DAGs
[2025-02-08T22:27:14.453+0000] {logging_mixin.py:137} INFO - [2025-02-08T22:27:14.453+0000] {dag.py:3441} INFO - Setting next_dagrun for example_branch_datetime_operator to 2025-02-07T00:00:00+00:00, run_after=2025-02-08T00:00:00+00:00
[2025-02-08T22:27:14.466+0000] {logging_mixin.py:137} INFO - [2025-02-08T22:27:14.465+0000] {dag.py:3441} INFO - Setting next_dagrun for example_branch_datetime_operator_2 to 2025-02-07T00:00:00+00:00, run_after=2025-02-08T00:00:00+00:00
[2025-02-08T22:27:14.489+0000] {logging_mixin.py:137} INFO - [2025-02-08T22:27:14.488+0000] {dag.py:3441} INFO - Setting next_dagrun for example_branch_datetime_operator_3 to 2025-02-07T00:00:00+00:00, run_after=2025-02-08T00:00:00+00:00
[2025-02-08T22:27:14.574+0000] {processor.py:175} INFO - Processing /home/airflow/.local/lib/python3.7/site-packages/airflow/example_dags/example_branch_datetime_operator.py took 0.313 seconds
[2025-02-08T22:27:45.348+0000] {processor.py:153} INFO - Started process (PID=3356) to work on /home/airflow/.local/lib/python3.7/site-packages/airflow/example_dags/example_branch_datetime_operator.py
[2025-02-08T22:27:45.349+0000] {processor.py:743} INFO - Processing file /home/airflow/.local/lib/python3.7/site-packages/airflow/example_dags/example_branch_datetime_operator.py for tasks to queue
[2025-02-08T22:27:45.351+0000] {logging_mixin.py:137} INFO - [2025-02-08T22:27:45.350+0000] {dagbag.py:538} INFO - Filling up the DagBag from /home/airflow/.local/lib/python3.7/site-packages/airflow/example_dags/example_branch_datetime_operator.py
[2025-02-08T22:27:45.386+0000] {processor.py:753} INFO - DAG(s) dict_keys(['example_branch_datetime_operator', 'example_branch_datetime_operator_3', 'example_branch_datetime_operator_2']) retrieved from /home/airflow/.local/lib/python3.7/site-packages/airflow/example_dags/example_branch_datetime_operator.py
[2025-02-08T22:27:45.447+0000] {logging_mixin.py:137} INFO - [2025-02-08T22:27:45.447+0000] {dag.py:2690} INFO - Sync 3 DAGs
[2025-02-08T22:27:45.488+0000] {logging_mixin.py:137} INFO - [2025-02-08T22:27:45.488+0000] {dag.py:3441} INFO - Setting next_dagrun for example_branch_datetime_operator to 2025-02-07T00:00:00+00:00, run_after=2025-02-08T00:00:00+00:00
[2025-02-08T22:27:45.498+0000] {logging_mixin.py:137} INFO - [2025-02-08T22:27:45.497+0000] {dag.py:3441} INFO - Setting next_dagrun for example_branch_datetime_operator_2 to 2025-02-07T00:00:00+00:00, run_after=2025-02-08T00:00:00+00:00
[2025-02-08T22:27:45.503+0000] {logging_mixin.py:137} INFO - [2025-02-08T22:27:45.503+0000] {dag.py:3441} INFO - Setting next_dagrun for example_branch_datetime_operator_3 to 2025-02-07T00:00:00+00:00, run_after=2025-02-08T00:00:00+00:00
[2025-02-08T22:27:45.538+0000] {processor.py:175} INFO - Processing /home/airflow/.local/lib/python3.7/site-packages/airflow/example_dags/example_branch_datetime_operator.py took 0.195 seconds
