[2025-02-08T22:06:03.883+0000] {processor.py:153} INFO - Started process (PID=66) to work on /home/airflow/.local/lib/python3.7/site-packages/airflow/example_dags/example_latest_only.py
[2025-02-08T22:06:03.891+0000] {processor.py:743} INFO - Processing file /home/airflow/.local/lib/python3.7/site-packages/airflow/example_dags/example_latest_only.py for tasks to queue
[2025-02-08T22:06:03.899+0000] {logging_mixin.py:137} INFO - [2025-02-08T22:06:03.894+0000] {dagbag.py:538} INFO - Filling up the DagBag from /home/airflow/.local/lib/python3.7/site-packages/airflow/example_dags/example_latest_only.py
[2025-02-08T22:06:04.262+0000] {processor.py:753} INFO - DAG(s) dict_keys(['latest_only']) retrieved from /home/airflow/.local/lib/python3.7/site-packages/airflow/example_dags/example_latest_only.py
[2025-02-08T22:06:04.523+0000] {logging_mixin.py:137} INFO - [2025-02-08T22:06:04.522+0000] {dag.py:2690} INFO - Sync 1 DAGs
[2025-02-08T22:06:04.601+0000] {logging_mixin.py:137} INFO - [2025-02-08T22:06:04.601+0000] {dag.py:3441} INFO - Setting next_dagrun for latest_only to 2025-02-08T18:06:04.600947+00:00, run_after=2025-02-08T22:06:04.600947+00:00
[2025-02-08T22:06:04.656+0000] {processor.py:175} INFO - Processing /home/airflow/.local/lib/python3.7/site-packages/airflow/example_dags/example_latest_only.py took 0.780 seconds
[2025-02-08T22:06:36.994+0000] {processor.py:153} INFO - Started process (PID=137) to work on /home/airflow/.local/lib/python3.7/site-packages/airflow/example_dags/example_latest_only.py
[2025-02-08T22:06:36.996+0000] {processor.py:743} INFO - Processing file /home/airflow/.local/lib/python3.7/site-packages/airflow/example_dags/example_latest_only.py for tasks to queue
[2025-02-08T22:06:36.997+0000] {logging_mixin.py:137} INFO - [2025-02-08T22:06:36.997+0000] {dagbag.py:538} INFO - Filling up the DagBag from /home/airflow/.local/lib/python3.7/site-packages/airflow/example_dags/example_latest_only.py
[2025-02-08T22:06:37.023+0000] {processor.py:753} INFO - DAG(s) dict_keys(['latest_only']) retrieved from /home/airflow/.local/lib/python3.7/site-packages/airflow/example_dags/example_latest_only.py
[2025-02-08T22:06:37.057+0000] {logging_mixin.py:137} INFO - [2025-02-08T22:06:37.057+0000] {dag.py:2690} INFO - Sync 1 DAGs
[2025-02-08T22:06:37.102+0000] {logging_mixin.py:137} INFO - [2025-02-08T22:06:37.101+0000] {dag.py:3441} INFO - Setting next_dagrun for latest_only to 2025-02-08T18:06:37.101260+00:00, run_after=2025-02-08T22:06:37.101260+00:00
[2025-02-08T22:06:37.137+0000] {processor.py:175} INFO - Processing /home/airflow/.local/lib/python3.7/site-packages/airflow/example_dags/example_latest_only.py took 0.149 seconds
[2025-02-08T22:07:07.509+0000] {processor.py:153} INFO - Started process (PID=208) to work on /home/airflow/.local/lib/python3.7/site-packages/airflow/example_dags/example_latest_only.py
[2025-02-08T22:07:07.510+0000] {processor.py:743} INFO - Processing file /home/airflow/.local/lib/python3.7/site-packages/airflow/example_dags/example_latest_only.py for tasks to queue
[2025-02-08T22:07:07.511+0000] {logging_mixin.py:137} INFO - [2025-02-08T22:07:07.511+0000] {dagbag.py:538} INFO - Filling up the DagBag from /home/airflow/.local/lib/python3.7/site-packages/airflow/example_dags/example_latest_only.py
[2025-02-08T22:07:07.523+0000] {processor.py:753} INFO - DAG(s) dict_keys(['latest_only']) retrieved from /home/airflow/.local/lib/python3.7/site-packages/airflow/example_dags/example_latest_only.py
[2025-02-08T22:07:07.547+0000] {logging_mixin.py:137} INFO - [2025-02-08T22:07:07.546+0000] {dag.py:2690} INFO - Sync 1 DAGs
[2025-02-08T22:07:07.579+0000] {logging_mixin.py:137} INFO - [2025-02-08T22:07:07.579+0000] {dag.py:3441} INFO - Setting next_dagrun for latest_only to 2025-02-08T18:07:07.579300+00:00, run_after=2025-02-08T22:07:07.579300+00:00
[2025-02-08T22:07:07.600+0000] {processor.py:175} INFO - Processing /home/airflow/.local/lib/python3.7/site-packages/airflow/example_dags/example_latest_only.py took 0.094 seconds
[2025-02-08T22:07:38.188+0000] {processor.py:153} INFO - Started process (PID=295) to work on /home/airflow/.local/lib/python3.7/site-packages/airflow/example_dags/example_latest_only.py
[2025-02-08T22:07:38.189+0000] {processor.py:743} INFO - Processing file /home/airflow/.local/lib/python3.7/site-packages/airflow/example_dags/example_latest_only.py for tasks to queue
[2025-02-08T22:07:38.190+0000] {logging_mixin.py:137} INFO - [2025-02-08T22:07:38.190+0000] {dagbag.py:538} INFO - Filling up the DagBag from /home/airflow/.local/lib/python3.7/site-packages/airflow/example_dags/example_latest_only.py
[2025-02-08T22:07:38.206+0000] {processor.py:753} INFO - DAG(s) dict_keys(['latest_only']) retrieved from /home/airflow/.local/lib/python3.7/site-packages/airflow/example_dags/example_latest_only.py
[2025-02-08T22:07:38.237+0000] {logging_mixin.py:137} INFO - [2025-02-08T22:07:38.237+0000] {dag.py:2690} INFO - Sync 1 DAGs
[2025-02-08T22:07:38.275+0000] {logging_mixin.py:137} INFO - [2025-02-08T22:07:38.274+0000] {dag.py:3441} INFO - Setting next_dagrun for latest_only to 2025-02-08T18:07:38.274549+00:00, run_after=2025-02-08T22:07:38.274549+00:00
[2025-02-08T22:07:38.303+0000] {processor.py:175} INFO - Processing /home/airflow/.local/lib/python3.7/site-packages/airflow/example_dags/example_latest_only.py took 0.119 seconds
[2025-02-08T22:08:08.716+0000] {processor.py:153} INFO - Started process (PID=366) to work on /home/airflow/.local/lib/python3.7/site-packages/airflow/example_dags/example_latest_only.py
[2025-02-08T22:08:08.717+0000] {processor.py:743} INFO - Processing file /home/airflow/.local/lib/python3.7/site-packages/airflow/example_dags/example_latest_only.py for tasks to queue
[2025-02-08T22:08:08.718+0000] {logging_mixin.py:137} INFO - [2025-02-08T22:08:08.718+0000] {dagbag.py:538} INFO - Filling up the DagBag from /home/airflow/.local/lib/python3.7/site-packages/airflow/example_dags/example_latest_only.py
[2025-02-08T22:08:08.731+0000] {processor.py:753} INFO - DAG(s) dict_keys(['latest_only']) retrieved from /home/airflow/.local/lib/python3.7/site-packages/airflow/example_dags/example_latest_only.py
[2025-02-08T22:08:08.754+0000] {logging_mixin.py:137} INFO - [2025-02-08T22:08:08.753+0000] {dag.py:2690} INFO - Sync 1 DAGs
[2025-02-08T22:08:08.779+0000] {logging_mixin.py:137} INFO - [2025-02-08T22:08:08.779+0000] {dag.py:3441} INFO - Setting next_dagrun for latest_only to 2025-02-08T18:08:08.778863+00:00, run_after=2025-02-08T22:08:08.778863+00:00
[2025-02-08T22:08:08.803+0000] {processor.py:175} INFO - Processing /home/airflow/.local/lib/python3.7/site-packages/airflow/example_dags/example_latest_only.py took 0.090 seconds
[2025-02-08T22:08:40.155+0000] {processor.py:153} INFO - Started process (PID=437) to work on /home/airflow/.local/lib/python3.7/site-packages/airflow/example_dags/example_latest_only.py
[2025-02-08T22:08:40.157+0000] {processor.py:743} INFO - Processing file /home/airflow/.local/lib/python3.7/site-packages/airflow/example_dags/example_latest_only.py for tasks to queue
[2025-02-08T22:08:40.158+0000] {logging_mixin.py:137} INFO - [2025-02-08T22:08:40.158+0000] {dagbag.py:538} INFO - Filling up the DagBag from /home/airflow/.local/lib/python3.7/site-packages/airflow/example_dags/example_latest_only.py
[2025-02-08T22:08:40.181+0000] {processor.py:753} INFO - DAG(s) dict_keys(['latest_only']) retrieved from /home/airflow/.local/lib/python3.7/site-packages/airflow/example_dags/example_latest_only.py
[2025-02-08T22:08:40.220+0000] {logging_mixin.py:137} INFO - [2025-02-08T22:08:40.220+0000] {dag.py:2690} INFO - Sync 1 DAGs
[2025-02-08T22:08:40.276+0000] {logging_mixin.py:137} INFO - [2025-02-08T22:08:40.276+0000] {dag.py:3441} INFO - Setting next_dagrun for latest_only to 2025-02-08T18:08:40.275586+00:00, run_after=2025-02-08T22:08:40.275586+00:00
[2025-02-08T22:08:40.322+0000] {processor.py:175} INFO - Processing /home/airflow/.local/lib/python3.7/site-packages/airflow/example_dags/example_latest_only.py took 0.170 seconds
[2025-02-08T22:09:10.699+0000] {processor.py:153} INFO - Started process (PID=524) to work on /home/airflow/.local/lib/python3.7/site-packages/airflow/example_dags/example_latest_only.py
[2025-02-08T22:09:10.700+0000] {processor.py:743} INFO - Processing file /home/airflow/.local/lib/python3.7/site-packages/airflow/example_dags/example_latest_only.py for tasks to queue
[2025-02-08T22:09:10.702+0000] {logging_mixin.py:137} INFO - [2025-02-08T22:09:10.701+0000] {dagbag.py:538} INFO - Filling up the DagBag from /home/airflow/.local/lib/python3.7/site-packages/airflow/example_dags/example_latest_only.py
[2025-02-08T22:09:10.720+0000] {processor.py:753} INFO - DAG(s) dict_keys(['latest_only']) retrieved from /home/airflow/.local/lib/python3.7/site-packages/airflow/example_dags/example_latest_only.py
[2025-02-08T22:09:10.745+0000] {logging_mixin.py:137} INFO - [2025-02-08T22:09:10.745+0000] {dag.py:2690} INFO - Sync 1 DAGs
[2025-02-08T22:09:10.781+0000] {logging_mixin.py:137} INFO - [2025-02-08T22:09:10.781+0000] {dag.py:3441} INFO - Setting next_dagrun for latest_only to 2025-02-08T18:09:10.780706+00:00, run_after=2025-02-08T22:09:10.780706+00:00
[2025-02-08T22:09:10.811+0000] {processor.py:175} INFO - Processing /home/airflow/.local/lib/python3.7/site-packages/airflow/example_dags/example_latest_only.py took 0.116 seconds
[2025-02-08T22:09:42.010+0000] {processor.py:153} INFO - Started process (PID=595) to work on /home/airflow/.local/lib/python3.7/site-packages/airflow/example_dags/example_latest_only.py
[2025-02-08T22:09:42.013+0000] {processor.py:743} INFO - Processing file /home/airflow/.local/lib/python3.7/site-packages/airflow/example_dags/example_latest_only.py for tasks to queue
[2025-02-08T22:09:42.014+0000] {logging_mixin.py:137} INFO - [2025-02-08T22:09:42.014+0000] {dagbag.py:538} INFO - Filling up the DagBag from /home/airflow/.local/lib/python3.7/site-packages/airflow/example_dags/example_latest_only.py
[2025-02-08T22:09:42.057+0000] {processor.py:753} INFO - DAG(s) dict_keys(['latest_only']) retrieved from /home/airflow/.local/lib/python3.7/site-packages/airflow/example_dags/example_latest_only.py
[2025-02-08T22:09:42.131+0000] {logging_mixin.py:137} INFO - [2025-02-08T22:09:42.131+0000] {dag.py:2690} INFO - Sync 1 DAGs
[2025-02-08T22:09:42.226+0000] {logging_mixin.py:137} INFO - [2025-02-08T22:09:42.226+0000] {dag.py:3441} INFO - Setting next_dagrun for latest_only to 2025-02-08T18:09:42.225483+00:00, run_after=2025-02-08T22:09:42.225483+00:00
[2025-02-08T22:09:42.305+0000] {processor.py:175} INFO - Processing /home/airflow/.local/lib/python3.7/site-packages/airflow/example_dags/example_latest_only.py took 0.301 seconds
[2025-02-08T22:10:13.554+0000] {processor.py:153} INFO - Started process (PID=682) to work on /home/airflow/.local/lib/python3.7/site-packages/airflow/example_dags/example_latest_only.py
[2025-02-08T22:10:13.555+0000] {processor.py:743} INFO - Processing file /home/airflow/.local/lib/python3.7/site-packages/airflow/example_dags/example_latest_only.py for tasks to queue
[2025-02-08T22:10:13.557+0000] {logging_mixin.py:137} INFO - [2025-02-08T22:10:13.556+0000] {dagbag.py:538} INFO - Filling up the DagBag from /home/airflow/.local/lib/python3.7/site-packages/airflow/example_dags/example_latest_only.py
[2025-02-08T22:10:13.578+0000] {processor.py:753} INFO - DAG(s) dict_keys(['latest_only']) retrieved from /home/airflow/.local/lib/python3.7/site-packages/airflow/example_dags/example_latest_only.py
[2025-02-08T22:10:13.628+0000] {logging_mixin.py:137} INFO - [2025-02-08T22:10:13.627+0000] {dag.py:2690} INFO - Sync 1 DAGs
[2025-02-08T22:10:13.690+0000] {logging_mixin.py:137} INFO - [2025-02-08T22:10:13.690+0000] {dag.py:3441} INFO - Setting next_dagrun for latest_only to 2025-02-08T18:10:13.689584+00:00, run_after=2025-02-08T22:10:13.689584+00:00
[2025-02-08T22:10:13.726+0000] {processor.py:175} INFO - Processing /home/airflow/.local/lib/python3.7/site-packages/airflow/example_dags/example_latest_only.py took 0.178 seconds
[2025-02-08T22:10:43.760+0000] {processor.py:153} INFO - Started process (PID=753) to work on /home/airflow/.local/lib/python3.7/site-packages/airflow/example_dags/example_latest_only.py
[2025-02-08T22:10:43.761+0000] {processor.py:743} INFO - Processing file /home/airflow/.local/lib/python3.7/site-packages/airflow/example_dags/example_latest_only.py for tasks to queue
[2025-02-08T22:10:43.763+0000] {logging_mixin.py:137} INFO - [2025-02-08T22:10:43.763+0000] {dagbag.py:538} INFO - Filling up the DagBag from /home/airflow/.local/lib/python3.7/site-packages/airflow/example_dags/example_latest_only.py
[2025-02-08T22:10:43.776+0000] {processor.py:753} INFO - DAG(s) dict_keys(['latest_only']) retrieved from /home/airflow/.local/lib/python3.7/site-packages/airflow/example_dags/example_latest_only.py
[2025-02-08T22:10:43.802+0000] {logging_mixin.py:137} INFO - [2025-02-08T22:10:43.802+0000] {dag.py:2690} INFO - Sync 1 DAGs
[2025-02-08T22:10:43.825+0000] {logging_mixin.py:137} INFO - [2025-02-08T22:10:43.824+0000] {dag.py:3441} INFO - Setting next_dagrun for latest_only to 2025-02-08T18:10:43.824489+00:00, run_after=2025-02-08T22:10:43.824489+00:00
[2025-02-08T22:10:43.848+0000] {processor.py:175} INFO - Processing /home/airflow/.local/lib/python3.7/site-packages/airflow/example_dags/example_latest_only.py took 0.092 seconds
[2025-02-08T22:11:20.387+0000] {processor.py:153} INFO - Started process (PID=840) to work on /home/airflow/.local/lib/python3.7/site-packages/airflow/example_dags/example_latest_only.py
[2025-02-08T22:11:20.389+0000] {processor.py:743} INFO - Processing file /home/airflow/.local/lib/python3.7/site-packages/airflow/example_dags/example_latest_only.py for tasks to queue
[2025-02-08T22:11:20.391+0000] {logging_mixin.py:137} INFO - [2025-02-08T22:11:20.391+0000] {dagbag.py:538} INFO - Filling up the DagBag from /home/airflow/.local/lib/python3.7/site-packages/airflow/example_dags/example_latest_only.py
[2025-02-08T22:11:20.443+0000] {processor.py:753} INFO - DAG(s) dict_keys(['latest_only']) retrieved from /home/airflow/.local/lib/python3.7/site-packages/airflow/example_dags/example_latest_only.py
[2025-02-08T22:11:20.488+0000] {logging_mixin.py:137} INFO - [2025-02-08T22:11:20.487+0000] {dag.py:2690} INFO - Sync 1 DAGs
[2025-02-08T22:11:20.538+0000] {logging_mixin.py:137} INFO - [2025-02-08T22:11:20.538+0000] {dag.py:3441} INFO - Setting next_dagrun for latest_only to 2025-02-08T18:11:20.538260+00:00, run_after=2025-02-08T22:11:20.538260+00:00
[2025-02-08T22:11:20.577+0000] {processor.py:175} INFO - Processing /home/airflow/.local/lib/python3.7/site-packages/airflow/example_dags/example_latest_only.py took 0.196 seconds
[2025-02-08T22:11:51.027+0000] {processor.py:153} INFO - Started process (PID=920) to work on /home/airflow/.local/lib/python3.7/site-packages/airflow/example_dags/example_latest_only.py
[2025-02-08T22:11:51.028+0000] {processor.py:743} INFO - Processing file /home/airflow/.local/lib/python3.7/site-packages/airflow/example_dags/example_latest_only.py for tasks to queue
[2025-02-08T22:11:51.029+0000] {logging_mixin.py:137} INFO - [2025-02-08T22:11:51.029+0000] {dagbag.py:538} INFO - Filling up the DagBag from /home/airflow/.local/lib/python3.7/site-packages/airflow/example_dags/example_latest_only.py
[2025-02-08T22:11:51.042+0000] {processor.py:753} INFO - DAG(s) dict_keys(['latest_only']) retrieved from /home/airflow/.local/lib/python3.7/site-packages/airflow/example_dags/example_latest_only.py
[2025-02-08T22:11:51.068+0000] {logging_mixin.py:137} INFO - [2025-02-08T22:11:51.068+0000] {dag.py:2690} INFO - Sync 1 DAGs
[2025-02-08T22:11:51.092+0000] {logging_mixin.py:137} INFO - [2025-02-08T22:11:51.092+0000] {dag.py:3441} INFO - Setting next_dagrun for latest_only to 2025-02-08T18:11:51.092252+00:00, run_after=2025-02-08T22:11:51.092252+00:00
[2025-02-08T22:11:51.115+0000] {processor.py:175} INFO - Processing /home/airflow/.local/lib/python3.7/site-packages/airflow/example_dags/example_latest_only.py took 0.091 seconds
[2025-02-08T22:12:21.331+0000] {processor.py:153} INFO - Started process (PID=999) to work on /home/airflow/.local/lib/python3.7/site-packages/airflow/example_dags/example_latest_only.py
[2025-02-08T22:12:21.332+0000] {processor.py:743} INFO - Processing file /home/airflow/.local/lib/python3.7/site-packages/airflow/example_dags/example_latest_only.py for tasks to queue
[2025-02-08T22:12:21.333+0000] {logging_mixin.py:137} INFO - [2025-02-08T22:12:21.333+0000] {dagbag.py:538} INFO - Filling up the DagBag from /home/airflow/.local/lib/python3.7/site-packages/airflow/example_dags/example_latest_only.py
[2025-02-08T22:12:21.347+0000] {processor.py:753} INFO - DAG(s) dict_keys(['latest_only']) retrieved from /home/airflow/.local/lib/python3.7/site-packages/airflow/example_dags/example_latest_only.py
[2025-02-08T22:12:21.374+0000] {logging_mixin.py:137} INFO - [2025-02-08T22:12:21.374+0000] {dag.py:2690} INFO - Sync 1 DAGs
[2025-02-08T22:12:21.401+0000] {logging_mixin.py:137} INFO - [2025-02-08T22:12:21.401+0000] {dag.py:3441} INFO - Setting next_dagrun for latest_only to 2025-02-08T18:12:21.400777+00:00, run_after=2025-02-08T22:12:21.400777+00:00
[2025-02-08T22:12:21.425+0000] {processor.py:175} INFO - Processing /home/airflow/.local/lib/python3.7/site-packages/airflow/example_dags/example_latest_only.py took 0.097 seconds
[2025-02-08T22:12:51.954+0000] {processor.py:153} INFO - Started process (PID=1070) to work on /home/airflow/.local/lib/python3.7/site-packages/airflow/example_dags/example_latest_only.py
[2025-02-08T22:12:51.955+0000] {processor.py:743} INFO - Processing file /home/airflow/.local/lib/python3.7/site-packages/airflow/example_dags/example_latest_only.py for tasks to queue
[2025-02-08T22:12:51.956+0000] {logging_mixin.py:137} INFO - [2025-02-08T22:12:51.956+0000] {dagbag.py:538} INFO - Filling up the DagBag from /home/airflow/.local/lib/python3.7/site-packages/airflow/example_dags/example_latest_only.py
[2025-02-08T22:12:51.971+0000] {processor.py:753} INFO - DAG(s) dict_keys(['latest_only']) retrieved from /home/airflow/.local/lib/python3.7/site-packages/airflow/example_dags/example_latest_only.py
[2025-02-08T22:12:51.997+0000] {logging_mixin.py:137} INFO - [2025-02-08T22:12:51.997+0000] {dag.py:2690} INFO - Sync 1 DAGs
[2025-02-08T22:12:52.023+0000] {logging_mixin.py:137} INFO - [2025-02-08T22:12:52.023+0000] {dag.py:3441} INFO - Setting next_dagrun for latest_only to 2025-02-08T18:12:52.022787+00:00, run_after=2025-02-08T22:12:52.022787+00:00
[2025-02-08T22:12:52.047+0000] {processor.py:175} INFO - Processing /home/airflow/.local/lib/python3.7/site-packages/airflow/example_dags/example_latest_only.py took 0.097 seconds
[2025-02-08T22:13:22.181+0000] {processor.py:153} INFO - Started process (PID=1157) to work on /home/airflow/.local/lib/python3.7/site-packages/airflow/example_dags/example_latest_only.py
[2025-02-08T22:13:22.182+0000] {processor.py:743} INFO - Processing file /home/airflow/.local/lib/python3.7/site-packages/airflow/example_dags/example_latest_only.py for tasks to queue
[2025-02-08T22:13:22.182+0000] {logging_mixin.py:137} INFO - [2025-02-08T22:13:22.182+0000] {dagbag.py:538} INFO - Filling up the DagBag from /home/airflow/.local/lib/python3.7/site-packages/airflow/example_dags/example_latest_only.py
[2025-02-08T22:13:22.194+0000] {processor.py:753} INFO - DAG(s) dict_keys(['latest_only']) retrieved from /home/airflow/.local/lib/python3.7/site-packages/airflow/example_dags/example_latest_only.py
[2025-02-08T22:13:22.219+0000] {logging_mixin.py:137} INFO - [2025-02-08T22:13:22.219+0000] {dag.py:2690} INFO - Sync 1 DAGs
[2025-02-08T22:13:22.244+0000] {logging_mixin.py:137} INFO - [2025-02-08T22:13:22.244+0000] {dag.py:3441} INFO - Setting next_dagrun for latest_only to 2025-02-08T18:13:22.243876+00:00, run_after=2025-02-08T22:13:22.243876+00:00
[2025-02-08T22:13:22.266+0000] {processor.py:175} INFO - Processing /home/airflow/.local/lib/python3.7/site-packages/airflow/example_dags/example_latest_only.py took 0.088 seconds
[2025-02-08T22:13:53.023+0000] {processor.py:153} INFO - Started process (PID=1228) to work on /home/airflow/.local/lib/python3.7/site-packages/airflow/example_dags/example_latest_only.py
[2025-02-08T22:13:53.025+0000] {processor.py:743} INFO - Processing file /home/airflow/.local/lib/python3.7/site-packages/airflow/example_dags/example_latest_only.py for tasks to queue
[2025-02-08T22:13:53.026+0000] {logging_mixin.py:137} INFO - [2025-02-08T22:13:53.025+0000] {dagbag.py:538} INFO - Filling up the DagBag from /home/airflow/.local/lib/python3.7/site-packages/airflow/example_dags/example_latest_only.py
[2025-02-08T22:13:53.041+0000] {processor.py:753} INFO - DAG(s) dict_keys(['latest_only']) retrieved from /home/airflow/.local/lib/python3.7/site-packages/airflow/example_dags/example_latest_only.py
[2025-02-08T22:13:53.072+0000] {logging_mixin.py:137} INFO - [2025-02-08T22:13:53.072+0000] {dag.py:2690} INFO - Sync 1 DAGs
[2025-02-08T22:13:53.104+0000] {logging_mixin.py:137} INFO - [2025-02-08T22:13:53.104+0000] {dag.py:3441} INFO - Setting next_dagrun for latest_only to 2025-02-08T18:13:53.104079+00:00, run_after=2025-02-08T22:13:53.104079+00:00
[2025-02-08T22:13:53.133+0000] {processor.py:175} INFO - Processing /home/airflow/.local/lib/python3.7/site-packages/airflow/example_dags/example_latest_only.py took 0.113 seconds
[2025-02-08T22:14:24.195+0000] {processor.py:153} INFO - Started process (PID=1315) to work on /home/airflow/.local/lib/python3.7/site-packages/airflow/example_dags/example_latest_only.py
[2025-02-08T22:14:24.198+0000] {processor.py:743} INFO - Processing file /home/airflow/.local/lib/python3.7/site-packages/airflow/example_dags/example_latest_only.py for tasks to queue
[2025-02-08T22:14:24.200+0000] {logging_mixin.py:137} INFO - [2025-02-08T22:14:24.200+0000] {dagbag.py:538} INFO - Filling up the DagBag from /home/airflow/.local/lib/python3.7/site-packages/airflow/example_dags/example_latest_only.py
[2025-02-08T22:14:24.241+0000] {processor.py:753} INFO - DAG(s) dict_keys(['latest_only']) retrieved from /home/airflow/.local/lib/python3.7/site-packages/airflow/example_dags/example_latest_only.py
[2025-02-08T22:14:24.310+0000] {logging_mixin.py:137} INFO - [2025-02-08T22:14:24.310+0000] {dag.py:2690} INFO - Sync 1 DAGs
[2025-02-08T22:14:24.457+0000] {logging_mixin.py:137} INFO - [2025-02-08T22:14:24.457+0000] {dag.py:3441} INFO - Setting next_dagrun for latest_only to 2025-02-08T18:14:24.456595+00:00, run_after=2025-02-08T22:14:24.456595+00:00
[2025-02-08T22:14:24.595+0000] {processor.py:175} INFO - Processing /home/airflow/.local/lib/python3.7/site-packages/airflow/example_dags/example_latest_only.py took 0.405 seconds
[2025-02-08T22:14:55.160+0000] {processor.py:153} INFO - Started process (PID=1386) to work on /home/airflow/.local/lib/python3.7/site-packages/airflow/example_dags/example_latest_only.py
[2025-02-08T22:14:55.162+0000] {processor.py:743} INFO - Processing file /home/airflow/.local/lib/python3.7/site-packages/airflow/example_dags/example_latest_only.py for tasks to queue
[2025-02-08T22:14:55.163+0000] {logging_mixin.py:137} INFO - [2025-02-08T22:14:55.163+0000] {dagbag.py:538} INFO - Filling up the DagBag from /home/airflow/.local/lib/python3.7/site-packages/airflow/example_dags/example_latest_only.py
[2025-02-08T22:14:55.180+0000] {processor.py:753} INFO - DAG(s) dict_keys(['latest_only']) retrieved from /home/airflow/.local/lib/python3.7/site-packages/airflow/example_dags/example_latest_only.py
[2025-02-08T22:14:55.213+0000] {logging_mixin.py:137} INFO - [2025-02-08T22:14:55.212+0000] {dag.py:2690} INFO - Sync 1 DAGs
[2025-02-08T22:14:55.248+0000] {logging_mixin.py:137} INFO - [2025-02-08T22:14:55.247+0000] {dag.py:3441} INFO - Setting next_dagrun for latest_only to 2025-02-08T18:14:55.247601+00:00, run_after=2025-02-08T22:14:55.247601+00:00
[2025-02-08T22:14:55.277+0000] {processor.py:175} INFO - Processing /home/airflow/.local/lib/python3.7/site-packages/airflow/example_dags/example_latest_only.py took 0.121 seconds
[2025-02-08T22:15:25.365+0000] {processor.py:153} INFO - Started process (PID=1457) to work on /home/airflow/.local/lib/python3.7/site-packages/airflow/example_dags/example_latest_only.py
[2025-02-08T22:15:25.366+0000] {processor.py:743} INFO - Processing file /home/airflow/.local/lib/python3.7/site-packages/airflow/example_dags/example_latest_only.py for tasks to queue
[2025-02-08T22:15:25.367+0000] {logging_mixin.py:137} INFO - [2025-02-08T22:15:25.367+0000] {dagbag.py:538} INFO - Filling up the DagBag from /home/airflow/.local/lib/python3.7/site-packages/airflow/example_dags/example_latest_only.py
[2025-02-08T22:15:25.380+0000] {processor.py:753} INFO - DAG(s) dict_keys(['latest_only']) retrieved from /home/airflow/.local/lib/python3.7/site-packages/airflow/example_dags/example_latest_only.py
[2025-02-08T22:15:25.407+0000] {logging_mixin.py:137} INFO - [2025-02-08T22:15:25.406+0000] {dag.py:2690} INFO - Sync 1 DAGs
[2025-02-08T22:15:25.431+0000] {logging_mixin.py:137} INFO - [2025-02-08T22:15:25.431+0000] {dag.py:3441} INFO - Setting next_dagrun for latest_only to 2025-02-08T18:15:25.430870+00:00, run_after=2025-02-08T22:15:25.430870+00:00
[2025-02-08T22:15:25.450+0000] {processor.py:175} INFO - Processing /home/airflow/.local/lib/python3.7/site-packages/airflow/example_dags/example_latest_only.py took 0.088 seconds
[2025-02-08T22:15:55.831+0000] {processor.py:153} INFO - Started process (PID=1544) to work on /home/airflow/.local/lib/python3.7/site-packages/airflow/example_dags/example_latest_only.py
[2025-02-08T22:15:55.833+0000] {processor.py:743} INFO - Processing file /home/airflow/.local/lib/python3.7/site-packages/airflow/example_dags/example_latest_only.py for tasks to queue
[2025-02-08T22:15:55.836+0000] {logging_mixin.py:137} INFO - [2025-02-08T22:15:55.835+0000] {dagbag.py:538} INFO - Filling up the DagBag from /home/airflow/.local/lib/python3.7/site-packages/airflow/example_dags/example_latest_only.py
[2025-02-08T22:15:55.882+0000] {processor.py:753} INFO - DAG(s) dict_keys(['latest_only']) retrieved from /home/airflow/.local/lib/python3.7/site-packages/airflow/example_dags/example_latest_only.py
[2025-02-08T22:15:55.946+0000] {logging_mixin.py:137} INFO - [2025-02-08T22:15:55.946+0000] {dag.py:2690} INFO - Sync 1 DAGs
[2025-02-08T22:15:56.003+0000] {logging_mixin.py:137} INFO - [2025-02-08T22:15:56.002+0000] {dag.py:3441} INFO - Setting next_dagrun for latest_only to 2025-02-08T18:15:56.001140+00:00, run_after=2025-02-08T22:15:56.001140+00:00
[2025-02-08T22:15:56.036+0000] {processor.py:175} INFO - Processing /home/airflow/.local/lib/python3.7/site-packages/airflow/example_dags/example_latest_only.py took 0.214 seconds
[2025-02-08T22:16:26.096+0000] {processor.py:153} INFO - Started process (PID=1615) to work on /home/airflow/.local/lib/python3.7/site-packages/airflow/example_dags/example_latest_only.py
[2025-02-08T22:16:26.098+0000] {processor.py:743} INFO - Processing file /home/airflow/.local/lib/python3.7/site-packages/airflow/example_dags/example_latest_only.py for tasks to queue
[2025-02-08T22:16:26.099+0000] {logging_mixin.py:137} INFO - [2025-02-08T22:16:26.098+0000] {dagbag.py:538} INFO - Filling up the DagBag from /home/airflow/.local/lib/python3.7/site-packages/airflow/example_dags/example_latest_only.py
[2025-02-08T22:16:26.110+0000] {processor.py:753} INFO - DAG(s) dict_keys(['latest_only']) retrieved from /home/airflow/.local/lib/python3.7/site-packages/airflow/example_dags/example_latest_only.py
[2025-02-08T22:16:26.134+0000] {logging_mixin.py:137} INFO - [2025-02-08T22:16:26.134+0000] {dag.py:2690} INFO - Sync 1 DAGs
[2025-02-08T22:16:26.157+0000] {logging_mixin.py:137} INFO - [2025-02-08T22:16:26.157+0000] {dag.py:3441} INFO - Setting next_dagrun for latest_only to 2025-02-08T18:16:26.157636+00:00, run_after=2025-02-08T22:16:26.157636+00:00
[2025-02-08T22:16:26.178+0000] {processor.py:175} INFO - Processing /home/airflow/.local/lib/python3.7/site-packages/airflow/example_dags/example_latest_only.py took 0.084 seconds
[2025-02-08T22:16:56.711+0000] {processor.py:153} INFO - Started process (PID=1702) to work on /home/airflow/.local/lib/python3.7/site-packages/airflow/example_dags/example_latest_only.py
[2025-02-08T22:16:56.712+0000] {processor.py:743} INFO - Processing file /home/airflow/.local/lib/python3.7/site-packages/airflow/example_dags/example_latest_only.py for tasks to queue
[2025-02-08T22:16:56.713+0000] {logging_mixin.py:137} INFO - [2025-02-08T22:16:56.713+0000] {dagbag.py:538} INFO - Filling up the DagBag from /home/airflow/.local/lib/python3.7/site-packages/airflow/example_dags/example_latest_only.py
[2025-02-08T22:16:56.730+0000] {processor.py:753} INFO - DAG(s) dict_keys(['latest_only']) retrieved from /home/airflow/.local/lib/python3.7/site-packages/airflow/example_dags/example_latest_only.py
[2025-02-08T22:16:56.759+0000] {logging_mixin.py:137} INFO - [2025-02-08T22:16:56.759+0000] {dag.py:2690} INFO - Sync 1 DAGs
[2025-02-08T22:16:56.789+0000] {logging_mixin.py:137} INFO - [2025-02-08T22:16:56.789+0000] {dag.py:3441} INFO - Setting next_dagrun for latest_only to 2025-02-08T18:16:56.789095+00:00, run_after=2025-02-08T22:16:56.789095+00:00
[2025-02-08T22:16:56.811+0000] {processor.py:175} INFO - Processing /home/airflow/.local/lib/python3.7/site-packages/airflow/example_dags/example_latest_only.py took 0.103 seconds
[2025-02-08T22:17:27.313+0000] {processor.py:153} INFO - Started process (PID=1773) to work on /home/airflow/.local/lib/python3.7/site-packages/airflow/example_dags/example_latest_only.py
[2025-02-08T22:17:27.314+0000] {processor.py:743} INFO - Processing file /home/airflow/.local/lib/python3.7/site-packages/airflow/example_dags/example_latest_only.py for tasks to queue
[2025-02-08T22:17:27.315+0000] {logging_mixin.py:137} INFO - [2025-02-08T22:17:27.315+0000] {dagbag.py:538} INFO - Filling up the DagBag from /home/airflow/.local/lib/python3.7/site-packages/airflow/example_dags/example_latest_only.py
[2025-02-08T22:17:27.327+0000] {processor.py:753} INFO - DAG(s) dict_keys(['latest_only']) retrieved from /home/airflow/.local/lib/python3.7/site-packages/airflow/example_dags/example_latest_only.py
[2025-02-08T22:17:27.351+0000] {logging_mixin.py:137} INFO - [2025-02-08T22:17:27.351+0000] {dag.py:2690} INFO - Sync 1 DAGs
[2025-02-08T22:17:27.377+0000] {logging_mixin.py:137} INFO - [2025-02-08T22:17:27.377+0000] {dag.py:3441} INFO - Setting next_dagrun for latest_only to 2025-02-08T18:17:27.377081+00:00, run_after=2025-02-08T22:17:27.377081+00:00
[2025-02-08T22:17:27.402+0000] {processor.py:175} INFO - Processing /home/airflow/.local/lib/python3.7/site-packages/airflow/example_dags/example_latest_only.py took 0.093 seconds
[2025-02-08T22:17:57.621+0000] {processor.py:153} INFO - Started process (PID=1844) to work on /home/airflow/.local/lib/python3.7/site-packages/airflow/example_dags/example_latest_only.py
[2025-02-08T22:17:57.623+0000] {processor.py:743} INFO - Processing file /home/airflow/.local/lib/python3.7/site-packages/airflow/example_dags/example_latest_only.py for tasks to queue
[2025-02-08T22:17:57.624+0000] {logging_mixin.py:137} INFO - [2025-02-08T22:17:57.624+0000] {dagbag.py:538} INFO - Filling up the DagBag from /home/airflow/.local/lib/python3.7/site-packages/airflow/example_dags/example_latest_only.py
[2025-02-08T22:17:57.636+0000] {processor.py:753} INFO - DAG(s) dict_keys(['latest_only']) retrieved from /home/airflow/.local/lib/python3.7/site-packages/airflow/example_dags/example_latest_only.py
[2025-02-08T22:17:57.659+0000] {logging_mixin.py:137} INFO - [2025-02-08T22:17:57.659+0000] {dag.py:2690} INFO - Sync 1 DAGs
[2025-02-08T22:17:57.685+0000] {logging_mixin.py:137} INFO - [2025-02-08T22:17:57.684+0000] {dag.py:3441} INFO - Setting next_dagrun for latest_only to 2025-02-08T18:17:57.684675+00:00, run_after=2025-02-08T22:17:57.684675+00:00
[2025-02-08T22:17:57.708+0000] {processor.py:175} INFO - Processing /home/airflow/.local/lib/python3.7/site-packages/airflow/example_dags/example_latest_only.py took 0.091 seconds
[2025-02-08T22:18:28.264+0000] {processor.py:153} INFO - Started process (PID=1931) to work on /home/airflow/.local/lib/python3.7/site-packages/airflow/example_dags/example_latest_only.py
[2025-02-08T22:18:28.265+0000] {processor.py:743} INFO - Processing file /home/airflow/.local/lib/python3.7/site-packages/airflow/example_dags/example_latest_only.py for tasks to queue
[2025-02-08T22:18:28.267+0000] {logging_mixin.py:137} INFO - [2025-02-08T22:18:28.266+0000] {dagbag.py:538} INFO - Filling up the DagBag from /home/airflow/.local/lib/python3.7/site-packages/airflow/example_dags/example_latest_only.py
[2025-02-08T22:18:28.289+0000] {processor.py:753} INFO - DAG(s) dict_keys(['latest_only']) retrieved from /home/airflow/.local/lib/python3.7/site-packages/airflow/example_dags/example_latest_only.py
[2025-02-08T22:18:28.330+0000] {logging_mixin.py:137} INFO - [2025-02-08T22:18:28.330+0000] {dag.py:2690} INFO - Sync 1 DAGs
[2025-02-08T22:18:28.384+0000] {logging_mixin.py:137} INFO - [2025-02-08T22:18:28.384+0000] {dag.py:3441} INFO - Setting next_dagrun for latest_only to 2025-02-08T18:18:28.384235+00:00, run_after=2025-02-08T22:18:28.384235+00:00
[2025-02-08T22:18:28.416+0000] {processor.py:175} INFO - Processing /home/airflow/.local/lib/python3.7/site-packages/airflow/example_dags/example_latest_only.py took 0.157 seconds
[2025-02-08T22:18:59.072+0000] {processor.py:153} INFO - Started process (PID=2018) to work on /home/airflow/.local/lib/python3.7/site-packages/airflow/example_dags/example_latest_only.py
[2025-02-08T22:18:59.073+0000] {processor.py:743} INFO - Processing file /home/airflow/.local/lib/python3.7/site-packages/airflow/example_dags/example_latest_only.py for tasks to queue
[2025-02-08T22:18:59.074+0000] {logging_mixin.py:137} INFO - [2025-02-08T22:18:59.074+0000] {dagbag.py:538} INFO - Filling up the DagBag from /home/airflow/.local/lib/python3.7/site-packages/airflow/example_dags/example_latest_only.py
[2025-02-08T22:18:59.086+0000] {processor.py:753} INFO - DAG(s) dict_keys(['latest_only']) retrieved from /home/airflow/.local/lib/python3.7/site-packages/airflow/example_dags/example_latest_only.py
[2025-02-08T22:18:59.110+0000] {logging_mixin.py:137} INFO - [2025-02-08T22:18:59.110+0000] {dag.py:2690} INFO - Sync 1 DAGs
[2025-02-08T22:18:59.136+0000] {logging_mixin.py:137} INFO - [2025-02-08T22:18:59.136+0000] {dag.py:3441} INFO - Setting next_dagrun for latest_only to 2025-02-08T18:18:59.136277+00:00, run_after=2025-02-08T22:18:59.136277+00:00
[2025-02-08T22:18:59.156+0000] {processor.py:175} INFO - Processing /home/airflow/.local/lib/python3.7/site-packages/airflow/example_dags/example_latest_only.py took 0.087 seconds
[2025-02-08T22:19:30.036+0000] {processor.py:153} INFO - Started process (PID=2089) to work on /home/airflow/.local/lib/python3.7/site-packages/airflow/example_dags/example_latest_only.py
[2025-02-08T22:19:30.039+0000] {processor.py:743} INFO - Processing file /home/airflow/.local/lib/python3.7/site-packages/airflow/example_dags/example_latest_only.py for tasks to queue
[2025-02-08T22:19:30.042+0000] {logging_mixin.py:137} INFO - [2025-02-08T22:19:30.041+0000] {dagbag.py:538} INFO - Filling up the DagBag from /home/airflow/.local/lib/python3.7/site-packages/airflow/example_dags/example_latest_only.py
[2025-02-08T22:19:30.084+0000] {processor.py:753} INFO - DAG(s) dict_keys(['latest_only']) retrieved from /home/airflow/.local/lib/python3.7/site-packages/airflow/example_dags/example_latest_only.py
[2025-02-08T22:19:30.183+0000] {logging_mixin.py:137} INFO - [2025-02-08T22:19:30.183+0000] {dag.py:2690} INFO - Sync 1 DAGs
[2025-02-08T22:19:30.297+0000] {logging_mixin.py:137} INFO - [2025-02-08T22:19:30.296+0000] {dag.py:3441} INFO - Setting next_dagrun for latest_only to 2025-02-08T18:19:30.296382+00:00, run_after=2025-02-08T22:19:30.296382+00:00
[2025-02-08T22:19:30.440+0000] {processor.py:175} INFO - Processing /home/airflow/.local/lib/python3.7/site-packages/airflow/example_dags/example_latest_only.py took 0.412 seconds
[2025-02-08T22:20:01.112+0000] {processor.py:153} INFO - Started process (PID=2165) to work on /home/airflow/.local/lib/python3.7/site-packages/airflow/example_dags/example_latest_only.py
[2025-02-08T22:20:01.114+0000] {processor.py:743} INFO - Processing file /home/airflow/.local/lib/python3.7/site-packages/airflow/example_dags/example_latest_only.py for tasks to queue
[2025-02-08T22:20:01.115+0000] {logging_mixin.py:137} INFO - [2025-02-08T22:20:01.115+0000] {dagbag.py:538} INFO - Filling up the DagBag from /home/airflow/.local/lib/python3.7/site-packages/airflow/example_dags/example_latest_only.py
[2025-02-08T22:20:01.141+0000] {processor.py:753} INFO - DAG(s) dict_keys(['latest_only']) retrieved from /home/airflow/.local/lib/python3.7/site-packages/airflow/example_dags/example_latest_only.py
[2025-02-08T22:20:01.173+0000] {logging_mixin.py:137} INFO - [2025-02-08T22:20:01.173+0000] {dag.py:2690} INFO - Sync 1 DAGs
[2025-02-08T22:20:01.204+0000] {logging_mixin.py:137} INFO - [2025-02-08T22:20:01.204+0000] {dag.py:3441} INFO - Setting next_dagrun for latest_only to 2025-02-08T18:20:01.204337+00:00, run_after=2025-02-08T22:20:01.204337+00:00
[2025-02-08T22:20:01.252+0000] {processor.py:175} INFO - Processing /home/airflow/.local/lib/python3.7/site-packages/airflow/example_dags/example_latest_only.py took 0.148 seconds
[2025-02-08T22:20:31.991+0000] {processor.py:153} INFO - Started process (PID=2246) to work on /home/airflow/.local/lib/python3.7/site-packages/airflow/example_dags/example_latest_only.py
[2025-02-08T22:20:31.993+0000] {processor.py:743} INFO - Processing file /home/airflow/.local/lib/python3.7/site-packages/airflow/example_dags/example_latest_only.py for tasks to queue
[2025-02-08T22:20:31.994+0000] {logging_mixin.py:137} INFO - [2025-02-08T22:20:31.994+0000] {dagbag.py:538} INFO - Filling up the DagBag from /home/airflow/.local/lib/python3.7/site-packages/airflow/example_dags/example_latest_only.py
[2025-02-08T22:20:32.008+0000] {processor.py:753} INFO - DAG(s) dict_keys(['latest_only']) retrieved from /home/airflow/.local/lib/python3.7/site-packages/airflow/example_dags/example_latest_only.py
[2025-02-08T22:20:32.035+0000] {logging_mixin.py:137} INFO - [2025-02-08T22:20:32.034+0000] {dag.py:2690} INFO - Sync 1 DAGs
[2025-02-08T22:20:32.066+0000] {logging_mixin.py:137} INFO - [2025-02-08T22:20:32.065+0000] {dag.py:3441} INFO - Setting next_dagrun for latest_only to 2025-02-08T18:20:32.065546+00:00, run_after=2025-02-08T22:20:32.065546+00:00
[2025-02-08T22:20:32.094+0000] {processor.py:175} INFO - Processing /home/airflow/.local/lib/python3.7/site-packages/airflow/example_dags/example_latest_only.py took 0.106 seconds
[2025-02-08T22:21:02.348+0000] {processor.py:153} INFO - Started process (PID=2316) to work on /home/airflow/.local/lib/python3.7/site-packages/airflow/example_dags/example_latest_only.py
[2025-02-08T22:21:02.349+0000] {processor.py:743} INFO - Processing file /home/airflow/.local/lib/python3.7/site-packages/airflow/example_dags/example_latest_only.py for tasks to queue
[2025-02-08T22:21:02.350+0000] {logging_mixin.py:137} INFO - [2025-02-08T22:21:02.350+0000] {dagbag.py:538} INFO - Filling up the DagBag from /home/airflow/.local/lib/python3.7/site-packages/airflow/example_dags/example_latest_only.py
[2025-02-08T22:21:02.362+0000] {processor.py:753} INFO - DAG(s) dict_keys(['latest_only']) retrieved from /home/airflow/.local/lib/python3.7/site-packages/airflow/example_dags/example_latest_only.py
[2025-02-08T22:21:02.386+0000] {logging_mixin.py:137} INFO - [2025-02-08T22:21:02.386+0000] {dag.py:2690} INFO - Sync 1 DAGs
[2025-02-08T22:21:02.411+0000] {logging_mixin.py:137} INFO - [2025-02-08T22:21:02.411+0000] {dag.py:3441} INFO - Setting next_dagrun for latest_only to 2025-02-08T18:21:02.411282+00:00, run_after=2025-02-08T22:21:02.411282+00:00
[2025-02-08T22:21:02.436+0000] {processor.py:175} INFO - Processing /home/airflow/.local/lib/python3.7/site-packages/airflow/example_dags/example_latest_only.py took 0.090 seconds
[2025-02-08T22:21:32.837+0000] {processor.py:153} INFO - Started process (PID=2403) to work on /home/airflow/.local/lib/python3.7/site-packages/airflow/example_dags/example_latest_only.py
[2025-02-08T22:21:32.839+0000] {processor.py:743} INFO - Processing file /home/airflow/.local/lib/python3.7/site-packages/airflow/example_dags/example_latest_only.py for tasks to queue
[2025-02-08T22:21:32.840+0000] {logging_mixin.py:137} INFO - [2025-02-08T22:21:32.839+0000] {dagbag.py:538} INFO - Filling up the DagBag from /home/airflow/.local/lib/python3.7/site-packages/airflow/example_dags/example_latest_only.py
[2025-02-08T22:21:32.860+0000] {processor.py:753} INFO - DAG(s) dict_keys(['latest_only']) retrieved from /home/airflow/.local/lib/python3.7/site-packages/airflow/example_dags/example_latest_only.py
[2025-02-08T22:21:32.899+0000] {logging_mixin.py:137} INFO - [2025-02-08T22:21:32.898+0000] {dag.py:2690} INFO - Sync 1 DAGs
[2025-02-08T22:21:32.947+0000] {logging_mixin.py:137} INFO - [2025-02-08T22:21:32.946+0000] {dag.py:3441} INFO - Setting next_dagrun for latest_only to 2025-02-08T18:21:32.946420+00:00, run_after=2025-02-08T22:21:32.946420+00:00
[2025-02-08T22:21:32.980+0000] {processor.py:175} INFO - Processing /home/airflow/.local/lib/python3.7/site-packages/airflow/example_dags/example_latest_only.py took 0.146 seconds
[2025-02-08T22:22:03.246+0000] {processor.py:153} INFO - Started process (PID=2474) to work on /home/airflow/.local/lib/python3.7/site-packages/airflow/example_dags/example_latest_only.py
[2025-02-08T22:22:03.247+0000] {processor.py:743} INFO - Processing file /home/airflow/.local/lib/python3.7/site-packages/airflow/example_dags/example_latest_only.py for tasks to queue
[2025-02-08T22:22:03.248+0000] {logging_mixin.py:137} INFO - [2025-02-08T22:22:03.248+0000] {dagbag.py:538} INFO - Filling up the DagBag from /home/airflow/.local/lib/python3.7/site-packages/airflow/example_dags/example_latest_only.py
[2025-02-08T22:22:03.260+0000] {processor.py:753} INFO - DAG(s) dict_keys(['latest_only']) retrieved from /home/airflow/.local/lib/python3.7/site-packages/airflow/example_dags/example_latest_only.py
[2025-02-08T22:22:03.284+0000] {logging_mixin.py:137} INFO - [2025-02-08T22:22:03.284+0000] {dag.py:2690} INFO - Sync 1 DAGs
[2025-02-08T22:22:03.310+0000] {logging_mixin.py:137} INFO - [2025-02-08T22:22:03.310+0000] {dag.py:3441} INFO - Setting next_dagrun for latest_only to 2025-02-08T18:22:03.310325+00:00, run_after=2025-02-08T22:22:03.310325+00:00
[2025-02-08T22:22:03.333+0000] {processor.py:175} INFO - Processing /home/airflow/.local/lib/python3.7/site-packages/airflow/example_dags/example_latest_only.py took 0.090 seconds
[2025-02-08T22:22:33.865+0000] {processor.py:153} INFO - Started process (PID=2552) to work on /home/airflow/.local/lib/python3.7/site-packages/airflow/example_dags/example_latest_only.py
[2025-02-08T22:22:33.867+0000] {processor.py:743} INFO - Processing file /home/airflow/.local/lib/python3.7/site-packages/airflow/example_dags/example_latest_only.py for tasks to queue
[2025-02-08T22:22:33.868+0000] {logging_mixin.py:137} INFO - [2025-02-08T22:22:33.867+0000] {dagbag.py:538} INFO - Filling up the DagBag from /home/airflow/.local/lib/python3.7/site-packages/airflow/example_dags/example_latest_only.py
[2025-02-08T22:22:33.880+0000] {processor.py:753} INFO - DAG(s) dict_keys(['latest_only']) retrieved from /home/airflow/.local/lib/python3.7/site-packages/airflow/example_dags/example_latest_only.py
[2025-02-08T22:22:33.903+0000] {logging_mixin.py:137} INFO - [2025-02-08T22:22:33.903+0000] {dag.py:2690} INFO - Sync 1 DAGs
[2025-02-08T22:22:33.930+0000] {logging_mixin.py:137} INFO - [2025-02-08T22:22:33.930+0000] {dag.py:3441} INFO - Setting next_dagrun for latest_only to 2025-02-08T18:22:33.930227+00:00, run_after=2025-02-08T22:22:33.930227+00:00
[2025-02-08T22:22:33.955+0000] {processor.py:175} INFO - Processing /home/airflow/.local/lib/python3.7/site-packages/airflow/example_dags/example_latest_only.py took 0.093 seconds
[2025-02-08T22:23:05.101+0000] {processor.py:153} INFO - Started process (PID=2632) to work on /home/airflow/.local/lib/python3.7/site-packages/airflow/example_dags/example_latest_only.py
[2025-02-08T22:23:05.104+0000] {processor.py:743} INFO - Processing file /home/airflow/.local/lib/python3.7/site-packages/airflow/example_dags/example_latest_only.py for tasks to queue
[2025-02-08T22:23:05.108+0000] {logging_mixin.py:137} INFO - [2025-02-08T22:23:05.107+0000] {dagbag.py:538} INFO - Filling up the DagBag from /home/airflow/.local/lib/python3.7/site-packages/airflow/example_dags/example_latest_only.py
[2025-02-08T22:23:05.144+0000] {processor.py:753} INFO - DAG(s) dict_keys(['latest_only']) retrieved from /home/airflow/.local/lib/python3.7/site-packages/airflow/example_dags/example_latest_only.py
[2025-02-08T22:23:05.195+0000] {logging_mixin.py:137} INFO - [2025-02-08T22:23:05.195+0000] {dag.py:2690} INFO - Sync 1 DAGs
[2025-02-08T22:23:05.259+0000] {logging_mixin.py:137} INFO - [2025-02-08T22:23:05.259+0000] {dag.py:3441} INFO - Setting next_dagrun for latest_only to 2025-02-08T18:23:05.258817+00:00, run_after=2025-02-08T22:23:05.258817+00:00
[2025-02-08T22:23:05.337+0000] {processor.py:175} INFO - Processing /home/airflow/.local/lib/python3.7/site-packages/airflow/example_dags/example_latest_only.py took 0.245 seconds
[2025-02-08T22:23:35.726+0000] {processor.py:153} INFO - Started process (PID=2712) to work on /home/airflow/.local/lib/python3.7/site-packages/airflow/example_dags/example_latest_only.py
[2025-02-08T22:23:35.728+0000] {processor.py:743} INFO - Processing file /home/airflow/.local/lib/python3.7/site-packages/airflow/example_dags/example_latest_only.py for tasks to queue
[2025-02-08T22:23:35.729+0000] {logging_mixin.py:137} INFO - [2025-02-08T22:23:35.729+0000] {dagbag.py:538} INFO - Filling up the DagBag from /home/airflow/.local/lib/python3.7/site-packages/airflow/example_dags/example_latest_only.py
[2025-02-08T22:23:35.774+0000] {processor.py:753} INFO - DAG(s) dict_keys(['latest_only']) retrieved from /home/airflow/.local/lib/python3.7/site-packages/airflow/example_dags/example_latest_only.py
[2025-02-08T22:23:35.851+0000] {logging_mixin.py:137} INFO - [2025-02-08T22:23:35.851+0000] {dag.py:2690} INFO - Sync 1 DAGs
[2025-02-08T22:23:35.918+0000] {logging_mixin.py:137} INFO - [2025-02-08T22:23:35.918+0000] {dag.py:3441} INFO - Setting next_dagrun for latest_only to 2025-02-08T18:23:35.917778+00:00, run_after=2025-02-08T22:23:35.917778+00:00
[2025-02-08T22:23:35.953+0000] {processor.py:175} INFO - Processing /home/airflow/.local/lib/python3.7/site-packages/airflow/example_dags/example_latest_only.py took 0.232 seconds
[2025-02-08T22:24:06.564+0000] {processor.py:153} INFO - Started process (PID=2790) to work on /home/airflow/.local/lib/python3.7/site-packages/airflow/example_dags/example_latest_only.py
[2025-02-08T22:24:06.566+0000] {processor.py:743} INFO - Processing file /home/airflow/.local/lib/python3.7/site-packages/airflow/example_dags/example_latest_only.py for tasks to queue
[2025-02-08T22:24:06.568+0000] {logging_mixin.py:137} INFO - [2025-02-08T22:24:06.567+0000] {dagbag.py:538} INFO - Filling up the DagBag from /home/airflow/.local/lib/python3.7/site-packages/airflow/example_dags/example_latest_only.py
[2025-02-08T22:24:06.586+0000] {processor.py:753} INFO - DAG(s) dict_keys(['latest_only']) retrieved from /home/airflow/.local/lib/python3.7/site-packages/airflow/example_dags/example_latest_only.py
[2025-02-08T22:24:06.623+0000] {logging_mixin.py:137} INFO - [2025-02-08T22:24:06.623+0000] {dag.py:2690} INFO - Sync 1 DAGs
[2025-02-08T22:24:06.667+0000] {logging_mixin.py:137} INFO - [2025-02-08T22:24:06.667+0000] {dag.py:3441} INFO - Setting next_dagrun for latest_only to 2025-02-08T18:24:06.666707+00:00, run_after=2025-02-08T22:24:06.666707+00:00
[2025-02-08T22:24:06.700+0000] {processor.py:175} INFO - Processing /home/airflow/.local/lib/python3.7/site-packages/airflow/example_dags/example_latest_only.py took 0.140 seconds
[2025-02-08T22:24:38.447+0000] {processor.py:153} INFO - Started process (PID=2861) to work on /home/airflow/.local/lib/python3.7/site-packages/airflow/example_dags/example_latest_only.py
[2025-02-08T22:24:38.450+0000] {processor.py:743} INFO - Processing file /home/airflow/.local/lib/python3.7/site-packages/airflow/example_dags/example_latest_only.py for tasks to queue
[2025-02-08T22:24:38.451+0000] {logging_mixin.py:137} INFO - [2025-02-08T22:24:38.451+0000] {dagbag.py:538} INFO - Filling up the DagBag from /home/airflow/.local/lib/python3.7/site-packages/airflow/example_dags/example_latest_only.py
[2025-02-08T22:24:38.471+0000] {processor.py:753} INFO - DAG(s) dict_keys(['latest_only']) retrieved from /home/airflow/.local/lib/python3.7/site-packages/airflow/example_dags/example_latest_only.py
[2025-02-08T22:24:38.521+0000] {logging_mixin.py:137} INFO - [2025-02-08T22:24:38.521+0000] {dag.py:2690} INFO - Sync 1 DAGs
[2025-02-08T22:24:38.578+0000] {logging_mixin.py:137} INFO - [2025-02-08T22:24:38.578+0000] {dag.py:3441} INFO - Setting next_dagrun for latest_only to 2025-02-08T18:24:38.577650+00:00, run_after=2025-02-08T22:24:38.577650+00:00
[2025-02-08T22:24:38.613+0000] {processor.py:175} INFO - Processing /home/airflow/.local/lib/python3.7/site-packages/airflow/example_dags/example_latest_only.py took 0.173 seconds
[2025-02-08T22:25:08.992+0000] {processor.py:153} INFO - Started process (PID=2932) to work on /home/airflow/.local/lib/python3.7/site-packages/airflow/example_dags/example_latest_only.py
[2025-02-08T22:25:08.994+0000] {processor.py:743} INFO - Processing file /home/airflow/.local/lib/python3.7/site-packages/airflow/example_dags/example_latest_only.py for tasks to queue
[2025-02-08T22:25:08.995+0000] {logging_mixin.py:137} INFO - [2025-02-08T22:25:08.995+0000] {dagbag.py:538} INFO - Filling up the DagBag from /home/airflow/.local/lib/python3.7/site-packages/airflow/example_dags/example_latest_only.py
[2025-02-08T22:25:09.020+0000] {processor.py:753} INFO - DAG(s) dict_keys(['latest_only']) retrieved from /home/airflow/.local/lib/python3.7/site-packages/airflow/example_dags/example_latest_only.py
[2025-02-08T22:25:09.067+0000] {logging_mixin.py:137} INFO - [2025-02-08T22:25:09.067+0000] {dag.py:2690} INFO - Sync 1 DAGs
[2025-02-08T22:25:09.113+0000] {logging_mixin.py:137} INFO - [2025-02-08T22:25:09.113+0000] {dag.py:3441} INFO - Setting next_dagrun for latest_only to 2025-02-08T18:25:09.112621+00:00, run_after=2025-02-08T22:25:09.112621+00:00
[2025-02-08T22:25:09.181+0000] {processor.py:175} INFO - Processing /home/airflow/.local/lib/python3.7/site-packages/airflow/example_dags/example_latest_only.py took 0.195 seconds
[2025-02-08T22:25:39.322+0000] {processor.py:153} INFO - Started process (PID=3019) to work on /home/airflow/.local/lib/python3.7/site-packages/airflow/example_dags/example_latest_only.py
[2025-02-08T22:25:39.324+0000] {processor.py:743} INFO - Processing file /home/airflow/.local/lib/python3.7/site-packages/airflow/example_dags/example_latest_only.py for tasks to queue
[2025-02-08T22:25:39.326+0000] {logging_mixin.py:137} INFO - [2025-02-08T22:25:39.325+0000] {dagbag.py:538} INFO - Filling up the DagBag from /home/airflow/.local/lib/python3.7/site-packages/airflow/example_dags/example_latest_only.py
[2025-02-08T22:25:39.351+0000] {processor.py:753} INFO - DAG(s) dict_keys(['latest_only']) retrieved from /home/airflow/.local/lib/python3.7/site-packages/airflow/example_dags/example_latest_only.py
[2025-02-08T22:25:39.393+0000] {logging_mixin.py:137} INFO - [2025-02-08T22:25:39.393+0000] {dag.py:2690} INFO - Sync 1 DAGs
[2025-02-08T22:25:39.443+0000] {logging_mixin.py:137} INFO - [2025-02-08T22:25:39.443+0000] {dag.py:3441} INFO - Setting next_dagrun for latest_only to 2025-02-08T18:25:39.443273+00:00, run_after=2025-02-08T22:25:39.443273+00:00
[2025-02-08T22:25:39.481+0000] {processor.py:175} INFO - Processing /home/airflow/.local/lib/python3.7/site-packages/airflow/example_dags/example_latest_only.py took 0.166 seconds
[2025-02-08T22:26:09.822+0000] {processor.py:153} INFO - Started process (PID=3091) to work on /home/airflow/.local/lib/python3.7/site-packages/airflow/example_dags/example_latest_only.py
[2025-02-08T22:26:09.823+0000] {processor.py:743} INFO - Processing file /home/airflow/.local/lib/python3.7/site-packages/airflow/example_dags/example_latest_only.py for tasks to queue
[2025-02-08T22:26:09.824+0000] {logging_mixin.py:137} INFO - [2025-02-08T22:26:09.824+0000] {dagbag.py:538} INFO - Filling up the DagBag from /home/airflow/.local/lib/python3.7/site-packages/airflow/example_dags/example_latest_only.py
[2025-02-08T22:26:09.842+0000] {processor.py:753} INFO - DAG(s) dict_keys(['latest_only']) retrieved from /home/airflow/.local/lib/python3.7/site-packages/airflow/example_dags/example_latest_only.py
[2025-02-08T22:26:09.875+0000] {logging_mixin.py:137} INFO - [2025-02-08T22:26:09.875+0000] {dag.py:2690} INFO - Sync 1 DAGs
[2025-02-08T22:26:09.907+0000] {logging_mixin.py:137} INFO - [2025-02-08T22:26:09.906+0000] {dag.py:3441} INFO - Setting next_dagrun for latest_only to 2025-02-08T18:26:09.906683+00:00, run_after=2025-02-08T22:26:09.906683+00:00
[2025-02-08T22:26:09.934+0000] {processor.py:175} INFO - Processing /home/airflow/.local/lib/python3.7/site-packages/airflow/example_dags/example_latest_only.py took 0.117 seconds
[2025-02-08T22:26:40.559+0000] {processor.py:153} INFO - Started process (PID=3163) to work on /home/airflow/.local/lib/python3.7/site-packages/airflow/example_dags/example_latest_only.py
[2025-02-08T22:26:40.560+0000] {processor.py:743} INFO - Processing file /home/airflow/.local/lib/python3.7/site-packages/airflow/example_dags/example_latest_only.py for tasks to queue
[2025-02-08T22:26:40.561+0000] {logging_mixin.py:137} INFO - [2025-02-08T22:26:40.561+0000] {dagbag.py:538} INFO - Filling up the DagBag from /home/airflow/.local/lib/python3.7/site-packages/airflow/example_dags/example_latest_only.py
[2025-02-08T22:26:40.574+0000] {processor.py:753} INFO - DAG(s) dict_keys(['latest_only']) retrieved from /home/airflow/.local/lib/python3.7/site-packages/airflow/example_dags/example_latest_only.py
[2025-02-08T22:26:40.598+0000] {logging_mixin.py:137} INFO - [2025-02-08T22:26:40.598+0000] {dag.py:2690} INFO - Sync 1 DAGs
[2025-02-08T22:26:40.627+0000] {logging_mixin.py:137} INFO - [2025-02-08T22:26:40.627+0000] {dag.py:3441} INFO - Setting next_dagrun for latest_only to 2025-02-08T18:26:40.627200+00:00, run_after=2025-02-08T22:26:40.627200+00:00
[2025-02-08T22:26:40.650+0000] {processor.py:175} INFO - Processing /home/airflow/.local/lib/python3.7/site-packages/airflow/example_dags/example_latest_only.py took 0.094 seconds
[2025-02-08T22:27:11.539+0000] {processor.py:153} INFO - Started process (PID=3251) to work on /home/airflow/.local/lib/python3.7/site-packages/airflow/example_dags/example_latest_only.py
[2025-02-08T22:27:11.540+0000] {processor.py:743} INFO - Processing file /home/airflow/.local/lib/python3.7/site-packages/airflow/example_dags/example_latest_only.py for tasks to queue
[2025-02-08T22:27:11.541+0000] {logging_mixin.py:137} INFO - [2025-02-08T22:27:11.541+0000] {dagbag.py:538} INFO - Filling up the DagBag from /home/airflow/.local/lib/python3.7/site-packages/airflow/example_dags/example_latest_only.py
[2025-02-08T22:27:11.559+0000] {processor.py:753} INFO - DAG(s) dict_keys(['latest_only']) retrieved from /home/airflow/.local/lib/python3.7/site-packages/airflow/example_dags/example_latest_only.py
[2025-02-08T22:27:11.590+0000] {logging_mixin.py:137} INFO - [2025-02-08T22:27:11.590+0000] {dag.py:2690} INFO - Sync 1 DAGs
[2025-02-08T22:27:11.622+0000] {logging_mixin.py:137} INFO - [2025-02-08T22:27:11.622+0000] {dag.py:3441} INFO - Setting next_dagrun for latest_only to 2025-02-08T18:27:11.622324+00:00, run_after=2025-02-08T22:27:11.622324+00:00
[2025-02-08T22:27:11.656+0000] {processor.py:175} INFO - Processing /home/airflow/.local/lib/python3.7/site-packages/airflow/example_dags/example_latest_only.py took 0.121 seconds
[2025-02-08T22:27:42.391+0000] {processor.py:153} INFO - Started process (PID=3323) to work on /home/airflow/.local/lib/python3.7/site-packages/airflow/example_dags/example_latest_only.py
[2025-02-08T22:27:42.392+0000] {processor.py:743} INFO - Processing file /home/airflow/.local/lib/python3.7/site-packages/airflow/example_dags/example_latest_only.py for tasks to queue
[2025-02-08T22:27:42.394+0000] {logging_mixin.py:137} INFO - [2025-02-08T22:27:42.394+0000] {dagbag.py:538} INFO - Filling up the DagBag from /home/airflow/.local/lib/python3.7/site-packages/airflow/example_dags/example_latest_only.py
[2025-02-08T22:27:42.417+0000] {processor.py:753} INFO - DAG(s) dict_keys(['latest_only']) retrieved from /home/airflow/.local/lib/python3.7/site-packages/airflow/example_dags/example_latest_only.py
[2025-02-08T22:27:42.443+0000] {logging_mixin.py:137} INFO - [2025-02-08T22:27:42.443+0000] {dag.py:2690} INFO - Sync 1 DAGs
[2025-02-08T22:27:42.479+0000] {logging_mixin.py:137} INFO - [2025-02-08T22:27:42.479+0000] {dag.py:3441} INFO - Setting next_dagrun for latest_only to 2025-02-08T18:27:42.479446+00:00, run_after=2025-02-08T22:27:42.479446+00:00
[2025-02-08T22:27:42.509+0000] {processor.py:175} INFO - Processing /home/airflow/.local/lib/python3.7/site-packages/airflow/example_dags/example_latest_only.py took 0.121 seconds
