[2025-02-08T22:06:13.664+0000] {processor.py:153} INFO - Started process (PID=98) to work on /home/airflow/.local/lib/python3.7/site-packages/airflow/example_dags/example_trigger_target_dag.py
[2025-02-08T22:06:13.677+0000] {processor.py:743} INFO - Processing file /home/airflow/.local/lib/python3.7/site-packages/airflow/example_dags/example_trigger_target_dag.py for tasks to queue
[2025-02-08T22:06:13.684+0000] {logging_mixin.py:137} INFO - [2025-02-08T22:06:13.683+0000] {dagbag.py:538} INFO - Filling up the DagBag from /home/airflow/.local/lib/python3.7/site-packages/airflow/example_dags/example_trigger_target_dag.py
[2025-02-08T22:06:14.003+0000] {processor.py:753} INFO - DAG(s) dict_keys(['example_trigger_target_dag']) retrieved from /home/airflow/.local/lib/python3.7/site-packages/airflow/example_dags/example_trigger_target_dag.py
[2025-02-08T22:06:14.194+0000] {logging_mixin.py:137} INFO - [2025-02-08T22:06:14.193+0000] {dag.py:2690} INFO - Sync 1 DAGs
[2025-02-08T22:06:14.280+0000] {logging_mixin.py:137} INFO - [2025-02-08T22:06:14.280+0000] {dag.py:3441} INFO - Setting next_dagrun for example_trigger_target_dag to None, run_after=None
[2025-02-08T22:06:14.508+0000] {processor.py:175} INFO - Processing /home/airflow/.local/lib/python3.7/site-packages/airflow/example_dags/example_trigger_target_dag.py took 0.923 seconds
[2025-02-08T22:06:45.519+0000] {processor.py:153} INFO - Started process (PID=160) to work on /home/airflow/.local/lib/python3.7/site-packages/airflow/example_dags/example_trigger_target_dag.py
[2025-02-08T22:06:45.520+0000] {processor.py:743} INFO - Processing file /home/airflow/.local/lib/python3.7/site-packages/airflow/example_dags/example_trigger_target_dag.py for tasks to queue
[2025-02-08T22:06:45.521+0000] {logging_mixin.py:137} INFO - [2025-02-08T22:06:45.521+0000] {dagbag.py:538} INFO - Filling up the DagBag from /home/airflow/.local/lib/python3.7/site-packages/airflow/example_dags/example_trigger_target_dag.py
[2025-02-08T22:06:45.543+0000] {processor.py:753} INFO - DAG(s) dict_keys(['example_trigger_target_dag']) retrieved from /home/airflow/.local/lib/python3.7/site-packages/airflow/example_dags/example_trigger_target_dag.py
[2025-02-08T22:06:45.569+0000] {logging_mixin.py:137} INFO - [2025-02-08T22:06:45.569+0000] {dag.py:2690} INFO - Sync 1 DAGs
[2025-02-08T22:06:45.593+0000] {logging_mixin.py:137} INFO - [2025-02-08T22:06:45.593+0000] {dag.py:3441} INFO - Setting next_dagrun for example_trigger_target_dag to None, run_after=None
[2025-02-08T22:06:45.615+0000] {processor.py:175} INFO - Processing /home/airflow/.local/lib/python3.7/site-packages/airflow/example_dags/example_trigger_target_dag.py took 0.100 seconds
[2025-02-08T22:07:16.023+0000] {processor.py:153} INFO - Started process (PID=247) to work on /home/airflow/.local/lib/python3.7/site-packages/airflow/example_dags/example_trigger_target_dag.py
[2025-02-08T22:07:16.024+0000] {processor.py:743} INFO - Processing file /home/airflow/.local/lib/python3.7/site-packages/airflow/example_dags/example_trigger_target_dag.py for tasks to queue
[2025-02-08T22:07:16.025+0000] {logging_mixin.py:137} INFO - [2025-02-08T22:07:16.025+0000] {dagbag.py:538} INFO - Filling up the DagBag from /home/airflow/.local/lib/python3.7/site-packages/airflow/example_dags/example_trigger_target_dag.py
[2025-02-08T22:07:16.048+0000] {processor.py:753} INFO - DAG(s) dict_keys(['example_trigger_target_dag']) retrieved from /home/airflow/.local/lib/python3.7/site-packages/airflow/example_dags/example_trigger_target_dag.py
[2025-02-08T22:07:16.078+0000] {logging_mixin.py:137} INFO - [2025-02-08T22:07:16.078+0000] {dag.py:2690} INFO - Sync 1 DAGs
[2025-02-08T22:07:16.108+0000] {logging_mixin.py:137} INFO - [2025-02-08T22:07:16.108+0000] {dag.py:3441} INFO - Setting next_dagrun for example_trigger_target_dag to None, run_after=None
[2025-02-08T22:07:16.135+0000] {processor.py:175} INFO - Processing /home/airflow/.local/lib/python3.7/site-packages/airflow/example_dags/example_trigger_target_dag.py took 0.115 seconds
[2025-02-08T22:07:46.729+0000] {processor.py:153} INFO - Started process (PID=318) to work on /home/airflow/.local/lib/python3.7/site-packages/airflow/example_dags/example_trigger_target_dag.py
[2025-02-08T22:07:46.730+0000] {processor.py:743} INFO - Processing file /home/airflow/.local/lib/python3.7/site-packages/airflow/example_dags/example_trigger_target_dag.py for tasks to queue
[2025-02-08T22:07:46.731+0000] {logging_mixin.py:137} INFO - [2025-02-08T22:07:46.731+0000] {dagbag.py:538} INFO - Filling up the DagBag from /home/airflow/.local/lib/python3.7/site-packages/airflow/example_dags/example_trigger_target_dag.py
[2025-02-08T22:07:46.751+0000] {processor.py:753} INFO - DAG(s) dict_keys(['example_trigger_target_dag']) retrieved from /home/airflow/.local/lib/python3.7/site-packages/airflow/example_dags/example_trigger_target_dag.py
[2025-02-08T22:07:46.777+0000] {logging_mixin.py:137} INFO - [2025-02-08T22:07:46.777+0000] {dag.py:2690} INFO - Sync 1 DAGs
[2025-02-08T22:07:46.801+0000] {logging_mixin.py:137} INFO - [2025-02-08T22:07:46.801+0000] {dag.py:3441} INFO - Setting next_dagrun for example_trigger_target_dag to None, run_after=None
[2025-02-08T22:07:46.823+0000] {processor.py:175} INFO - Processing /home/airflow/.local/lib/python3.7/site-packages/airflow/example_dags/example_trigger_target_dag.py took 0.098 seconds
[2025-02-08T22:08:17.309+0000] {processor.py:153} INFO - Started process (PID=405) to work on /home/airflow/.local/lib/python3.7/site-packages/airflow/example_dags/example_trigger_target_dag.py
[2025-02-08T22:08:17.310+0000] {processor.py:743} INFO - Processing file /home/airflow/.local/lib/python3.7/site-packages/airflow/example_dags/example_trigger_target_dag.py for tasks to queue
[2025-02-08T22:08:17.311+0000] {logging_mixin.py:137} INFO - [2025-02-08T22:08:17.311+0000] {dagbag.py:538} INFO - Filling up the DagBag from /home/airflow/.local/lib/python3.7/site-packages/airflow/example_dags/example_trigger_target_dag.py
[2025-02-08T22:08:17.333+0000] {processor.py:753} INFO - DAG(s) dict_keys(['example_trigger_target_dag']) retrieved from /home/airflow/.local/lib/python3.7/site-packages/airflow/example_dags/example_trigger_target_dag.py
[2025-02-08T22:08:17.362+0000] {logging_mixin.py:137} INFO - [2025-02-08T22:08:17.362+0000] {dag.py:2690} INFO - Sync 1 DAGs
[2025-02-08T22:08:17.390+0000] {logging_mixin.py:137} INFO - [2025-02-08T22:08:17.390+0000] {dag.py:3441} INFO - Setting next_dagrun for example_trigger_target_dag to None, run_after=None
[2025-02-08T22:08:17.415+0000] {processor.py:175} INFO - Processing /home/airflow/.local/lib/python3.7/site-packages/airflow/example_dags/example_trigger_target_dag.py took 0.111 seconds
[2025-02-08T22:08:47.514+0000] {processor.py:153} INFO - Started process (PID=476) to work on /home/airflow/.local/lib/python3.7/site-packages/airflow/example_dags/example_trigger_target_dag.py
[2025-02-08T22:08:47.515+0000] {processor.py:743} INFO - Processing file /home/airflow/.local/lib/python3.7/site-packages/airflow/example_dags/example_trigger_target_dag.py for tasks to queue
[2025-02-08T22:08:47.516+0000] {logging_mixin.py:137} INFO - [2025-02-08T22:08:47.516+0000] {dagbag.py:538} INFO - Filling up the DagBag from /home/airflow/.local/lib/python3.7/site-packages/airflow/example_dags/example_trigger_target_dag.py
[2025-02-08T22:08:47.542+0000] {processor.py:753} INFO - DAG(s) dict_keys(['example_trigger_target_dag']) retrieved from /home/airflow/.local/lib/python3.7/site-packages/airflow/example_dags/example_trigger_target_dag.py
[2025-02-08T22:08:47.575+0000] {logging_mixin.py:137} INFO - [2025-02-08T22:08:47.575+0000] {dag.py:2690} INFO - Sync 1 DAGs
[2025-02-08T22:08:47.608+0000] {logging_mixin.py:137} INFO - [2025-02-08T22:08:47.607+0000] {dag.py:3441} INFO - Setting next_dagrun for example_trigger_target_dag to None, run_after=None
[2025-02-08T22:08:47.634+0000] {processor.py:175} INFO - Processing /home/airflow/.local/lib/python3.7/site-packages/airflow/example_dags/example_trigger_target_dag.py took 0.124 seconds
[2025-02-08T22:09:17.792+0000] {processor.py:153} INFO - Started process (PID=547) to work on /home/airflow/.local/lib/python3.7/site-packages/airflow/example_dags/example_trigger_target_dag.py
[2025-02-08T22:09:17.793+0000] {processor.py:743} INFO - Processing file /home/airflow/.local/lib/python3.7/site-packages/airflow/example_dags/example_trigger_target_dag.py for tasks to queue
[2025-02-08T22:09:17.793+0000] {logging_mixin.py:137} INFO - [2025-02-08T22:09:17.793+0000] {dagbag.py:538} INFO - Filling up the DagBag from /home/airflow/.local/lib/python3.7/site-packages/airflow/example_dags/example_trigger_target_dag.py
[2025-02-08T22:09:17.813+0000] {processor.py:753} INFO - DAG(s) dict_keys(['example_trigger_target_dag']) retrieved from /home/airflow/.local/lib/python3.7/site-packages/airflow/example_dags/example_trigger_target_dag.py
[2025-02-08T22:09:17.840+0000] {logging_mixin.py:137} INFO - [2025-02-08T22:09:17.840+0000] {dag.py:2690} INFO - Sync 1 DAGs
[2025-02-08T22:09:17.865+0000] {logging_mixin.py:137} INFO - [2025-02-08T22:09:17.865+0000] {dag.py:3441} INFO - Setting next_dagrun for example_trigger_target_dag to None, run_after=None
[2025-02-08T22:09:17.889+0000] {processor.py:175} INFO - Processing /home/airflow/.local/lib/python3.7/site-packages/airflow/example_dags/example_trigger_target_dag.py took 0.100 seconds
[2025-02-08T22:09:48.483+0000] {processor.py:153} INFO - Started process (PID=634) to work on /home/airflow/.local/lib/python3.7/site-packages/airflow/example_dags/example_trigger_target_dag.py
[2025-02-08T22:09:48.484+0000] {processor.py:743} INFO - Processing file /home/airflow/.local/lib/python3.7/site-packages/airflow/example_dags/example_trigger_target_dag.py for tasks to queue
[2025-02-08T22:09:48.485+0000] {logging_mixin.py:137} INFO - [2025-02-08T22:09:48.485+0000] {dagbag.py:538} INFO - Filling up the DagBag from /home/airflow/.local/lib/python3.7/site-packages/airflow/example_dags/example_trigger_target_dag.py
[2025-02-08T22:09:48.508+0000] {processor.py:753} INFO - DAG(s) dict_keys(['example_trigger_target_dag']) retrieved from /home/airflow/.local/lib/python3.7/site-packages/airflow/example_dags/example_trigger_target_dag.py
[2025-02-08T22:09:48.537+0000] {logging_mixin.py:137} INFO - [2025-02-08T22:09:48.537+0000] {dag.py:2690} INFO - Sync 1 DAGs
[2025-02-08T22:09:48.576+0000] {logging_mixin.py:137} INFO - [2025-02-08T22:09:48.575+0000] {dag.py:3441} INFO - Setting next_dagrun for example_trigger_target_dag to None, run_after=None
[2025-02-08T22:09:48.606+0000] {processor.py:175} INFO - Processing /home/airflow/.local/lib/python3.7/site-packages/airflow/example_dags/example_trigger_target_dag.py took 0.126 seconds
[2025-02-08T22:10:19.289+0000] {processor.py:153} INFO - Started process (PID=705) to work on /home/airflow/.local/lib/python3.7/site-packages/airflow/example_dags/example_trigger_target_dag.py
[2025-02-08T22:10:19.290+0000] {processor.py:743} INFO - Processing file /home/airflow/.local/lib/python3.7/site-packages/airflow/example_dags/example_trigger_target_dag.py for tasks to queue
[2025-02-08T22:10:19.291+0000] {logging_mixin.py:137} INFO - [2025-02-08T22:10:19.291+0000] {dagbag.py:538} INFO - Filling up the DagBag from /home/airflow/.local/lib/python3.7/site-packages/airflow/example_dags/example_trigger_target_dag.py
[2025-02-08T22:10:19.322+0000] {processor.py:753} INFO - DAG(s) dict_keys(['example_trigger_target_dag']) retrieved from /home/airflow/.local/lib/python3.7/site-packages/airflow/example_dags/example_trigger_target_dag.py
[2025-02-08T22:10:19.355+0000] {logging_mixin.py:137} INFO - [2025-02-08T22:10:19.354+0000] {dag.py:2690} INFO - Sync 1 DAGs
[2025-02-08T22:10:19.394+0000] {logging_mixin.py:137} INFO - [2025-02-08T22:10:19.394+0000] {dag.py:3441} INFO - Setting next_dagrun for example_trigger_target_dag to None, run_after=None
[2025-02-08T22:10:19.419+0000] {processor.py:175} INFO - Processing /home/airflow/.local/lib/python3.7/site-packages/airflow/example_dags/example_trigger_target_dag.py took 0.134 seconds
[2025-02-08T22:10:49.446+0000] {processor.py:153} INFO - Started process (PID=792) to work on /home/airflow/.local/lib/python3.7/site-packages/airflow/example_dags/example_trigger_target_dag.py
[2025-02-08T22:10:49.447+0000] {processor.py:743} INFO - Processing file /home/airflow/.local/lib/python3.7/site-packages/airflow/example_dags/example_trigger_target_dag.py for tasks to queue
[2025-02-08T22:10:49.447+0000] {logging_mixin.py:137} INFO - [2025-02-08T22:10:49.447+0000] {dagbag.py:538} INFO - Filling up the DagBag from /home/airflow/.local/lib/python3.7/site-packages/airflow/example_dags/example_trigger_target_dag.py
[2025-02-08T22:10:49.468+0000] {processor.py:753} INFO - DAG(s) dict_keys(['example_trigger_target_dag']) retrieved from /home/airflow/.local/lib/python3.7/site-packages/airflow/example_dags/example_trigger_target_dag.py
[2025-02-08T22:10:49.493+0000] {logging_mixin.py:137} INFO - [2025-02-08T22:10:49.493+0000] {dag.py:2690} INFO - Sync 1 DAGs
[2025-02-08T22:10:49.520+0000] {logging_mixin.py:137} INFO - [2025-02-08T22:10:49.520+0000] {dag.py:3441} INFO - Setting next_dagrun for example_trigger_target_dag to None, run_after=None
[2025-02-08T22:10:49.546+0000] {processor.py:175} INFO - Processing /home/airflow/.local/lib/python3.7/site-packages/airflow/example_dags/example_trigger_target_dag.py took 0.103 seconds
[2025-02-08T22:11:23.678+0000] {processor.py:153} INFO - Started process (PID=863) to work on /home/airflow/.local/lib/python3.7/site-packages/airflow/example_dags/example_trigger_target_dag.py
[2025-02-08T22:11:23.680+0000] {processor.py:743} INFO - Processing file /home/airflow/.local/lib/python3.7/site-packages/airflow/example_dags/example_trigger_target_dag.py for tasks to queue
[2025-02-08T22:11:23.682+0000] {logging_mixin.py:137} INFO - [2025-02-08T22:11:23.682+0000] {dagbag.py:538} INFO - Filling up the DagBag from /home/airflow/.local/lib/python3.7/site-packages/airflow/example_dags/example_trigger_target_dag.py
[2025-02-08T22:11:23.806+0000] {processor.py:753} INFO - DAG(s) dict_keys(['example_trigger_target_dag']) retrieved from /home/airflow/.local/lib/python3.7/site-packages/airflow/example_dags/example_trigger_target_dag.py
[2025-02-08T22:11:23.869+0000] {logging_mixin.py:137} INFO - [2025-02-08T22:11:23.868+0000] {dag.py:2690} INFO - Sync 1 DAGs
[2025-02-08T22:11:23.911+0000] {logging_mixin.py:137} INFO - [2025-02-08T22:11:23.911+0000] {dag.py:3441} INFO - Setting next_dagrun for example_trigger_target_dag to None, run_after=None
[2025-02-08T22:11:23.955+0000] {processor.py:175} INFO - Processing /home/airflow/.local/lib/python3.7/site-packages/airflow/example_dags/example_trigger_target_dag.py took 0.282 seconds
[2025-02-08T22:11:54.038+0000] {processor.py:153} INFO - Started process (PID=950) to work on /home/airflow/.local/lib/python3.7/site-packages/airflow/example_dags/example_trigger_target_dag.py
[2025-02-08T22:11:54.039+0000] {processor.py:743} INFO - Processing file /home/airflow/.local/lib/python3.7/site-packages/airflow/example_dags/example_trigger_target_dag.py for tasks to queue
[2025-02-08T22:11:54.040+0000] {logging_mixin.py:137} INFO - [2025-02-08T22:11:54.040+0000] {dagbag.py:538} INFO - Filling up the DagBag from /home/airflow/.local/lib/python3.7/site-packages/airflow/example_dags/example_trigger_target_dag.py
[2025-02-08T22:11:54.065+0000] {processor.py:753} INFO - DAG(s) dict_keys(['example_trigger_target_dag']) retrieved from /home/airflow/.local/lib/python3.7/site-packages/airflow/example_dags/example_trigger_target_dag.py
[2025-02-08T22:11:54.094+0000] {logging_mixin.py:137} INFO - [2025-02-08T22:11:54.094+0000] {dag.py:2690} INFO - Sync 1 DAGs
[2025-02-08T22:11:54.125+0000] {logging_mixin.py:137} INFO - [2025-02-08T22:11:54.125+0000] {dag.py:3441} INFO - Setting next_dagrun for example_trigger_target_dag to None, run_after=None
[2025-02-08T22:11:54.153+0000] {processor.py:175} INFO - Processing /home/airflow/.local/lib/python3.7/site-packages/airflow/example_dags/example_trigger_target_dag.py took 0.118 seconds
[2025-02-08T22:12:24.684+0000] {processor.py:153} INFO - Started process (PID=1022) to work on /home/airflow/.local/lib/python3.7/site-packages/airflow/example_dags/example_trigger_target_dag.py
[2025-02-08T22:12:24.686+0000] {processor.py:743} INFO - Processing file /home/airflow/.local/lib/python3.7/site-packages/airflow/example_dags/example_trigger_target_dag.py for tasks to queue
[2025-02-08T22:12:24.688+0000] {logging_mixin.py:137} INFO - [2025-02-08T22:12:24.687+0000] {dagbag.py:538} INFO - Filling up the DagBag from /home/airflow/.local/lib/python3.7/site-packages/airflow/example_dags/example_trigger_target_dag.py
[2025-02-08T22:12:24.746+0000] {processor.py:753} INFO - DAG(s) dict_keys(['example_trigger_target_dag']) retrieved from /home/airflow/.local/lib/python3.7/site-packages/airflow/example_dags/example_trigger_target_dag.py
[2025-02-08T22:12:24.799+0000] {logging_mixin.py:137} INFO - [2025-02-08T22:12:24.799+0000] {dag.py:2690} INFO - Sync 1 DAGs
[2025-02-08T22:12:24.866+0000] {logging_mixin.py:137} INFO - [2025-02-08T22:12:24.866+0000] {dag.py:3441} INFO - Setting next_dagrun for example_trigger_target_dag to None, run_after=None
[2025-02-08T22:12:24.910+0000] {processor.py:175} INFO - Processing /home/airflow/.local/lib/python3.7/site-packages/airflow/example_dags/example_trigger_target_dag.py took 0.232 seconds
[2025-02-08T22:12:54.975+0000] {processor.py:153} INFO - Started process (PID=1109) to work on /home/airflow/.local/lib/python3.7/site-packages/airflow/example_dags/example_trigger_target_dag.py
[2025-02-08T22:12:54.977+0000] {processor.py:743} INFO - Processing file /home/airflow/.local/lib/python3.7/site-packages/airflow/example_dags/example_trigger_target_dag.py for tasks to queue
[2025-02-08T22:12:54.978+0000] {logging_mixin.py:137} INFO - [2025-02-08T22:12:54.978+0000] {dagbag.py:538} INFO - Filling up the DagBag from /home/airflow/.local/lib/python3.7/site-packages/airflow/example_dags/example_trigger_target_dag.py
[2025-02-08T22:12:55.003+0000] {processor.py:753} INFO - DAG(s) dict_keys(['example_trigger_target_dag']) retrieved from /home/airflow/.local/lib/python3.7/site-packages/airflow/example_dags/example_trigger_target_dag.py
[2025-02-08T22:12:55.034+0000] {logging_mixin.py:137} INFO - [2025-02-08T22:12:55.034+0000] {dag.py:2690} INFO - Sync 1 DAGs
[2025-02-08T22:12:55.062+0000] {logging_mixin.py:137} INFO - [2025-02-08T22:12:55.062+0000] {dag.py:3441} INFO - Setting next_dagrun for example_trigger_target_dag to None, run_after=None
[2025-02-08T22:12:55.086+0000] {processor.py:175} INFO - Processing /home/airflow/.local/lib/python3.7/site-packages/airflow/example_dags/example_trigger_target_dag.py took 0.115 seconds
[2025-02-08T22:13:25.778+0000] {processor.py:153} INFO - Started process (PID=1180) to work on /home/airflow/.local/lib/python3.7/site-packages/airflow/example_dags/example_trigger_target_dag.py
[2025-02-08T22:13:25.780+0000] {processor.py:743} INFO - Processing file /home/airflow/.local/lib/python3.7/site-packages/airflow/example_dags/example_trigger_target_dag.py for tasks to queue
[2025-02-08T22:13:25.781+0000] {logging_mixin.py:137} INFO - [2025-02-08T22:13:25.781+0000] {dagbag.py:538} INFO - Filling up the DagBag from /home/airflow/.local/lib/python3.7/site-packages/airflow/example_dags/example_trigger_target_dag.py
[2025-02-08T22:13:25.826+0000] {processor.py:753} INFO - DAG(s) dict_keys(['example_trigger_target_dag']) retrieved from /home/airflow/.local/lib/python3.7/site-packages/airflow/example_dags/example_trigger_target_dag.py
[2025-02-08T22:13:25.869+0000] {logging_mixin.py:137} INFO - [2025-02-08T22:13:25.869+0000] {dag.py:2690} INFO - Sync 1 DAGs
[2025-02-08T22:13:25.915+0000] {logging_mixin.py:137} INFO - [2025-02-08T22:13:25.915+0000] {dag.py:3441} INFO - Setting next_dagrun for example_trigger_target_dag to None, run_after=None
[2025-02-08T22:13:25.949+0000] {processor.py:175} INFO - Processing /home/airflow/.local/lib/python3.7/site-packages/airflow/example_dags/example_trigger_target_dag.py took 0.190 seconds
[2025-02-08T22:13:56.329+0000] {processor.py:153} INFO - Started process (PID=1267) to work on /home/airflow/.local/lib/python3.7/site-packages/airflow/example_dags/example_trigger_target_dag.py
[2025-02-08T22:13:56.330+0000] {processor.py:743} INFO - Processing file /home/airflow/.local/lib/python3.7/site-packages/airflow/example_dags/example_trigger_target_dag.py for tasks to queue
[2025-02-08T22:13:56.331+0000] {logging_mixin.py:137} INFO - [2025-02-08T22:13:56.331+0000] {dagbag.py:538} INFO - Filling up the DagBag from /home/airflow/.local/lib/python3.7/site-packages/airflow/example_dags/example_trigger_target_dag.py
[2025-02-08T22:13:56.355+0000] {processor.py:753} INFO - DAG(s) dict_keys(['example_trigger_target_dag']) retrieved from /home/airflow/.local/lib/python3.7/site-packages/airflow/example_dags/example_trigger_target_dag.py
[2025-02-08T22:13:56.384+0000] {logging_mixin.py:137} INFO - [2025-02-08T22:13:56.384+0000] {dag.py:2690} INFO - Sync 1 DAGs
[2025-02-08T22:13:56.413+0000] {logging_mixin.py:137} INFO - [2025-02-08T22:13:56.412+0000] {dag.py:3441} INFO - Setting next_dagrun for example_trigger_target_dag to None, run_after=None
[2025-02-08T22:13:56.439+0000] {processor.py:175} INFO - Processing /home/airflow/.local/lib/python3.7/site-packages/airflow/example_dags/example_trigger_target_dag.py took 0.114 seconds
[2025-02-08T22:14:29.731+0000] {processor.py:153} INFO - Started process (PID=1338) to work on /home/airflow/.local/lib/python3.7/site-packages/airflow/example_dags/example_trigger_target_dag.py
[2025-02-08T22:14:29.733+0000] {processor.py:743} INFO - Processing file /home/airflow/.local/lib/python3.7/site-packages/airflow/example_dags/example_trigger_target_dag.py for tasks to queue
[2025-02-08T22:14:29.734+0000] {logging_mixin.py:137} INFO - [2025-02-08T22:14:29.734+0000] {dagbag.py:538} INFO - Filling up the DagBag from /home/airflow/.local/lib/python3.7/site-packages/airflow/example_dags/example_trigger_target_dag.py
[2025-02-08T22:14:29.785+0000] {processor.py:753} INFO - DAG(s) dict_keys(['example_trigger_target_dag']) retrieved from /home/airflow/.local/lib/python3.7/site-packages/airflow/example_dags/example_trigger_target_dag.py
[2025-02-08T22:14:29.832+0000] {logging_mixin.py:137} INFO - [2025-02-08T22:14:29.831+0000] {dag.py:2690} INFO - Sync 1 DAGs
[2025-02-08T22:14:29.880+0000] {logging_mixin.py:137} INFO - [2025-02-08T22:14:29.880+0000] {dag.py:3441} INFO - Setting next_dagrun for example_trigger_target_dag to None, run_after=None
[2025-02-08T22:14:29.920+0000] {processor.py:175} INFO - Processing /home/airflow/.local/lib/python3.7/site-packages/airflow/example_dags/example_trigger_target_dag.py took 0.194 seconds
[2025-02-08T22:14:59.991+0000] {processor.py:153} INFO - Started process (PID=1409) to work on /home/airflow/.local/lib/python3.7/site-packages/airflow/example_dags/example_trigger_target_dag.py
[2025-02-08T22:14:59.992+0000] {processor.py:743} INFO - Processing file /home/airflow/.local/lib/python3.7/site-packages/airflow/example_dags/example_trigger_target_dag.py for tasks to queue
[2025-02-08T22:14:59.994+0000] {logging_mixin.py:137} INFO - [2025-02-08T22:14:59.993+0000] {dagbag.py:538} INFO - Filling up the DagBag from /home/airflow/.local/lib/python3.7/site-packages/airflow/example_dags/example_trigger_target_dag.py
[2025-02-08T22:15:00.021+0000] {processor.py:753} INFO - DAG(s) dict_keys(['example_trigger_target_dag']) retrieved from /home/airflow/.local/lib/python3.7/site-packages/airflow/example_dags/example_trigger_target_dag.py
[2025-02-08T22:15:00.053+0000] {logging_mixin.py:137} INFO - [2025-02-08T22:15:00.053+0000] {dag.py:2690} INFO - Sync 1 DAGs
[2025-02-08T22:15:00.082+0000] {logging_mixin.py:137} INFO - [2025-02-08T22:15:00.082+0000] {dag.py:3441} INFO - Setting next_dagrun for example_trigger_target_dag to None, run_after=None
[2025-02-08T22:15:00.109+0000] {processor.py:175} INFO - Processing /home/airflow/.local/lib/python3.7/site-packages/airflow/example_dags/example_trigger_target_dag.py took 0.121 seconds
[2025-02-08T22:15:30.274+0000] {processor.py:153} INFO - Started process (PID=1497) to work on /home/airflow/.local/lib/python3.7/site-packages/airflow/example_dags/example_trigger_target_dag.py
[2025-02-08T22:15:30.275+0000] {processor.py:743} INFO - Processing file /home/airflow/.local/lib/python3.7/site-packages/airflow/example_dags/example_trigger_target_dag.py for tasks to queue
[2025-02-08T22:15:30.276+0000] {logging_mixin.py:137} INFO - [2025-02-08T22:15:30.276+0000] {dagbag.py:538} INFO - Filling up the DagBag from /home/airflow/.local/lib/python3.7/site-packages/airflow/example_dags/example_trigger_target_dag.py
[2025-02-08T22:15:30.303+0000] {processor.py:753} INFO - DAG(s) dict_keys(['example_trigger_target_dag']) retrieved from /home/airflow/.local/lib/python3.7/site-packages/airflow/example_dags/example_trigger_target_dag.py
[2025-02-08T22:15:30.330+0000] {logging_mixin.py:137} INFO - [2025-02-08T22:15:30.330+0000] {dag.py:2690} INFO - Sync 1 DAGs
[2025-02-08T22:15:30.357+0000] {logging_mixin.py:137} INFO - [2025-02-08T22:15:30.357+0000] {dag.py:3441} INFO - Setting next_dagrun for example_trigger_target_dag to None, run_after=None
[2025-02-08T22:15:30.381+0000] {processor.py:175} INFO - Processing /home/airflow/.local/lib/python3.7/site-packages/airflow/example_dags/example_trigger_target_dag.py took 0.110 seconds
[2025-02-08T22:16:01.033+0000] {processor.py:153} INFO - Started process (PID=1568) to work on /home/airflow/.local/lib/python3.7/site-packages/airflow/example_dags/example_trigger_target_dag.py
[2025-02-08T22:16:01.034+0000] {processor.py:743} INFO - Processing file /home/airflow/.local/lib/python3.7/site-packages/airflow/example_dags/example_trigger_target_dag.py for tasks to queue
[2025-02-08T22:16:01.036+0000] {logging_mixin.py:137} INFO - [2025-02-08T22:16:01.035+0000] {dagbag.py:538} INFO - Filling up the DagBag from /home/airflow/.local/lib/python3.7/site-packages/airflow/example_dags/example_trigger_target_dag.py
[2025-02-08T22:16:01.064+0000] {processor.py:753} INFO - DAG(s) dict_keys(['example_trigger_target_dag']) retrieved from /home/airflow/.local/lib/python3.7/site-packages/airflow/example_dags/example_trigger_target_dag.py
[2025-02-08T22:16:01.096+0000] {logging_mixin.py:137} INFO - [2025-02-08T22:16:01.096+0000] {dag.py:2690} INFO - Sync 1 DAGs
[2025-02-08T22:16:01.129+0000] {logging_mixin.py:137} INFO - [2025-02-08T22:16:01.128+0000] {dag.py:3441} INFO - Setting next_dagrun for example_trigger_target_dag to None, run_after=None
[2025-02-08T22:16:01.156+0000] {processor.py:175} INFO - Processing /home/airflow/.local/lib/python3.7/site-packages/airflow/example_dags/example_trigger_target_dag.py took 0.127 seconds
[2025-02-08T22:16:32.190+0000] {processor.py:153} INFO - Started process (PID=1655) to work on /home/airflow/.local/lib/python3.7/site-packages/airflow/example_dags/example_trigger_target_dag.py
[2025-02-08T22:16:32.191+0000] {processor.py:743} INFO - Processing file /home/airflow/.local/lib/python3.7/site-packages/airflow/example_dags/example_trigger_target_dag.py for tasks to queue
[2025-02-08T22:16:32.192+0000] {logging_mixin.py:137} INFO - [2025-02-08T22:16:32.192+0000] {dagbag.py:538} INFO - Filling up the DagBag from /home/airflow/.local/lib/python3.7/site-packages/airflow/example_dags/example_trigger_target_dag.py
[2025-02-08T22:16:32.235+0000] {processor.py:753} INFO - DAG(s) dict_keys(['example_trigger_target_dag']) retrieved from /home/airflow/.local/lib/python3.7/site-packages/airflow/example_dags/example_trigger_target_dag.py
[2025-02-08T22:16:32.312+0000] {logging_mixin.py:137} INFO - [2025-02-08T22:16:32.311+0000] {dag.py:2690} INFO - Sync 1 DAGs
[2025-02-08T22:16:32.402+0000] {logging_mixin.py:137} INFO - [2025-02-08T22:16:32.402+0000] {dag.py:3441} INFO - Setting next_dagrun for example_trigger_target_dag to None, run_after=None
[2025-02-08T22:16:32.463+0000] {processor.py:175} INFO - Processing /home/airflow/.local/lib/python3.7/site-packages/airflow/example_dags/example_trigger_target_dag.py took 0.278 seconds
[2025-02-08T22:17:03.435+0000] {processor.py:153} INFO - Started process (PID=1727) to work on /home/airflow/.local/lib/python3.7/site-packages/airflow/example_dags/example_trigger_target_dag.py
[2025-02-08T22:17:03.435+0000] {processor.py:743} INFO - Processing file /home/airflow/.local/lib/python3.7/site-packages/airflow/example_dags/example_trigger_target_dag.py for tasks to queue
[2025-02-08T22:17:03.436+0000] {logging_mixin.py:137} INFO - [2025-02-08T22:17:03.436+0000] {dagbag.py:538} INFO - Filling up the DagBag from /home/airflow/.local/lib/python3.7/site-packages/airflow/example_dags/example_trigger_target_dag.py
[2025-02-08T22:17:03.455+0000] {processor.py:753} INFO - DAG(s) dict_keys(['example_trigger_target_dag']) retrieved from /home/airflow/.local/lib/python3.7/site-packages/airflow/example_dags/example_trigger_target_dag.py
[2025-02-08T22:17:03.478+0000] {logging_mixin.py:137} INFO - [2025-02-08T22:17:03.478+0000] {dag.py:2690} INFO - Sync 1 DAGs
[2025-02-08T22:17:03.500+0000] {logging_mixin.py:137} INFO - [2025-02-08T22:17:03.499+0000] {dag.py:3441} INFO - Setting next_dagrun for example_trigger_target_dag to None, run_after=None
[2025-02-08T22:17:03.522+0000] {processor.py:175} INFO - Processing /home/airflow/.local/lib/python3.7/site-packages/airflow/example_dags/example_trigger_target_dag.py took 0.090 seconds
[2025-02-08T22:17:33.664+0000] {processor.py:153} INFO - Started process (PID=1814) to work on /home/airflow/.local/lib/python3.7/site-packages/airflow/example_dags/example_trigger_target_dag.py
[2025-02-08T22:17:33.666+0000] {processor.py:743} INFO - Processing file /home/airflow/.local/lib/python3.7/site-packages/airflow/example_dags/example_trigger_target_dag.py for tasks to queue
[2025-02-08T22:17:33.668+0000] {logging_mixin.py:137} INFO - [2025-02-08T22:17:33.668+0000] {dagbag.py:538} INFO - Filling up the DagBag from /home/airflow/.local/lib/python3.7/site-packages/airflow/example_dags/example_trigger_target_dag.py
[2025-02-08T22:17:33.728+0000] {processor.py:753} INFO - DAG(s) dict_keys(['example_trigger_target_dag']) retrieved from /home/airflow/.local/lib/python3.7/site-packages/airflow/example_dags/example_trigger_target_dag.py
[2025-02-08T22:17:33.768+0000] {logging_mixin.py:137} INFO - [2025-02-08T22:17:33.768+0000] {dag.py:2690} INFO - Sync 1 DAGs
[2025-02-08T22:17:33.813+0000] {logging_mixin.py:137} INFO - [2025-02-08T22:17:33.813+0000] {dag.py:3441} INFO - Setting next_dagrun for example_trigger_target_dag to None, run_after=None
[2025-02-08T22:17:33.851+0000] {processor.py:175} INFO - Processing /home/airflow/.local/lib/python3.7/site-packages/airflow/example_dags/example_trigger_target_dag.py took 0.196 seconds
[2025-02-08T22:18:04.207+0000] {processor.py:153} INFO - Started process (PID=1885) to work on /home/airflow/.local/lib/python3.7/site-packages/airflow/example_dags/example_trigger_target_dag.py
[2025-02-08T22:18:04.208+0000] {processor.py:743} INFO - Processing file /home/airflow/.local/lib/python3.7/site-packages/airflow/example_dags/example_trigger_target_dag.py for tasks to queue
[2025-02-08T22:18:04.209+0000] {logging_mixin.py:137} INFO - [2025-02-08T22:18:04.209+0000] {dagbag.py:538} INFO - Filling up the DagBag from /home/airflow/.local/lib/python3.7/site-packages/airflow/example_dags/example_trigger_target_dag.py
[2025-02-08T22:18:04.230+0000] {processor.py:753} INFO - DAG(s) dict_keys(['example_trigger_target_dag']) retrieved from /home/airflow/.local/lib/python3.7/site-packages/airflow/example_dags/example_trigger_target_dag.py
[2025-02-08T22:18:04.254+0000] {logging_mixin.py:137} INFO - [2025-02-08T22:18:04.254+0000] {dag.py:2690} INFO - Sync 1 DAGs
[2025-02-08T22:18:04.276+0000] {logging_mixin.py:137} INFO - [2025-02-08T22:18:04.275+0000] {dag.py:3441} INFO - Setting next_dagrun for example_trigger_target_dag to None, run_after=None
[2025-02-08T22:18:04.295+0000] {processor.py:175} INFO - Processing /home/airflow/.local/lib/python3.7/site-packages/airflow/example_dags/example_trigger_target_dag.py took 0.092 seconds
[2025-02-08T22:18:34.984+0000] {processor.py:153} INFO - Started process (PID=1970) to work on /home/airflow/.local/lib/python3.7/site-packages/airflow/example_dags/example_trigger_target_dag.py
[2025-02-08T22:18:34.985+0000] {processor.py:743} INFO - Processing file /home/airflow/.local/lib/python3.7/site-packages/airflow/example_dags/example_trigger_target_dag.py for tasks to queue
[2025-02-08T22:18:34.986+0000] {logging_mixin.py:137} INFO - [2025-02-08T22:18:34.986+0000] {dagbag.py:538} INFO - Filling up the DagBag from /home/airflow/.local/lib/python3.7/site-packages/airflow/example_dags/example_trigger_target_dag.py
[2025-02-08T22:18:35.011+0000] {processor.py:753} INFO - DAG(s) dict_keys(['example_trigger_target_dag']) retrieved from /home/airflow/.local/lib/python3.7/site-packages/airflow/example_dags/example_trigger_target_dag.py
[2025-02-08T22:18:35.041+0000] {logging_mixin.py:137} INFO - [2025-02-08T22:18:35.041+0000] {dag.py:2690} INFO - Sync 1 DAGs
[2025-02-08T22:18:35.072+0000] {logging_mixin.py:137} INFO - [2025-02-08T22:18:35.072+0000] {dag.py:3441} INFO - Setting next_dagrun for example_trigger_target_dag to None, run_after=None
[2025-02-08T22:18:35.099+0000] {processor.py:175} INFO - Processing /home/airflow/.local/lib/python3.7/site-packages/airflow/example_dags/example_trigger_target_dag.py took 0.119 seconds
[2025-02-08T22:19:05.921+0000] {processor.py:153} INFO - Started process (PID=2041) to work on /home/airflow/.local/lib/python3.7/site-packages/airflow/example_dags/example_trigger_target_dag.py
[2025-02-08T22:19:05.922+0000] {processor.py:743} INFO - Processing file /home/airflow/.local/lib/python3.7/site-packages/airflow/example_dags/example_trigger_target_dag.py for tasks to queue
[2025-02-08T22:19:05.924+0000] {logging_mixin.py:137} INFO - [2025-02-08T22:19:05.923+0000] {dagbag.py:538} INFO - Filling up the DagBag from /home/airflow/.local/lib/python3.7/site-packages/airflow/example_dags/example_trigger_target_dag.py
[2025-02-08T22:19:05.967+0000] {processor.py:753} INFO - DAG(s) dict_keys(['example_trigger_target_dag']) retrieved from /home/airflow/.local/lib/python3.7/site-packages/airflow/example_dags/example_trigger_target_dag.py
[2025-02-08T22:19:06.034+0000] {logging_mixin.py:137} INFO - [2025-02-08T22:19:06.034+0000] {dag.py:2690} INFO - Sync 1 DAGs
[2025-02-08T22:19:06.092+0000] {logging_mixin.py:137} INFO - [2025-02-08T22:19:06.091+0000] {dag.py:3441} INFO - Setting next_dagrun for example_trigger_target_dag to None, run_after=None
[2025-02-08T22:19:06.136+0000] {processor.py:175} INFO - Processing /home/airflow/.local/lib/python3.7/site-packages/airflow/example_dags/example_trigger_target_dag.py took 0.222 seconds
[2025-02-08T22:19:36.752+0000] {processor.py:153} INFO - Started process (PID=2118) to work on /home/airflow/.local/lib/python3.7/site-packages/airflow/example_dags/example_trigger_target_dag.py
[2025-02-08T22:19:36.754+0000] {processor.py:743} INFO - Processing file /home/airflow/.local/lib/python3.7/site-packages/airflow/example_dags/example_trigger_target_dag.py for tasks to queue
[2025-02-08T22:19:36.756+0000] {logging_mixin.py:137} INFO - [2025-02-08T22:19:36.755+0000] {dagbag.py:538} INFO - Filling up the DagBag from /home/airflow/.local/lib/python3.7/site-packages/airflow/example_dags/example_trigger_target_dag.py
[2025-02-08T22:19:36.792+0000] {processor.py:753} INFO - DAG(s) dict_keys(['example_trigger_target_dag']) retrieved from /home/airflow/.local/lib/python3.7/site-packages/airflow/example_dags/example_trigger_target_dag.py
[2025-02-08T22:19:36.834+0000] {logging_mixin.py:137} INFO - [2025-02-08T22:19:36.834+0000] {dag.py:2690} INFO - Sync 1 DAGs
[2025-02-08T22:19:36.875+0000] {logging_mixin.py:137} INFO - [2025-02-08T22:19:36.874+0000] {dag.py:3441} INFO - Setting next_dagrun for example_trigger_target_dag to None, run_after=None
[2025-02-08T22:19:36.906+0000] {processor.py:175} INFO - Processing /home/airflow/.local/lib/python3.7/site-packages/airflow/example_dags/example_trigger_target_dag.py took 0.163 seconds
[2025-02-08T22:20:07.798+0000] {processor.py:153} INFO - Started process (PID=2198) to work on /home/airflow/.local/lib/python3.7/site-packages/airflow/example_dags/example_trigger_target_dag.py
[2025-02-08T22:20:07.799+0000] {processor.py:743} INFO - Processing file /home/airflow/.local/lib/python3.7/site-packages/airflow/example_dags/example_trigger_target_dag.py for tasks to queue
[2025-02-08T22:20:07.800+0000] {logging_mixin.py:137} INFO - [2025-02-08T22:20:07.800+0000] {dagbag.py:538} INFO - Filling up the DagBag from /home/airflow/.local/lib/python3.7/site-packages/airflow/example_dags/example_trigger_target_dag.py
[2025-02-08T22:20:07.822+0000] {processor.py:753} INFO - DAG(s) dict_keys(['example_trigger_target_dag']) retrieved from /home/airflow/.local/lib/python3.7/site-packages/airflow/example_dags/example_trigger_target_dag.py
[2025-02-08T22:20:07.848+0000] {logging_mixin.py:137} INFO - [2025-02-08T22:20:07.848+0000] {dag.py:2690} INFO - Sync 1 DAGs
[2025-02-08T22:20:07.873+0000] {logging_mixin.py:137} INFO - [2025-02-08T22:20:07.873+0000] {dag.py:3441} INFO - Setting next_dagrun for example_trigger_target_dag to None, run_after=None
[2025-02-08T22:20:07.896+0000] {processor.py:175} INFO - Processing /home/airflow/.local/lib/python3.7/site-packages/airflow/example_dags/example_trigger_target_dag.py took 0.102 seconds
[2025-02-08T22:20:38.121+0000] {processor.py:153} INFO - Started process (PID=2271) to work on /home/airflow/.local/lib/python3.7/site-packages/airflow/example_dags/example_trigger_target_dag.py
[2025-02-08T22:20:38.122+0000] {processor.py:743} INFO - Processing file /home/airflow/.local/lib/python3.7/site-packages/airflow/example_dags/example_trigger_target_dag.py for tasks to queue
[2025-02-08T22:20:38.123+0000] {logging_mixin.py:137} INFO - [2025-02-08T22:20:38.123+0000] {dagbag.py:538} INFO - Filling up the DagBag from /home/airflow/.local/lib/python3.7/site-packages/airflow/example_dags/example_trigger_target_dag.py
[2025-02-08T22:20:38.140+0000] {processor.py:753} INFO - DAG(s) dict_keys(['example_trigger_target_dag']) retrieved from /home/airflow/.local/lib/python3.7/site-packages/airflow/example_dags/example_trigger_target_dag.py
[2025-02-08T22:20:38.165+0000] {logging_mixin.py:137} INFO - [2025-02-08T22:20:38.164+0000] {dag.py:2690} INFO - Sync 1 DAGs
[2025-02-08T22:20:38.188+0000] {logging_mixin.py:137} INFO - [2025-02-08T22:20:38.188+0000] {dag.py:3441} INFO - Setting next_dagrun for example_trigger_target_dag to None, run_after=None
[2025-02-08T22:20:38.213+0000] {processor.py:175} INFO - Processing /home/airflow/.local/lib/python3.7/site-packages/airflow/example_dags/example_trigger_target_dag.py took 0.095 seconds
[2025-02-08T22:21:08.454+0000] {processor.py:153} INFO - Started process (PID=2357) to work on /home/airflow/.local/lib/python3.7/site-packages/airflow/example_dags/example_trigger_target_dag.py
[2025-02-08T22:21:08.456+0000] {processor.py:743} INFO - Processing file /home/airflow/.local/lib/python3.7/site-packages/airflow/example_dags/example_trigger_target_dag.py for tasks to queue
[2025-02-08T22:21:08.457+0000] {logging_mixin.py:137} INFO - [2025-02-08T22:21:08.457+0000] {dagbag.py:538} INFO - Filling up the DagBag from /home/airflow/.local/lib/python3.7/site-packages/airflow/example_dags/example_trigger_target_dag.py
[2025-02-08T22:21:08.487+0000] {processor.py:753} INFO - DAG(s) dict_keys(['example_trigger_target_dag']) retrieved from /home/airflow/.local/lib/python3.7/site-packages/airflow/example_dags/example_trigger_target_dag.py
[2025-02-08T22:21:08.541+0000] {logging_mixin.py:137} INFO - [2025-02-08T22:21:08.540+0000] {dag.py:2690} INFO - Sync 1 DAGs
[2025-02-08T22:21:08.582+0000] {logging_mixin.py:137} INFO - [2025-02-08T22:21:08.582+0000] {dag.py:3441} INFO - Setting next_dagrun for example_trigger_target_dag to None, run_after=None
[2025-02-08T22:21:08.613+0000] {processor.py:175} INFO - Processing /home/airflow/.local/lib/python3.7/site-packages/airflow/example_dags/example_trigger_target_dag.py took 0.163 seconds
[2025-02-08T22:21:38.927+0000] {processor.py:153} INFO - Started process (PID=2426) to work on /home/airflow/.local/lib/python3.7/site-packages/airflow/example_dags/example_trigger_target_dag.py
[2025-02-08T22:21:38.928+0000] {processor.py:743} INFO - Processing file /home/airflow/.local/lib/python3.7/site-packages/airflow/example_dags/example_trigger_target_dag.py for tasks to queue
[2025-02-08T22:21:38.929+0000] {logging_mixin.py:137} INFO - [2025-02-08T22:21:38.929+0000] {dagbag.py:538} INFO - Filling up the DagBag from /home/airflow/.local/lib/python3.7/site-packages/airflow/example_dags/example_trigger_target_dag.py
[2025-02-08T22:21:38.947+0000] {processor.py:753} INFO - DAG(s) dict_keys(['example_trigger_target_dag']) retrieved from /home/airflow/.local/lib/python3.7/site-packages/airflow/example_dags/example_trigger_target_dag.py
[2025-02-08T22:21:38.977+0000] {logging_mixin.py:137} INFO - [2025-02-08T22:21:38.976+0000] {dag.py:2690} INFO - Sync 1 DAGs
[2025-02-08T22:21:39.000+0000] {logging_mixin.py:137} INFO - [2025-02-08T22:21:39.000+0000] {dag.py:3441} INFO - Setting next_dagrun for example_trigger_target_dag to None, run_after=None
[2025-02-08T22:21:39.022+0000] {processor.py:175} INFO - Processing /home/airflow/.local/lib/python3.7/site-packages/airflow/example_dags/example_trigger_target_dag.py took 0.099 seconds
[2025-02-08T22:22:09.425+0000] {processor.py:153} INFO - Started process (PID=2513) to work on /home/airflow/.local/lib/python3.7/site-packages/airflow/example_dags/example_trigger_target_dag.py
[2025-02-08T22:22:09.427+0000] {processor.py:743} INFO - Processing file /home/airflow/.local/lib/python3.7/site-packages/airflow/example_dags/example_trigger_target_dag.py for tasks to queue
[2025-02-08T22:22:09.428+0000] {logging_mixin.py:137} INFO - [2025-02-08T22:22:09.428+0000] {dagbag.py:538} INFO - Filling up the DagBag from /home/airflow/.local/lib/python3.7/site-packages/airflow/example_dags/example_trigger_target_dag.py
[2025-02-08T22:22:09.478+0000] {processor.py:753} INFO - DAG(s) dict_keys(['example_trigger_target_dag']) retrieved from /home/airflow/.local/lib/python3.7/site-packages/airflow/example_dags/example_trigger_target_dag.py
[2025-02-08T22:22:09.524+0000] {logging_mixin.py:137} INFO - [2025-02-08T22:22:09.524+0000] {dag.py:2690} INFO - Sync 1 DAGs
[2025-02-08T22:22:09.579+0000] {logging_mixin.py:137} INFO - [2025-02-08T22:22:09.578+0000] {dag.py:3441} INFO - Setting next_dagrun for example_trigger_target_dag to None, run_after=None
[2025-02-08T22:22:09.617+0000] {processor.py:175} INFO - Processing /home/airflow/.local/lib/python3.7/site-packages/airflow/example_dags/example_trigger_target_dag.py took 0.201 seconds
[2025-02-08T22:22:40.553+0000] {processor.py:153} INFO - Started process (PID=2584) to work on /home/airflow/.local/lib/python3.7/site-packages/airflow/example_dags/example_trigger_target_dag.py
[2025-02-08T22:22:40.554+0000] {processor.py:743} INFO - Processing file /home/airflow/.local/lib/python3.7/site-packages/airflow/example_dags/example_trigger_target_dag.py for tasks to queue
[2025-02-08T22:22:40.555+0000] {logging_mixin.py:137} INFO - [2025-02-08T22:22:40.555+0000] {dagbag.py:538} INFO - Filling up the DagBag from /home/airflow/.local/lib/python3.7/site-packages/airflow/example_dags/example_trigger_target_dag.py
[2025-02-08T22:22:40.576+0000] {processor.py:753} INFO - DAG(s) dict_keys(['example_trigger_target_dag']) retrieved from /home/airflow/.local/lib/python3.7/site-packages/airflow/example_dags/example_trigger_target_dag.py
[2025-02-08T22:22:40.604+0000] {logging_mixin.py:137} INFO - [2025-02-08T22:22:40.603+0000] {dag.py:2690} INFO - Sync 1 DAGs
[2025-02-08T22:22:40.629+0000] {logging_mixin.py:137} INFO - [2025-02-08T22:22:40.629+0000] {dag.py:3441} INFO - Setting next_dagrun for example_trigger_target_dag to None, run_after=None
[2025-02-08T22:22:40.650+0000] {processor.py:175} INFO - Processing /home/airflow/.local/lib/python3.7/site-packages/airflow/example_dags/example_trigger_target_dag.py took 0.100 seconds
[2025-02-08T22:23:11.370+0000] {processor.py:153} INFO - Started process (PID=2671) to work on /home/airflow/.local/lib/python3.7/site-packages/airflow/example_dags/example_trigger_target_dag.py
[2025-02-08T22:23:11.372+0000] {processor.py:743} INFO - Processing file /home/airflow/.local/lib/python3.7/site-packages/airflow/example_dags/example_trigger_target_dag.py for tasks to queue
[2025-02-08T22:23:11.373+0000] {logging_mixin.py:137} INFO - [2025-02-08T22:23:11.373+0000] {dagbag.py:538} INFO - Filling up the DagBag from /home/airflow/.local/lib/python3.7/site-packages/airflow/example_dags/example_trigger_target_dag.py
[2025-02-08T22:23:11.402+0000] {processor.py:753} INFO - DAG(s) dict_keys(['example_trigger_target_dag']) retrieved from /home/airflow/.local/lib/python3.7/site-packages/airflow/example_dags/example_trigger_target_dag.py
[2025-02-08T22:23:11.439+0000] {logging_mixin.py:137} INFO - [2025-02-08T22:23:11.439+0000] {dag.py:2690} INFO - Sync 1 DAGs
[2025-02-08T22:23:11.472+0000] {logging_mixin.py:137} INFO - [2025-02-08T22:23:11.472+0000] {dag.py:3441} INFO - Setting next_dagrun for example_trigger_target_dag to None, run_after=None
[2025-02-08T22:23:11.503+0000] {processor.py:175} INFO - Processing /home/airflow/.local/lib/python3.7/site-packages/airflow/example_dags/example_trigger_target_dag.py took 0.138 seconds
[2025-02-08T22:23:42.390+0000] {processor.py:153} INFO - Started process (PID=2742) to work on /home/airflow/.local/lib/python3.7/site-packages/airflow/example_dags/example_trigger_target_dag.py
[2025-02-08T22:23:42.391+0000] {processor.py:743} INFO - Processing file /home/airflow/.local/lib/python3.7/site-packages/airflow/example_dags/example_trigger_target_dag.py for tasks to queue
[2025-02-08T22:23:42.393+0000] {logging_mixin.py:137} INFO - [2025-02-08T22:23:42.393+0000] {dagbag.py:538} INFO - Filling up the DagBag from /home/airflow/.local/lib/python3.7/site-packages/airflow/example_dags/example_trigger_target_dag.py
[2025-02-08T22:23:42.429+0000] {processor.py:753} INFO - DAG(s) dict_keys(['example_trigger_target_dag']) retrieved from /home/airflow/.local/lib/python3.7/site-packages/airflow/example_dags/example_trigger_target_dag.py
[2025-02-08T22:23:42.468+0000] {logging_mixin.py:137} INFO - [2025-02-08T22:23:42.468+0000] {dag.py:2690} INFO - Sync 1 DAGs
[2025-02-08T22:23:42.513+0000] {logging_mixin.py:137} INFO - [2025-02-08T22:23:42.513+0000] {dag.py:3441} INFO - Setting next_dagrun for example_trigger_target_dag to None, run_after=None
[2025-02-08T22:23:42.553+0000] {processor.py:175} INFO - Processing /home/airflow/.local/lib/python3.7/site-packages/airflow/example_dags/example_trigger_target_dag.py took 0.169 seconds
[2025-02-08T22:24:12.680+0000] {processor.py:153} INFO - Started process (PID=2815) to work on /home/airflow/.local/lib/python3.7/site-packages/airflow/example_dags/example_trigger_target_dag.py
[2025-02-08T22:24:12.682+0000] {processor.py:743} INFO - Processing file /home/airflow/.local/lib/python3.7/site-packages/airflow/example_dags/example_trigger_target_dag.py for tasks to queue
[2025-02-08T22:24:12.683+0000] {logging_mixin.py:137} INFO - [2025-02-08T22:24:12.683+0000] {dagbag.py:538} INFO - Filling up the DagBag from /home/airflow/.local/lib/python3.7/site-packages/airflow/example_dags/example_trigger_target_dag.py
[2025-02-08T22:24:12.714+0000] {processor.py:753} INFO - DAG(s) dict_keys(['example_trigger_target_dag']) retrieved from /home/airflow/.local/lib/python3.7/site-packages/airflow/example_dags/example_trigger_target_dag.py
[2025-02-08T22:24:12.756+0000] {logging_mixin.py:137} INFO - [2025-02-08T22:24:12.756+0000] {dag.py:2690} INFO - Sync 1 DAGs
[2025-02-08T22:24:12.794+0000] {logging_mixin.py:137} INFO - [2025-02-08T22:24:12.794+0000] {dag.py:3441} INFO - Setting next_dagrun for example_trigger_target_dag to None, run_after=None
[2025-02-08T22:24:12.824+0000] {processor.py:175} INFO - Processing /home/airflow/.local/lib/python3.7/site-packages/airflow/example_dags/example_trigger_target_dag.py took 0.149 seconds
[2025-02-08T22:24:43.419+0000] {processor.py:153} INFO - Started process (PID=2893) to work on /home/airflow/.local/lib/python3.7/site-packages/airflow/example_dags/example_trigger_target_dag.py
[2025-02-08T22:24:43.421+0000] {processor.py:743} INFO - Processing file /home/airflow/.local/lib/python3.7/site-packages/airflow/example_dags/example_trigger_target_dag.py for tasks to queue
[2025-02-08T22:24:43.423+0000] {logging_mixin.py:137} INFO - [2025-02-08T22:24:43.422+0000] {dagbag.py:538} INFO - Filling up the DagBag from /home/airflow/.local/lib/python3.7/site-packages/airflow/example_dags/example_trigger_target_dag.py
[2025-02-08T22:24:43.462+0000] {processor.py:753} INFO - DAG(s) dict_keys(['example_trigger_target_dag']) retrieved from /home/airflow/.local/lib/python3.7/site-packages/airflow/example_dags/example_trigger_target_dag.py
[2025-02-08T22:24:43.508+0000] {logging_mixin.py:137} INFO - [2025-02-08T22:24:43.507+0000] {dag.py:2690} INFO - Sync 1 DAGs
[2025-02-08T22:24:43.557+0000] {logging_mixin.py:137} INFO - [2025-02-08T22:24:43.557+0000] {dag.py:3441} INFO - Setting next_dagrun for example_trigger_target_dag to None, run_after=None
[2025-02-08T22:24:43.594+0000] {processor.py:175} INFO - Processing /home/airflow/.local/lib/python3.7/site-packages/airflow/example_dags/example_trigger_target_dag.py took 0.183 seconds
[2025-02-08T22:25:13.864+0000] {processor.py:153} INFO - Started process (PID=2973) to work on /home/airflow/.local/lib/python3.7/site-packages/airflow/example_dags/example_trigger_target_dag.py
[2025-02-08T22:25:13.866+0000] {processor.py:743} INFO - Processing file /home/airflow/.local/lib/python3.7/site-packages/airflow/example_dags/example_trigger_target_dag.py for tasks to queue
[2025-02-08T22:25:13.867+0000] {logging_mixin.py:137} INFO - [2025-02-08T22:25:13.867+0000] {dagbag.py:538} INFO - Filling up the DagBag from /home/airflow/.local/lib/python3.7/site-packages/airflow/example_dags/example_trigger_target_dag.py
[2025-02-08T22:25:13.893+0000] {processor.py:753} INFO - DAG(s) dict_keys(['example_trigger_target_dag']) retrieved from /home/airflow/.local/lib/python3.7/site-packages/airflow/example_dags/example_trigger_target_dag.py
[2025-02-08T22:25:13.926+0000] {logging_mixin.py:137} INFO - [2025-02-08T22:25:13.926+0000] {dag.py:2690} INFO - Sync 1 DAGs
[2025-02-08T22:25:13.962+0000] {logging_mixin.py:137} INFO - [2025-02-08T22:25:13.962+0000] {dag.py:3441} INFO - Setting next_dagrun for example_trigger_target_dag to None, run_after=None
[2025-02-08T22:25:13.989+0000] {processor.py:175} INFO - Processing /home/airflow/.local/lib/python3.7/site-packages/airflow/example_dags/example_trigger_target_dag.py took 0.128 seconds
[2025-02-08T22:25:44.568+0000] {processor.py:153} INFO - Started process (PID=3044) to work on /home/airflow/.local/lib/python3.7/site-packages/airflow/example_dags/example_trigger_target_dag.py
[2025-02-08T22:25:44.570+0000] {processor.py:743} INFO - Processing file /home/airflow/.local/lib/python3.7/site-packages/airflow/example_dags/example_trigger_target_dag.py for tasks to queue
[2025-02-08T22:25:44.571+0000] {logging_mixin.py:137} INFO - [2025-02-08T22:25:44.571+0000] {dagbag.py:538} INFO - Filling up the DagBag from /home/airflow/.local/lib/python3.7/site-packages/airflow/example_dags/example_trigger_target_dag.py
[2025-02-08T22:25:44.621+0000] {processor.py:753} INFO - DAG(s) dict_keys(['example_trigger_target_dag']) retrieved from /home/airflow/.local/lib/python3.7/site-packages/airflow/example_dags/example_trigger_target_dag.py
[2025-02-08T22:25:44.686+0000] {logging_mixin.py:137} INFO - [2025-02-08T22:25:44.686+0000] {dag.py:2690} INFO - Sync 1 DAGs
[2025-02-08T22:25:44.780+0000] {logging_mixin.py:137} INFO - [2025-02-08T22:25:44.780+0000] {dag.py:3441} INFO - Setting next_dagrun for example_trigger_target_dag to None, run_after=None
[2025-02-08T22:25:44.841+0000] {processor.py:175} INFO - Processing /home/airflow/.local/lib/python3.7/site-packages/airflow/example_dags/example_trigger_target_dag.py took 0.283 seconds
[2025-02-08T22:26:15.343+0000] {processor.py:153} INFO - Started process (PID=3114) to work on /home/airflow/.local/lib/python3.7/site-packages/airflow/example_dags/example_trigger_target_dag.py
[2025-02-08T22:26:15.344+0000] {processor.py:743} INFO - Processing file /home/airflow/.local/lib/python3.7/site-packages/airflow/example_dags/example_trigger_target_dag.py for tasks to queue
[2025-02-08T22:26:15.345+0000] {logging_mixin.py:137} INFO - [2025-02-08T22:26:15.345+0000] {dagbag.py:538} INFO - Filling up the DagBag from /home/airflow/.local/lib/python3.7/site-packages/airflow/example_dags/example_trigger_target_dag.py
[2025-02-08T22:26:15.373+0000] {processor.py:753} INFO - DAG(s) dict_keys(['example_trigger_target_dag']) retrieved from /home/airflow/.local/lib/python3.7/site-packages/airflow/example_dags/example_trigger_target_dag.py
[2025-02-08T22:26:15.407+0000] {logging_mixin.py:137} INFO - [2025-02-08T22:26:15.407+0000] {dag.py:2690} INFO - Sync 1 DAGs
[2025-02-08T22:26:15.434+0000] {logging_mixin.py:137} INFO - [2025-02-08T22:26:15.434+0000] {dag.py:3441} INFO - Setting next_dagrun for example_trigger_target_dag to None, run_after=None
[2025-02-08T22:26:15.458+0000] {processor.py:175} INFO - Processing /home/airflow/.local/lib/python3.7/site-packages/airflow/example_dags/example_trigger_target_dag.py took 0.119 seconds
[2025-02-08T22:26:46.148+0000] {processor.py:153} INFO - Started process (PID=3202) to work on /home/airflow/.local/lib/python3.7/site-packages/airflow/example_dags/example_trigger_target_dag.py
[2025-02-08T22:26:46.149+0000] {processor.py:743} INFO - Processing file /home/airflow/.local/lib/python3.7/site-packages/airflow/example_dags/example_trigger_target_dag.py for tasks to queue
[2025-02-08T22:26:46.151+0000] {logging_mixin.py:137} INFO - [2025-02-08T22:26:46.150+0000] {dagbag.py:538} INFO - Filling up the DagBag from /home/airflow/.local/lib/python3.7/site-packages/airflow/example_dags/example_trigger_target_dag.py
[2025-02-08T22:26:46.175+0000] {processor.py:753} INFO - DAG(s) dict_keys(['example_trigger_target_dag']) retrieved from /home/airflow/.local/lib/python3.7/site-packages/airflow/example_dags/example_trigger_target_dag.py
[2025-02-08T22:26:46.204+0000] {logging_mixin.py:137} INFO - [2025-02-08T22:26:46.204+0000] {dag.py:2690} INFO - Sync 1 DAGs
[2025-02-08T22:26:46.233+0000] {logging_mixin.py:137} INFO - [2025-02-08T22:26:46.232+0000] {dag.py:3441} INFO - Setting next_dagrun for example_trigger_target_dag to None, run_after=None
[2025-02-08T22:26:46.256+0000] {processor.py:175} INFO - Processing /home/airflow/.local/lib/python3.7/site-packages/airflow/example_dags/example_trigger_target_dag.py took 0.112 seconds
[2025-02-08T22:27:17.075+0000] {processor.py:153} INFO - Started process (PID=3274) to work on /home/airflow/.local/lib/python3.7/site-packages/airflow/example_dags/example_trigger_target_dag.py
[2025-02-08T22:27:17.076+0000] {processor.py:743} INFO - Processing file /home/airflow/.local/lib/python3.7/site-packages/airflow/example_dags/example_trigger_target_dag.py for tasks to queue
[2025-02-08T22:27:17.077+0000] {logging_mixin.py:137} INFO - [2025-02-08T22:27:17.077+0000] {dagbag.py:538} INFO - Filling up the DagBag from /home/airflow/.local/lib/python3.7/site-packages/airflow/example_dags/example_trigger_target_dag.py
[2025-02-08T22:27:17.105+0000] {processor.py:753} INFO - DAG(s) dict_keys(['example_trigger_target_dag']) retrieved from /home/airflow/.local/lib/python3.7/site-packages/airflow/example_dags/example_trigger_target_dag.py
[2025-02-08T22:27:17.143+0000] {logging_mixin.py:137} INFO - [2025-02-08T22:27:17.143+0000] {dag.py:2690} INFO - Sync 1 DAGs
[2025-02-08T22:27:17.185+0000] {logging_mixin.py:137} INFO - [2025-02-08T22:27:17.185+0000] {dag.py:3441} INFO - Setting next_dagrun for example_trigger_target_dag to None, run_after=None
[2025-02-08T22:27:17.221+0000] {processor.py:175} INFO - Processing /home/airflow/.local/lib/python3.7/site-packages/airflow/example_dags/example_trigger_target_dag.py took 0.149 seconds
[2025-02-08T22:27:48.318+0000] {processor.py:153} INFO - Started process (PID=3362) to work on /home/airflow/.local/lib/python3.7/site-packages/airflow/example_dags/example_trigger_target_dag.py
[2025-02-08T22:27:48.320+0000] {processor.py:743} INFO - Processing file /home/airflow/.local/lib/python3.7/site-packages/airflow/example_dags/example_trigger_target_dag.py for tasks to queue
[2025-02-08T22:27:48.327+0000] {logging_mixin.py:137} INFO - [2025-02-08T22:27:48.327+0000] {dagbag.py:538} INFO - Filling up the DagBag from /home/airflow/.local/lib/python3.7/site-packages/airflow/example_dags/example_trigger_target_dag.py
[2025-02-08T22:27:48.405+0000] {processor.py:753} INFO - DAG(s) dict_keys(['example_trigger_target_dag']) retrieved from /home/airflow/.local/lib/python3.7/site-packages/airflow/example_dags/example_trigger_target_dag.py
[2025-02-08T22:27:48.492+0000] {logging_mixin.py:137} INFO - [2025-02-08T22:27:48.491+0000] {dag.py:2690} INFO - Sync 1 DAGs
[2025-02-08T22:27:48.560+0000] {logging_mixin.py:137} INFO - [2025-02-08T22:27:48.559+0000] {dag.py:3441} INFO - Setting next_dagrun for example_trigger_target_dag to None, run_after=None
[2025-02-08T22:27:48.620+0000] {processor.py:175} INFO - Processing /home/airflow/.local/lib/python3.7/site-packages/airflow/example_dags/example_trigger_target_dag.py took 0.310 seconds
