[2025-02-08T22:06:04.811+0000] {processor.py:153} INFO - Started process (PID=68) to work on /home/airflow/.local/lib/python3.7/site-packages/airflow/example_dags/example_short_circuit_operator.py
[2025-02-08T22:06:04.823+0000] {processor.py:743} INFO - Processing file /home/airflow/.local/lib/python3.7/site-packages/airflow/example_dags/example_short_circuit_operator.py for tasks to queue
[2025-02-08T22:06:04.829+0000] {logging_mixin.py:137} INFO - [2025-02-08T22:06:04.827+0000] {dagbag.py:538} INFO - Filling up the DagBag from /home/airflow/.local/lib/python3.7/site-packages/airflow/example_dags/example_short_circuit_operator.py
[2025-02-08T22:06:04.947+0000] {processor.py:753} INFO - DAG(s) dict_keys(['example_short_circuit_operator']) retrieved from /home/airflow/.local/lib/python3.7/site-packages/airflow/example_dags/example_short_circuit_operator.py
[2025-02-08T22:06:05.028+0000] {logging_mixin.py:137} INFO - [2025-02-08T22:06:05.028+0000] {dag.py:2690} INFO - Sync 1 DAGs
[2025-02-08T22:06:05.141+0000] {logging_mixin.py:137} INFO - [2025-02-08T22:06:05.141+0000] {dag.py:3441} INFO - Setting next_dagrun for example_short_circuit_operator to 2025-02-07T22:06:05.135259+00:00, run_after=2025-02-08T22:06:05.135259+00:00
[2025-02-08T22:06:05.212+0000] {processor.py:175} INFO - Processing /home/airflow/.local/lib/python3.7/site-packages/airflow/example_dags/example_short_circuit_operator.py took 0.471 seconds
[2025-02-08T22:06:37.171+0000] {processor.py:153} INFO - Started process (PID=139) to work on /home/airflow/.local/lib/python3.7/site-packages/airflow/example_dags/example_short_circuit_operator.py
[2025-02-08T22:06:37.173+0000] {processor.py:743} INFO - Processing file /home/airflow/.local/lib/python3.7/site-packages/airflow/example_dags/example_short_circuit_operator.py for tasks to queue
[2025-02-08T22:06:37.174+0000] {logging_mixin.py:137} INFO - [2025-02-08T22:06:37.173+0000] {dagbag.py:538} INFO - Filling up the DagBag from /home/airflow/.local/lib/python3.7/site-packages/airflow/example_dags/example_short_circuit_operator.py
[2025-02-08T22:06:37.199+0000] {processor.py:753} INFO - DAG(s) dict_keys(['example_short_circuit_operator']) retrieved from /home/airflow/.local/lib/python3.7/site-packages/airflow/example_dags/example_short_circuit_operator.py
[2025-02-08T22:06:37.244+0000] {logging_mixin.py:137} INFO - [2025-02-08T22:06:37.244+0000] {dag.py:2690} INFO - Sync 1 DAGs
[2025-02-08T22:06:37.277+0000] {logging_mixin.py:137} INFO - [2025-02-08T22:06:37.276+0000] {dag.py:3441} INFO - Setting next_dagrun for example_short_circuit_operator to 2025-02-07T22:06:37.276566+00:00, run_after=2025-02-08T22:06:37.276566+00:00
[2025-02-08T22:06:37.304+0000] {processor.py:175} INFO - Processing /home/airflow/.local/lib/python3.7/site-packages/airflow/example_dags/example_short_circuit_operator.py took 0.137 seconds
[2025-02-08T22:07:07.625+0000] {processor.py:153} INFO - Started process (PID=210) to work on /home/airflow/.local/lib/python3.7/site-packages/airflow/example_dags/example_short_circuit_operator.py
[2025-02-08T22:07:07.626+0000] {processor.py:743} INFO - Processing file /home/airflow/.local/lib/python3.7/site-packages/airflow/example_dags/example_short_circuit_operator.py for tasks to queue
[2025-02-08T22:07:07.627+0000] {logging_mixin.py:137} INFO - [2025-02-08T22:07:07.627+0000] {dagbag.py:538} INFO - Filling up the DagBag from /home/airflow/.local/lib/python3.7/site-packages/airflow/example_dags/example_short_circuit_operator.py
[2025-02-08T22:07:07.642+0000] {processor.py:753} INFO - DAG(s) dict_keys(['example_short_circuit_operator']) retrieved from /home/airflow/.local/lib/python3.7/site-packages/airflow/example_dags/example_short_circuit_operator.py
[2025-02-08T22:07:07.666+0000] {logging_mixin.py:137} INFO - [2025-02-08T22:07:07.666+0000] {dag.py:2690} INFO - Sync 1 DAGs
[2025-02-08T22:07:07.691+0000] {logging_mixin.py:137} INFO - [2025-02-08T22:07:07.690+0000] {dag.py:3441} INFO - Setting next_dagrun for example_short_circuit_operator to 2025-02-07T22:07:07.690712+00:00, run_after=2025-02-08T22:07:07.690712+00:00
[2025-02-08T22:07:07.713+0000] {processor.py:175} INFO - Processing /home/airflow/.local/lib/python3.7/site-packages/airflow/example_dags/example_short_circuit_operator.py took 0.091 seconds
[2025-02-08T22:07:38.334+0000] {processor.py:153} INFO - Started process (PID=297) to work on /home/airflow/.local/lib/python3.7/site-packages/airflow/example_dags/example_short_circuit_operator.py
[2025-02-08T22:07:38.336+0000] {processor.py:743} INFO - Processing file /home/airflow/.local/lib/python3.7/site-packages/airflow/example_dags/example_short_circuit_operator.py for tasks to queue
[2025-02-08T22:07:38.338+0000] {logging_mixin.py:137} INFO - [2025-02-08T22:07:38.338+0000] {dagbag.py:538} INFO - Filling up the DagBag from /home/airflow/.local/lib/python3.7/site-packages/airflow/example_dags/example_short_circuit_operator.py
[2025-02-08T22:07:38.362+0000] {processor.py:753} INFO - DAG(s) dict_keys(['example_short_circuit_operator']) retrieved from /home/airflow/.local/lib/python3.7/site-packages/airflow/example_dags/example_short_circuit_operator.py
[2025-02-08T22:07:38.394+0000] {logging_mixin.py:137} INFO - [2025-02-08T22:07:38.394+0000] {dag.py:2690} INFO - Sync 1 DAGs
[2025-02-08T22:07:38.430+0000] {logging_mixin.py:137} INFO - [2025-02-08T22:07:38.429+0000] {dag.py:3441} INFO - Setting next_dagrun for example_short_circuit_operator to 2025-02-07T22:07:38.429586+00:00, run_after=2025-02-08T22:07:38.429586+00:00
[2025-02-08T22:07:38.458+0000] {processor.py:175} INFO - Processing /home/airflow/.local/lib/python3.7/site-packages/airflow/example_dags/example_short_circuit_operator.py took 0.128 seconds
[2025-02-08T22:08:08.829+0000] {processor.py:153} INFO - Started process (PID=368) to work on /home/airflow/.local/lib/python3.7/site-packages/airflow/example_dags/example_short_circuit_operator.py
[2025-02-08T22:08:08.830+0000] {processor.py:743} INFO - Processing file /home/airflow/.local/lib/python3.7/site-packages/airflow/example_dags/example_short_circuit_operator.py for tasks to queue
[2025-02-08T22:08:08.831+0000] {logging_mixin.py:137} INFO - [2025-02-08T22:08:08.831+0000] {dagbag.py:538} INFO - Filling up the DagBag from /home/airflow/.local/lib/python3.7/site-packages/airflow/example_dags/example_short_circuit_operator.py
[2025-02-08T22:08:08.854+0000] {processor.py:753} INFO - DAG(s) dict_keys(['example_short_circuit_operator']) retrieved from /home/airflow/.local/lib/python3.7/site-packages/airflow/example_dags/example_short_circuit_operator.py
[2025-02-08T22:08:08.886+0000] {logging_mixin.py:137} INFO - [2025-02-08T22:08:08.885+0000] {dag.py:2690} INFO - Sync 1 DAGs
[2025-02-08T22:08:08.912+0000] {logging_mixin.py:137} INFO - [2025-02-08T22:08:08.912+0000] {dag.py:3441} INFO - Setting next_dagrun for example_short_circuit_operator to 2025-02-07T22:08:08.911820+00:00, run_after=2025-02-08T22:08:08.911820+00:00
[2025-02-08T22:08:08.938+0000] {processor.py:175} INFO - Processing /home/airflow/.local/lib/python3.7/site-packages/airflow/example_dags/example_short_circuit_operator.py took 0.112 seconds
[2025-02-08T22:08:40.365+0000] {processor.py:153} INFO - Started process (PID=439) to work on /home/airflow/.local/lib/python3.7/site-packages/airflow/example_dags/example_short_circuit_operator.py
[2025-02-08T22:08:40.367+0000] {processor.py:743} INFO - Processing file /home/airflow/.local/lib/python3.7/site-packages/airflow/example_dags/example_short_circuit_operator.py for tasks to queue
[2025-02-08T22:08:40.368+0000] {logging_mixin.py:137} INFO - [2025-02-08T22:08:40.368+0000] {dagbag.py:538} INFO - Filling up the DagBag from /home/airflow/.local/lib/python3.7/site-packages/airflow/example_dags/example_short_circuit_operator.py
[2025-02-08T22:08:40.404+0000] {processor.py:753} INFO - DAG(s) dict_keys(['example_short_circuit_operator']) retrieved from /home/airflow/.local/lib/python3.7/site-packages/airflow/example_dags/example_short_circuit_operator.py
[2025-02-08T22:08:40.504+0000] {logging_mixin.py:137} INFO - [2025-02-08T22:08:40.504+0000] {dag.py:2690} INFO - Sync 1 DAGs
[2025-02-08T22:08:40.571+0000] {logging_mixin.py:137} INFO - [2025-02-08T22:08:40.570+0000] {dag.py:3441} INFO - Setting next_dagrun for example_short_circuit_operator to 2025-02-07T22:08:40.569139+00:00, run_after=2025-02-08T22:08:40.569139+00:00
[2025-02-08T22:08:40.650+0000] {processor.py:175} INFO - Processing /home/airflow/.local/lib/python3.7/site-packages/airflow/example_dags/example_short_circuit_operator.py took 0.292 seconds
[2025-02-08T22:09:10.845+0000] {processor.py:153} INFO - Started process (PID=526) to work on /home/airflow/.local/lib/python3.7/site-packages/airflow/example_dags/example_short_circuit_operator.py
[2025-02-08T22:09:10.846+0000] {processor.py:743} INFO - Processing file /home/airflow/.local/lib/python3.7/site-packages/airflow/example_dags/example_short_circuit_operator.py for tasks to queue
[2025-02-08T22:09:10.847+0000] {logging_mixin.py:137} INFO - [2025-02-08T22:09:10.847+0000] {dagbag.py:538} INFO - Filling up the DagBag from /home/airflow/.local/lib/python3.7/site-packages/airflow/example_dags/example_short_circuit_operator.py
[2025-02-08T22:09:10.869+0000] {processor.py:753} INFO - DAG(s) dict_keys(['example_short_circuit_operator']) retrieved from /home/airflow/.local/lib/python3.7/site-packages/airflow/example_dags/example_short_circuit_operator.py
[2025-02-08T22:09:10.898+0000] {logging_mixin.py:137} INFO - [2025-02-08T22:09:10.898+0000] {dag.py:2690} INFO - Sync 1 DAGs
[2025-02-08T22:09:10.934+0000] {logging_mixin.py:137} INFO - [2025-02-08T22:09:10.934+0000] {dag.py:3441} INFO - Setting next_dagrun for example_short_circuit_operator to 2025-02-07T22:09:10.934192+00:00, run_after=2025-02-08T22:09:10.934192+00:00
[2025-02-08T22:09:10.958+0000] {processor.py:175} INFO - Processing /home/airflow/.local/lib/python3.7/site-packages/airflow/example_dags/example_short_circuit_operator.py took 0.116 seconds
[2025-02-08T22:09:42.377+0000] {processor.py:153} INFO - Started process (PID=597) to work on /home/airflow/.local/lib/python3.7/site-packages/airflow/example_dags/example_short_circuit_operator.py
[2025-02-08T22:09:42.380+0000] {processor.py:743} INFO - Processing file /home/airflow/.local/lib/python3.7/site-packages/airflow/example_dags/example_short_circuit_operator.py for tasks to queue
[2025-02-08T22:09:42.382+0000] {logging_mixin.py:137} INFO - [2025-02-08T22:09:42.382+0000] {dagbag.py:538} INFO - Filling up the DagBag from /home/airflow/.local/lib/python3.7/site-packages/airflow/example_dags/example_short_circuit_operator.py
[2025-02-08T22:09:42.454+0000] {processor.py:753} INFO - DAG(s) dict_keys(['example_short_circuit_operator']) retrieved from /home/airflow/.local/lib/python3.7/site-packages/airflow/example_dags/example_short_circuit_operator.py
[2025-02-08T22:09:42.541+0000] {logging_mixin.py:137} INFO - [2025-02-08T22:09:42.541+0000] {dag.py:2690} INFO - Sync 1 DAGs
[2025-02-08T22:09:42.615+0000] {logging_mixin.py:137} INFO - [2025-02-08T22:09:42.615+0000] {dag.py:3441} INFO - Setting next_dagrun for example_short_circuit_operator to 2025-02-07T22:09:42.614928+00:00, run_after=2025-02-08T22:09:42.614928+00:00
[2025-02-08T22:09:42.679+0000] {processor.py:175} INFO - Processing /home/airflow/.local/lib/python3.7/site-packages/airflow/example_dags/example_short_circuit_operator.py took 0.311 seconds
[2025-02-08T22:10:13.765+0000] {processor.py:153} INFO - Started process (PID=684) to work on /home/airflow/.local/lib/python3.7/site-packages/airflow/example_dags/example_short_circuit_operator.py
[2025-02-08T22:10:13.767+0000] {processor.py:743} INFO - Processing file /home/airflow/.local/lib/python3.7/site-packages/airflow/example_dags/example_short_circuit_operator.py for tasks to queue
[2025-02-08T22:10:13.768+0000] {logging_mixin.py:137} INFO - [2025-02-08T22:10:13.768+0000] {dagbag.py:538} INFO - Filling up the DagBag from /home/airflow/.local/lib/python3.7/site-packages/airflow/example_dags/example_short_circuit_operator.py
[2025-02-08T22:10:13.800+0000] {processor.py:753} INFO - DAG(s) dict_keys(['example_short_circuit_operator']) retrieved from /home/airflow/.local/lib/python3.7/site-packages/airflow/example_dags/example_short_circuit_operator.py
[2025-02-08T22:10:13.863+0000] {logging_mixin.py:137} INFO - [2025-02-08T22:10:13.863+0000] {dag.py:2690} INFO - Sync 1 DAGs
[2025-02-08T22:10:13.957+0000] {logging_mixin.py:137} INFO - [2025-02-08T22:10:13.957+0000] {dag.py:3441} INFO - Setting next_dagrun for example_short_circuit_operator to 2025-02-07T22:10:13.956611+00:00, run_after=2025-02-08T22:10:13.956611+00:00
[2025-02-08T22:10:14.040+0000] {processor.py:175} INFO - Processing /home/airflow/.local/lib/python3.7/site-packages/airflow/example_dags/example_short_circuit_operator.py took 0.280 seconds
[2025-02-08T22:10:44.835+0000] {processor.py:153} INFO - Started process (PID=755) to work on /home/airflow/.local/lib/python3.7/site-packages/airflow/example_dags/example_short_circuit_operator.py
[2025-02-08T22:10:44.836+0000] {processor.py:743} INFO - Processing file /home/airflow/.local/lib/python3.7/site-packages/airflow/example_dags/example_short_circuit_operator.py for tasks to queue
[2025-02-08T22:10:44.837+0000] {logging_mixin.py:137} INFO - [2025-02-08T22:10:44.837+0000] {dagbag.py:538} INFO - Filling up the DagBag from /home/airflow/.local/lib/python3.7/site-packages/airflow/example_dags/example_short_circuit_operator.py
[2025-02-08T22:10:44.855+0000] {processor.py:753} INFO - DAG(s) dict_keys(['example_short_circuit_operator']) retrieved from /home/airflow/.local/lib/python3.7/site-packages/airflow/example_dags/example_short_circuit_operator.py
[2025-02-08T22:10:44.891+0000] {logging_mixin.py:137} INFO - [2025-02-08T22:10:44.890+0000] {dag.py:2690} INFO - Sync 1 DAGs
[2025-02-08T22:10:44.917+0000] {logging_mixin.py:137} INFO - [2025-02-08T22:10:44.916+0000] {dag.py:3441} INFO - Setting next_dagrun for example_short_circuit_operator to 2025-02-07T22:10:44.916712+00:00, run_after=2025-02-08T22:10:44.916712+00:00
[2025-02-08T22:10:44.941+0000] {processor.py:175} INFO - Processing /home/airflow/.local/lib/python3.7/site-packages/airflow/example_dags/example_short_circuit_operator.py took 0.110 seconds
[2025-02-08T22:11:20.689+0000] {processor.py:153} INFO - Started process (PID=842) to work on /home/airflow/.local/lib/python3.7/site-packages/airflow/example_dags/example_short_circuit_operator.py
[2025-02-08T22:11:20.691+0000] {processor.py:743} INFO - Processing file /home/airflow/.local/lib/python3.7/site-packages/airflow/example_dags/example_short_circuit_operator.py for tasks to queue
[2025-02-08T22:11:20.693+0000] {logging_mixin.py:137} INFO - [2025-02-08T22:11:20.692+0000] {dagbag.py:538} INFO - Filling up the DagBag from /home/airflow/.local/lib/python3.7/site-packages/airflow/example_dags/example_short_circuit_operator.py
[2025-02-08T22:11:20.726+0000] {processor.py:753} INFO - DAG(s) dict_keys(['example_short_circuit_operator']) retrieved from /home/airflow/.local/lib/python3.7/site-packages/airflow/example_dags/example_short_circuit_operator.py
[2025-02-08T22:11:20.802+0000] {logging_mixin.py:137} INFO - [2025-02-08T22:11:20.802+0000] {dag.py:2690} INFO - Sync 1 DAGs
[2025-02-08T22:11:20.857+0000] {logging_mixin.py:137} INFO - [2025-02-08T22:11:20.856+0000] {dag.py:3441} INFO - Setting next_dagrun for example_short_circuit_operator to 2025-02-07T22:11:20.856426+00:00, run_after=2025-02-08T22:11:20.856426+00:00
[2025-02-08T22:11:20.898+0000] {processor.py:175} INFO - Processing /home/airflow/.local/lib/python3.7/site-packages/airflow/example_dags/example_short_circuit_operator.py took 0.214 seconds
[2025-02-08T22:11:51.143+0000] {processor.py:153} INFO - Started process (PID=922) to work on /home/airflow/.local/lib/python3.7/site-packages/airflow/example_dags/example_short_circuit_operator.py
[2025-02-08T22:11:51.144+0000] {processor.py:743} INFO - Processing file /home/airflow/.local/lib/python3.7/site-packages/airflow/example_dags/example_short_circuit_operator.py for tasks to queue
[2025-02-08T22:11:51.146+0000] {logging_mixin.py:137} INFO - [2025-02-08T22:11:51.145+0000] {dagbag.py:538} INFO - Filling up the DagBag from /home/airflow/.local/lib/python3.7/site-packages/airflow/example_dags/example_short_circuit_operator.py
[2025-02-08T22:11:51.162+0000] {processor.py:753} INFO - DAG(s) dict_keys(['example_short_circuit_operator']) retrieved from /home/airflow/.local/lib/python3.7/site-packages/airflow/example_dags/example_short_circuit_operator.py
[2025-02-08T22:11:51.188+0000] {logging_mixin.py:137} INFO - [2025-02-08T22:11:51.188+0000] {dag.py:2690} INFO - Sync 1 DAGs
[2025-02-08T22:11:51.214+0000] {logging_mixin.py:137} INFO - [2025-02-08T22:11:51.214+0000] {dag.py:3441} INFO - Setting next_dagrun for example_short_circuit_operator to 2025-02-07T22:11:51.214577+00:00, run_after=2025-02-08T22:11:51.214577+00:00
[2025-02-08T22:11:51.237+0000] {processor.py:175} INFO - Processing /home/airflow/.local/lib/python3.7/site-packages/airflow/example_dags/example_short_circuit_operator.py took 0.097 seconds
[2025-02-08T22:12:21.451+0000] {processor.py:153} INFO - Started process (PID=1001) to work on /home/airflow/.local/lib/python3.7/site-packages/airflow/example_dags/example_short_circuit_operator.py
[2025-02-08T22:12:21.452+0000] {processor.py:743} INFO - Processing file /home/airflow/.local/lib/python3.7/site-packages/airflow/example_dags/example_short_circuit_operator.py for tasks to queue
[2025-02-08T22:12:21.453+0000] {logging_mixin.py:137} INFO - [2025-02-08T22:12:21.453+0000] {dagbag.py:538} INFO - Filling up the DagBag from /home/airflow/.local/lib/python3.7/site-packages/airflow/example_dags/example_short_circuit_operator.py
[2025-02-08T22:12:21.469+0000] {processor.py:753} INFO - DAG(s) dict_keys(['example_short_circuit_operator']) retrieved from /home/airflow/.local/lib/python3.7/site-packages/airflow/example_dags/example_short_circuit_operator.py
[2025-02-08T22:12:21.494+0000] {logging_mixin.py:137} INFO - [2025-02-08T22:12:21.494+0000] {dag.py:2690} INFO - Sync 1 DAGs
[2025-02-08T22:12:21.522+0000] {logging_mixin.py:137} INFO - [2025-02-08T22:12:21.521+0000] {dag.py:3441} INFO - Setting next_dagrun for example_short_circuit_operator to 2025-02-07T22:12:21.521584+00:00, run_after=2025-02-08T22:12:21.521584+00:00
[2025-02-08T22:12:21.548+0000] {processor.py:175} INFO - Processing /home/airflow/.local/lib/python3.7/site-packages/airflow/example_dags/example_short_circuit_operator.py took 0.101 seconds
[2025-02-08T22:12:52.085+0000] {processor.py:153} INFO - Started process (PID=1072) to work on /home/airflow/.local/lib/python3.7/site-packages/airflow/example_dags/example_short_circuit_operator.py
[2025-02-08T22:12:52.086+0000] {processor.py:743} INFO - Processing file /home/airflow/.local/lib/python3.7/site-packages/airflow/example_dags/example_short_circuit_operator.py for tasks to queue
[2025-02-08T22:12:52.087+0000] {logging_mixin.py:137} INFO - [2025-02-08T22:12:52.087+0000] {dagbag.py:538} INFO - Filling up the DagBag from /home/airflow/.local/lib/python3.7/site-packages/airflow/example_dags/example_short_circuit_operator.py
[2025-02-08T22:12:52.104+0000] {processor.py:753} INFO - DAG(s) dict_keys(['example_short_circuit_operator']) retrieved from /home/airflow/.local/lib/python3.7/site-packages/airflow/example_dags/example_short_circuit_operator.py
[2025-02-08T22:12:52.132+0000] {logging_mixin.py:137} INFO - [2025-02-08T22:12:52.131+0000] {dag.py:2690} INFO - Sync 1 DAGs
[2025-02-08T22:12:52.158+0000] {logging_mixin.py:137} INFO - [2025-02-08T22:12:52.157+0000] {dag.py:3441} INFO - Setting next_dagrun for example_short_circuit_operator to 2025-02-07T22:12:52.156979+00:00, run_after=2025-02-08T22:12:52.156979+00:00
[2025-02-08T22:12:52.184+0000] {processor.py:175} INFO - Processing /home/airflow/.local/lib/python3.7/site-packages/airflow/example_dags/example_short_circuit_operator.py took 0.103 seconds
[2025-02-08T22:13:22.292+0000] {processor.py:153} INFO - Started process (PID=1159) to work on /home/airflow/.local/lib/python3.7/site-packages/airflow/example_dags/example_short_circuit_operator.py
[2025-02-08T22:13:22.293+0000] {processor.py:743} INFO - Processing file /home/airflow/.local/lib/python3.7/site-packages/airflow/example_dags/example_short_circuit_operator.py for tasks to queue
[2025-02-08T22:13:22.293+0000] {logging_mixin.py:137} INFO - [2025-02-08T22:13:22.293+0000] {dagbag.py:538} INFO - Filling up the DagBag from /home/airflow/.local/lib/python3.7/site-packages/airflow/example_dags/example_short_circuit_operator.py
[2025-02-08T22:13:22.308+0000] {processor.py:753} INFO - DAG(s) dict_keys(['example_short_circuit_operator']) retrieved from /home/airflow/.local/lib/python3.7/site-packages/airflow/example_dags/example_short_circuit_operator.py
[2025-02-08T22:13:22.333+0000] {logging_mixin.py:137} INFO - [2025-02-08T22:13:22.333+0000] {dag.py:2690} INFO - Sync 1 DAGs
[2025-02-08T22:13:22.360+0000] {logging_mixin.py:137} INFO - [2025-02-08T22:13:22.360+0000] {dag.py:3441} INFO - Setting next_dagrun for example_short_circuit_operator to 2025-02-07T22:13:22.360523+00:00, run_after=2025-02-08T22:13:22.360523+00:00
[2025-02-08T22:13:22.383+0000] {processor.py:175} INFO - Processing /home/airflow/.local/lib/python3.7/site-packages/airflow/example_dags/example_short_circuit_operator.py took 0.095 seconds
[2025-02-08T22:13:53.166+0000] {processor.py:153} INFO - Started process (PID=1230) to work on /home/airflow/.local/lib/python3.7/site-packages/airflow/example_dags/example_short_circuit_operator.py
[2025-02-08T22:13:53.168+0000] {processor.py:743} INFO - Processing file /home/airflow/.local/lib/python3.7/site-packages/airflow/example_dags/example_short_circuit_operator.py for tasks to queue
[2025-02-08T22:13:53.169+0000] {logging_mixin.py:137} INFO - [2025-02-08T22:13:53.169+0000] {dagbag.py:538} INFO - Filling up the DagBag from /home/airflow/.local/lib/python3.7/site-packages/airflow/example_dags/example_short_circuit_operator.py
[2025-02-08T22:13:53.190+0000] {processor.py:753} INFO - DAG(s) dict_keys(['example_short_circuit_operator']) retrieved from /home/airflow/.local/lib/python3.7/site-packages/airflow/example_dags/example_short_circuit_operator.py
[2025-02-08T22:13:53.234+0000] {logging_mixin.py:137} INFO - [2025-02-08T22:13:53.234+0000] {dag.py:2690} INFO - Sync 1 DAGs
[2025-02-08T22:13:53.267+0000] {logging_mixin.py:137} INFO - [2025-02-08T22:13:53.267+0000] {dag.py:3441} INFO - Setting next_dagrun for example_short_circuit_operator to 2025-02-07T22:13:53.267290+00:00, run_after=2025-02-08T22:13:53.267290+00:00
[2025-02-08T22:13:53.300+0000] {processor.py:175} INFO - Processing /home/airflow/.local/lib/python3.7/site-packages/airflow/example_dags/example_short_circuit_operator.py took 0.139 seconds
[2025-02-08T22:14:24.718+0000] {processor.py:153} INFO - Started process (PID=1317) to work on /home/airflow/.local/lib/python3.7/site-packages/airflow/example_dags/example_short_circuit_operator.py
[2025-02-08T22:14:24.724+0000] {processor.py:743} INFO - Processing file /home/airflow/.local/lib/python3.7/site-packages/airflow/example_dags/example_short_circuit_operator.py for tasks to queue
[2025-02-08T22:14:24.727+0000] {logging_mixin.py:137} INFO - [2025-02-08T22:14:24.727+0000] {dagbag.py:538} INFO - Filling up the DagBag from /home/airflow/.local/lib/python3.7/site-packages/airflow/example_dags/example_short_circuit_operator.py
[2025-02-08T22:14:24.794+0000] {processor.py:753} INFO - DAG(s) dict_keys(['example_short_circuit_operator']) retrieved from /home/airflow/.local/lib/python3.7/site-packages/airflow/example_dags/example_short_circuit_operator.py
[2025-02-08T22:14:24.880+0000] {logging_mixin.py:137} INFO - [2025-02-08T22:14:24.877+0000] {dag.py:2690} INFO - Sync 1 DAGs
[2025-02-08T22:14:24.974+0000] {logging_mixin.py:137} INFO - [2025-02-08T22:14:24.973+0000] {dag.py:3441} INFO - Setting next_dagrun for example_short_circuit_operator to 2025-02-07T22:14:24.973086+00:00, run_after=2025-02-08T22:14:24.973086+00:00
[2025-02-08T22:14:25.175+0000] {processor.py:175} INFO - Processing /home/airflow/.local/lib/python3.7/site-packages/airflow/example_dags/example_short_circuit_operator.py took 0.466 seconds
[2025-02-08T22:14:55.312+0000] {processor.py:153} INFO - Started process (PID=1388) to work on /home/airflow/.local/lib/python3.7/site-packages/airflow/example_dags/example_short_circuit_operator.py
[2025-02-08T22:14:55.313+0000] {processor.py:743} INFO - Processing file /home/airflow/.local/lib/python3.7/site-packages/airflow/example_dags/example_short_circuit_operator.py for tasks to queue
[2025-02-08T22:14:55.315+0000] {logging_mixin.py:137} INFO - [2025-02-08T22:14:55.314+0000] {dagbag.py:538} INFO - Filling up the DagBag from /home/airflow/.local/lib/python3.7/site-packages/airflow/example_dags/example_short_circuit_operator.py
[2025-02-08T22:14:55.343+0000] {processor.py:753} INFO - DAG(s) dict_keys(['example_short_circuit_operator']) retrieved from /home/airflow/.local/lib/python3.7/site-packages/airflow/example_dags/example_short_circuit_operator.py
[2025-02-08T22:14:55.387+0000] {logging_mixin.py:137} INFO - [2025-02-08T22:14:55.387+0000] {dag.py:2690} INFO - Sync 1 DAGs
[2025-02-08T22:14:55.427+0000] {logging_mixin.py:137} INFO - [2025-02-08T22:14:55.426+0000] {dag.py:3441} INFO - Setting next_dagrun for example_short_circuit_operator to 2025-02-07T22:14:55.426567+00:00, run_after=2025-02-08T22:14:55.426567+00:00
[2025-02-08T22:14:55.462+0000] {processor.py:175} INFO - Processing /home/airflow/.local/lib/python3.7/site-packages/airflow/example_dags/example_short_circuit_operator.py took 0.156 seconds
[2025-02-08T22:15:25.597+0000] {processor.py:153} INFO - Started process (PID=1459) to work on /home/airflow/.local/lib/python3.7/site-packages/airflow/example_dags/example_short_circuit_operator.py
[2025-02-08T22:15:25.597+0000] {processor.py:743} INFO - Processing file /home/airflow/.local/lib/python3.7/site-packages/airflow/example_dags/example_short_circuit_operator.py for tasks to queue
[2025-02-08T22:15:25.598+0000] {logging_mixin.py:137} INFO - [2025-02-08T22:15:25.598+0000] {dagbag.py:538} INFO - Filling up the DagBag from /home/airflow/.local/lib/python3.7/site-packages/airflow/example_dags/example_short_circuit_operator.py
[2025-02-08T22:15:25.612+0000] {processor.py:753} INFO - DAG(s) dict_keys(['example_short_circuit_operator']) retrieved from /home/airflow/.local/lib/python3.7/site-packages/airflow/example_dags/example_short_circuit_operator.py
[2025-02-08T22:15:25.640+0000] {logging_mixin.py:137} INFO - [2025-02-08T22:15:25.639+0000] {dag.py:2690} INFO - Sync 1 DAGs
[2025-02-08T22:15:25.662+0000] {logging_mixin.py:137} INFO - [2025-02-08T22:15:25.662+0000] {dag.py:3441} INFO - Setting next_dagrun for example_short_circuit_operator to 2025-02-07T22:15:25.662543+00:00, run_after=2025-02-08T22:15:25.662543+00:00
[2025-02-08T22:15:25.685+0000] {processor.py:175} INFO - Processing /home/airflow/.local/lib/python3.7/site-packages/airflow/example_dags/example_short_circuit_operator.py took 0.091 seconds
[2025-02-08T22:15:56.072+0000] {processor.py:153} INFO - Started process (PID=1546) to work on /home/airflow/.local/lib/python3.7/site-packages/airflow/example_dags/example_short_circuit_operator.py
[2025-02-08T22:15:56.074+0000] {processor.py:743} INFO - Processing file /home/airflow/.local/lib/python3.7/site-packages/airflow/example_dags/example_short_circuit_operator.py for tasks to queue
[2025-02-08T22:15:56.076+0000] {logging_mixin.py:137} INFO - [2025-02-08T22:15:56.075+0000] {dagbag.py:538} INFO - Filling up the DagBag from /home/airflow/.local/lib/python3.7/site-packages/airflow/example_dags/example_short_circuit_operator.py
[2025-02-08T22:15:56.109+0000] {processor.py:753} INFO - DAG(s) dict_keys(['example_short_circuit_operator']) retrieved from /home/airflow/.local/lib/python3.7/site-packages/airflow/example_dags/example_short_circuit_operator.py
[2025-02-08T22:15:56.149+0000] {logging_mixin.py:137} INFO - [2025-02-08T22:15:56.148+0000] {dag.py:2690} INFO - Sync 1 DAGs
[2025-02-08T22:15:56.187+0000] {logging_mixin.py:137} INFO - [2025-02-08T22:15:56.187+0000] {dag.py:3441} INFO - Setting next_dagrun for example_short_circuit_operator to 2025-02-07T22:15:56.187087+00:00, run_after=2025-02-08T22:15:56.187087+00:00
[2025-02-08T22:15:56.219+0000] {processor.py:175} INFO - Processing /home/airflow/.local/lib/python3.7/site-packages/airflow/example_dags/example_short_circuit_operator.py took 0.151 seconds
[2025-02-08T22:16:26.329+0000] {processor.py:153} INFO - Started process (PID=1617) to work on /home/airflow/.local/lib/python3.7/site-packages/airflow/example_dags/example_short_circuit_operator.py
[2025-02-08T22:16:26.330+0000] {processor.py:743} INFO - Processing file /home/airflow/.local/lib/python3.7/site-packages/airflow/example_dags/example_short_circuit_operator.py for tasks to queue
[2025-02-08T22:16:26.331+0000] {logging_mixin.py:137} INFO - [2025-02-08T22:16:26.331+0000] {dagbag.py:538} INFO - Filling up the DagBag from /home/airflow/.local/lib/python3.7/site-packages/airflow/example_dags/example_short_circuit_operator.py
[2025-02-08T22:16:26.345+0000] {processor.py:753} INFO - DAG(s) dict_keys(['example_short_circuit_operator']) retrieved from /home/airflow/.local/lib/python3.7/site-packages/airflow/example_dags/example_short_circuit_operator.py
[2025-02-08T22:16:26.369+0000] {logging_mixin.py:137} INFO - [2025-02-08T22:16:26.369+0000] {dag.py:2690} INFO - Sync 1 DAGs
[2025-02-08T22:16:26.391+0000] {logging_mixin.py:137} INFO - [2025-02-08T22:16:26.391+0000] {dag.py:3441} INFO - Setting next_dagrun for example_short_circuit_operator to 2025-02-07T22:16:26.391552+00:00, run_after=2025-02-08T22:16:26.391552+00:00
[2025-02-08T22:16:26.414+0000] {processor.py:175} INFO - Processing /home/airflow/.local/lib/python3.7/site-packages/airflow/example_dags/example_short_circuit_operator.py took 0.088 seconds
[2025-02-08T22:16:56.836+0000] {processor.py:153} INFO - Started process (PID=1704) to work on /home/airflow/.local/lib/python3.7/site-packages/airflow/example_dags/example_short_circuit_operator.py
[2025-02-08T22:16:56.837+0000] {processor.py:743} INFO - Processing file /home/airflow/.local/lib/python3.7/site-packages/airflow/example_dags/example_short_circuit_operator.py for tasks to queue
[2025-02-08T22:16:56.837+0000] {logging_mixin.py:137} INFO - [2025-02-08T22:16:56.837+0000] {dagbag.py:538} INFO - Filling up the DagBag from /home/airflow/.local/lib/python3.7/site-packages/airflow/example_dags/example_short_circuit_operator.py
[2025-02-08T22:16:56.861+0000] {processor.py:753} INFO - DAG(s) dict_keys(['example_short_circuit_operator']) retrieved from /home/airflow/.local/lib/python3.7/site-packages/airflow/example_dags/example_short_circuit_operator.py
[2025-02-08T22:16:56.904+0000] {logging_mixin.py:137} INFO - [2025-02-08T22:16:56.904+0000] {dag.py:2690} INFO - Sync 1 DAGs
[2025-02-08T22:16:56.934+0000] {logging_mixin.py:137} INFO - [2025-02-08T22:16:56.934+0000] {dag.py:3441} INFO - Setting next_dagrun for example_short_circuit_operator to 2025-02-07T22:16:56.933824+00:00, run_after=2025-02-08T22:16:56.933824+00:00
[2025-02-08T22:16:56.960+0000] {processor.py:175} INFO - Processing /home/airflow/.local/lib/python3.7/site-packages/airflow/example_dags/example_short_circuit_operator.py took 0.127 seconds
[2025-02-08T22:17:27.430+0000] {processor.py:153} INFO - Started process (PID=1775) to work on /home/airflow/.local/lib/python3.7/site-packages/airflow/example_dags/example_short_circuit_operator.py
[2025-02-08T22:17:27.431+0000] {processor.py:743} INFO - Processing file /home/airflow/.local/lib/python3.7/site-packages/airflow/example_dags/example_short_circuit_operator.py for tasks to queue
[2025-02-08T22:17:27.432+0000] {logging_mixin.py:137} INFO - [2025-02-08T22:17:27.432+0000] {dagbag.py:538} INFO - Filling up the DagBag from /home/airflow/.local/lib/python3.7/site-packages/airflow/example_dags/example_short_circuit_operator.py
[2025-02-08T22:17:27.447+0000] {processor.py:753} INFO - DAG(s) dict_keys(['example_short_circuit_operator']) retrieved from /home/airflow/.local/lib/python3.7/site-packages/airflow/example_dags/example_short_circuit_operator.py
[2025-02-08T22:17:27.472+0000] {logging_mixin.py:137} INFO - [2025-02-08T22:17:27.472+0000] {dag.py:2690} INFO - Sync 1 DAGs
[2025-02-08T22:17:27.496+0000] {logging_mixin.py:137} INFO - [2025-02-08T22:17:27.496+0000] {dag.py:3441} INFO - Setting next_dagrun for example_short_circuit_operator to 2025-02-07T22:17:27.496077+00:00, run_after=2025-02-08T22:17:27.496077+00:00
[2025-02-08T22:17:27.518+0000] {processor.py:175} INFO - Processing /home/airflow/.local/lib/python3.7/site-packages/airflow/example_dags/example_short_circuit_operator.py took 0.091 seconds
[2025-02-08T22:17:57.735+0000] {processor.py:153} INFO - Started process (PID=1846) to work on /home/airflow/.local/lib/python3.7/site-packages/airflow/example_dags/example_short_circuit_operator.py
[2025-02-08T22:17:57.737+0000] {processor.py:743} INFO - Processing file /home/airflow/.local/lib/python3.7/site-packages/airflow/example_dags/example_short_circuit_operator.py for tasks to queue
[2025-02-08T22:17:57.738+0000] {logging_mixin.py:137} INFO - [2025-02-08T22:17:57.738+0000] {dagbag.py:538} INFO - Filling up the DagBag from /home/airflow/.local/lib/python3.7/site-packages/airflow/example_dags/example_short_circuit_operator.py
[2025-02-08T22:17:57.755+0000] {processor.py:753} INFO - DAG(s) dict_keys(['example_short_circuit_operator']) retrieved from /home/airflow/.local/lib/python3.7/site-packages/airflow/example_dags/example_short_circuit_operator.py
[2025-02-08T22:17:57.781+0000] {logging_mixin.py:137} INFO - [2025-02-08T22:17:57.781+0000] {dag.py:2690} INFO - Sync 1 DAGs
[2025-02-08T22:17:57.804+0000] {logging_mixin.py:137} INFO - [2025-02-08T22:17:57.804+0000] {dag.py:3441} INFO - Setting next_dagrun for example_short_circuit_operator to 2025-02-07T22:17:57.804109+00:00, run_after=2025-02-08T22:17:57.804109+00:00
[2025-02-08T22:17:57.828+0000] {processor.py:175} INFO - Processing /home/airflow/.local/lib/python3.7/site-packages/airflow/example_dags/example_short_circuit_operator.py took 0.096 seconds
[2025-02-08T22:18:28.453+0000] {processor.py:153} INFO - Started process (PID=1933) to work on /home/airflow/.local/lib/python3.7/site-packages/airflow/example_dags/example_short_circuit_operator.py
[2025-02-08T22:18:28.454+0000] {processor.py:743} INFO - Processing file /home/airflow/.local/lib/python3.7/site-packages/airflow/example_dags/example_short_circuit_operator.py for tasks to queue
[2025-02-08T22:18:28.456+0000] {logging_mixin.py:137} INFO - [2025-02-08T22:18:28.456+0000] {dagbag.py:538} INFO - Filling up the DagBag from /home/airflow/.local/lib/python3.7/site-packages/airflow/example_dags/example_short_circuit_operator.py
[2025-02-08T22:18:28.483+0000] {processor.py:753} INFO - DAG(s) dict_keys(['example_short_circuit_operator']) retrieved from /home/airflow/.local/lib/python3.7/site-packages/airflow/example_dags/example_short_circuit_operator.py
[2025-02-08T22:18:28.531+0000] {logging_mixin.py:137} INFO - [2025-02-08T22:18:28.531+0000] {dag.py:2690} INFO - Sync 1 DAGs
[2025-02-08T22:18:28.580+0000] {logging_mixin.py:137} INFO - [2025-02-08T22:18:28.580+0000] {dag.py:3441} INFO - Setting next_dagrun for example_short_circuit_operator to 2025-02-07T22:18:28.580141+00:00, run_after=2025-02-08T22:18:28.580141+00:00
[2025-02-08T22:18:28.625+0000] {processor.py:175} INFO - Processing /home/airflow/.local/lib/python3.7/site-packages/airflow/example_dags/example_short_circuit_operator.py took 0.177 seconds
[2025-02-08T22:18:59.182+0000] {processor.py:153} INFO - Started process (PID=2020) to work on /home/airflow/.local/lib/python3.7/site-packages/airflow/example_dags/example_short_circuit_operator.py
[2025-02-08T22:18:59.183+0000] {processor.py:743} INFO - Processing file /home/airflow/.local/lib/python3.7/site-packages/airflow/example_dags/example_short_circuit_operator.py for tasks to queue
[2025-02-08T22:18:59.184+0000] {logging_mixin.py:137} INFO - [2025-02-08T22:18:59.184+0000] {dagbag.py:538} INFO - Filling up the DagBag from /home/airflow/.local/lib/python3.7/site-packages/airflow/example_dags/example_short_circuit_operator.py
[2025-02-08T22:18:59.201+0000] {processor.py:753} INFO - DAG(s) dict_keys(['example_short_circuit_operator']) retrieved from /home/airflow/.local/lib/python3.7/site-packages/airflow/example_dags/example_short_circuit_operator.py
[2025-02-08T22:18:59.225+0000] {logging_mixin.py:137} INFO - [2025-02-08T22:18:59.225+0000] {dag.py:2690} INFO - Sync 1 DAGs
[2025-02-08T22:18:59.257+0000] {logging_mixin.py:137} INFO - [2025-02-08T22:18:59.256+0000] {dag.py:3441} INFO - Setting next_dagrun for example_short_circuit_operator to 2025-02-07T22:18:59.256608+00:00, run_after=2025-02-08T22:18:59.256608+00:00
[2025-02-08T22:18:59.279+0000] {processor.py:175} INFO - Processing /home/airflow/.local/lib/python3.7/site-packages/airflow/example_dags/example_short_circuit_operator.py took 0.100 seconds
[2025-02-08T22:19:30.504+0000] {processor.py:153} INFO - Started process (PID=2091) to work on /home/airflow/.local/lib/python3.7/site-packages/airflow/example_dags/example_short_circuit_operator.py
[2025-02-08T22:19:30.509+0000] {processor.py:743} INFO - Processing file /home/airflow/.local/lib/python3.7/site-packages/airflow/example_dags/example_short_circuit_operator.py for tasks to queue
[2025-02-08T22:19:30.513+0000] {logging_mixin.py:137} INFO - [2025-02-08T22:19:30.512+0000] {dagbag.py:538} INFO - Filling up the DagBag from /home/airflow/.local/lib/python3.7/site-packages/airflow/example_dags/example_short_circuit_operator.py
[2025-02-08T22:19:30.570+0000] {processor.py:753} INFO - DAG(s) dict_keys(['example_short_circuit_operator']) retrieved from /home/airflow/.local/lib/python3.7/site-packages/airflow/example_dags/example_short_circuit_operator.py
[2025-02-08T22:19:30.653+0000] {logging_mixin.py:137} INFO - [2025-02-08T22:19:30.653+0000] {dag.py:2690} INFO - Sync 1 DAGs
[2025-02-08T22:19:30.711+0000] {logging_mixin.py:137} INFO - [2025-02-08T22:19:30.711+0000] {dag.py:3441} INFO - Setting next_dagrun for example_short_circuit_operator to 2025-02-07T22:19:30.709749+00:00, run_after=2025-02-08T22:19:30.709749+00:00
[2025-02-08T22:19:30.773+0000] {processor.py:175} INFO - Processing /home/airflow/.local/lib/python3.7/site-packages/airflow/example_dags/example_short_circuit_operator.py took 0.277 seconds
[2025-02-08T22:20:01.289+0000] {processor.py:153} INFO - Started process (PID=2168) to work on /home/airflow/.local/lib/python3.7/site-packages/airflow/example_dags/example_short_circuit_operator.py
[2025-02-08T22:20:01.290+0000] {processor.py:743} INFO - Processing file /home/airflow/.local/lib/python3.7/site-packages/airflow/example_dags/example_short_circuit_operator.py for tasks to queue
[2025-02-08T22:20:01.292+0000] {logging_mixin.py:137} INFO - [2025-02-08T22:20:01.292+0000] {dagbag.py:538} INFO - Filling up the DagBag from /home/airflow/.local/lib/python3.7/site-packages/airflow/example_dags/example_short_circuit_operator.py
[2025-02-08T22:20:01.318+0000] {processor.py:753} INFO - DAG(s) dict_keys(['example_short_circuit_operator']) retrieved from /home/airflow/.local/lib/python3.7/site-packages/airflow/example_dags/example_short_circuit_operator.py
[2025-02-08T22:20:01.363+0000] {logging_mixin.py:137} INFO - [2025-02-08T22:20:01.363+0000] {dag.py:2690} INFO - Sync 1 DAGs
[2025-02-08T22:20:01.410+0000] {logging_mixin.py:137} INFO - [2025-02-08T22:20:01.410+0000] {dag.py:3441} INFO - Setting next_dagrun for example_short_circuit_operator to 2025-02-07T22:20:01.409966+00:00, run_after=2025-02-08T22:20:01.409966+00:00
[2025-02-08T22:20:01.444+0000] {processor.py:175} INFO - Processing /home/airflow/.local/lib/python3.7/site-packages/airflow/example_dags/example_short_circuit_operator.py took 0.160 seconds
[2025-02-08T22:20:32.128+0000] {processor.py:153} INFO - Started process (PID=2248) to work on /home/airflow/.local/lib/python3.7/site-packages/airflow/example_dags/example_short_circuit_operator.py
[2025-02-08T22:20:32.129+0000] {processor.py:743} INFO - Processing file /home/airflow/.local/lib/python3.7/site-packages/airflow/example_dags/example_short_circuit_operator.py for tasks to queue
[2025-02-08T22:20:32.131+0000] {logging_mixin.py:137} INFO - [2025-02-08T22:20:32.130+0000] {dagbag.py:538} INFO - Filling up the DagBag from /home/airflow/.local/lib/python3.7/site-packages/airflow/example_dags/example_short_circuit_operator.py
[2025-02-08T22:20:32.150+0000] {processor.py:753} INFO - DAG(s) dict_keys(['example_short_circuit_operator']) retrieved from /home/airflow/.local/lib/python3.7/site-packages/airflow/example_dags/example_short_circuit_operator.py
[2025-02-08T22:20:32.181+0000] {logging_mixin.py:137} INFO - [2025-02-08T22:20:32.181+0000] {dag.py:2690} INFO - Sync 1 DAGs
[2025-02-08T22:20:32.210+0000] {logging_mixin.py:137} INFO - [2025-02-08T22:20:32.209+0000] {dag.py:3441} INFO - Setting next_dagrun for example_short_circuit_operator to 2025-02-07T22:20:32.209636+00:00, run_after=2025-02-08T22:20:32.209636+00:00
[2025-02-08T22:20:32.238+0000] {processor.py:175} INFO - Processing /home/airflow/.local/lib/python3.7/site-packages/airflow/example_dags/example_short_circuit_operator.py took 0.114 seconds
[2025-02-08T22:21:02.463+0000] {processor.py:153} INFO - Started process (PID=2318) to work on /home/airflow/.local/lib/python3.7/site-packages/airflow/example_dags/example_short_circuit_operator.py
[2025-02-08T22:21:02.464+0000] {processor.py:743} INFO - Processing file /home/airflow/.local/lib/python3.7/site-packages/airflow/example_dags/example_short_circuit_operator.py for tasks to queue
[2025-02-08T22:21:02.465+0000] {logging_mixin.py:137} INFO - [2025-02-08T22:21:02.465+0000] {dagbag.py:538} INFO - Filling up the DagBag from /home/airflow/.local/lib/python3.7/site-packages/airflow/example_dags/example_short_circuit_operator.py
[2025-02-08T22:21:02.481+0000] {processor.py:753} INFO - DAG(s) dict_keys(['example_short_circuit_operator']) retrieved from /home/airflow/.local/lib/python3.7/site-packages/airflow/example_dags/example_short_circuit_operator.py
[2025-02-08T22:21:02.509+0000] {logging_mixin.py:137} INFO - [2025-02-08T22:21:02.509+0000] {dag.py:2690} INFO - Sync 1 DAGs
[2025-02-08T22:21:02.537+0000] {logging_mixin.py:137} INFO - [2025-02-08T22:21:02.537+0000] {dag.py:3441} INFO - Setting next_dagrun for example_short_circuit_operator to 2025-02-07T22:21:02.536881+00:00, run_after=2025-02-08T22:21:02.536881+00:00
[2025-02-08T22:21:02.564+0000] {processor.py:175} INFO - Processing /home/airflow/.local/lib/python3.7/site-packages/airflow/example_dags/example_short_circuit_operator.py took 0.104 seconds
[2025-02-08T22:21:33.026+0000] {processor.py:153} INFO - Started process (PID=2405) to work on /home/airflow/.local/lib/python3.7/site-packages/airflow/example_dags/example_short_circuit_operator.py
[2025-02-08T22:21:33.027+0000] {processor.py:743} INFO - Processing file /home/airflow/.local/lib/python3.7/site-packages/airflow/example_dags/example_short_circuit_operator.py for tasks to queue
[2025-02-08T22:21:33.029+0000] {logging_mixin.py:137} INFO - [2025-02-08T22:21:33.028+0000] {dagbag.py:538} INFO - Filling up the DagBag from /home/airflow/.local/lib/python3.7/site-packages/airflow/example_dags/example_short_circuit_operator.py
[2025-02-08T22:21:33.054+0000] {processor.py:753} INFO - DAG(s) dict_keys(['example_short_circuit_operator']) retrieved from /home/airflow/.local/lib/python3.7/site-packages/airflow/example_dags/example_short_circuit_operator.py
[2025-02-08T22:21:33.099+0000] {logging_mixin.py:137} INFO - [2025-02-08T22:21:33.099+0000] {dag.py:2690} INFO - Sync 1 DAGs
[2025-02-08T22:21:33.142+0000] {logging_mixin.py:137} INFO - [2025-02-08T22:21:33.142+0000] {dag.py:3441} INFO - Setting next_dagrun for example_short_circuit_operator to 2025-02-07T22:21:33.141668+00:00, run_after=2025-02-08T22:21:33.141668+00:00
[2025-02-08T22:21:33.205+0000] {processor.py:175} INFO - Processing /home/airflow/.local/lib/python3.7/site-packages/airflow/example_dags/example_short_circuit_operator.py took 0.187 seconds
[2025-02-08T22:22:03.358+0000] {processor.py:153} INFO - Started process (PID=2476) to work on /home/airflow/.local/lib/python3.7/site-packages/airflow/example_dags/example_short_circuit_operator.py
[2025-02-08T22:22:03.359+0000] {processor.py:743} INFO - Processing file /home/airflow/.local/lib/python3.7/site-packages/airflow/example_dags/example_short_circuit_operator.py for tasks to queue
[2025-02-08T22:22:03.361+0000] {logging_mixin.py:137} INFO - [2025-02-08T22:22:03.360+0000] {dagbag.py:538} INFO - Filling up the DagBag from /home/airflow/.local/lib/python3.7/site-packages/airflow/example_dags/example_short_circuit_operator.py
[2025-02-08T22:22:03.375+0000] {processor.py:753} INFO - DAG(s) dict_keys(['example_short_circuit_operator']) retrieved from /home/airflow/.local/lib/python3.7/site-packages/airflow/example_dags/example_short_circuit_operator.py
[2025-02-08T22:22:03.402+0000] {logging_mixin.py:137} INFO - [2025-02-08T22:22:03.402+0000] {dag.py:2690} INFO - Sync 1 DAGs
[2025-02-08T22:22:03.428+0000] {logging_mixin.py:137} INFO - [2025-02-08T22:22:03.428+0000] {dag.py:3441} INFO - Setting next_dagrun for example_short_circuit_operator to 2025-02-07T22:22:03.428282+00:00, run_after=2025-02-08T22:22:03.428282+00:00
[2025-02-08T22:22:03.453+0000] {processor.py:175} INFO - Processing /home/airflow/.local/lib/python3.7/site-packages/airflow/example_dags/example_short_circuit_operator.py took 0.098 seconds
[2025-02-08T22:22:33.982+0000] {processor.py:153} INFO - Started process (PID=2556) to work on /home/airflow/.local/lib/python3.7/site-packages/airflow/example_dags/example_short_circuit_operator.py
[2025-02-08T22:22:33.983+0000] {processor.py:743} INFO - Processing file /home/airflow/.local/lib/python3.7/site-packages/airflow/example_dags/example_short_circuit_operator.py for tasks to queue
[2025-02-08T22:22:33.985+0000] {logging_mixin.py:137} INFO - [2025-02-08T22:22:33.984+0000] {dagbag.py:538} INFO - Filling up the DagBag from /home/airflow/.local/lib/python3.7/site-packages/airflow/example_dags/example_short_circuit_operator.py
[2025-02-08T22:22:34.000+0000] {processor.py:753} INFO - DAG(s) dict_keys(['example_short_circuit_operator']) retrieved from /home/airflow/.local/lib/python3.7/site-packages/airflow/example_dags/example_short_circuit_operator.py
[2025-02-08T22:22:34.027+0000] {logging_mixin.py:137} INFO - [2025-02-08T22:22:34.026+0000] {dag.py:2690} INFO - Sync 1 DAGs
[2025-02-08T22:22:34.054+0000] {logging_mixin.py:137} INFO - [2025-02-08T22:22:34.054+0000] {dag.py:3441} INFO - Setting next_dagrun for example_short_circuit_operator to 2025-02-07T22:22:34.054494+00:00, run_after=2025-02-08T22:22:34.054494+00:00
[2025-02-08T22:22:34.084+0000] {processor.py:175} INFO - Processing /home/airflow/.local/lib/python3.7/site-packages/airflow/example_dags/example_short_circuit_operator.py took 0.105 seconds
[2025-02-08T22:23:05.390+0000] {processor.py:153} INFO - Started process (PID=2634) to work on /home/airflow/.local/lib/python3.7/site-packages/airflow/example_dags/example_short_circuit_operator.py
[2025-02-08T22:23:05.392+0000] {processor.py:743} INFO - Processing file /home/airflow/.local/lib/python3.7/site-packages/airflow/example_dags/example_short_circuit_operator.py for tasks to queue
[2025-02-08T22:23:05.394+0000] {logging_mixin.py:137} INFO - [2025-02-08T22:23:05.393+0000] {dagbag.py:538} INFO - Filling up the DagBag from /home/airflow/.local/lib/python3.7/site-packages/airflow/example_dags/example_short_circuit_operator.py
[2025-02-08T22:23:05.435+0000] {processor.py:753} INFO - DAG(s) dict_keys(['example_short_circuit_operator']) retrieved from /home/airflow/.local/lib/python3.7/site-packages/airflow/example_dags/example_short_circuit_operator.py
[2025-02-08T22:23:05.486+0000] {logging_mixin.py:137} INFO - [2025-02-08T22:23:05.486+0000] {dag.py:2690} INFO - Sync 1 DAGs
[2025-02-08T22:23:05.536+0000] {logging_mixin.py:137} INFO - [2025-02-08T22:23:05.536+0000] {dag.py:3441} INFO - Setting next_dagrun for example_short_circuit_operator to 2025-02-07T22:23:05.536093+00:00, run_after=2025-02-08T22:23:05.536093+00:00
[2025-02-08T22:23:05.571+0000] {processor.py:175} INFO - Processing /home/airflow/.local/lib/python3.7/site-packages/airflow/example_dags/example_short_circuit_operator.py took 0.189 seconds
[2025-02-08T22:23:35.994+0000] {processor.py:153} INFO - Started process (PID=2721) to work on /home/airflow/.local/lib/python3.7/site-packages/airflow/example_dags/example_short_circuit_operator.py
[2025-02-08T22:23:35.996+0000] {processor.py:743} INFO - Processing file /home/airflow/.local/lib/python3.7/site-packages/airflow/example_dags/example_short_circuit_operator.py for tasks to queue
[2025-02-08T22:23:35.997+0000] {logging_mixin.py:137} INFO - [2025-02-08T22:23:35.997+0000] {dagbag.py:538} INFO - Filling up the DagBag from /home/airflow/.local/lib/python3.7/site-packages/airflow/example_dags/example_short_circuit_operator.py
[2025-02-08T22:23:36.031+0000] {processor.py:753} INFO - DAG(s) dict_keys(['example_short_circuit_operator']) retrieved from /home/airflow/.local/lib/python3.7/site-packages/airflow/example_dags/example_short_circuit_operator.py
[2025-02-08T22:23:36.078+0000] {logging_mixin.py:137} INFO - [2025-02-08T22:23:36.077+0000] {dag.py:2690} INFO - Sync 1 DAGs
[2025-02-08T22:23:36.134+0000] {logging_mixin.py:137} INFO - [2025-02-08T22:23:36.134+0000] {dag.py:3441} INFO - Setting next_dagrun for example_short_circuit_operator to 2025-02-07T22:23:36.133741+00:00, run_after=2025-02-08T22:23:36.133741+00:00
[2025-02-08T22:23:36.177+0000] {processor.py:175} INFO - Processing /home/airflow/.local/lib/python3.7/site-packages/airflow/example_dags/example_short_circuit_operator.py took 0.188 seconds
[2025-02-08T22:24:06.742+0000] {processor.py:153} INFO - Started process (PID=2792) to work on /home/airflow/.local/lib/python3.7/site-packages/airflow/example_dags/example_short_circuit_operator.py
[2025-02-08T22:24:06.744+0000] {processor.py:743} INFO - Processing file /home/airflow/.local/lib/python3.7/site-packages/airflow/example_dags/example_short_circuit_operator.py for tasks to queue
[2025-02-08T22:24:06.745+0000] {logging_mixin.py:137} INFO - [2025-02-08T22:24:06.745+0000] {dagbag.py:538} INFO - Filling up the DagBag from /home/airflow/.local/lib/python3.7/site-packages/airflow/example_dags/example_short_circuit_operator.py
[2025-02-08T22:24:06.775+0000] {processor.py:753} INFO - DAG(s) dict_keys(['example_short_circuit_operator']) retrieved from /home/airflow/.local/lib/python3.7/site-packages/airflow/example_dags/example_short_circuit_operator.py
[2025-02-08T22:24:06.824+0000] {logging_mixin.py:137} INFO - [2025-02-08T22:24:06.824+0000] {dag.py:2690} INFO - Sync 1 DAGs
[2025-02-08T22:24:06.874+0000] {logging_mixin.py:137} INFO - [2025-02-08T22:24:06.874+0000] {dag.py:3441} INFO - Setting next_dagrun for example_short_circuit_operator to 2025-02-07T22:24:06.873974+00:00, run_after=2025-02-08T22:24:06.873974+00:00
[2025-02-08T22:24:06.928+0000] {processor.py:175} INFO - Processing /home/airflow/.local/lib/python3.7/site-packages/airflow/example_dags/example_short_circuit_operator.py took 0.192 seconds
[2025-02-08T22:24:38.651+0000] {processor.py:153} INFO - Started process (PID=2863) to work on /home/airflow/.local/lib/python3.7/site-packages/airflow/example_dags/example_short_circuit_operator.py
[2025-02-08T22:24:38.653+0000] {processor.py:743} INFO - Processing file /home/airflow/.local/lib/python3.7/site-packages/airflow/example_dags/example_short_circuit_operator.py for tasks to queue
[2025-02-08T22:24:38.654+0000] {logging_mixin.py:137} INFO - [2025-02-08T22:24:38.654+0000] {dagbag.py:538} INFO - Filling up the DagBag from /home/airflow/.local/lib/python3.7/site-packages/airflow/example_dags/example_short_circuit_operator.py
[2025-02-08T22:24:38.699+0000] {processor.py:753} INFO - DAG(s) dict_keys(['example_short_circuit_operator']) retrieved from /home/airflow/.local/lib/python3.7/site-packages/airflow/example_dags/example_short_circuit_operator.py
[2025-02-08T22:24:38.749+0000] {logging_mixin.py:137} INFO - [2025-02-08T22:24:38.749+0000] {dag.py:2690} INFO - Sync 1 DAGs
[2025-02-08T22:24:38.800+0000] {logging_mixin.py:137} INFO - [2025-02-08T22:24:38.800+0000] {dag.py:3441} INFO - Setting next_dagrun for example_short_circuit_operator to 2025-02-07T22:24:38.799893+00:00, run_after=2025-02-08T22:24:38.799893+00:00
[2025-02-08T22:24:38.835+0000] {processor.py:175} INFO - Processing /home/airflow/.local/lib/python3.7/site-packages/airflow/example_dags/example_short_circuit_operator.py took 0.193 seconds
[2025-02-08T22:25:09.253+0000] {processor.py:153} INFO - Started process (PID=2941) to work on /home/airflow/.local/lib/python3.7/site-packages/airflow/example_dags/example_short_circuit_operator.py
[2025-02-08T22:25:09.260+0000] {processor.py:743} INFO - Processing file /home/airflow/.local/lib/python3.7/site-packages/airflow/example_dags/example_short_circuit_operator.py for tasks to queue
[2025-02-08T22:25:09.264+0000] {logging_mixin.py:137} INFO - [2025-02-08T22:25:09.264+0000] {dagbag.py:538} INFO - Filling up the DagBag from /home/airflow/.local/lib/python3.7/site-packages/airflow/example_dags/example_short_circuit_operator.py
[2025-02-08T22:25:09.295+0000] {processor.py:753} INFO - DAG(s) dict_keys(['example_short_circuit_operator']) retrieved from /home/airflow/.local/lib/python3.7/site-packages/airflow/example_dags/example_short_circuit_operator.py
[2025-02-08T22:25:09.347+0000] {logging_mixin.py:137} INFO - [2025-02-08T22:25:09.347+0000] {dag.py:2690} INFO - Sync 1 DAGs
[2025-02-08T22:25:09.392+0000] {logging_mixin.py:137} INFO - [2025-02-08T22:25:09.392+0000] {dag.py:3441} INFO - Setting next_dagrun for example_short_circuit_operator to 2025-02-07T22:25:09.391818+00:00, run_after=2025-02-08T22:25:09.391818+00:00
[2025-02-08T22:25:09.429+0000] {processor.py:175} INFO - Processing /home/airflow/.local/lib/python3.7/site-packages/airflow/example_dags/example_short_circuit_operator.py took 0.183 seconds
[2025-02-08T22:25:39.520+0000] {processor.py:153} INFO - Started process (PID=3021) to work on /home/airflow/.local/lib/python3.7/site-packages/airflow/example_dags/example_short_circuit_operator.py
[2025-02-08T22:25:39.522+0000] {processor.py:743} INFO - Processing file /home/airflow/.local/lib/python3.7/site-packages/airflow/example_dags/example_short_circuit_operator.py for tasks to queue
[2025-02-08T22:25:39.523+0000] {logging_mixin.py:137} INFO - [2025-02-08T22:25:39.523+0000] {dagbag.py:538} INFO - Filling up the DagBag from /home/airflow/.local/lib/python3.7/site-packages/airflow/example_dags/example_short_circuit_operator.py
[2025-02-08T22:25:39.556+0000] {processor.py:753} INFO - DAG(s) dict_keys(['example_short_circuit_operator']) retrieved from /home/airflow/.local/lib/python3.7/site-packages/airflow/example_dags/example_short_circuit_operator.py
[2025-02-08T22:25:39.609+0000] {logging_mixin.py:137} INFO - [2025-02-08T22:25:39.609+0000] {dag.py:2690} INFO - Sync 1 DAGs
[2025-02-08T22:25:39.672+0000] {logging_mixin.py:137} INFO - [2025-02-08T22:25:39.672+0000] {dag.py:3441} INFO - Setting next_dagrun for example_short_circuit_operator to 2025-02-07T22:25:39.671701+00:00, run_after=2025-02-08T22:25:39.671701+00:00
[2025-02-08T22:25:39.714+0000] {processor.py:175} INFO - Processing /home/airflow/.local/lib/python3.7/site-packages/airflow/example_dags/example_short_circuit_operator.py took 0.199 seconds
[2025-02-08T22:26:09.964+0000] {processor.py:153} INFO - Started process (PID=3093) to work on /home/airflow/.local/lib/python3.7/site-packages/airflow/example_dags/example_short_circuit_operator.py
[2025-02-08T22:26:09.965+0000] {processor.py:743} INFO - Processing file /home/airflow/.local/lib/python3.7/site-packages/airflow/example_dags/example_short_circuit_operator.py for tasks to queue
[2025-02-08T22:26:09.967+0000] {logging_mixin.py:137} INFO - [2025-02-08T22:26:09.967+0000] {dagbag.py:538} INFO - Filling up the DagBag from /home/airflow/.local/lib/python3.7/site-packages/airflow/example_dags/example_short_circuit_operator.py
[2025-02-08T22:26:09.989+0000] {processor.py:753} INFO - DAG(s) dict_keys(['example_short_circuit_operator']) retrieved from /home/airflow/.local/lib/python3.7/site-packages/airflow/example_dags/example_short_circuit_operator.py
[2025-02-08T22:26:10.022+0000] {logging_mixin.py:137} INFO - [2025-02-08T22:26:10.022+0000] {dag.py:2690} INFO - Sync 1 DAGs
[2025-02-08T22:26:10.053+0000] {logging_mixin.py:137} INFO - [2025-02-08T22:26:10.053+0000] {dag.py:3441} INFO - Setting next_dagrun for example_short_circuit_operator to 2025-02-07T22:26:10.052763+00:00, run_after=2025-02-08T22:26:10.052763+00:00
[2025-02-08T22:26:10.077+0000] {processor.py:175} INFO - Processing /home/airflow/.local/lib/python3.7/site-packages/airflow/example_dags/example_short_circuit_operator.py took 0.116 seconds
[2025-02-08T22:26:40.677+0000] {processor.py:153} INFO - Started process (PID=3165) to work on /home/airflow/.local/lib/python3.7/site-packages/airflow/example_dags/example_short_circuit_operator.py
[2025-02-08T22:26:40.679+0000] {processor.py:743} INFO - Processing file /home/airflow/.local/lib/python3.7/site-packages/airflow/example_dags/example_short_circuit_operator.py for tasks to queue
[2025-02-08T22:26:40.680+0000] {logging_mixin.py:137} INFO - [2025-02-08T22:26:40.680+0000] {dagbag.py:538} INFO - Filling up the DagBag from /home/airflow/.local/lib/python3.7/site-packages/airflow/example_dags/example_short_circuit_operator.py
[2025-02-08T22:26:40.698+0000] {processor.py:753} INFO - DAG(s) dict_keys(['example_short_circuit_operator']) retrieved from /home/airflow/.local/lib/python3.7/site-packages/airflow/example_dags/example_short_circuit_operator.py
[2025-02-08T22:26:40.727+0000] {logging_mixin.py:137} INFO - [2025-02-08T22:26:40.727+0000] {dag.py:2690} INFO - Sync 1 DAGs
[2025-02-08T22:26:40.761+0000] {logging_mixin.py:137} INFO - [2025-02-08T22:26:40.761+0000] {dag.py:3441} INFO - Setting next_dagrun for example_short_circuit_operator to 2025-02-07T22:26:40.761194+00:00, run_after=2025-02-08T22:26:40.761194+00:00
[2025-02-08T22:26:40.784+0000] {processor.py:175} INFO - Processing /home/airflow/.local/lib/python3.7/site-packages/airflow/example_dags/example_short_circuit_operator.py took 0.110 seconds
[2025-02-08T22:27:11.693+0000] {processor.py:153} INFO - Started process (PID=3253) to work on /home/airflow/.local/lib/python3.7/site-packages/airflow/example_dags/example_short_circuit_operator.py
[2025-02-08T22:27:11.694+0000] {processor.py:743} INFO - Processing file /home/airflow/.local/lib/python3.7/site-packages/airflow/example_dags/example_short_circuit_operator.py for tasks to queue
[2025-02-08T22:27:11.696+0000] {logging_mixin.py:137} INFO - [2025-02-08T22:27:11.695+0000] {dagbag.py:538} INFO - Filling up the DagBag from /home/airflow/.local/lib/python3.7/site-packages/airflow/example_dags/example_short_circuit_operator.py
[2025-02-08T22:27:11.716+0000] {processor.py:753} INFO - DAG(s) dict_keys(['example_short_circuit_operator']) retrieved from /home/airflow/.local/lib/python3.7/site-packages/airflow/example_dags/example_short_circuit_operator.py
[2025-02-08T22:27:11.748+0000] {logging_mixin.py:137} INFO - [2025-02-08T22:27:11.748+0000] {dag.py:2690} INFO - Sync 1 DAGs
[2025-02-08T22:27:11.783+0000] {logging_mixin.py:137} INFO - [2025-02-08T22:27:11.783+0000] {dag.py:3441} INFO - Setting next_dagrun for example_short_circuit_operator to 2025-02-07T22:27:11.783483+00:00, run_after=2025-02-08T22:27:11.783483+00:00
[2025-02-08T22:27:11.813+0000] {processor.py:175} INFO - Processing /home/airflow/.local/lib/python3.7/site-packages/airflow/example_dags/example_short_circuit_operator.py took 0.125 seconds
[2025-02-08T22:27:42.537+0000] {processor.py:153} INFO - Started process (PID=3332) to work on /home/airflow/.local/lib/python3.7/site-packages/airflow/example_dags/example_short_circuit_operator.py
[2025-02-08T22:27:42.538+0000] {processor.py:743} INFO - Processing file /home/airflow/.local/lib/python3.7/site-packages/airflow/example_dags/example_short_circuit_operator.py for tasks to queue
[2025-02-08T22:27:42.539+0000] {logging_mixin.py:137} INFO - [2025-02-08T22:27:42.539+0000] {dagbag.py:538} INFO - Filling up the DagBag from /home/airflow/.local/lib/python3.7/site-packages/airflow/example_dags/example_short_circuit_operator.py
[2025-02-08T22:27:42.561+0000] {processor.py:753} INFO - DAG(s) dict_keys(['example_short_circuit_operator']) retrieved from /home/airflow/.local/lib/python3.7/site-packages/airflow/example_dags/example_short_circuit_operator.py
[2025-02-08T22:27:42.600+0000] {logging_mixin.py:137} INFO - [2025-02-08T22:27:42.600+0000] {dag.py:2690} INFO - Sync 1 DAGs
[2025-02-08T22:27:42.635+0000] {logging_mixin.py:137} INFO - [2025-02-08T22:27:42.635+0000] {dag.py:3441} INFO - Setting next_dagrun for example_short_circuit_operator to 2025-02-07T22:27:42.635372+00:00, run_after=2025-02-08T22:27:42.635372+00:00
[2025-02-08T22:27:42.671+0000] {processor.py:175} INFO - Processing /home/airflow/.local/lib/python3.7/site-packages/airflow/example_dags/example_short_circuit_operator.py took 0.138 seconds
