[2025-02-08T22:06:06.723+0000] {processor.py:153} INFO - Started process (PID=75) to work on /home/airflow/.local/lib/python3.7/site-packages/airflow/example_dags/example_sensors.py
[2025-02-08T22:06:06.726+0000] {processor.py:743} INFO - Processing file /home/airflow/.local/lib/python3.7/site-packages/airflow/example_dags/example_sensors.py for tasks to queue
[2025-02-08T22:06:06.728+0000] {logging_mixin.py:137} INFO - [2025-02-08T22:06:06.728+0000] {dagbag.py:538} INFO - Filling up the DagBag from /home/airflow/.local/lib/python3.7/site-packages/airflow/example_dags/example_sensors.py
[2025-02-08T22:06:06.982+0000] {processor.py:753} INFO - DAG(s) dict_keys(['example_sensors']) retrieved from /home/airflow/.local/lib/python3.7/site-packages/airflow/example_dags/example_sensors.py
[2025-02-08T22:06:07.108+0000] {logging_mixin.py:137} INFO - [2025-02-08T22:06:07.108+0000] {dag.py:2690} INFO - Sync 1 DAGs
[2025-02-08T22:06:07.407+0000] {logging_mixin.py:137} INFO - [2025-02-08T22:06:07.407+0000] {dag.py:3441} INFO - Setting next_dagrun for example_sensors to None, run_after=None
[2025-02-08T22:06:07.580+0000] {processor.py:175} INFO - Processing /home/airflow/.local/lib/python3.7/site-packages/airflow/example_dags/example_sensors.py took 0.887 seconds
[2025-02-08T22:06:37.703+0000] {processor.py:153} INFO - Started process (PID=146) to work on /home/airflow/.local/lib/python3.7/site-packages/airflow/example_dags/example_sensors.py
[2025-02-08T22:06:37.705+0000] {processor.py:743} INFO - Processing file /home/airflow/.local/lib/python3.7/site-packages/airflow/example_dags/example_sensors.py for tasks to queue
[2025-02-08T22:06:37.706+0000] {logging_mixin.py:137} INFO - [2025-02-08T22:06:37.706+0000] {dagbag.py:538} INFO - Filling up the DagBag from /home/airflow/.local/lib/python3.7/site-packages/airflow/example_dags/example_sensors.py
[2025-02-08T22:06:37.746+0000] {processor.py:753} INFO - DAG(s) dict_keys(['example_sensors']) retrieved from /home/airflow/.local/lib/python3.7/site-packages/airflow/example_dags/example_sensors.py
[2025-02-08T22:06:37.782+0000] {logging_mixin.py:137} INFO - [2025-02-08T22:06:37.781+0000] {dag.py:2690} INFO - Sync 1 DAGs
[2025-02-08T22:06:37.817+0000] {logging_mixin.py:137} INFO - [2025-02-08T22:06:37.817+0000] {dag.py:3441} INFO - Setting next_dagrun for example_sensors to None, run_after=None
[2025-02-08T22:06:37.847+0000] {processor.py:175} INFO - Processing /home/airflow/.local/lib/python3.7/site-packages/airflow/example_dags/example_sensors.py took 0.148 seconds
[2025-02-08T22:07:08.036+0000] {processor.py:153} INFO - Started process (PID=217) to work on /home/airflow/.local/lib/python3.7/site-packages/airflow/example_dags/example_sensors.py
[2025-02-08T22:07:08.037+0000] {processor.py:743} INFO - Processing file /home/airflow/.local/lib/python3.7/site-packages/airflow/example_dags/example_sensors.py for tasks to queue
[2025-02-08T22:07:08.038+0000] {logging_mixin.py:137} INFO - [2025-02-08T22:07:08.038+0000] {dagbag.py:538} INFO - Filling up the DagBag from /home/airflow/.local/lib/python3.7/site-packages/airflow/example_dags/example_sensors.py
[2025-02-08T22:07:08.057+0000] {processor.py:753} INFO - DAG(s) dict_keys(['example_sensors']) retrieved from /home/airflow/.local/lib/python3.7/site-packages/airflow/example_dags/example_sensors.py
[2025-02-08T22:07:08.083+0000] {logging_mixin.py:137} INFO - [2025-02-08T22:07:08.083+0000] {dag.py:2690} INFO - Sync 1 DAGs
[2025-02-08T22:07:08.110+0000] {logging_mixin.py:137} INFO - [2025-02-08T22:07:08.110+0000] {dag.py:3441} INFO - Setting next_dagrun for example_sensors to None, run_after=None
[2025-02-08T22:07:08.132+0000] {processor.py:175} INFO - Processing /home/airflow/.local/lib/python3.7/site-packages/airflow/example_dags/example_sensors.py took 0.099 seconds
[2025-02-08T22:07:38.840+0000] {processor.py:153} INFO - Started process (PID=304) to work on /home/airflow/.local/lib/python3.7/site-packages/airflow/example_dags/example_sensors.py
[2025-02-08T22:07:38.841+0000] {processor.py:743} INFO - Processing file /home/airflow/.local/lib/python3.7/site-packages/airflow/example_dags/example_sensors.py for tasks to queue
[2025-02-08T22:07:38.842+0000] {logging_mixin.py:137} INFO - [2025-02-08T22:07:38.842+0000] {dagbag.py:538} INFO - Filling up the DagBag from /home/airflow/.local/lib/python3.7/site-packages/airflow/example_dags/example_sensors.py
[2025-02-08T22:07:38.862+0000] {processor.py:753} INFO - DAG(s) dict_keys(['example_sensors']) retrieved from /home/airflow/.local/lib/python3.7/site-packages/airflow/example_dags/example_sensors.py
[2025-02-08T22:07:38.893+0000] {logging_mixin.py:137} INFO - [2025-02-08T22:07:38.892+0000] {dag.py:2690} INFO - Sync 1 DAGs
[2025-02-08T22:07:38.919+0000] {logging_mixin.py:137} INFO - [2025-02-08T22:07:38.918+0000] {dag.py:3441} INFO - Setting next_dagrun for example_sensors to None, run_after=None
[2025-02-08T22:07:38.945+0000] {processor.py:175} INFO - Processing /home/airflow/.local/lib/python3.7/site-packages/airflow/example_dags/example_sensors.py took 0.109 seconds
[2025-02-08T22:08:09.282+0000] {processor.py:153} INFO - Started process (PID=375) to work on /home/airflow/.local/lib/python3.7/site-packages/airflow/example_dags/example_sensors.py
[2025-02-08T22:08:09.283+0000] {processor.py:743} INFO - Processing file /home/airflow/.local/lib/python3.7/site-packages/airflow/example_dags/example_sensors.py for tasks to queue
[2025-02-08T22:08:09.284+0000] {logging_mixin.py:137} INFO - [2025-02-08T22:08:09.284+0000] {dagbag.py:538} INFO - Filling up the DagBag from /home/airflow/.local/lib/python3.7/site-packages/airflow/example_dags/example_sensors.py
[2025-02-08T22:08:09.304+0000] {processor.py:753} INFO - DAG(s) dict_keys(['example_sensors']) retrieved from /home/airflow/.local/lib/python3.7/site-packages/airflow/example_dags/example_sensors.py
[2025-02-08T22:08:09.338+0000] {logging_mixin.py:137} INFO - [2025-02-08T22:08:09.337+0000] {dag.py:2690} INFO - Sync 1 DAGs
[2025-02-08T22:08:09.360+0000] {logging_mixin.py:137} INFO - [2025-02-08T22:08:09.360+0000] {dag.py:3441} INFO - Setting next_dagrun for example_sensors to None, run_after=None
[2025-02-08T22:08:09.384+0000] {processor.py:175} INFO - Processing /home/airflow/.local/lib/python3.7/site-packages/airflow/example_dags/example_sensors.py took 0.105 seconds
[2025-02-08T22:08:41.279+0000] {processor.py:153} INFO - Started process (PID=446) to work on /home/airflow/.local/lib/python3.7/site-packages/airflow/example_dags/example_sensors.py
[2025-02-08T22:08:41.281+0000] {processor.py:743} INFO - Processing file /home/airflow/.local/lib/python3.7/site-packages/airflow/example_dags/example_sensors.py for tasks to queue
[2025-02-08T22:08:41.283+0000] {logging_mixin.py:137} INFO - [2025-02-08T22:08:41.282+0000] {dagbag.py:538} INFO - Filling up the DagBag from /home/airflow/.local/lib/python3.7/site-packages/airflow/example_dags/example_sensors.py
[2025-02-08T22:08:41.312+0000] {processor.py:753} INFO - DAG(s) dict_keys(['example_sensors']) retrieved from /home/airflow/.local/lib/python3.7/site-packages/airflow/example_dags/example_sensors.py
[2025-02-08T22:08:41.363+0000] {logging_mixin.py:137} INFO - [2025-02-08T22:08:41.363+0000] {dag.py:2690} INFO - Sync 1 DAGs
[2025-02-08T22:08:41.422+0000] {logging_mixin.py:137} INFO - [2025-02-08T22:08:41.421+0000] {dag.py:3441} INFO - Setting next_dagrun for example_sensors to None, run_after=None
[2025-02-08T22:08:41.456+0000] {processor.py:175} INFO - Processing /home/airflow/.local/lib/python3.7/site-packages/airflow/example_dags/example_sensors.py took 0.183 seconds
[2025-02-08T22:09:11.519+0000] {processor.py:153} INFO - Started process (PID=533) to work on /home/airflow/.local/lib/python3.7/site-packages/airflow/example_dags/example_sensors.py
[2025-02-08T22:09:11.520+0000] {processor.py:743} INFO - Processing file /home/airflow/.local/lib/python3.7/site-packages/airflow/example_dags/example_sensors.py for tasks to queue
[2025-02-08T22:09:11.521+0000] {logging_mixin.py:137} INFO - [2025-02-08T22:09:11.520+0000] {dagbag.py:538} INFO - Filling up the DagBag from /home/airflow/.local/lib/python3.7/site-packages/airflow/example_dags/example_sensors.py
[2025-02-08T22:09:11.542+0000] {processor.py:753} INFO - DAG(s) dict_keys(['example_sensors']) retrieved from /home/airflow/.local/lib/python3.7/site-packages/airflow/example_dags/example_sensors.py
[2025-02-08T22:09:11.571+0000] {logging_mixin.py:137} INFO - [2025-02-08T22:09:11.571+0000] {dag.py:2690} INFO - Sync 1 DAGs
[2025-02-08T22:09:11.597+0000] {logging_mixin.py:137} INFO - [2025-02-08T22:09:11.597+0000] {dag.py:3441} INFO - Setting next_dagrun for example_sensors to None, run_after=None
[2025-02-08T22:09:11.619+0000] {processor.py:175} INFO - Processing /home/airflow/.local/lib/python3.7/site-packages/airflow/example_dags/example_sensors.py took 0.104 seconds
[2025-02-08T22:09:43.281+0000] {processor.py:153} INFO - Started process (PID=604) to work on /home/airflow/.local/lib/python3.7/site-packages/airflow/example_dags/example_sensors.py
[2025-02-08T22:09:43.283+0000] {processor.py:743} INFO - Processing file /home/airflow/.local/lib/python3.7/site-packages/airflow/example_dags/example_sensors.py for tasks to queue
[2025-02-08T22:09:43.284+0000] {logging_mixin.py:137} INFO - [2025-02-08T22:09:43.284+0000] {dagbag.py:538} INFO - Filling up the DagBag from /home/airflow/.local/lib/python3.7/site-packages/airflow/example_dags/example_sensors.py
[2025-02-08T22:09:43.313+0000] {processor.py:753} INFO - DAG(s) dict_keys(['example_sensors']) retrieved from /home/airflow/.local/lib/python3.7/site-packages/airflow/example_dags/example_sensors.py
[2025-02-08T22:09:43.353+0000] {logging_mixin.py:137} INFO - [2025-02-08T22:09:43.353+0000] {dag.py:2690} INFO - Sync 1 DAGs
[2025-02-08T22:09:43.389+0000] {logging_mixin.py:137} INFO - [2025-02-08T22:09:43.389+0000] {dag.py:3441} INFO - Setting next_dagrun for example_sensors to None, run_after=None
[2025-02-08T22:09:43.418+0000] {processor.py:175} INFO - Processing /home/airflow/.local/lib/python3.7/site-packages/airflow/example_dags/example_sensors.py took 0.141 seconds
[2025-02-08T22:10:14.641+0000] {processor.py:153} INFO - Started process (PID=691) to work on /home/airflow/.local/lib/python3.7/site-packages/airflow/example_dags/example_sensors.py
[2025-02-08T22:10:14.642+0000] {processor.py:743} INFO - Processing file /home/airflow/.local/lib/python3.7/site-packages/airflow/example_dags/example_sensors.py for tasks to queue
[2025-02-08T22:10:14.643+0000] {logging_mixin.py:137} INFO - [2025-02-08T22:10:14.643+0000] {dagbag.py:538} INFO - Filling up the DagBag from /home/airflow/.local/lib/python3.7/site-packages/airflow/example_dags/example_sensors.py
[2025-02-08T22:10:14.673+0000] {processor.py:753} INFO - DAG(s) dict_keys(['example_sensors']) retrieved from /home/airflow/.local/lib/python3.7/site-packages/airflow/example_dags/example_sensors.py
[2025-02-08T22:10:14.711+0000] {logging_mixin.py:137} INFO - [2025-02-08T22:10:14.711+0000] {dag.py:2690} INFO - Sync 1 DAGs
[2025-02-08T22:10:14.749+0000] {logging_mixin.py:137} INFO - [2025-02-08T22:10:14.748+0000] {dag.py:3441} INFO - Setting next_dagrun for example_sensors to None, run_after=None
[2025-02-08T22:10:14.780+0000] {processor.py:175} INFO - Processing /home/airflow/.local/lib/python3.7/site-packages/airflow/example_dags/example_sensors.py took 0.144 seconds
[2025-02-08T22:10:45.484+0000] {processor.py:153} INFO - Started process (PID=762) to work on /home/airflow/.local/lib/python3.7/site-packages/airflow/example_dags/example_sensors.py
[2025-02-08T22:10:45.485+0000] {processor.py:743} INFO - Processing file /home/airflow/.local/lib/python3.7/site-packages/airflow/example_dags/example_sensors.py for tasks to queue
[2025-02-08T22:10:45.485+0000] {logging_mixin.py:137} INFO - [2025-02-08T22:10:45.485+0000] {dagbag.py:538} INFO - Filling up the DagBag from /home/airflow/.local/lib/python3.7/site-packages/airflow/example_dags/example_sensors.py
[2025-02-08T22:10:45.503+0000] {processor.py:753} INFO - DAG(s) dict_keys(['example_sensors']) retrieved from /home/airflow/.local/lib/python3.7/site-packages/airflow/example_dags/example_sensors.py
[2025-02-08T22:10:45.533+0000] {logging_mixin.py:137} INFO - [2025-02-08T22:10:45.533+0000] {dag.py:2690} INFO - Sync 1 DAGs
[2025-02-08T22:10:45.557+0000] {logging_mixin.py:137} INFO - [2025-02-08T22:10:45.557+0000] {dag.py:3441} INFO - Setting next_dagrun for example_sensors to None, run_after=None
[2025-02-08T22:10:45.581+0000] {processor.py:175} INFO - Processing /home/airflow/.local/lib/python3.7/site-packages/airflow/example_dags/example_sensors.py took 0.101 seconds
[2025-02-08T22:11:21.414+0000] {processor.py:153} INFO - Started process (PID=849) to work on /home/airflow/.local/lib/python3.7/site-packages/airflow/example_dags/example_sensors.py
[2025-02-08T22:11:21.416+0000] {processor.py:743} INFO - Processing file /home/airflow/.local/lib/python3.7/site-packages/airflow/example_dags/example_sensors.py for tasks to queue
[2025-02-08T22:11:21.417+0000] {logging_mixin.py:137} INFO - [2025-02-08T22:11:21.417+0000] {dagbag.py:538} INFO - Filling up the DagBag from /home/airflow/.local/lib/python3.7/site-packages/airflow/example_dags/example_sensors.py
[2025-02-08T22:11:21.462+0000] {processor.py:753} INFO - DAG(s) dict_keys(['example_sensors']) retrieved from /home/airflow/.local/lib/python3.7/site-packages/airflow/example_dags/example_sensors.py
[2025-02-08T22:11:21.516+0000] {logging_mixin.py:137} INFO - [2025-02-08T22:11:21.516+0000] {dag.py:2690} INFO - Sync 1 DAGs
[2025-02-08T22:11:21.602+0000] {logging_mixin.py:137} INFO - [2025-02-08T22:11:21.601+0000] {dag.py:3441} INFO - Setting next_dagrun for example_sensors to None, run_after=None
[2025-02-08T22:11:21.652+0000] {processor.py:175} INFO - Processing /home/airflow/.local/lib/python3.7/site-packages/airflow/example_dags/example_sensors.py took 0.243 seconds
[2025-02-08T22:11:52.423+0000] {processor.py:153} INFO - Started process (PID=936) to work on /home/airflow/.local/lib/python3.7/site-packages/airflow/example_dags/example_sensors.py
[2025-02-08T22:11:52.424+0000] {processor.py:743} INFO - Processing file /home/airflow/.local/lib/python3.7/site-packages/airflow/example_dags/example_sensors.py for tasks to queue
[2025-02-08T22:11:52.425+0000] {logging_mixin.py:137} INFO - [2025-02-08T22:11:52.425+0000] {dagbag.py:538} INFO - Filling up the DagBag from /home/airflow/.local/lib/python3.7/site-packages/airflow/example_dags/example_sensors.py
[2025-02-08T22:11:52.444+0000] {processor.py:753} INFO - DAG(s) dict_keys(['example_sensors']) retrieved from /home/airflow/.local/lib/python3.7/site-packages/airflow/example_dags/example_sensors.py
[2025-02-08T22:11:52.474+0000] {logging_mixin.py:137} INFO - [2025-02-08T22:11:52.474+0000] {dag.py:2690} INFO - Sync 1 DAGs
[2025-02-08T22:11:52.498+0000] {logging_mixin.py:137} INFO - [2025-02-08T22:11:52.498+0000] {dag.py:3441} INFO - Setting next_dagrun for example_sensors to None, run_after=None
[2025-02-08T22:11:52.527+0000] {processor.py:175} INFO - Processing /home/airflow/.local/lib/python3.7/site-packages/airflow/example_dags/example_sensors.py took 0.108 seconds
[2025-02-08T22:12:22.892+0000] {processor.py:153} INFO - Started process (PID=1008) to work on /home/airflow/.local/lib/python3.7/site-packages/airflow/example_dags/example_sensors.py
[2025-02-08T22:12:22.893+0000] {processor.py:743} INFO - Processing file /home/airflow/.local/lib/python3.7/site-packages/airflow/example_dags/example_sensors.py for tasks to queue
[2025-02-08T22:12:22.894+0000] {logging_mixin.py:137} INFO - [2025-02-08T22:12:22.894+0000] {dagbag.py:538} INFO - Filling up the DagBag from /home/airflow/.local/lib/python3.7/site-packages/airflow/example_dags/example_sensors.py
[2025-02-08T22:12:22.915+0000] {processor.py:753} INFO - DAG(s) dict_keys(['example_sensors']) retrieved from /home/airflow/.local/lib/python3.7/site-packages/airflow/example_dags/example_sensors.py
[2025-02-08T22:12:22.949+0000] {logging_mixin.py:137} INFO - [2025-02-08T22:12:22.949+0000] {dag.py:2690} INFO - Sync 1 DAGs
[2025-02-08T22:12:22.981+0000] {logging_mixin.py:137} INFO - [2025-02-08T22:12:22.980+0000] {dag.py:3441} INFO - Setting next_dagrun for example_sensors to None, run_after=None
[2025-02-08T22:12:23.013+0000] {processor.py:175} INFO - Processing /home/airflow/.local/lib/python3.7/site-packages/airflow/example_dags/example_sensors.py took 0.123 seconds
[2025-02-08T22:12:53.533+0000] {processor.py:153} INFO - Started process (PID=1095) to work on /home/airflow/.local/lib/python3.7/site-packages/airflow/example_dags/example_sensors.py
[2025-02-08T22:12:53.533+0000] {processor.py:743} INFO - Processing file /home/airflow/.local/lib/python3.7/site-packages/airflow/example_dags/example_sensors.py for tasks to queue
[2025-02-08T22:12:53.534+0000] {logging_mixin.py:137} INFO - [2025-02-08T22:12:53.534+0000] {dagbag.py:538} INFO - Filling up the DagBag from /home/airflow/.local/lib/python3.7/site-packages/airflow/example_dags/example_sensors.py
[2025-02-08T22:12:53.551+0000] {processor.py:753} INFO - DAG(s) dict_keys(['example_sensors']) retrieved from /home/airflow/.local/lib/python3.7/site-packages/airflow/example_dags/example_sensors.py
[2025-02-08T22:12:53.580+0000] {logging_mixin.py:137} INFO - [2025-02-08T22:12:53.580+0000] {dag.py:2690} INFO - Sync 1 DAGs
[2025-02-08T22:12:53.606+0000] {logging_mixin.py:137} INFO - [2025-02-08T22:12:53.605+0000] {dag.py:3441} INFO - Setting next_dagrun for example_sensors to None, run_after=None
[2025-02-08T22:12:53.630+0000] {processor.py:175} INFO - Processing /home/airflow/.local/lib/python3.7/site-packages/airflow/example_dags/example_sensors.py took 0.100 seconds
[2025-02-08T22:13:23.694+0000] {processor.py:153} INFO - Started process (PID=1166) to work on /home/airflow/.local/lib/python3.7/site-packages/airflow/example_dags/example_sensors.py
[2025-02-08T22:13:23.696+0000] {processor.py:743} INFO - Processing file /home/airflow/.local/lib/python3.7/site-packages/airflow/example_dags/example_sensors.py for tasks to queue
[2025-02-08T22:13:23.697+0000] {logging_mixin.py:137} INFO - [2025-02-08T22:13:23.697+0000] {dagbag.py:538} INFO - Filling up the DagBag from /home/airflow/.local/lib/python3.7/site-packages/airflow/example_dags/example_sensors.py
[2025-02-08T22:13:23.724+0000] {processor.py:753} INFO - DAG(s) dict_keys(['example_sensors']) retrieved from /home/airflow/.local/lib/python3.7/site-packages/airflow/example_dags/example_sensors.py
[2025-02-08T22:13:23.760+0000] {logging_mixin.py:137} INFO - [2025-02-08T22:13:23.760+0000] {dag.py:2690} INFO - Sync 1 DAGs
[2025-02-08T22:13:23.790+0000] {logging_mixin.py:137} INFO - [2025-02-08T22:13:23.790+0000] {dag.py:3441} INFO - Setting next_dagrun for example_sensors to None, run_after=None
[2025-02-08T22:13:23.819+0000] {processor.py:175} INFO - Processing /home/airflow/.local/lib/python3.7/site-packages/airflow/example_dags/example_sensors.py took 0.130 seconds
[2025-02-08T22:13:54.726+0000] {processor.py:153} INFO - Started process (PID=1253) to work on /home/airflow/.local/lib/python3.7/site-packages/airflow/example_dags/example_sensors.py
[2025-02-08T22:13:54.728+0000] {processor.py:743} INFO - Processing file /home/airflow/.local/lib/python3.7/site-packages/airflow/example_dags/example_sensors.py for tasks to queue
[2025-02-08T22:13:54.729+0000] {logging_mixin.py:137} INFO - [2025-02-08T22:13:54.729+0000] {dagbag.py:538} INFO - Filling up the DagBag from /home/airflow/.local/lib/python3.7/site-packages/airflow/example_dags/example_sensors.py
[2025-02-08T22:13:54.758+0000] {processor.py:753} INFO - DAG(s) dict_keys(['example_sensors']) retrieved from /home/airflow/.local/lib/python3.7/site-packages/airflow/example_dags/example_sensors.py
[2025-02-08T22:13:54.792+0000] {logging_mixin.py:137} INFO - [2025-02-08T22:13:54.792+0000] {dag.py:2690} INFO - Sync 1 DAGs
[2025-02-08T22:13:54.826+0000] {logging_mixin.py:137} INFO - [2025-02-08T22:13:54.826+0000] {dag.py:3441} INFO - Setting next_dagrun for example_sensors to None, run_after=None
[2025-02-08T22:13:54.855+0000] {processor.py:175} INFO - Processing /home/airflow/.local/lib/python3.7/site-packages/airflow/example_dags/example_sensors.py took 0.135 seconds
[2025-02-08T22:14:26.417+0000] {processor.py:153} INFO - Started process (PID=1324) to work on /home/airflow/.local/lib/python3.7/site-packages/airflow/example_dags/example_sensors.py
[2025-02-08T22:14:26.420+0000] {processor.py:743} INFO - Processing file /home/airflow/.local/lib/python3.7/site-packages/airflow/example_dags/example_sensors.py for tasks to queue
[2025-02-08T22:14:26.426+0000] {logging_mixin.py:137} INFO - [2025-02-08T22:14:26.426+0000] {dagbag.py:538} INFO - Filling up the DagBag from /home/airflow/.local/lib/python3.7/site-packages/airflow/example_dags/example_sensors.py
[2025-02-08T22:14:26.501+0000] {processor.py:753} INFO - DAG(s) dict_keys(['example_sensors']) retrieved from /home/airflow/.local/lib/python3.7/site-packages/airflow/example_dags/example_sensors.py
[2025-02-08T22:14:26.633+0000] {logging_mixin.py:137} INFO - [2025-02-08T22:14:26.632+0000] {dag.py:2690} INFO - Sync 1 DAGs
[2025-02-08T22:14:26.752+0000] {logging_mixin.py:137} INFO - [2025-02-08T22:14:26.752+0000] {dag.py:3441} INFO - Setting next_dagrun for example_sensors to None, run_after=None
[2025-02-08T22:14:27.679+0000] {processor.py:175} INFO - Processing /home/airflow/.local/lib/python3.7/site-packages/airflow/example_dags/example_sensors.py took 1.279 seconds
[2025-02-08T22:14:57.945+0000] {processor.py:153} INFO - Started process (PID=1395) to work on /home/airflow/.local/lib/python3.7/site-packages/airflow/example_dags/example_sensors.py
[2025-02-08T22:14:57.946+0000] {processor.py:743} INFO - Processing file /home/airflow/.local/lib/python3.7/site-packages/airflow/example_dags/example_sensors.py for tasks to queue
[2025-02-08T22:14:57.947+0000] {logging_mixin.py:137} INFO - [2025-02-08T22:14:57.947+0000] {dagbag.py:538} INFO - Filling up the DagBag from /home/airflow/.local/lib/python3.7/site-packages/airflow/example_dags/example_sensors.py
[2025-02-08T22:14:57.966+0000] {processor.py:753} INFO - DAG(s) dict_keys(['example_sensors']) retrieved from /home/airflow/.local/lib/python3.7/site-packages/airflow/example_dags/example_sensors.py
[2025-02-08T22:14:57.995+0000] {logging_mixin.py:137} INFO - [2025-02-08T22:14:57.995+0000] {dag.py:2690} INFO - Sync 1 DAGs
[2025-02-08T22:14:58.028+0000] {logging_mixin.py:137} INFO - [2025-02-08T22:14:58.028+0000] {dag.py:3441} INFO - Setting next_dagrun for example_sensors to None, run_after=None
[2025-02-08T22:14:58.060+0000] {processor.py:175} INFO - Processing /home/airflow/.local/lib/python3.7/site-packages/airflow/example_dags/example_sensors.py took 0.119 seconds
[2025-02-08T22:15:28.194+0000] {processor.py:153} INFO - Started process (PID=1473) to work on /home/airflow/.local/lib/python3.7/site-packages/airflow/example_dags/example_sensors.py
[2025-02-08T22:15:28.195+0000] {processor.py:743} INFO - Processing file /home/airflow/.local/lib/python3.7/site-packages/airflow/example_dags/example_sensors.py for tasks to queue
[2025-02-08T22:15:28.196+0000] {logging_mixin.py:137} INFO - [2025-02-08T22:15:28.196+0000] {dagbag.py:538} INFO - Filling up the DagBag from /home/airflow/.local/lib/python3.7/site-packages/airflow/example_dags/example_sensors.py
[2025-02-08T22:15:28.213+0000] {processor.py:753} INFO - DAG(s) dict_keys(['example_sensors']) retrieved from /home/airflow/.local/lib/python3.7/site-packages/airflow/example_dags/example_sensors.py
[2025-02-08T22:15:28.241+0000] {logging_mixin.py:137} INFO - [2025-02-08T22:15:28.241+0000] {dag.py:2690} INFO - Sync 1 DAGs
[2025-02-08T22:15:28.265+0000] {logging_mixin.py:137} INFO - [2025-02-08T22:15:28.264+0000] {dag.py:3441} INFO - Setting next_dagrun for example_sensors to None, run_after=None
[2025-02-08T22:15:28.288+0000] {processor.py:175} INFO - Processing /home/airflow/.local/lib/python3.7/site-packages/airflow/example_dags/example_sensors.py took 0.097 seconds
[2025-02-08T22:15:58.606+0000] {processor.py:153} INFO - Started process (PID=1553) to work on /home/airflow/.local/lib/python3.7/site-packages/airflow/example_dags/example_sensors.py
[2025-02-08T22:15:58.607+0000] {processor.py:743} INFO - Processing file /home/airflow/.local/lib/python3.7/site-packages/airflow/example_dags/example_sensors.py for tasks to queue
[2025-02-08T22:15:58.608+0000] {logging_mixin.py:137} INFO - [2025-02-08T22:15:58.608+0000] {dagbag.py:538} INFO - Filling up the DagBag from /home/airflow/.local/lib/python3.7/site-packages/airflow/example_dags/example_sensors.py
[2025-02-08T22:15:58.629+0000] {processor.py:753} INFO - DAG(s) dict_keys(['example_sensors']) retrieved from /home/airflow/.local/lib/python3.7/site-packages/airflow/example_dags/example_sensors.py
[2025-02-08T22:15:58.662+0000] {logging_mixin.py:137} INFO - [2025-02-08T22:15:58.661+0000] {dag.py:2690} INFO - Sync 1 DAGs
[2025-02-08T22:15:58.692+0000] {logging_mixin.py:137} INFO - [2025-02-08T22:15:58.692+0000] {dag.py:3441} INFO - Setting next_dagrun for example_sensors to None, run_after=None
[2025-02-08T22:15:58.718+0000] {processor.py:175} INFO - Processing /home/airflow/.local/lib/python3.7/site-packages/airflow/example_dags/example_sensors.py took 0.116 seconds
[2025-02-08T22:16:28.826+0000] {processor.py:153} INFO - Started process (PID=1624) to work on /home/airflow/.local/lib/python3.7/site-packages/airflow/example_dags/example_sensors.py
[2025-02-08T22:16:28.827+0000] {processor.py:743} INFO - Processing file /home/airflow/.local/lib/python3.7/site-packages/airflow/example_dags/example_sensors.py for tasks to queue
[2025-02-08T22:16:28.828+0000] {logging_mixin.py:137} INFO - [2025-02-08T22:16:28.828+0000] {dagbag.py:538} INFO - Filling up the DagBag from /home/airflow/.local/lib/python3.7/site-packages/airflow/example_dags/example_sensors.py
[2025-02-08T22:16:28.845+0000] {processor.py:753} INFO - DAG(s) dict_keys(['example_sensors']) retrieved from /home/airflow/.local/lib/python3.7/site-packages/airflow/example_dags/example_sensors.py
[2025-02-08T22:16:28.872+0000] {logging_mixin.py:137} INFO - [2025-02-08T22:16:28.871+0000] {dag.py:2690} INFO - Sync 1 DAGs
[2025-02-08T22:16:28.893+0000] {logging_mixin.py:137} INFO - [2025-02-08T22:16:28.893+0000] {dag.py:3441} INFO - Setting next_dagrun for example_sensors to None, run_after=None
[2025-02-08T22:16:28.921+0000] {processor.py:175} INFO - Processing /home/airflow/.local/lib/python3.7/site-packages/airflow/example_dags/example_sensors.py took 0.098 seconds
[2025-02-08T22:16:59.284+0000] {processor.py:153} INFO - Started process (PID=1711) to work on /home/airflow/.local/lib/python3.7/site-packages/airflow/example_dags/example_sensors.py
[2025-02-08T22:16:59.285+0000] {processor.py:743} INFO - Processing file /home/airflow/.local/lib/python3.7/site-packages/airflow/example_dags/example_sensors.py for tasks to queue
[2025-02-08T22:16:59.286+0000] {logging_mixin.py:137} INFO - [2025-02-08T22:16:59.286+0000] {dagbag.py:538} INFO - Filling up the DagBag from /home/airflow/.local/lib/python3.7/site-packages/airflow/example_dags/example_sensors.py
[2025-02-08T22:16:59.302+0000] {processor.py:753} INFO - DAG(s) dict_keys(['example_sensors']) retrieved from /home/airflow/.local/lib/python3.7/site-packages/airflow/example_dags/example_sensors.py
[2025-02-08T22:16:59.329+0000] {logging_mixin.py:137} INFO - [2025-02-08T22:16:59.329+0000] {dag.py:2690} INFO - Sync 1 DAGs
[2025-02-08T22:16:59.351+0000] {logging_mixin.py:137} INFO - [2025-02-08T22:16:59.351+0000] {dag.py:3441} INFO - Setting next_dagrun for example_sensors to None, run_after=None
[2025-02-08T22:16:59.377+0000] {processor.py:175} INFO - Processing /home/airflow/.local/lib/python3.7/site-packages/airflow/example_dags/example_sensors.py took 0.095 seconds
[2025-02-08T22:17:29.937+0000] {processor.py:153} INFO - Started process (PID=1782) to work on /home/airflow/.local/lib/python3.7/site-packages/airflow/example_dags/example_sensors.py
[2025-02-08T22:17:29.938+0000] {processor.py:743} INFO - Processing file /home/airflow/.local/lib/python3.7/site-packages/airflow/example_dags/example_sensors.py for tasks to queue
[2025-02-08T22:17:29.939+0000] {logging_mixin.py:137} INFO - [2025-02-08T22:17:29.939+0000] {dagbag.py:538} INFO - Filling up the DagBag from /home/airflow/.local/lib/python3.7/site-packages/airflow/example_dags/example_sensors.py
[2025-02-08T22:17:29.959+0000] {processor.py:753} INFO - DAG(s) dict_keys(['example_sensors']) retrieved from /home/airflow/.local/lib/python3.7/site-packages/airflow/example_dags/example_sensors.py
[2025-02-08T22:17:29.992+0000] {logging_mixin.py:137} INFO - [2025-02-08T22:17:29.992+0000] {dag.py:2690} INFO - Sync 1 DAGs
[2025-02-08T22:17:30.017+0000] {logging_mixin.py:137} INFO - [2025-02-08T22:17:30.017+0000] {dag.py:3441} INFO - Setting next_dagrun for example_sensors to None, run_after=None
[2025-02-08T22:17:30.041+0000] {processor.py:175} INFO - Processing /home/airflow/.local/lib/python3.7/site-packages/airflow/example_dags/example_sensors.py took 0.108 seconds
[2025-02-08T22:18:00.253+0000] {processor.py:153} INFO - Started process (PID=1869) to work on /home/airflow/.local/lib/python3.7/site-packages/airflow/example_dags/example_sensors.py
[2025-02-08T22:18:00.254+0000] {processor.py:743} INFO - Processing file /home/airflow/.local/lib/python3.7/site-packages/airflow/example_dags/example_sensors.py for tasks to queue
[2025-02-08T22:18:00.255+0000] {logging_mixin.py:137} INFO - [2025-02-08T22:18:00.255+0000] {dagbag.py:538} INFO - Filling up the DagBag from /home/airflow/.local/lib/python3.7/site-packages/airflow/example_dags/example_sensors.py
[2025-02-08T22:18:00.276+0000] {processor.py:753} INFO - DAG(s) dict_keys(['example_sensors']) retrieved from /home/airflow/.local/lib/python3.7/site-packages/airflow/example_dags/example_sensors.py
[2025-02-08T22:18:00.311+0000] {logging_mixin.py:137} INFO - [2025-02-08T22:18:00.311+0000] {dag.py:2690} INFO - Sync 1 DAGs
[2025-02-08T22:18:00.337+0000] {logging_mixin.py:137} INFO - [2025-02-08T22:18:00.337+0000] {dag.py:3441} INFO - Setting next_dagrun for example_sensors to None, run_after=None
[2025-02-08T22:18:00.362+0000] {processor.py:175} INFO - Processing /home/airflow/.local/lib/python3.7/site-packages/airflow/example_dags/example_sensors.py took 0.114 seconds
[2025-02-08T22:18:31.086+0000] {processor.py:153} INFO - Started process (PID=1940) to work on /home/airflow/.local/lib/python3.7/site-packages/airflow/example_dags/example_sensors.py
[2025-02-08T22:18:31.087+0000] {processor.py:743} INFO - Processing file /home/airflow/.local/lib/python3.7/site-packages/airflow/example_dags/example_sensors.py for tasks to queue
[2025-02-08T22:18:31.088+0000] {logging_mixin.py:137} INFO - [2025-02-08T22:18:31.088+0000] {dagbag.py:538} INFO - Filling up the DagBag from /home/airflow/.local/lib/python3.7/site-packages/airflow/example_dags/example_sensors.py
[2025-02-08T22:18:31.109+0000] {processor.py:753} INFO - DAG(s) dict_keys(['example_sensors']) retrieved from /home/airflow/.local/lib/python3.7/site-packages/airflow/example_dags/example_sensors.py
[2025-02-08T22:18:31.142+0000] {logging_mixin.py:137} INFO - [2025-02-08T22:18:31.142+0000] {dag.py:2690} INFO - Sync 1 DAGs
[2025-02-08T22:18:31.170+0000] {logging_mixin.py:137} INFO - [2025-02-08T22:18:31.170+0000] {dag.py:3441} INFO - Setting next_dagrun for example_sensors to None, run_after=None
[2025-02-08T22:18:31.197+0000] {processor.py:175} INFO - Processing /home/airflow/.local/lib/python3.7/site-packages/airflow/example_dags/example_sensors.py took 0.115 seconds
[2025-02-08T22:19:01.810+0000] {processor.py:153} INFO - Started process (PID=2027) to work on /home/airflow/.local/lib/python3.7/site-packages/airflow/example_dags/example_sensors.py
[2025-02-08T22:19:01.812+0000] {processor.py:743} INFO - Processing file /home/airflow/.local/lib/python3.7/site-packages/airflow/example_dags/example_sensors.py for tasks to queue
[2025-02-08T22:19:01.814+0000] {logging_mixin.py:137} INFO - [2025-02-08T22:19:01.813+0000] {dagbag.py:538} INFO - Filling up the DagBag from /home/airflow/.local/lib/python3.7/site-packages/airflow/example_dags/example_sensors.py
[2025-02-08T22:19:01.862+0000] {processor.py:753} INFO - DAG(s) dict_keys(['example_sensors']) retrieved from /home/airflow/.local/lib/python3.7/site-packages/airflow/example_dags/example_sensors.py
[2025-02-08T22:19:01.923+0000] {logging_mixin.py:137} INFO - [2025-02-08T22:19:01.922+0000] {dag.py:2690} INFO - Sync 1 DAGs
[2025-02-08T22:19:01.973+0000] {logging_mixin.py:137} INFO - [2025-02-08T22:19:01.972+0000] {dag.py:3441} INFO - Setting next_dagrun for example_sensors to None, run_after=None
[2025-02-08T22:19:02.016+0000] {processor.py:175} INFO - Processing /home/airflow/.local/lib/python3.7/site-packages/airflow/example_dags/example_sensors.py took 0.211 seconds
[2025-02-08T22:19:32.932+0000] {processor.py:153} INFO - Started process (PID=2098) to work on /home/airflow/.local/lib/python3.7/site-packages/airflow/example_dags/example_sensors.py
[2025-02-08T22:19:32.935+0000] {processor.py:743} INFO - Processing file /home/airflow/.local/lib/python3.7/site-packages/airflow/example_dags/example_sensors.py for tasks to queue
[2025-02-08T22:19:32.943+0000] {logging_mixin.py:137} INFO - [2025-02-08T22:19:32.943+0000] {dagbag.py:538} INFO - Filling up the DagBag from /home/airflow/.local/lib/python3.7/site-packages/airflow/example_dags/example_sensors.py
[2025-02-08T22:19:33.035+0000] {processor.py:753} INFO - DAG(s) dict_keys(['example_sensors']) retrieved from /home/airflow/.local/lib/python3.7/site-packages/airflow/example_dags/example_sensors.py
[2025-02-08T22:19:33.099+0000] {logging_mixin.py:137} INFO - [2025-02-08T22:19:33.099+0000] {dag.py:2690} INFO - Sync 1 DAGs
[2025-02-08T22:19:33.179+0000] {logging_mixin.py:137} INFO - [2025-02-08T22:19:33.179+0000] {dag.py:3441} INFO - Setting next_dagrun for example_sensors to None, run_after=None
[2025-02-08T22:19:33.238+0000] {processor.py:175} INFO - Processing /home/airflow/.local/lib/python3.7/site-packages/airflow/example_dags/example_sensors.py took 0.313 seconds
[2025-02-08T22:20:03.360+0000] {processor.py:153} INFO - Started process (PID=2184) to work on /home/airflow/.local/lib/python3.7/site-packages/airflow/example_dags/example_sensors.py
[2025-02-08T22:20:03.362+0000] {processor.py:743} INFO - Processing file /home/airflow/.local/lib/python3.7/site-packages/airflow/example_dags/example_sensors.py for tasks to queue
[2025-02-08T22:20:03.363+0000] {logging_mixin.py:137} INFO - [2025-02-08T22:20:03.363+0000] {dagbag.py:538} INFO - Filling up the DagBag from /home/airflow/.local/lib/python3.7/site-packages/airflow/example_dags/example_sensors.py
[2025-02-08T22:20:03.395+0000] {processor.py:753} INFO - DAG(s) dict_keys(['example_sensors']) retrieved from /home/airflow/.local/lib/python3.7/site-packages/airflow/example_dags/example_sensors.py
[2025-02-08T22:20:03.457+0000] {logging_mixin.py:137} INFO - [2025-02-08T22:20:03.457+0000] {dag.py:2690} INFO - Sync 1 DAGs
[2025-02-08T22:20:03.502+0000] {logging_mixin.py:137} INFO - [2025-02-08T22:20:03.501+0000] {dag.py:3441} INFO - Setting next_dagrun for example_sensors to None, run_after=None
[2025-02-08T22:20:03.553+0000] {processor.py:175} INFO - Processing /home/airflow/.local/lib/python3.7/site-packages/airflow/example_dags/example_sensors.py took 0.201 seconds
[2025-02-08T22:20:33.715+0000] {processor.py:153} INFO - Started process (PID=2255) to work on /home/airflow/.local/lib/python3.7/site-packages/airflow/example_dags/example_sensors.py
[2025-02-08T22:20:33.716+0000] {processor.py:743} INFO - Processing file /home/airflow/.local/lib/python3.7/site-packages/airflow/example_dags/example_sensors.py for tasks to queue
[2025-02-08T22:20:33.717+0000] {logging_mixin.py:137} INFO - [2025-02-08T22:20:33.717+0000] {dagbag.py:538} INFO - Filling up the DagBag from /home/airflow/.local/lib/python3.7/site-packages/airflow/example_dags/example_sensors.py
[2025-02-08T22:20:33.735+0000] {processor.py:753} INFO - DAG(s) dict_keys(['example_sensors']) retrieved from /home/airflow/.local/lib/python3.7/site-packages/airflow/example_dags/example_sensors.py
[2025-02-08T22:20:33.770+0000] {logging_mixin.py:137} INFO - [2025-02-08T22:20:33.769+0000] {dag.py:2690} INFO - Sync 1 DAGs
[2025-02-08T22:20:33.797+0000] {logging_mixin.py:137} INFO - [2025-02-08T22:20:33.797+0000] {dag.py:3441} INFO - Setting next_dagrun for example_sensors to None, run_after=None
[2025-02-08T22:20:33.823+0000] {processor.py:175} INFO - Processing /home/airflow/.local/lib/python3.7/site-packages/airflow/example_dags/example_sensors.py took 0.112 seconds
[2025-02-08T22:21:03.996+0000] {processor.py:153} INFO - Started process (PID=2334) to work on /home/airflow/.local/lib/python3.7/site-packages/airflow/example_dags/example_sensors.py
[2025-02-08T22:21:03.997+0000] {processor.py:743} INFO - Processing file /home/airflow/.local/lib/python3.7/site-packages/airflow/example_dags/example_sensors.py for tasks to queue
[2025-02-08T22:21:03.998+0000] {logging_mixin.py:137} INFO - [2025-02-08T22:21:03.997+0000] {dagbag.py:538} INFO - Filling up the DagBag from /home/airflow/.local/lib/python3.7/site-packages/airflow/example_dags/example_sensors.py
[2025-02-08T22:21:04.016+0000] {processor.py:753} INFO - DAG(s) dict_keys(['example_sensors']) retrieved from /home/airflow/.local/lib/python3.7/site-packages/airflow/example_dags/example_sensors.py
[2025-02-08T22:21:04.045+0000] {logging_mixin.py:137} INFO - [2025-02-08T22:21:04.045+0000] {dag.py:2690} INFO - Sync 1 DAGs
[2025-02-08T22:21:04.071+0000] {logging_mixin.py:137} INFO - [2025-02-08T22:21:04.071+0000] {dag.py:3441} INFO - Setting next_dagrun for example_sensors to None, run_after=None
[2025-02-08T22:21:04.096+0000] {processor.py:175} INFO - Processing /home/airflow/.local/lib/python3.7/site-packages/airflow/example_dags/example_sensors.py took 0.103 seconds
[2025-02-08T22:21:34.775+0000] {processor.py:153} INFO - Started process (PID=2412) to work on /home/airflow/.local/lib/python3.7/site-packages/airflow/example_dags/example_sensors.py
[2025-02-08T22:21:34.776+0000] {processor.py:743} INFO - Processing file /home/airflow/.local/lib/python3.7/site-packages/airflow/example_dags/example_sensors.py for tasks to queue
[2025-02-08T22:21:34.777+0000] {logging_mixin.py:137} INFO - [2025-02-08T22:21:34.777+0000] {dagbag.py:538} INFO - Filling up the DagBag from /home/airflow/.local/lib/python3.7/site-packages/airflow/example_dags/example_sensors.py
[2025-02-08T22:21:34.799+0000] {processor.py:753} INFO - DAG(s) dict_keys(['example_sensors']) retrieved from /home/airflow/.local/lib/python3.7/site-packages/airflow/example_dags/example_sensors.py
[2025-02-08T22:21:34.833+0000] {logging_mixin.py:137} INFO - [2025-02-08T22:21:34.833+0000] {dag.py:2690} INFO - Sync 1 DAGs
[2025-02-08T22:21:34.864+0000] {logging_mixin.py:137} INFO - [2025-02-08T22:21:34.863+0000] {dag.py:3441} INFO - Setting next_dagrun for example_sensors to None, run_after=None
[2025-02-08T22:21:34.890+0000] {processor.py:175} INFO - Processing /home/airflow/.local/lib/python3.7/site-packages/airflow/example_dags/example_sensors.py took 0.119 seconds
[2025-02-08T22:22:05.010+0000] {processor.py:153} INFO - Started process (PID=2483) to work on /home/airflow/.local/lib/python3.7/site-packages/airflow/example_dags/example_sensors.py
[2025-02-08T22:22:05.011+0000] {processor.py:743} INFO - Processing file /home/airflow/.local/lib/python3.7/site-packages/airflow/example_dags/example_sensors.py for tasks to queue
[2025-02-08T22:22:05.012+0000] {logging_mixin.py:137} INFO - [2025-02-08T22:22:05.012+0000] {dagbag.py:538} INFO - Filling up the DagBag from /home/airflow/.local/lib/python3.7/site-packages/airflow/example_dags/example_sensors.py
[2025-02-08T22:22:05.030+0000] {processor.py:753} INFO - DAG(s) dict_keys(['example_sensors']) retrieved from /home/airflow/.local/lib/python3.7/site-packages/airflow/example_dags/example_sensors.py
[2025-02-08T22:22:05.060+0000] {logging_mixin.py:137} INFO - [2025-02-08T22:22:05.060+0000] {dag.py:2690} INFO - Sync 1 DAGs
[2025-02-08T22:22:05.084+0000] {logging_mixin.py:137} INFO - [2025-02-08T22:22:05.084+0000] {dag.py:3441} INFO - Setting next_dagrun for example_sensors to None, run_after=None
[2025-02-08T22:22:05.109+0000] {processor.py:175} INFO - Processing /home/airflow/.local/lib/python3.7/site-packages/airflow/example_dags/example_sensors.py took 0.101 seconds
[2025-02-08T22:22:35.509+0000] {processor.py:153} INFO - Started process (PID=2570) to work on /home/airflow/.local/lib/python3.7/site-packages/airflow/example_dags/example_sensors.py
[2025-02-08T22:22:35.511+0000] {processor.py:743} INFO - Processing file /home/airflow/.local/lib/python3.7/site-packages/airflow/example_dags/example_sensors.py for tasks to queue
[2025-02-08T22:22:35.512+0000] {logging_mixin.py:137} INFO - [2025-02-08T22:22:35.512+0000] {dagbag.py:538} INFO - Filling up the DagBag from /home/airflow/.local/lib/python3.7/site-packages/airflow/example_dags/example_sensors.py
[2025-02-08T22:22:35.534+0000] {processor.py:753} INFO - DAG(s) dict_keys(['example_sensors']) retrieved from /home/airflow/.local/lib/python3.7/site-packages/airflow/example_dags/example_sensors.py
[2025-02-08T22:22:35.568+0000] {logging_mixin.py:137} INFO - [2025-02-08T22:22:35.568+0000] {dag.py:2690} INFO - Sync 1 DAGs
[2025-02-08T22:22:35.598+0000] {logging_mixin.py:137} INFO - [2025-02-08T22:22:35.598+0000] {dag.py:3441} INFO - Setting next_dagrun for example_sensors to None, run_after=None
[2025-02-08T22:22:35.621+0000] {processor.py:175} INFO - Processing /home/airflow/.local/lib/python3.7/site-packages/airflow/example_dags/example_sensors.py took 0.115 seconds
[2025-02-08T22:23:06.238+0000] {processor.py:153} INFO - Started process (PID=2641) to work on /home/airflow/.local/lib/python3.7/site-packages/airflow/example_dags/example_sensors.py
[2025-02-08T22:23:06.240+0000] {processor.py:743} INFO - Processing file /home/airflow/.local/lib/python3.7/site-packages/airflow/example_dags/example_sensors.py for tasks to queue
[2025-02-08T22:23:06.241+0000] {logging_mixin.py:137} INFO - [2025-02-08T22:23:06.241+0000] {dagbag.py:538} INFO - Filling up the DagBag from /home/airflow/.local/lib/python3.7/site-packages/airflow/example_dags/example_sensors.py
[2025-02-08T22:23:06.274+0000] {processor.py:753} INFO - DAG(s) dict_keys(['example_sensors']) retrieved from /home/airflow/.local/lib/python3.7/site-packages/airflow/example_dags/example_sensors.py
[2025-02-08T22:23:06.316+0000] {logging_mixin.py:137} INFO - [2025-02-08T22:23:06.315+0000] {dag.py:2690} INFO - Sync 1 DAGs
[2025-02-08T22:23:06.365+0000] {logging_mixin.py:137} INFO - [2025-02-08T22:23:06.365+0000] {dag.py:3441} INFO - Setting next_dagrun for example_sensors to None, run_after=None
[2025-02-08T22:23:06.399+0000] {processor.py:175} INFO - Processing /home/airflow/.local/lib/python3.7/site-packages/airflow/example_dags/example_sensors.py took 0.168 seconds
[2025-02-08T22:23:36.780+0000] {processor.py:153} INFO - Started process (PID=2728) to work on /home/airflow/.local/lib/python3.7/site-packages/airflow/example_dags/example_sensors.py
[2025-02-08T22:23:36.782+0000] {processor.py:743} INFO - Processing file /home/airflow/.local/lib/python3.7/site-packages/airflow/example_dags/example_sensors.py for tasks to queue
[2025-02-08T22:23:36.784+0000] {logging_mixin.py:137} INFO - [2025-02-08T22:23:36.783+0000] {dagbag.py:538} INFO - Filling up the DagBag from /home/airflow/.local/lib/python3.7/site-packages/airflow/example_dags/example_sensors.py
[2025-02-08T22:23:36.817+0000] {processor.py:753} INFO - DAG(s) dict_keys(['example_sensors']) retrieved from /home/airflow/.local/lib/python3.7/site-packages/airflow/example_dags/example_sensors.py
[2025-02-08T22:23:36.869+0000] {logging_mixin.py:137} INFO - [2025-02-08T22:23:36.869+0000] {dag.py:2690} INFO - Sync 1 DAGs
[2025-02-08T22:23:36.923+0000] {logging_mixin.py:137} INFO - [2025-02-08T22:23:36.922+0000] {dag.py:3441} INFO - Setting next_dagrun for example_sensors to None, run_after=None
[2025-02-08T22:23:36.971+0000] {processor.py:175} INFO - Processing /home/airflow/.local/lib/python3.7/site-packages/airflow/example_dags/example_sensors.py took 0.198 seconds
[2025-02-08T22:24:07.639+0000] {processor.py:153} INFO - Started process (PID=2799) to work on /home/airflow/.local/lib/python3.7/site-packages/airflow/example_dags/example_sensors.py
[2025-02-08T22:24:07.641+0000] {processor.py:743} INFO - Processing file /home/airflow/.local/lib/python3.7/site-packages/airflow/example_dags/example_sensors.py for tasks to queue
[2025-02-08T22:24:07.643+0000] {logging_mixin.py:137} INFO - [2025-02-08T22:24:07.643+0000] {dagbag.py:538} INFO - Filling up the DagBag from /home/airflow/.local/lib/python3.7/site-packages/airflow/example_dags/example_sensors.py
[2025-02-08T22:24:07.675+0000] {processor.py:753} INFO - DAG(s) dict_keys(['example_sensors']) retrieved from /home/airflow/.local/lib/python3.7/site-packages/airflow/example_dags/example_sensors.py
[2025-02-08T22:24:07.726+0000] {logging_mixin.py:137} INFO - [2025-02-08T22:24:07.725+0000] {dag.py:2690} INFO - Sync 1 DAGs
[2025-02-08T22:24:07.791+0000] {logging_mixin.py:137} INFO - [2025-02-08T22:24:07.791+0000] {dag.py:3441} INFO - Setting next_dagrun for example_sensors to None, run_after=None
[2025-02-08T22:24:07.836+0000] {processor.py:175} INFO - Processing /home/airflow/.local/lib/python3.7/site-packages/airflow/example_dags/example_sensors.py took 0.201 seconds
[2025-02-08T22:24:39.536+0000] {processor.py:153} INFO - Started process (PID=2870) to work on /home/airflow/.local/lib/python3.7/site-packages/airflow/example_dags/example_sensors.py
[2025-02-08T22:24:39.538+0000] {processor.py:743} INFO - Processing file /home/airflow/.local/lib/python3.7/site-packages/airflow/example_dags/example_sensors.py for tasks to queue
[2025-02-08T22:24:39.539+0000] {logging_mixin.py:137} INFO - [2025-02-08T22:24:39.539+0000] {dagbag.py:538} INFO - Filling up the DagBag from /home/airflow/.local/lib/python3.7/site-packages/airflow/example_dags/example_sensors.py
[2025-02-08T22:24:39.577+0000] {processor.py:753} INFO - DAG(s) dict_keys(['example_sensors']) retrieved from /home/airflow/.local/lib/python3.7/site-packages/airflow/example_dags/example_sensors.py
[2025-02-08T22:24:39.638+0000] {logging_mixin.py:137} INFO - [2025-02-08T22:24:39.638+0000] {dag.py:2690} INFO - Sync 1 DAGs
[2025-02-08T22:24:39.699+0000] {logging_mixin.py:137} INFO - [2025-02-08T22:24:39.698+0000] {dag.py:3441} INFO - Setting next_dagrun for example_sensors to None, run_after=None
[2025-02-08T22:24:39.731+0000] {processor.py:175} INFO - Processing /home/airflow/.local/lib/python3.7/site-packages/airflow/example_dags/example_sensors.py took 0.199 seconds
[2025-02-08T22:25:10.029+0000] {processor.py:153} INFO - Started process (PID=2950) to work on /home/airflow/.local/lib/python3.7/site-packages/airflow/example_dags/example_sensors.py
[2025-02-08T22:25:10.031+0000] {processor.py:743} INFO - Processing file /home/airflow/.local/lib/python3.7/site-packages/airflow/example_dags/example_sensors.py for tasks to queue
[2025-02-08T22:25:10.032+0000] {logging_mixin.py:137} INFO - [2025-02-08T22:25:10.032+0000] {dagbag.py:538} INFO - Filling up the DagBag from /home/airflow/.local/lib/python3.7/site-packages/airflow/example_dags/example_sensors.py
[2025-02-08T22:25:10.064+0000] {processor.py:753} INFO - DAG(s) dict_keys(['example_sensors']) retrieved from /home/airflow/.local/lib/python3.7/site-packages/airflow/example_dags/example_sensors.py
[2025-02-08T22:25:10.114+0000] {logging_mixin.py:137} INFO - [2025-02-08T22:25:10.114+0000] {dag.py:2690} INFO - Sync 1 DAGs
[2025-02-08T22:25:10.162+0000] {logging_mixin.py:137} INFO - [2025-02-08T22:25:10.162+0000] {dag.py:3441} INFO - Setting next_dagrun for example_sensors to None, run_after=None
[2025-02-08T22:25:10.201+0000] {processor.py:175} INFO - Processing /home/airflow/.local/lib/python3.7/site-packages/airflow/example_dags/example_sensors.py took 0.178 seconds
[2025-02-08T22:25:40.312+0000] {processor.py:153} INFO - Started process (PID=3028) to work on /home/airflow/.local/lib/python3.7/site-packages/airflow/example_dags/example_sensors.py
[2025-02-08T22:25:40.313+0000] {processor.py:743} INFO - Processing file /home/airflow/.local/lib/python3.7/site-packages/airflow/example_dags/example_sensors.py for tasks to queue
[2025-02-08T22:25:40.314+0000] {logging_mixin.py:137} INFO - [2025-02-08T22:25:40.314+0000] {dagbag.py:538} INFO - Filling up the DagBag from /home/airflow/.local/lib/python3.7/site-packages/airflow/example_dags/example_sensors.py
[2025-02-08T22:25:40.343+0000] {processor.py:753} INFO - DAG(s) dict_keys(['example_sensors']) retrieved from /home/airflow/.local/lib/python3.7/site-packages/airflow/example_dags/example_sensors.py
[2025-02-08T22:25:40.390+0000] {logging_mixin.py:137} INFO - [2025-02-08T22:25:40.390+0000] {dag.py:2690} INFO - Sync 1 DAGs
[2025-02-08T22:25:40.447+0000] {logging_mixin.py:137} INFO - [2025-02-08T22:25:40.447+0000] {dag.py:3441} INFO - Setting next_dagrun for example_sensors to None, run_after=None
[2025-02-08T22:25:40.501+0000] {processor.py:175} INFO - Processing /home/airflow/.local/lib/python3.7/site-packages/airflow/example_dags/example_sensors.py took 0.194 seconds
[2025-02-08T22:26:10.727+0000] {processor.py:153} INFO - Started process (PID=3100) to work on /home/airflow/.local/lib/python3.7/site-packages/airflow/example_dags/example_sensors.py
[2025-02-08T22:26:10.729+0000] {processor.py:743} INFO - Processing file /home/airflow/.local/lib/python3.7/site-packages/airflow/example_dags/example_sensors.py for tasks to queue
[2025-02-08T22:26:10.730+0000] {logging_mixin.py:137} INFO - [2025-02-08T22:26:10.730+0000] {dagbag.py:538} INFO - Filling up the DagBag from /home/airflow/.local/lib/python3.7/site-packages/airflow/example_dags/example_sensors.py
[2025-02-08T22:26:10.761+0000] {processor.py:753} INFO - DAG(s) dict_keys(['example_sensors']) retrieved from /home/airflow/.local/lib/python3.7/site-packages/airflow/example_dags/example_sensors.py
[2025-02-08T22:26:10.808+0000] {logging_mixin.py:137} INFO - [2025-02-08T22:26:10.808+0000] {dag.py:2690} INFO - Sync 1 DAGs
[2025-02-08T22:26:10.850+0000] {logging_mixin.py:137} INFO - [2025-02-08T22:26:10.850+0000] {dag.py:3441} INFO - Setting next_dagrun for example_sensors to None, run_after=None
[2025-02-08T22:26:10.880+0000] {processor.py:175} INFO - Processing /home/airflow/.local/lib/python3.7/site-packages/airflow/example_dags/example_sensors.py took 0.158 seconds
[2025-02-08T22:26:41.148+0000] {processor.py:153} INFO - Started process (PID=3181) to work on /home/airflow/.local/lib/python3.7/site-packages/airflow/example_dags/example_sensors.py
[2025-02-08T22:26:41.149+0000] {processor.py:743} INFO - Processing file /home/airflow/.local/lib/python3.7/site-packages/airflow/example_dags/example_sensors.py for tasks to queue
[2025-02-08T22:26:41.150+0000] {logging_mixin.py:137} INFO - [2025-02-08T22:26:41.150+0000] {dagbag.py:538} INFO - Filling up the DagBag from /home/airflow/.local/lib/python3.7/site-packages/airflow/example_dags/example_sensors.py
[2025-02-08T22:26:41.168+0000] {processor.py:753} INFO - DAG(s) dict_keys(['example_sensors']) retrieved from /home/airflow/.local/lib/python3.7/site-packages/airflow/example_dags/example_sensors.py
[2025-02-08T22:26:41.195+0000] {logging_mixin.py:137} INFO - [2025-02-08T22:26:41.195+0000] {dag.py:2690} INFO - Sync 1 DAGs
[2025-02-08T22:26:41.224+0000] {logging_mixin.py:137} INFO - [2025-02-08T22:26:41.224+0000] {dag.py:3441} INFO - Setting next_dagrun for example_sensors to None, run_after=None
[2025-02-08T22:26:41.250+0000] {processor.py:175} INFO - Processing /home/airflow/.local/lib/python3.7/site-packages/airflow/example_dags/example_sensors.py took 0.105 seconds
[2025-02-08T22:27:12.390+0000] {processor.py:153} INFO - Started process (PID=3260) to work on /home/airflow/.local/lib/python3.7/site-packages/airflow/example_dags/example_sensors.py
[2025-02-08T22:27:12.391+0000] {processor.py:743} INFO - Processing file /home/airflow/.local/lib/python3.7/site-packages/airflow/example_dags/example_sensors.py for tasks to queue
[2025-02-08T22:27:12.393+0000] {logging_mixin.py:137} INFO - [2025-02-08T22:27:12.392+0000] {dagbag.py:538} INFO - Filling up the DagBag from /home/airflow/.local/lib/python3.7/site-packages/airflow/example_dags/example_sensors.py
[2025-02-08T22:27:12.425+0000] {processor.py:753} INFO - DAG(s) dict_keys(['example_sensors']) retrieved from /home/airflow/.local/lib/python3.7/site-packages/airflow/example_dags/example_sensors.py
[2025-02-08T22:27:12.467+0000] {logging_mixin.py:137} INFO - [2025-02-08T22:27:12.467+0000] {dag.py:2690} INFO - Sync 1 DAGs
[2025-02-08T22:27:12.507+0000] {logging_mixin.py:137} INFO - [2025-02-08T22:27:12.507+0000] {dag.py:3441} INFO - Setting next_dagrun for example_sensors to None, run_after=None
[2025-02-08T22:27:12.545+0000] {processor.py:175} INFO - Processing /home/airflow/.local/lib/python3.7/site-packages/airflow/example_dags/example_sensors.py took 0.160 seconds
[2025-02-08T22:27:43.295+0000] {processor.py:153} INFO - Started process (PID=3341) to work on /home/airflow/.local/lib/python3.7/site-packages/airflow/example_dags/example_sensors.py
[2025-02-08T22:27:43.297+0000] {processor.py:743} INFO - Processing file /home/airflow/.local/lib/python3.7/site-packages/airflow/example_dags/example_sensors.py for tasks to queue
[2025-02-08T22:27:43.298+0000] {logging_mixin.py:137} INFO - [2025-02-08T22:27:43.298+0000] {dagbag.py:538} INFO - Filling up the DagBag from /home/airflow/.local/lib/python3.7/site-packages/airflow/example_dags/example_sensors.py
[2025-02-08T22:27:43.328+0000] {processor.py:753} INFO - DAG(s) dict_keys(['example_sensors']) retrieved from /home/airflow/.local/lib/python3.7/site-packages/airflow/example_dags/example_sensors.py
[2025-02-08T22:27:43.371+0000] {logging_mixin.py:137} INFO - [2025-02-08T22:27:43.371+0000] {dag.py:2690} INFO - Sync 1 DAGs
[2025-02-08T22:27:43.410+0000] {logging_mixin.py:137} INFO - [2025-02-08T22:27:43.409+0000] {dag.py:3441} INFO - Setting next_dagrun for example_sensors to None, run_after=None
[2025-02-08T22:27:43.446+0000] {processor.py:175} INFO - Processing /home/airflow/.local/lib/python3.7/site-packages/airflow/example_dags/example_sensors.py took 0.158 seconds
