[2025-02-14T02:23:56.176+0000] {local_task_job_runner.py:123} INFO - ::group::Pre task execution logs
[2025-02-14T02:23:56.202+0000] {taskinstance.py:2613} INFO - Dependencies all met for dep_context=non-requeueable deps ti=<TaskInstance: dag_for_dbt_denormalize.Upload_data_to_s3 manual__2025-02-13T21:23:44-05:00 [queued]>
[2025-02-14T02:23:56.211+0000] {taskinstance.py:2613} INFO - Dependencies all met for dep_context=requeueable deps ti=<TaskInstance: dag_for_dbt_denormalize.Upload_data_to_s3 manual__2025-02-13T21:23:44-05:00 [queued]>
[2025-02-14T02:23:56.212+0000] {taskinstance.py:2866} INFO - Starting attempt 1 of 1
[2025-02-14T02:23:56.228+0000] {taskinstance.py:2889} INFO - Executing <Task(PythonOperator): Upload_data_to_s3> on 2025-02-14 02:23:44+00:00
[2025-02-14T02:23:56.235+0000] {warnings.py:112} WARNING - /home/***/.local/lib/python3.12/site-packages/***/task/task_runner/standard_task_runner.py:70: DeprecationWarning: This process (pid=171) is multi-threaded, use of fork() may lead to deadlocks in the child.
  pid = os.fork()

[2025-02-14T02:23:56.237+0000] {standard_task_runner.py:72} INFO - Started process 172 to run task
[2025-02-14T02:23:56.236+0000] {standard_task_runner.py:104} INFO - Running: ['***', 'tasks', 'run', 'dag_for_dbt_denormalize', 'Upload_data_to_s3', 'manual__2025-02-13T21:23:44-05:00', '--job-id', '324', '--raw', '--subdir', 'DAGS_FOLDER/denormalize_data_gad.py', '--cfg-path', '/tmp/tmp1cxellgj']
[2025-02-14T02:23:56.238+0000] {standard_task_runner.py:105} INFO - Job 324: Subtask Upload_data_to_s3
[2025-02-14T02:23:56.285+0000] {task_command.py:467} INFO - Running <TaskInstance: dag_for_dbt_denormalize.Upload_data_to_s3 manual__2025-02-13T21:23:44-05:00 [running]> on host 520ef09c550f
[2025-02-14T02:23:56.375+0000] {taskinstance.py:3132} INFO - Exporting env vars: AIRFLOW_CTX_DAG_OWNER='***' AIRFLOW_CTX_DAG_ID='dag_for_dbt_denormalize' AIRFLOW_CTX_TASK_ID='Upload_data_to_s3' AIRFLOW_CTX_EXECUTION_DATE='2025-02-14T02:23:44+00:00' AIRFLOW_CTX_TRY_NUMBER='1' AIRFLOW_CTX_DAG_RUN_ID='manual__2025-02-13T21:23:44-05:00'
[2025-02-14T02:23:56.376+0000] {taskinstance.py:731} INFO - ::endgroup::
[2025-02-14T02:24:39.908+0000] {logging_mixin.py:190} INFO - uploaded file sub.txt
[2025-02-14T02:24:54.488+0000] {logging_mixin.py:190} INFO - uploaded file pre.txt
[2025-02-14T02:25:36.995+0000] {local_task_job_runner.py:346} WARNING - State of this instance has been externally set to failed. Terminating instance.
[2025-02-14T02:25:37.033+0000] {local_task_job_runner.py:245} INFO - ::endgroup::
[2025-02-14T02:25:37.060+0000] {process_utils.py:132} INFO - Sending 15 to group 172. PIDs of all processes in the group: [172]
[2025-02-14T02:25:37.063+0000] {process_utils.py:87} INFO - Sending the signal 15 to group 172
[2025-02-14T02:25:37.070+0000] {taskinstance.py:3093} ERROR - Received SIGTERM. Terminating subprocesses.
[2025-02-14T02:25:38.199+0000] {taskinstance.py:340} INFO - ::group::Post task execution logs
[2025-02-14T02:25:38.303+0000] {process_utils.py:80} INFO - Process psutil.Process(pid=172, status='terminated', exitcode=0, started='02:23:55') (172) terminated with exit code 0
