[2025-02-09T20:53:42.335+0000] {local_task_job_runner.py:123} INFO - ::group::Pre task execution logs
[2025-02-09T20:53:42.439+0000] {taskinstance.py:2613} INFO - Dependencies all met for dep_context=non-requeueable deps ti=<TaskInstance: dag_to_scrape_and_upload.Upload_data_to_s3 manual__2025-02-09T20:53:32.746599+00:00 [queued]>
[2025-02-09T20:53:42.481+0000] {taskinstance.py:2613} INFO - Dependencies all met for dep_context=requeueable deps ti=<TaskInstance: dag_to_scrape_and_upload.Upload_data_to_s3 manual__2025-02-09T20:53:32.746599+00:00 [queued]>
[2025-02-09T20:53:42.483+0000] {taskinstance.py:2866} INFO - Starting attempt 1 of 1
[2025-02-09T20:53:42.542+0000] {taskinstance.py:2889} INFO - Executing <Task(PythonOperator): Upload_data_to_s3> on 2025-02-09 20:53:32.746599+00:00
[2025-02-09T20:53:42.564+0000] {warnings.py:112} WARNING - /home/***/.local/lib/python3.12/site-packages/***/task/task_runner/standard_task_runner.py:70: DeprecationWarning: This process (pid=767) is multi-threaded, use of fork() may lead to deadlocks in the child.
  pid = os.fork()

[2025-02-09T20:53:42.568+0000] {standard_task_runner.py:104} INFO - Running: ['***', 'tasks', 'run', 'dag_to_scrape_and_upload', 'Upload_data_to_s3', 'manual__2025-02-09T20:53:32.746599+00:00', '--job-id', '71', '--raw', '--subdir', 'DAGS_FOLDER/scrape_upload_dag.py', '--cfg-path', '/tmp/tmpthph7gt8']
[2025-02-09T20:53:42.585+0000] {standard_task_runner.py:72} INFO - Started process 768 to run task
[2025-02-09T20:53:42.585+0000] {standard_task_runner.py:105} INFO - Job 71: Subtask Upload_data_to_s3
[2025-02-09T20:53:43.083+0000] {task_command.py:467} INFO - Running <TaskInstance: dag_to_scrape_and_upload.Upload_data_to_s3 manual__2025-02-09T20:53:32.746599+00:00 [running]> on host 6a5177197bb5
[2025-02-09T20:53:43.645+0000] {taskinstance.py:3132} INFO - Exporting env vars: AIRFLOW_CTX_DAG_OWNER='***' AIRFLOW_CTX_DAG_ID='dag_to_scrape_and_upload' AIRFLOW_CTX_TASK_ID='Upload_data_to_s3' AIRFLOW_CTX_EXECUTION_DATE='2025-02-09T20:53:32.746599+00:00' AIRFLOW_CTX_TRY_NUMBER='1' AIRFLOW_CTX_DAG_RUN_ID='manual__2025-02-09T20:53:32.746599+00:00'
[2025-02-09T20:53:43.673+0000] {taskinstance.py:731} INFO - ::endgroup::
[2025-02-09T20:54:02.150+0000] {logging_mixin.py:190} INFO - uploaded file sub.txt
[2025-02-09T20:54:36.977+0000] {logging_mixin.py:190} INFO - uploaded file pre.txt
[2025-02-09T20:57:44.933+0000] {logging_mixin.py:190} INFO - uploaded file num.txt
[2025-02-09T20:57:52.092+0000] {logging_mixin.py:190} INFO - uploaded file tag.txt
[2025-02-09T20:57:52.313+0000] {logging_mixin.py:190} INFO - uploaded file readme.htm
[2025-02-09T20:57:52.330+0000] {python.py:240} INFO - Done. Returned value was: None
[2025-02-09T20:57:52.350+0000] {taskinstance.py:340} INFO - ::group::Post task execution logs
[2025-02-09T20:57:52.351+0000] {taskinstance.py:352} INFO - Marking task as SUCCESS. dag_id=dag_to_scrape_and_upload, task_id=Upload_data_to_s3, run_id=manual__2025-02-09T20:53:32.746599+00:00, execution_date=20250209T205332, start_date=20250209T205342, end_date=20250209T205752
[2025-02-09T20:57:52.437+0000] {local_task_job_runner.py:266} INFO - Task exited with return code 0
[2025-02-09T20:57:52.474+0000] {taskinstance.py:3895} INFO - 0 downstream tasks scheduled from follow-on schedule check
[2025-02-09T20:57:52.484+0000] {local_task_job_runner.py:245} INFO - ::endgroup::
